[2024-11-07T08:58:20.286-1100] {local_task_job_runner.py:123} INFO - ::group::Pre task execution logs
[2024-11-07T08:58:20.306-1100] {taskinstance.py:2613} INFO - Dependencies all met for dep_context=non-requeueable deps ti=<TaskInstance: extract_transform_clean_data.extract_postgresql_data manual__2024-11-07T19:58:08.280382+00:00 [queued]>
[2024-11-07T08:58:20.318-1100] {taskinstance.py:2613} INFO - Dependencies all met for dep_context=requeueable deps ti=<TaskInstance: extract_transform_clean_data.extract_postgresql_data manual__2024-11-07T19:58:08.280382+00:00 [queued]>
[2024-11-07T08:58:20.319-1100] {taskinstance.py:2866} INFO - Starting attempt 1 of 2
[2024-11-07T08:58:20.341-1100] {taskinstance.py:2889} INFO - Executing <Task(PythonOperator): extract_postgresql_data> on 2024-11-07 19:58:08.280382+00:00
[2024-11-07T08:58:20.355-1100] {standard_task_runner.py:72} INFO - Started process 317282 to run task
[2024-11-07T08:58:20.363-1100] {standard_task_runner.py:104} INFO - Running: ['airflow', 'tasks', 'run', 'extract_transform_clean_data', 'extract_postgresql_data', 'manual__2024-11-07T19:58:08.280382+00:00', '--job-id', '6', '--raw', '--subdir', 'DAGS_FOLDER/extract_transform_clean_data.py', '--cfg-path', '/tmp/tmp92_4lamt']
[2024-11-07T08:58:20.365-1100] {standard_task_runner.py:105} INFO - Job 6: Subtask extract_postgresql_data
[2024-11-07T08:58:20.432-1100] {task_command.py:467} INFO - Running <TaskInstance: extract_transform_clean_data.extract_postgresql_data manual__2024-11-07T19:58:08.280382+00:00 [running]> on host debian
[2024-11-07T08:58:20.527-1100] {taskinstance.py:3132} INFO - Exporting env vars: AIRFLOW_CTX_DAG_OWNER='airflow' AIRFLOW_CTX_DAG_ID='extract_transform_clean_data' AIRFLOW_CTX_TASK_ID='extract_postgresql_data' AIRFLOW_CTX_EXECUTION_DATE='2024-11-07T19:58:08.280382+00:00' AIRFLOW_CTX_TRY_NUMBER='1' AIRFLOW_CTX_DAG_RUN_ID='manual__2024-11-07T19:58:08.280382+00:00'
[2024-11-07T08:58:20.530-1100] {logging_mixin.py:190} INFO - Task instance is in running state
[2024-11-07T08:58:20.530-1100] {logging_mixin.py:190} INFO -  Previous state of the Task instance: queued
[2024-11-07T08:58:20.531-1100] {logging_mixin.py:190} INFO - Current task name:extract_postgresql_data state:running start_date:2024-11-07 19:58:20.307087+00:00
[2024-11-07T08:58:20.531-1100] {logging_mixin.py:190} INFO - Dag name:extract_transform_clean_data and current dag run status:running
[2024-11-07T08:58:20.531-1100] {taskinstance.py:731} INFO - ::endgroup::
[2024-11-07T08:58:20.561-1100] {logging_mixin.py:190} WARNING - /home/ouaillaamiri/Development/lsi_3/airflow/airflow/dags/extract_transform_clean_data.py:31 UserWarning: pandas only supports SQLAlchemy connectable (engine/connection) or database string URI or sqlite3 DBAPI2 connection. Other DBAPI2 objects are not tested. Please consider using SQLAlchemy.
[2024-11-07T08:58:20.574-1100] {logging_mixin.py:190} WARNING - /home/ouaillaamiri/Development/lsi_3/airflow/airflow/dags/extract_transform_clean_data.py:32 UserWarning: pandas only supports SQLAlchemy connectable (engine/connection) or database string URI or sqlite3 DBAPI2 connection. Other DBAPI2 objects are not tested. Please consider using SQLAlchemy.
[2024-11-07T08:58:20.580-1100] {logging_mixin.py:190} WARNING - /home/ouaillaamiri/Development/lsi_3/airflow/airflow/dags/extract_transform_clean_data.py:33 UserWarning: pandas only supports SQLAlchemy connectable (engine/connection) or database string URI or sqlite3 DBAPI2 connection. Other DBAPI2 objects are not tested. Please consider using SQLAlchemy.
[2024-11-07T08:58:20.584-1100] {python.py:240} INFO - Done. Returned value was: (Empty DataFrame
Columns: [user_id, name, email, city, birthdate]
Index: [], Empty DataFrame
Columns: [product_id, product_name, category, price]
Index: [], Empty DataFrame
Columns: [transaction_id, user_id, product_id, amount, transaction_date]
Index: [])
[2024-11-07T08:58:20.643-1100] {taskinstance.py:340} INFO - ::group::Post task execution logs
[2024-11-07T08:58:20.643-1100] {taskinstance.py:352} INFO - Marking task as SUCCESS. dag_id=extract_transform_clean_data, task_id=extract_postgresql_data, run_id=manual__2024-11-07T19:58:08.280382+00:00, execution_date=20241107T195808, start_date=20241107T195820, end_date=20241107T195820
[2024-11-07T08:58:20.656-1100] {logging_mixin.py:190} INFO - Task instance in success state
[2024-11-07T08:58:20.657-1100] {logging_mixin.py:190} INFO -  Previous state of the Task instance: running
[2024-11-07T08:58:20.657-1100] {logging_mixin.py:190} INFO - Dag name:extract_transform_clean_data queued_at:2024-11-07 19:58:08.328052+00:00
[2024-11-07T08:58:20.657-1100] {logging_mixin.py:190} INFO - Task hostname:debian operator:PythonOperator
[2024-11-07T08:58:20.697-1100] {local_task_job_runner.py:266} INFO - Task exited with return code 0
[2024-11-07T08:58:20.729-1100] {taskinstance.py:3895} INFO - 1 downstream tasks scheduled from follow-on schedule check
[2024-11-07T08:58:20.736-1100] {local_task_job_runner.py:245} INFO - ::endgroup::
