[2024-11-07T08:56:53.567-1100] {local_task_job_runner.py:123} INFO - ::group::Pre task execution logs
[2024-11-07T08:56:53.585-1100] {taskinstance.py:2613} INFO - Dependencies all met for dep_context=non-requeueable deps ti=<TaskInstance: hello_world_dag.print_hello_task scheduled__2024-11-06T00:00:00+00:00 [queued]>
[2024-11-07T08:56:53.595-1100] {taskinstance.py:2613} INFO - Dependencies all met for dep_context=requeueable deps ti=<TaskInstance: hello_world_dag.print_hello_task scheduled__2024-11-06T00:00:00+00:00 [queued]>
[2024-11-07T08:56:53.596-1100] {taskinstance.py:2866} INFO - Starting attempt 1 of 2
[2024-11-07T08:56:53.617-1100] {taskinstance.py:2889} INFO - Executing <Task(PythonOperator): print_hello_task> on 2024-11-06 00:00:00+00:00
[2024-11-07T08:56:53.633-1100] {standard_task_runner.py:72} INFO - Started process 316554 to run task
[2024-11-07T08:56:53.638-1100] {standard_task_runner.py:104} INFO - Running: ['airflow', 'tasks', 'run', 'hello_world_dag', 'print_hello_task', 'scheduled__2024-11-06T00:00:00+00:00', '--job-id', '3', '--raw', '--subdir', 'DAGS_FOLDER/hello_world_dag.py', '--cfg-path', '/tmp/tmpe8599v44']
[2024-11-07T08:56:53.639-1100] {standard_task_runner.py:105} INFO - Job 3: Subtask print_hello_task
[2024-11-07T08:56:53.700-1100] {task_command.py:467} INFO - Running <TaskInstance: hello_world_dag.print_hello_task scheduled__2024-11-06T00:00:00+00:00 [running]> on host debian
[2024-11-07T08:56:53.787-1100] {taskinstance.py:3132} INFO - Exporting env vars: AIRFLOW_CTX_DAG_OWNER='airflow' AIRFLOW_CTX_DAG_ID='hello_world_dag' AIRFLOW_CTX_TASK_ID='print_hello_task' AIRFLOW_CTX_EXECUTION_DATE='2024-11-06T00:00:00+00:00' AIRFLOW_CTX_TRY_NUMBER='1' AIRFLOW_CTX_DAG_RUN_ID='scheduled__2024-11-06T00:00:00+00:00'
[2024-11-07T08:56:53.789-1100] {logging_mixin.py:190} INFO - Task instance is in running state
[2024-11-07T08:56:53.790-1100] {logging_mixin.py:190} INFO -  Previous state of the Task instance: queued
[2024-11-07T08:56:53.790-1100] {logging_mixin.py:190} INFO - Current task name:print_hello_task state:running start_date:2024-11-07 19:56:53.585654+00:00
[2024-11-07T08:56:53.790-1100] {logging_mixin.py:190} INFO - Dag name:hello_world_dag and current dag run status:running
[2024-11-07T08:56:53.791-1100] {taskinstance.py:731} INFO - ::endgroup::
[2024-11-07T08:56:53.791-1100] {logging_mixin.py:190} INFO - Hello, World!
[2024-11-07T08:56:53.792-1100] {python.py:240} INFO - Done. Returned value was: None
[2024-11-07T08:56:53.800-1100] {taskinstance.py:340} INFO - ::group::Post task execution logs
[2024-11-07T08:56:53.800-1100] {taskinstance.py:352} INFO - Marking task as SUCCESS. dag_id=hello_world_dag, task_id=print_hello_task, run_id=scheduled__2024-11-06T00:00:00+00:00, execution_date=20241106T000000, start_date=20241107T195653, end_date=20241107T195653
[2024-11-07T08:56:53.813-1100] {logging_mixin.py:190} INFO - Task instance in success state
[2024-11-07T08:56:53.814-1100] {logging_mixin.py:190} INFO -  Previous state of the Task instance: running
[2024-11-07T08:56:53.815-1100] {logging_mixin.py:190} INFO - Dag name:hello_world_dag queued_at:2024-11-07 19:56:48.699378+00:00
[2024-11-07T08:56:53.815-1100] {logging_mixin.py:190} INFO - Task hostname:debian operator:PythonOperator
[2024-11-07T08:56:53.852-1100] {local_task_job_runner.py:266} INFO - Task exited with return code 0
[2024-11-07T08:56:53.869-1100] {taskinstance.py:3895} INFO - 0 downstream tasks scheduled from follow-on schedule check
[2024-11-07T08:56:53.870-1100] {local_task_job_runner.py:245} INFO - ::endgroup::
