[2024-11-07T09:22:03.315-1100] {local_task_job_runner.py:123} INFO - ::group::Pre task execution logs
[2024-11-07T09:22:03.325-1100] {taskinstance.py:2613} INFO - Dependencies all met for dep_context=non-requeueable deps ti=<TaskInstance: load_cleaned_data_to_mongodb.load_cleaned_data_to_mongodb scheduled__2024-11-06T00:00:00+00:00 [queued]>
[2024-11-07T09:22:03.332-1100] {taskinstance.py:2613} INFO - Dependencies all met for dep_context=requeueable deps ti=<TaskInstance: load_cleaned_data_to_mongodb.load_cleaned_data_to_mongodb scheduled__2024-11-06T00:00:00+00:00 [queued]>
[2024-11-07T09:22:03.332-1100] {taskinstance.py:2866} INFO - Starting attempt 1 of 2
[2024-11-07T09:22:03.345-1100] {taskinstance.py:2889} INFO - Executing <Task(PythonOperator): load_cleaned_data_to_mongodb> on 2024-11-06 00:00:00+00:00
[2024-11-07T09:22:03.353-1100] {standard_task_runner.py:72} INFO - Started process 328331 to run task
[2024-11-07T09:22:03.359-1100] {standard_task_runner.py:104} INFO - Running: ['airflow', 'tasks', 'run', 'load_cleaned_data_to_mongodb', 'load_cleaned_data_to_mongodb', 'scheduled__2024-11-06T00:00:00+00:00', '--job-id', '32', '--raw', '--subdir', 'DAGS_FOLDER/load_cleaned_data_to_mongodb.py', '--cfg-path', '/tmp/tmpx5ycw3b8']
[2024-11-07T09:22:03.360-1100] {standard_task_runner.py:105} INFO - Job 32: Subtask load_cleaned_data_to_mongodb
[2024-11-07T09:22:03.396-1100] {task_command.py:467} INFO - Running <TaskInstance: load_cleaned_data_to_mongodb.load_cleaned_data_to_mongodb scheduled__2024-11-06T00:00:00+00:00 [running]> on host debian
[2024-11-07T09:22:03.449-1100] {taskinstance.py:3132} INFO - Exporting env vars: AIRFLOW_CTX_DAG_OWNER='airflow' AIRFLOW_CTX_DAG_ID='load_cleaned_data_to_mongodb' AIRFLOW_CTX_TASK_ID='load_cleaned_data_to_mongodb' AIRFLOW_CTX_EXECUTION_DATE='2024-11-06T00:00:00+00:00' AIRFLOW_CTX_TRY_NUMBER='1' AIRFLOW_CTX_DAG_RUN_ID='scheduled__2024-11-06T00:00:00+00:00'
[2024-11-07T09:22:03.451-1100] {logging_mixin.py:190} INFO - Task instance is in running state
[2024-11-07T09:22:03.451-1100] {logging_mixin.py:190} INFO -  Previous state of the Task instance: queued
[2024-11-07T09:22:03.452-1100] {logging_mixin.py:190} INFO - Current task name:load_cleaned_data_to_mongodb state:running start_date:2024-11-07 20:22:03.326104+00:00
[2024-11-07T09:22:03.452-1100] {logging_mixin.py:190} INFO - Dag name:load_cleaned_data_to_mongodb and current dag run status:running
[2024-11-07T09:22:03.452-1100] {taskinstance.py:731} INFO - ::endgroup::
[2024-11-07T09:22:04.489-1100] {python.py:240} INFO - Done. Returned value was: None
[2024-11-07T09:22:04.495-1100] {taskinstance.py:340} INFO - ::group::Post task execution logs
[2024-11-07T09:22:04.496-1100] {taskinstance.py:352} INFO - Marking task as SUCCESS. dag_id=load_cleaned_data_to_mongodb, task_id=load_cleaned_data_to_mongodb, run_id=scheduled__2024-11-06T00:00:00+00:00, execution_date=20241106T000000, start_date=20241107T202203, end_date=20241107T202204
[2024-11-07T09:22:04.505-1100] {logging_mixin.py:190} INFO - Task instance in success state
[2024-11-07T09:22:04.506-1100] {logging_mixin.py:190} INFO -  Previous state of the Task instance: running
[2024-11-07T09:22:04.506-1100] {logging_mixin.py:190} INFO - Dag name:load_cleaned_data_to_mongodb queued_at:2024-11-07 20:07:38.168671+00:00
[2024-11-07T09:22:04.506-1100] {logging_mixin.py:190} INFO - Task hostname:debian operator:PythonOperator
[2024-11-07T09:22:04.532-1100] {local_task_job_runner.py:266} INFO - Task exited with return code 0
[2024-11-07T09:22:04.545-1100] {taskinstance.py:3895} INFO - 0 downstream tasks scheduled from follow-on schedule check
[2024-11-07T09:22:04.546-1100] {local_task_job_runner.py:245} INFO - ::endgroup::
