[2024-11-07T09:17:47.460-1100] {local_task_job_runner.py:123} INFO - ::group::Pre task execution logs
[2024-11-07T09:17:47.470-1100] {taskinstance.py:2613} INFO - Dependencies all met for dep_context=non-requeueable deps ti=<TaskInstance: extract_transform_clean_data.save_cleaned_data manual__2024-11-07T20:16:14.168811+00:00 [queued]>
[2024-11-07T09:17:47.476-1100] {taskinstance.py:2613} INFO - Dependencies all met for dep_context=requeueable deps ti=<TaskInstance: extract_transform_clean_data.save_cleaned_data manual__2024-11-07T20:16:14.168811+00:00 [queued]>
[2024-11-07T09:17:47.477-1100] {taskinstance.py:2866} INFO - Starting attempt 1 of 2
[2024-11-07T09:17:47.490-1100] {taskinstance.py:2889} INFO - Executing <Task(PythonOperator): save_cleaned_data> on 2024-11-07 20:16:14.168811+00:00
[2024-11-07T09:17:47.499-1100] {standard_task_runner.py:72} INFO - Started process 326292 to run task
[2024-11-07T09:17:47.506-1100] {standard_task_runner.py:104} INFO - Running: ['airflow', 'tasks', 'run', 'extract_transform_clean_data', 'save_cleaned_data', 'manual__2024-11-07T20:16:14.168811+00:00', '--job-id', '30', '--raw', '--subdir', 'DAGS_FOLDER/extract_transform_clean_data.py', '--cfg-path', '/tmp/tmpbqq70wuw']
[2024-11-07T09:17:47.508-1100] {standard_task_runner.py:105} INFO - Job 30: Subtask save_cleaned_data
[2024-11-07T09:17:47.560-1100] {task_command.py:467} INFO - Running <TaskInstance: extract_transform_clean_data.save_cleaned_data manual__2024-11-07T20:16:14.168811+00:00 [running]> on host debian
[2024-11-07T09:17:47.618-1100] {taskinstance.py:3132} INFO - Exporting env vars: AIRFLOW_CTX_DAG_OWNER='airflow' AIRFLOW_CTX_DAG_ID='extract_transform_clean_data' AIRFLOW_CTX_TASK_ID='save_cleaned_data' AIRFLOW_CTX_EXECUTION_DATE='2024-11-07T20:16:14.168811+00:00' AIRFLOW_CTX_TRY_NUMBER='1' AIRFLOW_CTX_DAG_RUN_ID='manual__2024-11-07T20:16:14.168811+00:00'
[2024-11-07T09:17:47.619-1100] {logging_mixin.py:190} INFO - Task instance is in running state
[2024-11-07T09:17:47.620-1100] {logging_mixin.py:190} INFO -  Previous state of the Task instance: queued
[2024-11-07T09:17:47.620-1100] {logging_mixin.py:190} INFO - Current task name:save_cleaned_data state:running start_date:2024-11-07 20:17:47.470715+00:00
[2024-11-07T09:17:47.620-1100] {logging_mixin.py:190} INFO - Dag name:extract_transform_clean_data and current dag run status:running
[2024-11-07T09:17:47.620-1100] {taskinstance.py:731} INFO - ::endgroup::
[2024-11-07T09:17:47.679-1100] {logging_mixin.py:190} WARNING - /home/ouaillaamiri/Development/lsi_3/airflow/airflow/dags/extract_transform_clean_data.py:92 FutureWarning: Passing literal json to 'read_json' is deprecated and will be removed in a future version. To read from a literal string, wrap it in a 'StringIO' object.
[2024-11-07T09:17:47.726-1100] {logging_mixin.py:190} WARNING - /home/ouaillaamiri/Development/lsi_3/airflow/airflow/dags/extract_transform_clean_data.py:92 FutureWarning: Passing literal json to 'read_json' is deprecated and will be removed in a future version. To read from a literal string, wrap it in a 'StringIO' object.
[2024-11-07T09:17:47.803-1100] {logging_mixin.py:190} WARNING - /home/ouaillaamiri/Development/lsi_3/airflow/airflow/dags/extract_transform_clean_data.py:92 FutureWarning: Passing literal json to 'read_json' is deprecated and will be removed in a future version. To read from a literal string, wrap it in a 'StringIO' object.
[2024-11-07T09:17:48.155-1100] {logging_mixin.py:190} INFO - Cleaned data saved to: {'users': '/home/ouaillaamiri/Development/lsi_3/airflow/data/temp/users_cleaned.csv', 'products': '/home/ouaillaamiri/Development/lsi_3/airflow/data/temp/products_cleaned.csv', 'transactions': '/home/ouaillaamiri/Development/lsi_3/airflow/data/temp/transactions_cleaned.csv'}
[2024-11-07T09:17:48.159-1100] {python.py:240} INFO - Done. Returned value was: {'users': '/home/ouaillaamiri/Development/lsi_3/airflow/data/temp/users_cleaned.csv', 'products': '/home/ouaillaamiri/Development/lsi_3/airflow/data/temp/products_cleaned.csv', 'transactions': '/home/ouaillaamiri/Development/lsi_3/airflow/data/temp/transactions_cleaned.csv'}
[2024-11-07T09:17:48.175-1100] {taskinstance.py:340} INFO - ::group::Post task execution logs
[2024-11-07T09:17:48.175-1100] {taskinstance.py:352} INFO - Marking task as SUCCESS. dag_id=extract_transform_clean_data, task_id=save_cleaned_data, run_id=manual__2024-11-07T20:16:14.168811+00:00, execution_date=20241107T201614, start_date=20241107T201747, end_date=20241107T201748
[2024-11-07T09:17:48.183-1100] {logging_mixin.py:190} INFO - Task instance in success state
[2024-11-07T09:17:48.184-1100] {logging_mixin.py:190} INFO -  Previous state of the Task instance: running
[2024-11-07T09:17:48.184-1100] {logging_mixin.py:190} INFO - Dag name:extract_transform_clean_data queued_at:2024-11-07 20:16:14.184273+00:00
[2024-11-07T09:17:48.184-1100] {logging_mixin.py:190} INFO - Task hostname:debian operator:PythonOperator
[2024-11-07T09:17:48.237-1100] {local_task_job_runner.py:266} INFO - Task exited with return code 0
[2024-11-07T09:17:48.261-1100] {taskinstance.py:3895} INFO - 0 downstream tasks scheduled from follow-on schedule check
[2024-11-07T09:17:48.263-1100] {local_task_job_runner.py:245} INFO - ::endgroup::
