[2024-11-06T10:53:20.165-1100] {processor.py:186} INFO - Started process (PID=218882) to work on /home/ouaillaamiri/Development/lsi_3/airflow/venv/lib/python3.11/site-packages/airflow/example_dags/subdags/subdag.py
[2024-11-06T10:53:20.168-1100] {processor.py:914} INFO - Processing file /home/ouaillaamiri/Development/lsi_3/airflow/venv/lib/python3.11/site-packages/airflow/example_dags/subdags/subdag.py for tasks to queue
[2024-11-06T10:53:20.174-1100] {logging_mixin.py:190} INFO - [2024-11-06T10:53:20.173-1100] {dagbag.py:588} INFO - Filling up the DagBag from /home/ouaillaamiri/Development/lsi_3/airflow/venv/lib/python3.11/site-packages/airflow/example_dags/subdags/subdag.py
[2024-11-06T10:53:20.180-1100] {processor.py:927} WARNING - No viable dags retrieved from /home/ouaillaamiri/Development/lsi_3/airflow/venv/lib/python3.11/site-packages/airflow/example_dags/subdags/subdag.py
[2024-11-06T10:53:20.246-1100] {processor.py:208} INFO - Processing /home/ouaillaamiri/Development/lsi_3/airflow/venv/lib/python3.11/site-packages/airflow/example_dags/subdags/subdag.py took 0.096 seconds
[2024-11-06T10:53:51.166-1100] {processor.py:186} INFO - Started process (PID=219732) to work on /home/ouaillaamiri/Development/lsi_3/airflow/venv/lib/python3.11/site-packages/airflow/example_dags/subdags/subdag.py
[2024-11-06T10:53:51.167-1100] {processor.py:914} INFO - Processing file /home/ouaillaamiri/Development/lsi_3/airflow/venv/lib/python3.11/site-packages/airflow/example_dags/subdags/subdag.py for tasks to queue
[2024-11-06T10:53:51.171-1100] {logging_mixin.py:190} INFO - [2024-11-06T10:53:51.171-1100] {dagbag.py:588} INFO - Filling up the DagBag from /home/ouaillaamiri/Development/lsi_3/airflow/venv/lib/python3.11/site-packages/airflow/example_dags/subdags/subdag.py
[2024-11-06T10:53:51.176-1100] {processor.py:927} WARNING - No viable dags retrieved from /home/ouaillaamiri/Development/lsi_3/airflow/venv/lib/python3.11/site-packages/airflow/example_dags/subdags/subdag.py
[2024-11-06T10:53:51.231-1100] {processor.py:208} INFO - Processing /home/ouaillaamiri/Development/lsi_3/airflow/venv/lib/python3.11/site-packages/airflow/example_dags/subdags/subdag.py took 0.077 seconds
[2024-11-06T10:54:21.942-1100] {processor.py:186} INFO - Started process (PID=220448) to work on /home/ouaillaamiri/Development/lsi_3/airflow/venv/lib/python3.11/site-packages/airflow/example_dags/subdags/subdag.py
[2024-11-06T10:54:21.944-1100] {processor.py:914} INFO - Processing file /home/ouaillaamiri/Development/lsi_3/airflow/venv/lib/python3.11/site-packages/airflow/example_dags/subdags/subdag.py for tasks to queue
[2024-11-06T10:54:21.948-1100] {logging_mixin.py:190} INFO - [2024-11-06T10:54:21.947-1100] {dagbag.py:588} INFO - Filling up the DagBag from /home/ouaillaamiri/Development/lsi_3/airflow/venv/lib/python3.11/site-packages/airflow/example_dags/subdags/subdag.py
[2024-11-06T10:54:21.952-1100] {processor.py:927} WARNING - No viable dags retrieved from /home/ouaillaamiri/Development/lsi_3/airflow/venv/lib/python3.11/site-packages/airflow/example_dags/subdags/subdag.py
[2024-11-06T10:54:21.996-1100] {processor.py:208} INFO - Processing /home/ouaillaamiri/Development/lsi_3/airflow/venv/lib/python3.11/site-packages/airflow/example_dags/subdags/subdag.py took 0.064 seconds
[2024-11-06T10:54:52.656-1100] {processor.py:186} INFO - Started process (PID=220812) to work on /home/ouaillaamiri/Development/lsi_3/airflow/venv/lib/python3.11/site-packages/airflow/example_dags/subdags/subdag.py
[2024-11-06T10:54:52.657-1100] {processor.py:914} INFO - Processing file /home/ouaillaamiri/Development/lsi_3/airflow/venv/lib/python3.11/site-packages/airflow/example_dags/subdags/subdag.py for tasks to queue
[2024-11-06T10:54:52.661-1100] {logging_mixin.py:190} INFO - [2024-11-06T10:54:52.661-1100] {dagbag.py:588} INFO - Filling up the DagBag from /home/ouaillaamiri/Development/lsi_3/airflow/venv/lib/python3.11/site-packages/airflow/example_dags/subdags/subdag.py
[2024-11-06T10:54:52.665-1100] {processor.py:927} WARNING - No viable dags retrieved from /home/ouaillaamiri/Development/lsi_3/airflow/venv/lib/python3.11/site-packages/airflow/example_dags/subdags/subdag.py
[2024-11-06T10:54:52.714-1100] {processor.py:208} INFO - Processing /home/ouaillaamiri/Development/lsi_3/airflow/venv/lib/python3.11/site-packages/airflow/example_dags/subdags/subdag.py took 0.068 seconds
[2024-11-06T10:55:23.040-1100] {processor.py:186} INFO - Started process (PID=221509) to work on /home/ouaillaamiri/Development/lsi_3/airflow/venv/lib/python3.11/site-packages/airflow/example_dags/subdags/subdag.py
[2024-11-06T10:55:23.042-1100] {processor.py:914} INFO - Processing file /home/ouaillaamiri/Development/lsi_3/airflow/venv/lib/python3.11/site-packages/airflow/example_dags/subdags/subdag.py for tasks to queue
[2024-11-06T10:55:23.047-1100] {logging_mixin.py:190} INFO - [2024-11-06T10:55:23.046-1100] {dagbag.py:588} INFO - Filling up the DagBag from /home/ouaillaamiri/Development/lsi_3/airflow/venv/lib/python3.11/site-packages/airflow/example_dags/subdags/subdag.py
[2024-11-06T10:55:23.052-1100] {processor.py:927} WARNING - No viable dags retrieved from /home/ouaillaamiri/Development/lsi_3/airflow/venv/lib/python3.11/site-packages/airflow/example_dags/subdags/subdag.py
[2024-11-06T10:55:23.104-1100] {processor.py:208} INFO - Processing /home/ouaillaamiri/Development/lsi_3/airflow/venv/lib/python3.11/site-packages/airflow/example_dags/subdags/subdag.py took 0.078 seconds
[2024-11-06T10:55:53.693-1100] {processor.py:186} INFO - Started process (PID=221878) to work on /home/ouaillaamiri/Development/lsi_3/airflow/venv/lib/python3.11/site-packages/airflow/example_dags/subdags/subdag.py
[2024-11-06T10:55:53.695-1100] {processor.py:914} INFO - Processing file /home/ouaillaamiri/Development/lsi_3/airflow/venv/lib/python3.11/site-packages/airflow/example_dags/subdags/subdag.py for tasks to queue
[2024-11-06T10:55:53.700-1100] {logging_mixin.py:190} INFO - [2024-11-06T10:55:53.699-1100] {dagbag.py:588} INFO - Filling up the DagBag from /home/ouaillaamiri/Development/lsi_3/airflow/venv/lib/python3.11/site-packages/airflow/example_dags/subdags/subdag.py
[2024-11-06T10:55:53.705-1100] {processor.py:927} WARNING - No viable dags retrieved from /home/ouaillaamiri/Development/lsi_3/airflow/venv/lib/python3.11/site-packages/airflow/example_dags/subdags/subdag.py
[2024-11-06T10:55:53.761-1100] {processor.py:208} INFO - Processing /home/ouaillaamiri/Development/lsi_3/airflow/venv/lib/python3.11/site-packages/airflow/example_dags/subdags/subdag.py took 0.080 seconds
[2024-11-06T10:56:40.217-1100] {processor.py:186} INFO - Started process (PID=222929) to work on /home/ouaillaamiri/Development/lsi_3/airflow/venv/lib/python3.11/site-packages/airflow/example_dags/subdags/subdag.py
[2024-11-06T10:56:40.218-1100] {processor.py:914} INFO - Processing file /home/ouaillaamiri/Development/lsi_3/airflow/venv/lib/python3.11/site-packages/airflow/example_dags/subdags/subdag.py for tasks to queue
[2024-11-06T10:56:40.223-1100] {logging_mixin.py:190} INFO - [2024-11-06T10:56:40.222-1100] {dagbag.py:588} INFO - Filling up the DagBag from /home/ouaillaamiri/Development/lsi_3/airflow/venv/lib/python3.11/site-packages/airflow/example_dags/subdags/subdag.py
[2024-11-06T10:56:40.227-1100] {processor.py:927} WARNING - No viable dags retrieved from /home/ouaillaamiri/Development/lsi_3/airflow/venv/lib/python3.11/site-packages/airflow/example_dags/subdags/subdag.py
[2024-11-06T10:56:40.272-1100] {processor.py:208} INFO - Processing /home/ouaillaamiri/Development/lsi_3/airflow/venv/lib/python3.11/site-packages/airflow/example_dags/subdags/subdag.py took 0.066 seconds
[2024-11-06T10:57:10.582-1100] {processor.py:186} INFO - Started process (PID=224099) to work on /home/ouaillaamiri/Development/lsi_3/airflow/venv/lib/python3.11/site-packages/airflow/example_dags/subdags/subdag.py
[2024-11-06T10:57:10.584-1100] {processor.py:914} INFO - Processing file /home/ouaillaamiri/Development/lsi_3/airflow/venv/lib/python3.11/site-packages/airflow/example_dags/subdags/subdag.py for tasks to queue
[2024-11-06T10:57:10.589-1100] {logging_mixin.py:190} INFO - [2024-11-06T10:57:10.588-1100] {dagbag.py:588} INFO - Filling up the DagBag from /home/ouaillaamiri/Development/lsi_3/airflow/venv/lib/python3.11/site-packages/airflow/example_dags/subdags/subdag.py
[2024-11-06T10:57:10.594-1100] {processor.py:927} WARNING - No viable dags retrieved from /home/ouaillaamiri/Development/lsi_3/airflow/venv/lib/python3.11/site-packages/airflow/example_dags/subdags/subdag.py
[2024-11-06T10:57:10.653-1100] {processor.py:208} INFO - Processing /home/ouaillaamiri/Development/lsi_3/airflow/venv/lib/python3.11/site-packages/airflow/example_dags/subdags/subdag.py took 0.084 seconds
[2024-11-06T10:57:40.730-1100] {processor.py:186} INFO - Started process (PID=224834) to work on /home/ouaillaamiri/Development/lsi_3/airflow/venv/lib/python3.11/site-packages/airflow/example_dags/subdags/subdag.py
[2024-11-06T10:57:40.733-1100] {processor.py:914} INFO - Processing file /home/ouaillaamiri/Development/lsi_3/airflow/venv/lib/python3.11/site-packages/airflow/example_dags/subdags/subdag.py for tasks to queue
[2024-11-06T10:57:40.736-1100] {logging_mixin.py:190} INFO - [2024-11-06T10:57:40.736-1100] {dagbag.py:588} INFO - Filling up the DagBag from /home/ouaillaamiri/Development/lsi_3/airflow/venv/lib/python3.11/site-packages/airflow/example_dags/subdags/subdag.py
[2024-11-06T10:57:40.739-1100] {processor.py:927} WARNING - No viable dags retrieved from /home/ouaillaamiri/Development/lsi_3/airflow/venv/lib/python3.11/site-packages/airflow/example_dags/subdags/subdag.py
[2024-11-06T10:57:40.787-1100] {processor.py:208} INFO - Processing /home/ouaillaamiri/Development/lsi_3/airflow/venv/lib/python3.11/site-packages/airflow/example_dags/subdags/subdag.py took 0.067 seconds
[2024-11-06T10:58:10.980-1100] {processor.py:186} INFO - Started process (PID=225541) to work on /home/ouaillaamiri/Development/lsi_3/airflow/venv/lib/python3.11/site-packages/airflow/example_dags/subdags/subdag.py
[2024-11-06T10:58:10.982-1100] {processor.py:914} INFO - Processing file /home/ouaillaamiri/Development/lsi_3/airflow/venv/lib/python3.11/site-packages/airflow/example_dags/subdags/subdag.py for tasks to queue
[2024-11-06T10:58:10.986-1100] {logging_mixin.py:190} INFO - [2024-11-06T10:58:10.985-1100] {dagbag.py:588} INFO - Filling up the DagBag from /home/ouaillaamiri/Development/lsi_3/airflow/venv/lib/python3.11/site-packages/airflow/example_dags/subdags/subdag.py
[2024-11-06T10:58:10.989-1100] {processor.py:927} WARNING - No viable dags retrieved from /home/ouaillaamiri/Development/lsi_3/airflow/venv/lib/python3.11/site-packages/airflow/example_dags/subdags/subdag.py
[2024-11-06T10:58:11.041-1100] {processor.py:208} INFO - Processing /home/ouaillaamiri/Development/lsi_3/airflow/venv/lib/python3.11/site-packages/airflow/example_dags/subdags/subdag.py took 0.073 seconds
[2024-11-06T10:58:41.459-1100] {processor.py:186} INFO - Started process (PID=226250) to work on /home/ouaillaamiri/Development/lsi_3/airflow/venv/lib/python3.11/site-packages/airflow/example_dags/subdags/subdag.py
[2024-11-06T10:58:41.461-1100] {processor.py:914} INFO - Processing file /home/ouaillaamiri/Development/lsi_3/airflow/venv/lib/python3.11/site-packages/airflow/example_dags/subdags/subdag.py for tasks to queue
[2024-11-06T10:58:41.466-1100] {logging_mixin.py:190} INFO - [2024-11-06T10:58:41.465-1100] {dagbag.py:588} INFO - Filling up the DagBag from /home/ouaillaamiri/Development/lsi_3/airflow/venv/lib/python3.11/site-packages/airflow/example_dags/subdags/subdag.py
[2024-11-06T10:58:41.471-1100] {processor.py:927} WARNING - No viable dags retrieved from /home/ouaillaamiri/Development/lsi_3/airflow/venv/lib/python3.11/site-packages/airflow/example_dags/subdags/subdag.py
[2024-11-06T10:58:41.551-1100] {processor.py:208} INFO - Processing /home/ouaillaamiri/Development/lsi_3/airflow/venv/lib/python3.11/site-packages/airflow/example_dags/subdags/subdag.py took 0.105 seconds
[2024-11-06T10:59:11.682-1100] {processor.py:186} INFO - Started process (PID=226958) to work on /home/ouaillaamiri/Development/lsi_3/airflow/venv/lib/python3.11/site-packages/airflow/example_dags/subdags/subdag.py
[2024-11-06T10:59:11.685-1100] {processor.py:914} INFO - Processing file /home/ouaillaamiri/Development/lsi_3/airflow/venv/lib/python3.11/site-packages/airflow/example_dags/subdags/subdag.py for tasks to queue
[2024-11-06T10:59:11.692-1100] {logging_mixin.py:190} INFO - [2024-11-06T10:59:11.691-1100] {dagbag.py:588} INFO - Filling up the DagBag from /home/ouaillaamiri/Development/lsi_3/airflow/venv/lib/python3.11/site-packages/airflow/example_dags/subdags/subdag.py
[2024-11-06T10:59:11.698-1100] {processor.py:927} WARNING - No viable dags retrieved from /home/ouaillaamiri/Development/lsi_3/airflow/venv/lib/python3.11/site-packages/airflow/example_dags/subdags/subdag.py
[2024-11-06T10:59:11.746-1100] {processor.py:208} INFO - Processing /home/ouaillaamiri/Development/lsi_3/airflow/venv/lib/python3.11/site-packages/airflow/example_dags/subdags/subdag.py took 0.081 seconds
[2024-11-06T10:59:42.213-1100] {processor.py:186} INFO - Started process (PID=227357) to work on /home/ouaillaamiri/Development/lsi_3/airflow/venv/lib/python3.11/site-packages/airflow/example_dags/subdags/subdag.py
[2024-11-06T10:59:42.215-1100] {processor.py:914} INFO - Processing file /home/ouaillaamiri/Development/lsi_3/airflow/venv/lib/python3.11/site-packages/airflow/example_dags/subdags/subdag.py for tasks to queue
[2024-11-06T10:59:42.218-1100] {logging_mixin.py:190} INFO - [2024-11-06T10:59:42.218-1100] {dagbag.py:588} INFO - Filling up the DagBag from /home/ouaillaamiri/Development/lsi_3/airflow/venv/lib/python3.11/site-packages/airflow/example_dags/subdags/subdag.py
[2024-11-06T10:59:42.222-1100] {processor.py:927} WARNING - No viable dags retrieved from /home/ouaillaamiri/Development/lsi_3/airflow/venv/lib/python3.11/site-packages/airflow/example_dags/subdags/subdag.py
[2024-11-06T10:59:42.261-1100] {processor.py:208} INFO - Processing /home/ouaillaamiri/Development/lsi_3/airflow/venv/lib/python3.11/site-packages/airflow/example_dags/subdags/subdag.py took 0.057 seconds
[2024-11-06T11:00:12.678-1100] {processor.py:186} INFO - Started process (PID=227746) to work on /home/ouaillaamiri/Development/lsi_3/airflow/venv/lib/python3.11/site-packages/airflow/example_dags/subdags/subdag.py
[2024-11-06T11:00:12.680-1100] {processor.py:914} INFO - Processing file /home/ouaillaamiri/Development/lsi_3/airflow/venv/lib/python3.11/site-packages/airflow/example_dags/subdags/subdag.py for tasks to queue
[2024-11-06T11:00:12.684-1100] {logging_mixin.py:190} INFO - [2024-11-06T11:00:12.684-1100] {dagbag.py:588} INFO - Filling up the DagBag from /home/ouaillaamiri/Development/lsi_3/airflow/venv/lib/python3.11/site-packages/airflow/example_dags/subdags/subdag.py
[2024-11-06T11:00:12.689-1100] {processor.py:927} WARNING - No viable dags retrieved from /home/ouaillaamiri/Development/lsi_3/airflow/venv/lib/python3.11/site-packages/airflow/example_dags/subdags/subdag.py
[2024-11-06T11:00:12.745-1100] {processor.py:208} INFO - Processing /home/ouaillaamiri/Development/lsi_3/airflow/venv/lib/python3.11/site-packages/airflow/example_dags/subdags/subdag.py took 0.080 seconds
[2024-11-06T11:00:51.579-1100] {processor.py:186} INFO - Started process (PID=228411) to work on /home/ouaillaamiri/Development/lsi_3/airflow/venv/lib/python3.11/site-packages/airflow/example_dags/subdags/subdag.py
[2024-11-06T11:00:51.581-1100] {processor.py:914} INFO - Processing file /home/ouaillaamiri/Development/lsi_3/airflow/venv/lib/python3.11/site-packages/airflow/example_dags/subdags/subdag.py for tasks to queue
[2024-11-06T11:00:51.586-1100] {logging_mixin.py:190} INFO - [2024-11-06T11:00:51.585-1100] {dagbag.py:588} INFO - Filling up the DagBag from /home/ouaillaamiri/Development/lsi_3/airflow/venv/lib/python3.11/site-packages/airflow/example_dags/subdags/subdag.py
[2024-11-06T11:00:51.590-1100] {processor.py:927} WARNING - No viable dags retrieved from /home/ouaillaamiri/Development/lsi_3/airflow/venv/lib/python3.11/site-packages/airflow/example_dags/subdags/subdag.py
[2024-11-06T11:00:51.642-1100] {processor.py:208} INFO - Processing /home/ouaillaamiri/Development/lsi_3/airflow/venv/lib/python3.11/site-packages/airflow/example_dags/subdags/subdag.py took 0.073 seconds
[2024-11-06T11:01:21.883-1100] {processor.py:186} INFO - Started process (PID=229147) to work on /home/ouaillaamiri/Development/lsi_3/airflow/venv/lib/python3.11/site-packages/airflow/example_dags/subdags/subdag.py
[2024-11-06T11:01:21.885-1100] {processor.py:914} INFO - Processing file /home/ouaillaamiri/Development/lsi_3/airflow/venv/lib/python3.11/site-packages/airflow/example_dags/subdags/subdag.py for tasks to queue
[2024-11-06T11:01:21.889-1100] {logging_mixin.py:190} INFO - [2024-11-06T11:01:21.888-1100] {dagbag.py:588} INFO - Filling up the DagBag from /home/ouaillaamiri/Development/lsi_3/airflow/venv/lib/python3.11/site-packages/airflow/example_dags/subdags/subdag.py
[2024-11-06T11:01:21.894-1100] {processor.py:927} WARNING - No viable dags retrieved from /home/ouaillaamiri/Development/lsi_3/airflow/venv/lib/python3.11/site-packages/airflow/example_dags/subdags/subdag.py
[2024-11-06T11:01:21.941-1100] {processor.py:208} INFO - Processing /home/ouaillaamiri/Development/lsi_3/airflow/venv/lib/python3.11/site-packages/airflow/example_dags/subdags/subdag.py took 0.070 seconds
[2024-11-06T11:01:52.176-1100] {processor.py:186} INFO - Started process (PID=229519) to work on /home/ouaillaamiri/Development/lsi_3/airflow/venv/lib/python3.11/site-packages/airflow/example_dags/subdags/subdag.py
[2024-11-06T11:01:52.178-1100] {processor.py:914} INFO - Processing file /home/ouaillaamiri/Development/lsi_3/airflow/venv/lib/python3.11/site-packages/airflow/example_dags/subdags/subdag.py for tasks to queue
[2024-11-06T11:01:52.182-1100] {logging_mixin.py:190} INFO - [2024-11-06T11:01:52.181-1100] {dagbag.py:588} INFO - Filling up the DagBag from /home/ouaillaamiri/Development/lsi_3/airflow/venv/lib/python3.11/site-packages/airflow/example_dags/subdags/subdag.py
[2024-11-06T11:01:52.185-1100] {processor.py:927} WARNING - No viable dags retrieved from /home/ouaillaamiri/Development/lsi_3/airflow/venv/lib/python3.11/site-packages/airflow/example_dags/subdags/subdag.py
[2024-11-06T11:01:52.222-1100] {processor.py:208} INFO - Processing /home/ouaillaamiri/Development/lsi_3/airflow/venv/lib/python3.11/site-packages/airflow/example_dags/subdags/subdag.py took 0.057 seconds
[2024-11-06T11:02:22.747-1100] {processor.py:186} INFO - Started process (PID=229952) to work on /home/ouaillaamiri/Development/lsi_3/airflow/venv/lib/python3.11/site-packages/airflow/example_dags/subdags/subdag.py
[2024-11-06T11:02:22.751-1100] {processor.py:914} INFO - Processing file /home/ouaillaamiri/Development/lsi_3/airflow/venv/lib/python3.11/site-packages/airflow/example_dags/subdags/subdag.py for tasks to queue
[2024-11-06T11:02:22.756-1100] {logging_mixin.py:190} INFO - [2024-11-06T11:02:22.756-1100] {dagbag.py:588} INFO - Filling up the DagBag from /home/ouaillaamiri/Development/lsi_3/airflow/venv/lib/python3.11/site-packages/airflow/example_dags/subdags/subdag.py
[2024-11-06T11:02:22.760-1100] {processor.py:927} WARNING - No viable dags retrieved from /home/ouaillaamiri/Development/lsi_3/airflow/venv/lib/python3.11/site-packages/airflow/example_dags/subdags/subdag.py
[2024-11-06T11:02:22.808-1100] {processor.py:208} INFO - Processing /home/ouaillaamiri/Development/lsi_3/airflow/venv/lib/python3.11/site-packages/airflow/example_dags/subdags/subdag.py took 0.081 seconds
[2024-11-06T11:02:53.229-1100] {processor.py:186} INFO - Started process (PID=231094) to work on /home/ouaillaamiri/Development/lsi_3/airflow/venv/lib/python3.11/site-packages/airflow/example_dags/subdags/subdag.py
[2024-11-06T11:02:53.230-1100] {processor.py:914} INFO - Processing file /home/ouaillaamiri/Development/lsi_3/airflow/venv/lib/python3.11/site-packages/airflow/example_dags/subdags/subdag.py for tasks to queue
[2024-11-06T11:02:53.234-1100] {logging_mixin.py:190} INFO - [2024-11-06T11:02:53.234-1100] {dagbag.py:588} INFO - Filling up the DagBag from /home/ouaillaamiri/Development/lsi_3/airflow/venv/lib/python3.11/site-packages/airflow/example_dags/subdags/subdag.py
[2024-11-06T11:02:53.237-1100] {processor.py:927} WARNING - No viable dags retrieved from /home/ouaillaamiri/Development/lsi_3/airflow/venv/lib/python3.11/site-packages/airflow/example_dags/subdags/subdag.py
[2024-11-06T11:02:53.282-1100] {processor.py:208} INFO - Processing /home/ouaillaamiri/Development/lsi_3/airflow/venv/lib/python3.11/site-packages/airflow/example_dags/subdags/subdag.py took 0.063 seconds
[2024-11-06T11:03:23.484-1100] {processor.py:186} INFO - Started process (PID=231460) to work on /home/ouaillaamiri/Development/lsi_3/airflow/venv/lib/python3.11/site-packages/airflow/example_dags/subdags/subdag.py
[2024-11-06T11:03:23.485-1100] {processor.py:914} INFO - Processing file /home/ouaillaamiri/Development/lsi_3/airflow/venv/lib/python3.11/site-packages/airflow/example_dags/subdags/subdag.py for tasks to queue
[2024-11-06T11:03:23.489-1100] {logging_mixin.py:190} INFO - [2024-11-06T11:03:23.489-1100] {dagbag.py:588} INFO - Filling up the DagBag from /home/ouaillaamiri/Development/lsi_3/airflow/venv/lib/python3.11/site-packages/airflow/example_dags/subdags/subdag.py
[2024-11-06T11:03:23.494-1100] {processor.py:927} WARNING - No viable dags retrieved from /home/ouaillaamiri/Development/lsi_3/airflow/venv/lib/python3.11/site-packages/airflow/example_dags/subdags/subdag.py
[2024-11-06T11:03:23.544-1100] {processor.py:208} INFO - Processing /home/ouaillaamiri/Development/lsi_3/airflow/venv/lib/python3.11/site-packages/airflow/example_dags/subdags/subdag.py took 0.072 seconds
[2024-11-06T11:03:54.024-1100] {processor.py:186} INFO - Started process (PID=232135) to work on /home/ouaillaamiri/Development/lsi_3/airflow/venv/lib/python3.11/site-packages/airflow/example_dags/subdags/subdag.py
[2024-11-06T11:03:54.025-1100] {processor.py:914} INFO - Processing file /home/ouaillaamiri/Development/lsi_3/airflow/venv/lib/python3.11/site-packages/airflow/example_dags/subdags/subdag.py for tasks to queue
[2024-11-06T11:03:54.029-1100] {logging_mixin.py:190} INFO - [2024-11-06T11:03:54.028-1100] {dagbag.py:588} INFO - Filling up the DagBag from /home/ouaillaamiri/Development/lsi_3/airflow/venv/lib/python3.11/site-packages/airflow/example_dags/subdags/subdag.py
[2024-11-06T11:03:54.032-1100] {processor.py:927} WARNING - No viable dags retrieved from /home/ouaillaamiri/Development/lsi_3/airflow/venv/lib/python3.11/site-packages/airflow/example_dags/subdags/subdag.py
[2024-11-06T11:03:54.071-1100] {processor.py:208} INFO - Processing /home/ouaillaamiri/Development/lsi_3/airflow/venv/lib/python3.11/site-packages/airflow/example_dags/subdags/subdag.py took 0.057 seconds
[2024-11-06T11:04:24.553-1100] {processor.py:186} INFO - Started process (PID=232499) to work on /home/ouaillaamiri/Development/lsi_3/airflow/venv/lib/python3.11/site-packages/airflow/example_dags/subdags/subdag.py
[2024-11-06T11:04:24.555-1100] {processor.py:914} INFO - Processing file /home/ouaillaamiri/Development/lsi_3/airflow/venv/lib/python3.11/site-packages/airflow/example_dags/subdags/subdag.py for tasks to queue
[2024-11-06T11:04:24.560-1100] {logging_mixin.py:190} INFO - [2024-11-06T11:04:24.559-1100] {dagbag.py:588} INFO - Filling up the DagBag from /home/ouaillaamiri/Development/lsi_3/airflow/venv/lib/python3.11/site-packages/airflow/example_dags/subdags/subdag.py
[2024-11-06T11:04:24.564-1100] {processor.py:927} WARNING - No viable dags retrieved from /home/ouaillaamiri/Development/lsi_3/airflow/venv/lib/python3.11/site-packages/airflow/example_dags/subdags/subdag.py
[2024-11-06T11:04:24.612-1100] {processor.py:208} INFO - Processing /home/ouaillaamiri/Development/lsi_3/airflow/venv/lib/python3.11/site-packages/airflow/example_dags/subdags/subdag.py took 0.071 seconds
