[2024-11-07T09:17:21.980-1100] {local_task_job_runner.py:123} INFO - ::group::Pre task execution logs
[2024-11-07T09:17:21.988-1100] {taskinstance.py:2613} INFO - Dependencies all met for dep_context=non-requeueable deps ti=<TaskInstance: extract_transform_clean_data.extract_postgresql_data manual__2024-11-07T20:16:14.168811+00:00 [queued]>
[2024-11-07T09:17:21.996-1100] {taskinstance.py:2613} INFO - Dependencies all met for dep_context=requeueable deps ti=<TaskInstance: extract_transform_clean_data.extract_postgresql_data manual__2024-11-07T20:16:14.168811+00:00 [queued]>
[2024-11-07T09:17:21.996-1100] {taskinstance.py:2866} INFO - Starting attempt 1 of 2
[2024-11-07T09:17:22.009-1100] {taskinstance.py:2889} INFO - Executing <Task(PythonOperator): extract_postgresql_data> on 2024-11-07 20:16:14.168811+00:00
[2024-11-07T09:17:22.018-1100] {standard_task_runner.py:72} INFO - Started process 325960 to run task
[2024-11-07T09:17:22.025-1100] {standard_task_runner.py:104} INFO - Running: ['airflow', 'tasks', 'run', 'extract_transform_clean_data', 'extract_postgresql_data', 'manual__2024-11-07T20:16:14.168811+00:00', '--job-id', '25', '--raw', '--subdir', 'DAGS_FOLDER/extract_transform_clean_data.py', '--cfg-path', '/tmp/tmpmrmh802o']
[2024-11-07T09:17:22.028-1100] {standard_task_runner.py:105} INFO - Job 25: Subtask extract_postgresql_data
[2024-11-07T09:17:22.088-1100] {task_command.py:467} INFO - Running <TaskInstance: extract_transform_clean_data.extract_postgresql_data manual__2024-11-07T20:16:14.168811+00:00 [running]> on host debian
[2024-11-07T09:17:22.158-1100] {taskinstance.py:3132} INFO - Exporting env vars: AIRFLOW_CTX_DAG_OWNER='airflow' AIRFLOW_CTX_DAG_ID='extract_transform_clean_data' AIRFLOW_CTX_TASK_ID='extract_postgresql_data' AIRFLOW_CTX_EXECUTION_DATE='2024-11-07T20:16:14.168811+00:00' AIRFLOW_CTX_TRY_NUMBER='1' AIRFLOW_CTX_DAG_RUN_ID='manual__2024-11-07T20:16:14.168811+00:00'
[2024-11-07T09:17:22.159-1100] {logging_mixin.py:190} INFO - Task instance is in running state
[2024-11-07T09:17:22.160-1100] {logging_mixin.py:190} INFO -  Previous state of the Task instance: queued
[2024-11-07T09:17:22.160-1100] {logging_mixin.py:190} INFO - Current task name:extract_postgresql_data state:running start_date:2024-11-07 20:17:21.988747+00:00
[2024-11-07T09:17:22.161-1100] {logging_mixin.py:190} INFO - Dag name:extract_transform_clean_data and current dag run status:running
[2024-11-07T09:17:22.161-1100] {taskinstance.py:731} INFO - ::endgroup::
[2024-11-07T09:17:22.188-1100] {logging_mixin.py:190} WARNING - /home/ouaillaamiri/Development/lsi_3/airflow/airflow/dags/extract_transform_clean_data.py:26 UserWarning: pandas only supports SQLAlchemy connectable (engine/connection) or database string URI or sqlite3 DBAPI2 connection. Other DBAPI2 objects are not tested. Please consider using SQLAlchemy.
[2024-11-07T09:17:22.199-1100] {logging_mixin.py:190} WARNING - /home/ouaillaamiri/Development/lsi_3/airflow/airflow/dags/extract_transform_clean_data.py:27 UserWarning: pandas only supports SQLAlchemy connectable (engine/connection) or database string URI or sqlite3 DBAPI2 connection. Other DBAPI2 objects are not tested. Please consider using SQLAlchemy.
[2024-11-07T09:17:22.203-1100] {logging_mixin.py:190} WARNING - /home/ouaillaamiri/Development/lsi_3/airflow/airflow/dags/extract_transform_clean_data.py:28 UserWarning: pandas only supports SQLAlchemy connectable (engine/connection) or database string URI or sqlite3 DBAPI2 connection. Other DBAPI2 objects are not tested. Please consider using SQLAlchemy.
[2024-11-07T09:17:22.205-1100] {python.py:240} INFO - Done. Returned value was: {'users': '{"columns":["user_id","name","email","city","birthdate"],"index":[],"data":[]}', 'products': '{"columns":["product_id","product_name","category","price"],"index":[],"data":[]}', 'transactions': '{"columns":["transaction_id","user_id","product_id","amount","transaction_date"],"index":[],"data":[]}'}
[2024-11-07T09:17:22.225-1100] {taskinstance.py:340} INFO - ::group::Post task execution logs
[2024-11-07T09:17:22.226-1100] {taskinstance.py:352} INFO - Marking task as SUCCESS. dag_id=extract_transform_clean_data, task_id=extract_postgresql_data, run_id=manual__2024-11-07T20:16:14.168811+00:00, execution_date=20241107T201614, start_date=20241107T201721, end_date=20241107T201722
[2024-11-07T09:17:22.237-1100] {logging_mixin.py:190} INFO - Task instance in success state
[2024-11-07T09:17:22.238-1100] {logging_mixin.py:190} INFO -  Previous state of the Task instance: running
[2024-11-07T09:17:22.238-1100] {logging_mixin.py:190} INFO - Dag name:extract_transform_clean_data queued_at:2024-11-07 20:16:14.184273+00:00
[2024-11-07T09:17:22.238-1100] {logging_mixin.py:190} INFO - Task hostname:debian operator:PythonOperator
[2024-11-07T09:17:22.274-1100] {local_task_job_runner.py:266} INFO - Task exited with return code 0
[2024-11-07T09:17:22.296-1100] {taskinstance.py:3895} INFO - 0 downstream tasks scheduled from follow-on schedule check
[2024-11-07T09:17:22.297-1100] {local_task_job_runner.py:245} INFO - ::endgroup::
