[2024-11-09T08:23:23.208+0100] {processor.py:186} INFO - Started process (PID=65774) to work on /home/hajar/.local/lib/python3.10/site-packages/airflow/example_dags/example_sensor_decorator.py
[2024-11-09T08:23:23.212+0100] {processor.py:914} INFO - Processing file /home/hajar/.local/lib/python3.10/site-packages/airflow/example_dags/example_sensor_decorator.py for tasks to queue
[2024-11-09T08:23:23.223+0100] {logging_mixin.py:190} INFO - [2024-11-09T08:23:23.221+0100] {dagbag.py:588} INFO - Filling up the DagBag from /home/hajar/.local/lib/python3.10/site-packages/airflow/example_dags/example_sensor_decorator.py
[2024-11-09T08:23:23.270+0100] {processor.py:925} INFO - DAG(s) 'example_sensor_decorator' retrieved from /home/hajar/.local/lib/python3.10/site-packages/airflow/example_dags/example_sensor_decorator.py
[2024-11-09T08:23:23.693+0100] {logging_mixin.py:190} INFO - [2024-11-09T08:23:23.691+0100] {override.py:1911} INFO - Created Permission View: can delete on DAG:example_sensor_decorator
[2024-11-09T08:23:23.739+0100] {logging_mixin.py:190} INFO - [2024-11-09T08:23:23.737+0100] {override.py:1911} INFO - Created Permission View: can edit on DAG:example_sensor_decorator
[2024-11-09T08:23:23.773+0100] {logging_mixin.py:190} INFO - [2024-11-09T08:23:23.771+0100] {override.py:1911} INFO - Created Permission View: can read on DAG:example_sensor_decorator
[2024-11-09T08:23:23.814+0100] {logging_mixin.py:190} INFO - [2024-11-09T08:23:23.812+0100] {override.py:1911} INFO - Created Permission View: can delete on DAG Run:example_sensor_decorator
[2024-11-09T08:23:23.843+0100] {logging_mixin.py:190} INFO - [2024-11-09T08:23:23.842+0100] {override.py:1911} INFO - Created Permission View: can create on DAG Run:example_sensor_decorator
[2024-11-09T08:23:23.871+0100] {logging_mixin.py:190} INFO - [2024-11-09T08:23:23.870+0100] {override.py:1911} INFO - Created Permission View: menu access on DAG Run:example_sensor_decorator
[2024-11-09T08:23:23.897+0100] {logging_mixin.py:190} INFO - [2024-11-09T08:23:23.896+0100] {override.py:1911} INFO - Created Permission View: can read on DAG Run:example_sensor_decorator
[2024-11-09T08:23:23.899+0100] {logging_mixin.py:190} INFO - [2024-11-09T08:23:23.898+0100] {dag.py:3239} INFO - Sync 1 DAGs
[2024-11-09T08:23:23.941+0100] {logging_mixin.py:190} INFO - [2024-11-09T08:23:23.941+0100] {dag.py:3262} INFO - Creating ORM DAG for example_sensor_decorator
[2024-11-09T08:23:23.943+0100] {logging_mixin.py:190} INFO - [2024-11-09T08:23:23.943+0100] {dag.py:4180} INFO - Setting next_dagrun for example_sensor_decorator to None, run_after=None
[2024-11-09T08:23:24.002+0100] {processor.py:208} INFO - Processing /home/hajar/.local/lib/python3.10/site-packages/airflow/example_dags/example_sensor_decorator.py took 0.827 seconds
[2024-11-09T08:25:05.839+0100] {processor.py:186} INFO - Started process (PID=67132) to work on /home/hajar/.local/lib/python3.10/site-packages/airflow/example_dags/example_sensor_decorator.py
[2024-11-09T08:25:05.843+0100] {processor.py:914} INFO - Processing file /home/hajar/.local/lib/python3.10/site-packages/airflow/example_dags/example_sensor_decorator.py for tasks to queue
[2024-11-09T08:25:05.851+0100] {logging_mixin.py:190} INFO - [2024-11-09T08:25:05.849+0100] {dagbag.py:588} INFO - Filling up the DagBag from /home/hajar/.local/lib/python3.10/site-packages/airflow/example_dags/example_sensor_decorator.py
[2024-11-09T08:25:05.888+0100] {processor.py:925} INFO - DAG(s) 'example_sensor_decorator' retrieved from /home/hajar/.local/lib/python3.10/site-packages/airflow/example_dags/example_sensor_decorator.py
[2024-11-09T08:25:05.956+0100] {logging_mixin.py:190} INFO - [2024-11-09T08:25:05.955+0100] {dag.py:3239} INFO - Sync 1 DAGs
[2024-11-09T08:25:06.025+0100] {logging_mixin.py:190} INFO - [2024-11-09T08:25:06.024+0100] {dag.py:4180} INFO - Setting next_dagrun for example_sensor_decorator to None, run_after=None
[2024-11-09T08:25:06.130+0100] {processor.py:208} INFO - Processing /home/hajar/.local/lib/python3.10/site-packages/airflow/example_dags/example_sensor_decorator.py took 0.316 seconds
[2024-11-09T08:26:52.711+0100] {processor.py:186} INFO - Started process (PID=68909) to work on /home/hajar/.local/lib/python3.10/site-packages/airflow/example_dags/example_sensor_decorator.py
[2024-11-09T08:26:52.716+0100] {processor.py:914} INFO - Processing file /home/hajar/.local/lib/python3.10/site-packages/airflow/example_dags/example_sensor_decorator.py for tasks to queue
[2024-11-09T08:26:52.727+0100] {logging_mixin.py:190} INFO - [2024-11-09T08:26:52.725+0100] {dagbag.py:588} INFO - Filling up the DagBag from /home/hajar/.local/lib/python3.10/site-packages/airflow/example_dags/example_sensor_decorator.py
[2024-11-09T08:26:52.768+0100] {processor.py:925} INFO - DAG(s) 'example_sensor_decorator' retrieved from /home/hajar/.local/lib/python3.10/site-packages/airflow/example_dags/example_sensor_decorator.py
[2024-11-09T08:26:52.825+0100] {logging_mixin.py:190} INFO - [2024-11-09T08:26:52.824+0100] {dag.py:3239} INFO - Sync 1 DAGs
[2024-11-09T08:26:52.876+0100] {logging_mixin.py:190} INFO - [2024-11-09T08:26:52.875+0100] {dag.py:4180} INFO - Setting next_dagrun for example_sensor_decorator to None, run_after=None
[2024-11-09T08:26:52.945+0100] {processor.py:208} INFO - Processing /home/hajar/.local/lib/python3.10/site-packages/airflow/example_dags/example_sensor_decorator.py took 0.265 seconds
[2024-11-09T08:28:14.235+0100] {processor.py:186} INFO - Started process (PID=70025) to work on /home/hajar/.local/lib/python3.10/site-packages/airflow/example_dags/example_sensor_decorator.py
[2024-11-09T08:28:14.239+0100] {processor.py:914} INFO - Processing file /home/hajar/.local/lib/python3.10/site-packages/airflow/example_dags/example_sensor_decorator.py for tasks to queue
[2024-11-09T08:28:14.247+0100] {logging_mixin.py:190} INFO - [2024-11-09T08:28:14.245+0100] {dagbag.py:588} INFO - Filling up the DagBag from /home/hajar/.local/lib/python3.10/site-packages/airflow/example_dags/example_sensor_decorator.py
[2024-11-09T08:28:14.281+0100] {processor.py:925} INFO - DAG(s) 'example_sensor_decorator' retrieved from /home/hajar/.local/lib/python3.10/site-packages/airflow/example_dags/example_sensor_decorator.py
[2024-11-09T08:28:14.333+0100] {logging_mixin.py:190} INFO - [2024-11-09T08:28:14.332+0100] {dag.py:3239} INFO - Sync 1 DAGs
[2024-11-09T08:28:14.383+0100] {logging_mixin.py:190} INFO - [2024-11-09T08:28:14.382+0100] {dag.py:4180} INFO - Setting next_dagrun for example_sensor_decorator to None, run_after=None
[2024-11-09T08:28:14.456+0100] {processor.py:208} INFO - Processing /home/hajar/.local/lib/python3.10/site-packages/airflow/example_dags/example_sensor_decorator.py took 0.249 seconds
[2024-11-09T08:28:54.215+0100] {processor.py:186} INFO - Started process (PID=70748) to work on /home/hajar/.local/lib/python3.10/site-packages/airflow/example_dags/example_sensor_decorator.py
[2024-11-09T08:28:54.226+0100] {processor.py:914} INFO - Processing file /home/hajar/.local/lib/python3.10/site-packages/airflow/example_dags/example_sensor_decorator.py for tasks to queue
[2024-11-09T08:28:54.233+0100] {logging_mixin.py:190} INFO - [2024-11-09T08:28:54.232+0100] {dagbag.py:588} INFO - Filling up the DagBag from /home/hajar/.local/lib/python3.10/site-packages/airflow/example_dags/example_sensor_decorator.py
[2024-11-09T08:28:54.265+0100] {processor.py:925} INFO - DAG(s) 'example_sensor_decorator' retrieved from /home/hajar/.local/lib/python3.10/site-packages/airflow/example_dags/example_sensor_decorator.py
[2024-11-09T08:28:54.310+0100] {logging_mixin.py:190} INFO - [2024-11-09T08:28:54.309+0100] {dag.py:3239} INFO - Sync 1 DAGs
[2024-11-09T08:28:54.352+0100] {logging_mixin.py:190} INFO - [2024-11-09T08:28:54.351+0100] {dag.py:4180} INFO - Setting next_dagrun for example_sensor_decorator to None, run_after=None
[2024-11-09T08:28:54.422+0100] {processor.py:208} INFO - Processing /home/hajar/.local/lib/python3.10/site-packages/airflow/example_dags/example_sensor_decorator.py took 0.227 seconds
[2024-11-09T08:29:57.981+0100] {processor.py:186} INFO - Started process (PID=71687) to work on /home/hajar/.local/lib/python3.10/site-packages/airflow/example_dags/example_sensor_decorator.py
[2024-11-09T08:29:57.992+0100] {processor.py:914} INFO - Processing file /home/hajar/.local/lib/python3.10/site-packages/airflow/example_dags/example_sensor_decorator.py for tasks to queue
[2024-11-09T08:29:58.001+0100] {logging_mixin.py:190} INFO - [2024-11-09T08:29:57.999+0100] {dagbag.py:588} INFO - Filling up the DagBag from /home/hajar/.local/lib/python3.10/site-packages/airflow/example_dags/example_sensor_decorator.py
[2024-11-09T08:29:58.032+0100] {processor.py:925} INFO - DAG(s) 'example_sensor_decorator' retrieved from /home/hajar/.local/lib/python3.10/site-packages/airflow/example_dags/example_sensor_decorator.py
[2024-11-09T08:29:58.081+0100] {logging_mixin.py:190} INFO - [2024-11-09T08:29:58.081+0100] {dag.py:3239} INFO - Sync 1 DAGs
[2024-11-09T08:29:58.125+0100] {logging_mixin.py:190} INFO - [2024-11-09T08:29:58.124+0100] {dag.py:4180} INFO - Setting next_dagrun for example_sensor_decorator to None, run_after=None
[2024-11-09T08:29:58.196+0100] {processor.py:208} INFO - Processing /home/hajar/.local/lib/python3.10/site-packages/airflow/example_dags/example_sensor_decorator.py took 0.237 seconds
[2024-11-09T08:30:14.949+0100] {processor.py:186} INFO - Started process (PID=71929) to work on /home/hajar/.local/lib/python3.10/site-packages/airflow/example_dags/example_sensor_decorator.py
[2024-11-09T08:30:14.960+0100] {processor.py:914} INFO - Processing file /home/hajar/.local/lib/python3.10/site-packages/airflow/example_dags/example_sensor_decorator.py for tasks to queue
[2024-11-09T08:30:14.967+0100] {logging_mixin.py:190} INFO - [2024-11-09T08:30:14.966+0100] {dagbag.py:588} INFO - Filling up the DagBag from /home/hajar/.local/lib/python3.10/site-packages/airflow/example_dags/example_sensor_decorator.py
[2024-11-09T08:30:14.997+0100] {processor.py:925} INFO - DAG(s) 'example_sensor_decorator' retrieved from /home/hajar/.local/lib/python3.10/site-packages/airflow/example_dags/example_sensor_decorator.py
[2024-11-09T08:30:15.050+0100] {logging_mixin.py:190} INFO - [2024-11-09T08:30:15.049+0100] {dag.py:3239} INFO - Sync 1 DAGs
[2024-11-09T08:30:15.096+0100] {logging_mixin.py:190} INFO - [2024-11-09T08:30:15.095+0100] {dag.py:4180} INFO - Setting next_dagrun for example_sensor_decorator to None, run_after=None
[2024-11-09T08:30:15.173+0100] {processor.py:208} INFO - Processing /home/hajar/.local/lib/python3.10/site-packages/airflow/example_dags/example_sensor_decorator.py took 0.246 seconds
[2024-11-09T08:31:39.249+0100] {processor.py:186} INFO - Started process (PID=72926) to work on /home/hajar/.local/lib/python3.10/site-packages/airflow/example_dags/example_sensor_decorator.py
[2024-11-09T08:31:39.252+0100] {processor.py:914} INFO - Processing file /home/hajar/.local/lib/python3.10/site-packages/airflow/example_dags/example_sensor_decorator.py for tasks to queue
[2024-11-09T08:31:39.260+0100] {logging_mixin.py:190} INFO - [2024-11-09T08:31:39.258+0100] {dagbag.py:588} INFO - Filling up the DagBag from /home/hajar/.local/lib/python3.10/site-packages/airflow/example_dags/example_sensor_decorator.py
[2024-11-09T08:31:39.289+0100] {processor.py:925} INFO - DAG(s) 'example_sensor_decorator' retrieved from /home/hajar/.local/lib/python3.10/site-packages/airflow/example_dags/example_sensor_decorator.py
[2024-11-09T08:31:39.337+0100] {logging_mixin.py:190} INFO - [2024-11-09T08:31:39.336+0100] {dag.py:3239} INFO - Sync 1 DAGs
[2024-11-09T08:31:39.382+0100] {logging_mixin.py:190} INFO - [2024-11-09T08:31:39.382+0100] {dag.py:4180} INFO - Setting next_dagrun for example_sensor_decorator to None, run_after=None
[2024-11-09T08:31:39.452+0100] {processor.py:208} INFO - Processing /home/hajar/.local/lib/python3.10/site-packages/airflow/example_dags/example_sensor_decorator.py took 0.227 seconds
[2024-11-09T08:31:59.434+0100] {processor.py:186} INFO - Started process (PID=73142) to work on /home/hajar/.local/lib/python3.10/site-packages/airflow/example_dags/example_sensor_decorator.py
[2024-11-09T08:31:59.437+0100] {processor.py:914} INFO - Processing file /home/hajar/.local/lib/python3.10/site-packages/airflow/example_dags/example_sensor_decorator.py for tasks to queue
[2024-11-09T08:31:59.445+0100] {logging_mixin.py:190} INFO - [2024-11-09T08:31:59.443+0100] {dagbag.py:588} INFO - Filling up the DagBag from /home/hajar/.local/lib/python3.10/site-packages/airflow/example_dags/example_sensor_decorator.py
[2024-11-09T08:31:59.474+0100] {processor.py:925} INFO - DAG(s) 'example_sensor_decorator' retrieved from /home/hajar/.local/lib/python3.10/site-packages/airflow/example_dags/example_sensor_decorator.py
[2024-11-09T08:31:59.524+0100] {logging_mixin.py:190} INFO - [2024-11-09T08:31:59.523+0100] {dag.py:3239} INFO - Sync 1 DAGs
[2024-11-09T08:31:59.571+0100] {logging_mixin.py:190} INFO - [2024-11-09T08:31:59.570+0100] {dag.py:4180} INFO - Setting next_dagrun for example_sensor_decorator to None, run_after=None
[2024-11-09T08:31:59.637+0100] {processor.py:208} INFO - Processing /home/hajar/.local/lib/python3.10/site-packages/airflow/example_dags/example_sensor_decorator.py took 0.224 seconds
[2024-11-09T08:33:16.846+0100] {processor.py:186} INFO - Started process (PID=74040) to work on /home/hajar/.local/lib/python3.10/site-packages/airflow/example_dags/example_sensor_decorator.py
[2024-11-09T08:33:16.850+0100] {processor.py:914} INFO - Processing file /home/hajar/.local/lib/python3.10/site-packages/airflow/example_dags/example_sensor_decorator.py for tasks to queue
[2024-11-09T08:33:16.858+0100] {logging_mixin.py:190} INFO - [2024-11-09T08:33:16.856+0100] {dagbag.py:588} INFO - Filling up the DagBag from /home/hajar/.local/lib/python3.10/site-packages/airflow/example_dags/example_sensor_decorator.py
[2024-11-09T08:33:16.888+0100] {processor.py:925} INFO - DAG(s) 'example_sensor_decorator' retrieved from /home/hajar/.local/lib/python3.10/site-packages/airflow/example_dags/example_sensor_decorator.py
[2024-11-09T08:33:16.939+0100] {logging_mixin.py:190} INFO - [2024-11-09T08:33:16.938+0100] {dag.py:3239} INFO - Sync 1 DAGs
[2024-11-09T08:33:16.990+0100] {logging_mixin.py:190} INFO - [2024-11-09T08:33:16.989+0100] {dag.py:4180} INFO - Setting next_dagrun for example_sensor_decorator to None, run_after=None
[2024-11-09T08:33:17.078+0100] {processor.py:208} INFO - Processing /home/hajar/.local/lib/python3.10/site-packages/airflow/example_dags/example_sensor_decorator.py took 0.255 seconds
[2024-11-09T08:33:38.044+0100] {processor.py:186} INFO - Started process (PID=74279) to work on /home/hajar/.local/lib/python3.10/site-packages/airflow/example_dags/example_sensor_decorator.py
[2024-11-09T08:33:38.047+0100] {processor.py:914} INFO - Processing file /home/hajar/.local/lib/python3.10/site-packages/airflow/example_dags/example_sensor_decorator.py for tasks to queue
[2024-11-09T08:33:38.055+0100] {logging_mixin.py:190} INFO - [2024-11-09T08:33:38.053+0100] {dagbag.py:588} INFO - Filling up the DagBag from /home/hajar/.local/lib/python3.10/site-packages/airflow/example_dags/example_sensor_decorator.py
[2024-11-09T08:33:38.086+0100] {processor.py:925} INFO - DAG(s) 'example_sensor_decorator' retrieved from /home/hajar/.local/lib/python3.10/site-packages/airflow/example_dags/example_sensor_decorator.py
[2024-11-09T08:33:38.138+0100] {logging_mixin.py:190} INFO - [2024-11-09T08:33:38.137+0100] {dag.py:3239} INFO - Sync 1 DAGs
[2024-11-09T08:33:38.185+0100] {logging_mixin.py:190} INFO - [2024-11-09T08:33:38.184+0100] {dag.py:4180} INFO - Setting next_dagrun for example_sensor_decorator to None, run_after=None
[2024-11-09T08:33:38.261+0100] {processor.py:208} INFO - Processing /home/hajar/.local/lib/python3.10/site-packages/airflow/example_dags/example_sensor_decorator.py took 0.239 seconds
[2024-11-09T08:34:52.871+0100] {processor.py:186} INFO - Started process (PID=75100) to work on /home/hajar/.local/lib/python3.10/site-packages/airflow/example_dags/example_sensor_decorator.py
[2024-11-09T08:34:52.882+0100] {processor.py:914} INFO - Processing file /home/hajar/.local/lib/python3.10/site-packages/airflow/example_dags/example_sensor_decorator.py for tasks to queue
[2024-11-09T08:34:52.889+0100] {logging_mixin.py:190} INFO - [2024-11-09T08:34:52.888+0100] {dagbag.py:588} INFO - Filling up the DagBag from /home/hajar/.local/lib/python3.10/site-packages/airflow/example_dags/example_sensor_decorator.py
[2024-11-09T08:34:52.919+0100] {processor.py:925} INFO - DAG(s) 'example_sensor_decorator' retrieved from /home/hajar/.local/lib/python3.10/site-packages/airflow/example_dags/example_sensor_decorator.py
[2024-11-09T08:34:52.967+0100] {logging_mixin.py:190} INFO - [2024-11-09T08:34:52.967+0100] {dag.py:3239} INFO - Sync 1 DAGs
[2024-11-09T08:34:53.015+0100] {logging_mixin.py:190} INFO - [2024-11-09T08:34:53.014+0100] {dag.py:4180} INFO - Setting next_dagrun for example_sensor_decorator to None, run_after=None
[2024-11-09T08:34:53.083+0100] {processor.py:208} INFO - Processing /home/hajar/.local/lib/python3.10/site-packages/airflow/example_dags/example_sensor_decorator.py took 0.234 seconds
[2024-11-09T08:35:17.066+0100] {processor.py:186} INFO - Started process (PID=75374) to work on /home/hajar/.local/lib/python3.10/site-packages/airflow/example_dags/example_sensor_decorator.py
[2024-11-09T08:35:17.069+0100] {processor.py:914} INFO - Processing file /home/hajar/.local/lib/python3.10/site-packages/airflow/example_dags/example_sensor_decorator.py for tasks to queue
[2024-11-09T08:35:17.078+0100] {logging_mixin.py:190} INFO - [2024-11-09T08:35:17.076+0100] {dagbag.py:588} INFO - Filling up the DagBag from /home/hajar/.local/lib/python3.10/site-packages/airflow/example_dags/example_sensor_decorator.py
[2024-11-09T08:35:17.107+0100] {processor.py:925} INFO - DAG(s) 'example_sensor_decorator' retrieved from /home/hajar/.local/lib/python3.10/site-packages/airflow/example_dags/example_sensor_decorator.py
[2024-11-09T08:35:17.157+0100] {logging_mixin.py:190} INFO - [2024-11-09T08:35:17.156+0100] {dag.py:3239} INFO - Sync 1 DAGs
[2024-11-09T08:35:17.203+0100] {logging_mixin.py:190} INFO - [2024-11-09T08:35:17.202+0100] {dag.py:4180} INFO - Setting next_dagrun for example_sensor_decorator to None, run_after=None
[2024-11-09T08:35:17.274+0100] {processor.py:208} INFO - Processing /home/hajar/.local/lib/python3.10/site-packages/airflow/example_dags/example_sensor_decorator.py took 0.231 seconds
[2024-11-09T08:36:33.315+0100] {processor.py:186} INFO - Started process (PID=76480) to work on /home/hajar/.local/lib/python3.10/site-packages/airflow/example_dags/example_sensor_decorator.py
[2024-11-09T08:36:33.326+0100] {processor.py:914} INFO - Processing file /home/hajar/.local/lib/python3.10/site-packages/airflow/example_dags/example_sensor_decorator.py for tasks to queue
[2024-11-09T08:36:33.336+0100] {logging_mixin.py:190} INFO - [2024-11-09T08:36:33.335+0100] {dagbag.py:588} INFO - Filling up the DagBag from /home/hajar/.local/lib/python3.10/site-packages/airflow/example_dags/example_sensor_decorator.py
[2024-11-09T08:36:33.371+0100] {processor.py:925} INFO - DAG(s) 'example_sensor_decorator' retrieved from /home/hajar/.local/lib/python3.10/site-packages/airflow/example_dags/example_sensor_decorator.py
[2024-11-09T08:36:33.420+0100] {logging_mixin.py:190} INFO - [2024-11-09T08:36:33.419+0100] {dag.py:3239} INFO - Sync 1 DAGs
[2024-11-09T08:36:33.466+0100] {logging_mixin.py:190} INFO - [2024-11-09T08:36:33.465+0100] {dag.py:4180} INFO - Setting next_dagrun for example_sensor_decorator to None, run_after=None
[2024-11-09T08:36:33.536+0100] {processor.py:208} INFO - Processing /home/hajar/.local/lib/python3.10/site-packages/airflow/example_dags/example_sensor_decorator.py took 0.245 seconds
[2024-11-09T08:36:56.366+0100] {processor.py:186} INFO - Started process (PID=76901) to work on /home/hajar/.local/lib/python3.10/site-packages/airflow/example_dags/example_sensor_decorator.py
[2024-11-09T08:36:56.377+0100] {processor.py:914} INFO - Processing file /home/hajar/.local/lib/python3.10/site-packages/airflow/example_dags/example_sensor_decorator.py for tasks to queue
[2024-11-09T08:36:56.385+0100] {logging_mixin.py:190} INFO - [2024-11-09T08:36:56.383+0100] {dagbag.py:588} INFO - Filling up the DagBag from /home/hajar/.local/lib/python3.10/site-packages/airflow/example_dags/example_sensor_decorator.py
[2024-11-09T08:36:56.414+0100] {processor.py:925} INFO - DAG(s) 'example_sensor_decorator' retrieved from /home/hajar/.local/lib/python3.10/site-packages/airflow/example_dags/example_sensor_decorator.py
[2024-11-09T08:36:56.464+0100] {logging_mixin.py:190} INFO - [2024-11-09T08:36:56.463+0100] {dag.py:3239} INFO - Sync 1 DAGs
[2024-11-09T08:36:56.510+0100] {logging_mixin.py:190} INFO - [2024-11-09T08:36:56.509+0100] {dag.py:4180} INFO - Setting next_dagrun for example_sensor_decorator to None, run_after=None
[2024-11-09T08:36:56.583+0100] {processor.py:208} INFO - Processing /home/hajar/.local/lib/python3.10/site-packages/airflow/example_dags/example_sensor_decorator.py took 0.239 seconds
[2024-11-09T08:38:20.035+0100] {processor.py:186} INFO - Started process (PID=78119) to work on /home/hajar/.local/lib/python3.10/site-packages/airflow/example_dags/example_sensor_decorator.py
[2024-11-09T08:38:20.046+0100] {processor.py:914} INFO - Processing file /home/hajar/.local/lib/python3.10/site-packages/airflow/example_dags/example_sensor_decorator.py for tasks to queue
[2024-11-09T08:38:20.056+0100] {logging_mixin.py:190} INFO - [2024-11-09T08:38:20.054+0100] {dagbag.py:588} INFO - Filling up the DagBag from /home/hajar/.local/lib/python3.10/site-packages/airflow/example_dags/example_sensor_decorator.py
[2024-11-09T08:38:20.095+0100] {processor.py:925} INFO - DAG(s) 'example_sensor_decorator' retrieved from /home/hajar/.local/lib/python3.10/site-packages/airflow/example_dags/example_sensor_decorator.py
[2024-11-09T08:38:20.161+0100] {logging_mixin.py:190} INFO - [2024-11-09T08:38:20.159+0100] {dag.py:3239} INFO - Sync 1 DAGs
[2024-11-09T08:38:20.229+0100] {logging_mixin.py:190} INFO - [2024-11-09T08:38:20.228+0100] {dag.py:4180} INFO - Setting next_dagrun for example_sensor_decorator to None, run_after=None
[2024-11-09T08:38:20.321+0100] {processor.py:208} INFO - Processing /home/hajar/.local/lib/python3.10/site-packages/airflow/example_dags/example_sensor_decorator.py took 0.313 seconds
[2024-11-09T08:38:36.911+0100] {processor.py:186} INFO - Started process (PID=78337) to work on /home/hajar/.local/lib/python3.10/site-packages/airflow/example_dags/example_sensor_decorator.py
[2024-11-09T08:38:36.922+0100] {processor.py:914} INFO - Processing file /home/hajar/.local/lib/python3.10/site-packages/airflow/example_dags/example_sensor_decorator.py for tasks to queue
[2024-11-09T08:38:36.929+0100] {logging_mixin.py:190} INFO - [2024-11-09T08:38:36.928+0100] {dagbag.py:588} INFO - Filling up the DagBag from /home/hajar/.local/lib/python3.10/site-packages/airflow/example_dags/example_sensor_decorator.py
[2024-11-09T08:38:36.959+0100] {processor.py:925} INFO - DAG(s) 'example_sensor_decorator' retrieved from /home/hajar/.local/lib/python3.10/site-packages/airflow/example_dags/example_sensor_decorator.py
[2024-11-09T08:38:37.010+0100] {logging_mixin.py:190} INFO - [2024-11-09T08:38:37.009+0100] {dag.py:3239} INFO - Sync 1 DAGs
[2024-11-09T08:38:37.060+0100] {logging_mixin.py:190} INFO - [2024-11-09T08:38:37.059+0100] {dag.py:4180} INFO - Setting next_dagrun for example_sensor_decorator to None, run_after=None
[2024-11-09T08:38:37.137+0100] {processor.py:208} INFO - Processing /home/hajar/.local/lib/python3.10/site-packages/airflow/example_dags/example_sensor_decorator.py took 0.248 seconds
[2024-11-09T08:40:04.729+0100] {processor.py:186} INFO - Started process (PID=79411) to work on /home/hajar/.local/lib/python3.10/site-packages/airflow/example_dags/example_sensor_decorator.py
[2024-11-09T08:40:04.740+0100] {processor.py:914} INFO - Processing file /home/hajar/.local/lib/python3.10/site-packages/airflow/example_dags/example_sensor_decorator.py for tasks to queue
[2024-11-09T08:40:04.747+0100] {logging_mixin.py:190} INFO - [2024-11-09T08:40:04.746+0100] {dagbag.py:588} INFO - Filling up the DagBag from /home/hajar/.local/lib/python3.10/site-packages/airflow/example_dags/example_sensor_decorator.py
[2024-11-09T08:40:04.777+0100] {processor.py:925} INFO - DAG(s) 'example_sensor_decorator' retrieved from /home/hajar/.local/lib/python3.10/site-packages/airflow/example_dags/example_sensor_decorator.py
[2024-11-09T08:40:04.828+0100] {logging_mixin.py:190} INFO - [2024-11-09T08:40:04.828+0100] {dag.py:3239} INFO - Sync 1 DAGs
[2024-11-09T08:40:04.874+0100] {logging_mixin.py:190} INFO - [2024-11-09T08:40:04.874+0100] {dag.py:4180} INFO - Setting next_dagrun for example_sensor_decorator to None, run_after=None
[2024-11-09T08:40:04.940+0100] {processor.py:208} INFO - Processing /home/hajar/.local/lib/python3.10/site-packages/airflow/example_dags/example_sensor_decorator.py took 0.232 seconds
[2024-11-09T08:40:16.354+0100] {processor.py:186} INFO - Started process (PID=79540) to work on /home/hajar/.local/lib/python3.10/site-packages/airflow/example_dags/example_sensor_decorator.py
[2024-11-09T08:40:16.357+0100] {processor.py:914} INFO - Processing file /home/hajar/.local/lib/python3.10/site-packages/airflow/example_dags/example_sensor_decorator.py for tasks to queue
[2024-11-09T08:40:16.364+0100] {logging_mixin.py:190} INFO - [2024-11-09T08:40:16.363+0100] {dagbag.py:588} INFO - Filling up the DagBag from /home/hajar/.local/lib/python3.10/site-packages/airflow/example_dags/example_sensor_decorator.py
[2024-11-09T08:40:16.394+0100] {processor.py:925} INFO - DAG(s) 'example_sensor_decorator' retrieved from /home/hajar/.local/lib/python3.10/site-packages/airflow/example_dags/example_sensor_decorator.py
[2024-11-09T08:40:16.444+0100] {logging_mixin.py:190} INFO - [2024-11-09T08:40:16.443+0100] {dag.py:3239} INFO - Sync 1 DAGs
[2024-11-09T08:40:16.490+0100] {logging_mixin.py:190} INFO - [2024-11-09T08:40:16.489+0100] {dag.py:4180} INFO - Setting next_dagrun for example_sensor_decorator to None, run_after=None
[2024-11-09T08:40:16.556+0100] {processor.py:208} INFO - Processing /home/hajar/.local/lib/python3.10/site-packages/airflow/example_dags/example_sensor_decorator.py took 0.224 seconds
[2024-11-09T08:41:45.093+0100] {processor.py:186} INFO - Started process (PID=80587) to work on /home/hajar/.local/lib/python3.10/site-packages/airflow/example_dags/example_sensor_decorator.py
[2024-11-09T08:41:45.104+0100] {processor.py:914} INFO - Processing file /home/hajar/.local/lib/python3.10/site-packages/airflow/example_dags/example_sensor_decorator.py for tasks to queue
[2024-11-09T08:41:45.111+0100] {logging_mixin.py:190} INFO - [2024-11-09T08:41:45.110+0100] {dagbag.py:588} INFO - Filling up the DagBag from /home/hajar/.local/lib/python3.10/site-packages/airflow/example_dags/example_sensor_decorator.py
[2024-11-09T08:41:45.141+0100] {processor.py:925} INFO - DAG(s) 'example_sensor_decorator' retrieved from /home/hajar/.local/lib/python3.10/site-packages/airflow/example_dags/example_sensor_decorator.py
[2024-11-09T08:41:45.190+0100] {logging_mixin.py:190} INFO - [2024-11-09T08:41:45.189+0100] {dag.py:3239} INFO - Sync 1 DAGs
[2024-11-09T08:41:45.235+0100] {logging_mixin.py:190} INFO - [2024-11-09T08:41:45.235+0100] {dag.py:4180} INFO - Setting next_dagrun for example_sensor_decorator to None, run_after=None
[2024-11-09T08:41:45.307+0100] {processor.py:208} INFO - Processing /home/hajar/.local/lib/python3.10/site-packages/airflow/example_dags/example_sensor_decorator.py took 0.236 seconds
[2024-11-09T08:41:48.330+0100] {processor.py:186} INFO - Started process (PID=80637) to work on /home/hajar/.local/lib/python3.10/site-packages/airflow/example_dags/example_sensor_decorator.py
[2024-11-09T08:41:48.333+0100] {processor.py:914} INFO - Processing file /home/hajar/.local/lib/python3.10/site-packages/airflow/example_dags/example_sensor_decorator.py for tasks to queue
[2024-11-09T08:41:48.340+0100] {logging_mixin.py:190} INFO - [2024-11-09T08:41:48.339+0100] {dagbag.py:588} INFO - Filling up the DagBag from /home/hajar/.local/lib/python3.10/site-packages/airflow/example_dags/example_sensor_decorator.py
[2024-11-09T08:41:48.370+0100] {processor.py:925} INFO - DAG(s) 'example_sensor_decorator' retrieved from /home/hajar/.local/lib/python3.10/site-packages/airflow/example_dags/example_sensor_decorator.py
[2024-11-09T08:41:48.420+0100] {logging_mixin.py:190} INFO - [2024-11-09T08:41:48.419+0100] {dag.py:3239} INFO - Sync 1 DAGs
[2024-11-09T08:41:48.466+0100] {logging_mixin.py:190} INFO - [2024-11-09T08:41:48.465+0100] {dag.py:4180} INFO - Setting next_dagrun for example_sensor_decorator to None, run_after=None
[2024-11-09T08:41:48.538+0100] {processor.py:208} INFO - Processing /home/hajar/.local/lib/python3.10/site-packages/airflow/example_dags/example_sensor_decorator.py took 0.230 seconds
[2024-11-09T08:43:24.800+0100] {processor.py:186} INFO - Started process (PID=81713) to work on /home/hajar/.local/lib/python3.10/site-packages/airflow/example_dags/example_sensor_decorator.py
[2024-11-09T08:43:24.804+0100] {processor.py:914} INFO - Processing file /home/hajar/.local/lib/python3.10/site-packages/airflow/example_dags/example_sensor_decorator.py for tasks to queue
[2024-11-09T08:43:24.811+0100] {logging_mixin.py:190} INFO - [2024-11-09T08:43:24.810+0100] {dagbag.py:588} INFO - Filling up the DagBag from /home/hajar/.local/lib/python3.10/site-packages/airflow/example_dags/example_sensor_decorator.py
[2024-11-09T08:43:24.841+0100] {processor.py:925} INFO - DAG(s) 'example_sensor_decorator' retrieved from /home/hajar/.local/lib/python3.10/site-packages/airflow/example_dags/example_sensor_decorator.py
[2024-11-09T08:43:24.889+0100] {logging_mixin.py:190} INFO - [2024-11-09T08:43:24.888+0100] {dag.py:3239} INFO - Sync 1 DAGs
[2024-11-09T08:43:24.934+0100] {logging_mixin.py:190} INFO - [2024-11-09T08:43:24.933+0100] {dag.py:4180} INFO - Setting next_dagrun for example_sensor_decorator to None, run_after=None
[2024-11-09T08:43:24.997+0100] {processor.py:208} INFO - Processing /home/hajar/.local/lib/python3.10/site-packages/airflow/example_dags/example_sensor_decorator.py took 0.218 seconds
[2024-11-09T08:43:25.818+0100] {processor.py:186} INFO - Started process (PID=81732) to work on /home/hajar/.local/lib/python3.10/site-packages/airflow/example_dags/example_sensor_decorator.py
[2024-11-09T08:43:25.821+0100] {processor.py:914} INFO - Processing file /home/hajar/.local/lib/python3.10/site-packages/airflow/example_dags/example_sensor_decorator.py for tasks to queue
[2024-11-09T08:43:25.828+0100] {logging_mixin.py:190} INFO - [2024-11-09T08:43:25.827+0100] {dagbag.py:588} INFO - Filling up the DagBag from /home/hajar/.local/lib/python3.10/site-packages/airflow/example_dags/example_sensor_decorator.py
[2024-11-09T08:43:25.857+0100] {processor.py:925} INFO - DAG(s) 'example_sensor_decorator' retrieved from /home/hajar/.local/lib/python3.10/site-packages/airflow/example_dags/example_sensor_decorator.py
[2024-11-09T08:43:25.906+0100] {logging_mixin.py:190} INFO - [2024-11-09T08:43:25.905+0100] {dag.py:3239} INFO - Sync 1 DAGs
[2024-11-09T08:43:25.952+0100] {logging_mixin.py:190} INFO - [2024-11-09T08:43:25.951+0100] {dag.py:4180} INFO - Setting next_dagrun for example_sensor_decorator to None, run_after=None
[2024-11-09T08:43:26.034+0100] {processor.py:208} INFO - Processing /home/hajar/.local/lib/python3.10/site-packages/airflow/example_dags/example_sensor_decorator.py took 0.238 seconds
[2024-11-09T08:45:01.331+0100] {processor.py:186} INFO - Started process (PID=82780) to work on /home/hajar/.local/lib/python3.10/site-packages/airflow/example_dags/example_sensor_decorator.py
[2024-11-09T08:45:01.341+0100] {processor.py:914} INFO - Processing file /home/hajar/.local/lib/python3.10/site-packages/airflow/example_dags/example_sensor_decorator.py for tasks to queue
[2024-11-09T08:45:01.348+0100] {logging_mixin.py:190} INFO - [2024-11-09T08:45:01.346+0100] {dagbag.py:588} INFO - Filling up the DagBag from /home/hajar/.local/lib/python3.10/site-packages/airflow/example_dags/example_sensor_decorator.py
[2024-11-09T08:45:01.374+0100] {processor.py:925} INFO - DAG(s) 'example_sensor_decorator' retrieved from /home/hajar/.local/lib/python3.10/site-packages/airflow/example_dags/example_sensor_decorator.py
[2024-11-09T08:45:01.416+0100] {logging_mixin.py:190} INFO - [2024-11-09T08:45:01.416+0100] {dag.py:3239} INFO - Sync 1 DAGs
[2024-11-09T08:45:01.457+0100] {logging_mixin.py:190} INFO - [2024-11-09T08:45:01.456+0100] {dag.py:4180} INFO - Setting next_dagrun for example_sensor_decorator to None, run_after=None
[2024-11-09T08:45:01.522+0100] {processor.py:208} INFO - Processing /home/hajar/.local/lib/python3.10/site-packages/airflow/example_dags/example_sensor_decorator.py took 0.210 seconds
[2024-11-09T08:45:06.264+0100] {processor.py:186} INFO - Started process (PID=82834) to work on /home/hajar/.local/lib/python3.10/site-packages/airflow/example_dags/example_sensor_decorator.py
[2024-11-09T08:45:06.267+0100] {processor.py:914} INFO - Processing file /home/hajar/.local/lib/python3.10/site-packages/airflow/example_dags/example_sensor_decorator.py for tasks to queue
[2024-11-09T08:45:06.275+0100] {logging_mixin.py:190} INFO - [2024-11-09T08:45:06.273+0100] {dagbag.py:588} INFO - Filling up the DagBag from /home/hajar/.local/lib/python3.10/site-packages/airflow/example_dags/example_sensor_decorator.py
[2024-11-09T08:45:06.304+0100] {processor.py:925} INFO - DAG(s) 'example_sensor_decorator' retrieved from /home/hajar/.local/lib/python3.10/site-packages/airflow/example_dags/example_sensor_decorator.py
[2024-11-09T08:45:06.354+0100] {logging_mixin.py:190} INFO - [2024-11-09T08:45:06.353+0100] {dag.py:3239} INFO - Sync 1 DAGs
[2024-11-09T08:45:06.400+0100] {logging_mixin.py:190} INFO - [2024-11-09T08:45:06.400+0100] {dag.py:4180} INFO - Setting next_dagrun for example_sensor_decorator to None, run_after=None
[2024-11-09T08:45:06.471+0100] {processor.py:208} INFO - Processing /home/hajar/.local/lib/python3.10/site-packages/airflow/example_dags/example_sensor_decorator.py took 0.230 seconds
[2024-11-09T08:46:34.219+0100] {processor.py:186} INFO - Started process (PID=83839) to work on /home/hajar/.local/lib/python3.10/site-packages/airflow/example_dags/example_sensor_decorator.py
[2024-11-09T08:46:34.230+0100] {processor.py:914} INFO - Processing file /home/hajar/.local/lib/python3.10/site-packages/airflow/example_dags/example_sensor_decorator.py for tasks to queue
[2024-11-09T08:46:34.237+0100] {logging_mixin.py:190} INFO - [2024-11-09T08:46:34.236+0100] {dagbag.py:588} INFO - Filling up the DagBag from /home/hajar/.local/lib/python3.10/site-packages/airflow/example_dags/example_sensor_decorator.py
[2024-11-09T08:46:34.268+0100] {processor.py:925} INFO - DAG(s) 'example_sensor_decorator' retrieved from /home/hajar/.local/lib/python3.10/site-packages/airflow/example_dags/example_sensor_decorator.py
[2024-11-09T08:46:34.321+0100] {logging_mixin.py:190} INFO - [2024-11-09T08:46:34.320+0100] {dag.py:3239} INFO - Sync 1 DAGs
[2024-11-09T08:46:34.371+0100] {logging_mixin.py:190} INFO - [2024-11-09T08:46:34.370+0100] {dag.py:4180} INFO - Setting next_dagrun for example_sensor_decorator to None, run_after=None
[2024-11-09T08:46:34.439+0100] {processor.py:208} INFO - Processing /home/hajar/.local/lib/python3.10/site-packages/airflow/example_dags/example_sensor_decorator.py took 0.244 seconds
[2024-11-09T08:46:44.946+0100] {processor.py:186} INFO - Started process (PID=83988) to work on /home/hajar/.local/lib/python3.10/site-packages/airflow/example_dags/example_sensor_decorator.py
[2024-11-09T08:46:44.949+0100] {processor.py:914} INFO - Processing file /home/hajar/.local/lib/python3.10/site-packages/airflow/example_dags/example_sensor_decorator.py for tasks to queue
[2024-11-09T08:46:44.957+0100] {logging_mixin.py:190} INFO - [2024-11-09T08:46:44.956+0100] {dagbag.py:588} INFO - Filling up the DagBag from /home/hajar/.local/lib/python3.10/site-packages/airflow/example_dags/example_sensor_decorator.py
[2024-11-09T08:46:44.987+0100] {processor.py:925} INFO - DAG(s) 'example_sensor_decorator' retrieved from /home/hajar/.local/lib/python3.10/site-packages/airflow/example_dags/example_sensor_decorator.py
[2024-11-09T08:46:45.056+0100] {logging_mixin.py:190} INFO - [2024-11-09T08:46:45.056+0100] {dag.py:3239} INFO - Sync 1 DAGs
[2024-11-09T08:46:45.105+0100] {logging_mixin.py:190} INFO - [2024-11-09T08:46:45.104+0100] {dag.py:4180} INFO - Setting next_dagrun for example_sensor_decorator to None, run_after=None
[2024-11-09T08:46:45.173+0100] {processor.py:208} INFO - Processing /home/hajar/.local/lib/python3.10/site-packages/airflow/example_dags/example_sensor_decorator.py took 0.248 seconds
[2024-11-09T08:48:16.166+0100] {processor.py:186} INFO - Started process (PID=85120) to work on /home/hajar/.local/lib/python3.10/site-packages/airflow/example_dags/example_sensor_decorator.py
[2024-11-09T08:48:16.169+0100] {processor.py:914} INFO - Processing file /home/hajar/.local/lib/python3.10/site-packages/airflow/example_dags/example_sensor_decorator.py for tasks to queue
[2024-11-09T08:48:16.177+0100] {logging_mixin.py:190} INFO - [2024-11-09T08:48:16.176+0100] {dagbag.py:588} INFO - Filling up the DagBag from /home/hajar/.local/lib/python3.10/site-packages/airflow/example_dags/example_sensor_decorator.py
[2024-11-09T08:48:16.208+0100] {processor.py:925} INFO - DAG(s) 'example_sensor_decorator' retrieved from /home/hajar/.local/lib/python3.10/site-packages/airflow/example_dags/example_sensor_decorator.py
[2024-11-09T08:48:16.257+0100] {logging_mixin.py:190} INFO - [2024-11-09T08:48:16.256+0100] {dag.py:3239} INFO - Sync 1 DAGs
[2024-11-09T08:48:16.317+0100] {logging_mixin.py:190} INFO - [2024-11-09T08:48:16.317+0100] {dag.py:4180} INFO - Setting next_dagrun for example_sensor_decorator to None, run_after=None
[2024-11-09T08:48:16.388+0100] {processor.py:208} INFO - Processing /home/hajar/.local/lib/python3.10/site-packages/airflow/example_dags/example_sensor_decorator.py took 0.250 seconds
[2024-11-09T08:48:25.375+0100] {processor.py:186} INFO - Started process (PID=85244) to work on /home/hajar/.local/lib/python3.10/site-packages/airflow/example_dags/example_sensor_decorator.py
[2024-11-09T08:48:25.386+0100] {processor.py:914} INFO - Processing file /home/hajar/.local/lib/python3.10/site-packages/airflow/example_dags/example_sensor_decorator.py for tasks to queue
[2024-11-09T08:48:25.393+0100] {logging_mixin.py:190} INFO - [2024-11-09T08:48:25.392+0100] {dagbag.py:588} INFO - Filling up the DagBag from /home/hajar/.local/lib/python3.10/site-packages/airflow/example_dags/example_sensor_decorator.py
[2024-11-09T08:48:25.423+0100] {processor.py:925} INFO - DAG(s) 'example_sensor_decorator' retrieved from /home/hajar/.local/lib/python3.10/site-packages/airflow/example_dags/example_sensor_decorator.py
[2024-11-09T08:48:25.475+0100] {logging_mixin.py:190} INFO - [2024-11-09T08:48:25.474+0100] {dag.py:3239} INFO - Sync 1 DAGs
[2024-11-09T08:48:25.526+0100] {logging_mixin.py:190} INFO - [2024-11-09T08:48:25.526+0100] {dag.py:4180} INFO - Setting next_dagrun for example_sensor_decorator to None, run_after=None
[2024-11-09T08:48:25.598+0100] {processor.py:208} INFO - Processing /home/hajar/.local/lib/python3.10/site-packages/airflow/example_dags/example_sensor_decorator.py took 0.246 seconds
[2024-11-09T08:49:56.596+0100] {processor.py:186} INFO - Started process (PID=86421) to work on /home/hajar/.local/lib/python3.10/site-packages/airflow/example_dags/example_sensor_decorator.py
[2024-11-09T08:49:56.599+0100] {processor.py:914} INFO - Processing file /home/hajar/.local/lib/python3.10/site-packages/airflow/example_dags/example_sensor_decorator.py for tasks to queue
[2024-11-09T08:49:56.609+0100] {logging_mixin.py:190} INFO - [2024-11-09T08:49:56.607+0100] {dagbag.py:588} INFO - Filling up the DagBag from /home/hajar/.local/lib/python3.10/site-packages/airflow/example_dags/example_sensor_decorator.py
[2024-11-09T08:49:56.643+0100] {processor.py:925} INFO - DAG(s) 'example_sensor_decorator' retrieved from /home/hajar/.local/lib/python3.10/site-packages/airflow/example_dags/example_sensor_decorator.py
[2024-11-09T08:49:56.692+0100] {logging_mixin.py:190} INFO - [2024-11-09T08:49:56.691+0100] {dag.py:3239} INFO - Sync 1 DAGs
[2024-11-09T08:49:56.747+0100] {logging_mixin.py:190} INFO - [2024-11-09T08:49:56.747+0100] {dag.py:4180} INFO - Setting next_dagrun for example_sensor_decorator to None, run_after=None
[2024-11-09T08:49:56.815+0100] {processor.py:208} INFO - Processing /home/hajar/.local/lib/python3.10/site-packages/airflow/example_dags/example_sensor_decorator.py took 0.241 seconds
[2024-11-09T08:50:06.712+0100] {processor.py:186} INFO - Started process (PID=86537) to work on /home/hajar/.local/lib/python3.10/site-packages/airflow/example_dags/example_sensor_decorator.py
[2024-11-09T08:50:06.715+0100] {processor.py:914} INFO - Processing file /home/hajar/.local/lib/python3.10/site-packages/airflow/example_dags/example_sensor_decorator.py for tasks to queue
[2024-11-09T08:50:06.723+0100] {logging_mixin.py:190} INFO - [2024-11-09T08:50:06.722+0100] {dagbag.py:588} INFO - Filling up the DagBag from /home/hajar/.local/lib/python3.10/site-packages/airflow/example_dags/example_sensor_decorator.py
[2024-11-09T08:50:06.754+0100] {processor.py:925} INFO - DAG(s) 'example_sensor_decorator' retrieved from /home/hajar/.local/lib/python3.10/site-packages/airflow/example_dags/example_sensor_decorator.py
[2024-11-09T08:50:06.805+0100] {logging_mixin.py:190} INFO - [2024-11-09T08:50:06.805+0100] {dag.py:3239} INFO - Sync 1 DAGs
[2024-11-09T08:50:06.860+0100] {logging_mixin.py:190} INFO - [2024-11-09T08:50:06.859+0100] {dag.py:4180} INFO - Setting next_dagrun for example_sensor_decorator to None, run_after=None
[2024-11-09T08:50:06.937+0100] {processor.py:208} INFO - Processing /home/hajar/.local/lib/python3.10/site-packages/airflow/example_dags/example_sensor_decorator.py took 0.247 seconds
[2024-11-09T08:51:48.254+0100] {processor.py:186} INFO - Started process (PID=87919) to work on /home/hajar/.local/lib/python3.10/site-packages/airflow/example_dags/example_sensor_decorator.py
[2024-11-09T08:51:48.259+0100] {processor.py:914} INFO - Processing file /home/hajar/.local/lib/python3.10/site-packages/airflow/example_dags/example_sensor_decorator.py for tasks to queue
[2024-11-09T08:51:48.270+0100] {logging_mixin.py:190} INFO - [2024-11-09T08:51:48.268+0100] {dagbag.py:588} INFO - Filling up the DagBag from /home/hajar/.local/lib/python3.10/site-packages/airflow/example_dags/example_sensor_decorator.py
[2024-11-09T08:51:48.316+0100] {processor.py:925} INFO - DAG(s) 'example_sensor_decorator' retrieved from /home/hajar/.local/lib/python3.10/site-packages/airflow/example_dags/example_sensor_decorator.py
[2024-11-09T08:51:48.401+0100] {logging_mixin.py:190} INFO - [2024-11-09T08:51:48.400+0100] {dag.py:3239} INFO - Sync 1 DAGs
[2024-11-09T08:51:48.489+0100] {logging_mixin.py:190} INFO - [2024-11-09T08:51:48.488+0100] {dag.py:4180} INFO - Setting next_dagrun for example_sensor_decorator to None, run_after=None
[2024-11-09T08:51:48.587+0100] {processor.py:208} INFO - Processing /home/hajar/.local/lib/python3.10/site-packages/airflow/example_dags/example_sensor_decorator.py took 0.369 seconds
[2024-11-09T08:51:57.122+0100] {processor.py:186} INFO - Started process (PID=88034) to work on /home/hajar/.local/lib/python3.10/site-packages/airflow/example_dags/example_sensor_decorator.py
[2024-11-09T08:51:57.126+0100] {processor.py:914} INFO - Processing file /home/hajar/.local/lib/python3.10/site-packages/airflow/example_dags/example_sensor_decorator.py for tasks to queue
[2024-11-09T08:51:57.139+0100] {logging_mixin.py:190} INFO - [2024-11-09T08:51:57.137+0100] {dagbag.py:588} INFO - Filling up the DagBag from /home/hajar/.local/lib/python3.10/site-packages/airflow/example_dags/example_sensor_decorator.py
[2024-11-09T08:51:57.185+0100] {processor.py:925} INFO - DAG(s) 'example_sensor_decorator' retrieved from /home/hajar/.local/lib/python3.10/site-packages/airflow/example_dags/example_sensor_decorator.py
[2024-11-09T08:51:57.266+0100] {logging_mixin.py:190} INFO - [2024-11-09T08:51:57.265+0100] {dag.py:3239} INFO - Sync 1 DAGs
[2024-11-09T08:51:57.351+0100] {logging_mixin.py:190} INFO - [2024-11-09T08:51:57.350+0100] {dag.py:4180} INFO - Setting next_dagrun for example_sensor_decorator to None, run_after=None
[2024-11-09T08:51:57.461+0100] {processor.py:208} INFO - Processing /home/hajar/.local/lib/python3.10/site-packages/airflow/example_dags/example_sensor_decorator.py took 0.373 seconds
[2024-11-09T08:53:39.645+0100] {processor.py:186} INFO - Started process (PID=89544) to work on /home/hajar/.local/lib/python3.10/site-packages/airflow/example_dags/example_sensor_decorator.py
[2024-11-09T08:53:39.657+0100] {processor.py:914} INFO - Processing file /home/hajar/.local/lib/python3.10/site-packages/airflow/example_dags/example_sensor_decorator.py for tasks to queue
[2024-11-09T08:53:39.666+0100] {logging_mixin.py:190} INFO - [2024-11-09T08:53:39.664+0100] {dagbag.py:588} INFO - Filling up the DagBag from /home/hajar/.local/lib/python3.10/site-packages/airflow/example_dags/example_sensor_decorator.py
[2024-11-09T08:53:39.698+0100] {processor.py:925} INFO - DAG(s) 'example_sensor_decorator' retrieved from /home/hajar/.local/lib/python3.10/site-packages/airflow/example_dags/example_sensor_decorator.py
[2024-11-09T08:53:39.751+0100] {logging_mixin.py:190} INFO - [2024-11-09T08:53:39.750+0100] {dag.py:3239} INFO - Sync 1 DAGs
[2024-11-09T08:53:39.823+0100] {logging_mixin.py:190} INFO - [2024-11-09T08:53:39.822+0100] {dag.py:4180} INFO - Setting next_dagrun for example_sensor_decorator to None, run_after=None
[2024-11-09T08:53:39.932+0100] {processor.py:208} INFO - Processing /home/hajar/.local/lib/python3.10/site-packages/airflow/example_dags/example_sensor_decorator.py took 0.309 seconds
[2024-11-09T08:53:52.319+0100] {processor.py:186} INFO - Started process (PID=89694) to work on /home/hajar/.local/lib/python3.10/site-packages/airflow/example_dags/example_sensor_decorator.py
[2024-11-09T08:53:52.323+0100] {processor.py:914} INFO - Processing file /home/hajar/.local/lib/python3.10/site-packages/airflow/example_dags/example_sensor_decorator.py for tasks to queue
[2024-11-09T08:53:52.330+0100] {logging_mixin.py:190} INFO - [2024-11-09T08:53:52.329+0100] {dagbag.py:588} INFO - Filling up the DagBag from /home/hajar/.local/lib/python3.10/site-packages/airflow/example_dags/example_sensor_decorator.py
[2024-11-09T08:53:52.360+0100] {processor.py:925} INFO - DAG(s) 'example_sensor_decorator' retrieved from /home/hajar/.local/lib/python3.10/site-packages/airflow/example_dags/example_sensor_decorator.py
[2024-11-09T08:53:52.409+0100] {logging_mixin.py:190} INFO - [2024-11-09T08:53:52.408+0100] {dag.py:3239} INFO - Sync 1 DAGs
[2024-11-09T08:53:52.455+0100] {logging_mixin.py:190} INFO - [2024-11-09T08:53:52.455+0100] {dag.py:4180} INFO - Setting next_dagrun for example_sensor_decorator to None, run_after=None
[2024-11-09T08:53:52.563+0100] {processor.py:208} INFO - Processing /home/hajar/.local/lib/python3.10/site-packages/airflow/example_dags/example_sensor_decorator.py took 0.267 seconds
[2024-11-09T08:55:57.395+0100] {processor.py:186} INFO - Started process (PID=91298) to work on /home/hajar/.local/lib/python3.10/site-packages/airflow/example_dags/example_sensor_decorator.py
[2024-11-09T08:55:57.399+0100] {processor.py:914} INFO - Processing file /home/hajar/.local/lib/python3.10/site-packages/airflow/example_dags/example_sensor_decorator.py for tasks to queue
[2024-11-09T08:55:57.406+0100] {logging_mixin.py:190} INFO - [2024-11-09T08:55:57.405+0100] {dagbag.py:588} INFO - Filling up the DagBag from /home/hajar/.local/lib/python3.10/site-packages/airflow/example_dags/example_sensor_decorator.py
[2024-11-09T08:55:57.438+0100] {processor.py:925} INFO - DAG(s) 'example_sensor_decorator' retrieved from /home/hajar/.local/lib/python3.10/site-packages/airflow/example_dags/example_sensor_decorator.py
[2024-11-09T08:55:57.490+0100] {logging_mixin.py:190} INFO - [2024-11-09T08:55:57.490+0100] {dag.py:3239} INFO - Sync 1 DAGs
[2024-11-09T08:55:57.537+0100] {logging_mixin.py:190} INFO - [2024-11-09T08:55:57.536+0100] {dag.py:4180} INFO - Setting next_dagrun for example_sensor_decorator to None, run_after=None
[2024-11-09T08:55:57.604+0100] {processor.py:208} INFO - Processing /home/hajar/.local/lib/python3.10/site-packages/airflow/example_dags/example_sensor_decorator.py took 0.232 seconds
[2024-11-09T08:57:41.253+0100] {processor.py:186} INFO - Started process (PID=92561) to work on /home/hajar/.local/lib/python3.10/site-packages/airflow/example_dags/example_sensor_decorator.py
[2024-11-09T08:57:41.263+0100] {processor.py:914} INFO - Processing file /home/hajar/.local/lib/python3.10/site-packages/airflow/example_dags/example_sensor_decorator.py for tasks to queue
[2024-11-09T08:57:41.271+0100] {logging_mixin.py:190} INFO - [2024-11-09T08:57:41.270+0100] {dagbag.py:588} INFO - Filling up the DagBag from /home/hajar/.local/lib/python3.10/site-packages/airflow/example_dags/example_sensor_decorator.py
[2024-11-09T08:57:41.302+0100] {processor.py:925} INFO - DAG(s) 'example_sensor_decorator' retrieved from /home/hajar/.local/lib/python3.10/site-packages/airflow/example_dags/example_sensor_decorator.py
[2024-11-09T08:57:41.354+0100] {logging_mixin.py:190} INFO - [2024-11-09T08:57:41.353+0100] {dag.py:3239} INFO - Sync 1 DAGs
[2024-11-09T08:57:41.400+0100] {logging_mixin.py:190} INFO - [2024-11-09T08:57:41.399+0100] {dag.py:4180} INFO - Setting next_dagrun for example_sensor_decorator to None, run_after=None
[2024-11-09T08:57:41.470+0100] {processor.py:208} INFO - Processing /home/hajar/.local/lib/python3.10/site-packages/airflow/example_dags/example_sensor_decorator.py took 0.239 seconds
[2024-11-09T08:59:28.260+0100] {processor.py:186} INFO - Started process (PID=93970) to work on /home/hajar/.local/lib/python3.10/site-packages/airflow/example_dags/example_sensor_decorator.py
[2024-11-09T08:59:28.270+0100] {processor.py:914} INFO - Processing file /home/hajar/.local/lib/python3.10/site-packages/airflow/example_dags/example_sensor_decorator.py for tasks to queue
[2024-11-09T08:59:28.277+0100] {logging_mixin.py:190} INFO - [2024-11-09T08:59:28.276+0100] {dagbag.py:588} INFO - Filling up the DagBag from /home/hajar/.local/lib/python3.10/site-packages/airflow/example_dags/example_sensor_decorator.py
[2024-11-09T08:59:28.308+0100] {processor.py:925} INFO - DAG(s) 'example_sensor_decorator' retrieved from /home/hajar/.local/lib/python3.10/site-packages/airflow/example_dags/example_sensor_decorator.py
[2024-11-09T08:59:28.358+0100] {logging_mixin.py:190} INFO - [2024-11-09T08:59:28.357+0100] {dag.py:3239} INFO - Sync 1 DAGs
[2024-11-09T08:59:28.404+0100] {logging_mixin.py:190} INFO - [2024-11-09T08:59:28.404+0100] {dag.py:4180} INFO - Setting next_dagrun for example_sensor_decorator to None, run_after=None
[2024-11-09T08:59:28.489+0100] {processor.py:208} INFO - Processing /home/hajar/.local/lib/python3.10/site-packages/airflow/example_dags/example_sensor_decorator.py took 0.250 seconds
[2024-11-09T09:01:10.108+0100] {processor.py:186} INFO - Started process (PID=95258) to work on /home/hajar/.local/lib/python3.10/site-packages/airflow/example_dags/example_sensor_decorator.py
[2024-11-09T09:01:10.120+0100] {processor.py:914} INFO - Processing file /home/hajar/.local/lib/python3.10/site-packages/airflow/example_dags/example_sensor_decorator.py for tasks to queue
[2024-11-09T09:01:10.127+0100] {logging_mixin.py:190} INFO - [2024-11-09T09:01:10.126+0100] {dagbag.py:588} INFO - Filling up the DagBag from /home/hajar/.local/lib/python3.10/site-packages/airflow/example_dags/example_sensor_decorator.py
[2024-11-09T09:01:10.160+0100] {processor.py:925} INFO - DAG(s) 'example_sensor_decorator' retrieved from /home/hajar/.local/lib/python3.10/site-packages/airflow/example_dags/example_sensor_decorator.py
[2024-11-09T09:01:10.215+0100] {logging_mixin.py:190} INFO - [2024-11-09T09:01:10.214+0100] {dag.py:3239} INFO - Sync 1 DAGs
[2024-11-09T09:01:10.263+0100] {logging_mixin.py:190} INFO - [2024-11-09T09:01:10.262+0100] {dag.py:4180} INFO - Setting next_dagrun for example_sensor_decorator to None, run_after=None
[2024-11-09T09:01:10.338+0100] {processor.py:208} INFO - Processing /home/hajar/.local/lib/python3.10/site-packages/airflow/example_dags/example_sensor_decorator.py took 0.255 seconds
[2024-11-09T09:02:58.865+0100] {processor.py:186} INFO - Started process (PID=96534) to work on /home/hajar/.local/lib/python3.10/site-packages/airflow/example_dags/example_sensor_decorator.py
[2024-11-09T09:02:58.877+0100] {processor.py:914} INFO - Processing file /home/hajar/.local/lib/python3.10/site-packages/airflow/example_dags/example_sensor_decorator.py for tasks to queue
[2024-11-09T09:02:58.885+0100] {logging_mixin.py:190} INFO - [2024-11-09T09:02:58.883+0100] {dagbag.py:588} INFO - Filling up the DagBag from /home/hajar/.local/lib/python3.10/site-packages/airflow/example_dags/example_sensor_decorator.py
[2024-11-09T09:02:58.920+0100] {processor.py:925} INFO - DAG(s) 'example_sensor_decorator' retrieved from /home/hajar/.local/lib/python3.10/site-packages/airflow/example_dags/example_sensor_decorator.py
[2024-11-09T09:02:58.991+0100] {logging_mixin.py:190} INFO - [2024-11-09T09:02:58.990+0100] {dag.py:3239} INFO - Sync 1 DAGs
[2024-11-09T09:02:59.056+0100] {logging_mixin.py:190} INFO - [2024-11-09T09:02:59.055+0100] {dag.py:4180} INFO - Setting next_dagrun for example_sensor_decorator to None, run_after=None
[2024-11-09T09:02:59.176+0100] {processor.py:208} INFO - Processing /home/hajar/.local/lib/python3.10/site-packages/airflow/example_dags/example_sensor_decorator.py took 0.334 seconds
[2024-11-09T09:04:55.373+0100] {processor.py:186} INFO - Started process (PID=98043) to work on /home/hajar/.local/lib/python3.10/site-packages/airflow/example_dags/example_sensor_decorator.py
[2024-11-09T09:04:55.384+0100] {processor.py:914} INFO - Processing file /home/hajar/.local/lib/python3.10/site-packages/airflow/example_dags/example_sensor_decorator.py for tasks to queue
[2024-11-09T09:04:55.391+0100] {logging_mixin.py:190} INFO - [2024-11-09T09:04:55.390+0100] {dagbag.py:588} INFO - Filling up the DagBag from /home/hajar/.local/lib/python3.10/site-packages/airflow/example_dags/example_sensor_decorator.py
[2024-11-09T09:04:55.420+0100] {processor.py:925} INFO - DAG(s) 'example_sensor_decorator' retrieved from /home/hajar/.local/lib/python3.10/site-packages/airflow/example_dags/example_sensor_decorator.py
[2024-11-09T09:04:55.474+0100] {logging_mixin.py:190} INFO - [2024-11-09T09:04:55.473+0100] {dag.py:3239} INFO - Sync 1 DAGs
[2024-11-09T09:04:55.518+0100] {logging_mixin.py:190} INFO - [2024-11-09T09:04:55.517+0100] {dag.py:4180} INFO - Setting next_dagrun for example_sensor_decorator to None, run_after=None
[2024-11-09T09:04:55.585+0100] {processor.py:208} INFO - Processing /home/hajar/.local/lib/python3.10/site-packages/airflow/example_dags/example_sensor_decorator.py took 0.233 seconds
[2024-11-09T09:06:33.114+0100] {processor.py:186} INFO - Started process (PID=99474) to work on /home/hajar/.local/lib/python3.10/site-packages/airflow/example_dags/example_sensor_decorator.py
[2024-11-09T09:06:33.118+0100] {processor.py:914} INFO - Processing file /home/hajar/.local/lib/python3.10/site-packages/airflow/example_dags/example_sensor_decorator.py for tasks to queue
[2024-11-09T09:06:33.127+0100] {logging_mixin.py:190} INFO - [2024-11-09T09:06:33.126+0100] {dagbag.py:588} INFO - Filling up the DagBag from /home/hajar/.local/lib/python3.10/site-packages/airflow/example_dags/example_sensor_decorator.py
[2024-11-09T09:06:33.170+0100] {processor.py:925} INFO - DAG(s) 'example_sensor_decorator' retrieved from /home/hajar/.local/lib/python3.10/site-packages/airflow/example_dags/example_sensor_decorator.py
[2024-11-09T09:06:33.246+0100] {logging_mixin.py:190} INFO - [2024-11-09T09:06:33.245+0100] {dag.py:3239} INFO - Sync 1 DAGs
[2024-11-09T09:06:33.319+0100] {logging_mixin.py:190} INFO - [2024-11-09T09:06:33.318+0100] {dag.py:4180} INFO - Setting next_dagrun for example_sensor_decorator to None, run_after=None
[2024-11-09T09:06:33.415+0100] {processor.py:208} INFO - Processing /home/hajar/.local/lib/python3.10/site-packages/airflow/example_dags/example_sensor_decorator.py took 0.383 seconds
[2024-11-09T09:08:13.460+0100] {processor.py:186} INFO - Started process (PID=100828) to work on /home/hajar/.local/lib/python3.10/site-packages/airflow/example_dags/example_sensor_decorator.py
[2024-11-09T09:08:13.463+0100] {processor.py:914} INFO - Processing file /home/hajar/.local/lib/python3.10/site-packages/airflow/example_dags/example_sensor_decorator.py for tasks to queue
[2024-11-09T09:08:13.471+0100] {logging_mixin.py:190} INFO - [2024-11-09T09:08:13.470+0100] {dagbag.py:588} INFO - Filling up the DagBag from /home/hajar/.local/lib/python3.10/site-packages/airflow/example_dags/example_sensor_decorator.py
[2024-11-09T09:08:13.505+0100] {processor.py:925} INFO - DAG(s) 'example_sensor_decorator' retrieved from /home/hajar/.local/lib/python3.10/site-packages/airflow/example_dags/example_sensor_decorator.py
[2024-11-09T09:08:13.555+0100] {logging_mixin.py:190} INFO - [2024-11-09T09:08:13.554+0100] {dag.py:3239} INFO - Sync 1 DAGs
[2024-11-09T09:08:13.607+0100] {logging_mixin.py:190} INFO - [2024-11-09T09:08:13.606+0100] {dag.py:4180} INFO - Setting next_dagrun for example_sensor_decorator to None, run_after=None
[2024-11-09T09:08:13.680+0100] {processor.py:208} INFO - Processing /home/hajar/.local/lib/python3.10/site-packages/airflow/example_dags/example_sensor_decorator.py took 0.261 seconds
[2024-11-09T09:09:57.177+0100] {processor.py:186} INFO - Started process (PID=102118) to work on /home/hajar/.local/lib/python3.10/site-packages/airflow/example_dags/example_sensor_decorator.py
[2024-11-09T09:09:57.188+0100] {processor.py:914} INFO - Processing file /home/hajar/.local/lib/python3.10/site-packages/airflow/example_dags/example_sensor_decorator.py for tasks to queue
[2024-11-09T09:09:57.195+0100] {logging_mixin.py:190} INFO - [2024-11-09T09:09:57.194+0100] {dagbag.py:588} INFO - Filling up the DagBag from /home/hajar/.local/lib/python3.10/site-packages/airflow/example_dags/example_sensor_decorator.py
[2024-11-09T09:09:57.223+0100] {processor.py:925} INFO - DAG(s) 'example_sensor_decorator' retrieved from /home/hajar/.local/lib/python3.10/site-packages/airflow/example_dags/example_sensor_decorator.py
[2024-11-09T09:09:57.271+0100] {logging_mixin.py:190} INFO - [2024-11-09T09:09:57.270+0100] {dag.py:3239} INFO - Sync 1 DAGs
[2024-11-09T09:09:57.316+0100] {logging_mixin.py:190} INFO - [2024-11-09T09:09:57.315+0100] {dag.py:4180} INFO - Setting next_dagrun for example_sensor_decorator to None, run_after=None
[2024-11-09T09:09:57.394+0100] {processor.py:208} INFO - Processing /home/hajar/.local/lib/python3.10/site-packages/airflow/example_dags/example_sensor_decorator.py took 0.252 seconds
[2024-11-09T09:11:44.036+0100] {processor.py:186} INFO - Started process (PID=103391) to work on /home/hajar/.local/lib/python3.10/site-packages/airflow/example_dags/example_sensor_decorator.py
[2024-11-09T09:11:44.047+0100] {processor.py:914} INFO - Processing file /home/hajar/.local/lib/python3.10/site-packages/airflow/example_dags/example_sensor_decorator.py for tasks to queue
[2024-11-09T09:11:44.053+0100] {logging_mixin.py:190} INFO - [2024-11-09T09:11:44.052+0100] {dagbag.py:588} INFO - Filling up the DagBag from /home/hajar/.local/lib/python3.10/site-packages/airflow/example_dags/example_sensor_decorator.py
[2024-11-09T09:11:44.079+0100] {processor.py:925} INFO - DAG(s) 'example_sensor_decorator' retrieved from /home/hajar/.local/lib/python3.10/site-packages/airflow/example_dags/example_sensor_decorator.py
[2024-11-09T09:11:44.122+0100] {logging_mixin.py:190} INFO - [2024-11-09T09:11:44.121+0100] {dag.py:3239} INFO - Sync 1 DAGs
[2024-11-09T09:11:44.161+0100] {logging_mixin.py:190} INFO - [2024-11-09T09:11:44.161+0100] {dag.py:4180} INFO - Setting next_dagrun for example_sensor_decorator to None, run_after=None
[2024-11-09T09:11:44.228+0100] {processor.py:208} INFO - Processing /home/hajar/.local/lib/python3.10/site-packages/airflow/example_dags/example_sensor_decorator.py took 0.228 seconds
[2024-11-09T09:13:31.265+0100] {processor.py:186} INFO - Started process (PID=104680) to work on /home/hajar/.local/lib/python3.10/site-packages/airflow/example_dags/example_sensor_decorator.py
[2024-11-09T09:13:31.269+0100] {processor.py:914} INFO - Processing file /home/hajar/.local/lib/python3.10/site-packages/airflow/example_dags/example_sensor_decorator.py for tasks to queue
[2024-11-09T09:13:31.276+0100] {logging_mixin.py:190} INFO - [2024-11-09T09:13:31.275+0100] {dagbag.py:588} INFO - Filling up the DagBag from /home/hajar/.local/lib/python3.10/site-packages/airflow/example_dags/example_sensor_decorator.py
[2024-11-09T09:13:31.305+0100] {processor.py:925} INFO - DAG(s) 'example_sensor_decorator' retrieved from /home/hajar/.local/lib/python3.10/site-packages/airflow/example_dags/example_sensor_decorator.py
[2024-11-09T09:13:31.353+0100] {logging_mixin.py:190} INFO - [2024-11-09T09:13:31.353+0100] {dag.py:3239} INFO - Sync 1 DAGs
[2024-11-09T09:13:31.400+0100] {logging_mixin.py:190} INFO - [2024-11-09T09:13:31.399+0100] {dag.py:4180} INFO - Setting next_dagrun for example_sensor_decorator to None, run_after=None
[2024-11-09T09:13:31.491+0100] {processor.py:208} INFO - Processing /home/hajar/.local/lib/python3.10/site-packages/airflow/example_dags/example_sensor_decorator.py took 0.265 seconds
[2024-11-09T09:15:14.640+0100] {processor.py:186} INFO - Started process (PID=106117) to work on /home/hajar/.local/lib/python3.10/site-packages/airflow/example_dags/example_sensor_decorator.py
[2024-11-09T09:15:14.651+0100] {processor.py:914} INFO - Processing file /home/hajar/.local/lib/python3.10/site-packages/airflow/example_dags/example_sensor_decorator.py for tasks to queue
[2024-11-09T09:15:14.659+0100] {logging_mixin.py:190} INFO - [2024-11-09T09:15:14.657+0100] {dagbag.py:588} INFO - Filling up the DagBag from /home/hajar/.local/lib/python3.10/site-packages/airflow/example_dags/example_sensor_decorator.py
[2024-11-09T09:15:14.689+0100] {processor.py:925} INFO - DAG(s) 'example_sensor_decorator' retrieved from /home/hajar/.local/lib/python3.10/site-packages/airflow/example_dags/example_sensor_decorator.py
[2024-11-09T09:15:14.739+0100] {logging_mixin.py:190} INFO - [2024-11-09T09:15:14.738+0100] {dag.py:3239} INFO - Sync 1 DAGs
[2024-11-09T09:15:14.788+0100] {logging_mixin.py:190} INFO - [2024-11-09T09:15:14.787+0100] {dag.py:4180} INFO - Setting next_dagrun for example_sensor_decorator to None, run_after=None
[2024-11-09T09:15:14.865+0100] {processor.py:208} INFO - Processing /home/hajar/.local/lib/python3.10/site-packages/airflow/example_dags/example_sensor_decorator.py took 0.266 seconds
[2024-11-09T09:16:59.167+0100] {processor.py:186} INFO - Started process (PID=107342) to work on /home/hajar/.local/lib/python3.10/site-packages/airflow/example_dags/example_sensor_decorator.py
[2024-11-09T09:16:59.171+0100] {processor.py:914} INFO - Processing file /home/hajar/.local/lib/python3.10/site-packages/airflow/example_dags/example_sensor_decorator.py for tasks to queue
[2024-11-09T09:16:59.179+0100] {logging_mixin.py:190} INFO - [2024-11-09T09:16:59.178+0100] {dagbag.py:588} INFO - Filling up the DagBag from /home/hajar/.local/lib/python3.10/site-packages/airflow/example_dags/example_sensor_decorator.py
[2024-11-09T09:16:59.210+0100] {processor.py:925} INFO - DAG(s) 'example_sensor_decorator' retrieved from /home/hajar/.local/lib/python3.10/site-packages/airflow/example_dags/example_sensor_decorator.py
[2024-11-09T09:16:59.263+0100] {logging_mixin.py:190} INFO - [2024-11-09T09:16:59.262+0100] {dag.py:3239} INFO - Sync 1 DAGs
[2024-11-09T09:16:59.311+0100] {logging_mixin.py:190} INFO - [2024-11-09T09:16:59.310+0100] {dag.py:4180} INFO - Setting next_dagrun for example_sensor_decorator to None, run_after=None
[2024-11-09T09:16:59.406+0100] {processor.py:208} INFO - Processing /home/hajar/.local/lib/python3.10/site-packages/airflow/example_dags/example_sensor_decorator.py took 0.295 seconds
[2024-11-09T09:18:40.982+0100] {processor.py:186} INFO - Started process (PID=108663) to work on /home/hajar/.local/lib/python3.10/site-packages/airflow/example_dags/example_sensor_decorator.py
[2024-11-09T09:18:40.994+0100] {processor.py:914} INFO - Processing file /home/hajar/.local/lib/python3.10/site-packages/airflow/example_dags/example_sensor_decorator.py for tasks to queue
[2024-11-09T09:18:41.004+0100] {logging_mixin.py:190} INFO - [2024-11-09T09:18:41.003+0100] {dagbag.py:588} INFO - Filling up the DagBag from /home/hajar/.local/lib/python3.10/site-packages/airflow/example_dags/example_sensor_decorator.py
[2024-11-09T09:18:41.039+0100] {processor.py:925} INFO - DAG(s) 'example_sensor_decorator' retrieved from /home/hajar/.local/lib/python3.10/site-packages/airflow/example_dags/example_sensor_decorator.py
[2024-11-09T09:18:41.096+0100] {logging_mixin.py:190} INFO - [2024-11-09T09:18:41.096+0100] {dag.py:3239} INFO - Sync 1 DAGs
[2024-11-09T09:18:41.149+0100] {logging_mixin.py:190} INFO - [2024-11-09T09:18:41.148+0100] {dag.py:4180} INFO - Setting next_dagrun for example_sensor_decorator to None, run_after=None
[2024-11-09T09:18:41.229+0100] {processor.py:208} INFO - Processing /home/hajar/.local/lib/python3.10/site-packages/airflow/example_dags/example_sensor_decorator.py took 0.301 seconds
[2024-11-09T09:20:24.960+0100] {processor.py:186} INFO - Started process (PID=109975) to work on /home/hajar/.local/lib/python3.10/site-packages/airflow/example_dags/example_sensor_decorator.py
[2024-11-09T09:20:24.970+0100] {processor.py:914} INFO - Processing file /home/hajar/.local/lib/python3.10/site-packages/airflow/example_dags/example_sensor_decorator.py for tasks to queue
[2024-11-09T09:20:24.977+0100] {logging_mixin.py:190} INFO - [2024-11-09T09:20:24.976+0100] {dagbag.py:588} INFO - Filling up the DagBag from /home/hajar/.local/lib/python3.10/site-packages/airflow/example_dags/example_sensor_decorator.py
[2024-11-09T09:20:25.005+0100] {processor.py:925} INFO - DAG(s) 'example_sensor_decorator' retrieved from /home/hajar/.local/lib/python3.10/site-packages/airflow/example_dags/example_sensor_decorator.py
[2024-11-09T09:20:25.054+0100] {logging_mixin.py:190} INFO - [2024-11-09T09:20:25.053+0100] {dag.py:3239} INFO - Sync 1 DAGs
[2024-11-09T09:20:25.099+0100] {logging_mixin.py:190} INFO - [2024-11-09T09:20:25.098+0100] {dag.py:4180} INFO - Setting next_dagrun for example_sensor_decorator to None, run_after=None
[2024-11-09T09:20:25.180+0100] {processor.py:208} INFO - Processing /home/hajar/.local/lib/python3.10/site-packages/airflow/example_dags/example_sensor_decorator.py took 0.254 seconds
[2024-11-09T09:22:09.892+0100] {processor.py:186} INFO - Started process (PID=111257) to work on /home/hajar/.local/lib/python3.10/site-packages/airflow/example_dags/example_sensor_decorator.py
[2024-11-09T09:22:09.902+0100] {processor.py:914} INFO - Processing file /home/hajar/.local/lib/python3.10/site-packages/airflow/example_dags/example_sensor_decorator.py for tasks to queue
[2024-11-09T09:22:09.911+0100] {logging_mixin.py:190} INFO - [2024-11-09T09:22:09.909+0100] {dagbag.py:588} INFO - Filling up the DagBag from /home/hajar/.local/lib/python3.10/site-packages/airflow/example_dags/example_sensor_decorator.py
[2024-11-09T09:22:09.942+0100] {processor.py:925} INFO - DAG(s) 'example_sensor_decorator' retrieved from /home/hajar/.local/lib/python3.10/site-packages/airflow/example_dags/example_sensor_decorator.py
[2024-11-09T09:22:09.990+0100] {logging_mixin.py:190} INFO - [2024-11-09T09:22:09.989+0100] {dag.py:3239} INFO - Sync 1 DAGs
[2024-11-09T09:22:10.039+0100] {logging_mixin.py:190} INFO - [2024-11-09T09:22:10.038+0100] {dag.py:4180} INFO - Setting next_dagrun for example_sensor_decorator to None, run_after=None
[2024-11-09T09:22:10.117+0100] {processor.py:208} INFO - Processing /home/hajar/.local/lib/python3.10/site-packages/airflow/example_dags/example_sensor_decorator.py took 0.263 seconds
[2024-11-09T09:23:58.111+0100] {processor.py:186} INFO - Started process (PID=112611) to work on /home/hajar/.local/lib/python3.10/site-packages/airflow/example_dags/example_sensor_decorator.py
[2024-11-09T09:23:58.122+0100] {processor.py:914} INFO - Processing file /home/hajar/.local/lib/python3.10/site-packages/airflow/example_dags/example_sensor_decorator.py for tasks to queue
[2024-11-09T09:23:58.130+0100] {logging_mixin.py:190} INFO - [2024-11-09T09:23:58.129+0100] {dagbag.py:588} INFO - Filling up the DagBag from /home/hajar/.local/lib/python3.10/site-packages/airflow/example_dags/example_sensor_decorator.py
[2024-11-09T09:23:58.159+0100] {processor.py:925} INFO - DAG(s) 'example_sensor_decorator' retrieved from /home/hajar/.local/lib/python3.10/site-packages/airflow/example_dags/example_sensor_decorator.py
[2024-11-09T09:23:58.208+0100] {logging_mixin.py:190} INFO - [2024-11-09T09:23:58.207+0100] {dag.py:3239} INFO - Sync 1 DAGs
[2024-11-09T09:23:58.259+0100] {logging_mixin.py:190} INFO - [2024-11-09T09:23:58.258+0100] {dag.py:4180} INFO - Setting next_dagrun for example_sensor_decorator to None, run_after=None
[2024-11-09T09:23:58.331+0100] {processor.py:208} INFO - Processing /home/hajar/.local/lib/python3.10/site-packages/airflow/example_dags/example_sensor_decorator.py took 0.261 seconds
[2024-11-09T09:25:44.813+0100] {processor.py:186} INFO - Started process (PID=113803) to work on /home/hajar/.local/lib/python3.10/site-packages/airflow/example_dags/example_sensor_decorator.py
[2024-11-09T09:25:44.824+0100] {processor.py:914} INFO - Processing file /home/hajar/.local/lib/python3.10/site-packages/airflow/example_dags/example_sensor_decorator.py for tasks to queue
[2024-11-09T09:25:44.833+0100] {logging_mixin.py:190} INFO - [2024-11-09T09:25:44.832+0100] {dagbag.py:588} INFO - Filling up the DagBag from /home/hajar/.local/lib/python3.10/site-packages/airflow/example_dags/example_sensor_decorator.py
[2024-11-09T09:25:44.865+0100] {processor.py:925} INFO - DAG(s) 'example_sensor_decorator' retrieved from /home/hajar/.local/lib/python3.10/site-packages/airflow/example_dags/example_sensor_decorator.py
[2024-11-09T09:25:44.915+0100] {logging_mixin.py:190} INFO - [2024-11-09T09:25:44.914+0100] {dag.py:3239} INFO - Sync 1 DAGs
[2024-11-09T09:25:44.961+0100] {logging_mixin.py:190} INFO - [2024-11-09T09:25:44.960+0100] {dag.py:4180} INFO - Setting next_dagrun for example_sensor_decorator to None, run_after=None
[2024-11-09T09:25:45.035+0100] {processor.py:208} INFO - Processing /home/hajar/.local/lib/python3.10/site-packages/airflow/example_dags/example_sensor_decorator.py took 0.260 seconds
[2024-11-09T09:27:31.528+0100] {processor.py:186} INFO - Started process (PID=114986) to work on /home/hajar/.local/lib/python3.10/site-packages/airflow/example_dags/example_sensor_decorator.py
[2024-11-09T09:27:31.539+0100] {processor.py:914} INFO - Processing file /home/hajar/.local/lib/python3.10/site-packages/airflow/example_dags/example_sensor_decorator.py for tasks to queue
[2024-11-09T09:27:31.551+0100] {logging_mixin.py:190} INFO - [2024-11-09T09:27:31.549+0100] {dagbag.py:588} INFO - Filling up the DagBag from /home/hajar/.local/lib/python3.10/site-packages/airflow/example_dags/example_sensor_decorator.py
[2024-11-09T09:27:31.592+0100] {processor.py:925} INFO - DAG(s) 'example_sensor_decorator' retrieved from /home/hajar/.local/lib/python3.10/site-packages/airflow/example_dags/example_sensor_decorator.py
[2024-11-09T09:27:31.655+0100] {logging_mixin.py:190} INFO - [2024-11-09T09:27:31.654+0100] {dag.py:3239} INFO - Sync 1 DAGs
[2024-11-09T09:27:31.726+0100] {logging_mixin.py:190} INFO - [2024-11-09T09:27:31.725+0100] {dag.py:4180} INFO - Setting next_dagrun for example_sensor_decorator to None, run_after=None
[2024-11-09T09:27:31.845+0100] {processor.py:208} INFO - Processing /home/hajar/.local/lib/python3.10/site-packages/airflow/example_dags/example_sensor_decorator.py took 0.369 seconds
[2024-11-09T09:29:20.564+0100] {processor.py:186} INFO - Started process (PID=116394) to work on /home/hajar/.local/lib/python3.10/site-packages/airflow/example_dags/example_sensor_decorator.py
[2024-11-09T09:29:20.568+0100] {processor.py:914} INFO - Processing file /home/hajar/.local/lib/python3.10/site-packages/airflow/example_dags/example_sensor_decorator.py for tasks to queue
[2024-11-09T09:29:20.577+0100] {logging_mixin.py:190} INFO - [2024-11-09T09:29:20.575+0100] {dagbag.py:588} INFO - Filling up the DagBag from /home/hajar/.local/lib/python3.10/site-packages/airflow/example_dags/example_sensor_decorator.py
[2024-11-09T09:29:20.614+0100] {processor.py:925} INFO - DAG(s) 'example_sensor_decorator' retrieved from /home/hajar/.local/lib/python3.10/site-packages/airflow/example_dags/example_sensor_decorator.py
[2024-11-09T09:29:20.676+0100] {logging_mixin.py:190} INFO - [2024-11-09T09:29:20.675+0100] {dag.py:3239} INFO - Sync 1 DAGs
[2024-11-09T09:29:20.725+0100] {logging_mixin.py:190} INFO - [2024-11-09T09:29:20.724+0100] {dag.py:4180} INFO - Setting next_dagrun for example_sensor_decorator to None, run_after=None
[2024-11-09T09:29:20.816+0100] {processor.py:208} INFO - Processing /home/hajar/.local/lib/python3.10/site-packages/airflow/example_dags/example_sensor_decorator.py took 0.316 seconds
[2024-11-09T09:31:10.679+0100] {processor.py:186} INFO - Started process (PID=117698) to work on /home/hajar/.local/lib/python3.10/site-packages/airflow/example_dags/example_sensor_decorator.py
[2024-11-09T09:31:10.690+0100] {processor.py:914} INFO - Processing file /home/hajar/.local/lib/python3.10/site-packages/airflow/example_dags/example_sensor_decorator.py for tasks to queue
[2024-11-09T09:31:10.698+0100] {logging_mixin.py:190} INFO - [2024-11-09T09:31:10.696+0100] {dagbag.py:588} INFO - Filling up the DagBag from /home/hajar/.local/lib/python3.10/site-packages/airflow/example_dags/example_sensor_decorator.py
[2024-11-09T09:31:10.728+0100] {processor.py:925} INFO - DAG(s) 'example_sensor_decorator' retrieved from /home/hajar/.local/lib/python3.10/site-packages/airflow/example_dags/example_sensor_decorator.py
[2024-11-09T09:31:10.776+0100] {logging_mixin.py:190} INFO - [2024-11-09T09:31:10.775+0100] {dag.py:3239} INFO - Sync 1 DAGs
[2024-11-09T09:31:10.823+0100] {logging_mixin.py:190} INFO - [2024-11-09T09:31:10.822+0100] {dag.py:4180} INFO - Setting next_dagrun for example_sensor_decorator to None, run_after=None
[2024-11-09T09:31:10.886+0100] {processor.py:208} INFO - Processing /home/hajar/.local/lib/python3.10/site-packages/airflow/example_dags/example_sensor_decorator.py took 0.249 seconds
[2024-11-09T09:32:58.860+0100] {processor.py:186} INFO - Started process (PID=118930) to work on /home/hajar/.local/lib/python3.10/site-packages/airflow/example_dags/example_sensor_decorator.py
[2024-11-09T09:32:58.871+0100] {processor.py:914} INFO - Processing file /home/hajar/.local/lib/python3.10/site-packages/airflow/example_dags/example_sensor_decorator.py for tasks to queue
[2024-11-09T09:32:58.879+0100] {logging_mixin.py:190} INFO - [2024-11-09T09:32:58.877+0100] {dagbag.py:588} INFO - Filling up the DagBag from /home/hajar/.local/lib/python3.10/site-packages/airflow/example_dags/example_sensor_decorator.py
[2024-11-09T09:32:58.909+0100] {processor.py:925} INFO - DAG(s) 'example_sensor_decorator' retrieved from /home/hajar/.local/lib/python3.10/site-packages/airflow/example_dags/example_sensor_decorator.py
[2024-11-09T09:32:58.965+0100] {logging_mixin.py:190} INFO - [2024-11-09T09:32:58.964+0100] {dag.py:3239} INFO - Sync 1 DAGs
[2024-11-09T09:32:59.022+0100] {logging_mixin.py:190} INFO - [2024-11-09T09:32:59.022+0100] {dag.py:4180} INFO - Setting next_dagrun for example_sensor_decorator to None, run_after=None
[2024-11-09T09:32:59.094+0100] {processor.py:208} INFO - Processing /home/hajar/.local/lib/python3.10/site-packages/airflow/example_dags/example_sensor_decorator.py took 0.273 seconds
[2024-11-09T09:34:46.051+0100] {processor.py:186} INFO - Started process (PID=120221) to work on /home/hajar/.local/lib/python3.10/site-packages/airflow/example_dags/example_sensor_decorator.py
[2024-11-09T09:34:46.062+0100] {processor.py:914} INFO - Processing file /home/hajar/.local/lib/python3.10/site-packages/airflow/example_dags/example_sensor_decorator.py for tasks to queue
[2024-11-09T09:34:46.071+0100] {logging_mixin.py:190} INFO - [2024-11-09T09:34:46.069+0100] {dagbag.py:588} INFO - Filling up the DagBag from /home/hajar/.local/lib/python3.10/site-packages/airflow/example_dags/example_sensor_decorator.py
[2024-11-09T09:34:46.102+0100] {processor.py:925} INFO - DAG(s) 'example_sensor_decorator' retrieved from /home/hajar/.local/lib/python3.10/site-packages/airflow/example_dags/example_sensor_decorator.py
[2024-11-09T09:34:46.150+0100] {logging_mixin.py:190} INFO - [2024-11-09T09:34:46.149+0100] {dag.py:3239} INFO - Sync 1 DAGs
[2024-11-09T09:34:46.199+0100] {logging_mixin.py:190} INFO - [2024-11-09T09:34:46.198+0100] {dag.py:4180} INFO - Setting next_dagrun for example_sensor_decorator to None, run_after=None
[2024-11-09T09:34:46.272+0100] {processor.py:208} INFO - Processing /home/hajar/.local/lib/python3.10/site-packages/airflow/example_dags/example_sensor_decorator.py took 0.267 seconds
[2024-11-09T09:36:31.502+0100] {processor.py:186} INFO - Started process (PID=121512) to work on /home/hajar/.local/lib/python3.10/site-packages/airflow/example_dags/example_sensor_decorator.py
[2024-11-09T09:36:31.512+0100] {processor.py:914} INFO - Processing file /home/hajar/.local/lib/python3.10/site-packages/airflow/example_dags/example_sensor_decorator.py for tasks to queue
[2024-11-09T09:36:31.518+0100] {logging_mixin.py:190} INFO - [2024-11-09T09:36:31.517+0100] {dagbag.py:588} INFO - Filling up the DagBag from /home/hajar/.local/lib/python3.10/site-packages/airflow/example_dags/example_sensor_decorator.py
[2024-11-09T09:36:31.544+0100] {processor.py:925} INFO - DAG(s) 'example_sensor_decorator' retrieved from /home/hajar/.local/lib/python3.10/site-packages/airflow/example_dags/example_sensor_decorator.py
[2024-11-09T09:36:31.587+0100] {logging_mixin.py:190} INFO - [2024-11-09T09:36:31.587+0100] {dag.py:3239} INFO - Sync 1 DAGs
[2024-11-09T09:36:31.629+0100] {logging_mixin.py:190} INFO - [2024-11-09T09:36:31.629+0100] {dag.py:4180} INFO - Setting next_dagrun for example_sensor_decorator to None, run_after=None
[2024-11-09T09:36:31.693+0100] {processor.py:208} INFO - Processing /home/hajar/.local/lib/python3.10/site-packages/airflow/example_dags/example_sensor_decorator.py took 0.224 seconds
[2024-11-09T09:38:22.296+0100] {processor.py:186} INFO - Started process (PID=122910) to work on /home/hajar/.local/lib/python3.10/site-packages/airflow/example_dags/example_sensor_decorator.py
[2024-11-09T09:38:22.307+0100] {processor.py:914} INFO - Processing file /home/hajar/.local/lib/python3.10/site-packages/airflow/example_dags/example_sensor_decorator.py for tasks to queue
[2024-11-09T09:38:22.315+0100] {logging_mixin.py:190} INFO - [2024-11-09T09:38:22.313+0100] {dagbag.py:588} INFO - Filling up the DagBag from /home/hajar/.local/lib/python3.10/site-packages/airflow/example_dags/example_sensor_decorator.py
[2024-11-09T09:38:22.344+0100] {processor.py:925} INFO - DAG(s) 'example_sensor_decorator' retrieved from /home/hajar/.local/lib/python3.10/site-packages/airflow/example_dags/example_sensor_decorator.py
[2024-11-09T09:38:22.394+0100] {logging_mixin.py:190} INFO - [2024-11-09T09:38:22.393+0100] {dag.py:3239} INFO - Sync 1 DAGs
[2024-11-09T09:38:22.444+0100] {logging_mixin.py:190} INFO - [2024-11-09T09:38:22.444+0100] {dag.py:4180} INFO - Setting next_dagrun for example_sensor_decorator to None, run_after=None
[2024-11-09T09:38:22.519+0100] {processor.py:208} INFO - Processing /home/hajar/.local/lib/python3.10/site-packages/airflow/example_dags/example_sensor_decorator.py took 0.264 seconds
[2024-11-09T09:40:12.730+0100] {processor.py:186} INFO - Started process (PID=124248) to work on /home/hajar/.local/lib/python3.10/site-packages/airflow/example_dags/example_sensor_decorator.py
[2024-11-09T09:40:12.741+0100] {processor.py:914} INFO - Processing file /home/hajar/.local/lib/python3.10/site-packages/airflow/example_dags/example_sensor_decorator.py for tasks to queue
[2024-11-09T09:40:12.750+0100] {logging_mixin.py:190} INFO - [2024-11-09T09:40:12.749+0100] {dagbag.py:588} INFO - Filling up the DagBag from /home/hajar/.local/lib/python3.10/site-packages/airflow/example_dags/example_sensor_decorator.py
[2024-11-09T09:40:12.783+0100] {processor.py:925} INFO - DAG(s) 'example_sensor_decorator' retrieved from /home/hajar/.local/lib/python3.10/site-packages/airflow/example_dags/example_sensor_decorator.py
[2024-11-09T09:40:12.841+0100] {logging_mixin.py:190} INFO - [2024-11-09T09:40:12.840+0100] {dag.py:3239} INFO - Sync 1 DAGs
[2024-11-09T09:40:12.896+0100] {logging_mixin.py:190} INFO - [2024-11-09T09:40:12.895+0100] {dag.py:4180} INFO - Setting next_dagrun for example_sensor_decorator to None, run_after=None
[2024-11-09T09:40:12.978+0100] {processor.py:208} INFO - Processing /home/hajar/.local/lib/python3.10/site-packages/airflow/example_dags/example_sensor_decorator.py took 0.292 seconds
[2024-11-09T09:42:03.671+0100] {processor.py:186} INFO - Started process (PID=125547) to work on /home/hajar/.local/lib/python3.10/site-packages/airflow/example_dags/example_sensor_decorator.py
[2024-11-09T09:42:03.682+0100] {processor.py:914} INFO - Processing file /home/hajar/.local/lib/python3.10/site-packages/airflow/example_dags/example_sensor_decorator.py for tasks to queue
[2024-11-09T09:42:03.693+0100] {logging_mixin.py:190} INFO - [2024-11-09T09:42:03.692+0100] {dagbag.py:588} INFO - Filling up the DagBag from /home/hajar/.local/lib/python3.10/site-packages/airflow/example_dags/example_sensor_decorator.py
[2024-11-09T09:42:03.732+0100] {processor.py:925} INFO - DAG(s) 'example_sensor_decorator' retrieved from /home/hajar/.local/lib/python3.10/site-packages/airflow/example_dags/example_sensor_decorator.py
[2024-11-09T09:42:03.808+0100] {logging_mixin.py:190} INFO - [2024-11-09T09:42:03.807+0100] {dag.py:3239} INFO - Sync 1 DAGs
[2024-11-09T09:42:03.880+0100] {logging_mixin.py:190} INFO - [2024-11-09T09:42:03.880+0100] {dag.py:4180} INFO - Setting next_dagrun for example_sensor_decorator to None, run_after=None
[2024-11-09T09:42:03.971+0100] {processor.py:208} INFO - Processing /home/hajar/.local/lib/python3.10/site-packages/airflow/example_dags/example_sensor_decorator.py took 0.349 seconds
[2024-11-09T09:43:48.172+0100] {processor.py:186} INFO - Started process (PID=126999) to work on /home/hajar/.local/lib/python3.10/site-packages/airflow/example_dags/example_sensor_decorator.py
[2024-11-09T09:43:48.175+0100] {processor.py:914} INFO - Processing file /home/hajar/.local/lib/python3.10/site-packages/airflow/example_dags/example_sensor_decorator.py for tasks to queue
[2024-11-09T09:43:48.181+0100] {logging_mixin.py:190} INFO - [2024-11-09T09:43:48.180+0100] {dagbag.py:588} INFO - Filling up the DagBag from /home/hajar/.local/lib/python3.10/site-packages/airflow/example_dags/example_sensor_decorator.py
[2024-11-09T09:43:48.206+0100] {processor.py:925} INFO - DAG(s) 'example_sensor_decorator' retrieved from /home/hajar/.local/lib/python3.10/site-packages/airflow/example_dags/example_sensor_decorator.py
[2024-11-09T09:43:48.249+0100] {logging_mixin.py:190} INFO - [2024-11-09T09:43:48.248+0100] {dag.py:3239} INFO - Sync 1 DAGs
[2024-11-09T09:43:48.288+0100] {logging_mixin.py:190} INFO - [2024-11-09T09:43:48.288+0100] {dag.py:4180} INFO - Setting next_dagrun for example_sensor_decorator to None, run_after=None
[2024-11-09T09:43:48.345+0100] {processor.py:208} INFO - Processing /home/hajar/.local/lib/python3.10/site-packages/airflow/example_dags/example_sensor_decorator.py took 0.206 seconds
[2024-11-09T09:45:38.728+0100] {processor.py:186} INFO - Started process (PID=128330) to work on /home/hajar/.local/lib/python3.10/site-packages/airflow/example_dags/example_sensor_decorator.py
[2024-11-09T09:45:38.738+0100] {processor.py:914} INFO - Processing file /home/hajar/.local/lib/python3.10/site-packages/airflow/example_dags/example_sensor_decorator.py for tasks to queue
[2024-11-09T09:45:38.746+0100] {logging_mixin.py:190} INFO - [2024-11-09T09:45:38.745+0100] {dagbag.py:588} INFO - Filling up the DagBag from /home/hajar/.local/lib/python3.10/site-packages/airflow/example_dags/example_sensor_decorator.py
[2024-11-09T09:45:38.776+0100] {processor.py:925} INFO - DAG(s) 'example_sensor_decorator' retrieved from /home/hajar/.local/lib/python3.10/site-packages/airflow/example_dags/example_sensor_decorator.py
[2024-11-09T09:45:38.828+0100] {logging_mixin.py:190} INFO - [2024-11-09T09:45:38.827+0100] {dag.py:3239} INFO - Sync 1 DAGs
[2024-11-09T09:45:38.884+0100] {logging_mixin.py:190} INFO - [2024-11-09T09:45:38.883+0100] {dag.py:4180} INFO - Setting next_dagrun for example_sensor_decorator to None, run_after=None
[2024-11-09T09:45:38.964+0100] {processor.py:208} INFO - Processing /home/hajar/.local/lib/python3.10/site-packages/airflow/example_dags/example_sensor_decorator.py took 0.274 seconds
[2024-11-09T09:47:29.477+0100] {processor.py:186} INFO - Started process (PID=129933) to work on /home/hajar/.local/lib/python3.10/site-packages/airflow/example_dags/example_sensor_decorator.py
[2024-11-09T09:47:29.483+0100] {processor.py:914} INFO - Processing file /home/hajar/.local/lib/python3.10/site-packages/airflow/example_dags/example_sensor_decorator.py for tasks to queue
[2024-11-09T09:47:29.490+0100] {logging_mixin.py:190} INFO - [2024-11-09T09:47:29.489+0100] {dagbag.py:588} INFO - Filling up the DagBag from /home/hajar/.local/lib/python3.10/site-packages/airflow/example_dags/example_sensor_decorator.py
[2024-11-09T09:47:29.521+0100] {processor.py:925} INFO - DAG(s) 'example_sensor_decorator' retrieved from /home/hajar/.local/lib/python3.10/site-packages/airflow/example_dags/example_sensor_decorator.py
[2024-11-09T09:47:29.573+0100] {logging_mixin.py:190} INFO - [2024-11-09T09:47:29.572+0100] {dag.py:3239} INFO - Sync 1 DAGs
[2024-11-09T09:47:29.628+0100] {logging_mixin.py:190} INFO - [2024-11-09T09:47:29.627+0100] {dag.py:4180} INFO - Setting next_dagrun for example_sensor_decorator to None, run_after=None
[2024-11-09T09:47:29.697+0100] {processor.py:208} INFO - Processing /home/hajar/.local/lib/python3.10/site-packages/airflow/example_dags/example_sensor_decorator.py took 0.262 seconds
[2024-11-09T09:49:22.783+0100] {processor.py:186} INFO - Started process (PID=131279) to work on /home/hajar/.local/lib/python3.10/site-packages/airflow/example_dags/example_sensor_decorator.py
[2024-11-09T09:49:22.787+0100] {processor.py:914} INFO - Processing file /home/hajar/.local/lib/python3.10/site-packages/airflow/example_dags/example_sensor_decorator.py for tasks to queue
[2024-11-09T09:49:22.795+0100] {logging_mixin.py:190} INFO - [2024-11-09T09:49:22.794+0100] {dagbag.py:588} INFO - Filling up the DagBag from /home/hajar/.local/lib/python3.10/site-packages/airflow/example_dags/example_sensor_decorator.py
[2024-11-09T09:49:22.829+0100] {processor.py:925} INFO - DAG(s) 'example_sensor_decorator' retrieved from /home/hajar/.local/lib/python3.10/site-packages/airflow/example_dags/example_sensor_decorator.py
[2024-11-09T09:49:22.883+0100] {logging_mixin.py:190} INFO - [2024-11-09T09:49:22.882+0100] {dag.py:3239} INFO - Sync 1 DAGs
[2024-11-09T09:49:22.941+0100] {logging_mixin.py:190} INFO - [2024-11-09T09:49:22.940+0100] {dag.py:4180} INFO - Setting next_dagrun for example_sensor_decorator to None, run_after=None
[2024-11-09T09:49:23.026+0100] {processor.py:208} INFO - Processing /home/hajar/.local/lib/python3.10/site-packages/airflow/example_dags/example_sensor_decorator.py took 0.287 seconds
[2024-11-09T09:51:08.337+0100] {processor.py:186} INFO - Started process (PID=132680) to work on /home/hajar/.local/lib/python3.10/site-packages/airflow/example_dags/example_sensor_decorator.py
[2024-11-09T09:51:08.348+0100] {processor.py:914} INFO - Processing file /home/hajar/.local/lib/python3.10/site-packages/airflow/example_dags/example_sensor_decorator.py for tasks to queue
[2024-11-09T09:51:08.355+0100] {logging_mixin.py:190} INFO - [2024-11-09T09:51:08.354+0100] {dagbag.py:588} INFO - Filling up the DagBag from /home/hajar/.local/lib/python3.10/site-packages/airflow/example_dags/example_sensor_decorator.py
[2024-11-09T09:51:08.382+0100] {processor.py:925} INFO - DAG(s) 'example_sensor_decorator' retrieved from /home/hajar/.local/lib/python3.10/site-packages/airflow/example_dags/example_sensor_decorator.py
[2024-11-09T09:51:08.431+0100] {logging_mixin.py:190} INFO - [2024-11-09T09:51:08.431+0100] {dag.py:3239} INFO - Sync 1 DAGs
[2024-11-09T09:51:08.486+0100] {logging_mixin.py:190} INFO - [2024-11-09T09:51:08.485+0100] {dag.py:4180} INFO - Setting next_dagrun for example_sensor_decorator to None, run_after=None
[2024-11-09T09:51:08.577+0100] {processor.py:208} INFO - Processing /home/hajar/.local/lib/python3.10/site-packages/airflow/example_dags/example_sensor_decorator.py took 0.286 seconds
[2024-11-09T09:52:56.574+0100] {processor.py:186} INFO - Started process (PID=134050) to work on /home/hajar/.local/lib/python3.10/site-packages/airflow/example_dags/example_sensor_decorator.py
[2024-11-09T09:52:56.585+0100] {processor.py:914} INFO - Processing file /home/hajar/.local/lib/python3.10/site-packages/airflow/example_dags/example_sensor_decorator.py for tasks to queue
[2024-11-09T09:52:56.593+0100] {logging_mixin.py:190} INFO - [2024-11-09T09:52:56.592+0100] {dagbag.py:588} INFO - Filling up the DagBag from /home/hajar/.local/lib/python3.10/site-packages/airflow/example_dags/example_sensor_decorator.py
[2024-11-09T09:52:56.621+0100] {processor.py:925} INFO - DAG(s) 'example_sensor_decorator' retrieved from /home/hajar/.local/lib/python3.10/site-packages/airflow/example_dags/example_sensor_decorator.py
[2024-11-09T09:52:56.670+0100] {logging_mixin.py:190} INFO - [2024-11-09T09:52:56.669+0100] {dag.py:3239} INFO - Sync 1 DAGs
[2024-11-09T09:52:56.715+0100] {logging_mixin.py:190} INFO - [2024-11-09T09:52:56.715+0100] {dag.py:4180} INFO - Setting next_dagrun for example_sensor_decorator to None, run_after=None
[2024-11-09T09:52:56.787+0100] {processor.py:208} INFO - Processing /home/hajar/.local/lib/python3.10/site-packages/airflow/example_dags/example_sensor_decorator.py took 0.250 seconds
[2024-11-09T09:54:56.949+0100] {processor.py:186} INFO - Started process (PID=135573) to work on /home/hajar/.local/lib/python3.10/site-packages/airflow/example_dags/example_sensor_decorator.py
[2024-11-09T09:54:56.960+0100] {processor.py:914} INFO - Processing file /home/hajar/.local/lib/python3.10/site-packages/airflow/example_dags/example_sensor_decorator.py for tasks to queue
[2024-11-09T09:54:56.968+0100] {logging_mixin.py:190} INFO - [2024-11-09T09:54:56.967+0100] {dagbag.py:588} INFO - Filling up the DagBag from /home/hajar/.local/lib/python3.10/site-packages/airflow/example_dags/example_sensor_decorator.py
[2024-11-09T09:54:56.999+0100] {processor.py:925} INFO - DAG(s) 'example_sensor_decorator' retrieved from /home/hajar/.local/lib/python3.10/site-packages/airflow/example_dags/example_sensor_decorator.py
[2024-11-09T09:54:57.049+0100] {logging_mixin.py:190} INFO - [2024-11-09T09:54:57.048+0100] {dag.py:3239} INFO - Sync 1 DAGs
[2024-11-09T09:54:57.095+0100] {logging_mixin.py:190} INFO - [2024-11-09T09:54:57.094+0100] {dag.py:4180} INFO - Setting next_dagrun for example_sensor_decorator to None, run_after=None
[2024-11-09T09:54:57.177+0100] {processor.py:208} INFO - Processing /home/hajar/.local/lib/python3.10/site-packages/airflow/example_dags/example_sensor_decorator.py took 0.269 seconds
[2024-11-09T09:56:59.295+0100] {processor.py:186} INFO - Started process (PID=137028) to work on /home/hajar/.local/lib/python3.10/site-packages/airflow/example_dags/example_sensor_decorator.py
[2024-11-09T09:56:59.306+0100] {processor.py:914} INFO - Processing file /home/hajar/.local/lib/python3.10/site-packages/airflow/example_dags/example_sensor_decorator.py for tasks to queue
[2024-11-09T09:56:59.313+0100] {logging_mixin.py:190} INFO - [2024-11-09T09:56:59.312+0100] {dagbag.py:588} INFO - Filling up the DagBag from /home/hajar/.local/lib/python3.10/site-packages/airflow/example_dags/example_sensor_decorator.py
[2024-11-09T09:56:59.341+0100] {processor.py:925} INFO - DAG(s) 'example_sensor_decorator' retrieved from /home/hajar/.local/lib/python3.10/site-packages/airflow/example_dags/example_sensor_decorator.py
[2024-11-09T09:56:59.385+0100] {logging_mixin.py:190} INFO - [2024-11-09T09:56:59.384+0100] {dag.py:3239} INFO - Sync 1 DAGs
[2024-11-09T09:56:59.427+0100] {logging_mixin.py:190} INFO - [2024-11-09T09:56:59.426+0100] {dag.py:4180} INFO - Setting next_dagrun for example_sensor_decorator to None, run_after=None
[2024-11-09T09:56:59.515+0100] {processor.py:208} INFO - Processing /home/hajar/.local/lib/python3.10/site-packages/airflow/example_dags/example_sensor_decorator.py took 0.261 seconds
[2024-11-09T09:59:02.593+0100] {processor.py:186} INFO - Started process (PID=138789) to work on /home/hajar/.local/lib/python3.10/site-packages/airflow/example_dags/example_sensor_decorator.py
[2024-11-09T09:59:02.603+0100] {processor.py:914} INFO - Processing file /home/hajar/.local/lib/python3.10/site-packages/airflow/example_dags/example_sensor_decorator.py for tasks to queue
[2024-11-09T09:59:02.614+0100] {logging_mixin.py:190} INFO - [2024-11-09T09:59:02.612+0100] {dagbag.py:588} INFO - Filling up the DagBag from /home/hajar/.local/lib/python3.10/site-packages/airflow/example_dags/example_sensor_decorator.py
[2024-11-09T09:59:02.649+0100] {processor.py:925} INFO - DAG(s) 'example_sensor_decorator' retrieved from /home/hajar/.local/lib/python3.10/site-packages/airflow/example_dags/example_sensor_decorator.py
[2024-11-09T09:59:02.715+0100] {logging_mixin.py:190} INFO - [2024-11-09T09:59:02.714+0100] {dag.py:3239} INFO - Sync 1 DAGs
[2024-11-09T09:59:02.780+0100] {logging_mixin.py:190} INFO - [2024-11-09T09:59:02.779+0100] {dag.py:4180} INFO - Setting next_dagrun for example_sensor_decorator to None, run_after=None
[2024-11-09T09:59:02.872+0100] {processor.py:208} INFO - Processing /home/hajar/.local/lib/python3.10/site-packages/airflow/example_dags/example_sensor_decorator.py took 0.321 seconds
[2024-11-09T10:01:12.013+0100] {processor.py:186} INFO - Started process (PID=140182) to work on /home/hajar/.local/lib/python3.10/site-packages/airflow/example_dags/example_sensor_decorator.py
[2024-11-09T10:01:12.024+0100] {processor.py:914} INFO - Processing file /home/hajar/.local/lib/python3.10/site-packages/airflow/example_dags/example_sensor_decorator.py for tasks to queue
[2024-11-09T10:01:12.032+0100] {logging_mixin.py:190} INFO - [2024-11-09T10:01:12.031+0100] {dagbag.py:588} INFO - Filling up the DagBag from /home/hajar/.local/lib/python3.10/site-packages/airflow/example_dags/example_sensor_decorator.py
[2024-11-09T10:01:12.067+0100] {processor.py:925} INFO - DAG(s) 'example_sensor_decorator' retrieved from /home/hajar/.local/lib/python3.10/site-packages/airflow/example_dags/example_sensor_decorator.py
[2024-11-09T10:01:12.129+0100] {logging_mixin.py:190} INFO - [2024-11-09T10:01:12.129+0100] {dag.py:3239} INFO - Sync 1 DAGs
[2024-11-09T10:01:12.186+0100] {logging_mixin.py:190} INFO - [2024-11-09T10:01:12.185+0100] {dag.py:4180} INFO - Setting next_dagrun for example_sensor_decorator to None, run_after=None
[2024-11-09T10:01:12.276+0100] {processor.py:208} INFO - Processing /home/hajar/.local/lib/python3.10/site-packages/airflow/example_dags/example_sensor_decorator.py took 0.311 seconds
[2024-11-09T10:03:29.324+0100] {processor.py:186} INFO - Started process (PID=141820) to work on /home/hajar/.local/lib/python3.10/site-packages/airflow/example_dags/example_sensor_decorator.py
[2024-11-09T10:03:29.335+0100] {processor.py:914} INFO - Processing file /home/hajar/.local/lib/python3.10/site-packages/airflow/example_dags/example_sensor_decorator.py for tasks to queue
[2024-11-09T10:03:29.342+0100] {logging_mixin.py:190} INFO - [2024-11-09T10:03:29.341+0100] {dagbag.py:588} INFO - Filling up the DagBag from /home/hajar/.local/lib/python3.10/site-packages/airflow/example_dags/example_sensor_decorator.py
[2024-11-09T10:03:29.371+0100] {processor.py:925} INFO - DAG(s) 'example_sensor_decorator' retrieved from /home/hajar/.local/lib/python3.10/site-packages/airflow/example_dags/example_sensor_decorator.py
[2024-11-09T10:03:29.416+0100] {logging_mixin.py:190} INFO - [2024-11-09T10:03:29.416+0100] {dag.py:3239} INFO - Sync 1 DAGs
[2024-11-09T10:03:29.462+0100] {logging_mixin.py:190} INFO - [2024-11-09T10:03:29.461+0100] {dag.py:4180} INFO - Setting next_dagrun for example_sensor_decorator to None, run_after=None
[2024-11-09T10:03:29.537+0100] {processor.py:208} INFO - Processing /home/hajar/.local/lib/python3.10/site-packages/airflow/example_dags/example_sensor_decorator.py took 0.253 seconds
[2024-11-09T10:05:40.730+0100] {processor.py:186} INFO - Started process (PID=143506) to work on /home/hajar/.local/lib/python3.10/site-packages/airflow/example_dags/example_sensor_decorator.py
[2024-11-09T10:05:40.741+0100] {processor.py:914} INFO - Processing file /home/hajar/.local/lib/python3.10/site-packages/airflow/example_dags/example_sensor_decorator.py for tasks to queue
[2024-11-09T10:05:40.748+0100] {logging_mixin.py:190} INFO - [2024-11-09T10:05:40.747+0100] {dagbag.py:588} INFO - Filling up the DagBag from /home/hajar/.local/lib/python3.10/site-packages/airflow/example_dags/example_sensor_decorator.py
[2024-11-09T10:05:40.776+0100] {processor.py:925} INFO - DAG(s) 'example_sensor_decorator' retrieved from /home/hajar/.local/lib/python3.10/site-packages/airflow/example_dags/example_sensor_decorator.py
[2024-11-09T10:05:40.824+0100] {logging_mixin.py:190} INFO - [2024-11-09T10:05:40.823+0100] {dag.py:3239} INFO - Sync 1 DAGs
[2024-11-09T10:05:40.870+0100] {logging_mixin.py:190} INFO - [2024-11-09T10:05:40.869+0100] {dag.py:4180} INFO - Setting next_dagrun for example_sensor_decorator to None, run_after=None
[2024-11-09T10:05:40.944+0100] {processor.py:208} INFO - Processing /home/hajar/.local/lib/python3.10/site-packages/airflow/example_dags/example_sensor_decorator.py took 0.251 seconds
