[2024-11-09T08:24:13.423+0100] {processor.py:186} INFO - Started process (PID=66382) to work on /home/hajar/.local/lib/python3.10/site-packages/airflow/example_dags/example_branch_operator_decorator.py
[2024-11-09T08:24:13.427+0100] {processor.py:914} INFO - Processing file /home/hajar/.local/lib/python3.10/site-packages/airflow/example_dags/example_branch_operator_decorator.py for tasks to queue
[2024-11-09T08:24:13.435+0100] {logging_mixin.py:190} INFO - [2024-11-09T08:24:13.434+0100] {dagbag.py:588} INFO - Filling up the DagBag from /home/hajar/.local/lib/python3.10/site-packages/airflow/example_dags/example_branch_operator_decorator.py
[2024-11-09T08:24:13.446+0100] {processor.py:927} WARNING - No viable dags retrieved from /home/hajar/.local/lib/python3.10/site-packages/airflow/example_dags/example_branch_operator_decorator.py
[2024-11-09T08:24:13.480+0100] {processor.py:208} INFO - Processing /home/hajar/.local/lib/python3.10/site-packages/airflow/example_dags/example_branch_operator_decorator.py took 0.083 seconds
[2024-11-09T08:27:25.805+0100] {processor.py:186} INFO - Started process (PID=69343) to work on /home/hajar/.local/lib/python3.10/site-packages/airflow/example_dags/example_branch_operator_decorator.py
[2024-11-09T08:27:25.818+0100] {processor.py:914} INFO - Processing file /home/hajar/.local/lib/python3.10/site-packages/airflow/example_dags/example_branch_operator_decorator.py for tasks to queue
[2024-11-09T08:27:25.827+0100] {logging_mixin.py:190} INFO - [2024-11-09T08:27:25.825+0100] {dagbag.py:588} INFO - Filling up the DagBag from /home/hajar/.local/lib/python3.10/site-packages/airflow/example_dags/example_branch_operator_decorator.py
[2024-11-09T08:27:25.837+0100] {processor.py:927} WARNING - No viable dags retrieved from /home/hajar/.local/lib/python3.10/site-packages/airflow/example_dags/example_branch_operator_decorator.py
[2024-11-09T08:27:25.869+0100] {processor.py:208} INFO - Processing /home/hajar/.local/lib/python3.10/site-packages/airflow/example_dags/example_branch_operator_decorator.py took 0.086 seconds
[2024-11-09T08:29:10.632+0100] {processor.py:186} INFO - Started process (PID=70943) to work on /home/hajar/.local/lib/python3.10/site-packages/airflow/example_dags/example_branch_operator_decorator.py
[2024-11-09T08:29:10.642+0100] {processor.py:914} INFO - Processing file /home/hajar/.local/lib/python3.10/site-packages/airflow/example_dags/example_branch_operator_decorator.py for tasks to queue
[2024-11-09T08:29:10.653+0100] {logging_mixin.py:190} INFO - [2024-11-09T08:29:10.651+0100] {dagbag.py:588} INFO - Filling up the DagBag from /home/hajar/.local/lib/python3.10/site-packages/airflow/example_dags/example_branch_operator_decorator.py
[2024-11-09T08:29:10.666+0100] {processor.py:927} WARNING - No viable dags retrieved from /home/hajar/.local/lib/python3.10/site-packages/airflow/example_dags/example_branch_operator_decorator.py
[2024-11-09T08:29:10.715+0100] {processor.py:208} INFO - Processing /home/hajar/.local/lib/python3.10/site-packages/airflow/example_dags/example_branch_operator_decorator.py took 0.108 seconds
[2024-11-09T08:29:28.137+0100] {processor.py:186} INFO - Started process (PID=71330) to work on /home/hajar/.local/lib/python3.10/site-packages/airflow/example_dags/example_branch_operator_decorator.py
[2024-11-09T08:29:28.148+0100] {processor.py:914} INFO - Processing file /home/hajar/.local/lib/python3.10/site-packages/airflow/example_dags/example_branch_operator_decorator.py for tasks to queue
[2024-11-09T08:29:28.155+0100] {logging_mixin.py:190} INFO - [2024-11-09T08:29:28.154+0100] {dagbag.py:588} INFO - Filling up the DagBag from /home/hajar/.local/lib/python3.10/site-packages/airflow/example_dags/example_branch_operator_decorator.py
[2024-11-09T08:29:28.165+0100] {processor.py:927} WARNING - No viable dags retrieved from /home/hajar/.local/lib/python3.10/site-packages/airflow/example_dags/example_branch_operator_decorator.py
[2024-11-09T08:29:28.198+0100] {processor.py:208} INFO - Processing /home/hajar/.local/lib/python3.10/site-packages/airflow/example_dags/example_branch_operator_decorator.py took 0.083 seconds
[2024-11-09T08:30:51.502+0100] {processor.py:186} INFO - Started process (PID=72376) to work on /home/hajar/.local/lib/python3.10/site-packages/airflow/example_dags/example_branch_operator_decorator.py
[2024-11-09T08:30:51.513+0100] {processor.py:914} INFO - Processing file /home/hajar/.local/lib/python3.10/site-packages/airflow/example_dags/example_branch_operator_decorator.py for tasks to queue
[2024-11-09T08:30:51.521+0100] {logging_mixin.py:190} INFO - [2024-11-09T08:30:51.520+0100] {dagbag.py:588} INFO - Filling up the DagBag from /home/hajar/.local/lib/python3.10/site-packages/airflow/example_dags/example_branch_operator_decorator.py
[2024-11-09T08:30:51.532+0100] {processor.py:927} WARNING - No viable dags retrieved from /home/hajar/.local/lib/python3.10/site-packages/airflow/example_dags/example_branch_operator_decorator.py
[2024-11-09T08:30:51.565+0100] {processor.py:208} INFO - Processing /home/hajar/.local/lib/python3.10/site-packages/airflow/example_dags/example_branch_operator_decorator.py took 0.087 seconds
[2024-11-09T08:31:10.902+0100] {processor.py:186} INFO - Started process (PID=72573) to work on /home/hajar/.local/lib/python3.10/site-packages/airflow/example_dags/example_branch_operator_decorator.py
[2024-11-09T08:31:10.905+0100] {processor.py:914} INFO - Processing file /home/hajar/.local/lib/python3.10/site-packages/airflow/example_dags/example_branch_operator_decorator.py for tasks to queue
[2024-11-09T08:31:10.913+0100] {logging_mixin.py:190} INFO - [2024-11-09T08:31:10.911+0100] {dagbag.py:588} INFO - Filling up the DagBag from /home/hajar/.local/lib/python3.10/site-packages/airflow/example_dags/example_branch_operator_decorator.py
[2024-11-09T08:31:10.924+0100] {processor.py:927} WARNING - No viable dags retrieved from /home/hajar/.local/lib/python3.10/site-packages/airflow/example_dags/example_branch_operator_decorator.py
[2024-11-09T08:31:10.956+0100] {processor.py:208} INFO - Processing /home/hajar/.local/lib/python3.10/site-packages/airflow/example_dags/example_branch_operator_decorator.py took 0.076 seconds
[2024-11-09T08:32:29.477+0100] {processor.py:186} INFO - Started process (PID=73498) to work on /home/hajar/.local/lib/python3.10/site-packages/airflow/example_dags/example_branch_operator_decorator.py
[2024-11-09T08:32:29.488+0100] {processor.py:914} INFO - Processing file /home/hajar/.local/lib/python3.10/site-packages/airflow/example_dags/example_branch_operator_decorator.py for tasks to queue
[2024-11-09T08:32:29.496+0100] {logging_mixin.py:190} INFO - [2024-11-09T08:32:29.494+0100] {dagbag.py:588} INFO - Filling up the DagBag from /home/hajar/.local/lib/python3.10/site-packages/airflow/example_dags/example_branch_operator_decorator.py
[2024-11-09T08:32:29.506+0100] {processor.py:927} WARNING - No viable dags retrieved from /home/hajar/.local/lib/python3.10/site-packages/airflow/example_dags/example_branch_operator_decorator.py
[2024-11-09T08:32:29.538+0100] {processor.py:208} INFO - Processing /home/hajar/.local/lib/python3.10/site-packages/airflow/example_dags/example_branch_operator_decorator.py took 0.083 seconds
[2024-11-09T08:32:52.902+0100] {processor.py:186} INFO - Started process (PID=73740) to work on /home/hajar/.local/lib/python3.10/site-packages/airflow/example_dags/example_branch_operator_decorator.py
[2024-11-09T08:32:52.905+0100] {processor.py:914} INFO - Processing file /home/hajar/.local/lib/python3.10/site-packages/airflow/example_dags/example_branch_operator_decorator.py for tasks to queue
[2024-11-09T08:32:52.912+0100] {logging_mixin.py:190} INFO - [2024-11-09T08:32:52.910+0100] {dagbag.py:588} INFO - Filling up the DagBag from /home/hajar/.local/lib/python3.10/site-packages/airflow/example_dags/example_branch_operator_decorator.py
[2024-11-09T08:32:52.922+0100] {processor.py:927} WARNING - No viable dags retrieved from /home/hajar/.local/lib/python3.10/site-packages/airflow/example_dags/example_branch_operator_decorator.py
[2024-11-09T08:32:52.958+0100] {processor.py:208} INFO - Processing /home/hajar/.local/lib/python3.10/site-packages/airflow/example_dags/example_branch_operator_decorator.py took 0.079 seconds
[2024-11-09T08:34:08.827+0100] {processor.py:186} INFO - Started process (PID=74621) to work on /home/hajar/.local/lib/python3.10/site-packages/airflow/example_dags/example_branch_operator_decorator.py
[2024-11-09T08:34:08.837+0100] {processor.py:914} INFO - Processing file /home/hajar/.local/lib/python3.10/site-packages/airflow/example_dags/example_branch_operator_decorator.py for tasks to queue
[2024-11-09T08:34:08.845+0100] {logging_mixin.py:190} INFO - [2024-11-09T08:34:08.844+0100] {dagbag.py:588} INFO - Filling up the DagBag from /home/hajar/.local/lib/python3.10/site-packages/airflow/example_dags/example_branch_operator_decorator.py
[2024-11-09T08:34:08.855+0100] {processor.py:927} WARNING - No viable dags retrieved from /home/hajar/.local/lib/python3.10/site-packages/airflow/example_dags/example_branch_operator_decorator.py
[2024-11-09T08:34:08.888+0100] {processor.py:208} INFO - Processing /home/hajar/.local/lib/python3.10/site-packages/airflow/example_dags/example_branch_operator_decorator.py took 0.083 seconds
[2024-11-09T08:34:28.753+0100] {processor.py:186} INFO - Started process (PID=74835) to work on /home/hajar/.local/lib/python3.10/site-packages/airflow/example_dags/example_branch_operator_decorator.py
[2024-11-09T08:34:28.764+0100] {processor.py:914} INFO - Processing file /home/hajar/.local/lib/python3.10/site-packages/airflow/example_dags/example_branch_operator_decorator.py for tasks to queue
[2024-11-09T08:34:28.774+0100] {logging_mixin.py:190} INFO - [2024-11-09T08:34:28.772+0100] {dagbag.py:588} INFO - Filling up the DagBag from /home/hajar/.local/lib/python3.10/site-packages/airflow/example_dags/example_branch_operator_decorator.py
[2024-11-09T08:34:28.789+0100] {processor.py:927} WARNING - No viable dags retrieved from /home/hajar/.local/lib/python3.10/site-packages/airflow/example_dags/example_branch_operator_decorator.py
[2024-11-09T08:34:28.828+0100] {processor.py:208} INFO - Processing /home/hajar/.local/lib/python3.10/site-packages/airflow/example_dags/example_branch_operator_decorator.py took 0.097 seconds
[2024-11-09T08:35:47.063+0100] {processor.py:186} INFO - Started process (PID=75712) to work on /home/hajar/.local/lib/python3.10/site-packages/airflow/example_dags/example_branch_operator_decorator.py
[2024-11-09T08:35:47.074+0100] {processor.py:914} INFO - Processing file /home/hajar/.local/lib/python3.10/site-packages/airflow/example_dags/example_branch_operator_decorator.py for tasks to queue
[2024-11-09T08:35:47.083+0100] {logging_mixin.py:190} INFO - [2024-11-09T08:35:47.081+0100] {dagbag.py:588} INFO - Filling up the DagBag from /home/hajar/.local/lib/python3.10/site-packages/airflow/example_dags/example_branch_operator_decorator.py
[2024-11-09T08:35:47.093+0100] {processor.py:927} WARNING - No viable dags retrieved from /home/hajar/.local/lib/python3.10/site-packages/airflow/example_dags/example_branch_operator_decorator.py
[2024-11-09T08:35:47.136+0100] {processor.py:208} INFO - Processing /home/hajar/.local/lib/python3.10/site-packages/airflow/example_dags/example_branch_operator_decorator.py took 0.095 seconds
[2024-11-09T08:36:09.261+0100] {processor.py:186} INFO - Started process (PID=76064) to work on /home/hajar/.local/lib/python3.10/site-packages/airflow/example_dags/example_branch_operator_decorator.py
[2024-11-09T08:36:09.276+0100] {processor.py:914} INFO - Processing file /home/hajar/.local/lib/python3.10/site-packages/airflow/example_dags/example_branch_operator_decorator.py for tasks to queue
[2024-11-09T08:36:09.284+0100] {logging_mixin.py:190} INFO - [2024-11-09T08:36:09.282+0100] {dagbag.py:588} INFO - Filling up the DagBag from /home/hajar/.local/lib/python3.10/site-packages/airflow/example_dags/example_branch_operator_decorator.py
[2024-11-09T08:36:09.295+0100] {processor.py:927} WARNING - No viable dags retrieved from /home/hajar/.local/lib/python3.10/site-packages/airflow/example_dags/example_branch_operator_decorator.py
[2024-11-09T08:36:09.327+0100] {processor.py:208} INFO - Processing /home/hajar/.local/lib/python3.10/site-packages/airflow/example_dags/example_branch_operator_decorator.py took 0.087 seconds
[2024-11-09T08:37:29.111+0100] {processor.py:186} INFO - Started process (PID=77340) to work on /home/hajar/.local/lib/python3.10/site-packages/airflow/example_dags/example_branch_operator_decorator.py
[2024-11-09T08:37:29.122+0100] {processor.py:914} INFO - Processing file /home/hajar/.local/lib/python3.10/site-packages/airflow/example_dags/example_branch_operator_decorator.py for tasks to queue
[2024-11-09T08:37:29.128+0100] {logging_mixin.py:190} INFO - [2024-11-09T08:37:29.127+0100] {dagbag.py:588} INFO - Filling up the DagBag from /home/hajar/.local/lib/python3.10/site-packages/airflow/example_dags/example_branch_operator_decorator.py
[2024-11-09T08:37:29.138+0100] {processor.py:927} WARNING - No viable dags retrieved from /home/hajar/.local/lib/python3.10/site-packages/airflow/example_dags/example_branch_operator_decorator.py
[2024-11-09T08:37:29.166+0100] {processor.py:208} INFO - Processing /home/hajar/.local/lib/python3.10/site-packages/airflow/example_dags/example_branch_operator_decorator.py took 0.075 seconds
[2024-11-09T08:37:49.872+0100] {processor.py:186} INFO - Started process (PID=77656) to work on /home/hajar/.local/lib/python3.10/site-packages/airflow/example_dags/example_branch_operator_decorator.py
[2024-11-09T08:37:49.885+0100] {processor.py:914} INFO - Processing file /home/hajar/.local/lib/python3.10/site-packages/airflow/example_dags/example_branch_operator_decorator.py for tasks to queue
[2024-11-09T08:37:49.895+0100] {logging_mixin.py:190} INFO - [2024-11-09T08:37:49.893+0100] {dagbag.py:588} INFO - Filling up the DagBag from /home/hajar/.local/lib/python3.10/site-packages/airflow/example_dags/example_branch_operator_decorator.py
[2024-11-09T08:37:49.910+0100] {processor.py:927} WARNING - No viable dags retrieved from /home/hajar/.local/lib/python3.10/site-packages/airflow/example_dags/example_branch_operator_decorator.py
[2024-11-09T08:37:49.954+0100] {processor.py:208} INFO - Processing /home/hajar/.local/lib/python3.10/site-packages/airflow/example_dags/example_branch_operator_decorator.py took 0.109 seconds
[2024-11-09T08:39:17.472+0100] {processor.py:186} INFO - Started process (PID=78858) to work on /home/hajar/.local/lib/python3.10/site-packages/airflow/example_dags/example_branch_operator_decorator.py
[2024-11-09T08:39:17.483+0100] {processor.py:914} INFO - Processing file /home/hajar/.local/lib/python3.10/site-packages/airflow/example_dags/example_branch_operator_decorator.py for tasks to queue
[2024-11-09T08:39:17.490+0100] {logging_mixin.py:190} INFO - [2024-11-09T08:39:17.489+0100] {dagbag.py:588} INFO - Filling up the DagBag from /home/hajar/.local/lib/python3.10/site-packages/airflow/example_dags/example_branch_operator_decorator.py
[2024-11-09T08:39:17.499+0100] {processor.py:927} WARNING - No viable dags retrieved from /home/hajar/.local/lib/python3.10/site-packages/airflow/example_dags/example_branch_operator_decorator.py
[2024-11-09T08:39:17.532+0100] {processor.py:208} INFO - Processing /home/hajar/.local/lib/python3.10/site-packages/airflow/example_dags/example_branch_operator_decorator.py took 0.082 seconds
[2024-11-09T08:39:32.816+0100] {processor.py:186} INFO - Started process (PID=79032) to work on /home/hajar/.local/lib/python3.10/site-packages/airflow/example_dags/example_branch_operator_decorator.py
[2024-11-09T08:39:32.819+0100] {processor.py:914} INFO - Processing file /home/hajar/.local/lib/python3.10/site-packages/airflow/example_dags/example_branch_operator_decorator.py for tasks to queue
[2024-11-09T08:39:32.827+0100] {logging_mixin.py:190} INFO - [2024-11-09T08:39:32.825+0100] {dagbag.py:588} INFO - Filling up the DagBag from /home/hajar/.local/lib/python3.10/site-packages/airflow/example_dags/example_branch_operator_decorator.py
[2024-11-09T08:39:32.838+0100] {processor.py:927} WARNING - No viable dags retrieved from /home/hajar/.local/lib/python3.10/site-packages/airflow/example_dags/example_branch_operator_decorator.py
[2024-11-09T08:39:32.872+0100] {processor.py:208} INFO - Processing /home/hajar/.local/lib/python3.10/site-packages/airflow/example_dags/example_branch_operator_decorator.py took 0.078 seconds
[2024-11-09T08:40:57.179+0100] {processor.py:186} INFO - Started process (PID=80035) to work on /home/hajar/.local/lib/python3.10/site-packages/airflow/example_dags/example_branch_operator_decorator.py
[2024-11-09T08:40:57.183+0100] {processor.py:914} INFO - Processing file /home/hajar/.local/lib/python3.10/site-packages/airflow/example_dags/example_branch_operator_decorator.py for tasks to queue
[2024-11-09T08:40:57.190+0100] {logging_mixin.py:190} INFO - [2024-11-09T08:40:57.189+0100] {dagbag.py:588} INFO - Filling up the DagBag from /home/hajar/.local/lib/python3.10/site-packages/airflow/example_dags/example_branch_operator_decorator.py
[2024-11-09T08:40:57.200+0100] {processor.py:927} WARNING - No viable dags retrieved from /home/hajar/.local/lib/python3.10/site-packages/airflow/example_dags/example_branch_operator_decorator.py
[2024-11-09T08:40:57.233+0100] {processor.py:208} INFO - Processing /home/hajar/.local/lib/python3.10/site-packages/airflow/example_dags/example_branch_operator_decorator.py took 0.076 seconds
[2024-11-09T08:41:05.835+0100] {processor.py:186} INFO - Started process (PID=80133) to work on /home/hajar/.local/lib/python3.10/site-packages/airflow/example_dags/example_branch_operator_decorator.py
[2024-11-09T08:41:05.838+0100] {processor.py:914} INFO - Processing file /home/hajar/.local/lib/python3.10/site-packages/airflow/example_dags/example_branch_operator_decorator.py for tasks to queue
[2024-11-09T08:41:05.845+0100] {logging_mixin.py:190} INFO - [2024-11-09T08:41:05.844+0100] {dagbag.py:588} INFO - Filling up the DagBag from /home/hajar/.local/lib/python3.10/site-packages/airflow/example_dags/example_branch_operator_decorator.py
[2024-11-09T08:41:05.855+0100] {processor.py:927} WARNING - No viable dags retrieved from /home/hajar/.local/lib/python3.10/site-packages/airflow/example_dags/example_branch_operator_decorator.py
[2024-11-09T08:41:05.888+0100] {processor.py:208} INFO - Processing /home/hajar/.local/lib/python3.10/site-packages/airflow/example_dags/example_branch_operator_decorator.py took 0.074 seconds
[2024-11-09T08:42:39.710+0100] {processor.py:186} INFO - Started process (PID=81204) to work on /home/hajar/.local/lib/python3.10/site-packages/airflow/example_dags/example_branch_operator_decorator.py
[2024-11-09T08:42:39.714+0100] {processor.py:914} INFO - Processing file /home/hajar/.local/lib/python3.10/site-packages/airflow/example_dags/example_branch_operator_decorator.py for tasks to queue
[2024-11-09T08:42:39.721+0100] {logging_mixin.py:190} INFO - [2024-11-09T08:42:39.720+0100] {dagbag.py:588} INFO - Filling up the DagBag from /home/hajar/.local/lib/python3.10/site-packages/airflow/example_dags/example_branch_operator_decorator.py
[2024-11-09T08:42:39.731+0100] {processor.py:927} WARNING - No viable dags retrieved from /home/hajar/.local/lib/python3.10/site-packages/airflow/example_dags/example_branch_operator_decorator.py
[2024-11-09T08:42:39.765+0100] {processor.py:208} INFO - Processing /home/hajar/.local/lib/python3.10/site-packages/airflow/example_dags/example_branch_operator_decorator.py took 0.076 seconds
[2024-11-09T08:42:42.325+0100] {processor.py:186} INFO - Started process (PID=81227) to work on /home/hajar/.local/lib/python3.10/site-packages/airflow/example_dags/example_branch_operator_decorator.py
[2024-11-09T08:42:42.327+0100] {processor.py:914} INFO - Processing file /home/hajar/.local/lib/python3.10/site-packages/airflow/example_dags/example_branch_operator_decorator.py for tasks to queue
[2024-11-09T08:42:42.335+0100] {logging_mixin.py:190} INFO - [2024-11-09T08:42:42.334+0100] {dagbag.py:588} INFO - Filling up the DagBag from /home/hajar/.local/lib/python3.10/site-packages/airflow/example_dags/example_branch_operator_decorator.py
[2024-11-09T08:42:42.346+0100] {processor.py:927} WARNING - No viable dags retrieved from /home/hajar/.local/lib/python3.10/site-packages/airflow/example_dags/example_branch_operator_decorator.py
[2024-11-09T08:42:42.378+0100] {processor.py:208} INFO - Processing /home/hajar/.local/lib/python3.10/site-packages/airflow/example_dags/example_branch_operator_decorator.py took 0.076 seconds
[2024-11-09T08:44:18.219+0100] {processor.py:186} INFO - Started process (PID=82301) to work on /home/hajar/.local/lib/python3.10/site-packages/airflow/example_dags/example_branch_operator_decorator.py
[2024-11-09T08:44:18.223+0100] {processor.py:914} INFO - Processing file /home/hajar/.local/lib/python3.10/site-packages/airflow/example_dags/example_branch_operator_decorator.py for tasks to queue
[2024-11-09T08:44:18.230+0100] {logging_mixin.py:190} INFO - [2024-11-09T08:44:18.229+0100] {dagbag.py:588} INFO - Filling up the DagBag from /home/hajar/.local/lib/python3.10/site-packages/airflow/example_dags/example_branch_operator_decorator.py
[2024-11-09T08:44:18.241+0100] {processor.py:927} WARNING - No viable dags retrieved from /home/hajar/.local/lib/python3.10/site-packages/airflow/example_dags/example_branch_operator_decorator.py
[2024-11-09T08:44:18.248+0100] {processor.py:186} INFO - Started process (PID=82302) to work on /home/hajar/.local/lib/python3.10/site-packages/airflow/example_dags/example_branch_operator_decorator.py
[2024-11-09T08:44:18.251+0100] {processor.py:914} INFO - Processing file /home/hajar/.local/lib/python3.10/site-packages/airflow/example_dags/example_branch_operator_decorator.py for tasks to queue
[2024-11-09T08:44:18.259+0100] {logging_mixin.py:190} INFO - [2024-11-09T08:44:18.257+0100] {dagbag.py:588} INFO - Filling up the DagBag from /home/hajar/.local/lib/python3.10/site-packages/airflow/example_dags/example_branch_operator_decorator.py
[2024-11-09T08:44:18.269+0100] {processor.py:927} WARNING - No viable dags retrieved from /home/hajar/.local/lib/python3.10/site-packages/airflow/example_dags/example_branch_operator_decorator.py
[2024-11-09T08:44:18.275+0100] {processor.py:208} INFO - Processing /home/hajar/.local/lib/python3.10/site-packages/airflow/example_dags/example_branch_operator_decorator.py took 0.078 seconds
[2024-11-09T08:44:18.305+0100] {processor.py:208} INFO - Processing /home/hajar/.local/lib/python3.10/site-packages/airflow/example_dags/example_branch_operator_decorator.py took 0.080 seconds
[2024-11-09T08:45:51.618+0100] {processor.py:186} INFO - Started process (PID=83332) to work on /home/hajar/.local/lib/python3.10/site-packages/airflow/example_dags/example_branch_operator_decorator.py
[2024-11-09T08:45:51.623+0100] {processor.py:914} INFO - Processing file /home/hajar/.local/lib/python3.10/site-packages/airflow/example_dags/example_branch_operator_decorator.py for tasks to queue
[2024-11-09T08:45:51.630+0100] {logging_mixin.py:190} INFO - [2024-11-09T08:45:51.629+0100] {dagbag.py:588} INFO - Filling up the DagBag from /home/hajar/.local/lib/python3.10/site-packages/airflow/example_dags/example_branch_operator_decorator.py
[2024-11-09T08:45:51.641+0100] {processor.py:927} WARNING - No viable dags retrieved from /home/hajar/.local/lib/python3.10/site-packages/airflow/example_dags/example_branch_operator_decorator.py
[2024-11-09T08:45:51.673+0100] {processor.py:208} INFO - Processing /home/hajar/.local/lib/python3.10/site-packages/airflow/example_dags/example_branch_operator_decorator.py took 0.090 seconds
[2024-11-09T08:45:59.493+0100] {processor.py:186} INFO - Started process (PID=83424) to work on /home/hajar/.local/lib/python3.10/site-packages/airflow/example_dags/example_branch_operator_decorator.py
[2024-11-09T08:45:59.495+0100] {processor.py:914} INFO - Processing file /home/hajar/.local/lib/python3.10/site-packages/airflow/example_dags/example_branch_operator_decorator.py for tasks to queue
[2024-11-09T08:45:59.502+0100] {logging_mixin.py:190} INFO - [2024-11-09T08:45:59.501+0100] {dagbag.py:588} INFO - Filling up the DagBag from /home/hajar/.local/lib/python3.10/site-packages/airflow/example_dags/example_branch_operator_decorator.py
[2024-11-09T08:45:59.511+0100] {processor.py:927} WARNING - No viable dags retrieved from /home/hajar/.local/lib/python3.10/site-packages/airflow/example_dags/example_branch_operator_decorator.py
[2024-11-09T08:45:59.538+0100] {processor.py:208} INFO - Processing /home/hajar/.local/lib/python3.10/site-packages/airflow/example_dags/example_branch_operator_decorator.py took 0.069 seconds
[2024-11-09T08:47:28.323+0100] {processor.py:186} INFO - Started process (PID=84509) to work on /home/hajar/.local/lib/python3.10/site-packages/airflow/example_dags/example_branch_operator_decorator.py
[2024-11-09T08:47:28.327+0100] {processor.py:914} INFO - Processing file /home/hajar/.local/lib/python3.10/site-packages/airflow/example_dags/example_branch_operator_decorator.py for tasks to queue
[2024-11-09T08:47:28.334+0100] {logging_mixin.py:190} INFO - [2024-11-09T08:47:28.332+0100] {dagbag.py:588} INFO - Filling up the DagBag from /home/hajar/.local/lib/python3.10/site-packages/airflow/example_dags/example_branch_operator_decorator.py
[2024-11-09T08:47:28.343+0100] {processor.py:927} WARNING - No viable dags retrieved from /home/hajar/.local/lib/python3.10/site-packages/airflow/example_dags/example_branch_operator_decorator.py
[2024-11-09T08:47:28.378+0100] {processor.py:208} INFO - Processing /home/hajar/.local/lib/python3.10/site-packages/airflow/example_dags/example_branch_operator_decorator.py took 0.076 seconds
[2024-11-09T08:47:37.714+0100] {processor.py:186} INFO - Started process (PID=84623) to work on /home/hajar/.local/lib/python3.10/site-packages/airflow/example_dags/example_branch_operator_decorator.py
[2024-11-09T08:47:37.725+0100] {processor.py:914} INFO - Processing file /home/hajar/.local/lib/python3.10/site-packages/airflow/example_dags/example_branch_operator_decorator.py for tasks to queue
[2024-11-09T08:47:37.732+0100] {logging_mixin.py:190} INFO - [2024-11-09T08:47:37.731+0100] {dagbag.py:588} INFO - Filling up the DagBag from /home/hajar/.local/lib/python3.10/site-packages/airflow/example_dags/example_branch_operator_decorator.py
[2024-11-09T08:47:37.743+0100] {processor.py:927} WARNING - No viable dags retrieved from /home/hajar/.local/lib/python3.10/site-packages/airflow/example_dags/example_branch_operator_decorator.py
[2024-11-09T08:47:37.783+0100] {processor.py:208} INFO - Processing /home/hajar/.local/lib/python3.10/site-packages/airflow/example_dags/example_branch_operator_decorator.py took 0.090 seconds
[2024-11-09T08:49:13.033+0100] {processor.py:186} INFO - Started process (PID=85840) to work on /home/hajar/.local/lib/python3.10/site-packages/airflow/example_dags/example_branch_operator_decorator.py
[2024-11-09T08:49:13.037+0100] {processor.py:914} INFO - Processing file /home/hajar/.local/lib/python3.10/site-packages/airflow/example_dags/example_branch_operator_decorator.py for tasks to queue
[2024-11-09T08:49:13.045+0100] {logging_mixin.py:190} INFO - [2024-11-09T08:49:13.044+0100] {dagbag.py:588} INFO - Filling up the DagBag from /home/hajar/.local/lib/python3.10/site-packages/airflow/example_dags/example_branch_operator_decorator.py
[2024-11-09T08:49:13.055+0100] {processor.py:927} WARNING - No viable dags retrieved from /home/hajar/.local/lib/python3.10/site-packages/airflow/example_dags/example_branch_operator_decorator.py
[2024-11-09T08:49:13.089+0100] {processor.py:208} INFO - Processing /home/hajar/.local/lib/python3.10/site-packages/airflow/example_dags/example_branch_operator_decorator.py took 0.078 seconds
[2024-11-09T08:49:21.629+0100] {processor.py:186} INFO - Started process (PID=85956) to work on /home/hajar/.local/lib/python3.10/site-packages/airflow/example_dags/example_branch_operator_decorator.py
[2024-11-09T08:49:21.632+0100] {processor.py:914} INFO - Processing file /home/hajar/.local/lib/python3.10/site-packages/airflow/example_dags/example_branch_operator_decorator.py for tasks to queue
[2024-11-09T08:49:21.639+0100] {logging_mixin.py:190} INFO - [2024-11-09T08:49:21.638+0100] {dagbag.py:588} INFO - Filling up the DagBag from /home/hajar/.local/lib/python3.10/site-packages/airflow/example_dags/example_branch_operator_decorator.py
[2024-11-09T08:49:21.649+0100] {processor.py:927} WARNING - No viable dags retrieved from /home/hajar/.local/lib/python3.10/site-packages/airflow/example_dags/example_branch_operator_decorator.py
[2024-11-09T08:49:21.684+0100] {processor.py:208} INFO - Processing /home/hajar/.local/lib/python3.10/site-packages/airflow/example_dags/example_branch_operator_decorator.py took 0.077 seconds
[2024-11-09T08:50:56.641+0100] {processor.py:186} INFO - Started process (PID=87275) to work on /home/hajar/.local/lib/python3.10/site-packages/airflow/example_dags/example_branch_operator_decorator.py
[2024-11-09T08:50:56.644+0100] {processor.py:914} INFO - Processing file /home/hajar/.local/lib/python3.10/site-packages/airflow/example_dags/example_branch_operator_decorator.py for tasks to queue
[2024-11-09T08:50:56.652+0100] {logging_mixin.py:190} INFO - [2024-11-09T08:50:56.650+0100] {dagbag.py:588} INFO - Filling up the DagBag from /home/hajar/.local/lib/python3.10/site-packages/airflow/example_dags/example_branch_operator_decorator.py
[2024-11-09T08:50:56.663+0100] {processor.py:927} WARNING - No viable dags retrieved from /home/hajar/.local/lib/python3.10/site-packages/airflow/example_dags/example_branch_operator_decorator.py
[2024-11-09T08:50:56.699+0100] {processor.py:208} INFO - Processing /home/hajar/.local/lib/python3.10/site-packages/airflow/example_dags/example_branch_operator_decorator.py took 0.083 seconds
[2024-11-09T08:51:05.986+0100] {processor.py:186} INFO - Started process (PID=87376) to work on /home/hajar/.local/lib/python3.10/site-packages/airflow/example_dags/example_branch_operator_decorator.py
[2024-11-09T08:51:05.989+0100] {processor.py:914} INFO - Processing file /home/hajar/.local/lib/python3.10/site-packages/airflow/example_dags/example_branch_operator_decorator.py for tasks to queue
[2024-11-09T08:51:05.998+0100] {logging_mixin.py:190} INFO - [2024-11-09T08:51:05.997+0100] {dagbag.py:588} INFO - Filling up the DagBag from /home/hajar/.local/lib/python3.10/site-packages/airflow/example_dags/example_branch_operator_decorator.py
[2024-11-09T08:51:06.012+0100] {processor.py:927} WARNING - No viable dags retrieved from /home/hajar/.local/lib/python3.10/site-packages/airflow/example_dags/example_branch_operator_decorator.py
[2024-11-09T08:51:06.052+0100] {processor.py:208} INFO - Processing /home/hajar/.local/lib/python3.10/site-packages/airflow/example_dags/example_branch_operator_decorator.py took 0.095 seconds
[2024-11-09T08:52:53.661+0100] {processor.py:186} INFO - Started process (PID=88891) to work on /home/hajar/.local/lib/python3.10/site-packages/airflow/example_dags/example_branch_operator_decorator.py
[2024-11-09T08:52:53.664+0100] {processor.py:914} INFO - Processing file /home/hajar/.local/lib/python3.10/site-packages/airflow/example_dags/example_branch_operator_decorator.py for tasks to queue
[2024-11-09T08:52:53.674+0100] {logging_mixin.py:190} INFO - [2024-11-09T08:52:53.672+0100] {dagbag.py:588} INFO - Filling up the DagBag from /home/hajar/.local/lib/python3.10/site-packages/airflow/example_dags/example_branch_operator_decorator.py
[2024-11-09T08:52:53.686+0100] {processor.py:927} WARNING - No viable dags retrieved from /home/hajar/.local/lib/python3.10/site-packages/airflow/example_dags/example_branch_operator_decorator.py
[2024-11-09T08:52:53.733+0100] {processor.py:208} INFO - Processing /home/hajar/.local/lib/python3.10/site-packages/airflow/example_dags/example_branch_operator_decorator.py took 0.100 seconds
[2024-11-09T08:53:02.972+0100] {processor.py:186} INFO - Started process (PID=89049) to work on /home/hajar/.local/lib/python3.10/site-packages/airflow/example_dags/example_branch_operator_decorator.py
[2024-11-09T08:53:02.985+0100] {processor.py:914} INFO - Processing file /home/hajar/.local/lib/python3.10/site-packages/airflow/example_dags/example_branch_operator_decorator.py for tasks to queue
[2024-11-09T08:53:02.994+0100] {logging_mixin.py:190} INFO - [2024-11-09T08:53:02.992+0100] {dagbag.py:588} INFO - Filling up the DagBag from /home/hajar/.local/lib/python3.10/site-packages/airflow/example_dags/example_branch_operator_decorator.py
[2024-11-09T08:53:03.006+0100] {processor.py:927} WARNING - No viable dags retrieved from /home/hajar/.local/lib/python3.10/site-packages/airflow/example_dags/example_branch_operator_decorator.py
[2024-11-09T08:53:03.044+0100] {processor.py:208} INFO - Processing /home/hajar/.local/lib/python3.10/site-packages/airflow/example_dags/example_branch_operator_decorator.py took 0.095 seconds
[2024-11-09T08:54:50.553+0100] {processor.py:186} INFO - Started process (PID=90435) to work on /home/hajar/.local/lib/python3.10/site-packages/airflow/example_dags/example_branch_operator_decorator.py
[2024-11-09T08:54:50.556+0100] {processor.py:914} INFO - Processing file /home/hajar/.local/lib/python3.10/site-packages/airflow/example_dags/example_branch_operator_decorator.py for tasks to queue
[2024-11-09T08:54:50.563+0100] {logging_mixin.py:190} INFO - [2024-11-09T08:54:50.562+0100] {dagbag.py:588} INFO - Filling up the DagBag from /home/hajar/.local/lib/python3.10/site-packages/airflow/example_dags/example_branch_operator_decorator.py
[2024-11-09T08:54:50.571+0100] {processor.py:927} WARNING - No viable dags retrieved from /home/hajar/.local/lib/python3.10/site-packages/airflow/example_dags/example_branch_operator_decorator.py
[2024-11-09T08:54:50.600+0100] {processor.py:208} INFO - Processing /home/hajar/.local/lib/python3.10/site-packages/airflow/example_dags/example_branch_operator_decorator.py took 0.066 seconds
[2024-11-09T08:55:02.726+0100] {processor.py:186} INFO - Started process (PID=90598) to work on /home/hajar/.local/lib/python3.10/site-packages/airflow/example_dags/example_branch_operator_decorator.py
[2024-11-09T08:55:02.730+0100] {processor.py:914} INFO - Processing file /home/hajar/.local/lib/python3.10/site-packages/airflow/example_dags/example_branch_operator_decorator.py for tasks to queue
[2024-11-09T08:55:02.737+0100] {logging_mixin.py:190} INFO - [2024-11-09T08:55:02.736+0100] {dagbag.py:588} INFO - Filling up the DagBag from /home/hajar/.local/lib/python3.10/site-packages/airflow/example_dags/example_branch_operator_decorator.py
[2024-11-09T08:55:02.748+0100] {processor.py:927} WARNING - No viable dags retrieved from /home/hajar/.local/lib/python3.10/site-packages/airflow/example_dags/example_branch_operator_decorator.py
[2024-11-09T08:55:02.784+0100] {processor.py:208} INFO - Processing /home/hajar/.local/lib/python3.10/site-packages/airflow/example_dags/example_branch_operator_decorator.py took 0.081 seconds
[2024-11-09T08:57:06.995+0100] {processor.py:186} INFO - Started process (PID=92162) to work on /home/hajar/.local/lib/python3.10/site-packages/airflow/example_dags/example_branch_operator_decorator.py
[2024-11-09T08:57:06.999+0100] {processor.py:914} INFO - Processing file /home/hajar/.local/lib/python3.10/site-packages/airflow/example_dags/example_branch_operator_decorator.py for tasks to queue
[2024-11-09T08:57:07.010+0100] {logging_mixin.py:190} INFO - [2024-11-09T08:57:07.008+0100] {dagbag.py:588} INFO - Filling up the DagBag from /home/hajar/.local/lib/python3.10/site-packages/airflow/example_dags/example_branch_operator_decorator.py
[2024-11-09T08:57:07.024+0100] {processor.py:927} WARNING - No viable dags retrieved from /home/hajar/.local/lib/python3.10/site-packages/airflow/example_dags/example_branch_operator_decorator.py
[2024-11-09T08:57:07.062+0100] {processor.py:208} INFO - Processing /home/hajar/.local/lib/python3.10/site-packages/airflow/example_dags/example_branch_operator_decorator.py took 0.097 seconds
[2024-11-09T08:58:49.755+0100] {processor.py:186} INFO - Started process (PID=93532) to work on /home/hajar/.local/lib/python3.10/site-packages/airflow/example_dags/example_branch_operator_decorator.py
[2024-11-09T08:58:49.766+0100] {processor.py:914} INFO - Processing file /home/hajar/.local/lib/python3.10/site-packages/airflow/example_dags/example_branch_operator_decorator.py for tasks to queue
[2024-11-09T08:58:49.773+0100] {logging_mixin.py:190} INFO - [2024-11-09T08:58:49.772+0100] {dagbag.py:588} INFO - Filling up the DagBag from /home/hajar/.local/lib/python3.10/site-packages/airflow/example_dags/example_branch_operator_decorator.py
[2024-11-09T08:58:49.784+0100] {processor.py:927} WARNING - No viable dags retrieved from /home/hajar/.local/lib/python3.10/site-packages/airflow/example_dags/example_branch_operator_decorator.py
[2024-11-09T08:58:49.816+0100] {processor.py:208} INFO - Processing /home/hajar/.local/lib/python3.10/site-packages/airflow/example_dags/example_branch_operator_decorator.py took 0.086 seconds
[2024-11-09T09:00:31.939+0100] {processor.py:186} INFO - Started process (PID=94849) to work on /home/hajar/.local/lib/python3.10/site-packages/airflow/example_dags/example_branch_operator_decorator.py
[2024-11-09T09:00:31.950+0100] {processor.py:914} INFO - Processing file /home/hajar/.local/lib/python3.10/site-packages/airflow/example_dags/example_branch_operator_decorator.py for tasks to queue
[2024-11-09T09:00:31.958+0100] {logging_mixin.py:190} INFO - [2024-11-09T09:00:31.957+0100] {dagbag.py:588} INFO - Filling up the DagBag from /home/hajar/.local/lib/python3.10/site-packages/airflow/example_dags/example_branch_operator_decorator.py
[2024-11-09T09:00:31.968+0100] {processor.py:927} WARNING - No viable dags retrieved from /home/hajar/.local/lib/python3.10/site-packages/airflow/example_dags/example_branch_operator_decorator.py
[2024-11-09T09:00:32.001+0100] {processor.py:208} INFO - Processing /home/hajar/.local/lib/python3.10/site-packages/airflow/example_dags/example_branch_operator_decorator.py took 0.085 seconds
[2024-11-09T09:02:18.288+0100] {processor.py:186} INFO - Started process (PID=96049) to work on /home/hajar/.local/lib/python3.10/site-packages/airflow/example_dags/example_branch_operator_decorator.py
[2024-11-09T09:02:18.300+0100] {processor.py:914} INFO - Processing file /home/hajar/.local/lib/python3.10/site-packages/airflow/example_dags/example_branch_operator_decorator.py for tasks to queue
[2024-11-09T09:02:18.308+0100] {logging_mixin.py:190} INFO - [2024-11-09T09:02:18.306+0100] {dagbag.py:588} INFO - Filling up the DagBag from /home/hajar/.local/lib/python3.10/site-packages/airflow/example_dags/example_branch_operator_decorator.py
[2024-11-09T09:02:18.318+0100] {processor.py:927} WARNING - No viable dags retrieved from /home/hajar/.local/lib/python3.10/site-packages/airflow/example_dags/example_branch_operator_decorator.py
[2024-11-09T09:02:18.354+0100] {processor.py:208} INFO - Processing /home/hajar/.local/lib/python3.10/site-packages/airflow/example_dags/example_branch_operator_decorator.py took 0.087 seconds
[2024-11-09T09:04:08.286+0100] {processor.py:186} INFO - Started process (PID=97457) to work on /home/hajar/.local/lib/python3.10/site-packages/airflow/example_dags/example_branch_operator_decorator.py
[2024-11-09T09:04:08.289+0100] {processor.py:914} INFO - Processing file /home/hajar/.local/lib/python3.10/site-packages/airflow/example_dags/example_branch_operator_decorator.py for tasks to queue
[2024-11-09T09:04:08.296+0100] {logging_mixin.py:190} INFO - [2024-11-09T09:04:08.295+0100] {dagbag.py:588} INFO - Filling up the DagBag from /home/hajar/.local/lib/python3.10/site-packages/airflow/example_dags/example_branch_operator_decorator.py
[2024-11-09T09:04:08.306+0100] {processor.py:927} WARNING - No viable dags retrieved from /home/hajar/.local/lib/python3.10/site-packages/airflow/example_dags/example_branch_operator_decorator.py
[2024-11-09T09:04:08.339+0100] {processor.py:208} INFO - Processing /home/hajar/.local/lib/python3.10/site-packages/airflow/example_dags/example_branch_operator_decorator.py took 0.074 seconds
[2024-11-09T09:05:57.142+0100] {processor.py:186} INFO - Started process (PID=98881) to work on /home/hajar/.local/lib/python3.10/site-packages/airflow/example_dags/example_branch_operator_decorator.py
[2024-11-09T09:05:57.153+0100] {processor.py:914} INFO - Processing file /home/hajar/.local/lib/python3.10/site-packages/airflow/example_dags/example_branch_operator_decorator.py for tasks to queue
[2024-11-09T09:05:57.161+0100] {logging_mixin.py:190} INFO - [2024-11-09T09:05:57.160+0100] {dagbag.py:588} INFO - Filling up the DagBag from /home/hajar/.local/lib/python3.10/site-packages/airflow/example_dags/example_branch_operator_decorator.py
[2024-11-09T09:05:57.173+0100] {processor.py:927} WARNING - No viable dags retrieved from /home/hajar/.local/lib/python3.10/site-packages/airflow/example_dags/example_branch_operator_decorator.py
[2024-11-09T09:05:57.209+0100] {processor.py:208} INFO - Processing /home/hajar/.local/lib/python3.10/site-packages/airflow/example_dags/example_branch_operator_decorator.py took 0.091 seconds
[2024-11-09T09:07:37.924+0100] {processor.py:186} INFO - Started process (PID=100293) to work on /home/hajar/.local/lib/python3.10/site-packages/airflow/example_dags/example_branch_operator_decorator.py
[2024-11-09T09:07:37.935+0100] {processor.py:914} INFO - Processing file /home/hajar/.local/lib/python3.10/site-packages/airflow/example_dags/example_branch_operator_decorator.py for tasks to queue
[2024-11-09T09:07:37.942+0100] {logging_mixin.py:190} INFO - [2024-11-09T09:07:37.940+0100] {dagbag.py:588} INFO - Filling up the DagBag from /home/hajar/.local/lib/python3.10/site-packages/airflow/example_dags/example_branch_operator_decorator.py
[2024-11-09T09:07:37.953+0100] {processor.py:927} WARNING - No viable dags retrieved from /home/hajar/.local/lib/python3.10/site-packages/airflow/example_dags/example_branch_operator_decorator.py
[2024-11-09T09:07:37.981+0100] {processor.py:208} INFO - Processing /home/hajar/.local/lib/python3.10/site-packages/airflow/example_dags/example_branch_operator_decorator.py took 0.090 seconds
[2024-11-09T09:09:18.355+0100] {processor.py:186} INFO - Started process (PID=101712) to work on /home/hajar/.local/lib/python3.10/site-packages/airflow/example_dags/example_branch_operator_decorator.py
[2024-11-09T09:09:18.367+0100] {processor.py:914} INFO - Processing file /home/hajar/.local/lib/python3.10/site-packages/airflow/example_dags/example_branch_operator_decorator.py for tasks to queue
[2024-11-09T09:09:18.376+0100] {logging_mixin.py:190} INFO - [2024-11-09T09:09:18.375+0100] {dagbag.py:588} INFO - Filling up the DagBag from /home/hajar/.local/lib/python3.10/site-packages/airflow/example_dags/example_branch_operator_decorator.py
[2024-11-09T09:09:18.391+0100] {processor.py:927} WARNING - No viable dags retrieved from /home/hajar/.local/lib/python3.10/site-packages/airflow/example_dags/example_branch_operator_decorator.py
[2024-11-09T09:09:18.429+0100] {processor.py:208} INFO - Processing /home/hajar/.local/lib/python3.10/site-packages/airflow/example_dags/example_branch_operator_decorator.py took 0.121 seconds
[2024-11-09T09:11:02.933+0100] {processor.py:186} INFO - Started process (PID=102816) to work on /home/hajar/.local/lib/python3.10/site-packages/airflow/example_dags/example_branch_operator_decorator.py
[2024-11-09T09:11:02.943+0100] {processor.py:914} INFO - Processing file /home/hajar/.local/lib/python3.10/site-packages/airflow/example_dags/example_branch_operator_decorator.py for tasks to queue
[2024-11-09T09:11:02.950+0100] {logging_mixin.py:190} INFO - [2024-11-09T09:11:02.949+0100] {dagbag.py:588} INFO - Filling up the DagBag from /home/hajar/.local/lib/python3.10/site-packages/airflow/example_dags/example_branch_operator_decorator.py
[2024-11-09T09:11:02.963+0100] {processor.py:927} WARNING - No viable dags retrieved from /home/hajar/.local/lib/python3.10/site-packages/airflow/example_dags/example_branch_operator_decorator.py
[2024-11-09T09:11:02.995+0100] {processor.py:208} INFO - Processing /home/hajar/.local/lib/python3.10/site-packages/airflow/example_dags/example_branch_operator_decorator.py took 0.098 seconds
[2024-11-09T09:12:53.109+0100] {processor.py:186} INFO - Started process (PID=104226) to work on /home/hajar/.local/lib/python3.10/site-packages/airflow/example_dags/example_branch_operator_decorator.py
[2024-11-09T09:12:53.120+0100] {processor.py:914} INFO - Processing file /home/hajar/.local/lib/python3.10/site-packages/airflow/example_dags/example_branch_operator_decorator.py for tasks to queue
[2024-11-09T09:12:53.128+0100] {logging_mixin.py:190} INFO - [2024-11-09T09:12:53.126+0100] {dagbag.py:588} INFO - Filling up the DagBag from /home/hajar/.local/lib/python3.10/site-packages/airflow/example_dags/example_branch_operator_decorator.py
[2024-11-09T09:12:53.140+0100] {processor.py:927} WARNING - No viable dags retrieved from /home/hajar/.local/lib/python3.10/site-packages/airflow/example_dags/example_branch_operator_decorator.py
[2024-11-09T09:12:53.173+0100] {processor.py:208} INFO - Processing /home/hajar/.local/lib/python3.10/site-packages/airflow/example_dags/example_branch_operator_decorator.py took 0.102 seconds
[2024-11-09T09:14:37.299+0100] {processor.py:186} INFO - Started process (PID=105553) to work on /home/hajar/.local/lib/python3.10/site-packages/airflow/example_dags/example_branch_operator_decorator.py
[2024-11-09T09:14:37.310+0100] {processor.py:914} INFO - Processing file /home/hajar/.local/lib/python3.10/site-packages/airflow/example_dags/example_branch_operator_decorator.py for tasks to queue
[2024-11-09T09:14:37.318+0100] {logging_mixin.py:190} INFO - [2024-11-09T09:14:37.317+0100] {dagbag.py:588} INFO - Filling up the DagBag from /home/hajar/.local/lib/python3.10/site-packages/airflow/example_dags/example_branch_operator_decorator.py
[2024-11-09T09:14:37.331+0100] {processor.py:927} WARNING - No viable dags retrieved from /home/hajar/.local/lib/python3.10/site-packages/airflow/example_dags/example_branch_operator_decorator.py
[2024-11-09T09:14:37.366+0100] {processor.py:208} INFO - Processing /home/hajar/.local/lib/python3.10/site-packages/airflow/example_dags/example_branch_operator_decorator.py took 0.100 seconds
[2024-11-09T09:16:21.315+0100] {processor.py:186} INFO - Started process (PID=106931) to work on /home/hajar/.local/lib/python3.10/site-packages/airflow/example_dags/example_branch_operator_decorator.py
[2024-11-09T09:16:21.319+0100] {processor.py:914} INFO - Processing file /home/hajar/.local/lib/python3.10/site-packages/airflow/example_dags/example_branch_operator_decorator.py for tasks to queue
[2024-11-09T09:16:21.329+0100] {logging_mixin.py:190} INFO - [2024-11-09T09:16:21.327+0100] {dagbag.py:588} INFO - Filling up the DagBag from /home/hajar/.local/lib/python3.10/site-packages/airflow/example_dags/example_branch_operator_decorator.py
[2024-11-09T09:16:21.344+0100] {processor.py:927} WARNING - No viable dags retrieved from /home/hajar/.local/lib/python3.10/site-packages/airflow/example_dags/example_branch_operator_decorator.py
[2024-11-09T09:16:21.381+0100] {processor.py:208} INFO - Processing /home/hajar/.local/lib/python3.10/site-packages/airflow/example_dags/example_branch_operator_decorator.py took 0.114 seconds
[2024-11-09T09:18:02.688+0100] {processor.py:186} INFO - Started process (PID=108193) to work on /home/hajar/.local/lib/python3.10/site-packages/airflow/example_dags/example_branch_operator_decorator.py
[2024-11-09T09:18:02.691+0100] {processor.py:914} INFO - Processing file /home/hajar/.local/lib/python3.10/site-packages/airflow/example_dags/example_branch_operator_decorator.py for tasks to queue
[2024-11-09T09:18:02.698+0100] {logging_mixin.py:190} INFO - [2024-11-09T09:18:02.697+0100] {dagbag.py:588} INFO - Filling up the DagBag from /home/hajar/.local/lib/python3.10/site-packages/airflow/example_dags/example_branch_operator_decorator.py
[2024-11-09T09:18:02.711+0100] {processor.py:927} WARNING - No viable dags retrieved from /home/hajar/.local/lib/python3.10/site-packages/airflow/example_dags/example_branch_operator_decorator.py
[2024-11-09T09:18:02.745+0100] {processor.py:208} INFO - Processing /home/hajar/.local/lib/python3.10/site-packages/airflow/example_dags/example_branch_operator_decorator.py took 0.096 seconds
[2024-11-09T09:19:45.514+0100] {processor.py:186} INFO - Started process (PID=109409) to work on /home/hajar/.local/lib/python3.10/site-packages/airflow/example_dags/example_branch_operator_decorator.py
[2024-11-09T09:19:45.526+0100] {processor.py:914} INFO - Processing file /home/hajar/.local/lib/python3.10/site-packages/airflow/example_dags/example_branch_operator_decorator.py for tasks to queue
[2024-11-09T09:19:45.533+0100] {logging_mixin.py:190} INFO - [2024-11-09T09:19:45.532+0100] {dagbag.py:588} INFO - Filling up the DagBag from /home/hajar/.local/lib/python3.10/site-packages/airflow/example_dags/example_branch_operator_decorator.py
[2024-11-09T09:19:45.549+0100] {processor.py:927} WARNING - No viable dags retrieved from /home/hajar/.local/lib/python3.10/site-packages/airflow/example_dags/example_branch_operator_decorator.py
[2024-11-09T09:19:45.581+0100] {processor.py:208} INFO - Processing /home/hajar/.local/lib/python3.10/site-packages/airflow/example_dags/example_branch_operator_decorator.py took 0.113 seconds
[2024-11-09T09:21:28.700+0100] {processor.py:186} INFO - Started process (PID=110721) to work on /home/hajar/.local/lib/python3.10/site-packages/airflow/example_dags/example_branch_operator_decorator.py
[2024-11-09T09:21:28.704+0100] {processor.py:914} INFO - Processing file /home/hajar/.local/lib/python3.10/site-packages/airflow/example_dags/example_branch_operator_decorator.py for tasks to queue
[2024-11-09T09:21:28.711+0100] {logging_mixin.py:190} INFO - [2024-11-09T09:21:28.710+0100] {dagbag.py:588} INFO - Filling up the DagBag from /home/hajar/.local/lib/python3.10/site-packages/airflow/example_dags/example_branch_operator_decorator.py
[2024-11-09T09:21:28.724+0100] {processor.py:927} WARNING - No viable dags retrieved from /home/hajar/.local/lib/python3.10/site-packages/airflow/example_dags/example_branch_operator_decorator.py
[2024-11-09T09:21:28.757+0100] {processor.py:208} INFO - Processing /home/hajar/.local/lib/python3.10/site-packages/airflow/example_dags/example_branch_operator_decorator.py took 0.098 seconds
[2024-11-09T09:23:17.161+0100] {processor.py:186} INFO - Started process (PID=112152) to work on /home/hajar/.local/lib/python3.10/site-packages/airflow/example_dags/example_branch_operator_decorator.py
[2024-11-09T09:23:17.173+0100] {processor.py:914} INFO - Processing file /home/hajar/.local/lib/python3.10/site-packages/airflow/example_dags/example_branch_operator_decorator.py for tasks to queue
[2024-11-09T09:23:17.181+0100] {logging_mixin.py:190} INFO - [2024-11-09T09:23:17.180+0100] {dagbag.py:588} INFO - Filling up the DagBag from /home/hajar/.local/lib/python3.10/site-packages/airflow/example_dags/example_branch_operator_decorator.py
[2024-11-09T09:23:17.197+0100] {processor.py:927} WARNING - No viable dags retrieved from /home/hajar/.local/lib/python3.10/site-packages/airflow/example_dags/example_branch_operator_decorator.py
[2024-11-09T09:23:17.231+0100] {processor.py:208} INFO - Processing /home/hajar/.local/lib/python3.10/site-packages/airflow/example_dags/example_branch_operator_decorator.py took 0.110 seconds
[2024-11-09T09:25:04.962+0100] {processor.py:186} INFO - Started process (PID=113332) to work on /home/hajar/.local/lib/python3.10/site-packages/airflow/example_dags/example_branch_operator_decorator.py
[2024-11-09T09:25:04.974+0100] {processor.py:914} INFO - Processing file /home/hajar/.local/lib/python3.10/site-packages/airflow/example_dags/example_branch_operator_decorator.py for tasks to queue
[2024-11-09T09:25:04.984+0100] {logging_mixin.py:190} INFO - [2024-11-09T09:25:04.982+0100] {dagbag.py:588} INFO - Filling up the DagBag from /home/hajar/.local/lib/python3.10/site-packages/airflow/example_dags/example_branch_operator_decorator.py
[2024-11-09T09:25:05.001+0100] {processor.py:927} WARNING - No viable dags retrieved from /home/hajar/.local/lib/python3.10/site-packages/airflow/example_dags/example_branch_operator_decorator.py
[2024-11-09T09:25:05.041+0100] {processor.py:208} INFO - Processing /home/hajar/.local/lib/python3.10/site-packages/airflow/example_dags/example_branch_operator_decorator.py took 0.122 seconds
[2024-11-09T09:26:49.529+0100] {processor.py:186} INFO - Started process (PID=114511) to work on /home/hajar/.local/lib/python3.10/site-packages/airflow/example_dags/example_branch_operator_decorator.py
[2024-11-09T09:26:49.540+0100] {processor.py:914} INFO - Processing file /home/hajar/.local/lib/python3.10/site-packages/airflow/example_dags/example_branch_operator_decorator.py for tasks to queue
[2024-11-09T09:26:49.548+0100] {logging_mixin.py:190} INFO - [2024-11-09T09:26:49.547+0100] {dagbag.py:588} INFO - Filling up the DagBag from /home/hajar/.local/lib/python3.10/site-packages/airflow/example_dags/example_branch_operator_decorator.py
[2024-11-09T09:26:49.561+0100] {processor.py:927} WARNING - No viable dags retrieved from /home/hajar/.local/lib/python3.10/site-packages/airflow/example_dags/example_branch_operator_decorator.py
[2024-11-09T09:26:49.597+0100] {processor.py:208} INFO - Processing /home/hajar/.local/lib/python3.10/site-packages/airflow/example_dags/example_branch_operator_decorator.py took 0.106 seconds
[2024-11-09T09:28:39.339+0100] {processor.py:186} INFO - Started process (PID=115930) to work on /home/hajar/.local/lib/python3.10/site-packages/airflow/example_dags/example_branch_operator_decorator.py
[2024-11-09T09:28:39.350+0100] {processor.py:914} INFO - Processing file /home/hajar/.local/lib/python3.10/site-packages/airflow/example_dags/example_branch_operator_decorator.py for tasks to queue
[2024-11-09T09:28:39.357+0100] {logging_mixin.py:190} INFO - [2024-11-09T09:28:39.356+0100] {dagbag.py:588} INFO - Filling up the DagBag from /home/hajar/.local/lib/python3.10/site-packages/airflow/example_dags/example_branch_operator_decorator.py
[2024-11-09T09:28:39.370+0100] {processor.py:927} WARNING - No viable dags retrieved from /home/hajar/.local/lib/python3.10/site-packages/airflow/example_dags/example_branch_operator_decorator.py
[2024-11-09T09:28:39.400+0100] {processor.py:208} INFO - Processing /home/hajar/.local/lib/python3.10/site-packages/airflow/example_dags/example_branch_operator_decorator.py took 0.102 seconds
[2024-11-09T09:30:28.428+0100] {processor.py:186} INFO - Started process (PID=117209) to work on /home/hajar/.local/lib/python3.10/site-packages/airflow/example_dags/example_branch_operator_decorator.py
[2024-11-09T09:30:28.439+0100] {processor.py:914} INFO - Processing file /home/hajar/.local/lib/python3.10/site-packages/airflow/example_dags/example_branch_operator_decorator.py for tasks to queue
[2024-11-09T09:30:28.447+0100] {logging_mixin.py:190} INFO - [2024-11-09T09:30:28.445+0100] {dagbag.py:588} INFO - Filling up the DagBag from /home/hajar/.local/lib/python3.10/site-packages/airflow/example_dags/example_branch_operator_decorator.py
[2024-11-09T09:30:28.461+0100] {processor.py:927} WARNING - No viable dags retrieved from /home/hajar/.local/lib/python3.10/site-packages/airflow/example_dags/example_branch_operator_decorator.py
[2024-11-09T09:30:28.497+0100] {processor.py:208} INFO - Processing /home/hajar/.local/lib/python3.10/site-packages/airflow/example_dags/example_branch_operator_decorator.py took 0.108 seconds
[2024-11-09T09:32:19.865+0100] {processor.py:186} INFO - Started process (PID=118514) to work on /home/hajar/.local/lib/python3.10/site-packages/airflow/example_dags/example_branch_operator_decorator.py
[2024-11-09T09:32:19.875+0100] {processor.py:914} INFO - Processing file /home/hajar/.local/lib/python3.10/site-packages/airflow/example_dags/example_branch_operator_decorator.py for tasks to queue
[2024-11-09T09:32:19.883+0100] {logging_mixin.py:190} INFO - [2024-11-09T09:32:19.882+0100] {dagbag.py:588} INFO - Filling up the DagBag from /home/hajar/.local/lib/python3.10/site-packages/airflow/example_dags/example_branch_operator_decorator.py
[2024-11-09T09:32:19.896+0100] {processor.py:927} WARNING - No viable dags retrieved from /home/hajar/.local/lib/python3.10/site-packages/airflow/example_dags/example_branch_operator_decorator.py
[2024-11-09T09:32:19.930+0100] {processor.py:208} INFO - Processing /home/hajar/.local/lib/python3.10/site-packages/airflow/example_dags/example_branch_operator_decorator.py took 0.104 seconds
[2024-11-09T09:34:06.439+0100] {processor.py:186} INFO - Started process (PID=119702) to work on /home/hajar/.local/lib/python3.10/site-packages/airflow/example_dags/example_branch_operator_decorator.py
[2024-11-09T09:34:06.450+0100] {processor.py:914} INFO - Processing file /home/hajar/.local/lib/python3.10/site-packages/airflow/example_dags/example_branch_operator_decorator.py for tasks to queue
[2024-11-09T09:34:06.457+0100] {logging_mixin.py:190} INFO - [2024-11-09T09:34:06.456+0100] {dagbag.py:588} INFO - Filling up the DagBag from /home/hajar/.local/lib/python3.10/site-packages/airflow/example_dags/example_branch_operator_decorator.py
[2024-11-09T09:34:06.471+0100] {processor.py:927} WARNING - No viable dags retrieved from /home/hajar/.local/lib/python3.10/site-packages/airflow/example_dags/example_branch_operator_decorator.py
[2024-11-09T09:34:06.503+0100] {processor.py:208} INFO - Processing /home/hajar/.local/lib/python3.10/site-packages/airflow/example_dags/example_branch_operator_decorator.py took 0.101 seconds
[2024-11-09T09:35:52.630+0100] {processor.py:186} INFO - Started process (PID=121064) to work on /home/hajar/.local/lib/python3.10/site-packages/airflow/example_dags/example_branch_operator_decorator.py
[2024-11-09T09:35:52.633+0100] {processor.py:914} INFO - Processing file /home/hajar/.local/lib/python3.10/site-packages/airflow/example_dags/example_branch_operator_decorator.py for tasks to queue
[2024-11-09T09:35:52.643+0100] {logging_mixin.py:190} INFO - [2024-11-09T09:35:52.642+0100] {dagbag.py:588} INFO - Filling up the DagBag from /home/hajar/.local/lib/python3.10/site-packages/airflow/example_dags/example_branch_operator_decorator.py
[2024-11-09T09:35:52.658+0100] {processor.py:927} WARNING - No viable dags retrieved from /home/hajar/.local/lib/python3.10/site-packages/airflow/example_dags/example_branch_operator_decorator.py
[2024-11-09T09:35:52.698+0100] {processor.py:208} INFO - Processing /home/hajar/.local/lib/python3.10/site-packages/airflow/example_dags/example_branch_operator_decorator.py took 0.111 seconds
[2024-11-09T09:37:41.506+0100] {processor.py:186} INFO - Started process (PID=122399) to work on /home/hajar/.local/lib/python3.10/site-packages/airflow/example_dags/example_branch_operator_decorator.py
[2024-11-09T09:37:41.509+0100] {processor.py:914} INFO - Processing file /home/hajar/.local/lib/python3.10/site-packages/airflow/example_dags/example_branch_operator_decorator.py for tasks to queue
[2024-11-09T09:37:41.515+0100] {logging_mixin.py:190} INFO - [2024-11-09T09:37:41.514+0100] {dagbag.py:588} INFO - Filling up the DagBag from /home/hajar/.local/lib/python3.10/site-packages/airflow/example_dags/example_branch_operator_decorator.py
[2024-11-09T09:37:41.526+0100] {processor.py:927} WARNING - No viable dags retrieved from /home/hajar/.local/lib/python3.10/site-packages/airflow/example_dags/example_branch_operator_decorator.py
[2024-11-09T09:37:41.554+0100] {processor.py:208} INFO - Processing /home/hajar/.local/lib/python3.10/site-packages/airflow/example_dags/example_branch_operator_decorator.py took 0.082 seconds
[2024-11-09T09:39:30.852+0100] {processor.py:186} INFO - Started process (PID=123758) to work on /home/hajar/.local/lib/python3.10/site-packages/airflow/example_dags/example_branch_operator_decorator.py
[2024-11-09T09:39:30.863+0100] {processor.py:914} INFO - Processing file /home/hajar/.local/lib/python3.10/site-packages/airflow/example_dags/example_branch_operator_decorator.py for tasks to queue
[2024-11-09T09:39:30.874+0100] {logging_mixin.py:190} INFO - [2024-11-09T09:39:30.872+0100] {dagbag.py:588} INFO - Filling up the DagBag from /home/hajar/.local/lib/python3.10/site-packages/airflow/example_dags/example_branch_operator_decorator.py
[2024-11-09T09:39:30.892+0100] {processor.py:927} WARNING - No viable dags retrieved from /home/hajar/.local/lib/python3.10/site-packages/airflow/example_dags/example_branch_operator_decorator.py
[2024-11-09T09:39:30.940+0100] {processor.py:208} INFO - Processing /home/hajar/.local/lib/python3.10/site-packages/airflow/example_dags/example_branch_operator_decorator.py took 0.150 seconds
[2024-11-09T09:41:21.094+0100] {processor.py:186} INFO - Started process (PID=124984) to work on /home/hajar/.local/lib/python3.10/site-packages/airflow/example_dags/example_branch_operator_decorator.py
[2024-11-09T09:41:21.104+0100] {processor.py:914} INFO - Processing file /home/hajar/.local/lib/python3.10/site-packages/airflow/example_dags/example_branch_operator_decorator.py for tasks to queue
[2024-11-09T09:41:21.112+0100] {logging_mixin.py:190} INFO - [2024-11-09T09:41:21.110+0100] {dagbag.py:588} INFO - Filling up the DagBag from /home/hajar/.local/lib/python3.10/site-packages/airflow/example_dags/example_branch_operator_decorator.py
[2024-11-09T09:41:21.128+0100] {processor.py:927} WARNING - No viable dags retrieved from /home/hajar/.local/lib/python3.10/site-packages/airflow/example_dags/example_branch_operator_decorator.py
[2024-11-09T09:41:21.162+0100] {processor.py:208} INFO - Processing /home/hajar/.local/lib/python3.10/site-packages/airflow/example_dags/example_branch_operator_decorator.py took 0.108 seconds
[2024-11-09T09:43:11.090+0100] {processor.py:186} INFO - Started process (PID=126409) to work on /home/hajar/.local/lib/python3.10/site-packages/airflow/example_dags/example_branch_operator_decorator.py
[2024-11-09T09:43:11.094+0100] {processor.py:914} INFO - Processing file /home/hajar/.local/lib/python3.10/site-packages/airflow/example_dags/example_branch_operator_decorator.py for tasks to queue
[2024-11-09T09:43:11.102+0100] {logging_mixin.py:190} INFO - [2024-11-09T09:43:11.101+0100] {dagbag.py:588} INFO - Filling up the DagBag from /home/hajar/.local/lib/python3.10/site-packages/airflow/example_dags/example_branch_operator_decorator.py
[2024-11-09T09:43:11.115+0100] {processor.py:927} WARNING - No viable dags retrieved from /home/hajar/.local/lib/python3.10/site-packages/airflow/example_dags/example_branch_operator_decorator.py
[2024-11-09T09:43:11.148+0100] {processor.py:208} INFO - Processing /home/hajar/.local/lib/python3.10/site-packages/airflow/example_dags/example_branch_operator_decorator.py took 0.098 seconds
[2024-11-09T09:44:56.727+0100] {processor.py:186} INFO - Started process (PID=127818) to work on /home/hajar/.local/lib/python3.10/site-packages/airflow/example_dags/example_branch_operator_decorator.py
[2024-11-09T09:44:56.738+0100] {processor.py:914} INFO - Processing file /home/hajar/.local/lib/python3.10/site-packages/airflow/example_dags/example_branch_operator_decorator.py for tasks to queue
[2024-11-09T09:44:56.745+0100] {logging_mixin.py:190} INFO - [2024-11-09T09:44:56.744+0100] {dagbag.py:588} INFO - Filling up the DagBag from /home/hajar/.local/lib/python3.10/site-packages/airflow/example_dags/example_branch_operator_decorator.py
[2024-11-09T09:44:56.758+0100] {processor.py:927} WARNING - No viable dags retrieved from /home/hajar/.local/lib/python3.10/site-packages/airflow/example_dags/example_branch_operator_decorator.py
[2024-11-09T09:44:56.792+0100] {processor.py:208} INFO - Processing /home/hajar/.local/lib/python3.10/site-packages/airflow/example_dags/example_branch_operator_decorator.py took 0.102 seconds
[2024-11-09T09:46:47.488+0100] {processor.py:186} INFO - Started process (PID=129298) to work on /home/hajar/.local/lib/python3.10/site-packages/airflow/example_dags/example_branch_operator_decorator.py
[2024-11-09T09:46:47.498+0100] {processor.py:914} INFO - Processing file /home/hajar/.local/lib/python3.10/site-packages/airflow/example_dags/example_branch_operator_decorator.py for tasks to queue
[2024-11-09T09:46:47.506+0100] {logging_mixin.py:190} INFO - [2024-11-09T09:46:47.504+0100] {dagbag.py:588} INFO - Filling up the DagBag from /home/hajar/.local/lib/python3.10/site-packages/airflow/example_dags/example_branch_operator_decorator.py
[2024-11-09T09:46:47.519+0100] {processor.py:927} WARNING - No viable dags retrieved from /home/hajar/.local/lib/python3.10/site-packages/airflow/example_dags/example_branch_operator_decorator.py
[2024-11-09T09:46:47.553+0100] {processor.py:208} INFO - Processing /home/hajar/.local/lib/python3.10/site-packages/airflow/example_dags/example_branch_operator_decorator.py took 0.102 seconds
[2024-11-09T09:48:43.523+0100] {processor.py:186} INFO - Started process (PID=130797) to work on /home/hajar/.local/lib/python3.10/site-packages/airflow/example_dags/example_branch_operator_decorator.py
[2024-11-09T09:48:43.534+0100] {processor.py:914} INFO - Processing file /home/hajar/.local/lib/python3.10/site-packages/airflow/example_dags/example_branch_operator_decorator.py for tasks to queue
[2024-11-09T09:48:43.541+0100] {logging_mixin.py:190} INFO - [2024-11-09T09:48:43.540+0100] {dagbag.py:588} INFO - Filling up the DagBag from /home/hajar/.local/lib/python3.10/site-packages/airflow/example_dags/example_branch_operator_decorator.py
[2024-11-09T09:48:43.554+0100] {processor.py:927} WARNING - No viable dags retrieved from /home/hajar/.local/lib/python3.10/site-packages/airflow/example_dags/example_branch_operator_decorator.py
[2024-11-09T09:48:43.587+0100] {processor.py:208} INFO - Processing /home/hajar/.local/lib/python3.10/site-packages/airflow/example_dags/example_branch_operator_decorator.py took 0.103 seconds
[2024-11-09T09:50:30.071+0100] {processor.py:186} INFO - Started process (PID=132160) to work on /home/hajar/.local/lib/python3.10/site-packages/airflow/example_dags/example_branch_operator_decorator.py
[2024-11-09T09:50:30.082+0100] {processor.py:914} INFO - Processing file /home/hajar/.local/lib/python3.10/site-packages/airflow/example_dags/example_branch_operator_decorator.py for tasks to queue
[2024-11-09T09:50:30.091+0100] {logging_mixin.py:190} INFO - [2024-11-09T09:50:30.089+0100] {dagbag.py:588} INFO - Filling up the DagBag from /home/hajar/.local/lib/python3.10/site-packages/airflow/example_dags/example_branch_operator_decorator.py
[2024-11-09T09:50:30.105+0100] {processor.py:927} WARNING - No viable dags retrieved from /home/hajar/.local/lib/python3.10/site-packages/airflow/example_dags/example_branch_operator_decorator.py
[2024-11-09T09:50:30.151+0100] {processor.py:208} INFO - Processing /home/hajar/.local/lib/python3.10/site-packages/airflow/example_dags/example_branch_operator_decorator.py took 0.124 seconds
[2024-11-09T09:52:17.853+0100] {processor.py:186} INFO - Started process (PID=133605) to work on /home/hajar/.local/lib/python3.10/site-packages/airflow/example_dags/example_branch_operator_decorator.py
[2024-11-09T09:52:17.856+0100] {processor.py:914} INFO - Processing file /home/hajar/.local/lib/python3.10/site-packages/airflow/example_dags/example_branch_operator_decorator.py for tasks to queue
[2024-11-09T09:52:17.863+0100] {logging_mixin.py:190} INFO - [2024-11-09T09:52:17.862+0100] {dagbag.py:588} INFO - Filling up the DagBag from /home/hajar/.local/lib/python3.10/site-packages/airflow/example_dags/example_branch_operator_decorator.py
[2024-11-09T09:52:17.876+0100] {processor.py:927} WARNING - No viable dags retrieved from /home/hajar/.local/lib/python3.10/site-packages/airflow/example_dags/example_branch_operator_decorator.py
[2024-11-09T09:52:17.908+0100] {processor.py:208} INFO - Processing /home/hajar/.local/lib/python3.10/site-packages/airflow/example_dags/example_branch_operator_decorator.py took 0.093 seconds
[2024-11-09T09:54:15.206+0100] {processor.py:186} INFO - Started process (PID=135096) to work on /home/hajar/.local/lib/python3.10/site-packages/airflow/example_dags/example_branch_operator_decorator.py
[2024-11-09T09:54:15.217+0100] {processor.py:914} INFO - Processing file /home/hajar/.local/lib/python3.10/site-packages/airflow/example_dags/example_branch_operator_decorator.py for tasks to queue
[2024-11-09T09:54:15.224+0100] {logging_mixin.py:190} INFO - [2024-11-09T09:54:15.223+0100] {dagbag.py:588} INFO - Filling up the DagBag from /home/hajar/.local/lib/python3.10/site-packages/airflow/example_dags/example_branch_operator_decorator.py
[2024-11-09T09:54:15.236+0100] {processor.py:927} WARNING - No viable dags retrieved from /home/hajar/.local/lib/python3.10/site-packages/airflow/example_dags/example_branch_operator_decorator.py
[2024-11-09T09:54:15.268+0100] {processor.py:208} INFO - Processing /home/hajar/.local/lib/python3.10/site-packages/airflow/example_dags/example_branch_operator_decorator.py took 0.099 seconds
[2024-11-09T09:56:15.504+0100] {processor.py:186} INFO - Started process (PID=136411) to work on /home/hajar/.local/lib/python3.10/site-packages/airflow/example_dags/example_branch_operator_decorator.py
[2024-11-09T09:56:15.514+0100] {processor.py:914} INFO - Processing file /home/hajar/.local/lib/python3.10/site-packages/airflow/example_dags/example_branch_operator_decorator.py for tasks to queue
[2024-11-09T09:56:15.521+0100] {logging_mixin.py:190} INFO - [2024-11-09T09:56:15.520+0100] {dagbag.py:588} INFO - Filling up the DagBag from /home/hajar/.local/lib/python3.10/site-packages/airflow/example_dags/example_branch_operator_decorator.py
[2024-11-09T09:56:15.534+0100] {processor.py:927} WARNING - No viable dags retrieved from /home/hajar/.local/lib/python3.10/site-packages/airflow/example_dags/example_branch_operator_decorator.py
[2024-11-09T09:56:15.563+0100] {processor.py:208} INFO - Processing /home/hajar/.local/lib/python3.10/site-packages/airflow/example_dags/example_branch_operator_decorator.py took 0.096 seconds
[2024-11-09T09:58:18.555+0100] {processor.py:186} INFO - Started process (PID=138241) to work on /home/hajar/.local/lib/python3.10/site-packages/airflow/example_dags/example_branch_operator_decorator.py
[2024-11-09T09:58:18.566+0100] {processor.py:914} INFO - Processing file /home/hajar/.local/lib/python3.10/site-packages/airflow/example_dags/example_branch_operator_decorator.py for tasks to queue
[2024-11-09T09:58:18.575+0100] {logging_mixin.py:190} INFO - [2024-11-09T09:58:18.573+0100] {dagbag.py:588} INFO - Filling up the DagBag from /home/hajar/.local/lib/python3.10/site-packages/airflow/example_dags/example_branch_operator_decorator.py
[2024-11-09T09:58:18.590+0100] {processor.py:927} WARNING - No viable dags retrieved from /home/hajar/.local/lib/python3.10/site-packages/airflow/example_dags/example_branch_operator_decorator.py
[2024-11-09T09:58:18.631+0100] {processor.py:208} INFO - Processing /home/hajar/.local/lib/python3.10/site-packages/airflow/example_dags/example_branch_operator_decorator.py took 0.124 seconds
[2024-11-09T10:00:20.421+0100] {processor.py:186} INFO - Started process (PID=139639) to work on /home/hajar/.local/lib/python3.10/site-packages/airflow/example_dags/example_branch_operator_decorator.py
[2024-11-09T10:00:20.432+0100] {processor.py:914} INFO - Processing file /home/hajar/.local/lib/python3.10/site-packages/airflow/example_dags/example_branch_operator_decorator.py for tasks to queue
[2024-11-09T10:00:20.440+0100] {logging_mixin.py:190} INFO - [2024-11-09T10:00:20.439+0100] {dagbag.py:588} INFO - Filling up the DagBag from /home/hajar/.local/lib/python3.10/site-packages/airflow/example_dags/example_branch_operator_decorator.py
[2024-11-09T10:00:20.454+0100] {processor.py:927} WARNING - No viable dags retrieved from /home/hajar/.local/lib/python3.10/site-packages/airflow/example_dags/example_branch_operator_decorator.py
[2024-11-09T10:00:20.488+0100] {processor.py:208} INFO - Processing /home/hajar/.local/lib/python3.10/site-packages/airflow/example_dags/example_branch_operator_decorator.py took 0.106 seconds
[2024-11-09T10:02:38.024+0100] {processor.py:186} INFO - Started process (PID=141113) to work on /home/hajar/.local/lib/python3.10/site-packages/airflow/example_dags/example_branch_operator_decorator.py
[2024-11-09T10:02:38.035+0100] {processor.py:914} INFO - Processing file /home/hajar/.local/lib/python3.10/site-packages/airflow/example_dags/example_branch_operator_decorator.py for tasks to queue
[2024-11-09T10:02:38.043+0100] {logging_mixin.py:190} INFO - [2024-11-09T10:02:38.041+0100] {dagbag.py:588} INFO - Filling up the DagBag from /home/hajar/.local/lib/python3.10/site-packages/airflow/example_dags/example_branch_operator_decorator.py
[2024-11-09T10:02:38.056+0100] {processor.py:927} WARNING - No viable dags retrieved from /home/hajar/.local/lib/python3.10/site-packages/airflow/example_dags/example_branch_operator_decorator.py
[2024-11-09T10:02:38.087+0100] {processor.py:208} INFO - Processing /home/hajar/.local/lib/python3.10/site-packages/airflow/example_dags/example_branch_operator_decorator.py took 0.102 seconds
[2024-11-09T10:04:54.673+0100] {processor.py:186} INFO - Started process (PID=143006) to work on /home/hajar/.local/lib/python3.10/site-packages/airflow/example_dags/example_branch_operator_decorator.py
[2024-11-09T10:04:54.683+0100] {processor.py:914} INFO - Processing file /home/hajar/.local/lib/python3.10/site-packages/airflow/example_dags/example_branch_operator_decorator.py for tasks to queue
[2024-11-09T10:04:54.691+0100] {logging_mixin.py:190} INFO - [2024-11-09T10:04:54.689+0100] {dagbag.py:588} INFO - Filling up the DagBag from /home/hajar/.local/lib/python3.10/site-packages/airflow/example_dags/example_branch_operator_decorator.py
[2024-11-09T10:04:54.704+0100] {processor.py:927} WARNING - No viable dags retrieved from /home/hajar/.local/lib/python3.10/site-packages/airflow/example_dags/example_branch_operator_decorator.py
[2024-11-09T10:04:54.737+0100] {processor.py:208} INFO - Processing /home/hajar/.local/lib/python3.10/site-packages/airflow/example_dags/example_branch_operator_decorator.py took 0.101 seconds
[2024-11-09T10:07:10.105+0100] {processor.py:186} INFO - Started process (PID=144910) to work on /home/hajar/.local/lib/python3.10/site-packages/airflow/example_dags/example_branch_operator_decorator.py
[2024-11-09T10:07:10.108+0100] {processor.py:914} INFO - Processing file /home/hajar/.local/lib/python3.10/site-packages/airflow/example_dags/example_branch_operator_decorator.py for tasks to queue
[2024-11-09T10:07:10.116+0100] {logging_mixin.py:190} INFO - [2024-11-09T10:07:10.115+0100] {dagbag.py:588} INFO - Filling up the DagBag from /home/hajar/.local/lib/python3.10/site-packages/airflow/example_dags/example_branch_operator_decorator.py
[2024-11-09T10:07:10.129+0100] {processor.py:927} WARNING - No viable dags retrieved from /home/hajar/.local/lib/python3.10/site-packages/airflow/example_dags/example_branch_operator_decorator.py
[2024-11-09T10:07:10.160+0100] {processor.py:208} INFO - Processing /home/hajar/.local/lib/python3.10/site-packages/airflow/example_dags/example_branch_operator_decorator.py took 0.092 seconds
[2024-11-09T10:09:18.137+0100] {processor.py:186} INFO - Started process (PID=146634) to work on /home/hajar/.local/lib/python3.10/site-packages/airflow/example_dags/example_branch_operator_decorator.py
[2024-11-09T10:09:18.149+0100] {processor.py:914} INFO - Processing file /home/hajar/.local/lib/python3.10/site-packages/airflow/example_dags/example_branch_operator_decorator.py for tasks to queue
[2024-11-09T10:09:18.158+0100] {logging_mixin.py:190} INFO - [2024-11-09T10:09:18.157+0100] {dagbag.py:588} INFO - Filling up the DagBag from /home/hajar/.local/lib/python3.10/site-packages/airflow/example_dags/example_branch_operator_decorator.py
[2024-11-09T10:09:18.174+0100] {processor.py:927} WARNING - No viable dags retrieved from /home/hajar/.local/lib/python3.10/site-packages/airflow/example_dags/example_branch_operator_decorator.py
[2024-11-09T10:09:18.206+0100] {processor.py:208} INFO - Processing /home/hajar/.local/lib/python3.10/site-packages/airflow/example_dags/example_branch_operator_decorator.py took 0.105 seconds
[2024-11-09T10:11:21.367+0100] {processor.py:186} INFO - Started process (PID=148086) to work on /home/hajar/.local/lib/python3.10/site-packages/airflow/example_dags/example_branch_operator_decorator.py
[2024-11-09T10:11:21.378+0100] {processor.py:914} INFO - Processing file /home/hajar/.local/lib/python3.10/site-packages/airflow/example_dags/example_branch_operator_decorator.py for tasks to queue
[2024-11-09T10:11:21.388+0100] {logging_mixin.py:190} INFO - [2024-11-09T10:11:21.386+0100] {dagbag.py:588} INFO - Filling up the DagBag from /home/hajar/.local/lib/python3.10/site-packages/airflow/example_dags/example_branch_operator_decorator.py
[2024-11-09T10:11:21.403+0100] {processor.py:927} WARNING - No viable dags retrieved from /home/hajar/.local/lib/python3.10/site-packages/airflow/example_dags/example_branch_operator_decorator.py
[2024-11-09T10:11:21.445+0100] {processor.py:208} INFO - Processing /home/hajar/.local/lib/python3.10/site-packages/airflow/example_dags/example_branch_operator_decorator.py took 0.115 seconds
[2024-11-09T10:13:13.416+0100] {processor.py:186} INFO - Started process (PID=149438) to work on /home/hajar/.local/lib/python3.10/site-packages/airflow/example_dags/example_branch_operator_decorator.py
[2024-11-09T10:13:13.428+0100] {processor.py:914} INFO - Processing file /home/hajar/.local/lib/python3.10/site-packages/airflow/example_dags/example_branch_operator_decorator.py for tasks to queue
[2024-11-09T10:13:13.436+0100] {logging_mixin.py:190} INFO - [2024-11-09T10:13:13.434+0100] {dagbag.py:588} INFO - Filling up the DagBag from /home/hajar/.local/lib/python3.10/site-packages/airflow/example_dags/example_branch_operator_decorator.py
[2024-11-09T10:13:13.448+0100] {processor.py:927} WARNING - No viable dags retrieved from /home/hajar/.local/lib/python3.10/site-packages/airflow/example_dags/example_branch_operator_decorator.py
[2024-11-09T10:13:13.480+0100] {processor.py:208} INFO - Processing /home/hajar/.local/lib/python3.10/site-packages/airflow/example_dags/example_branch_operator_decorator.py took 0.103 seconds
[2024-11-09T10:15:02.914+0100] {processor.py:186} INFO - Started process (PID=150757) to work on /home/hajar/.local/lib/python3.10/site-packages/airflow/example_dags/example_branch_operator_decorator.py
[2024-11-09T10:15:02.925+0100] {processor.py:914} INFO - Processing file /home/hajar/.local/lib/python3.10/site-packages/airflow/example_dags/example_branch_operator_decorator.py for tasks to queue
[2024-11-09T10:15:02.933+0100] {logging_mixin.py:190} INFO - [2024-11-09T10:15:02.932+0100] {dagbag.py:588} INFO - Filling up the DagBag from /home/hajar/.local/lib/python3.10/site-packages/airflow/example_dags/example_branch_operator_decorator.py
[2024-11-09T10:15:02.946+0100] {processor.py:927} WARNING - No viable dags retrieved from /home/hajar/.local/lib/python3.10/site-packages/airflow/example_dags/example_branch_operator_decorator.py
[2024-11-09T10:15:02.979+0100] {processor.py:208} INFO - Processing /home/hajar/.local/lib/python3.10/site-packages/airflow/example_dags/example_branch_operator_decorator.py took 0.105 seconds
[2024-11-09T10:16:46.116+0100] {processor.py:186} INFO - Started process (PID=152165) to work on /home/hajar/.local/lib/python3.10/site-packages/airflow/example_dags/example_branch_operator_decorator.py
[2024-11-09T10:16:46.120+0100] {processor.py:914} INFO - Processing file /home/hajar/.local/lib/python3.10/site-packages/airflow/example_dags/example_branch_operator_decorator.py for tasks to queue
[2024-11-09T10:16:46.128+0100] {logging_mixin.py:190} INFO - [2024-11-09T10:16:46.126+0100] {dagbag.py:588} INFO - Filling up the DagBag from /home/hajar/.local/lib/python3.10/site-packages/airflow/example_dags/example_branch_operator_decorator.py
[2024-11-09T10:16:46.141+0100] {processor.py:927} WARNING - No viable dags retrieved from /home/hajar/.local/lib/python3.10/site-packages/airflow/example_dags/example_branch_operator_decorator.py
[2024-11-09T10:16:46.176+0100] {processor.py:208} INFO - Processing /home/hajar/.local/lib/python3.10/site-packages/airflow/example_dags/example_branch_operator_decorator.py took 0.102 seconds
[2024-11-09T10:18:33.684+0100] {processor.py:186} INFO - Started process (PID=153427) to work on /home/hajar/.local/lib/python3.10/site-packages/airflow/example_dags/example_branch_operator_decorator.py
[2024-11-09T10:18:33.695+0100] {processor.py:914} INFO - Processing file /home/hajar/.local/lib/python3.10/site-packages/airflow/example_dags/example_branch_operator_decorator.py for tasks to queue
[2024-11-09T10:18:33.705+0100] {logging_mixin.py:190} INFO - [2024-11-09T10:18:33.703+0100] {dagbag.py:588} INFO - Filling up the DagBag from /home/hajar/.local/lib/python3.10/site-packages/airflow/example_dags/example_branch_operator_decorator.py
[2024-11-09T10:18:33.719+0100] {processor.py:927} WARNING - No viable dags retrieved from /home/hajar/.local/lib/python3.10/site-packages/airflow/example_dags/example_branch_operator_decorator.py
[2024-11-09T10:18:33.755+0100] {processor.py:208} INFO - Processing /home/hajar/.local/lib/python3.10/site-packages/airflow/example_dags/example_branch_operator_decorator.py took 0.118 seconds
