[2024-11-09T08:24:07.340+0100] {processor.py:186} INFO - Started process (PID=66305) to work on /home/hajar/.local/lib/python3.10/site-packages/airflow/example_dags/example_complex.py
[2024-11-09T08:24:07.343+0100] {processor.py:914} INFO - Processing file /home/hajar/.local/lib/python3.10/site-packages/airflow/example_dags/example_complex.py for tasks to queue
[2024-11-09T08:24:07.351+0100] {logging_mixin.py:190} INFO - [2024-11-09T08:24:07.349+0100] {dagbag.py:588} INFO - Filling up the DagBag from /home/hajar/.local/lib/python3.10/site-packages/airflow/example_dags/example_complex.py
[2024-11-09T08:24:07.406+0100] {processor.py:925} INFO - DAG(s) 'example_complex' retrieved from /home/hajar/.local/lib/python3.10/site-packages/airflow/example_dags/example_complex.py
[2024-11-09T08:24:07.887+0100] {logging_mixin.py:190} INFO - [2024-11-09T08:24:07.885+0100] {override.py:1911} INFO - Created Permission View: can delete on DAG:example_complex
[2024-11-09T08:24:07.933+0100] {logging_mixin.py:190} INFO - [2024-11-09T08:24:07.932+0100] {override.py:1911} INFO - Created Permission View: can edit on DAG:example_complex
[2024-11-09T08:24:07.963+0100] {logging_mixin.py:190} INFO - [2024-11-09T08:24:07.962+0100] {override.py:1911} INFO - Created Permission View: can read on DAG:example_complex
[2024-11-09T08:24:08.001+0100] {logging_mixin.py:190} INFO - [2024-11-09T08:24:08.000+0100] {override.py:1911} INFO - Created Permission View: can delete on DAG Run:example_complex
[2024-11-09T08:24:08.034+0100] {logging_mixin.py:190} INFO - [2024-11-09T08:24:08.033+0100] {override.py:1911} INFO - Created Permission View: can create on DAG Run:example_complex
[2024-11-09T08:24:08.065+0100] {logging_mixin.py:190} INFO - [2024-11-09T08:24:08.063+0100] {override.py:1911} INFO - Created Permission View: menu access on DAG Run:example_complex
[2024-11-09T08:24:08.096+0100] {logging_mixin.py:190} INFO - [2024-11-09T08:24:08.095+0100] {override.py:1911} INFO - Created Permission View: can read on DAG Run:example_complex
[2024-11-09T08:24:08.098+0100] {logging_mixin.py:190} INFO - [2024-11-09T08:24:08.097+0100] {dag.py:3239} INFO - Sync 1 DAGs
[2024-11-09T08:24:08.164+0100] {logging_mixin.py:190} INFO - [2024-11-09T08:24:08.163+0100] {dag.py:3262} INFO - Creating ORM DAG for example_complex
[2024-11-09T08:24:08.167+0100] {logging_mixin.py:190} INFO - [2024-11-09T08:24:08.166+0100] {dag.py:4180} INFO - Setting next_dagrun for example_complex to None, run_after=None
[2024-11-09T08:24:08.260+0100] {processor.py:208} INFO - Processing /home/hajar/.local/lib/python3.10/site-packages/airflow/example_dags/example_complex.py took 0.943 seconds
[2024-11-09T08:27:21.558+0100] {processor.py:186} INFO - Started process (PID=69297) to work on /home/hajar/.local/lib/python3.10/site-packages/airflow/example_dags/example_complex.py
[2024-11-09T08:27:21.568+0100] {processor.py:914} INFO - Processing file /home/hajar/.local/lib/python3.10/site-packages/airflow/example_dags/example_complex.py for tasks to queue
[2024-11-09T08:27:21.575+0100] {logging_mixin.py:190} INFO - [2024-11-09T08:27:21.574+0100] {dagbag.py:588} INFO - Filling up the DagBag from /home/hajar/.local/lib/python3.10/site-packages/airflow/example_dags/example_complex.py
[2024-11-09T08:27:21.627+0100] {processor.py:925} INFO - DAG(s) 'example_complex' retrieved from /home/hajar/.local/lib/python3.10/site-packages/airflow/example_dags/example_complex.py
[2024-11-09T08:27:21.728+0100] {logging_mixin.py:190} INFO - [2024-11-09T08:27:21.727+0100] {dag.py:3239} INFO - Sync 1 DAGs
[2024-11-09T08:27:21.779+0100] {logging_mixin.py:190} INFO - [2024-11-09T08:27:21.778+0100] {dag.py:4180} INFO - Setting next_dagrun for example_complex to None, run_after=None
[2024-11-09T08:27:21.858+0100] {processor.py:208} INFO - Processing /home/hajar/.local/lib/python3.10/site-packages/airflow/example_dags/example_complex.py took 0.322 seconds
[2024-11-09T08:29:06.586+0100] {processor.py:186} INFO - Started process (PID=70894) to work on /home/hajar/.local/lib/python3.10/site-packages/airflow/example_dags/example_complex.py
[2024-11-09T08:29:06.598+0100] {processor.py:914} INFO - Processing file /home/hajar/.local/lib/python3.10/site-packages/airflow/example_dags/example_complex.py for tasks to queue
[2024-11-09T08:29:06.605+0100] {logging_mixin.py:190} INFO - [2024-11-09T08:29:06.604+0100] {dagbag.py:588} INFO - Filling up the DagBag from /home/hajar/.local/lib/python3.10/site-packages/airflow/example_dags/example_complex.py
[2024-11-09T08:29:06.658+0100] {processor.py:925} INFO - DAG(s) 'example_complex' retrieved from /home/hajar/.local/lib/python3.10/site-packages/airflow/example_dags/example_complex.py
[2024-11-09T08:29:06.766+0100] {logging_mixin.py:190} INFO - [2024-11-09T08:29:06.765+0100] {dag.py:3239} INFO - Sync 1 DAGs
[2024-11-09T08:29:06.813+0100] {logging_mixin.py:190} INFO - [2024-11-09T08:29:06.813+0100] {dag.py:4180} INFO - Setting next_dagrun for example_complex to None, run_after=None
[2024-11-09T08:29:06.890+0100] {processor.py:208} INFO - Processing /home/hajar/.local/lib/python3.10/site-packages/airflow/example_dags/example_complex.py took 0.328 seconds
[2024-11-09T08:29:23.967+0100] {processor.py:186} INFO - Started process (PID=71283) to work on /home/hajar/.local/lib/python3.10/site-packages/airflow/example_dags/example_complex.py
[2024-11-09T08:29:23.979+0100] {processor.py:914} INFO - Processing file /home/hajar/.local/lib/python3.10/site-packages/airflow/example_dags/example_complex.py for tasks to queue
[2024-11-09T08:29:23.991+0100] {logging_mixin.py:190} INFO - [2024-11-09T08:29:23.989+0100] {dagbag.py:588} INFO - Filling up the DagBag from /home/hajar/.local/lib/python3.10/site-packages/airflow/example_dags/example_complex.py
[2024-11-09T08:29:24.086+0100] {processor.py:925} INFO - DAG(s) 'example_complex' retrieved from /home/hajar/.local/lib/python3.10/site-packages/airflow/example_dags/example_complex.py
[2024-11-09T08:29:24.249+0100] {logging_mixin.py:190} INFO - [2024-11-09T08:29:24.248+0100] {dag.py:3239} INFO - Sync 1 DAGs
[2024-11-09T08:29:24.312+0100] {logging_mixin.py:190} INFO - [2024-11-09T08:29:24.311+0100] {dag.py:4180} INFO - Setting next_dagrun for example_complex to None, run_after=None
[2024-11-09T08:29:24.404+0100] {processor.py:208} INFO - Processing /home/hajar/.local/lib/python3.10/site-packages/airflow/example_dags/example_complex.py took 0.465 seconds
[2024-11-09T08:30:47.492+0100] {processor.py:186} INFO - Started process (PID=72331) to work on /home/hajar/.local/lib/python3.10/site-packages/airflow/example_dags/example_complex.py
[2024-11-09T08:30:47.503+0100] {processor.py:914} INFO - Processing file /home/hajar/.local/lib/python3.10/site-packages/airflow/example_dags/example_complex.py for tasks to queue
[2024-11-09T08:30:47.509+0100] {logging_mixin.py:190} INFO - [2024-11-09T08:30:47.508+0100] {dagbag.py:588} INFO - Filling up the DagBag from /home/hajar/.local/lib/python3.10/site-packages/airflow/example_dags/example_complex.py
[2024-11-09T08:30:47.553+0100] {processor.py:925} INFO - DAG(s) 'example_complex' retrieved from /home/hajar/.local/lib/python3.10/site-packages/airflow/example_dags/example_complex.py
[2024-11-09T08:30:47.670+0100] {logging_mixin.py:190} INFO - [2024-11-09T08:30:47.669+0100] {dag.py:3239} INFO - Sync 1 DAGs
[2024-11-09T08:30:47.724+0100] {logging_mixin.py:190} INFO - [2024-11-09T08:30:47.724+0100] {dag.py:4180} INFO - Setting next_dagrun for example_complex to None, run_after=None
[2024-11-09T08:30:47.802+0100] {processor.py:208} INFO - Processing /home/hajar/.local/lib/python3.10/site-packages/airflow/example_dags/example_complex.py took 0.329 seconds
[2024-11-09T08:31:06.983+0100] {processor.py:186} INFO - Started process (PID=72540) to work on /home/hajar/.local/lib/python3.10/site-packages/airflow/example_dags/example_complex.py
[2024-11-09T08:31:06.987+0100] {processor.py:914} INFO - Processing file /home/hajar/.local/lib/python3.10/site-packages/airflow/example_dags/example_complex.py for tasks to queue
[2024-11-09T08:31:06.994+0100] {logging_mixin.py:190} INFO - [2024-11-09T08:31:06.993+0100] {dagbag.py:588} INFO - Filling up the DagBag from /home/hajar/.local/lib/python3.10/site-packages/airflow/example_dags/example_complex.py
[2024-11-09T08:31:07.049+0100] {processor.py:925} INFO - DAG(s) 'example_complex' retrieved from /home/hajar/.local/lib/python3.10/site-packages/airflow/example_dags/example_complex.py
[2024-11-09T08:31:07.149+0100] {logging_mixin.py:190} INFO - [2024-11-09T08:31:07.148+0100] {dag.py:3239} INFO - Sync 1 DAGs
[2024-11-09T08:31:07.190+0100] {logging_mixin.py:190} INFO - [2024-11-09T08:31:07.189+0100] {dag.py:4180} INFO - Setting next_dagrun for example_complex to None, run_after=None
[2024-11-09T08:31:07.258+0100] {processor.py:208} INFO - Processing /home/hajar/.local/lib/python3.10/site-packages/airflow/example_dags/example_complex.py took 0.296 seconds
[2024-11-09T08:32:25.426+0100] {processor.py:186} INFO - Started process (PID=73448) to work on /home/hajar/.local/lib/python3.10/site-packages/airflow/example_dags/example_complex.py
[2024-11-09T08:32:25.436+0100] {processor.py:914} INFO - Processing file /home/hajar/.local/lib/python3.10/site-packages/airflow/example_dags/example_complex.py for tasks to queue
[2024-11-09T08:32:25.444+0100] {logging_mixin.py:190} INFO - [2024-11-09T08:32:25.443+0100] {dagbag.py:588} INFO - Filling up the DagBag from /home/hajar/.local/lib/python3.10/site-packages/airflow/example_dags/example_complex.py
[2024-11-09T08:32:25.494+0100] {processor.py:925} INFO - DAG(s) 'example_complex' retrieved from /home/hajar/.local/lib/python3.10/site-packages/airflow/example_dags/example_complex.py
[2024-11-09T08:32:25.595+0100] {logging_mixin.py:190} INFO - [2024-11-09T08:32:25.594+0100] {dag.py:3239} INFO - Sync 1 DAGs
[2024-11-09T08:32:25.640+0100] {logging_mixin.py:190} INFO - [2024-11-09T08:32:25.639+0100] {dag.py:4180} INFO - Setting next_dagrun for example_complex to None, run_after=None
[2024-11-09T08:32:25.717+0100] {processor.py:208} INFO - Processing /home/hajar/.local/lib/python3.10/site-packages/airflow/example_dags/example_complex.py took 0.313 seconds
[2024-11-09T08:32:49.375+0100] {processor.py:186} INFO - Started process (PID=73715) to work on /home/hajar/.local/lib/python3.10/site-packages/airflow/example_dags/example_complex.py
[2024-11-09T08:32:49.378+0100] {processor.py:914} INFO - Processing file /home/hajar/.local/lib/python3.10/site-packages/airflow/example_dags/example_complex.py for tasks to queue
[2024-11-09T08:32:49.386+0100] {logging_mixin.py:190} INFO - [2024-11-09T08:32:49.384+0100] {dagbag.py:588} INFO - Filling up the DagBag from /home/hajar/.local/lib/python3.10/site-packages/airflow/example_dags/example_complex.py
[2024-11-09T08:32:49.440+0100] {processor.py:925} INFO - DAG(s) 'example_complex' retrieved from /home/hajar/.local/lib/python3.10/site-packages/airflow/example_dags/example_complex.py
[2024-11-09T08:32:49.548+0100] {logging_mixin.py:190} INFO - [2024-11-09T08:32:49.547+0100] {dag.py:3239} INFO - Sync 1 DAGs
[2024-11-09T08:32:49.594+0100] {logging_mixin.py:190} INFO - [2024-11-09T08:32:49.593+0100] {dag.py:4180} INFO - Setting next_dagrun for example_complex to None, run_after=None
[2024-11-09T08:32:49.661+0100] {processor.py:208} INFO - Processing /home/hajar/.local/lib/python3.10/site-packages/airflow/example_dags/example_complex.py took 0.308 seconds
[2024-11-09T08:34:03.986+0100] {processor.py:186} INFO - Started process (PID=74545) to work on /home/hajar/.local/lib/python3.10/site-packages/airflow/example_dags/example_complex.py
[2024-11-09T08:34:03.996+0100] {processor.py:914} INFO - Processing file /home/hajar/.local/lib/python3.10/site-packages/airflow/example_dags/example_complex.py for tasks to queue
[2024-11-09T08:34:04.006+0100] {logging_mixin.py:190} INFO - [2024-11-09T08:34:04.004+0100] {dagbag.py:588} INFO - Filling up the DagBag from /home/hajar/.local/lib/python3.10/site-packages/airflow/example_dags/example_complex.py
[2024-11-09T08:34:04.057+0100] {processor.py:925} INFO - DAG(s) 'example_complex' retrieved from /home/hajar/.local/lib/python3.10/site-packages/airflow/example_dags/example_complex.py
[2024-11-09T08:34:04.157+0100] {logging_mixin.py:190} INFO - [2024-11-09T08:34:04.157+0100] {dag.py:3239} INFO - Sync 1 DAGs
[2024-11-09T08:34:04.204+0100] {logging_mixin.py:190} INFO - [2024-11-09T08:34:04.203+0100] {dag.py:4180} INFO - Setting next_dagrun for example_complex to None, run_after=None
[2024-11-09T08:34:04.282+0100] {processor.py:208} INFO - Processing /home/hajar/.local/lib/python3.10/site-packages/airflow/example_dags/example_complex.py took 0.319 seconds
[2024-11-09T08:34:24.497+0100] {processor.py:186} INFO - Started process (PID=74801) to work on /home/hajar/.local/lib/python3.10/site-packages/airflow/example_dags/example_complex.py
[2024-11-09T08:34:24.508+0100] {processor.py:914} INFO - Processing file /home/hajar/.local/lib/python3.10/site-packages/airflow/example_dags/example_complex.py for tasks to queue
[2024-11-09T08:34:24.515+0100] {logging_mixin.py:190} INFO - [2024-11-09T08:34:24.514+0100] {dagbag.py:588} INFO - Filling up the DagBag from /home/hajar/.local/lib/python3.10/site-packages/airflow/example_dags/example_complex.py
[2024-11-09T08:34:24.566+0100] {processor.py:925} INFO - DAG(s) 'example_complex' retrieved from /home/hajar/.local/lib/python3.10/site-packages/airflow/example_dags/example_complex.py
[2024-11-09T08:34:24.665+0100] {logging_mixin.py:190} INFO - [2024-11-09T08:34:24.665+0100] {dag.py:3239} INFO - Sync 1 DAGs
[2024-11-09T08:34:24.712+0100] {logging_mixin.py:190} INFO - [2024-11-09T08:34:24.711+0100] {dag.py:4180} INFO - Setting next_dagrun for example_complex to None, run_after=None
[2024-11-09T08:34:24.791+0100] {processor.py:208} INFO - Processing /home/hajar/.local/lib/python3.10/site-packages/airflow/example_dags/example_complex.py took 0.315 seconds
[2024-11-09T08:35:42.777+0100] {processor.py:186} INFO - Started process (PID=75663) to work on /home/hajar/.local/lib/python3.10/site-packages/airflow/example_dags/example_complex.py
[2024-11-09T08:35:42.781+0100] {processor.py:914} INFO - Processing file /home/hajar/.local/lib/python3.10/site-packages/airflow/example_dags/example_complex.py for tasks to queue
[2024-11-09T08:35:42.788+0100] {logging_mixin.py:190} INFO - [2024-11-09T08:35:42.787+0100] {dagbag.py:588} INFO - Filling up the DagBag from /home/hajar/.local/lib/python3.10/site-packages/airflow/example_dags/example_complex.py
[2024-11-09T08:35:42.838+0100] {processor.py:925} INFO - DAG(s) 'example_complex' retrieved from /home/hajar/.local/lib/python3.10/site-packages/airflow/example_dags/example_complex.py
[2024-11-09T08:35:42.939+0100] {logging_mixin.py:190} INFO - [2024-11-09T08:35:42.938+0100] {dag.py:3239} INFO - Sync 1 DAGs
[2024-11-09T08:35:42.983+0100] {logging_mixin.py:190} INFO - [2024-11-09T08:35:42.982+0100] {dag.py:4180} INFO - Setting next_dagrun for example_complex to None, run_after=None
[2024-11-09T08:35:43.063+0100] {processor.py:208} INFO - Processing /home/hajar/.local/lib/python3.10/site-packages/airflow/example_dags/example_complex.py took 0.308 seconds
[2024-11-09T08:36:05.126+0100] {processor.py:186} INFO - Started process (PID=75934) to work on /home/hajar/.local/lib/python3.10/site-packages/airflow/example_dags/example_complex.py
[2024-11-09T08:36:05.134+0100] {processor.py:914} INFO - Processing file /home/hajar/.local/lib/python3.10/site-packages/airflow/example_dags/example_complex.py for tasks to queue
[2024-11-09T08:36:05.154+0100] {logging_mixin.py:190} INFO - [2024-11-09T08:36:05.152+0100] {dagbag.py:588} INFO - Filling up the DagBag from /home/hajar/.local/lib/python3.10/site-packages/airflow/example_dags/example_complex.py
[2024-11-09T08:36:05.251+0100] {processor.py:925} INFO - DAG(s) 'example_complex' retrieved from /home/hajar/.local/lib/python3.10/site-packages/airflow/example_dags/example_complex.py
[2024-11-09T08:36:05.433+0100] {logging_mixin.py:190} INFO - [2024-11-09T08:36:05.431+0100] {dag.py:3239} INFO - Sync 1 DAGs
[2024-11-09T08:36:05.509+0100] {logging_mixin.py:190} INFO - [2024-11-09T08:36:05.508+0100] {dag.py:4180} INFO - Setting next_dagrun for example_complex to None, run_after=None
[2024-11-09T08:36:05.611+0100] {processor.py:208} INFO - Processing /home/hajar/.local/lib/python3.10/site-packages/airflow/example_dags/example_complex.py took 0.523 seconds
[2024-11-09T08:37:24.101+0100] {processor.py:186} INFO - Started process (PID=77267) to work on /home/hajar/.local/lib/python3.10/site-packages/airflow/example_dags/example_complex.py
[2024-11-09T08:37:24.113+0100] {processor.py:914} INFO - Processing file /home/hajar/.local/lib/python3.10/site-packages/airflow/example_dags/example_complex.py for tasks to queue
[2024-11-09T08:37:24.124+0100] {logging_mixin.py:190} INFO - [2024-11-09T08:37:24.122+0100] {dagbag.py:588} INFO - Filling up the DagBag from /home/hajar/.local/lib/python3.10/site-packages/airflow/example_dags/example_complex.py
[2024-11-09T08:37:24.192+0100] {processor.py:925} INFO - DAG(s) 'example_complex' retrieved from /home/hajar/.local/lib/python3.10/site-packages/airflow/example_dags/example_complex.py
[2024-11-09T08:37:24.312+0100] {logging_mixin.py:190} INFO - [2024-11-09T08:37:24.311+0100] {dag.py:3239} INFO - Sync 1 DAGs
[2024-11-09T08:37:24.369+0100] {logging_mixin.py:190} INFO - [2024-11-09T08:37:24.368+0100] {dag.py:4180} INFO - Setting next_dagrun for example_complex to None, run_after=None
[2024-11-09T08:37:24.460+0100] {processor.py:208} INFO - Processing /home/hajar/.local/lib/python3.10/site-packages/airflow/example_dags/example_complex.py took 0.387 seconds
[2024-11-09T08:37:45.122+0100] {processor.py:186} INFO - Started process (PID=77572) to work on /home/hajar/.local/lib/python3.10/site-packages/airflow/example_dags/example_complex.py
[2024-11-09T08:37:45.126+0100] {processor.py:914} INFO - Processing file /home/hajar/.local/lib/python3.10/site-packages/airflow/example_dags/example_complex.py for tasks to queue
[2024-11-09T08:37:45.135+0100] {logging_mixin.py:190} INFO - [2024-11-09T08:37:45.134+0100] {dagbag.py:588} INFO - Filling up the DagBag from /home/hajar/.local/lib/python3.10/site-packages/airflow/example_dags/example_complex.py
[2024-11-09T08:37:45.215+0100] {processor.py:925} INFO - DAG(s) 'example_complex' retrieved from /home/hajar/.local/lib/python3.10/site-packages/airflow/example_dags/example_complex.py
[2024-11-09T08:37:45.377+0100] {logging_mixin.py:190} INFO - [2024-11-09T08:37:45.376+0100] {dag.py:3239} INFO - Sync 1 DAGs
[2024-11-09T08:37:45.456+0100] {logging_mixin.py:190} INFO - [2024-11-09T08:37:45.455+0100] {dag.py:4180} INFO - Setting next_dagrun for example_complex to None, run_after=None
[2024-11-09T08:37:45.563+0100] {processor.py:208} INFO - Processing /home/hajar/.local/lib/python3.10/site-packages/airflow/example_dags/example_complex.py took 0.472 seconds
[2024-11-09T08:39:13.818+0100] {processor.py:186} INFO - Started process (PID=78810) to work on /home/hajar/.local/lib/python3.10/site-packages/airflow/example_dags/example_complex.py
[2024-11-09T08:39:13.830+0100] {processor.py:914} INFO - Processing file /home/hajar/.local/lib/python3.10/site-packages/airflow/example_dags/example_complex.py for tasks to queue
[2024-11-09T08:39:13.837+0100] {logging_mixin.py:190} INFO - [2024-11-09T08:39:13.836+0100] {dagbag.py:588} INFO - Filling up the DagBag from /home/hajar/.local/lib/python3.10/site-packages/airflow/example_dags/example_complex.py
[2024-11-09T08:39:13.889+0100] {processor.py:925} INFO - DAG(s) 'example_complex' retrieved from /home/hajar/.local/lib/python3.10/site-packages/airflow/example_dags/example_complex.py
[2024-11-09T08:39:13.989+0100] {logging_mixin.py:190} INFO - [2024-11-09T08:39:13.988+0100] {dag.py:3239} INFO - Sync 1 DAGs
[2024-11-09T08:39:14.034+0100] {logging_mixin.py:190} INFO - [2024-11-09T08:39:14.034+0100] {dag.py:4180} INFO - Setting next_dagrun for example_complex to None, run_after=None
[2024-11-09T08:39:14.128+0100] {processor.py:208} INFO - Processing /home/hajar/.local/lib/python3.10/site-packages/airflow/example_dags/example_complex.py took 0.332 seconds
[2024-11-09T08:39:28.445+0100] {processor.py:186} INFO - Started process (PID=78983) to work on /home/hajar/.local/lib/python3.10/site-packages/airflow/example_dags/example_complex.py
[2024-11-09T08:39:28.448+0100] {processor.py:914} INFO - Processing file /home/hajar/.local/lib/python3.10/site-packages/airflow/example_dags/example_complex.py for tasks to queue
[2024-11-09T08:39:28.455+0100] {logging_mixin.py:190} INFO - [2024-11-09T08:39:28.454+0100] {dagbag.py:588} INFO - Filling up the DagBag from /home/hajar/.local/lib/python3.10/site-packages/airflow/example_dags/example_complex.py
[2024-11-09T08:39:28.503+0100] {processor.py:925} INFO - DAG(s) 'example_complex' retrieved from /home/hajar/.local/lib/python3.10/site-packages/airflow/example_dags/example_complex.py
[2024-11-09T08:39:28.591+0100] {logging_mixin.py:190} INFO - [2024-11-09T08:39:28.590+0100] {dag.py:3239} INFO - Sync 1 DAGs
[2024-11-09T08:39:28.633+0100] {logging_mixin.py:190} INFO - [2024-11-09T08:39:28.632+0100] {dag.py:4180} INFO - Setting next_dagrun for example_complex to None, run_after=None
[2024-11-09T08:39:28.703+0100] {processor.py:208} INFO - Processing /home/hajar/.local/lib/python3.10/site-packages/airflow/example_dags/example_complex.py took 0.280 seconds
[2024-11-09T08:40:52.223+0100] {processor.py:186} INFO - Started process (PID=79972) to work on /home/hajar/.local/lib/python3.10/site-packages/airflow/example_dags/example_complex.py
[2024-11-09T08:40:52.235+0100] {processor.py:914} INFO - Processing file /home/hajar/.local/lib/python3.10/site-packages/airflow/example_dags/example_complex.py for tasks to queue
[2024-11-09T08:40:52.243+0100] {logging_mixin.py:190} INFO - [2024-11-09T08:40:52.242+0100] {dagbag.py:588} INFO - Filling up the DagBag from /home/hajar/.local/lib/python3.10/site-packages/airflow/example_dags/example_complex.py
[2024-11-09T08:40:52.302+0100] {processor.py:925} INFO - DAG(s) 'example_complex' retrieved from /home/hajar/.local/lib/python3.10/site-packages/airflow/example_dags/example_complex.py
[2024-11-09T08:40:52.409+0100] {logging_mixin.py:190} INFO - [2024-11-09T08:40:52.409+0100] {dag.py:3239} INFO - Sync 1 DAGs
[2024-11-09T08:40:52.455+0100] {logging_mixin.py:190} INFO - [2024-11-09T08:40:52.454+0100] {dag.py:4180} INFO - Setting next_dagrun for example_complex to None, run_after=None
[2024-11-09T08:40:52.531+0100] {processor.py:208} INFO - Processing /home/hajar/.local/lib/python3.10/site-packages/airflow/example_dags/example_complex.py took 0.331 seconds
[2024-11-09T08:41:01.780+0100] {processor.py:186} INFO - Started process (PID=80085) to work on /home/hajar/.local/lib/python3.10/site-packages/airflow/example_dags/example_complex.py
[2024-11-09T08:41:01.783+0100] {processor.py:914} INFO - Processing file /home/hajar/.local/lib/python3.10/site-packages/airflow/example_dags/example_complex.py for tasks to queue
[2024-11-09T08:41:01.790+0100] {logging_mixin.py:190} INFO - [2024-11-09T08:41:01.789+0100] {dagbag.py:588} INFO - Filling up the DagBag from /home/hajar/.local/lib/python3.10/site-packages/airflow/example_dags/example_complex.py
[2024-11-09T08:41:01.834+0100] {processor.py:925} INFO - DAG(s) 'example_complex' retrieved from /home/hajar/.local/lib/python3.10/site-packages/airflow/example_dags/example_complex.py
[2024-11-09T08:41:01.929+0100] {logging_mixin.py:190} INFO - [2024-11-09T08:41:01.928+0100] {dag.py:3239} INFO - Sync 1 DAGs
[2024-11-09T08:41:01.976+0100] {logging_mixin.py:190} INFO - [2024-11-09T08:41:01.975+0100] {dag.py:4180} INFO - Setting next_dagrun for example_complex to None, run_after=None
[2024-11-09T08:41:02.049+0100] {processor.py:208} INFO - Processing /home/hajar/.local/lib/python3.10/site-packages/airflow/example_dags/example_complex.py took 0.292 seconds
[2024-11-09T08:42:35.301+0100] {processor.py:186} INFO - Started process (PID=81156) to work on /home/hajar/.local/lib/python3.10/site-packages/airflow/example_dags/example_complex.py
[2024-11-09T08:42:35.304+0100] {processor.py:914} INFO - Processing file /home/hajar/.local/lib/python3.10/site-packages/airflow/example_dags/example_complex.py for tasks to queue
[2024-11-09T08:42:35.311+0100] {logging_mixin.py:190} INFO - [2024-11-09T08:42:35.310+0100] {dagbag.py:588} INFO - Filling up the DagBag from /home/hajar/.local/lib/python3.10/site-packages/airflow/example_dags/example_complex.py
[2024-11-09T08:42:35.363+0100] {processor.py:925} INFO - DAG(s) 'example_complex' retrieved from /home/hajar/.local/lib/python3.10/site-packages/airflow/example_dags/example_complex.py
[2024-11-09T08:42:35.471+0100] {logging_mixin.py:190} INFO - [2024-11-09T08:42:35.470+0100] {dag.py:3239} INFO - Sync 1 DAGs
[2024-11-09T08:42:35.515+0100] {logging_mixin.py:190} INFO - [2024-11-09T08:42:35.514+0100] {dag.py:4180} INFO - Setting next_dagrun for example_complex to None, run_after=None
[2024-11-09T08:42:35.590+0100] {processor.py:208} INFO - Processing /home/hajar/.local/lib/python3.10/site-packages/airflow/example_dags/example_complex.py took 0.311 seconds
[2024-11-09T08:42:38.014+0100] {processor.py:186} INFO - Started process (PID=81183) to work on /home/hajar/.local/lib/python3.10/site-packages/airflow/example_dags/example_complex.py
[2024-11-09T08:42:38.017+0100] {processor.py:914} INFO - Processing file /home/hajar/.local/lib/python3.10/site-packages/airflow/example_dags/example_complex.py for tasks to queue
[2024-11-09T08:42:38.024+0100] {logging_mixin.py:190} INFO - [2024-11-09T08:42:38.023+0100] {dagbag.py:588} INFO - Filling up the DagBag from /home/hajar/.local/lib/python3.10/site-packages/airflow/example_dags/example_complex.py
[2024-11-09T08:42:38.070+0100] {processor.py:925} INFO - DAG(s) 'example_complex' retrieved from /home/hajar/.local/lib/python3.10/site-packages/airflow/example_dags/example_complex.py
[2024-11-09T08:42:38.156+0100] {logging_mixin.py:190} INFO - [2024-11-09T08:42:38.156+0100] {dag.py:3239} INFO - Sync 1 DAGs
[2024-11-09T08:42:38.198+0100] {logging_mixin.py:190} INFO - [2024-11-09T08:42:38.197+0100] {dag.py:4180} INFO - Setting next_dagrun for example_complex to None, run_after=None
[2024-11-09T08:42:38.272+0100] {processor.py:208} INFO - Processing /home/hajar/.local/lib/python3.10/site-packages/airflow/example_dags/example_complex.py took 0.280 seconds
[2024-11-09T08:44:13.571+0100] {processor.py:186} INFO - Started process (PID=82251) to work on /home/hajar/.local/lib/python3.10/site-packages/airflow/example_dags/example_complex.py
[2024-11-09T08:44:13.574+0100] {processor.py:914} INFO - Processing file /home/hajar/.local/lib/python3.10/site-packages/airflow/example_dags/example_complex.py for tasks to queue
[2024-11-09T08:44:13.581+0100] {logging_mixin.py:190} INFO - [2024-11-09T08:44:13.580+0100] {dagbag.py:588} INFO - Filling up the DagBag from /home/hajar/.local/lib/python3.10/site-packages/airflow/example_dags/example_complex.py
[2024-11-09T08:44:13.632+0100] {processor.py:925} INFO - DAG(s) 'example_complex' retrieved from /home/hajar/.local/lib/python3.10/site-packages/airflow/example_dags/example_complex.py
[2024-11-09T08:44:13.759+0100] {logging_mixin.py:190} INFO - [2024-11-09T08:44:13.758+0100] {dag.py:3239} INFO - Sync 1 DAGs
[2024-11-09T08:44:13.808+0100] {logging_mixin.py:190} INFO - [2024-11-09T08:44:13.807+0100] {dag.py:4180} INFO - Setting next_dagrun for example_complex to None, run_after=None
[2024-11-09T08:44:13.884+0100] {processor.py:208} INFO - Processing /home/hajar/.local/lib/python3.10/site-packages/airflow/example_dags/example_complex.py took 0.335 seconds
[2024-11-09T08:44:13.974+0100] {processor.py:186} INFO - Started process (PID=82252) to work on /home/hajar/.local/lib/python3.10/site-packages/airflow/example_dags/example_complex.py
[2024-11-09T08:44:13.977+0100] {processor.py:914} INFO - Processing file /home/hajar/.local/lib/python3.10/site-packages/airflow/example_dags/example_complex.py for tasks to queue
[2024-11-09T08:44:13.984+0100] {logging_mixin.py:190} INFO - [2024-11-09T08:44:13.983+0100] {dagbag.py:588} INFO - Filling up the DagBag from /home/hajar/.local/lib/python3.10/site-packages/airflow/example_dags/example_complex.py
[2024-11-09T08:44:14.038+0100] {processor.py:925} INFO - DAG(s) 'example_complex' retrieved from /home/hajar/.local/lib/python3.10/site-packages/airflow/example_dags/example_complex.py
[2024-11-09T08:44:14.132+0100] {logging_mixin.py:190} INFO - [2024-11-09T08:44:14.131+0100] {dag.py:3239} INFO - Sync 1 DAGs
[2024-11-09T08:44:14.171+0100] {logging_mixin.py:190} INFO - [2024-11-09T08:44:14.171+0100] {dag.py:4180} INFO - Setting next_dagrun for example_complex to None, run_after=None
[2024-11-09T08:44:14.242+0100] {processor.py:208} INFO - Processing /home/hajar/.local/lib/python3.10/site-packages/airflow/example_dags/example_complex.py took 0.290 seconds
[2024-11-09T08:45:46.690+0100] {processor.py:186} INFO - Started process (PID=83286) to work on /home/hajar/.local/lib/python3.10/site-packages/airflow/example_dags/example_complex.py
[2024-11-09T08:45:46.701+0100] {processor.py:914} INFO - Processing file /home/hajar/.local/lib/python3.10/site-packages/airflow/example_dags/example_complex.py for tasks to queue
[2024-11-09T08:45:46.708+0100] {logging_mixin.py:190} INFO - [2024-11-09T08:45:46.707+0100] {dagbag.py:588} INFO - Filling up the DagBag from /home/hajar/.local/lib/python3.10/site-packages/airflow/example_dags/example_complex.py
[2024-11-09T08:45:46.757+0100] {processor.py:925} INFO - DAG(s) 'example_complex' retrieved from /home/hajar/.local/lib/python3.10/site-packages/airflow/example_dags/example_complex.py
[2024-11-09T08:45:46.845+0100] {logging_mixin.py:190} INFO - [2024-11-09T08:45:46.844+0100] {dag.py:3239} INFO - Sync 1 DAGs
[2024-11-09T08:45:46.884+0100] {logging_mixin.py:190} INFO - [2024-11-09T08:45:46.884+0100] {dag.py:4180} INFO - Setting next_dagrun for example_complex to None, run_after=None
[2024-11-09T08:45:46.969+0100] {processor.py:208} INFO - Processing /home/hajar/.local/lib/python3.10/site-packages/airflow/example_dags/example_complex.py took 0.301 seconds
[2024-11-09T08:45:55.745+0100] {processor.py:186} INFO - Started process (PID=83379) to work on /home/hajar/.local/lib/python3.10/site-packages/airflow/example_dags/example_complex.py
[2024-11-09T08:45:55.748+0100] {processor.py:914} INFO - Processing file /home/hajar/.local/lib/python3.10/site-packages/airflow/example_dags/example_complex.py for tasks to queue
[2024-11-09T08:45:55.755+0100] {logging_mixin.py:190} INFO - [2024-11-09T08:45:55.754+0100] {dagbag.py:588} INFO - Filling up the DagBag from /home/hajar/.local/lib/python3.10/site-packages/airflow/example_dags/example_complex.py
[2024-11-09T08:45:55.806+0100] {processor.py:925} INFO - DAG(s) 'example_complex' retrieved from /home/hajar/.local/lib/python3.10/site-packages/airflow/example_dags/example_complex.py
[2024-11-09T08:45:55.909+0100] {logging_mixin.py:190} INFO - [2024-11-09T08:45:55.908+0100] {dag.py:3239} INFO - Sync 1 DAGs
[2024-11-09T08:45:55.975+0100] {logging_mixin.py:190} INFO - [2024-11-09T08:45:55.974+0100] {dag.py:4180} INFO - Setting next_dagrun for example_complex to None, run_after=None
[2024-11-09T08:45:56.045+0100] {processor.py:208} INFO - Processing /home/hajar/.local/lib/python3.10/site-packages/airflow/example_dags/example_complex.py took 0.322 seconds
[2024-11-09T08:47:24.062+0100] {processor.py:186} INFO - Started process (PID=84462) to work on /home/hajar/.local/lib/python3.10/site-packages/airflow/example_dags/example_complex.py
[2024-11-09T08:47:24.065+0100] {processor.py:914} INFO - Processing file /home/hajar/.local/lib/python3.10/site-packages/airflow/example_dags/example_complex.py for tasks to queue
[2024-11-09T08:47:24.073+0100] {logging_mixin.py:190} INFO - [2024-11-09T08:47:24.072+0100] {dagbag.py:588} INFO - Filling up the DagBag from /home/hajar/.local/lib/python3.10/site-packages/airflow/example_dags/example_complex.py
[2024-11-09T08:47:24.125+0100] {processor.py:925} INFO - DAG(s) 'example_complex' retrieved from /home/hajar/.local/lib/python3.10/site-packages/airflow/example_dags/example_complex.py
[2024-11-09T08:47:24.218+0100] {logging_mixin.py:190} INFO - [2024-11-09T08:47:24.217+0100] {dag.py:3239} INFO - Sync 1 DAGs
[2024-11-09T08:47:24.264+0100] {logging_mixin.py:190} INFO - [2024-11-09T08:47:24.263+0100] {dag.py:4180} INFO - Setting next_dagrun for example_complex to None, run_after=None
[2024-11-09T08:47:24.329+0100] {processor.py:208} INFO - Processing /home/hajar/.local/lib/python3.10/site-packages/airflow/example_dags/example_complex.py took 0.290 seconds
[2024-11-09T08:47:33.869+0100] {processor.py:186} INFO - Started process (PID=84567) to work on /home/hajar/.local/lib/python3.10/site-packages/airflow/example_dags/example_complex.py
[2024-11-09T08:47:33.877+0100] {processor.py:914} INFO - Processing file /home/hajar/.local/lib/python3.10/site-packages/airflow/example_dags/example_complex.py for tasks to queue
[2024-11-09T08:47:33.884+0100] {logging_mixin.py:190} INFO - [2024-11-09T08:47:33.883+0100] {dagbag.py:588} INFO - Filling up the DagBag from /home/hajar/.local/lib/python3.10/site-packages/airflow/example_dags/example_complex.py
[2024-11-09T08:47:33.935+0100] {processor.py:925} INFO - DAG(s) 'example_complex' retrieved from /home/hajar/.local/lib/python3.10/site-packages/airflow/example_dags/example_complex.py
[2024-11-09T08:47:34.037+0100] {logging_mixin.py:190} INFO - [2024-11-09T08:47:34.036+0100] {dag.py:3239} INFO - Sync 1 DAGs
[2024-11-09T08:47:34.083+0100] {logging_mixin.py:190} INFO - [2024-11-09T08:47:34.082+0100] {dag.py:4180} INFO - Setting next_dagrun for example_complex to None, run_after=None
[2024-11-09T08:47:34.188+0100] {processor.py:208} INFO - Processing /home/hajar/.local/lib/python3.10/site-packages/airflow/example_dags/example_complex.py took 0.341 seconds
[2024-11-09T08:49:08.944+0100] {processor.py:186} INFO - Started process (PID=85786) to work on /home/hajar/.local/lib/python3.10/site-packages/airflow/example_dags/example_complex.py
[2024-11-09T08:49:08.947+0100] {processor.py:914} INFO - Processing file /home/hajar/.local/lib/python3.10/site-packages/airflow/example_dags/example_complex.py for tasks to queue
[2024-11-09T08:49:08.955+0100] {logging_mixin.py:190} INFO - [2024-11-09T08:49:08.953+0100] {dagbag.py:588} INFO - Filling up the DagBag from /home/hajar/.local/lib/python3.10/site-packages/airflow/example_dags/example_complex.py
[2024-11-09T08:49:09.005+0100] {processor.py:925} INFO - DAG(s) 'example_complex' retrieved from /home/hajar/.local/lib/python3.10/site-packages/airflow/example_dags/example_complex.py
[2024-11-09T08:49:09.110+0100] {logging_mixin.py:190} INFO - [2024-11-09T08:49:09.110+0100] {dag.py:3239} INFO - Sync 1 DAGs
[2024-11-09T08:49:09.156+0100] {logging_mixin.py:190} INFO - [2024-11-09T08:49:09.156+0100] {dag.py:4180} INFO - Setting next_dagrun for example_complex to None, run_after=None
[2024-11-09T08:49:09.237+0100] {processor.py:208} INFO - Processing /home/hajar/.local/lib/python3.10/site-packages/airflow/example_dags/example_complex.py took 0.315 seconds
[2024-11-09T08:49:17.851+0100] {processor.py:186} INFO - Started process (PID=85894) to work on /home/hajar/.local/lib/python3.10/site-packages/airflow/example_dags/example_complex.py
[2024-11-09T08:49:17.857+0100] {processor.py:914} INFO - Processing file /home/hajar/.local/lib/python3.10/site-packages/airflow/example_dags/example_complex.py for tasks to queue
[2024-11-09T08:49:17.864+0100] {logging_mixin.py:190} INFO - [2024-11-09T08:49:17.863+0100] {dagbag.py:588} INFO - Filling up the DagBag from /home/hajar/.local/lib/python3.10/site-packages/airflow/example_dags/example_complex.py
[2024-11-09T08:49:17.930+0100] {processor.py:925} INFO - DAG(s) 'example_complex' retrieved from /home/hajar/.local/lib/python3.10/site-packages/airflow/example_dags/example_complex.py
[2024-11-09T08:49:18.020+0100] {logging_mixin.py:190} INFO - [2024-11-09T08:49:18.020+0100] {dag.py:3239} INFO - Sync 1 DAGs
[2024-11-09T08:49:18.061+0100] {logging_mixin.py:190} INFO - [2024-11-09T08:49:18.060+0100] {dag.py:4180} INFO - Setting next_dagrun for example_complex to None, run_after=None
[2024-11-09T08:49:18.125+0100] {processor.py:208} INFO - Processing /home/hajar/.local/lib/python3.10/site-packages/airflow/example_dags/example_complex.py took 0.295 seconds
[2024-11-09T08:50:51.628+0100] {processor.py:186} INFO - Started process (PID=87222) to work on /home/hajar/.local/lib/python3.10/site-packages/airflow/example_dags/example_complex.py
[2024-11-09T08:50:51.631+0100] {processor.py:914} INFO - Processing file /home/hajar/.local/lib/python3.10/site-packages/airflow/example_dags/example_complex.py for tasks to queue
[2024-11-09T08:50:51.637+0100] {logging_mixin.py:190} INFO - [2024-11-09T08:50:51.636+0100] {dagbag.py:588} INFO - Filling up the DagBag from /home/hajar/.local/lib/python3.10/site-packages/airflow/example_dags/example_complex.py
[2024-11-09T08:50:51.697+0100] {processor.py:925} INFO - DAG(s) 'example_complex' retrieved from /home/hajar/.local/lib/python3.10/site-packages/airflow/example_dags/example_complex.py
[2024-11-09T08:50:51.800+0100] {logging_mixin.py:190} INFO - [2024-11-09T08:50:51.799+0100] {dag.py:3239} INFO - Sync 1 DAGs
[2024-11-09T08:50:51.857+0100] {logging_mixin.py:190} INFO - [2024-11-09T08:50:51.857+0100] {dag.py:4180} INFO - Setting next_dagrun for example_complex to None, run_after=None
[2024-11-09T08:50:51.934+0100] {processor.py:208} INFO - Processing /home/hajar/.local/lib/python3.10/site-packages/airflow/example_dags/example_complex.py took 0.327 seconds
[2024-11-09T08:51:00.910+0100] {processor.py:186} INFO - Started process (PID=87334) to work on /home/hajar/.local/lib/python3.10/site-packages/airflow/example_dags/example_complex.py
[2024-11-09T08:51:00.915+0100] {processor.py:914} INFO - Processing file /home/hajar/.local/lib/python3.10/site-packages/airflow/example_dags/example_complex.py for tasks to queue
[2024-11-09T08:51:00.925+0100] {logging_mixin.py:190} INFO - [2024-11-09T08:51:00.924+0100] {dagbag.py:588} INFO - Filling up the DagBag from /home/hajar/.local/lib/python3.10/site-packages/airflow/example_dags/example_complex.py
[2024-11-09T08:51:01.013+0100] {processor.py:925} INFO - DAG(s) 'example_complex' retrieved from /home/hajar/.local/lib/python3.10/site-packages/airflow/example_dags/example_complex.py
[2024-11-09T08:51:01.199+0100] {logging_mixin.py:190} INFO - [2024-11-09T08:51:01.198+0100] {dag.py:3239} INFO - Sync 1 DAGs
[2024-11-09T08:51:01.278+0100] {logging_mixin.py:190} INFO - [2024-11-09T08:51:01.277+0100] {dag.py:4180} INFO - Setting next_dagrun for example_complex to None, run_after=None
[2024-11-09T08:51:01.389+0100] {processor.py:208} INFO - Processing /home/hajar/.local/lib/python3.10/site-packages/airflow/example_dags/example_complex.py took 0.514 seconds
[2024-11-09T08:52:49.161+0100] {processor.py:186} INFO - Started process (PID=88829) to work on /home/hajar/.local/lib/python3.10/site-packages/airflow/example_dags/example_complex.py
[2024-11-09T08:52:49.179+0100] {processor.py:914} INFO - Processing file /home/hajar/.local/lib/python3.10/site-packages/airflow/example_dags/example_complex.py for tasks to queue
[2024-11-09T08:52:49.187+0100] {logging_mixin.py:190} INFO - [2024-11-09T08:52:49.186+0100] {dagbag.py:588} INFO - Filling up the DagBag from /home/hajar/.local/lib/python3.10/site-packages/airflow/example_dags/example_complex.py
[2024-11-09T08:52:49.252+0100] {processor.py:925} INFO - DAG(s) 'example_complex' retrieved from /home/hajar/.local/lib/python3.10/site-packages/airflow/example_dags/example_complex.py
[2024-11-09T08:52:49.357+0100] {logging_mixin.py:190} INFO - [2024-11-09T08:52:49.356+0100] {dag.py:3239} INFO - Sync 1 DAGs
[2024-11-09T08:52:49.412+0100] {logging_mixin.py:190} INFO - [2024-11-09T08:52:49.412+0100] {dag.py:4180} INFO - Setting next_dagrun for example_complex to None, run_after=None
[2024-11-09T08:52:49.520+0100] {processor.py:208} INFO - Processing /home/hajar/.local/lib/python3.10/site-packages/airflow/example_dags/example_complex.py took 0.383 seconds
[2024-11-09T08:52:58.973+0100] {processor.py:186} INFO - Started process (PID=88987) to work on /home/hajar/.local/lib/python3.10/site-packages/airflow/example_dags/example_complex.py
[2024-11-09T08:52:58.976+0100] {processor.py:914} INFO - Processing file /home/hajar/.local/lib/python3.10/site-packages/airflow/example_dags/example_complex.py for tasks to queue
[2024-11-09T08:52:58.984+0100] {logging_mixin.py:190} INFO - [2024-11-09T08:52:58.982+0100] {dagbag.py:588} INFO - Filling up the DagBag from /home/hajar/.local/lib/python3.10/site-packages/airflow/example_dags/example_complex.py
[2024-11-09T08:52:59.034+0100] {processor.py:925} INFO - DAG(s) 'example_complex' retrieved from /home/hajar/.local/lib/python3.10/site-packages/airflow/example_dags/example_complex.py
[2024-11-09T08:52:59.134+0100] {logging_mixin.py:190} INFO - [2024-11-09T08:52:59.133+0100] {dag.py:3239} INFO - Sync 1 DAGs
[2024-11-09T08:52:59.179+0100] {logging_mixin.py:190} INFO - [2024-11-09T08:52:59.178+0100] {dag.py:4180} INFO - Setting next_dagrun for example_complex to None, run_after=None
[2024-11-09T08:52:59.245+0100] {processor.py:208} INFO - Processing /home/hajar/.local/lib/python3.10/site-packages/airflow/example_dags/example_complex.py took 0.293 seconds
[2024-11-09T08:54:46.471+0100] {processor.py:186} INFO - Started process (PID=90388) to work on /home/hajar/.local/lib/python3.10/site-packages/airflow/example_dags/example_complex.py
[2024-11-09T08:54:46.474+0100] {processor.py:914} INFO - Processing file /home/hajar/.local/lib/python3.10/site-packages/airflow/example_dags/example_complex.py for tasks to queue
[2024-11-09T08:54:46.482+0100] {logging_mixin.py:190} INFO - [2024-11-09T08:54:46.480+0100] {dagbag.py:588} INFO - Filling up the DagBag from /home/hajar/.local/lib/python3.10/site-packages/airflow/example_dags/example_complex.py
[2024-11-09T08:54:46.532+0100] {processor.py:925} INFO - DAG(s) 'example_complex' retrieved from /home/hajar/.local/lib/python3.10/site-packages/airflow/example_dags/example_complex.py
[2024-11-09T08:54:46.650+0100] {logging_mixin.py:190} INFO - [2024-11-09T08:54:46.649+0100] {dag.py:3239} INFO - Sync 1 DAGs
[2024-11-09T08:54:46.702+0100] {logging_mixin.py:190} INFO - [2024-11-09T08:54:46.701+0100] {dag.py:4180} INFO - Setting next_dagrun for example_complex to None, run_after=None
[2024-11-09T08:54:46.783+0100] {processor.py:208} INFO - Processing /home/hajar/.local/lib/python3.10/site-packages/airflow/example_dags/example_complex.py took 0.335 seconds
[2024-11-09T08:54:59.931+0100] {processor.py:186} INFO - Started process (PID=90548) to work on /home/hajar/.local/lib/python3.10/site-packages/airflow/example_dags/example_complex.py
[2024-11-09T08:54:59.935+0100] {processor.py:914} INFO - Processing file /home/hajar/.local/lib/python3.10/site-packages/airflow/example_dags/example_complex.py for tasks to queue
[2024-11-09T08:54:59.944+0100] {logging_mixin.py:190} INFO - [2024-11-09T08:54:59.942+0100] {dagbag.py:588} INFO - Filling up the DagBag from /home/hajar/.local/lib/python3.10/site-packages/airflow/example_dags/example_complex.py
[2024-11-09T08:55:00.011+0100] {processor.py:925} INFO - DAG(s) 'example_complex' retrieved from /home/hajar/.local/lib/python3.10/site-packages/airflow/example_dags/example_complex.py
[2024-11-09T08:55:00.126+0100] {logging_mixin.py:190} INFO - [2024-11-09T08:55:00.125+0100] {dag.py:3239} INFO - Sync 1 DAGs
[2024-11-09T08:55:00.175+0100] {logging_mixin.py:190} INFO - [2024-11-09T08:55:00.174+0100] {dag.py:4180} INFO - Setting next_dagrun for example_complex to None, run_after=None
[2024-11-09T08:55:00.246+0100] {processor.py:208} INFO - Processing /home/hajar/.local/lib/python3.10/site-packages/airflow/example_dags/example_complex.py took 0.340 seconds
[2024-11-09T08:57:02.184+0100] {processor.py:186} INFO - Started process (PID=92106) to work on /home/hajar/.local/lib/python3.10/site-packages/airflow/example_dags/example_complex.py
[2024-11-09T08:57:02.187+0100] {processor.py:914} INFO - Processing file /home/hajar/.local/lib/python3.10/site-packages/airflow/example_dags/example_complex.py for tasks to queue
[2024-11-09T08:57:02.193+0100] {logging_mixin.py:190} INFO - [2024-11-09T08:57:02.192+0100] {dagbag.py:588} INFO - Filling up the DagBag from /home/hajar/.local/lib/python3.10/site-packages/airflow/example_dags/example_complex.py
[2024-11-09T08:57:02.237+0100] {processor.py:925} INFO - DAG(s) 'example_complex' retrieved from /home/hajar/.local/lib/python3.10/site-packages/airflow/example_dags/example_complex.py
[2024-11-09T08:57:02.325+0100] {logging_mixin.py:190} INFO - [2024-11-09T08:57:02.324+0100] {dag.py:3239} INFO - Sync 1 DAGs
[2024-11-09T08:57:02.364+0100] {logging_mixin.py:190} INFO - [2024-11-09T08:57:02.364+0100] {dag.py:4180} INFO - Setting next_dagrun for example_complex to None, run_after=None
[2024-11-09T08:57:02.423+0100] {processor.py:208} INFO - Processing /home/hajar/.local/lib/python3.10/site-packages/airflow/example_dags/example_complex.py took 0.261 seconds
[2024-11-09T08:58:45.181+0100] {processor.py:186} INFO - Started process (PID=93459) to work on /home/hajar/.local/lib/python3.10/site-packages/airflow/example_dags/example_complex.py
[2024-11-09T08:58:45.191+0100] {processor.py:914} INFO - Processing file /home/hajar/.local/lib/python3.10/site-packages/airflow/example_dags/example_complex.py for tasks to queue
[2024-11-09T08:58:45.198+0100] {logging_mixin.py:190} INFO - [2024-11-09T08:58:45.197+0100] {dagbag.py:588} INFO - Filling up the DagBag from /home/hajar/.local/lib/python3.10/site-packages/airflow/example_dags/example_complex.py
[2024-11-09T08:58:45.241+0100] {processor.py:925} INFO - DAG(s) 'example_complex' retrieved from /home/hajar/.local/lib/python3.10/site-packages/airflow/example_dags/example_complex.py
[2024-11-09T08:58:45.331+0100] {logging_mixin.py:190} INFO - [2024-11-09T08:58:45.330+0100] {dag.py:3239} INFO - Sync 1 DAGs
[2024-11-09T08:58:45.408+0100] {logging_mixin.py:190} INFO - [2024-11-09T08:58:45.406+0100] {dag.py:4180} INFO - Setting next_dagrun for example_complex to None, run_after=None
[2024-11-09T08:58:45.478+0100] {processor.py:208} INFO - Processing /home/hajar/.local/lib/python3.10/site-packages/airflow/example_dags/example_complex.py took 0.316 seconds
[2024-11-09T09:00:27.256+0100] {processor.py:186} INFO - Started process (PID=94803) to work on /home/hajar/.local/lib/python3.10/site-packages/airflow/example_dags/example_complex.py
[2024-11-09T09:00:27.268+0100] {processor.py:914} INFO - Processing file /home/hajar/.local/lib/python3.10/site-packages/airflow/example_dags/example_complex.py for tasks to queue
[2024-11-09T09:00:27.277+0100] {logging_mixin.py:190} INFO - [2024-11-09T09:00:27.276+0100] {dagbag.py:588} INFO - Filling up the DagBag from /home/hajar/.local/lib/python3.10/site-packages/airflow/example_dags/example_complex.py
[2024-11-09T09:00:27.339+0100] {processor.py:925} INFO - DAG(s) 'example_complex' retrieved from /home/hajar/.local/lib/python3.10/site-packages/airflow/example_dags/example_complex.py
[2024-11-09T09:00:27.463+0100] {logging_mixin.py:190} INFO - [2024-11-09T09:00:27.462+0100] {dag.py:3239} INFO - Sync 1 DAGs
[2024-11-09T09:00:27.513+0100] {logging_mixin.py:190} INFO - [2024-11-09T09:00:27.512+0100] {dag.py:4180} INFO - Setting next_dagrun for example_complex to None, run_after=None
[2024-11-09T09:00:27.591+0100] {processor.py:208} INFO - Processing /home/hajar/.local/lib/python3.10/site-packages/airflow/example_dags/example_complex.py took 0.358 seconds
[2024-11-09T09:02:14.298+0100] {processor.py:186} INFO - Started process (PID=96025) to work on /home/hajar/.local/lib/python3.10/site-packages/airflow/example_dags/example_complex.py
[2024-11-09T09:02:14.310+0100] {processor.py:914} INFO - Processing file /home/hajar/.local/lib/python3.10/site-packages/airflow/example_dags/example_complex.py for tasks to queue
[2024-11-09T09:02:14.317+0100] {logging_mixin.py:190} INFO - [2024-11-09T09:02:14.316+0100] {dagbag.py:588} INFO - Filling up the DagBag from /home/hajar/.local/lib/python3.10/site-packages/airflow/example_dags/example_complex.py
[2024-11-09T09:02:14.367+0100] {processor.py:925} INFO - DAG(s) 'example_complex' retrieved from /home/hajar/.local/lib/python3.10/site-packages/airflow/example_dags/example_complex.py
[2024-11-09T09:02:14.490+0100] {logging_mixin.py:190} INFO - [2024-11-09T09:02:14.489+0100] {dag.py:3239} INFO - Sync 1 DAGs
[2024-11-09T09:02:14.555+0100] {logging_mixin.py:190} INFO - [2024-11-09T09:02:14.554+0100] {dag.py:4180} INFO - Setting next_dagrun for example_complex to None, run_after=None
[2024-11-09T09:02:14.652+0100] {processor.py:208} INFO - Processing /home/hajar/.local/lib/python3.10/site-packages/airflow/example_dags/example_complex.py took 0.378 seconds
[2024-11-09T09:04:04.419+0100] {processor.py:186} INFO - Started process (PID=97420) to work on /home/hajar/.local/lib/python3.10/site-packages/airflow/example_dags/example_complex.py
[2024-11-09T09:04:04.426+0100] {processor.py:914} INFO - Processing file /home/hajar/.local/lib/python3.10/site-packages/airflow/example_dags/example_complex.py for tasks to queue
[2024-11-09T09:04:04.435+0100] {logging_mixin.py:190} INFO - [2024-11-09T09:04:04.433+0100] {dagbag.py:588} INFO - Filling up the DagBag from /home/hajar/.local/lib/python3.10/site-packages/airflow/example_dags/example_complex.py
[2024-11-09T09:04:04.500+0100] {processor.py:925} INFO - DAG(s) 'example_complex' retrieved from /home/hajar/.local/lib/python3.10/site-packages/airflow/example_dags/example_complex.py
[2024-11-09T09:04:04.658+0100] {logging_mixin.py:190} INFO - [2024-11-09T09:04:04.657+0100] {dag.py:3239} INFO - Sync 1 DAGs
[2024-11-09T09:04:04.714+0100] {logging_mixin.py:190} INFO - [2024-11-09T09:04:04.713+0100] {dag.py:4180} INFO - Setting next_dagrun for example_complex to None, run_after=None
[2024-11-09T09:04:04.788+0100] {processor.py:208} INFO - Processing /home/hajar/.local/lib/python3.10/site-packages/airflow/example_dags/example_complex.py took 0.398 seconds
[2024-11-09T09:05:53.146+0100] {processor.py:186} INFO - Started process (PID=98822) to work on /home/hajar/.local/lib/python3.10/site-packages/airflow/example_dags/example_complex.py
[2024-11-09T09:05:53.157+0100] {processor.py:914} INFO - Processing file /home/hajar/.local/lib/python3.10/site-packages/airflow/example_dags/example_complex.py for tasks to queue
[2024-11-09T09:05:53.165+0100] {logging_mixin.py:190} INFO - [2024-11-09T09:05:53.164+0100] {dagbag.py:588} INFO - Filling up the DagBag from /home/hajar/.local/lib/python3.10/site-packages/airflow/example_dags/example_complex.py
[2024-11-09T09:05:53.217+0100] {processor.py:925} INFO - DAG(s) 'example_complex' retrieved from /home/hajar/.local/lib/python3.10/site-packages/airflow/example_dags/example_complex.py
[2024-11-09T09:05:53.324+0100] {logging_mixin.py:190} INFO - [2024-11-09T09:05:53.323+0100] {dag.py:3239} INFO - Sync 1 DAGs
[2024-11-09T09:05:53.377+0100] {logging_mixin.py:190} INFO - [2024-11-09T09:05:53.377+0100] {dag.py:4180} INFO - Setting next_dagrun for example_complex to None, run_after=None
[2024-11-09T09:05:53.455+0100] {processor.py:208} INFO - Processing /home/hajar/.local/lib/python3.10/site-packages/airflow/example_dags/example_complex.py took 0.332 seconds
[2024-11-09T09:07:34.266+0100] {processor.py:186} INFO - Started process (PID=100243) to work on /home/hajar/.local/lib/python3.10/site-packages/airflow/example_dags/example_complex.py
[2024-11-09T09:07:34.277+0100] {processor.py:914} INFO - Processing file /home/hajar/.local/lib/python3.10/site-packages/airflow/example_dags/example_complex.py for tasks to queue
[2024-11-09T09:07:34.287+0100] {logging_mixin.py:190} INFO - [2024-11-09T09:07:34.285+0100] {dagbag.py:588} INFO - Filling up the DagBag from /home/hajar/.local/lib/python3.10/site-packages/airflow/example_dags/example_complex.py
[2024-11-09T09:07:34.364+0100] {processor.py:925} INFO - DAG(s) 'example_complex' retrieved from /home/hajar/.local/lib/python3.10/site-packages/airflow/example_dags/example_complex.py
[2024-11-09T09:07:34.505+0100] {logging_mixin.py:190} INFO - [2024-11-09T09:07:34.504+0100] {dag.py:3239} INFO - Sync 1 DAGs
[2024-11-09T09:07:34.554+0100] {logging_mixin.py:190} INFO - [2024-11-09T09:07:34.553+0100] {dag.py:4180} INFO - Setting next_dagrun for example_complex to None, run_after=None
[2024-11-09T09:07:34.635+0100] {processor.py:208} INFO - Processing /home/hajar/.local/lib/python3.10/site-packages/airflow/example_dags/example_complex.py took 0.408 seconds
[2024-11-09T09:09:13.830+0100] {processor.py:186} INFO - Started process (PID=101659) to work on /home/hajar/.local/lib/python3.10/site-packages/airflow/example_dags/example_complex.py
[2024-11-09T09:09:13.840+0100] {processor.py:914} INFO - Processing file /home/hajar/.local/lib/python3.10/site-packages/airflow/example_dags/example_complex.py for tasks to queue
[2024-11-09T09:09:13.847+0100] {logging_mixin.py:190} INFO - [2024-11-09T09:09:13.846+0100] {dagbag.py:588} INFO - Filling up the DagBag from /home/hajar/.local/lib/python3.10/site-packages/airflow/example_dags/example_complex.py
[2024-11-09T09:09:13.900+0100] {processor.py:925} INFO - DAG(s) 'example_complex' retrieved from /home/hajar/.local/lib/python3.10/site-packages/airflow/example_dags/example_complex.py
[2024-11-09T09:09:14.011+0100] {logging_mixin.py:190} INFO - [2024-11-09T09:09:14.010+0100] {dag.py:3239} INFO - Sync 1 DAGs
[2024-11-09T09:09:14.061+0100] {logging_mixin.py:190} INFO - [2024-11-09T09:09:14.060+0100] {dag.py:4180} INFO - Setting next_dagrun for example_complex to None, run_after=None
[2024-11-09T09:09:14.143+0100] {processor.py:208} INFO - Processing /home/hajar/.local/lib/python3.10/site-packages/airflow/example_dags/example_complex.py took 0.366 seconds
[2024-11-09T09:10:58.938+0100] {processor.py:186} INFO - Started process (PID=102775) to work on /home/hajar/.local/lib/python3.10/site-packages/airflow/example_dags/example_complex.py
[2024-11-09T09:10:58.949+0100] {processor.py:914} INFO - Processing file /home/hajar/.local/lib/python3.10/site-packages/airflow/example_dags/example_complex.py for tasks to queue
[2024-11-09T09:10:58.956+0100] {logging_mixin.py:190} INFO - [2024-11-09T09:10:58.955+0100] {dagbag.py:588} INFO - Filling up the DagBag from /home/hajar/.local/lib/python3.10/site-packages/airflow/example_dags/example_complex.py
[2024-11-09T09:10:59.015+0100] {processor.py:925} INFO - DAG(s) 'example_complex' retrieved from /home/hajar/.local/lib/python3.10/site-packages/airflow/example_dags/example_complex.py
[2024-11-09T09:10:59.118+0100] {logging_mixin.py:190} INFO - [2024-11-09T09:10:59.117+0100] {dag.py:3239} INFO - Sync 1 DAGs
[2024-11-09T09:10:59.163+0100] {logging_mixin.py:190} INFO - [2024-11-09T09:10:59.162+0100] {dag.py:4180} INFO - Setting next_dagrun for example_complex to None, run_after=None
[2024-11-09T09:10:59.235+0100] {processor.py:208} INFO - Processing /home/hajar/.local/lib/python3.10/site-packages/airflow/example_dags/example_complex.py took 0.333 seconds
[2024-11-09T09:12:49.118+0100] {processor.py:186} INFO - Started process (PID=104177) to work on /home/hajar/.local/lib/python3.10/site-packages/airflow/example_dags/example_complex.py
[2024-11-09T09:12:49.129+0100] {processor.py:914} INFO - Processing file /home/hajar/.local/lib/python3.10/site-packages/airflow/example_dags/example_complex.py for tasks to queue
[2024-11-09T09:12:49.136+0100] {logging_mixin.py:190} INFO - [2024-11-09T09:12:49.135+0100] {dagbag.py:588} INFO - Filling up the DagBag from /home/hajar/.local/lib/python3.10/site-packages/airflow/example_dags/example_complex.py
[2024-11-09T09:12:49.188+0100] {processor.py:925} INFO - DAG(s) 'example_complex' retrieved from /home/hajar/.local/lib/python3.10/site-packages/airflow/example_dags/example_complex.py
[2024-11-09T09:12:49.282+0100] {logging_mixin.py:190} INFO - [2024-11-09T09:12:49.281+0100] {dag.py:3239} INFO - Sync 1 DAGs
[2024-11-09T09:12:49.326+0100] {logging_mixin.py:190} INFO - [2024-11-09T09:12:49.325+0100] {dag.py:4180} INFO - Setting next_dagrun for example_complex to None, run_after=None
[2024-11-09T09:12:49.397+0100] {processor.py:208} INFO - Processing /home/hajar/.local/lib/python3.10/site-packages/airflow/example_dags/example_complex.py took 0.316 seconds
[2024-11-09T09:14:33.323+0100] {processor.py:186} INFO - Started process (PID=105512) to work on /home/hajar/.local/lib/python3.10/site-packages/airflow/example_dags/example_complex.py
[2024-11-09T09:14:33.334+0100] {processor.py:914} INFO - Processing file /home/hajar/.local/lib/python3.10/site-packages/airflow/example_dags/example_complex.py for tasks to queue
[2024-11-09T09:14:33.342+0100] {logging_mixin.py:190} INFO - [2024-11-09T09:14:33.340+0100] {dagbag.py:588} INFO - Filling up the DagBag from /home/hajar/.local/lib/python3.10/site-packages/airflow/example_dags/example_complex.py
[2024-11-09T09:14:33.399+0100] {processor.py:925} INFO - DAG(s) 'example_complex' retrieved from /home/hajar/.local/lib/python3.10/site-packages/airflow/example_dags/example_complex.py
[2024-11-09T09:14:33.536+0100] {logging_mixin.py:190} INFO - [2024-11-09T09:14:33.535+0100] {dag.py:3239} INFO - Sync 1 DAGs
[2024-11-09T09:14:33.584+0100] {logging_mixin.py:190} INFO - [2024-11-09T09:14:33.583+0100] {dag.py:4180} INFO - Setting next_dagrun for example_complex to None, run_after=None
[2024-11-09T09:14:33.666+0100] {processor.py:208} INFO - Processing /home/hajar/.local/lib/python3.10/site-packages/airflow/example_dags/example_complex.py took 0.391 seconds
[2024-11-09T09:16:16.282+0100] {processor.py:186} INFO - Started process (PID=106881) to work on /home/hajar/.local/lib/python3.10/site-packages/airflow/example_dags/example_complex.py
[2024-11-09T09:16:16.293+0100] {processor.py:914} INFO - Processing file /home/hajar/.local/lib/python3.10/site-packages/airflow/example_dags/example_complex.py for tasks to queue
[2024-11-09T09:16:16.300+0100] {logging_mixin.py:190} INFO - [2024-11-09T09:16:16.299+0100] {dagbag.py:588} INFO - Filling up the DagBag from /home/hajar/.local/lib/python3.10/site-packages/airflow/example_dags/example_complex.py
[2024-11-09T09:16:16.357+0100] {processor.py:925} INFO - DAG(s) 'example_complex' retrieved from /home/hajar/.local/lib/python3.10/site-packages/airflow/example_dags/example_complex.py
[2024-11-09T09:16:16.458+0100] {logging_mixin.py:190} INFO - [2024-11-09T09:16:16.457+0100] {dag.py:3239} INFO - Sync 1 DAGs
[2024-11-09T09:16:16.504+0100] {logging_mixin.py:190} INFO - [2024-11-09T09:16:16.503+0100] {dag.py:4180} INFO - Setting next_dagrun for example_complex to None, run_after=None
[2024-11-09T09:16:16.583+0100] {processor.py:208} INFO - Processing /home/hajar/.local/lib/python3.10/site-packages/airflow/example_dags/example_complex.py took 0.338 seconds
[2024-11-09T09:17:59.168+0100] {processor.py:186} INFO - Started process (PID=108137) to work on /home/hajar/.local/lib/python3.10/site-packages/airflow/example_dags/example_complex.py
[2024-11-09T09:17:59.179+0100] {processor.py:914} INFO - Processing file /home/hajar/.local/lib/python3.10/site-packages/airflow/example_dags/example_complex.py for tasks to queue
[2024-11-09T09:17:59.190+0100] {logging_mixin.py:190} INFO - [2024-11-09T09:17:59.188+0100] {dagbag.py:588} INFO - Filling up the DagBag from /home/hajar/.local/lib/python3.10/site-packages/airflow/example_dags/example_complex.py
[2024-11-09T09:17:59.264+0100] {processor.py:925} INFO - DAG(s) 'example_complex' retrieved from /home/hajar/.local/lib/python3.10/site-packages/airflow/example_dags/example_complex.py
[2024-11-09T09:17:59.380+0100] {logging_mixin.py:190} INFO - [2024-11-09T09:17:59.379+0100] {dag.py:3239} INFO - Sync 1 DAGs
[2024-11-09T09:17:59.433+0100] {logging_mixin.py:190} INFO - [2024-11-09T09:17:59.433+0100] {dag.py:4180} INFO - Setting next_dagrun for example_complex to None, run_after=None
[2024-11-09T09:17:59.511+0100] {processor.py:208} INFO - Processing /home/hajar/.local/lib/python3.10/site-packages/airflow/example_dags/example_complex.py took 0.392 seconds
[2024-11-09T09:19:41.548+0100] {processor.py:186} INFO - Started process (PID=109353) to work on /home/hajar/.local/lib/python3.10/site-packages/airflow/example_dags/example_complex.py
[2024-11-09T09:19:41.559+0100] {processor.py:914} INFO - Processing file /home/hajar/.local/lib/python3.10/site-packages/airflow/example_dags/example_complex.py for tasks to queue
[2024-11-09T09:19:41.567+0100] {logging_mixin.py:190} INFO - [2024-11-09T09:19:41.566+0100] {dagbag.py:588} INFO - Filling up the DagBag from /home/hajar/.local/lib/python3.10/site-packages/airflow/example_dags/example_complex.py
[2024-11-09T09:19:41.619+0100] {processor.py:925} INFO - DAG(s) 'example_complex' retrieved from /home/hajar/.local/lib/python3.10/site-packages/airflow/example_dags/example_complex.py
[2024-11-09T09:19:41.725+0100] {logging_mixin.py:190} INFO - [2024-11-09T09:19:41.724+0100] {dag.py:3239} INFO - Sync 1 DAGs
[2024-11-09T09:19:41.771+0100] {logging_mixin.py:190} INFO - [2024-11-09T09:19:41.770+0100] {dag.py:4180} INFO - Setting next_dagrun for example_complex to None, run_after=None
[2024-11-09T09:19:41.844+0100] {processor.py:208} INFO - Processing /home/hajar/.local/lib/python3.10/site-packages/airflow/example_dags/example_complex.py took 0.334 seconds
[2024-11-09T09:21:24.163+0100] {processor.py:186} INFO - Started process (PID=110669) to work on /home/hajar/.local/lib/python3.10/site-packages/airflow/example_dags/example_complex.py
[2024-11-09T09:21:24.173+0100] {processor.py:914} INFO - Processing file /home/hajar/.local/lib/python3.10/site-packages/airflow/example_dags/example_complex.py for tasks to queue
[2024-11-09T09:21:24.180+0100] {logging_mixin.py:190} INFO - [2024-11-09T09:21:24.178+0100] {dagbag.py:588} INFO - Filling up the DagBag from /home/hajar/.local/lib/python3.10/site-packages/airflow/example_dags/example_complex.py
[2024-11-09T09:21:24.223+0100] {processor.py:925} INFO - DAG(s) 'example_complex' retrieved from /home/hajar/.local/lib/python3.10/site-packages/airflow/example_dags/example_complex.py
[2024-11-09T09:21:24.314+0100] {logging_mixin.py:190} INFO - [2024-11-09T09:21:24.313+0100] {dag.py:3239} INFO - Sync 1 DAGs
[2024-11-09T09:21:24.353+0100] {logging_mixin.py:190} INFO - [2024-11-09T09:21:24.352+0100] {dag.py:4180} INFO - Setting next_dagrun for example_complex to None, run_after=None
[2024-11-09T09:21:24.413+0100] {processor.py:208} INFO - Processing /home/hajar/.local/lib/python3.10/site-packages/airflow/example_dags/example_complex.py took 0.284 seconds
[2024-11-09T09:23:12.412+0100] {processor.py:186} INFO - Started process (PID=112105) to work on /home/hajar/.local/lib/python3.10/site-packages/airflow/example_dags/example_complex.py
[2024-11-09T09:23:12.423+0100] {processor.py:914} INFO - Processing file /home/hajar/.local/lib/python3.10/site-packages/airflow/example_dags/example_complex.py for tasks to queue
[2024-11-09T09:23:12.432+0100] {logging_mixin.py:190} INFO - [2024-11-09T09:23:12.431+0100] {dagbag.py:588} INFO - Filling up the DagBag from /home/hajar/.local/lib/python3.10/site-packages/airflow/example_dags/example_complex.py
[2024-11-09T09:23:12.496+0100] {processor.py:925} INFO - DAG(s) 'example_complex' retrieved from /home/hajar/.local/lib/python3.10/site-packages/airflow/example_dags/example_complex.py
[2024-11-09T09:23:12.632+0100] {logging_mixin.py:190} INFO - [2024-11-09T09:23:12.631+0100] {dag.py:3239} INFO - Sync 1 DAGs
[2024-11-09T09:23:12.700+0100] {logging_mixin.py:190} INFO - [2024-11-09T09:23:12.699+0100] {dag.py:4180} INFO - Setting next_dagrun for example_complex to None, run_after=None
[2024-11-09T09:23:12.788+0100] {processor.py:208} INFO - Processing /home/hajar/.local/lib/python3.10/site-packages/airflow/example_dags/example_complex.py took 0.433 seconds
[2024-11-09T09:25:00.534+0100] {processor.py:186} INFO - Started process (PID=113284) to work on /home/hajar/.local/lib/python3.10/site-packages/airflow/example_dags/example_complex.py
[2024-11-09T09:25:00.544+0100] {processor.py:914} INFO - Processing file /home/hajar/.local/lib/python3.10/site-packages/airflow/example_dags/example_complex.py for tasks to queue
[2024-11-09T09:25:00.552+0100] {logging_mixin.py:190} INFO - [2024-11-09T09:25:00.550+0100] {dagbag.py:588} INFO - Filling up the DagBag from /home/hajar/.local/lib/python3.10/site-packages/airflow/example_dags/example_complex.py
[2024-11-09T09:25:00.600+0100] {processor.py:925} INFO - DAG(s) 'example_complex' retrieved from /home/hajar/.local/lib/python3.10/site-packages/airflow/example_dags/example_complex.py
[2024-11-09T09:25:00.702+0100] {logging_mixin.py:190} INFO - [2024-11-09T09:25:00.701+0100] {dag.py:3239} INFO - Sync 1 DAGs
[2024-11-09T09:25:00.750+0100] {logging_mixin.py:190} INFO - [2024-11-09T09:25:00.750+0100] {dag.py:4180} INFO - Setting next_dagrun for example_complex to None, run_after=None
[2024-11-09T09:25:00.822+0100] {processor.py:208} INFO - Processing /home/hajar/.local/lib/python3.10/site-packages/airflow/example_dags/example_complex.py took 0.325 seconds
[2024-11-09T09:26:45.043+0100] {processor.py:186} INFO - Started process (PID=114467) to work on /home/hajar/.local/lib/python3.10/site-packages/airflow/example_dags/example_complex.py
[2024-11-09T09:26:45.056+0100] {processor.py:914} INFO - Processing file /home/hajar/.local/lib/python3.10/site-packages/airflow/example_dags/example_complex.py for tasks to queue
[2024-11-09T09:26:45.065+0100] {logging_mixin.py:190} INFO - [2024-11-09T09:26:45.064+0100] {dagbag.py:588} INFO - Filling up the DagBag from /home/hajar/.local/lib/python3.10/site-packages/airflow/example_dags/example_complex.py
[2024-11-09T09:26:45.133+0100] {processor.py:925} INFO - DAG(s) 'example_complex' retrieved from /home/hajar/.local/lib/python3.10/site-packages/airflow/example_dags/example_complex.py
[2024-11-09T09:26:45.260+0100] {logging_mixin.py:190} INFO - [2024-11-09T09:26:45.259+0100] {dag.py:3239} INFO - Sync 1 DAGs
[2024-11-09T09:26:45.320+0100] {logging_mixin.py:190} INFO - [2024-11-09T09:26:45.319+0100] {dag.py:4180} INFO - Setting next_dagrun for example_complex to None, run_after=None
[2024-11-09T09:26:45.406+0100] {processor.py:208} INFO - Processing /home/hajar/.local/lib/python3.10/site-packages/airflow/example_dags/example_complex.py took 0.412 seconds
[2024-11-09T09:28:35.340+0100] {processor.py:186} INFO - Started process (PID=115888) to work on /home/hajar/.local/lib/python3.10/site-packages/airflow/example_dags/example_complex.py
[2024-11-09T09:28:35.352+0100] {processor.py:914} INFO - Processing file /home/hajar/.local/lib/python3.10/site-packages/airflow/example_dags/example_complex.py for tasks to queue
[2024-11-09T09:28:35.360+0100] {logging_mixin.py:190} INFO - [2024-11-09T09:28:35.359+0100] {dagbag.py:588} INFO - Filling up the DagBag from /home/hajar/.local/lib/python3.10/site-packages/airflow/example_dags/example_complex.py
[2024-11-09T09:28:35.410+0100] {processor.py:925} INFO - DAG(s) 'example_complex' retrieved from /home/hajar/.local/lib/python3.10/site-packages/airflow/example_dags/example_complex.py
[2024-11-09T09:28:35.511+0100] {logging_mixin.py:190} INFO - [2024-11-09T09:28:35.510+0100] {dag.py:3239} INFO - Sync 1 DAGs
[2024-11-09T09:28:35.570+0100] {logging_mixin.py:190} INFO - [2024-11-09T09:28:35.569+0100] {dag.py:4180} INFO - Setting next_dagrun for example_complex to None, run_after=None
[2024-11-09T09:28:35.652+0100] {processor.py:208} INFO - Processing /home/hajar/.local/lib/python3.10/site-packages/airflow/example_dags/example_complex.py took 0.359 seconds
[2024-11-09T09:30:24.436+0100] {processor.py:186} INFO - Started process (PID=117157) to work on /home/hajar/.local/lib/python3.10/site-packages/airflow/example_dags/example_complex.py
[2024-11-09T09:30:24.448+0100] {processor.py:914} INFO - Processing file /home/hajar/.local/lib/python3.10/site-packages/airflow/example_dags/example_complex.py for tasks to queue
[2024-11-09T09:30:24.456+0100] {logging_mixin.py:190} INFO - [2024-11-09T09:30:24.455+0100] {dagbag.py:588} INFO - Filling up the DagBag from /home/hajar/.local/lib/python3.10/site-packages/airflow/example_dags/example_complex.py
[2024-11-09T09:30:24.516+0100] {processor.py:925} INFO - DAG(s) 'example_complex' retrieved from /home/hajar/.local/lib/python3.10/site-packages/airflow/example_dags/example_complex.py
[2024-11-09T09:30:24.641+0100] {logging_mixin.py:190} INFO - [2024-11-09T09:30:24.640+0100] {dag.py:3239} INFO - Sync 1 DAGs
[2024-11-09T09:30:24.696+0100] {logging_mixin.py:190} INFO - [2024-11-09T09:30:24.695+0100] {dag.py:4180} INFO - Setting next_dagrun for example_complex to None, run_after=None
[2024-11-09T09:30:24.786+0100] {processor.py:208} INFO - Processing /home/hajar/.local/lib/python3.10/site-packages/airflow/example_dags/example_complex.py took 0.392 seconds
[2024-11-09T09:32:14.598+0100] {processor.py:186} INFO - Started process (PID=118465) to work on /home/hajar/.local/lib/python3.10/site-packages/airflow/example_dags/example_complex.py
[2024-11-09T09:32:14.601+0100] {processor.py:914} INFO - Processing file /home/hajar/.local/lib/python3.10/site-packages/airflow/example_dags/example_complex.py for tasks to queue
[2024-11-09T09:32:14.608+0100] {logging_mixin.py:190} INFO - [2024-11-09T09:32:14.607+0100] {dagbag.py:588} INFO - Filling up the DagBag from /home/hajar/.local/lib/python3.10/site-packages/airflow/example_dags/example_complex.py
[2024-11-09T09:32:14.658+0100] {processor.py:925} INFO - DAG(s) 'example_complex' retrieved from /home/hajar/.local/lib/python3.10/site-packages/airflow/example_dags/example_complex.py
[2024-11-09T09:32:14.756+0100] {logging_mixin.py:190} INFO - [2024-11-09T09:32:14.756+0100] {dag.py:3239} INFO - Sync 1 DAGs
[2024-11-09T09:32:14.802+0100] {logging_mixin.py:190} INFO - [2024-11-09T09:32:14.801+0100] {dag.py:4180} INFO - Setting next_dagrun for example_complex to None, run_after=None
[2024-11-09T09:32:14.879+0100] {processor.py:208} INFO - Processing /home/hajar/.local/lib/python3.10/site-packages/airflow/example_dags/example_complex.py took 0.317 seconds
[2024-11-09T09:34:01.117+0100] {processor.py:186} INFO - Started process (PID=119630) to work on /home/hajar/.local/lib/python3.10/site-packages/airflow/example_dags/example_complex.py
[2024-11-09T09:34:01.127+0100] {processor.py:914} INFO - Processing file /home/hajar/.local/lib/python3.10/site-packages/airflow/example_dags/example_complex.py for tasks to queue
[2024-11-09T09:34:01.134+0100] {logging_mixin.py:190} INFO - [2024-11-09T09:34:01.133+0100] {dagbag.py:588} INFO - Filling up the DagBag from /home/hajar/.local/lib/python3.10/site-packages/airflow/example_dags/example_complex.py
[2024-11-09T09:34:01.180+0100] {processor.py:925} INFO - DAG(s) 'example_complex' retrieved from /home/hajar/.local/lib/python3.10/site-packages/airflow/example_dags/example_complex.py
[2024-11-09T09:34:01.274+0100] {logging_mixin.py:190} INFO - [2024-11-09T09:34:01.272+0100] {dag.py:3239} INFO - Sync 1 DAGs
[2024-11-09T09:34:01.334+0100] {logging_mixin.py:190} INFO - [2024-11-09T09:34:01.334+0100] {dag.py:4180} INFO - Setting next_dagrun for example_complex to None, run_after=None
[2024-11-09T09:34:01.428+0100] {processor.py:208} INFO - Processing /home/hajar/.local/lib/python3.10/site-packages/airflow/example_dags/example_complex.py took 0.359 seconds
[2024-11-09T09:35:48.611+0100] {processor.py:186} INFO - Started process (PID=121024) to work on /home/hajar/.local/lib/python3.10/site-packages/airflow/example_dags/example_complex.py
[2024-11-09T09:35:48.621+0100] {processor.py:914} INFO - Processing file /home/hajar/.local/lib/python3.10/site-packages/airflow/example_dags/example_complex.py for tasks to queue
[2024-11-09T09:35:48.628+0100] {logging_mixin.py:190} INFO - [2024-11-09T09:35:48.627+0100] {dagbag.py:588} INFO - Filling up the DagBag from /home/hajar/.local/lib/python3.10/site-packages/airflow/example_dags/example_complex.py
[2024-11-09T09:35:48.674+0100] {processor.py:925} INFO - DAG(s) 'example_complex' retrieved from /home/hajar/.local/lib/python3.10/site-packages/airflow/example_dags/example_complex.py
[2024-11-09T09:35:48.791+0100] {logging_mixin.py:190} INFO - [2024-11-09T09:35:48.790+0100] {dag.py:3239} INFO - Sync 1 DAGs
[2024-11-09T09:35:48.846+0100] {logging_mixin.py:190} INFO - [2024-11-09T09:35:48.845+0100] {dag.py:4180} INFO - Setting next_dagrun for example_complex to None, run_after=None
[2024-11-09T09:35:48.931+0100] {processor.py:208} INFO - Processing /home/hajar/.local/lib/python3.10/site-packages/airflow/example_dags/example_complex.py took 0.354 seconds
[2024-11-09T09:37:36.628+0100] {processor.py:186} INFO - Started process (PID=122317) to work on /home/hajar/.local/lib/python3.10/site-packages/airflow/example_dags/example_complex.py
[2024-11-09T09:37:36.640+0100] {processor.py:914} INFO - Processing file /home/hajar/.local/lib/python3.10/site-packages/airflow/example_dags/example_complex.py for tasks to queue
[2024-11-09T09:37:36.648+0100] {logging_mixin.py:190} INFO - [2024-11-09T09:37:36.647+0100] {dagbag.py:588} INFO - Filling up the DagBag from /home/hajar/.local/lib/python3.10/site-packages/airflow/example_dags/example_complex.py
[2024-11-09T09:37:36.700+0100] {processor.py:925} INFO - DAG(s) 'example_complex' retrieved from /home/hajar/.local/lib/python3.10/site-packages/airflow/example_dags/example_complex.py
[2024-11-09T09:37:36.804+0100] {logging_mixin.py:190} INFO - [2024-11-09T09:37:36.803+0100] {dag.py:3239} INFO - Sync 1 DAGs
[2024-11-09T09:37:36.852+0100] {logging_mixin.py:190} INFO - [2024-11-09T09:37:36.851+0100] {dag.py:4180} INFO - Setting next_dagrun for example_complex to None, run_after=None
[2024-11-09T09:37:36.925+0100] {processor.py:208} INFO - Processing /home/hajar/.local/lib/python3.10/site-packages/airflow/example_dags/example_complex.py took 0.346 seconds
[2024-11-09T09:39:26.121+0100] {processor.py:186} INFO - Started process (PID=123694) to work on /home/hajar/.local/lib/python3.10/site-packages/airflow/example_dags/example_complex.py
[2024-11-09T09:39:26.125+0100] {processor.py:914} INFO - Processing file /home/hajar/.local/lib/python3.10/site-packages/airflow/example_dags/example_complex.py for tasks to queue
[2024-11-09T09:39:26.133+0100] {logging_mixin.py:190} INFO - [2024-11-09T09:39:26.131+0100] {dagbag.py:588} INFO - Filling up the DagBag from /home/hajar/.local/lib/python3.10/site-packages/airflow/example_dags/example_complex.py
[2024-11-09T09:39:26.193+0100] {processor.py:925} INFO - DAG(s) 'example_complex' retrieved from /home/hajar/.local/lib/python3.10/site-packages/airflow/example_dags/example_complex.py
[2024-11-09T09:39:26.313+0100] {logging_mixin.py:190} INFO - [2024-11-09T09:39:26.311+0100] {dag.py:3239} INFO - Sync 1 DAGs
[2024-11-09T09:39:26.368+0100] {logging_mixin.py:190} INFO - [2024-11-09T09:39:26.367+0100] {dag.py:4180} INFO - Setting next_dagrun for example_complex to None, run_after=None
[2024-11-09T09:39:26.444+0100] {processor.py:208} INFO - Processing /home/hajar/.local/lib/python3.10/site-packages/airflow/example_dags/example_complex.py took 0.366 seconds
[2024-11-09T09:41:17.098+0100] {processor.py:186} INFO - Started process (PID=124932) to work on /home/hajar/.local/lib/python3.10/site-packages/airflow/example_dags/example_complex.py
[2024-11-09T09:41:17.110+0100] {processor.py:914} INFO - Processing file /home/hajar/.local/lib/python3.10/site-packages/airflow/example_dags/example_complex.py for tasks to queue
[2024-11-09T09:41:17.121+0100] {logging_mixin.py:190} INFO - [2024-11-09T09:41:17.120+0100] {dagbag.py:588} INFO - Filling up the DagBag from /home/hajar/.local/lib/python3.10/site-packages/airflow/example_dags/example_complex.py
[2024-11-09T09:41:17.169+0100] {processor.py:925} INFO - DAG(s) 'example_complex' retrieved from /home/hajar/.local/lib/python3.10/site-packages/airflow/example_dags/example_complex.py
[2024-11-09T09:41:17.269+0100] {logging_mixin.py:190} INFO - [2024-11-09T09:41:17.268+0100] {dag.py:3239} INFO - Sync 1 DAGs
[2024-11-09T09:41:17.314+0100] {logging_mixin.py:190} INFO - [2024-11-09T09:41:17.314+0100] {dag.py:4180} INFO - Setting next_dagrun for example_complex to None, run_after=None
[2024-11-09T09:41:17.387+0100] {processor.py:208} INFO - Processing /home/hajar/.local/lib/python3.10/site-packages/airflow/example_dags/example_complex.py took 0.327 seconds
[2024-11-09T09:43:06.247+0100] {processor.py:186} INFO - Started process (PID=126354) to work on /home/hajar/.local/lib/python3.10/site-packages/airflow/example_dags/example_complex.py
[2024-11-09T09:43:06.258+0100] {processor.py:914} INFO - Processing file /home/hajar/.local/lib/python3.10/site-packages/airflow/example_dags/example_complex.py for tasks to queue
[2024-11-09T09:43:06.265+0100] {logging_mixin.py:190} INFO - [2024-11-09T09:43:06.264+0100] {dagbag.py:588} INFO - Filling up the DagBag from /home/hajar/.local/lib/python3.10/site-packages/airflow/example_dags/example_complex.py
[2024-11-09T09:43:06.312+0100] {processor.py:925} INFO - DAG(s) 'example_complex' retrieved from /home/hajar/.local/lib/python3.10/site-packages/airflow/example_dags/example_complex.py
[2024-11-09T09:43:06.401+0100] {logging_mixin.py:190} INFO - [2024-11-09T09:43:06.400+0100] {dag.py:3239} INFO - Sync 1 DAGs
[2024-11-09T09:43:06.442+0100] {logging_mixin.py:190} INFO - [2024-11-09T09:43:06.441+0100] {dag.py:4180} INFO - Setting next_dagrun for example_complex to None, run_after=None
[2024-11-09T09:43:06.498+0100] {processor.py:208} INFO - Processing /home/hajar/.local/lib/python3.10/site-packages/airflow/example_dags/example_complex.py took 0.291 seconds
[2024-11-09T09:44:52.116+0100] {processor.py:186} INFO - Started process (PID=127768) to work on /home/hajar/.local/lib/python3.10/site-packages/airflow/example_dags/example_complex.py
[2024-11-09T09:44:52.127+0100] {processor.py:914} INFO - Processing file /home/hajar/.local/lib/python3.10/site-packages/airflow/example_dags/example_complex.py for tasks to queue
[2024-11-09T09:44:52.136+0100] {logging_mixin.py:190} INFO - [2024-11-09T09:44:52.135+0100] {dagbag.py:588} INFO - Filling up the DagBag from /home/hajar/.local/lib/python3.10/site-packages/airflow/example_dags/example_complex.py
[2024-11-09T09:44:52.194+0100] {processor.py:925} INFO - DAG(s) 'example_complex' retrieved from /home/hajar/.local/lib/python3.10/site-packages/airflow/example_dags/example_complex.py
[2024-11-09T09:44:52.314+0100] {logging_mixin.py:190} INFO - [2024-11-09T09:44:52.313+0100] {dag.py:3239} INFO - Sync 1 DAGs
[2024-11-09T09:44:52.370+0100] {logging_mixin.py:190} INFO - [2024-11-09T09:44:52.369+0100] {dag.py:4180} INFO - Setting next_dagrun for example_complex to None, run_after=None
[2024-11-09T09:44:52.453+0100] {processor.py:208} INFO - Processing /home/hajar/.local/lib/python3.10/site-packages/airflow/example_dags/example_complex.py took 0.380 seconds
[2024-11-09T09:46:43.484+0100] {processor.py:186} INFO - Started process (PID=129274) to work on /home/hajar/.local/lib/python3.10/site-packages/airflow/example_dags/example_complex.py
[2024-11-09T09:46:43.495+0100] {processor.py:914} INFO - Processing file /home/hajar/.local/lib/python3.10/site-packages/airflow/example_dags/example_complex.py for tasks to queue
[2024-11-09T09:46:43.502+0100] {logging_mixin.py:190} INFO - [2024-11-09T09:46:43.501+0100] {dagbag.py:588} INFO - Filling up the DagBag from /home/hajar/.local/lib/python3.10/site-packages/airflow/example_dags/example_complex.py
[2024-11-09T09:46:43.552+0100] {processor.py:925} INFO - DAG(s) 'example_complex' retrieved from /home/hajar/.local/lib/python3.10/site-packages/airflow/example_dags/example_complex.py
[2024-11-09T09:46:43.678+0100] {logging_mixin.py:190} INFO - [2024-11-09T09:46:43.676+0100] {dag.py:3239} INFO - Sync 1 DAGs
[2024-11-09T09:46:43.737+0100] {logging_mixin.py:190} INFO - [2024-11-09T09:46:43.736+0100] {dag.py:4180} INFO - Setting next_dagrun for example_complex to None, run_after=None
[2024-11-09T09:46:43.823+0100] {processor.py:208} INFO - Processing /home/hajar/.local/lib/python3.10/site-packages/airflow/example_dags/example_complex.py took 0.374 seconds
[2024-11-09T09:48:38.750+0100] {processor.py:186} INFO - Started process (PID=130744) to work on /home/hajar/.local/lib/python3.10/site-packages/airflow/example_dags/example_complex.py
[2024-11-09T09:48:38.754+0100] {processor.py:914} INFO - Processing file /home/hajar/.local/lib/python3.10/site-packages/airflow/example_dags/example_complex.py for tasks to queue
[2024-11-09T09:48:38.764+0100] {logging_mixin.py:190} INFO - [2024-11-09T09:48:38.762+0100] {dagbag.py:588} INFO - Filling up the DagBag from /home/hajar/.local/lib/python3.10/site-packages/airflow/example_dags/example_complex.py
[2024-11-09T09:48:38.832+0100] {processor.py:925} INFO - DAG(s) 'example_complex' retrieved from /home/hajar/.local/lib/python3.10/site-packages/airflow/example_dags/example_complex.py
[2024-11-09T09:48:38.960+0100] {logging_mixin.py:190} INFO - [2024-11-09T09:48:38.959+0100] {dag.py:3239} INFO - Sync 1 DAGs
[2024-11-09T09:48:39.018+0100] {logging_mixin.py:190} INFO - [2024-11-09T09:48:39.017+0100] {dag.py:4180} INFO - Setting next_dagrun for example_complex to None, run_after=None
[2024-11-09T09:48:39.098+0100] {processor.py:208} INFO - Processing /home/hajar/.local/lib/python3.10/site-packages/airflow/example_dags/example_complex.py took 0.400 seconds
[2024-11-09T09:50:24.435+0100] {processor.py:186} INFO - Started process (PID=132091) to work on /home/hajar/.local/lib/python3.10/site-packages/airflow/example_dags/example_complex.py
[2024-11-09T09:50:24.446+0100] {processor.py:914} INFO - Processing file /home/hajar/.local/lib/python3.10/site-packages/airflow/example_dags/example_complex.py for tasks to queue
[2024-11-09T09:50:24.454+0100] {logging_mixin.py:190} INFO - [2024-11-09T09:50:24.453+0100] {dagbag.py:588} INFO - Filling up the DagBag from /home/hajar/.local/lib/python3.10/site-packages/airflow/example_dags/example_complex.py
[2024-11-09T09:50:24.514+0100] {processor.py:925} INFO - DAG(s) 'example_complex' retrieved from /home/hajar/.local/lib/python3.10/site-packages/airflow/example_dags/example_complex.py
[2024-11-09T09:50:24.648+0100] {logging_mixin.py:190} INFO - [2024-11-09T09:50:24.647+0100] {dag.py:3239} INFO - Sync 1 DAGs
[2024-11-09T09:50:24.702+0100] {logging_mixin.py:190} INFO - [2024-11-09T09:50:24.701+0100] {dag.py:4180} INFO - Setting next_dagrun for example_complex to None, run_after=None
[2024-11-09T09:50:24.790+0100] {processor.py:208} INFO - Processing /home/hajar/.local/lib/python3.10/site-packages/airflow/example_dags/example_complex.py took 0.400 seconds
[2024-11-09T09:52:13.114+0100] {processor.py:186} INFO - Started process (PID=133547) to work on /home/hajar/.local/lib/python3.10/site-packages/airflow/example_dags/example_complex.py
[2024-11-09T09:52:13.118+0100] {processor.py:914} INFO - Processing file /home/hajar/.local/lib/python3.10/site-packages/airflow/example_dags/example_complex.py for tasks to queue
[2024-11-09T09:52:13.125+0100] {logging_mixin.py:190} INFO - [2024-11-09T09:52:13.124+0100] {dagbag.py:588} INFO - Filling up the DagBag from /home/hajar/.local/lib/python3.10/site-packages/airflow/example_dags/example_complex.py
[2024-11-09T09:52:13.173+0100] {processor.py:925} INFO - DAG(s) 'example_complex' retrieved from /home/hajar/.local/lib/python3.10/site-packages/airflow/example_dags/example_complex.py
[2024-11-09T09:52:13.273+0100] {logging_mixin.py:190} INFO - [2024-11-09T09:52:13.272+0100] {dag.py:3239} INFO - Sync 1 DAGs
[2024-11-09T09:52:13.318+0100] {logging_mixin.py:190} INFO - [2024-11-09T09:52:13.318+0100] {dag.py:4180} INFO - Setting next_dagrun for example_complex to None, run_after=None
[2024-11-09T09:52:13.383+0100] {processor.py:208} INFO - Processing /home/hajar/.local/lib/python3.10/site-packages/airflow/example_dags/example_complex.py took 0.306 seconds
[2024-11-09T09:54:09.867+0100] {processor.py:186} INFO - Started process (PID=135040) to work on /home/hajar/.local/lib/python3.10/site-packages/airflow/example_dags/example_complex.py
[2024-11-09T09:54:09.878+0100] {processor.py:914} INFO - Processing file /home/hajar/.local/lib/python3.10/site-packages/airflow/example_dags/example_complex.py for tasks to queue
[2024-11-09T09:54:09.888+0100] {logging_mixin.py:190} INFO - [2024-11-09T09:54:09.886+0100] {dagbag.py:588} INFO - Filling up the DagBag from /home/hajar/.local/lib/python3.10/site-packages/airflow/example_dags/example_complex.py
[2024-11-09T09:54:09.943+0100] {processor.py:925} INFO - DAG(s) 'example_complex' retrieved from /home/hajar/.local/lib/python3.10/site-packages/airflow/example_dags/example_complex.py
[2024-11-09T09:54:10.069+0100] {logging_mixin.py:190} INFO - [2024-11-09T09:54:10.068+0100] {dag.py:3239} INFO - Sync 1 DAGs
[2024-11-09T09:54:10.116+0100] {logging_mixin.py:190} INFO - [2024-11-09T09:54:10.115+0100] {dag.py:4180} INFO - Setting next_dagrun for example_complex to None, run_after=None
[2024-11-09T09:54:10.182+0100] {processor.py:208} INFO - Processing /home/hajar/.local/lib/python3.10/site-packages/airflow/example_dags/example_complex.py took 0.358 seconds
[2024-11-09T09:56:09.725+0100] {processor.py:186} INFO - Started process (PID=136364) to work on /home/hajar/.local/lib/python3.10/site-packages/airflow/example_dags/example_complex.py
[2024-11-09T09:56:09.730+0100] {processor.py:914} INFO - Processing file /home/hajar/.local/lib/python3.10/site-packages/airflow/example_dags/example_complex.py for tasks to queue
[2024-11-09T09:56:09.739+0100] {logging_mixin.py:190} INFO - [2024-11-09T09:56:09.737+0100] {dagbag.py:588} INFO - Filling up the DagBag from /home/hajar/.local/lib/python3.10/site-packages/airflow/example_dags/example_complex.py
[2024-11-09T09:56:09.800+0100] {processor.py:925} INFO - DAG(s) 'example_complex' retrieved from /home/hajar/.local/lib/python3.10/site-packages/airflow/example_dags/example_complex.py
[2024-11-09T09:56:09.911+0100] {logging_mixin.py:190} INFO - [2024-11-09T09:56:09.910+0100] {dag.py:3239} INFO - Sync 1 DAGs
[2024-11-09T09:56:09.970+0100] {logging_mixin.py:190} INFO - [2024-11-09T09:56:09.969+0100] {dag.py:4180} INFO - Setting next_dagrun for example_complex to None, run_after=None
[2024-11-09T09:56:10.056+0100] {processor.py:208} INFO - Processing /home/hajar/.local/lib/python3.10/site-packages/airflow/example_dags/example_complex.py took 0.385 seconds
[2024-11-09T09:58:12.952+0100] {processor.py:186} INFO - Started process (PID=138144) to work on /home/hajar/.local/lib/python3.10/site-packages/airflow/example_dags/example_complex.py
[2024-11-09T09:58:12.963+0100] {processor.py:914} INFO - Processing file /home/hajar/.local/lib/python3.10/site-packages/airflow/example_dags/example_complex.py for tasks to queue
[2024-11-09T09:58:12.972+0100] {logging_mixin.py:190} INFO - [2024-11-09T09:58:12.970+0100] {dagbag.py:588} INFO - Filling up the DagBag from /home/hajar/.local/lib/python3.10/site-packages/airflow/example_dags/example_complex.py
[2024-11-09T09:58:13.035+0100] {processor.py:925} INFO - DAG(s) 'example_complex' retrieved from /home/hajar/.local/lib/python3.10/site-packages/airflow/example_dags/example_complex.py
[2024-11-09T09:58:13.157+0100] {logging_mixin.py:190} INFO - [2024-11-09T09:58:13.156+0100] {dag.py:3239} INFO - Sync 1 DAGs
[2024-11-09T09:58:13.628+0100] {logging_mixin.py:190} INFO - [2024-11-09T09:58:13.627+0100] {dag.py:4180} INFO - Setting next_dagrun for example_complex to None, run_after=None
[2024-11-09T09:58:13.717+0100] {processor.py:208} INFO - Processing /home/hajar/.local/lib/python3.10/site-packages/airflow/example_dags/example_complex.py took 0.808 seconds
[2024-11-09T10:00:14.467+0100] {processor.py:186} INFO - Started process (PID=139599) to work on /home/hajar/.local/lib/python3.10/site-packages/airflow/example_dags/example_complex.py
[2024-11-09T10:00:14.479+0100] {processor.py:914} INFO - Processing file /home/hajar/.local/lib/python3.10/site-packages/airflow/example_dags/example_complex.py for tasks to queue
[2024-11-09T10:00:14.489+0100] {logging_mixin.py:190} INFO - [2024-11-09T10:00:14.487+0100] {dagbag.py:588} INFO - Filling up the DagBag from /home/hajar/.local/lib/python3.10/site-packages/airflow/example_dags/example_complex.py
[2024-11-09T10:00:14.553+0100] {processor.py:925} INFO - DAG(s) 'example_complex' retrieved from /home/hajar/.local/lib/python3.10/site-packages/airflow/example_dags/example_complex.py
[2024-11-09T10:00:14.679+0100] {logging_mixin.py:190} INFO - [2024-11-09T10:00:14.678+0100] {dag.py:3239} INFO - Sync 1 DAGs
[2024-11-09T10:00:15.143+0100] {logging_mixin.py:190} INFO - [2024-11-09T10:00:15.142+0100] {dag.py:4180} INFO - Setting next_dagrun for example_complex to None, run_after=None
[2024-11-09T10:00:15.230+0100] {processor.py:208} INFO - Processing /home/hajar/.local/lib/python3.10/site-packages/airflow/example_dags/example_complex.py took 0.809 seconds
[2024-11-09T10:02:31.713+0100] {processor.py:186} INFO - Started process (PID=141050) to work on /home/hajar/.local/lib/python3.10/site-packages/airflow/example_dags/example_complex.py
[2024-11-09T10:02:31.724+0100] {processor.py:914} INFO - Processing file /home/hajar/.local/lib/python3.10/site-packages/airflow/example_dags/example_complex.py for tasks to queue
[2024-11-09T10:02:31.731+0100] {logging_mixin.py:190} INFO - [2024-11-09T10:02:31.730+0100] {dagbag.py:588} INFO - Filling up the DagBag from /home/hajar/.local/lib/python3.10/site-packages/airflow/example_dags/example_complex.py
[2024-11-09T10:02:31.788+0100] {processor.py:925} INFO - DAG(s) 'example_complex' retrieved from /home/hajar/.local/lib/python3.10/site-packages/airflow/example_dags/example_complex.py
[2024-11-09T10:02:31.899+0100] {logging_mixin.py:190} INFO - [2024-11-09T10:02:31.898+0100] {dag.py:3239} INFO - Sync 1 DAGs
[2024-11-09T10:02:32.286+0100] {logging_mixin.py:190} INFO - [2024-11-09T10:02:32.285+0100] {dag.py:4180} INFO - Setting next_dagrun for example_complex to None, run_after=None
[2024-11-09T10:02:32.371+0100] {processor.py:208} INFO - Processing /home/hajar/.local/lib/python3.10/site-packages/airflow/example_dags/example_complex.py took 0.718 seconds
[2024-11-09T10:04:48.771+0100] {processor.py:186} INFO - Started process (PID=142942) to work on /home/hajar/.local/lib/python3.10/site-packages/airflow/example_dags/example_complex.py
[2024-11-09T10:04:48.783+0100] {processor.py:914} INFO - Processing file /home/hajar/.local/lib/python3.10/site-packages/airflow/example_dags/example_complex.py for tasks to queue
[2024-11-09T10:04:48.793+0100] {logging_mixin.py:190} INFO - [2024-11-09T10:04:48.792+0100] {dagbag.py:588} INFO - Filling up the DagBag from /home/hajar/.local/lib/python3.10/site-packages/airflow/example_dags/example_complex.py
[2024-11-09T10:04:48.861+0100] {processor.py:925} INFO - DAG(s) 'example_complex' retrieved from /home/hajar/.local/lib/python3.10/site-packages/airflow/example_dags/example_complex.py
[2024-11-09T10:04:49.358+0100] {logging_mixin.py:190} INFO - [2024-11-09T10:04:49.357+0100] {dag.py:3239} INFO - Sync 1 DAGs
[2024-11-09T10:04:49.398+0100] {logging_mixin.py:190} INFO - [2024-11-09T10:04:49.397+0100] {dag.py:4180} INFO - Setting next_dagrun for example_complex to None, run_after=None
[2024-11-09T10:04:49.466+0100] {processor.py:208} INFO - Processing /home/hajar/.local/lib/python3.10/site-packages/airflow/example_dags/example_complex.py took 0.735 seconds
[2024-11-09T10:07:04.242+0100] {processor.py:186} INFO - Started process (PID=144815) to work on /home/hajar/.local/lib/python3.10/site-packages/airflow/example_dags/example_complex.py
[2024-11-09T10:07:04.246+0100] {processor.py:914} INFO - Processing file /home/hajar/.local/lib/python3.10/site-packages/airflow/example_dags/example_complex.py for tasks to queue
[2024-11-09T10:07:04.253+0100] {logging_mixin.py:190} INFO - [2024-11-09T10:07:04.252+0100] {dagbag.py:588} INFO - Filling up the DagBag from /home/hajar/.local/lib/python3.10/site-packages/airflow/example_dags/example_complex.py
[2024-11-09T10:07:04.303+0100] {processor.py:925} INFO - DAG(s) 'example_complex' retrieved from /home/hajar/.local/lib/python3.10/site-packages/airflow/example_dags/example_complex.py
[2024-11-09T10:07:04.790+0100] {logging_mixin.py:190} INFO - [2024-11-09T10:07:04.789+0100] {dag.py:3239} INFO - Sync 1 DAGs
[2024-11-09T10:07:04.835+0100] {logging_mixin.py:190} INFO - [2024-11-09T10:07:04.834+0100] {dag.py:4180} INFO - Setting next_dagrun for example_complex to None, run_after=None
[2024-11-09T10:07:04.894+0100] {processor.py:208} INFO - Processing /home/hajar/.local/lib/python3.10/site-packages/airflow/example_dags/example_complex.py took 0.693 seconds
[2024-11-09T10:09:12.176+0100] {processor.py:186} INFO - Started process (PID=146571) to work on /home/hajar/.local/lib/python3.10/site-packages/airflow/example_dags/example_complex.py
[2024-11-09T10:09:12.188+0100] {processor.py:914} INFO - Processing file /home/hajar/.local/lib/python3.10/site-packages/airflow/example_dags/example_complex.py for tasks to queue
[2024-11-09T10:09:12.196+0100] {logging_mixin.py:190} INFO - [2024-11-09T10:09:12.194+0100] {dagbag.py:588} INFO - Filling up the DagBag from /home/hajar/.local/lib/python3.10/site-packages/airflow/example_dags/example_complex.py
[2024-11-09T10:09:12.247+0100] {processor.py:925} INFO - DAG(s) 'example_complex' retrieved from /home/hajar/.local/lib/python3.10/site-packages/airflow/example_dags/example_complex.py
[2024-11-09T10:09:12.729+0100] {logging_mixin.py:190} INFO - [2024-11-09T10:09:12.729+0100] {dag.py:3239} INFO - Sync 1 DAGs
[2024-11-09T10:09:12.770+0100] {logging_mixin.py:190} INFO - [2024-11-09T10:09:12.769+0100] {dag.py:4180} INFO - Setting next_dagrun for example_complex to None, run_after=None
[2024-11-09T10:09:12.838+0100] {processor.py:208} INFO - Processing /home/hajar/.local/lib/python3.10/site-packages/airflow/example_dags/example_complex.py took 0.699 seconds
[2024-11-09T10:11:16.389+0100] {processor.py:186} INFO - Started process (PID=148036) to work on /home/hajar/.local/lib/python3.10/site-packages/airflow/example_dags/example_complex.py
[2024-11-09T10:11:16.400+0100] {processor.py:914} INFO - Processing file /home/hajar/.local/lib/python3.10/site-packages/airflow/example_dags/example_complex.py for tasks to queue
[2024-11-09T10:11:16.408+0100] {logging_mixin.py:190} INFO - [2024-11-09T10:11:16.407+0100] {dagbag.py:588} INFO - Filling up the DagBag from /home/hajar/.local/lib/python3.10/site-packages/airflow/example_dags/example_complex.py
[2024-11-09T10:11:16.463+0100] {processor.py:925} INFO - DAG(s) 'example_complex' retrieved from /home/hajar/.local/lib/python3.10/site-packages/airflow/example_dags/example_complex.py
[2024-11-09T10:11:16.577+0100] {logging_mixin.py:190} INFO - [2024-11-09T10:11:16.576+0100] {dag.py:3239} INFO - Sync 1 DAGs
[2024-11-09T10:11:16.628+0100] {logging_mixin.py:190} INFO - [2024-11-09T10:11:16.627+0100] {dag.py:4180} INFO - Setting next_dagrun for example_complex to None, run_after=None
[2024-11-09T10:11:16.707+0100] {processor.py:208} INFO - Processing /home/hajar/.local/lib/python3.10/site-packages/airflow/example_dags/example_complex.py took 0.362 seconds
[2024-11-09T10:13:09.430+0100] {processor.py:186} INFO - Started process (PID=149392) to work on /home/hajar/.local/lib/python3.10/site-packages/airflow/example_dags/example_complex.py
[2024-11-09T10:13:09.441+0100] {processor.py:914} INFO - Processing file /home/hajar/.local/lib/python3.10/site-packages/airflow/example_dags/example_complex.py for tasks to queue
[2024-11-09T10:13:09.448+0100] {logging_mixin.py:190} INFO - [2024-11-09T10:13:09.446+0100] {dagbag.py:588} INFO - Filling up the DagBag from /home/hajar/.local/lib/python3.10/site-packages/airflow/example_dags/example_complex.py
[2024-11-09T10:13:09.494+0100] {processor.py:925} INFO - DAG(s) 'example_complex' retrieved from /home/hajar/.local/lib/python3.10/site-packages/airflow/example_dags/example_complex.py
[2024-11-09T10:13:09.589+0100] {logging_mixin.py:190} INFO - [2024-11-09T10:13:09.588+0100] {dag.py:3239} INFO - Sync 1 DAGs
[2024-11-09T10:13:09.634+0100] {logging_mixin.py:190} INFO - [2024-11-09T10:13:09.633+0100] {dag.py:4180} INFO - Setting next_dagrun for example_complex to None, run_after=None
[2024-11-09T10:13:09.705+0100] {processor.py:208} INFO - Processing /home/hajar/.local/lib/python3.10/site-packages/airflow/example_dags/example_complex.py took 0.311 seconds
[2024-11-09T10:14:58.756+0100] {processor.py:186} INFO - Started process (PID=150698) to work on /home/hajar/.local/lib/python3.10/site-packages/airflow/example_dags/example_complex.py
[2024-11-09T10:14:58.767+0100] {processor.py:914} INFO - Processing file /home/hajar/.local/lib/python3.10/site-packages/airflow/example_dags/example_complex.py for tasks to queue
[2024-11-09T10:14:58.776+0100] {logging_mixin.py:190} INFO - [2024-11-09T10:14:58.775+0100] {dagbag.py:588} INFO - Filling up the DagBag from /home/hajar/.local/lib/python3.10/site-packages/airflow/example_dags/example_complex.py
[2024-11-09T10:14:58.840+0100] {processor.py:925} INFO - DAG(s) 'example_complex' retrieved from /home/hajar/.local/lib/python3.10/site-packages/airflow/example_dags/example_complex.py
[2024-11-09T10:14:58.955+0100] {logging_mixin.py:190} INFO - [2024-11-09T10:14:58.954+0100] {dag.py:3239} INFO - Sync 1 DAGs
[2024-11-09T10:14:59.002+0100] {logging_mixin.py:190} INFO - [2024-11-09T10:14:59.001+0100] {dag.py:4180} INFO - Setting next_dagrun for example_complex to None, run_after=None
[2024-11-09T10:14:59.080+0100] {processor.py:208} INFO - Processing /home/hajar/.local/lib/python3.10/site-packages/airflow/example_dags/example_complex.py took 0.368 seconds
