[2024-11-07T07:34:23.641-1100] {local_task_job_runner.py:123} INFO - ::group::Pre task execution logs
[2024-11-07T07:34:23.695-1100] {taskinstance.py:2613} INFO - Dependencies all met for dep_context=non-requeueable deps ti=<TaskInstance: extract_transform_clean_data.extract_postgresql_data scheduled__2024-11-06T00:00:00+00:00 [queued]>
[2024-11-07T07:34:23.714-1100] {taskinstance.py:2613} INFO - Dependencies all met for dep_context=requeueable deps ti=<TaskInstance: extract_transform_clean_data.extract_postgresql_data scheduled__2024-11-06T00:00:00+00:00 [queued]>
[2024-11-07T07:34:23.714-1100] {taskinstance.py:2866} INFO - Starting attempt 1 of 2
[2024-11-07T07:34:23.743-1100] {taskinstance.py:2889} INFO - Executing <Task(PythonOperator): extract_postgresql_data> on 2024-11-06 00:00:00+00:00
[2024-11-07T07:34:23.762-1100] {standard_task_runner.py:72} INFO - Started process 218825 to run task
[2024-11-07T07:34:23.767-1100] {standard_task_runner.py:104} INFO - Running: ['***', 'tasks', 'run', 'extract_transform_clean_data', 'extract_postgresql_data', 'scheduled__2024-11-06T00:00:00+00:00', '--job-id', '29', '--raw', '--subdir', 'DAGS_FOLDER/extract_transform_clean_data.py', '--cfg-path', '/tmp/tmpfbrikvf_']
[2024-11-07T07:34:23.769-1100] {standard_task_runner.py:105} INFO - Job 29: Subtask extract_postgresql_data
[2024-11-07T07:34:23.808-1100] {standard_task_runner.py:124} ERROR - Failed to execute job 29 for task extract_postgresql_data (invalid interpolation syntax in '[%(asctime)s] {%(filename)s:%(lineno)d} %(levelname)s - %(message)s' at position 5; 218825)
Traceback (most recent call last):
  File "/home/ouaillaamiri/Development/lsi_3/airflow/venv/lib/python3.11/site-packages/airflow/task/task_runner/standard_task_runner.py", line 117, in _start_by_fork
    ret = args.func(args, dag=self.dag)
          ^^^^^^^^^^^^^^^^^^^^^^^^^^^^^
  File "/home/ouaillaamiri/Development/lsi_3/airflow/venv/lib/python3.11/site-packages/airflow/cli/cli_config.py", line 49, in command
    return func(*args, **kwargs)
           ^^^^^^^^^^^^^^^^^^^^^
  File "/home/ouaillaamiri/Development/lsi_3/airflow/venv/lib/python3.11/site-packages/airflow/utils/cli.py", line 116, in wrapper
    return f(*args, **kwargs)
           ^^^^^^^^^^^^^^^^^^
  File "/home/ouaillaamiri/Development/lsi_3/airflow/venv/lib/python3.11/site-packages/airflow/cli/commands/task_command.py", line 447, in task_run
    conf.read_dict(conf_dict, source=args.cfg_path)
  File "/home/ouaillaamiri/Development/lsi_3/airflow/venv/lib/python3.11/site-packages/airflow/configuration.py", line 1317, in read_dict
    super().read_dict(dictionary=dictionary, source=source)
  File "/usr/lib/python3.11/configparser.py", line 770, in read_dict
    self.set(section, key, value)
  File "/home/ouaillaamiri/Development/lsi_3/airflow/venv/lib/python3.11/site-packages/airflow/configuration.py", line 1346, in set
    super().set(section, option, value)
  File "/usr/lib/python3.11/configparser.py", line 1220, in set
    super().set(section, option, value)
  File "/usr/lib/python3.11/configparser.py", line 910, in set
    value = self._interpolation.before_set(self, section, option,
            ^^^^^^^^^^^^^^^^^^^^^^^^^^^^^^^^^^^^^^^^^^^^^^^^^^^^^
  File "/usr/lib/python3.11/configparser.py", line 403, in before_set
    raise ValueError("invalid interpolation syntax in %r at "
ValueError: invalid interpolation syntax in '[%(asctime)s] {%(filename)s:%(lineno)d} %(levelname)s - %(message)s' at position 5
[2024-11-07T07:34:23.860-1100] {local_task_job_runner.py:266} INFO - Task exited with return code 1
[2024-11-07T07:34:23.934-1100] {taskinstance.py:3895} INFO - 0 downstream tasks scheduled from follow-on schedule check
[2024-11-07T07:34:23.936-1100] {local_task_job_runner.py:245} INFO - ::endgroup::
[2024-11-07T08:58:13.584-1100] {local_task_job_runner.py:123} INFO - ::group::Pre task execution logs
[2024-11-07T08:58:13.604-1100] {taskinstance.py:2613} INFO - Dependencies all met for dep_context=non-requeueable deps ti=<TaskInstance: extract_transform_clean_data.extract_postgresql_data scheduled__2024-11-06T00:00:00+00:00 [queued]>
[2024-11-07T08:58:13.613-1100] {taskinstance.py:2613} INFO - Dependencies all met for dep_context=requeueable deps ti=<TaskInstance: extract_transform_clean_data.extract_postgresql_data scheduled__2024-11-06T00:00:00+00:00 [queued]>
[2024-11-07T08:58:13.613-1100] {taskinstance.py:2866} INFO - Starting attempt 1 of 2
[2024-11-07T08:58:13.636-1100] {taskinstance.py:2889} INFO - Executing <Task(PythonOperator): extract_postgresql_data> on 2024-11-06 00:00:00+00:00
[2024-11-07T08:58:13.647-1100] {standard_task_runner.py:72} INFO - Started process 317211 to run task
[2024-11-07T08:58:13.654-1100] {standard_task_runner.py:104} INFO - Running: ['airflow', 'tasks', 'run', 'extract_transform_clean_data', 'extract_postgresql_data', 'scheduled__2024-11-06T00:00:00+00:00', '--job-id', '5', '--raw', '--subdir', 'DAGS_FOLDER/extract_transform_clean_data.py', '--cfg-path', '/tmp/tmpkyri3g52']
[2024-11-07T08:58:13.655-1100] {standard_task_runner.py:105} INFO - Job 5: Subtask extract_postgresql_data
[2024-11-07T08:58:13.716-1100] {task_command.py:467} INFO - Running <TaskInstance: extract_transform_clean_data.extract_postgresql_data scheduled__2024-11-06T00:00:00+00:00 [running]> on host debian
[2024-11-07T08:58:13.810-1100] {taskinstance.py:3132} INFO - Exporting env vars: AIRFLOW_CTX_DAG_OWNER='airflow' AIRFLOW_CTX_DAG_ID='extract_transform_clean_data' AIRFLOW_CTX_TASK_ID='extract_postgresql_data' AIRFLOW_CTX_EXECUTION_DATE='2024-11-06T00:00:00+00:00' AIRFLOW_CTX_TRY_NUMBER='1' AIRFLOW_CTX_DAG_RUN_ID='scheduled__2024-11-06T00:00:00+00:00'
[2024-11-07T08:58:13.812-1100] {logging_mixin.py:190} INFO - Task instance is in running state
[2024-11-07T08:58:13.812-1100] {logging_mixin.py:190} INFO -  Previous state of the Task instance: queued
[2024-11-07T08:58:13.813-1100] {logging_mixin.py:190} INFO - Current task name:extract_postgresql_data state:running start_date:2024-11-07 19:58:13.604730+00:00
[2024-11-07T08:58:13.813-1100] {logging_mixin.py:190} INFO - Dag name:extract_transform_clean_data and current dag run status:running
[2024-11-07T08:58:13.813-1100] {taskinstance.py:731} INFO - ::endgroup::
[2024-11-07T08:58:13.845-1100] {logging_mixin.py:190} WARNING - /home/ouaillaamiri/Development/lsi_3/airflow/airflow/dags/extract_transform_clean_data.py:31 UserWarning: pandas only supports SQLAlchemy connectable (engine/connection) or database string URI or sqlite3 DBAPI2 connection. Other DBAPI2 objects are not tested. Please consider using SQLAlchemy.
[2024-11-07T08:58:13.860-1100] {logging_mixin.py:190} WARNING - /home/ouaillaamiri/Development/lsi_3/airflow/airflow/dags/extract_transform_clean_data.py:32 UserWarning: pandas only supports SQLAlchemy connectable (engine/connection) or database string URI or sqlite3 DBAPI2 connection. Other DBAPI2 objects are not tested. Please consider using SQLAlchemy.
[2024-11-07T08:58:13.866-1100] {logging_mixin.py:190} WARNING - /home/ouaillaamiri/Development/lsi_3/airflow/airflow/dags/extract_transform_clean_data.py:33 UserWarning: pandas only supports SQLAlchemy connectable (engine/connection) or database string URI or sqlite3 DBAPI2 connection. Other DBAPI2 objects are not tested. Please consider using SQLAlchemy.
[2024-11-07T08:58:13.871-1100] {python.py:240} INFO - Done. Returned value was: (Empty DataFrame
Columns: [user_id, name, email, city, birthdate]
Index: [], Empty DataFrame
Columns: [product_id, product_name, category, price]
Index: [], Empty DataFrame
Columns: [transaction_id, user_id, product_id, amount, transaction_date]
Index: [])
[2024-11-07T08:58:13.951-1100] {taskinstance.py:340} INFO - ::group::Post task execution logs
[2024-11-07T08:58:13.952-1100] {taskinstance.py:352} INFO - Marking task as SUCCESS. dag_id=extract_transform_clean_data, task_id=extract_postgresql_data, run_id=scheduled__2024-11-06T00:00:00+00:00, execution_date=20241106T000000, start_date=20241107T195813, end_date=20241107T195813
[2024-11-07T08:58:13.966-1100] {logging_mixin.py:190} INFO - Task instance in success state
[2024-11-07T08:58:13.967-1100] {logging_mixin.py:190} INFO -  Previous state of the Task instance: running
[2024-11-07T08:58:13.967-1100] {logging_mixin.py:190} INFO - Dag name:extract_transform_clean_data queued_at:2024-11-07 19:58:08.919572+00:00
[2024-11-07T08:58:13.967-1100] {logging_mixin.py:190} INFO - Task hostname:debian operator:PythonOperator
[2024-11-07T08:58:14.028-1100] {local_task_job_runner.py:266} INFO - Task exited with return code 0
[2024-11-07T08:58:14.080-1100] {taskinstance.py:3895} INFO - 1 downstream tasks scheduled from follow-on schedule check
[2024-11-07T08:58:14.087-1100] {local_task_job_runner.py:245} INFO - ::endgroup::
