[2024-11-07T08:08:33.656-1100] {local_task_job_runner.py:123} INFO - ::group::Pre task execution logs
[2024-11-07T08:08:33.699-1100] {taskinstance.py:2613} INFO - Dependencies all met for dep_context=non-requeueable deps ti=<TaskInstance: extract_transform_clean_data.extract_postgresql_data manual__2024-11-07T19:08:31.351105+00:00 [queued]>
[2024-11-07T08:08:33.713-1100] {taskinstance.py:2613} INFO - Dependencies all met for dep_context=requeueable deps ti=<TaskInstance: extract_transform_clean_data.extract_postgresql_data manual__2024-11-07T19:08:31.351105+00:00 [queued]>
[2024-11-07T08:08:33.713-1100] {taskinstance.py:2866} INFO - Starting attempt 1 of 2
[2024-11-07T08:08:33.739-1100] {taskinstance.py:2889} INFO - Executing <Task(PythonOperator): extract_postgresql_data> on 2024-11-07 19:08:31.351105+00:00
[2024-11-07T08:08:33.755-1100] {standard_task_runner.py:72} INFO - Started process 267045 to run task
[2024-11-07T08:08:33.761-1100] {standard_task_runner.py:104} INFO - Running: ['***', 'tasks', 'run', 'extract_transform_clean_data', 'extract_postgresql_data', 'manual__2024-11-07T19:08:31.351105+00:00', '--job-id', '38', '--raw', '--subdir', 'DAGS_FOLDER/extract_transform_clean_data.py', '--cfg-path', '/tmp/tmpo0veyav1']
[2024-11-07T08:08:33.764-1100] {standard_task_runner.py:105} INFO - Job 38: Subtask extract_postgresql_data
[2024-11-07T08:08:33.803-1100] {standard_task_runner.py:124} ERROR - Failed to execute job 38 for task extract_postgresql_data (invalid interpolation syntax in '[%(asctime)s] {%(filename)s:%(lineno)d} %(levelname)s - %(message)s' at position 5; 267045)
Traceback (most recent call last):
  File "/home/ouaillaamiri/Development/lsi_3/airflow/venv/lib/python3.11/site-packages/airflow/task/task_runner/standard_task_runner.py", line 117, in _start_by_fork
    ret = args.func(args, dag=self.dag)
          ^^^^^^^^^^^^^^^^^^^^^^^^^^^^^
  File "/home/ouaillaamiri/Development/lsi_3/airflow/venv/lib/python3.11/site-packages/airflow/cli/cli_config.py", line 49, in command
    return func(*args, **kwargs)
           ^^^^^^^^^^^^^^^^^^^^^
  File "/home/ouaillaamiri/Development/lsi_3/airflow/venv/lib/python3.11/site-packages/airflow/utils/cli.py", line 116, in wrapper
    return f(*args, **kwargs)
           ^^^^^^^^^^^^^^^^^^
  File "/home/ouaillaamiri/Development/lsi_3/airflow/venv/lib/python3.11/site-packages/airflow/cli/commands/task_command.py", line 447, in task_run
    conf.read_dict(conf_dict, source=args.cfg_path)
  File "/home/ouaillaamiri/Development/lsi_3/airflow/venv/lib/python3.11/site-packages/airflow/configuration.py", line 1317, in read_dict
    super().read_dict(dictionary=dictionary, source=source)
  File "/usr/lib/python3.11/configparser.py", line 770, in read_dict
    self.set(section, key, value)
  File "/home/ouaillaamiri/Development/lsi_3/airflow/venv/lib/python3.11/site-packages/airflow/configuration.py", line 1346, in set
    super().set(section, option, value)
  File "/usr/lib/python3.11/configparser.py", line 1220, in set
    super().set(section, option, value)
  File "/usr/lib/python3.11/configparser.py", line 910, in set
    value = self._interpolation.before_set(self, section, option,
            ^^^^^^^^^^^^^^^^^^^^^^^^^^^^^^^^^^^^^^^^^^^^^^^^^^^^^
  File "/usr/lib/python3.11/configparser.py", line 403, in before_set
    raise ValueError("invalid interpolation syntax in %r at "
ValueError: invalid interpolation syntax in '[%(asctime)s] {%(filename)s:%(lineno)d} %(levelname)s - %(message)s' at position 5
[2024-11-07T08:08:33.853-1100] {local_task_job_runner.py:266} INFO - Task exited with return code 1
[2024-11-07T08:08:33.906-1100] {taskinstance.py:3895} INFO - 0 downstream tasks scheduled from follow-on schedule check
[2024-11-07T08:08:33.910-1100] {local_task_job_runner.py:245} INFO - ::endgroup::
