[2024-11-06T10:53:20.129-1100] {processor.py:186} INFO - Started process (PID=218879) to work on /home/ouaillaamiri/Development/lsi_3/airflow/venv/lib/python3.11/site-packages/airflow/example_dags/plugins/event_listener.py
[2024-11-06T10:53:20.131-1100] {processor.py:914} INFO - Processing file /home/ouaillaamiri/Development/lsi_3/airflow/venv/lib/python3.11/site-packages/airflow/example_dags/plugins/event_listener.py for tasks to queue
[2024-11-06T10:53:20.137-1100] {logging_mixin.py:190} INFO - [2024-11-06T10:53:20.136-1100] {dagbag.py:588} INFO - Filling up the DagBag from /home/ouaillaamiri/Development/lsi_3/airflow/venv/lib/python3.11/site-packages/airflow/example_dags/plugins/event_listener.py
[2024-11-06T10:53:20.143-1100] {processor.py:927} WARNING - No viable dags retrieved from /home/ouaillaamiri/Development/lsi_3/airflow/venv/lib/python3.11/site-packages/airflow/example_dags/plugins/event_listener.py
[2024-11-06T10:53:20.206-1100] {processor.py:208} INFO - Processing /home/ouaillaamiri/Development/lsi_3/airflow/venv/lib/python3.11/site-packages/airflow/example_dags/plugins/event_listener.py took 0.091 seconds
[2024-11-06T10:53:51.147-1100] {processor.py:186} INFO - Started process (PID=219729) to work on /home/ouaillaamiri/Development/lsi_3/airflow/venv/lib/python3.11/site-packages/airflow/example_dags/plugins/event_listener.py
[2024-11-06T10:53:51.149-1100] {processor.py:914} INFO - Processing file /home/ouaillaamiri/Development/lsi_3/airflow/venv/lib/python3.11/site-packages/airflow/example_dags/plugins/event_listener.py for tasks to queue
[2024-11-06T10:53:51.153-1100] {logging_mixin.py:190} INFO - [2024-11-06T10:53:51.152-1100] {dagbag.py:588} INFO - Filling up the DagBag from /home/ouaillaamiri/Development/lsi_3/airflow/venv/lib/python3.11/site-packages/airflow/example_dags/plugins/event_listener.py
[2024-11-06T10:53:51.157-1100] {processor.py:927} WARNING - No viable dags retrieved from /home/ouaillaamiri/Development/lsi_3/airflow/venv/lib/python3.11/site-packages/airflow/example_dags/plugins/event_listener.py
[2024-11-06T10:53:51.209-1100] {processor.py:208} INFO - Processing /home/ouaillaamiri/Development/lsi_3/airflow/venv/lib/python3.11/site-packages/airflow/example_dags/plugins/event_listener.py took 0.074 seconds
[2024-11-06T10:54:21.921-1100] {processor.py:186} INFO - Started process (PID=220445) to work on /home/ouaillaamiri/Development/lsi_3/airflow/venv/lib/python3.11/site-packages/airflow/example_dags/plugins/event_listener.py
[2024-11-06T10:54:21.925-1100] {processor.py:914} INFO - Processing file /home/ouaillaamiri/Development/lsi_3/airflow/venv/lib/python3.11/site-packages/airflow/example_dags/plugins/event_listener.py for tasks to queue
[2024-11-06T10:54:21.930-1100] {logging_mixin.py:190} INFO - [2024-11-06T10:54:21.929-1100] {dagbag.py:588} INFO - Filling up the DagBag from /home/ouaillaamiri/Development/lsi_3/airflow/venv/lib/python3.11/site-packages/airflow/example_dags/plugins/event_listener.py
[2024-11-06T10:54:21.936-1100] {processor.py:927} WARNING - No viable dags retrieved from /home/ouaillaamiri/Development/lsi_3/airflow/venv/lib/python3.11/site-packages/airflow/example_dags/plugins/event_listener.py
[2024-11-06T10:54:21.995-1100] {processor.py:208} INFO - Processing /home/ouaillaamiri/Development/lsi_3/airflow/venv/lib/python3.11/site-packages/airflow/example_dags/plugins/event_listener.py took 0.083 seconds
[2024-11-06T10:54:52.638-1100] {processor.py:186} INFO - Started process (PID=220809) to work on /home/ouaillaamiri/Development/lsi_3/airflow/venv/lib/python3.11/site-packages/airflow/example_dags/plugins/event_listener.py
[2024-11-06T10:54:52.641-1100] {processor.py:914} INFO - Processing file /home/ouaillaamiri/Development/lsi_3/airflow/venv/lib/python3.11/site-packages/airflow/example_dags/plugins/event_listener.py for tasks to queue
[2024-11-06T10:54:52.645-1100] {logging_mixin.py:190} INFO - [2024-11-06T10:54:52.645-1100] {dagbag.py:588} INFO - Filling up the DagBag from /home/ouaillaamiri/Development/lsi_3/airflow/venv/lib/python3.11/site-packages/airflow/example_dags/plugins/event_listener.py
[2024-11-06T10:54:52.649-1100] {processor.py:927} WARNING - No viable dags retrieved from /home/ouaillaamiri/Development/lsi_3/airflow/venv/lib/python3.11/site-packages/airflow/example_dags/plugins/event_listener.py
[2024-11-06T10:54:52.699-1100] {processor.py:208} INFO - Processing /home/ouaillaamiri/Development/lsi_3/airflow/venv/lib/python3.11/site-packages/airflow/example_dags/plugins/event_listener.py took 0.073 seconds
[2024-11-06T10:55:23.023-1100] {processor.py:186} INFO - Started process (PID=221506) to work on /home/ouaillaamiri/Development/lsi_3/airflow/venv/lib/python3.11/site-packages/airflow/example_dags/plugins/event_listener.py
[2024-11-06T10:55:23.027-1100] {processor.py:914} INFO - Processing file /home/ouaillaamiri/Development/lsi_3/airflow/venv/lib/python3.11/site-packages/airflow/example_dags/plugins/event_listener.py for tasks to queue
[2024-11-06T10:55:23.033-1100] {logging_mixin.py:190} INFO - [2024-11-06T10:55:23.032-1100] {dagbag.py:588} INFO - Filling up the DagBag from /home/ouaillaamiri/Development/lsi_3/airflow/venv/lib/python3.11/site-packages/airflow/example_dags/plugins/event_listener.py
[2024-11-06T10:55:23.040-1100] {processor.py:927} WARNING - No viable dags retrieved from /home/ouaillaamiri/Development/lsi_3/airflow/venv/lib/python3.11/site-packages/airflow/example_dags/plugins/event_listener.py
[2024-11-06T10:55:23.101-1100] {processor.py:208} INFO - Processing /home/ouaillaamiri/Development/lsi_3/airflow/venv/lib/python3.11/site-packages/airflow/example_dags/plugins/event_listener.py took 0.096 seconds
[2024-11-06T10:55:53.678-1100] {processor.py:186} INFO - Started process (PID=221875) to work on /home/ouaillaamiri/Development/lsi_3/airflow/venv/lib/python3.11/site-packages/airflow/example_dags/plugins/event_listener.py
[2024-11-06T10:55:53.683-1100] {processor.py:914} INFO - Processing file /home/ouaillaamiri/Development/lsi_3/airflow/venv/lib/python3.11/site-packages/airflow/example_dags/plugins/event_listener.py for tasks to queue
[2024-11-06T10:55:53.690-1100] {logging_mixin.py:190} INFO - [2024-11-06T10:55:53.688-1100] {dagbag.py:588} INFO - Filling up the DagBag from /home/ouaillaamiri/Development/lsi_3/airflow/venv/lib/python3.11/site-packages/airflow/example_dags/plugins/event_listener.py
[2024-11-06T10:55:53.697-1100] {processor.py:927} WARNING - No viable dags retrieved from /home/ouaillaamiri/Development/lsi_3/airflow/venv/lib/python3.11/site-packages/airflow/example_dags/plugins/event_listener.py
[2024-11-06T10:55:53.761-1100] {processor.py:208} INFO - Processing /home/ouaillaamiri/Development/lsi_3/airflow/venv/lib/python3.11/site-packages/airflow/example_dags/plugins/event_listener.py took 0.099 seconds
[2024-11-06T10:56:40.190-1100] {processor.py:186} INFO - Started process (PID=222926) to work on /home/ouaillaamiri/Development/lsi_3/airflow/venv/lib/python3.11/site-packages/airflow/example_dags/plugins/event_listener.py
[2024-11-06T10:56:40.194-1100] {processor.py:914} INFO - Processing file /home/ouaillaamiri/Development/lsi_3/airflow/venv/lib/python3.11/site-packages/airflow/example_dags/plugins/event_listener.py for tasks to queue
[2024-11-06T10:56:40.198-1100] {logging_mixin.py:190} INFO - [2024-11-06T10:56:40.197-1100] {dagbag.py:588} INFO - Filling up the DagBag from /home/ouaillaamiri/Development/lsi_3/airflow/venv/lib/python3.11/site-packages/airflow/example_dags/plugins/event_listener.py
[2024-11-06T10:56:40.201-1100] {processor.py:927} WARNING - No viable dags retrieved from /home/ouaillaamiri/Development/lsi_3/airflow/venv/lib/python3.11/site-packages/airflow/example_dags/plugins/event_listener.py
[2024-11-06T10:56:40.246-1100] {processor.py:208} INFO - Processing /home/ouaillaamiri/Development/lsi_3/airflow/venv/lib/python3.11/site-packages/airflow/example_dags/plugins/event_listener.py took 0.066 seconds
[2024-11-06T10:57:10.446-1100] {processor.py:186} INFO - Started process (PID=224093) to work on /home/ouaillaamiri/Development/lsi_3/airflow/venv/lib/python3.11/site-packages/airflow/example_dags/plugins/event_listener.py
[2024-11-06T10:57:10.447-1100] {processor.py:914} INFO - Processing file /home/ouaillaamiri/Development/lsi_3/airflow/venv/lib/python3.11/site-packages/airflow/example_dags/plugins/event_listener.py for tasks to queue
[2024-11-06T10:57:10.451-1100] {logging_mixin.py:190} INFO - [2024-11-06T10:57:10.451-1100] {dagbag.py:588} INFO - Filling up the DagBag from /home/ouaillaamiri/Development/lsi_3/airflow/venv/lib/python3.11/site-packages/airflow/example_dags/plugins/event_listener.py
[2024-11-06T10:57:10.456-1100] {processor.py:927} WARNING - No viable dags retrieved from /home/ouaillaamiri/Development/lsi_3/airflow/venv/lib/python3.11/site-packages/airflow/example_dags/plugins/event_listener.py
[2024-11-06T10:57:10.507-1100] {processor.py:208} INFO - Processing /home/ouaillaamiri/Development/lsi_3/airflow/venv/lib/python3.11/site-packages/airflow/example_dags/plugins/event_listener.py took 0.074 seconds
[2024-11-06T10:57:40.607-1100] {processor.py:186} INFO - Started process (PID=224828) to work on /home/ouaillaamiri/Development/lsi_3/airflow/venv/lib/python3.11/site-packages/airflow/example_dags/plugins/event_listener.py
[2024-11-06T10:57:40.609-1100] {processor.py:914} INFO - Processing file /home/ouaillaamiri/Development/lsi_3/airflow/venv/lib/python3.11/site-packages/airflow/example_dags/plugins/event_listener.py for tasks to queue
[2024-11-06T10:57:40.614-1100] {logging_mixin.py:190} INFO - [2024-11-06T10:57:40.613-1100] {dagbag.py:588} INFO - Filling up the DagBag from /home/ouaillaamiri/Development/lsi_3/airflow/venv/lib/python3.11/site-packages/airflow/example_dags/plugins/event_listener.py
[2024-11-06T10:57:40.619-1100] {processor.py:927} WARNING - No viable dags retrieved from /home/ouaillaamiri/Development/lsi_3/airflow/venv/lib/python3.11/site-packages/airflow/example_dags/plugins/event_listener.py
[2024-11-06T10:57:40.660-1100] {processor.py:208} INFO - Processing /home/ouaillaamiri/Development/lsi_3/airflow/venv/lib/python3.11/site-packages/airflow/example_dags/plugins/event_listener.py took 0.067 seconds
[2024-11-06T10:58:10.957-1100] {processor.py:186} INFO - Started process (PID=225538) to work on /home/ouaillaamiri/Development/lsi_3/airflow/venv/lib/python3.11/site-packages/airflow/example_dags/plugins/event_listener.py
[2024-11-06T10:58:10.961-1100] {processor.py:914} INFO - Processing file /home/ouaillaamiri/Development/lsi_3/airflow/venv/lib/python3.11/site-packages/airflow/example_dags/plugins/event_listener.py for tasks to queue
[2024-11-06T10:58:10.965-1100] {logging_mixin.py:190} INFO - [2024-11-06T10:58:10.964-1100] {dagbag.py:588} INFO - Filling up the DagBag from /home/ouaillaamiri/Development/lsi_3/airflow/venv/lib/python3.11/site-packages/airflow/example_dags/plugins/event_listener.py
[2024-11-06T10:58:10.970-1100] {processor.py:927} WARNING - No viable dags retrieved from /home/ouaillaamiri/Development/lsi_3/airflow/venv/lib/python3.11/site-packages/airflow/example_dags/plugins/event_listener.py
[2024-11-06T10:58:11.018-1100] {processor.py:208} INFO - Processing /home/ouaillaamiri/Development/lsi_3/airflow/venv/lib/python3.11/site-packages/airflow/example_dags/plugins/event_listener.py took 0.074 seconds
[2024-11-06T10:58:41.438-1100] {processor.py:186} INFO - Started process (PID=226247) to work on /home/ouaillaamiri/Development/lsi_3/airflow/venv/lib/python3.11/site-packages/airflow/example_dags/plugins/event_listener.py
[2024-11-06T10:58:41.443-1100] {processor.py:914} INFO - Processing file /home/ouaillaamiri/Development/lsi_3/airflow/venv/lib/python3.11/site-packages/airflow/example_dags/plugins/event_listener.py for tasks to queue
[2024-11-06T10:58:41.448-1100] {logging_mixin.py:190} INFO - [2024-11-06T10:58:41.448-1100] {dagbag.py:588} INFO - Filling up the DagBag from /home/ouaillaamiri/Development/lsi_3/airflow/venv/lib/python3.11/site-packages/airflow/example_dags/plugins/event_listener.py
[2024-11-06T10:58:41.454-1100] {processor.py:927} WARNING - No viable dags retrieved from /home/ouaillaamiri/Development/lsi_3/airflow/venv/lib/python3.11/site-packages/airflow/example_dags/plugins/event_listener.py
[2024-11-06T10:58:41.525-1100] {processor.py:208} INFO - Processing /home/ouaillaamiri/Development/lsi_3/airflow/venv/lib/python3.11/site-packages/airflow/example_dags/plugins/event_listener.py took 0.103 seconds
[2024-11-06T10:59:11.664-1100] {processor.py:186} INFO - Started process (PID=226955) to work on /home/ouaillaamiri/Development/lsi_3/airflow/venv/lib/python3.11/site-packages/airflow/example_dags/plugins/event_listener.py
[2024-11-06T10:59:11.667-1100] {processor.py:914} INFO - Processing file /home/ouaillaamiri/Development/lsi_3/airflow/venv/lib/python3.11/site-packages/airflow/example_dags/plugins/event_listener.py for tasks to queue
[2024-11-06T10:59:11.673-1100] {logging_mixin.py:190} INFO - [2024-11-06T10:59:11.672-1100] {dagbag.py:588} INFO - Filling up the DagBag from /home/ouaillaamiri/Development/lsi_3/airflow/venv/lib/python3.11/site-packages/airflow/example_dags/plugins/event_listener.py
[2024-11-06T10:59:11.679-1100] {processor.py:927} WARNING - No viable dags retrieved from /home/ouaillaamiri/Development/lsi_3/airflow/venv/lib/python3.11/site-packages/airflow/example_dags/plugins/event_listener.py
[2024-11-06T10:59:11.726-1100] {processor.py:208} INFO - Processing /home/ouaillaamiri/Development/lsi_3/airflow/venv/lib/python3.11/site-packages/airflow/example_dags/plugins/event_listener.py took 0.080 seconds
[2024-11-06T10:59:42.117-1100] {processor.py:186} INFO - Started process (PID=227348) to work on /home/ouaillaamiri/Development/lsi_3/airflow/venv/lib/python3.11/site-packages/airflow/example_dags/plugins/event_listener.py
[2024-11-06T10:59:42.119-1100] {processor.py:914} INFO - Processing file /home/ouaillaamiri/Development/lsi_3/airflow/venv/lib/python3.11/site-packages/airflow/example_dags/plugins/event_listener.py for tasks to queue
[2024-11-06T10:59:42.125-1100] {logging_mixin.py:190} INFO - [2024-11-06T10:59:42.124-1100] {dagbag.py:588} INFO - Filling up the DagBag from /home/ouaillaamiri/Development/lsi_3/airflow/venv/lib/python3.11/site-packages/airflow/example_dags/plugins/event_listener.py
[2024-11-06T10:59:42.130-1100] {processor.py:927} WARNING - No viable dags retrieved from /home/ouaillaamiri/Development/lsi_3/airflow/venv/lib/python3.11/site-packages/airflow/example_dags/plugins/event_listener.py
[2024-11-06T10:59:42.176-1100] {processor.py:208} INFO - Processing /home/ouaillaamiri/Development/lsi_3/airflow/venv/lib/python3.11/site-packages/airflow/example_dags/plugins/event_listener.py took 0.073 seconds
[2024-11-06T11:00:12.658-1100] {processor.py:186} INFO - Started process (PID=227743) to work on /home/ouaillaamiri/Development/lsi_3/airflow/venv/lib/python3.11/site-packages/airflow/example_dags/plugins/event_listener.py
[2024-11-06T11:00:12.659-1100] {processor.py:914} INFO - Processing file /home/ouaillaamiri/Development/lsi_3/airflow/venv/lib/python3.11/site-packages/airflow/example_dags/plugins/event_listener.py for tasks to queue
[2024-11-06T11:00:12.664-1100] {logging_mixin.py:190} INFO - [2024-11-06T11:00:12.663-1100] {dagbag.py:588} INFO - Filling up the DagBag from /home/ouaillaamiri/Development/lsi_3/airflow/venv/lib/python3.11/site-packages/airflow/example_dags/plugins/event_listener.py
[2024-11-06T11:00:12.668-1100] {processor.py:927} WARNING - No viable dags retrieved from /home/ouaillaamiri/Development/lsi_3/airflow/venv/lib/python3.11/site-packages/airflow/example_dags/plugins/event_listener.py
[2024-11-06T11:00:12.726-1100] {processor.py:208} INFO - Processing /home/ouaillaamiri/Development/lsi_3/airflow/venv/lib/python3.11/site-packages/airflow/example_dags/plugins/event_listener.py took 0.081 seconds
[2024-11-06T11:00:51.476-1100] {processor.py:186} INFO - Started process (PID=228402) to work on /home/ouaillaamiri/Development/lsi_3/airflow/venv/lib/python3.11/site-packages/airflow/example_dags/plugins/event_listener.py
[2024-11-06T11:00:51.478-1100] {processor.py:914} INFO - Processing file /home/ouaillaamiri/Development/lsi_3/airflow/venv/lib/python3.11/site-packages/airflow/example_dags/plugins/event_listener.py for tasks to queue
[2024-11-06T11:00:51.482-1100] {logging_mixin.py:190} INFO - [2024-11-06T11:00:51.481-1100] {dagbag.py:588} INFO - Filling up the DagBag from /home/ouaillaamiri/Development/lsi_3/airflow/venv/lib/python3.11/site-packages/airflow/example_dags/plugins/event_listener.py
[2024-11-06T11:00:51.486-1100] {processor.py:927} WARNING - No viable dags retrieved from /home/ouaillaamiri/Development/lsi_3/airflow/venv/lib/python3.11/site-packages/airflow/example_dags/plugins/event_listener.py
[2024-11-06T11:00:51.534-1100] {processor.py:208} INFO - Processing /home/ouaillaamiri/Development/lsi_3/airflow/venv/lib/python3.11/site-packages/airflow/example_dags/plugins/event_listener.py took 0.069 seconds
[2024-11-06T11:01:21.743-1100] {processor.py:186} INFO - Started process (PID=229141) to work on /home/ouaillaamiri/Development/lsi_3/airflow/venv/lib/python3.11/site-packages/airflow/example_dags/plugins/event_listener.py
[2024-11-06T11:01:21.744-1100] {processor.py:914} INFO - Processing file /home/ouaillaamiri/Development/lsi_3/airflow/venv/lib/python3.11/site-packages/airflow/example_dags/plugins/event_listener.py for tasks to queue
[2024-11-06T11:01:21.748-1100] {logging_mixin.py:190} INFO - [2024-11-06T11:01:21.748-1100] {dagbag.py:588} INFO - Filling up the DagBag from /home/ouaillaamiri/Development/lsi_3/airflow/venv/lib/python3.11/site-packages/airflow/example_dags/plugins/event_listener.py
[2024-11-06T11:01:21.752-1100] {processor.py:927} WARNING - No viable dags retrieved from /home/ouaillaamiri/Development/lsi_3/airflow/venv/lib/python3.11/site-packages/airflow/example_dags/plugins/event_listener.py
[2024-11-06T11:01:21.803-1100] {processor.py:208} INFO - Processing /home/ouaillaamiri/Development/lsi_3/airflow/venv/lib/python3.11/site-packages/airflow/example_dags/plugins/event_listener.py took 0.071 seconds
[2024-11-06T11:01:52.093-1100] {processor.py:186} INFO - Started process (PID=229511) to work on /home/ouaillaamiri/Development/lsi_3/airflow/venv/lib/python3.11/site-packages/airflow/example_dags/plugins/event_listener.py
[2024-11-06T11:01:52.095-1100] {processor.py:914} INFO - Processing file /home/ouaillaamiri/Development/lsi_3/airflow/venv/lib/python3.11/site-packages/airflow/example_dags/plugins/event_listener.py for tasks to queue
[2024-11-06T11:01:52.099-1100] {logging_mixin.py:190} INFO - [2024-11-06T11:01:52.098-1100] {dagbag.py:588} INFO - Filling up the DagBag from /home/ouaillaamiri/Development/lsi_3/airflow/venv/lib/python3.11/site-packages/airflow/example_dags/plugins/event_listener.py
[2024-11-06T11:01:52.103-1100] {processor.py:927} WARNING - No viable dags retrieved from /home/ouaillaamiri/Development/lsi_3/airflow/venv/lib/python3.11/site-packages/airflow/example_dags/plugins/event_listener.py
[2024-11-06T11:01:52.145-1100] {processor.py:208} INFO - Processing /home/ouaillaamiri/Development/lsi_3/airflow/venv/lib/python3.11/site-packages/airflow/example_dags/plugins/event_listener.py took 0.064 seconds
[2024-11-06T11:02:22.725-1100] {processor.py:186} INFO - Started process (PID=229949) to work on /home/ouaillaamiri/Development/lsi_3/airflow/venv/lib/python3.11/site-packages/airflow/example_dags/plugins/event_listener.py
[2024-11-06T11:02:22.727-1100] {processor.py:914} INFO - Processing file /home/ouaillaamiri/Development/lsi_3/airflow/venv/lib/python3.11/site-packages/airflow/example_dags/plugins/event_listener.py for tasks to queue
[2024-11-06T11:02:22.734-1100] {logging_mixin.py:190} INFO - [2024-11-06T11:02:22.733-1100] {dagbag.py:588} INFO - Filling up the DagBag from /home/ouaillaamiri/Development/lsi_3/airflow/venv/lib/python3.11/site-packages/airflow/example_dags/plugins/event_listener.py
[2024-11-06T11:02:22.740-1100] {processor.py:927} WARNING - No viable dags retrieved from /home/ouaillaamiri/Development/lsi_3/airflow/venv/lib/python3.11/site-packages/airflow/example_dags/plugins/event_listener.py
[2024-11-06T11:02:22.789-1100] {processor.py:208} INFO - Processing /home/ouaillaamiri/Development/lsi_3/airflow/venv/lib/python3.11/site-packages/airflow/example_dags/plugins/event_listener.py took 0.083 seconds
[2024-11-06T11:02:53.212-1100] {processor.py:186} INFO - Started process (PID=231091) to work on /home/ouaillaamiri/Development/lsi_3/airflow/venv/lib/python3.11/site-packages/airflow/example_dags/plugins/event_listener.py
[2024-11-06T11:02:53.215-1100] {processor.py:914} INFO - Processing file /home/ouaillaamiri/Development/lsi_3/airflow/venv/lib/python3.11/site-packages/airflow/example_dags/plugins/event_listener.py for tasks to queue
[2024-11-06T11:02:53.219-1100] {logging_mixin.py:190} INFO - [2024-11-06T11:02:53.219-1100] {dagbag.py:588} INFO - Filling up the DagBag from /home/ouaillaamiri/Development/lsi_3/airflow/venv/lib/python3.11/site-packages/airflow/example_dags/plugins/event_listener.py
[2024-11-06T11:02:53.223-1100] {processor.py:927} WARNING - No viable dags retrieved from /home/ouaillaamiri/Development/lsi_3/airflow/venv/lib/python3.11/site-packages/airflow/example_dags/plugins/event_listener.py
[2024-11-06T11:02:53.265-1100] {processor.py:208} INFO - Processing /home/ouaillaamiri/Development/lsi_3/airflow/venv/lib/python3.11/site-packages/airflow/example_dags/plugins/event_listener.py took 0.063 seconds
[2024-11-06T11:03:23.465-1100] {processor.py:186} INFO - Started process (PID=231457) to work on /home/ouaillaamiri/Development/lsi_3/airflow/venv/lib/python3.11/site-packages/airflow/example_dags/plugins/event_listener.py
[2024-11-06T11:03:23.467-1100] {processor.py:914} INFO - Processing file /home/ouaillaamiri/Development/lsi_3/airflow/venv/lib/python3.11/site-packages/airflow/example_dags/plugins/event_listener.py for tasks to queue
[2024-11-06T11:03:23.471-1100] {logging_mixin.py:190} INFO - [2024-11-06T11:03:23.471-1100] {dagbag.py:588} INFO - Filling up the DagBag from /home/ouaillaamiri/Development/lsi_3/airflow/venv/lib/python3.11/site-packages/airflow/example_dags/plugins/event_listener.py
[2024-11-06T11:03:23.475-1100] {processor.py:927} WARNING - No viable dags retrieved from /home/ouaillaamiri/Development/lsi_3/airflow/venv/lib/python3.11/site-packages/airflow/example_dags/plugins/event_listener.py
[2024-11-06T11:03:23.524-1100] {processor.py:208} INFO - Processing /home/ouaillaamiri/Development/lsi_3/airflow/venv/lib/python3.11/site-packages/airflow/example_dags/plugins/event_listener.py took 0.070 seconds
[2024-11-06T11:03:53.937-1100] {processor.py:186} INFO - Started process (PID=232126) to work on /home/ouaillaamiri/Development/lsi_3/airflow/venv/lib/python3.11/site-packages/airflow/example_dags/plugins/event_listener.py
[2024-11-06T11:03:53.938-1100] {processor.py:914} INFO - Processing file /home/ouaillaamiri/Development/lsi_3/airflow/venv/lib/python3.11/site-packages/airflow/example_dags/plugins/event_listener.py for tasks to queue
[2024-11-06T11:03:53.942-1100] {logging_mixin.py:190} INFO - [2024-11-06T11:03:53.942-1100] {dagbag.py:588} INFO - Filling up the DagBag from /home/ouaillaamiri/Development/lsi_3/airflow/venv/lib/python3.11/site-packages/airflow/example_dags/plugins/event_listener.py
[2024-11-06T11:03:53.946-1100] {processor.py:927} WARNING - No viable dags retrieved from /home/ouaillaamiri/Development/lsi_3/airflow/venv/lib/python3.11/site-packages/airflow/example_dags/plugins/event_listener.py
[2024-11-06T11:03:53.991-1100] {processor.py:208} INFO - Processing /home/ouaillaamiri/Development/lsi_3/airflow/venv/lib/python3.11/site-packages/airflow/example_dags/plugins/event_listener.py took 0.064 seconds
[2024-11-06T11:04:24.532-1100] {processor.py:186} INFO - Started process (PID=232496) to work on /home/ouaillaamiri/Development/lsi_3/airflow/venv/lib/python3.11/site-packages/airflow/example_dags/plugins/event_listener.py
[2024-11-06T11:04:24.536-1100] {processor.py:914} INFO - Processing file /home/ouaillaamiri/Development/lsi_3/airflow/venv/lib/python3.11/site-packages/airflow/example_dags/plugins/event_listener.py for tasks to queue
[2024-11-06T11:04:24.540-1100] {logging_mixin.py:190} INFO - [2024-11-06T11:04:24.540-1100] {dagbag.py:588} INFO - Filling up the DagBag from /home/ouaillaamiri/Development/lsi_3/airflow/venv/lib/python3.11/site-packages/airflow/example_dags/plugins/event_listener.py
[2024-11-06T11:04:24.545-1100] {processor.py:927} WARNING - No viable dags retrieved from /home/ouaillaamiri/Development/lsi_3/airflow/venv/lib/python3.11/site-packages/airflow/example_dags/plugins/event_listener.py
[2024-11-06T11:04:24.597-1100] {processor.py:208} INFO - Processing /home/ouaillaamiri/Development/lsi_3/airflow/venv/lib/python3.11/site-packages/airflow/example_dags/plugins/event_listener.py took 0.076 seconds
