[2024-11-06T10:53:19.832-1100] {processor.py:186} INFO - Started process (PID=218864) to work on /home/ouaillaamiri/Development/lsi_3/airflow/venv/lib/python3.11/site-packages/airflow/example_dags/plugins/listener_plugin.py
[2024-11-06T10:53:19.834-1100] {processor.py:914} INFO - Processing file /home/ouaillaamiri/Development/lsi_3/airflow/venv/lib/python3.11/site-packages/airflow/example_dags/plugins/listener_plugin.py for tasks to queue
[2024-11-06T10:53:19.840-1100] {logging_mixin.py:190} INFO - [2024-11-06T10:53:19.839-1100] {dagbag.py:588} INFO - Filling up the DagBag from /home/ouaillaamiri/Development/lsi_3/airflow/venv/lib/python3.11/site-packages/airflow/example_dags/plugins/listener_plugin.py
[2024-11-06T10:53:19.845-1100] {processor.py:927} WARNING - No viable dags retrieved from /home/ouaillaamiri/Development/lsi_3/airflow/venv/lib/python3.11/site-packages/airflow/example_dags/plugins/listener_plugin.py
[2024-11-06T10:53:19.897-1100] {processor.py:208} INFO - Processing /home/ouaillaamiri/Development/lsi_3/airflow/venv/lib/python3.11/site-packages/airflow/example_dags/plugins/listener_plugin.py took 0.077 seconds
[2024-11-06T10:53:50.002-1100] {processor.py:186} INFO - Started process (PID=219714) to work on /home/ouaillaamiri/Development/lsi_3/airflow/venv/lib/python3.11/site-packages/airflow/example_dags/plugins/listener_plugin.py
[2024-11-06T10:53:50.003-1100] {processor.py:914} INFO - Processing file /home/ouaillaamiri/Development/lsi_3/airflow/venv/lib/python3.11/site-packages/airflow/example_dags/plugins/listener_plugin.py for tasks to queue
[2024-11-06T10:53:50.007-1100] {logging_mixin.py:190} INFO - [2024-11-06T10:53:50.006-1100] {dagbag.py:588} INFO - Filling up the DagBag from /home/ouaillaamiri/Development/lsi_3/airflow/venv/lib/python3.11/site-packages/airflow/example_dags/plugins/listener_plugin.py
[2024-11-06T10:53:50.011-1100] {processor.py:927} WARNING - No viable dags retrieved from /home/ouaillaamiri/Development/lsi_3/airflow/venv/lib/python3.11/site-packages/airflow/example_dags/plugins/listener_plugin.py
[2024-11-06T10:53:50.058-1100] {processor.py:208} INFO - Processing /home/ouaillaamiri/Development/lsi_3/airflow/venv/lib/python3.11/site-packages/airflow/example_dags/plugins/listener_plugin.py took 0.066 seconds
[2024-11-06T10:54:20.777-1100] {processor.py:186} INFO - Started process (PID=220430) to work on /home/ouaillaamiri/Development/lsi_3/airflow/venv/lib/python3.11/site-packages/airflow/example_dags/plugins/listener_plugin.py
[2024-11-06T10:54:20.779-1100] {processor.py:914} INFO - Processing file /home/ouaillaamiri/Development/lsi_3/airflow/venv/lib/python3.11/site-packages/airflow/example_dags/plugins/listener_plugin.py for tasks to queue
[2024-11-06T10:54:20.785-1100] {logging_mixin.py:190} INFO - [2024-11-06T10:54:20.784-1100] {dagbag.py:588} INFO - Filling up the DagBag from /home/ouaillaamiri/Development/lsi_3/airflow/venv/lib/python3.11/site-packages/airflow/example_dags/plugins/listener_plugin.py
[2024-11-06T10:54:20.789-1100] {processor.py:927} WARNING - No viable dags retrieved from /home/ouaillaamiri/Development/lsi_3/airflow/venv/lib/python3.11/site-packages/airflow/example_dags/plugins/listener_plugin.py
[2024-11-06T10:54:20.837-1100] {processor.py:208} INFO - Processing /home/ouaillaamiri/Development/lsi_3/airflow/venv/lib/python3.11/site-packages/airflow/example_dags/plugins/listener_plugin.py took 0.074 seconds
[2024-11-06T10:54:51.496-1100] {processor.py:186} INFO - Started process (PID=220793) to work on /home/ouaillaamiri/Development/lsi_3/airflow/venv/lib/python3.11/site-packages/airflow/example_dags/plugins/listener_plugin.py
[2024-11-06T10:54:51.498-1100] {processor.py:914} INFO - Processing file /home/ouaillaamiri/Development/lsi_3/airflow/venv/lib/python3.11/site-packages/airflow/example_dags/plugins/listener_plugin.py for tasks to queue
[2024-11-06T10:54:51.504-1100] {logging_mixin.py:190} INFO - [2024-11-06T10:54:51.503-1100] {dagbag.py:588} INFO - Filling up the DagBag from /home/ouaillaamiri/Development/lsi_3/airflow/venv/lib/python3.11/site-packages/airflow/example_dags/plugins/listener_plugin.py
[2024-11-06T10:54:51.509-1100] {processor.py:927} WARNING - No viable dags retrieved from /home/ouaillaamiri/Development/lsi_3/airflow/venv/lib/python3.11/site-packages/airflow/example_dags/plugins/listener_plugin.py
[2024-11-06T10:54:51.552-1100] {processor.py:208} INFO - Processing /home/ouaillaamiri/Development/lsi_3/airflow/venv/lib/python3.11/site-packages/airflow/example_dags/plugins/listener_plugin.py took 0.073 seconds
[2024-11-06T10:55:21.860-1100] {processor.py:186} INFO - Started process (PID=221489) to work on /home/ouaillaamiri/Development/lsi_3/airflow/venv/lib/python3.11/site-packages/airflow/example_dags/plugins/listener_plugin.py
[2024-11-06T10:55:21.861-1100] {processor.py:914} INFO - Processing file /home/ouaillaamiri/Development/lsi_3/airflow/venv/lib/python3.11/site-packages/airflow/example_dags/plugins/listener_plugin.py for tasks to queue
[2024-11-06T10:55:21.865-1100] {logging_mixin.py:190} INFO - [2024-11-06T10:55:21.865-1100] {dagbag.py:588} INFO - Filling up the DagBag from /home/ouaillaamiri/Development/lsi_3/airflow/venv/lib/python3.11/site-packages/airflow/example_dags/plugins/listener_plugin.py
[2024-11-06T10:55:21.869-1100] {processor.py:927} WARNING - No viable dags retrieved from /home/ouaillaamiri/Development/lsi_3/airflow/venv/lib/python3.11/site-packages/airflow/example_dags/plugins/listener_plugin.py
[2024-11-06T10:55:21.914-1100] {processor.py:208} INFO - Processing /home/ouaillaamiri/Development/lsi_3/airflow/venv/lib/python3.11/site-packages/airflow/example_dags/plugins/listener_plugin.py took 0.066 seconds
[2024-11-06T10:55:52.526-1100] {processor.py:186} INFO - Started process (PID=221858) to work on /home/ouaillaamiri/Development/lsi_3/airflow/venv/lib/python3.11/site-packages/airflow/example_dags/plugins/listener_plugin.py
[2024-11-06T10:55:52.528-1100] {processor.py:914} INFO - Processing file /home/ouaillaamiri/Development/lsi_3/airflow/venv/lib/python3.11/site-packages/airflow/example_dags/plugins/listener_plugin.py for tasks to queue
[2024-11-06T10:55:52.532-1100] {logging_mixin.py:190} INFO - [2024-11-06T10:55:52.532-1100] {dagbag.py:588} INFO - Filling up the DagBag from /home/ouaillaamiri/Development/lsi_3/airflow/venv/lib/python3.11/site-packages/airflow/example_dags/plugins/listener_plugin.py
[2024-11-06T10:55:52.537-1100] {processor.py:927} WARNING - No viable dags retrieved from /home/ouaillaamiri/Development/lsi_3/airflow/venv/lib/python3.11/site-packages/airflow/example_dags/plugins/listener_plugin.py
[2024-11-06T10:55:52.582-1100] {processor.py:208} INFO - Processing /home/ouaillaamiri/Development/lsi_3/airflow/venv/lib/python3.11/site-packages/airflow/example_dags/plugins/listener_plugin.py took 0.067 seconds
[2024-11-06T10:56:24.318-1100] {processor.py:186} INFO - Started process (PID=222615) to work on /home/ouaillaamiri/Development/lsi_3/airflow/venv/lib/python3.11/site-packages/airflow/example_dags/plugins/listener_plugin.py
[2024-11-06T10:56:24.319-1100] {processor.py:914} INFO - Processing file /home/ouaillaamiri/Development/lsi_3/airflow/venv/lib/python3.11/site-packages/airflow/example_dags/plugins/listener_plugin.py for tasks to queue
[2024-11-06T10:56:24.324-1100] {logging_mixin.py:190} INFO - [2024-11-06T10:56:24.323-1100] {dagbag.py:588} INFO - Filling up the DagBag from /home/ouaillaamiri/Development/lsi_3/airflow/venv/lib/python3.11/site-packages/airflow/example_dags/plugins/listener_plugin.py
[2024-11-06T10:56:24.328-1100] {processor.py:927} WARNING - No viable dags retrieved from /home/ouaillaamiri/Development/lsi_3/airflow/venv/lib/python3.11/site-packages/airflow/example_dags/plugins/listener_plugin.py
[2024-11-06T10:56:24.401-1100] {processor.py:208} INFO - Processing /home/ouaillaamiri/Development/lsi_3/airflow/venv/lib/python3.11/site-packages/airflow/example_dags/plugins/listener_plugin.py took 0.094 seconds
[2024-11-06T10:56:39.942-1100] {processor.py:186} INFO - Started process (PID=222911) to work on /home/ouaillaamiri/Development/lsi_3/airflow/venv/lib/python3.11/site-packages/airflow/example_dags/plugins/listener_plugin.py
[2024-11-06T10:56:39.944-1100] {processor.py:914} INFO - Processing file /home/ouaillaamiri/Development/lsi_3/airflow/venv/lib/python3.11/site-packages/airflow/example_dags/plugins/listener_plugin.py for tasks to queue
[2024-11-06T10:56:39.948-1100] {logging_mixin.py:190} INFO - [2024-11-06T10:56:39.947-1100] {dagbag.py:588} INFO - Filling up the DagBag from /home/ouaillaamiri/Development/lsi_3/airflow/venv/lib/python3.11/site-packages/airflow/example_dags/plugins/listener_plugin.py
[2024-11-06T10:56:39.953-1100] {processor.py:927} WARNING - No viable dags retrieved from /home/ouaillaamiri/Development/lsi_3/airflow/venv/lib/python3.11/site-packages/airflow/example_dags/plugins/listener_plugin.py
[2024-11-06T10:56:40.000-1100] {processor.py:208} INFO - Processing /home/ouaillaamiri/Development/lsi_3/airflow/venv/lib/python3.11/site-packages/airflow/example_dags/plugins/listener_plugin.py took 0.070 seconds
[2024-11-06T10:57:10.198-1100] {processor.py:186} INFO - Started process (PID=224077) to work on /home/ouaillaamiri/Development/lsi_3/airflow/venv/lib/python3.11/site-packages/airflow/example_dags/plugins/listener_plugin.py
[2024-11-06T10:57:10.199-1100] {processor.py:914} INFO - Processing file /home/ouaillaamiri/Development/lsi_3/airflow/venv/lib/python3.11/site-packages/airflow/example_dags/plugins/listener_plugin.py for tasks to queue
[2024-11-06T10:57:10.203-1100] {logging_mixin.py:190} INFO - [2024-11-06T10:57:10.202-1100] {dagbag.py:588} INFO - Filling up the DagBag from /home/ouaillaamiri/Development/lsi_3/airflow/venv/lib/python3.11/site-packages/airflow/example_dags/plugins/listener_plugin.py
[2024-11-06T10:57:10.208-1100] {processor.py:927} WARNING - No viable dags retrieved from /home/ouaillaamiri/Development/lsi_3/airflow/venv/lib/python3.11/site-packages/airflow/example_dags/plugins/listener_plugin.py
[2024-11-06T10:57:10.258-1100] {processor.py:208} INFO - Processing /home/ouaillaamiri/Development/lsi_3/airflow/venv/lib/python3.11/site-packages/airflow/example_dags/plugins/listener_plugin.py took 0.071 seconds
[2024-11-06T10:57:40.363-1100] {processor.py:186} INFO - Started process (PID=224812) to work on /home/ouaillaamiri/Development/lsi_3/airflow/venv/lib/python3.11/site-packages/airflow/example_dags/plugins/listener_plugin.py
[2024-11-06T10:57:40.366-1100] {processor.py:914} INFO - Processing file /home/ouaillaamiri/Development/lsi_3/airflow/venv/lib/python3.11/site-packages/airflow/example_dags/plugins/listener_plugin.py for tasks to queue
[2024-11-06T10:57:40.370-1100] {logging_mixin.py:190} INFO - [2024-11-06T10:57:40.369-1100] {dagbag.py:588} INFO - Filling up the DagBag from /home/ouaillaamiri/Development/lsi_3/airflow/venv/lib/python3.11/site-packages/airflow/example_dags/plugins/listener_plugin.py
[2024-11-06T10:57:40.375-1100] {processor.py:927} WARNING - No viable dags retrieved from /home/ouaillaamiri/Development/lsi_3/airflow/venv/lib/python3.11/site-packages/airflow/example_dags/plugins/listener_plugin.py
[2024-11-06T10:57:40.450-1100] {processor.py:208} INFO - Processing /home/ouaillaamiri/Development/lsi_3/airflow/venv/lib/python3.11/site-packages/airflow/example_dags/plugins/listener_plugin.py took 0.100 seconds
[2024-11-06T10:58:10.698-1100] {processor.py:186} INFO - Started process (PID=225523) to work on /home/ouaillaamiri/Development/lsi_3/airflow/venv/lib/python3.11/site-packages/airflow/example_dags/plugins/listener_plugin.py
[2024-11-06T10:58:10.699-1100] {processor.py:914} INFO - Processing file /home/ouaillaamiri/Development/lsi_3/airflow/venv/lib/python3.11/site-packages/airflow/example_dags/plugins/listener_plugin.py for tasks to queue
[2024-11-06T10:58:10.703-1100] {logging_mixin.py:190} INFO - [2024-11-06T10:58:10.702-1100] {dagbag.py:588} INFO - Filling up the DagBag from /home/ouaillaamiri/Development/lsi_3/airflow/venv/lib/python3.11/site-packages/airflow/example_dags/plugins/listener_plugin.py
[2024-11-06T10:58:10.706-1100] {processor.py:927} WARNING - No viable dags retrieved from /home/ouaillaamiri/Development/lsi_3/airflow/venv/lib/python3.11/site-packages/airflow/example_dags/plugins/listener_plugin.py
[2024-11-06T10:58:10.755-1100] {processor.py:208} INFO - Processing /home/ouaillaamiri/Development/lsi_3/airflow/venv/lib/python3.11/site-packages/airflow/example_dags/plugins/listener_plugin.py took 0.067 seconds
[2024-11-06T10:58:41.154-1100] {processor.py:186} INFO - Started process (PID=226231) to work on /home/ouaillaamiri/Development/lsi_3/airflow/venv/lib/python3.11/site-packages/airflow/example_dags/plugins/listener_plugin.py
[2024-11-06T10:58:41.155-1100] {processor.py:914} INFO - Processing file /home/ouaillaamiri/Development/lsi_3/airflow/venv/lib/python3.11/site-packages/airflow/example_dags/plugins/listener_plugin.py for tasks to queue
[2024-11-06T10:58:41.159-1100] {logging_mixin.py:190} INFO - [2024-11-06T10:58:41.158-1100] {dagbag.py:588} INFO - Filling up the DagBag from /home/ouaillaamiri/Development/lsi_3/airflow/venv/lib/python3.11/site-packages/airflow/example_dags/plugins/listener_plugin.py
[2024-11-06T10:58:41.163-1100] {processor.py:927} WARNING - No viable dags retrieved from /home/ouaillaamiri/Development/lsi_3/airflow/venv/lib/python3.11/site-packages/airflow/example_dags/plugins/listener_plugin.py
[2024-11-06T10:58:41.212-1100] {processor.py:208} INFO - Processing /home/ouaillaamiri/Development/lsi_3/airflow/venv/lib/python3.11/site-packages/airflow/example_dags/plugins/listener_plugin.py took 0.074 seconds
[2024-11-06T10:59:11.413-1100] {processor.py:186} INFO - Started process (PID=226940) to work on /home/ouaillaamiri/Development/lsi_3/airflow/venv/lib/python3.11/site-packages/airflow/example_dags/plugins/listener_plugin.py
[2024-11-06T10:59:11.415-1100] {processor.py:914} INFO - Processing file /home/ouaillaamiri/Development/lsi_3/airflow/venv/lib/python3.11/site-packages/airflow/example_dags/plugins/listener_plugin.py for tasks to queue
[2024-11-06T10:59:11.419-1100] {logging_mixin.py:190} INFO - [2024-11-06T10:59:11.418-1100] {dagbag.py:588} INFO - Filling up the DagBag from /home/ouaillaamiri/Development/lsi_3/airflow/venv/lib/python3.11/site-packages/airflow/example_dags/plugins/listener_plugin.py
[2024-11-06T10:59:11.424-1100] {processor.py:927} WARNING - No viable dags retrieved from /home/ouaillaamiri/Development/lsi_3/airflow/venv/lib/python3.11/site-packages/airflow/example_dags/plugins/listener_plugin.py
[2024-11-06T10:59:11.470-1100] {processor.py:208} INFO - Processing /home/ouaillaamiri/Development/lsi_3/airflow/venv/lib/python3.11/site-packages/airflow/example_dags/plugins/listener_plugin.py took 0.076 seconds
[2024-11-06T10:59:41.943-1100] {processor.py:186} INFO - Started process (PID=227336) to work on /home/ouaillaamiri/Development/lsi_3/airflow/venv/lib/python3.11/site-packages/airflow/example_dags/plugins/listener_plugin.py
[2024-11-06T10:59:41.945-1100] {processor.py:914} INFO - Processing file /home/ouaillaamiri/Development/lsi_3/airflow/venv/lib/python3.11/site-packages/airflow/example_dags/plugins/listener_plugin.py for tasks to queue
[2024-11-06T10:59:41.949-1100] {logging_mixin.py:190} INFO - [2024-11-06T10:59:41.948-1100] {dagbag.py:588} INFO - Filling up the DagBag from /home/ouaillaamiri/Development/lsi_3/airflow/venv/lib/python3.11/site-packages/airflow/example_dags/plugins/listener_plugin.py
[2024-11-06T10:59:41.953-1100] {processor.py:927} WARNING - No viable dags retrieved from /home/ouaillaamiri/Development/lsi_3/airflow/venv/lib/python3.11/site-packages/airflow/example_dags/plugins/listener_plugin.py
[2024-11-06T10:59:42.008-1100] {processor.py:208} INFO - Processing /home/ouaillaamiri/Development/lsi_3/airflow/venv/lib/python3.11/site-packages/airflow/example_dags/plugins/listener_plugin.py took 0.078 seconds
[2024-11-06T11:00:12.389-1100] {processor.py:186} INFO - Started process (PID=227728) to work on /home/ouaillaamiri/Development/lsi_3/airflow/venv/lib/python3.11/site-packages/airflow/example_dags/plugins/listener_plugin.py
[2024-11-06T11:00:12.390-1100] {processor.py:914} INFO - Processing file /home/ouaillaamiri/Development/lsi_3/airflow/venv/lib/python3.11/site-packages/airflow/example_dags/plugins/listener_plugin.py for tasks to queue
[2024-11-06T11:00:12.394-1100] {logging_mixin.py:190} INFO - [2024-11-06T11:00:12.393-1100] {dagbag.py:588} INFO - Filling up the DagBag from /home/ouaillaamiri/Development/lsi_3/airflow/venv/lib/python3.11/site-packages/airflow/example_dags/plugins/listener_plugin.py
[2024-11-06T11:00:12.398-1100] {processor.py:927} WARNING - No viable dags retrieved from /home/ouaillaamiri/Development/lsi_3/airflow/venv/lib/python3.11/site-packages/airflow/example_dags/plugins/listener_plugin.py
[2024-11-06T11:00:12.453-1100] {processor.py:208} INFO - Processing /home/ouaillaamiri/Development/lsi_3/airflow/venv/lib/python3.11/site-packages/airflow/example_dags/plugins/listener_plugin.py took 0.077 seconds
[2024-11-06T11:00:51.339-1100] {processor.py:186} INFO - Started process (PID=228390) to work on /home/ouaillaamiri/Development/lsi_3/airflow/venv/lib/python3.11/site-packages/airflow/example_dags/plugins/listener_plugin.py
[2024-11-06T11:00:51.341-1100] {processor.py:914} INFO - Processing file /home/ouaillaamiri/Development/lsi_3/airflow/venv/lib/python3.11/site-packages/airflow/example_dags/plugins/listener_plugin.py for tasks to queue
[2024-11-06T11:00:51.346-1100] {logging_mixin.py:190} INFO - [2024-11-06T11:00:51.345-1100] {dagbag.py:588} INFO - Filling up the DagBag from /home/ouaillaamiri/Development/lsi_3/airflow/venv/lib/python3.11/site-packages/airflow/example_dags/plugins/listener_plugin.py
[2024-11-06T11:00:51.351-1100] {processor.py:927} WARNING - No viable dags retrieved from /home/ouaillaamiri/Development/lsi_3/airflow/venv/lib/python3.11/site-packages/airflow/example_dags/plugins/listener_plugin.py
[2024-11-06T11:00:51.401-1100] {processor.py:208} INFO - Processing /home/ouaillaamiri/Development/lsi_3/airflow/venv/lib/python3.11/site-packages/airflow/example_dags/plugins/listener_plugin.py took 0.084 seconds
[2024-11-06T11:01:21.612-1100] {processor.py:186} INFO - Started process (PID=229129) to work on /home/ouaillaamiri/Development/lsi_3/airflow/venv/lib/python3.11/site-packages/airflow/example_dags/plugins/listener_plugin.py
[2024-11-06T11:01:21.614-1100] {processor.py:914} INFO - Processing file /home/ouaillaamiri/Development/lsi_3/airflow/venv/lib/python3.11/site-packages/airflow/example_dags/plugins/listener_plugin.py for tasks to queue
[2024-11-06T11:01:21.618-1100] {logging_mixin.py:190} INFO - [2024-11-06T11:01:21.618-1100] {dagbag.py:588} INFO - Filling up the DagBag from /home/ouaillaamiri/Development/lsi_3/airflow/venv/lib/python3.11/site-packages/airflow/example_dags/plugins/listener_plugin.py
[2024-11-06T11:01:21.622-1100] {processor.py:927} WARNING - No viable dags retrieved from /home/ouaillaamiri/Development/lsi_3/airflow/venv/lib/python3.11/site-packages/airflow/example_dags/plugins/listener_plugin.py
[2024-11-06T11:01:21.668-1100] {processor.py:208} INFO - Processing /home/ouaillaamiri/Development/lsi_3/airflow/venv/lib/python3.11/site-packages/airflow/example_dags/plugins/listener_plugin.py took 0.066 seconds
[2024-11-06T11:01:51.945-1100] {processor.py:186} INFO - Started process (PID=229498) to work on /home/ouaillaamiri/Development/lsi_3/airflow/venv/lib/python3.11/site-packages/airflow/example_dags/plugins/listener_plugin.py
[2024-11-06T11:01:51.947-1100] {processor.py:914} INFO - Processing file /home/ouaillaamiri/Development/lsi_3/airflow/venv/lib/python3.11/site-packages/airflow/example_dags/plugins/listener_plugin.py for tasks to queue
[2024-11-06T11:01:51.952-1100] {logging_mixin.py:190} INFO - [2024-11-06T11:01:51.951-1100] {dagbag.py:588} INFO - Filling up the DagBag from /home/ouaillaamiri/Development/lsi_3/airflow/venv/lib/python3.11/site-packages/airflow/example_dags/plugins/listener_plugin.py
[2024-11-06T11:01:51.957-1100] {processor.py:927} WARNING - No viable dags retrieved from /home/ouaillaamiri/Development/lsi_3/airflow/venv/lib/python3.11/site-packages/airflow/example_dags/plugins/listener_plugin.py
[2024-11-06T11:01:52.015-1100] {processor.py:208} INFO - Processing /home/ouaillaamiri/Development/lsi_3/airflow/venv/lib/python3.11/site-packages/airflow/example_dags/plugins/listener_plugin.py took 0.087 seconds
[2024-11-06T11:02:22.462-1100] {processor.py:186} INFO - Started process (PID=229933) to work on /home/ouaillaamiri/Development/lsi_3/airflow/venv/lib/python3.11/site-packages/airflow/example_dags/plugins/listener_plugin.py
[2024-11-06T11:02:22.464-1100] {processor.py:914} INFO - Processing file /home/ouaillaamiri/Development/lsi_3/airflow/venv/lib/python3.11/site-packages/airflow/example_dags/plugins/listener_plugin.py for tasks to queue
[2024-11-06T11:02:22.468-1100] {logging_mixin.py:190} INFO - [2024-11-06T11:02:22.467-1100] {dagbag.py:588} INFO - Filling up the DagBag from /home/ouaillaamiri/Development/lsi_3/airflow/venv/lib/python3.11/site-packages/airflow/example_dags/plugins/listener_plugin.py
[2024-11-06T11:02:22.472-1100] {processor.py:927} WARNING - No viable dags retrieved from /home/ouaillaamiri/Development/lsi_3/airflow/venv/lib/python3.11/site-packages/airflow/example_dags/plugins/listener_plugin.py
[2024-11-06T11:02:22.514-1100] {processor.py:208} INFO - Processing /home/ouaillaamiri/Development/lsi_3/airflow/venv/lib/python3.11/site-packages/airflow/example_dags/plugins/listener_plugin.py took 0.063 seconds
[2024-11-06T11:02:52.983-1100] {processor.py:186} INFO - Started process (PID=231076) to work on /home/ouaillaamiri/Development/lsi_3/airflow/venv/lib/python3.11/site-packages/airflow/example_dags/plugins/listener_plugin.py
[2024-11-06T11:02:52.985-1100] {processor.py:914} INFO - Processing file /home/ouaillaamiri/Development/lsi_3/airflow/venv/lib/python3.11/site-packages/airflow/example_dags/plugins/listener_plugin.py for tasks to queue
[2024-11-06T11:02:52.990-1100] {logging_mixin.py:190} INFO - [2024-11-06T11:02:52.989-1100] {dagbag.py:588} INFO - Filling up the DagBag from /home/ouaillaamiri/Development/lsi_3/airflow/venv/lib/python3.11/site-packages/airflow/example_dags/plugins/listener_plugin.py
[2024-11-06T11:02:52.994-1100] {processor.py:927} WARNING - No viable dags retrieved from /home/ouaillaamiri/Development/lsi_3/airflow/venv/lib/python3.11/site-packages/airflow/example_dags/plugins/listener_plugin.py
[2024-11-06T11:02:53.043-1100] {processor.py:208} INFO - Processing /home/ouaillaamiri/Development/lsi_3/airflow/venv/lib/python3.11/site-packages/airflow/example_dags/plugins/listener_plugin.py took 0.073 seconds
[2024-11-06T11:03:23.196-1100] {processor.py:186} INFO - Started process (PID=231442) to work on /home/ouaillaamiri/Development/lsi_3/airflow/venv/lib/python3.11/site-packages/airflow/example_dags/plugins/listener_plugin.py
[2024-11-06T11:03:23.197-1100] {processor.py:914} INFO - Processing file /home/ouaillaamiri/Development/lsi_3/airflow/venv/lib/python3.11/site-packages/airflow/example_dags/plugins/listener_plugin.py for tasks to queue
[2024-11-06T11:03:23.203-1100] {logging_mixin.py:190} INFO - [2024-11-06T11:03:23.202-1100] {dagbag.py:588} INFO - Filling up the DagBag from /home/ouaillaamiri/Development/lsi_3/airflow/venv/lib/python3.11/site-packages/airflow/example_dags/plugins/listener_plugin.py
[2024-11-06T11:03:23.208-1100] {processor.py:927} WARNING - No viable dags retrieved from /home/ouaillaamiri/Development/lsi_3/airflow/venv/lib/python3.11/site-packages/airflow/example_dags/plugins/listener_plugin.py
[2024-11-06T11:03:23.261-1100] {processor.py:208} INFO - Processing /home/ouaillaamiri/Development/lsi_3/airflow/venv/lib/python3.11/site-packages/airflow/example_dags/plugins/listener_plugin.py took 0.080 seconds
[2024-11-06T11:03:53.794-1100] {processor.py:186} INFO - Started process (PID=232113) to work on /home/ouaillaamiri/Development/lsi_3/airflow/venv/lib/python3.11/site-packages/airflow/example_dags/plugins/listener_plugin.py
[2024-11-06T11:03:53.796-1100] {processor.py:914} INFO - Processing file /home/ouaillaamiri/Development/lsi_3/airflow/venv/lib/python3.11/site-packages/airflow/example_dags/plugins/listener_plugin.py for tasks to queue
[2024-11-06T11:03:53.799-1100] {logging_mixin.py:190} INFO - [2024-11-06T11:03:53.799-1100] {dagbag.py:588} INFO - Filling up the DagBag from /home/ouaillaamiri/Development/lsi_3/airflow/venv/lib/python3.11/site-packages/airflow/example_dags/plugins/listener_plugin.py
[2024-11-06T11:03:53.803-1100] {processor.py:927} WARNING - No viable dags retrieved from /home/ouaillaamiri/Development/lsi_3/airflow/venv/lib/python3.11/site-packages/airflow/example_dags/plugins/listener_plugin.py
[2024-11-06T11:03:53.860-1100] {processor.py:208} INFO - Processing /home/ouaillaamiri/Development/lsi_3/airflow/venv/lib/python3.11/site-packages/airflow/example_dags/plugins/listener_plugin.py took 0.080 seconds
[2024-11-06T11:04:24.278-1100] {processor.py:186} INFO - Started process (PID=232481) to work on /home/ouaillaamiri/Development/lsi_3/airflow/venv/lib/python3.11/site-packages/airflow/example_dags/plugins/listener_plugin.py
[2024-11-06T11:04:24.280-1100] {processor.py:914} INFO - Processing file /home/ouaillaamiri/Development/lsi_3/airflow/venv/lib/python3.11/site-packages/airflow/example_dags/plugins/listener_plugin.py for tasks to queue
[2024-11-06T11:04:24.284-1100] {logging_mixin.py:190} INFO - [2024-11-06T11:04:24.284-1100] {dagbag.py:588} INFO - Filling up the DagBag from /home/ouaillaamiri/Development/lsi_3/airflow/venv/lib/python3.11/site-packages/airflow/example_dags/plugins/listener_plugin.py
[2024-11-06T11:04:24.288-1100] {processor.py:927} WARNING - No viable dags retrieved from /home/ouaillaamiri/Development/lsi_3/airflow/venv/lib/python3.11/site-packages/airflow/example_dags/plugins/listener_plugin.py
[2024-11-06T11:04:24.330-1100] {processor.py:208} INFO - Processing /home/ouaillaamiri/Development/lsi_3/airflow/venv/lib/python3.11/site-packages/airflow/example_dags/plugins/listener_plugin.py took 0.063 seconds
