[2024-11-06T10:53:19.804-1100] {processor.py:186} INFO - Started process (PID=218857) to work on /home/ouaillaamiri/Development/lsi_3/airflow/venv/lib/python3.11/site-packages/airflow/example_dags/plugins/workday.py
[2024-11-06T10:53:19.806-1100] {processor.py:914} INFO - Processing file /home/ouaillaamiri/Development/lsi_3/airflow/venv/lib/python3.11/site-packages/airflow/example_dags/plugins/workday.py for tasks to queue
[2024-11-06T10:53:19.814-1100] {logging_mixin.py:190} INFO - [2024-11-06T10:53:19.813-1100] {dagbag.py:588} INFO - Filling up the DagBag from /home/ouaillaamiri/Development/lsi_3/airflow/venv/lib/python3.11/site-packages/airflow/example_dags/plugins/workday.py
[2024-11-06T10:53:19.821-1100] {processor.py:927} WARNING - No viable dags retrieved from /home/ouaillaamiri/Development/lsi_3/airflow/venv/lib/python3.11/site-packages/airflow/example_dags/plugins/workday.py
[2024-11-06T10:53:19.883-1100] {processor.py:208} INFO - Processing /home/ouaillaamiri/Development/lsi_3/airflow/venv/lib/python3.11/site-packages/airflow/example_dags/plugins/workday.py took 0.101 seconds
[2024-11-06T10:53:49.995-1100] {processor.py:186} INFO - Started process (PID=219711) to work on /home/ouaillaamiri/Development/lsi_3/airflow/venv/lib/python3.11/site-packages/airflow/example_dags/plugins/workday.py
[2024-11-06T10:53:49.996-1100] {processor.py:914} INFO - Processing file /home/ouaillaamiri/Development/lsi_3/airflow/venv/lib/python3.11/site-packages/airflow/example_dags/plugins/workday.py for tasks to queue
[2024-11-06T10:53:50.000-1100] {logging_mixin.py:190} INFO - [2024-11-06T10:53:50.000-1100] {dagbag.py:588} INFO - Filling up the DagBag from /home/ouaillaamiri/Development/lsi_3/airflow/venv/lib/python3.11/site-packages/airflow/example_dags/plugins/workday.py
[2024-11-06T10:53:50.005-1100] {processor.py:927} WARNING - No viable dags retrieved from /home/ouaillaamiri/Development/lsi_3/airflow/venv/lib/python3.11/site-packages/airflow/example_dags/plugins/workday.py
[2024-11-06T10:53:50.053-1100] {processor.py:208} INFO - Processing /home/ouaillaamiri/Development/lsi_3/airflow/venv/lib/python3.11/site-packages/airflow/example_dags/plugins/workday.py took 0.074 seconds
[2024-11-06T10:54:20.752-1100] {processor.py:186} INFO - Started process (PID=220427) to work on /home/ouaillaamiri/Development/lsi_3/airflow/venv/lib/python3.11/site-packages/airflow/example_dags/plugins/workday.py
[2024-11-06T10:54:20.755-1100] {processor.py:914} INFO - Processing file /home/ouaillaamiri/Development/lsi_3/airflow/venv/lib/python3.11/site-packages/airflow/example_dags/plugins/workday.py for tasks to queue
[2024-11-06T10:54:20.760-1100] {logging_mixin.py:190} INFO - [2024-11-06T10:54:20.759-1100] {dagbag.py:588} INFO - Filling up the DagBag from /home/ouaillaamiri/Development/lsi_3/airflow/venv/lib/python3.11/site-packages/airflow/example_dags/plugins/workday.py
[2024-11-06T10:54:20.766-1100] {processor.py:927} WARNING - No viable dags retrieved from /home/ouaillaamiri/Development/lsi_3/airflow/venv/lib/python3.11/site-packages/airflow/example_dags/plugins/workday.py
[2024-11-06T10:54:20.818-1100] {processor.py:208} INFO - Processing /home/ouaillaamiri/Development/lsi_3/airflow/venv/lib/python3.11/site-packages/airflow/example_dags/plugins/workday.py took 0.081 seconds
[2024-11-06T10:54:51.464-1100] {processor.py:186} INFO - Started process (PID=220790) to work on /home/ouaillaamiri/Development/lsi_3/airflow/venv/lib/python3.11/site-packages/airflow/example_dags/plugins/workday.py
[2024-11-06T10:54:51.466-1100] {processor.py:914} INFO - Processing file /home/ouaillaamiri/Development/lsi_3/airflow/venv/lib/python3.11/site-packages/airflow/example_dags/plugins/workday.py for tasks to queue
[2024-11-06T10:54:51.469-1100] {logging_mixin.py:190} INFO - [2024-11-06T10:54:51.469-1100] {dagbag.py:588} INFO - Filling up the DagBag from /home/ouaillaamiri/Development/lsi_3/airflow/venv/lib/python3.11/site-packages/airflow/example_dags/plugins/workday.py
[2024-11-06T10:54:51.474-1100] {processor.py:927} WARNING - No viable dags retrieved from /home/ouaillaamiri/Development/lsi_3/airflow/venv/lib/python3.11/site-packages/airflow/example_dags/plugins/workday.py
[2024-11-06T10:54:51.528-1100] {processor.py:208} INFO - Processing /home/ouaillaamiri/Development/lsi_3/airflow/venv/lib/python3.11/site-packages/airflow/example_dags/plugins/workday.py took 0.074 seconds
[2024-11-06T10:55:21.849-1100] {processor.py:186} INFO - Started process (PID=221486) to work on /home/ouaillaamiri/Development/lsi_3/airflow/venv/lib/python3.11/site-packages/airflow/example_dags/plugins/workday.py
[2024-11-06T10:55:21.853-1100] {processor.py:914} INFO - Processing file /home/ouaillaamiri/Development/lsi_3/airflow/venv/lib/python3.11/site-packages/airflow/example_dags/plugins/workday.py for tasks to queue
[2024-11-06T10:55:21.858-1100] {logging_mixin.py:190} INFO - [2024-11-06T10:55:21.858-1100] {dagbag.py:588} INFO - Filling up the DagBag from /home/ouaillaamiri/Development/lsi_3/airflow/venv/lib/python3.11/site-packages/airflow/example_dags/plugins/workday.py
[2024-11-06T10:55:21.865-1100] {processor.py:927} WARNING - No viable dags retrieved from /home/ouaillaamiri/Development/lsi_3/airflow/venv/lib/python3.11/site-packages/airflow/example_dags/plugins/workday.py
[2024-11-06T10:55:21.920-1100] {processor.py:208} INFO - Processing /home/ouaillaamiri/Development/lsi_3/airflow/venv/lib/python3.11/site-packages/airflow/example_dags/plugins/workday.py took 0.087 seconds
[2024-11-06T10:55:52.508-1100] {processor.py:186} INFO - Started process (PID=221855) to work on /home/ouaillaamiri/Development/lsi_3/airflow/venv/lib/python3.11/site-packages/airflow/example_dags/plugins/workday.py
[2024-11-06T10:55:52.513-1100] {processor.py:914} INFO - Processing file /home/ouaillaamiri/Development/lsi_3/airflow/venv/lib/python3.11/site-packages/airflow/example_dags/plugins/workday.py for tasks to queue
[2024-11-06T10:55:52.517-1100] {logging_mixin.py:190} INFO - [2024-11-06T10:55:52.516-1100] {dagbag.py:588} INFO - Filling up the DagBag from /home/ouaillaamiri/Development/lsi_3/airflow/venv/lib/python3.11/site-packages/airflow/example_dags/plugins/workday.py
[2024-11-06T10:55:52.523-1100] {processor.py:927} WARNING - No viable dags retrieved from /home/ouaillaamiri/Development/lsi_3/airflow/venv/lib/python3.11/site-packages/airflow/example_dags/plugins/workday.py
[2024-11-06T10:55:52.571-1100] {processor.py:208} INFO - Processing /home/ouaillaamiri/Development/lsi_3/airflow/venv/lib/python3.11/site-packages/airflow/example_dags/plugins/workday.py took 0.076 seconds
[2024-11-06T10:56:39.922-1100] {processor.py:186} INFO - Started process (PID=222908) to work on /home/ouaillaamiri/Development/lsi_3/airflow/venv/lib/python3.11/site-packages/airflow/example_dags/plugins/workday.py
[2024-11-06T10:56:39.924-1100] {processor.py:914} INFO - Processing file /home/ouaillaamiri/Development/lsi_3/airflow/venv/lib/python3.11/site-packages/airflow/example_dags/plugins/workday.py for tasks to queue
[2024-11-06T10:56:39.928-1100] {logging_mixin.py:190} INFO - [2024-11-06T10:56:39.927-1100] {dagbag.py:588} INFO - Filling up the DagBag from /home/ouaillaamiri/Development/lsi_3/airflow/venv/lib/python3.11/site-packages/airflow/example_dags/plugins/workday.py
[2024-11-06T10:56:39.933-1100] {processor.py:927} WARNING - No viable dags retrieved from /home/ouaillaamiri/Development/lsi_3/airflow/venv/lib/python3.11/site-packages/airflow/example_dags/plugins/workday.py
[2024-11-06T10:56:39.984-1100] {processor.py:208} INFO - Processing /home/ouaillaamiri/Development/lsi_3/airflow/venv/lib/python3.11/site-packages/airflow/example_dags/plugins/workday.py took 0.071 seconds
[2024-11-06T10:57:10.183-1100] {processor.py:186} INFO - Started process (PID=224074) to work on /home/ouaillaamiri/Development/lsi_3/airflow/venv/lib/python3.11/site-packages/airflow/example_dags/plugins/workday.py
[2024-11-06T10:57:10.186-1100] {processor.py:914} INFO - Processing file /home/ouaillaamiri/Development/lsi_3/airflow/venv/lib/python3.11/site-packages/airflow/example_dags/plugins/workday.py for tasks to queue
[2024-11-06T10:57:10.192-1100] {logging_mixin.py:190} INFO - [2024-11-06T10:57:10.191-1100] {dagbag.py:588} INFO - Filling up the DagBag from /home/ouaillaamiri/Development/lsi_3/airflow/venv/lib/python3.11/site-packages/airflow/example_dags/plugins/workday.py
[2024-11-06T10:57:10.198-1100] {processor.py:927} WARNING - No viable dags retrieved from /home/ouaillaamiri/Development/lsi_3/airflow/venv/lib/python3.11/site-packages/airflow/example_dags/plugins/workday.py
[2024-11-06T10:57:10.248-1100] {processor.py:208} INFO - Processing /home/ouaillaamiri/Development/lsi_3/airflow/venv/lib/python3.11/site-packages/airflow/example_dags/plugins/workday.py took 0.081 seconds
[2024-11-06T10:57:40.346-1100] {processor.py:186} INFO - Started process (PID=224809) to work on /home/ouaillaamiri/Development/lsi_3/airflow/venv/lib/python3.11/site-packages/airflow/example_dags/plugins/workday.py
[2024-11-06T10:57:40.350-1100] {processor.py:914} INFO - Processing file /home/ouaillaamiri/Development/lsi_3/airflow/venv/lib/python3.11/site-packages/airflow/example_dags/plugins/workday.py for tasks to queue
[2024-11-06T10:57:40.354-1100] {logging_mixin.py:190} INFO - [2024-11-06T10:57:40.354-1100] {dagbag.py:588} INFO - Filling up the DagBag from /home/ouaillaamiri/Development/lsi_3/airflow/venv/lib/python3.11/site-packages/airflow/example_dags/plugins/workday.py
[2024-11-06T10:57:40.360-1100] {processor.py:927} WARNING - No viable dags retrieved from /home/ouaillaamiri/Development/lsi_3/airflow/venv/lib/python3.11/site-packages/airflow/example_dags/plugins/workday.py
[2024-11-06T10:57:40.411-1100] {processor.py:208} INFO - Processing /home/ouaillaamiri/Development/lsi_3/airflow/venv/lib/python3.11/site-packages/airflow/example_dags/plugins/workday.py took 0.078 seconds
[2024-11-06T10:58:10.684-1100] {processor.py:186} INFO - Started process (PID=225520) to work on /home/ouaillaamiri/Development/lsi_3/airflow/venv/lib/python3.11/site-packages/airflow/example_dags/plugins/workday.py
[2024-11-06T10:58:10.688-1100] {processor.py:914} INFO - Processing file /home/ouaillaamiri/Development/lsi_3/airflow/venv/lib/python3.11/site-packages/airflow/example_dags/plugins/workday.py for tasks to queue
[2024-11-06T10:58:10.693-1100] {logging_mixin.py:190} INFO - [2024-11-06T10:58:10.692-1100] {dagbag.py:588} INFO - Filling up the DagBag from /home/ouaillaamiri/Development/lsi_3/airflow/venv/lib/python3.11/site-packages/airflow/example_dags/plugins/workday.py
[2024-11-06T10:58:10.698-1100] {processor.py:927} WARNING - No viable dags retrieved from /home/ouaillaamiri/Development/lsi_3/airflow/venv/lib/python3.11/site-packages/airflow/example_dags/plugins/workday.py
[2024-11-06T10:58:10.765-1100] {processor.py:208} INFO - Processing /home/ouaillaamiri/Development/lsi_3/airflow/venv/lib/python3.11/site-packages/airflow/example_dags/plugins/workday.py took 0.095 seconds
[2024-11-06T10:58:41.131-1100] {processor.py:186} INFO - Started process (PID=226228) to work on /home/ouaillaamiri/Development/lsi_3/airflow/venv/lib/python3.11/site-packages/airflow/example_dags/plugins/workday.py
[2024-11-06T10:58:41.135-1100] {processor.py:914} INFO - Processing file /home/ouaillaamiri/Development/lsi_3/airflow/venv/lib/python3.11/site-packages/airflow/example_dags/plugins/workday.py for tasks to queue
[2024-11-06T10:58:41.140-1100] {logging_mixin.py:190} INFO - [2024-11-06T10:58:41.140-1100] {dagbag.py:588} INFO - Filling up the DagBag from /home/ouaillaamiri/Development/lsi_3/airflow/venv/lib/python3.11/site-packages/airflow/example_dags/plugins/workday.py
[2024-11-06T10:58:41.147-1100] {processor.py:927} WARNING - No viable dags retrieved from /home/ouaillaamiri/Development/lsi_3/airflow/venv/lib/python3.11/site-packages/airflow/example_dags/plugins/workday.py
[2024-11-06T10:58:41.202-1100] {processor.py:208} INFO - Processing /home/ouaillaamiri/Development/lsi_3/airflow/venv/lib/python3.11/site-packages/airflow/example_dags/plugins/workday.py took 0.088 seconds
[2024-11-06T10:59:11.378-1100] {processor.py:186} INFO - Started process (PID=226937) to work on /home/ouaillaamiri/Development/lsi_3/airflow/venv/lib/python3.11/site-packages/airflow/example_dags/plugins/workday.py
[2024-11-06T10:59:11.382-1100] {processor.py:914} INFO - Processing file /home/ouaillaamiri/Development/lsi_3/airflow/venv/lib/python3.11/site-packages/airflow/example_dags/plugins/workday.py for tasks to queue
[2024-11-06T10:59:11.386-1100] {logging_mixin.py:190} INFO - [2024-11-06T10:59:11.385-1100] {dagbag.py:588} INFO - Filling up the DagBag from /home/ouaillaamiri/Development/lsi_3/airflow/venv/lib/python3.11/site-packages/airflow/example_dags/plugins/workday.py
[2024-11-06T10:59:11.391-1100] {processor.py:927} WARNING - No viable dags retrieved from /home/ouaillaamiri/Development/lsi_3/airflow/venv/lib/python3.11/site-packages/airflow/example_dags/plugins/workday.py
[2024-11-06T10:59:11.445-1100] {processor.py:208} INFO - Processing /home/ouaillaamiri/Development/lsi_3/airflow/venv/lib/python3.11/site-packages/airflow/example_dags/plugins/workday.py took 0.078 seconds
[2024-11-06T10:59:41.922-1100] {processor.py:186} INFO - Started process (PID=227333) to work on /home/ouaillaamiri/Development/lsi_3/airflow/venv/lib/python3.11/site-packages/airflow/example_dags/plugins/workday.py
[2024-11-06T10:59:41.927-1100] {processor.py:914} INFO - Processing file /home/ouaillaamiri/Development/lsi_3/airflow/venv/lib/python3.11/site-packages/airflow/example_dags/plugins/workday.py for tasks to queue
[2024-11-06T10:59:41.932-1100] {logging_mixin.py:190} INFO - [2024-11-06T10:59:41.931-1100] {dagbag.py:588} INFO - Filling up the DagBag from /home/ouaillaamiri/Development/lsi_3/airflow/venv/lib/python3.11/site-packages/airflow/example_dags/plugins/workday.py
[2024-11-06T10:59:41.938-1100] {processor.py:927} WARNING - No viable dags retrieved from /home/ouaillaamiri/Development/lsi_3/airflow/venv/lib/python3.11/site-packages/airflow/example_dags/plugins/workday.py
[2024-11-06T10:59:41.983-1100] {processor.py:208} INFO - Processing /home/ouaillaamiri/Development/lsi_3/airflow/venv/lib/python3.11/site-packages/airflow/example_dags/plugins/workday.py took 0.081 seconds
[2024-11-06T11:00:12.370-1100] {processor.py:186} INFO - Started process (PID=227725) to work on /home/ouaillaamiri/Development/lsi_3/airflow/venv/lib/python3.11/site-packages/airflow/example_dags/plugins/workday.py
[2024-11-06T11:00:12.372-1100] {processor.py:914} INFO - Processing file /home/ouaillaamiri/Development/lsi_3/airflow/venv/lib/python3.11/site-packages/airflow/example_dags/plugins/workday.py for tasks to queue
[2024-11-06T11:00:12.376-1100] {logging_mixin.py:190} INFO - [2024-11-06T11:00:12.376-1100] {dagbag.py:588} INFO - Filling up the DagBag from /home/ouaillaamiri/Development/lsi_3/airflow/venv/lib/python3.11/site-packages/airflow/example_dags/plugins/workday.py
[2024-11-06T11:00:12.381-1100] {processor.py:927} WARNING - No viable dags retrieved from /home/ouaillaamiri/Development/lsi_3/airflow/venv/lib/python3.11/site-packages/airflow/example_dags/plugins/workday.py
[2024-11-06T11:00:12.439-1100] {processor.py:208} INFO - Processing /home/ouaillaamiri/Development/lsi_3/airflow/venv/lib/python3.11/site-packages/airflow/example_dags/plugins/workday.py took 0.081 seconds
[2024-11-06T11:00:51.296-1100] {processor.py:186} INFO - Started process (PID=228387) to work on /home/ouaillaamiri/Development/lsi_3/airflow/venv/lib/python3.11/site-packages/airflow/example_dags/plugins/workday.py
[2024-11-06T11:00:51.298-1100] {processor.py:914} INFO - Processing file /home/ouaillaamiri/Development/lsi_3/airflow/venv/lib/python3.11/site-packages/airflow/example_dags/plugins/workday.py for tasks to queue
[2024-11-06T11:00:51.303-1100] {logging_mixin.py:190} INFO - [2024-11-06T11:00:51.302-1100] {dagbag.py:588} INFO - Filling up the DagBag from /home/ouaillaamiri/Development/lsi_3/airflow/venv/lib/python3.11/site-packages/airflow/example_dags/plugins/workday.py
[2024-11-06T11:00:51.309-1100] {processor.py:927} WARNING - No viable dags retrieved from /home/ouaillaamiri/Development/lsi_3/airflow/venv/lib/python3.11/site-packages/airflow/example_dags/plugins/workday.py
[2024-11-06T11:00:51.368-1100] {processor.py:208} INFO - Processing /home/ouaillaamiri/Development/lsi_3/airflow/venv/lib/python3.11/site-packages/airflow/example_dags/plugins/workday.py took 0.084 seconds
[2024-11-06T11:01:21.463-1100] {processor.py:186} INFO - Started process (PID=229122) to work on /home/ouaillaamiri/Development/lsi_3/airflow/venv/lib/python3.11/site-packages/airflow/example_dags/plugins/workday.py
[2024-11-06T11:01:21.465-1100] {processor.py:914} INFO - Processing file /home/ouaillaamiri/Development/lsi_3/airflow/venv/lib/python3.11/site-packages/airflow/example_dags/plugins/workday.py for tasks to queue
[2024-11-06T11:01:21.473-1100] {logging_mixin.py:190} INFO - [2024-11-06T11:01:21.472-1100] {dagbag.py:588} INFO - Filling up the DagBag from /home/ouaillaamiri/Development/lsi_3/airflow/venv/lib/python3.11/site-packages/airflow/example_dags/plugins/workday.py
[2024-11-06T11:01:21.481-1100] {processor.py:927} WARNING - No viable dags retrieved from /home/ouaillaamiri/Development/lsi_3/airflow/venv/lib/python3.11/site-packages/airflow/example_dags/plugins/workday.py
[2024-11-06T11:01:21.540-1100] {processor.py:208} INFO - Processing /home/ouaillaamiri/Development/lsi_3/airflow/venv/lib/python3.11/site-packages/airflow/example_dags/plugins/workday.py took 0.097 seconds
[2024-11-06T11:01:51.906-1100] {processor.py:186} INFO - Started process (PID=229495) to work on /home/ouaillaamiri/Development/lsi_3/airflow/venv/lib/python3.11/site-packages/airflow/example_dags/plugins/workday.py
[2024-11-06T11:01:51.909-1100] {processor.py:914} INFO - Processing file /home/ouaillaamiri/Development/lsi_3/airflow/venv/lib/python3.11/site-packages/airflow/example_dags/plugins/workday.py for tasks to queue
[2024-11-06T11:01:51.913-1100] {logging_mixin.py:190} INFO - [2024-11-06T11:01:51.912-1100] {dagbag.py:588} INFO - Filling up the DagBag from /home/ouaillaamiri/Development/lsi_3/airflow/venv/lib/python3.11/site-packages/airflow/example_dags/plugins/workday.py
[2024-11-06T11:01:51.917-1100] {processor.py:927} WARNING - No viable dags retrieved from /home/ouaillaamiri/Development/lsi_3/airflow/venv/lib/python3.11/site-packages/airflow/example_dags/plugins/workday.py
[2024-11-06T11:01:51.966-1100] {processor.py:208} INFO - Processing /home/ouaillaamiri/Development/lsi_3/airflow/venv/lib/python3.11/site-packages/airflow/example_dags/plugins/workday.py took 0.070 seconds
[2024-11-06T11:02:22.449-1100] {processor.py:186} INFO - Started process (PID=229930) to work on /home/ouaillaamiri/Development/lsi_3/airflow/venv/lib/python3.11/site-packages/airflow/example_dags/plugins/workday.py
[2024-11-06T11:02:22.452-1100] {processor.py:914} INFO - Processing file /home/ouaillaamiri/Development/lsi_3/airflow/venv/lib/python3.11/site-packages/airflow/example_dags/plugins/workday.py for tasks to queue
[2024-11-06T11:02:22.458-1100] {logging_mixin.py:190} INFO - [2024-11-06T11:02:22.457-1100] {dagbag.py:588} INFO - Filling up the DagBag from /home/ouaillaamiri/Development/lsi_3/airflow/venv/lib/python3.11/site-packages/airflow/example_dags/plugins/workday.py
[2024-11-06T11:02:22.465-1100] {processor.py:927} WARNING - No viable dags retrieved from /home/ouaillaamiri/Development/lsi_3/airflow/venv/lib/python3.11/site-packages/airflow/example_dags/plugins/workday.py
[2024-11-06T11:02:22.514-1100] {processor.py:208} INFO - Processing /home/ouaillaamiri/Development/lsi_3/airflow/venv/lib/python3.11/site-packages/airflow/example_dags/plugins/workday.py took 0.082 seconds
[2024-11-06T11:02:52.960-1100] {processor.py:186} INFO - Started process (PID=231073) to work on /home/ouaillaamiri/Development/lsi_3/airflow/venv/lib/python3.11/site-packages/airflow/example_dags/plugins/workday.py
[2024-11-06T11:02:52.962-1100] {processor.py:914} INFO - Processing file /home/ouaillaamiri/Development/lsi_3/airflow/venv/lib/python3.11/site-packages/airflow/example_dags/plugins/workday.py for tasks to queue
[2024-11-06T11:02:52.966-1100] {logging_mixin.py:190} INFO - [2024-11-06T11:02:52.966-1100] {dagbag.py:588} INFO - Filling up the DagBag from /home/ouaillaamiri/Development/lsi_3/airflow/venv/lib/python3.11/site-packages/airflow/example_dags/plugins/workday.py
[2024-11-06T11:02:52.972-1100] {processor.py:927} WARNING - No viable dags retrieved from /home/ouaillaamiri/Development/lsi_3/airflow/venv/lib/python3.11/site-packages/airflow/example_dags/plugins/workday.py
[2024-11-06T11:02:53.026-1100] {processor.py:208} INFO - Processing /home/ouaillaamiri/Development/lsi_3/airflow/venv/lib/python3.11/site-packages/airflow/example_dags/plugins/workday.py took 0.078 seconds
[2024-11-06T11:03:23.174-1100] {processor.py:186} INFO - Started process (PID=231439) to work on /home/ouaillaamiri/Development/lsi_3/airflow/venv/lib/python3.11/site-packages/airflow/example_dags/plugins/workday.py
[2024-11-06T11:03:23.177-1100] {processor.py:914} INFO - Processing file /home/ouaillaamiri/Development/lsi_3/airflow/venv/lib/python3.11/site-packages/airflow/example_dags/plugins/workday.py for tasks to queue
[2024-11-06T11:03:23.181-1100] {logging_mixin.py:190} INFO - [2024-11-06T11:03:23.180-1100] {dagbag.py:588} INFO - Filling up the DagBag from /home/ouaillaamiri/Development/lsi_3/airflow/venv/lib/python3.11/site-packages/airflow/example_dags/plugins/workday.py
[2024-11-06T11:03:23.186-1100] {processor.py:927} WARNING - No viable dags retrieved from /home/ouaillaamiri/Development/lsi_3/airflow/venv/lib/python3.11/site-packages/airflow/example_dags/plugins/workday.py
[2024-11-06T11:03:23.250-1100] {processor.py:208} INFO - Processing /home/ouaillaamiri/Development/lsi_3/airflow/venv/lib/python3.11/site-packages/airflow/example_dags/plugins/workday.py took 0.088 seconds
[2024-11-06T11:03:53.764-1100] {processor.py:186} INFO - Started process (PID=232110) to work on /home/ouaillaamiri/Development/lsi_3/airflow/venv/lib/python3.11/site-packages/airflow/example_dags/plugins/workday.py
[2024-11-06T11:03:53.768-1100] {processor.py:914} INFO - Processing file /home/ouaillaamiri/Development/lsi_3/airflow/venv/lib/python3.11/site-packages/airflow/example_dags/plugins/workday.py for tasks to queue
[2024-11-06T11:03:53.774-1100] {logging_mixin.py:190} INFO - [2024-11-06T11:03:53.773-1100] {dagbag.py:588} INFO - Filling up the DagBag from /home/ouaillaamiri/Development/lsi_3/airflow/venv/lib/python3.11/site-packages/airflow/example_dags/plugins/workday.py
[2024-11-06T11:03:53.782-1100] {processor.py:927} WARNING - No viable dags retrieved from /home/ouaillaamiri/Development/lsi_3/airflow/venv/lib/python3.11/site-packages/airflow/example_dags/plugins/workday.py
[2024-11-06T11:03:53.833-1100] {processor.py:208} INFO - Processing /home/ouaillaamiri/Development/lsi_3/airflow/venv/lib/python3.11/site-packages/airflow/example_dags/plugins/workday.py took 0.080 seconds
[2024-11-06T11:04:24.268-1100] {processor.py:186} INFO - Started process (PID=232478) to work on /home/ouaillaamiri/Development/lsi_3/airflow/venv/lib/python3.11/site-packages/airflow/example_dags/plugins/workday.py
[2024-11-06T11:04:24.270-1100] {processor.py:914} INFO - Processing file /home/ouaillaamiri/Development/lsi_3/airflow/venv/lib/python3.11/site-packages/airflow/example_dags/plugins/workday.py for tasks to queue
[2024-11-06T11:04:24.275-1100] {logging_mixin.py:190} INFO - [2024-11-06T11:04:24.275-1100] {dagbag.py:588} INFO - Filling up the DagBag from /home/ouaillaamiri/Development/lsi_3/airflow/venv/lib/python3.11/site-packages/airflow/example_dags/plugins/workday.py
[2024-11-06T11:04:24.282-1100] {processor.py:927} WARNING - No viable dags retrieved from /home/ouaillaamiri/Development/lsi_3/airflow/venv/lib/python3.11/site-packages/airflow/example_dags/plugins/workday.py
[2024-11-06T11:04:24.330-1100] {processor.py:208} INFO - Processing /home/ouaillaamiri/Development/lsi_3/airflow/venv/lib/python3.11/site-packages/airflow/example_dags/plugins/workday.py took 0.079 seconds
