[2024-11-07T08:58:26.028-1100] {local_task_job_runner.py:123} INFO - ::group::Pre task execution logs
[2024-11-07T08:58:26.047-1100] {taskinstance.py:2613} INFO - Dependencies all met for dep_context=non-requeueable deps ti=<TaskInstance: extract_transform_clean_data.extract_csv_data scheduled__2024-11-06T00:00:00+00:00 [queued]>
[2024-11-07T08:58:26.059-1100] {taskinstance.py:2613} INFO - Dependencies all met for dep_context=requeueable deps ti=<TaskInstance: extract_transform_clean_data.extract_csv_data scheduled__2024-11-06T00:00:00+00:00 [queued]>
[2024-11-07T08:58:26.059-1100] {taskinstance.py:2866} INFO - Starting attempt 1 of 2
[2024-11-07T08:58:26.083-1100] {taskinstance.py:2889} INFO - Executing <Task(PythonOperator): extract_csv_data> on 2024-11-06 00:00:00+00:00
[2024-11-07T08:58:26.096-1100] {standard_task_runner.py:72} INFO - Started process 317365 to run task
[2024-11-07T08:58:26.103-1100] {standard_task_runner.py:104} INFO - Running: ['airflow', 'tasks', 'run', 'extract_transform_clean_data', 'extract_csv_data', 'scheduled__2024-11-06T00:00:00+00:00', '--job-id', '7', '--raw', '--subdir', 'DAGS_FOLDER/extract_transform_clean_data.py', '--cfg-path', '/tmp/tmpiwngh2be']
[2024-11-07T08:58:26.105-1100] {standard_task_runner.py:105} INFO - Job 7: Subtask extract_csv_data
[2024-11-07T08:58:26.181-1100] {task_command.py:467} INFO - Running <TaskInstance: extract_transform_clean_data.extract_csv_data scheduled__2024-11-06T00:00:00+00:00 [running]> on host debian
[2024-11-07T08:58:26.327-1100] {taskinstance.py:3132} INFO - Exporting env vars: AIRFLOW_CTX_DAG_OWNER='airflow' AIRFLOW_CTX_DAG_ID='extract_transform_clean_data' AIRFLOW_CTX_TASK_ID='extract_csv_data' AIRFLOW_CTX_EXECUTION_DATE='2024-11-06T00:00:00+00:00' AIRFLOW_CTX_TRY_NUMBER='1' AIRFLOW_CTX_DAG_RUN_ID='scheduled__2024-11-06T00:00:00+00:00'
[2024-11-07T08:58:26.330-1100] {logging_mixin.py:190} INFO - Task instance is in running state
[2024-11-07T08:58:26.331-1100] {logging_mixin.py:190} INFO -  Previous state of the Task instance: queued
[2024-11-07T08:58:26.331-1100] {logging_mixin.py:190} INFO - Current task name:extract_csv_data state:running start_date:2024-11-07 19:58:26.048290+00:00
[2024-11-07T08:58:26.331-1100] {logging_mixin.py:190} INFO - Dag name:extract_transform_clean_data and current dag run status:running
[2024-11-07T08:58:26.332-1100] {taskinstance.py:731} INFO - ::endgroup::
[2024-11-07T08:58:26.567-1100] {logging_mixin.py:190} INFO - CSV Data Extracted
[2024-11-07T08:58:26.568-1100] {python.py:240} INFO - Done. Returned value was: (                                   user_id              name  ...         city   birthdate
0     d568cfea-12b0-4879-b1a6-fd96321b34a2    Rania Mahmoudi  ...    El Jadida  1980-03-07
1     db261c54-9d39-4f23-834e-5e77028370ea  Khalil El Khouli  ...  Chefchaouen  1988-09-16
2     1e6e0980-cfef-412f-aa6d-c119c342bb8a      Youssef Tazi  ...         Safi  1987-08-10
3     9e6a1210-47df-43cc-8aa6-7af6f0730b4e      Ouail Sekkat  ...   Casablanca  1978-02-12
4     cd89d95e-3618-455e-ae0a-9d3d9ba6f521      Hamza Kouhen  ...       Meknes  1951-02-10
...                                    ...               ...  ...          ...         ...
6995  1993edb9-9a61-431f-a36a-a9b1b60f33a1     Fatima Sekkat  ...      Kenitra  1950-04-14
6996  d78cd078-1d20-4b17-8423-07e7959a1ef2   Soufiane Belhaj  ...   Ouarzazate  1960-06-27
6997  eddd833d-6512-43d1-ae93-a112ab818d89          Aya Sbai  ...      Tetouan  1969-04-21
6998  d1c76e91-89b6-4eb9-a829-021e4da309b2      Ayoub Essafi  ...         Taza  1960-06-21
6999  78b5f4eb-95e0-45b6-8fda-577fb64dccf1       Samir Hadda  ...       Dakhla  1983-04-17

[7000 rows x 5 columns],                                 product_id                     product_name     category    price
0     b3e1f748-21b2-4085-b180-86ec0cc485b3     Ultimate Running Shoes Rabat       Sports  2644.64
1     5fd04e4a-12b1-4919-89b0-2039de5d0757            Pro Speaker Marrakech  Electronics  4058.34
2     bad3b7b2-ef4f-43ad-a6da-4d7f28374f82       Eco-Friendly Jacket Kasbah     Clothing  4735.31
3     b40d2a19-c36e-4083-9e9a-ba654117246e         Elegant Headphones Atlas  Electronics  1015.69
4     04de5073-c78b-4a8b-af96-09ac3bb42ad1    Modern Moroccan History Rabat        Books  3717.01
...                                    ...                              ...          ...      ...
8995  f35171b1-fff2-4587-a347-be8aaa5568b6               Chic Blender Oasis         Home  1251.19
8996  3036af84-5be5-4280-b774-435adfe1a655            Luxury Yoga Mat Oasis       Sports  4386.69
8997  60f9d5f0-8e90-4479-a456-396284fa408f  Premium Coffee Maker Casablanca         Home   579.07
8998  68d8cc52-e2a1-4154-ae5e-db80d4253dd6        Luxury Travel Guide Rabat        Books  2537.03
8999  4f145078-9dec-43c1-b0ef-55531877b243      Modern Vacuum Cleaner Rabat         Home  4009.59

[9000 rows x 4 columns],                              transaction_id  ...            transaction_date
0      2f0854f1-9af5-4cfa-ab9d-77f75f114cfe  ...  2024-04-08 21:00:35.329925
1      7cb813d6-864a-495a-88dc-36161af17344  ...  2024-09-27 08:56:20.314115
2      e40bfc30-3558-4e14-9042-340d7dac06cd  ...  2024-08-06 07:49:05.672520
3      96e43e3b-f945-4849-bc71-898096b217ef  ...  2024-07-11 09:14:14.269213
4      0a99fb60-3442-487b-bd66-49952e57f62a  ...  2024-05-30 21:05:27.589539
...                                     ...  ...                         ...
29995  ad57cc2d-45de-4377-91d3-d15285173cb7  ...  2024-06-26 20:36:31.904099
29996  304f056f-948b-4a22-aa8b-1c742d6711b7  ...  2024-08-08 21:02:04.974506
29997  56557d91-5041-4f45-8df6-9792974736d4  ...  2024-03-26 02:45:48.420162
29998  8bbe964e-c2b0-48ab-ae48-42ff23aad6c6  ...  2024-06-21 04:51:26.014105
29999  104f509b-e39e-40e3-9cf3-b835bd09615a  ...  2024-07-28 15:26:22.942147

[30000 rows x 5 columns])
[2024-11-07T08:58:26.913-1100] {taskinstance.py:340} INFO - ::group::Post task execution logs
[2024-11-07T08:58:26.914-1100] {taskinstance.py:352} INFO - Marking task as SUCCESS. dag_id=extract_transform_clean_data, task_id=extract_csv_data, run_id=scheduled__2024-11-06T00:00:00+00:00, execution_date=20241106T000000, start_date=20241107T195826, end_date=20241107T195826
[2024-11-07T08:58:26.929-1100] {logging_mixin.py:190} INFO - Task instance in success state
[2024-11-07T08:58:26.930-1100] {logging_mixin.py:190} INFO -  Previous state of the Task instance: running
[2024-11-07T08:58:26.930-1100] {logging_mixin.py:190} INFO - Dag name:extract_transform_clean_data queued_at:2024-11-07 19:58:08.919572+00:00
[2024-11-07T08:58:26.930-1100] {logging_mixin.py:190} INFO - Task hostname:debian operator:PythonOperator
[2024-11-07T08:58:26.998-1100] {local_task_job_runner.py:266} INFO - Task exited with return code 0
[2024-11-07T08:58:27.052-1100] {taskinstance.py:3895} INFO - 1 downstream tasks scheduled from follow-on schedule check
[2024-11-07T08:58:27.057-1100] {local_task_job_runner.py:245} INFO - ::endgroup::
