[2024-11-06T10:53:31.530-1100] {processor.py:186} INFO - Started process (PID=219344) to work on /home/ouaillaamiri/Development/lsi_3/airflow/venv/lib/python3.11/site-packages/airflow/example_dags/example_nested_branch_dag.py
[2024-11-06T10:53:31.533-1100] {processor.py:914} INFO - Processing file /home/ouaillaamiri/Development/lsi_3/airflow/venv/lib/python3.11/site-packages/airflow/example_dags/example_nested_branch_dag.py for tasks to queue
[2024-11-06T10:53:31.539-1100] {logging_mixin.py:190} INFO - [2024-11-06T10:53:31.538-1100] {dagbag.py:588} INFO - Filling up the DagBag from /home/ouaillaamiri/Development/lsi_3/airflow/venv/lib/python3.11/site-packages/airflow/example_dags/example_nested_branch_dag.py
[2024-11-06T10:53:31.576-1100] {processor.py:925} INFO - DAG(s) 'example_nested_branch_dag' retrieved from /home/ouaillaamiri/Development/lsi_3/airflow/venv/lib/python3.11/site-packages/airflow/example_dags/example_nested_branch_dag.py
[2024-11-06T10:53:31.811-1100] {logging_mixin.py:190} INFO - [2024-11-06T10:53:31.810-1100] {override.py:1911} INFO - Created Permission View: can edit on DAG:example_nested_branch_dag
[2024-11-06T10:53:31.834-1100] {logging_mixin.py:190} INFO - [2024-11-06T10:53:31.832-1100] {override.py:1911} INFO - Created Permission View: can delete on DAG:example_nested_branch_dag
[2024-11-06T10:53:31.856-1100] {logging_mixin.py:190} INFO - [2024-11-06T10:53:31.854-1100] {override.py:1911} INFO - Created Permission View: can read on DAG:example_nested_branch_dag
[2024-11-06T10:53:31.875-1100] {logging_mixin.py:190} INFO - [2024-11-06T10:53:31.874-1100] {override.py:1911} INFO - Created Permission View: can delete on DAG Run:example_nested_branch_dag
[2024-11-06T10:53:31.898-1100] {logging_mixin.py:190} INFO - [2024-11-06T10:53:31.897-1100] {override.py:1911} INFO - Created Permission View: can create on DAG Run:example_nested_branch_dag
[2024-11-06T10:53:31.919-1100] {logging_mixin.py:190} INFO - [2024-11-06T10:53:31.918-1100] {override.py:1911} INFO - Created Permission View: menu access on DAG Run:example_nested_branch_dag
[2024-11-06T10:53:31.955-1100] {logging_mixin.py:190} INFO - [2024-11-06T10:53:31.954-1100] {override.py:1911} INFO - Created Permission View: can read on DAG Run:example_nested_branch_dag
[2024-11-06T10:53:31.956-1100] {logging_mixin.py:190} INFO - [2024-11-06T10:53:31.955-1100] {dag.py:3239} INFO - Sync 1 DAGs
[2024-11-06T10:53:31.993-1100] {logging_mixin.py:190} INFO - [2024-11-06T10:53:31.992-1100] {dag.py:3262} INFO - Creating ORM DAG for example_nested_branch_dag
[2024-11-06T10:53:32.018-1100] {logging_mixin.py:190} INFO - [2024-11-06T10:53:32.018-1100] {dag.py:4180} INFO - Setting next_dagrun for example_nested_branch_dag to 2024-11-05 00:00:00+00:00, run_after=2024-11-06 00:00:00+00:00
[2024-11-06T10:53:32.067-1100] {processor.py:208} INFO - Processing /home/ouaillaamiri/Development/lsi_3/airflow/venv/lib/python3.11/site-packages/airflow/example_dags/example_nested_branch_dag.py took 0.555 seconds
[2024-11-06T10:54:02.758-1100] {processor.py:186} INFO - Started process (PID=220072) to work on /home/ouaillaamiri/Development/lsi_3/airflow/venv/lib/python3.11/site-packages/airflow/example_dags/example_nested_branch_dag.py
[2024-11-06T10:54:02.760-1100] {processor.py:914} INFO - Processing file /home/ouaillaamiri/Development/lsi_3/airflow/venv/lib/python3.11/site-packages/airflow/example_dags/example_nested_branch_dag.py for tasks to queue
[2024-11-06T10:54:02.765-1100] {logging_mixin.py:190} INFO - [2024-11-06T10:54:02.765-1100] {dagbag.py:588} INFO - Filling up the DagBag from /home/ouaillaamiri/Development/lsi_3/airflow/venv/lib/python3.11/site-packages/airflow/example_dags/example_nested_branch_dag.py
[2024-11-06T10:54:02.793-1100] {processor.py:925} INFO - DAG(s) 'example_nested_branch_dag' retrieved from /home/ouaillaamiri/Development/lsi_3/airflow/venv/lib/python3.11/site-packages/airflow/example_dags/example_nested_branch_dag.py
[2024-11-06T10:54:02.857-1100] {logging_mixin.py:190} INFO - [2024-11-06T10:54:02.857-1100] {dag.py:3239} INFO - Sync 1 DAGs
[2024-11-06T10:54:02.910-1100] {logging_mixin.py:190} INFO - [2024-11-06T10:54:02.910-1100] {dag.py:4180} INFO - Setting next_dagrun for example_nested_branch_dag to 2024-11-05 00:00:00+00:00, run_after=2024-11-06 00:00:00+00:00
[2024-11-06T10:54:02.950-1100] {processor.py:208} INFO - Processing /home/ouaillaamiri/Development/lsi_3/airflow/venv/lib/python3.11/site-packages/airflow/example_dags/example_nested_branch_dag.py took 0.204 seconds
[2024-11-06T10:54:33.367-1100] {processor.py:186} INFO - Started process (PID=220594) to work on /home/ouaillaamiri/Development/lsi_3/airflow/venv/lib/python3.11/site-packages/airflow/example_dags/example_nested_branch_dag.py
[2024-11-06T10:54:33.369-1100] {processor.py:914} INFO - Processing file /home/ouaillaamiri/Development/lsi_3/airflow/venv/lib/python3.11/site-packages/airflow/example_dags/example_nested_branch_dag.py for tasks to queue
[2024-11-06T10:54:33.373-1100] {logging_mixin.py:190} INFO - [2024-11-06T10:54:33.373-1100] {dagbag.py:588} INFO - Filling up the DagBag from /home/ouaillaamiri/Development/lsi_3/airflow/venv/lib/python3.11/site-packages/airflow/example_dags/example_nested_branch_dag.py
[2024-11-06T10:54:33.395-1100] {processor.py:925} INFO - DAG(s) 'example_nested_branch_dag' retrieved from /home/ouaillaamiri/Development/lsi_3/airflow/venv/lib/python3.11/site-packages/airflow/example_dags/example_nested_branch_dag.py
[2024-11-06T10:54:33.459-1100] {logging_mixin.py:190} INFO - [2024-11-06T10:54:33.458-1100] {dag.py:3239} INFO - Sync 1 DAGs
[2024-11-06T10:54:33.502-1100] {logging_mixin.py:190} INFO - [2024-11-06T10:54:33.502-1100] {dag.py:4180} INFO - Setting next_dagrun for example_nested_branch_dag to 2024-11-05 00:00:00+00:00, run_after=2024-11-06 00:00:00+00:00
[2024-11-06T10:54:33.535-1100] {processor.py:208} INFO - Processing /home/ouaillaamiri/Development/lsi_3/airflow/venv/lib/python3.11/site-packages/airflow/example_dags/example_nested_branch_dag.py took 0.178 seconds
[2024-11-06T10:55:04.249-1100] {processor.py:186} INFO - Started process (PID=221133) to work on /home/ouaillaamiri/Development/lsi_3/airflow/venv/lib/python3.11/site-packages/airflow/example_dags/example_nested_branch_dag.py
[2024-11-06T10:55:04.251-1100] {processor.py:914} INFO - Processing file /home/ouaillaamiri/Development/lsi_3/airflow/venv/lib/python3.11/site-packages/airflow/example_dags/example_nested_branch_dag.py for tasks to queue
[2024-11-06T10:55:04.259-1100] {logging_mixin.py:190} INFO - [2024-11-06T10:55:04.258-1100] {dagbag.py:588} INFO - Filling up the DagBag from /home/ouaillaamiri/Development/lsi_3/airflow/venv/lib/python3.11/site-packages/airflow/example_dags/example_nested_branch_dag.py
[2024-11-06T10:55:04.292-1100] {processor.py:925} INFO - DAG(s) 'example_nested_branch_dag' retrieved from /home/ouaillaamiri/Development/lsi_3/airflow/venv/lib/python3.11/site-packages/airflow/example_dags/example_nested_branch_dag.py
[2024-11-06T10:55:04.366-1100] {logging_mixin.py:190} INFO - [2024-11-06T10:55:04.365-1100] {dag.py:3239} INFO - Sync 1 DAGs
[2024-11-06T10:55:04.416-1100] {logging_mixin.py:190} INFO - [2024-11-06T10:55:04.416-1100] {dag.py:4180} INFO - Setting next_dagrun for example_nested_branch_dag to 2024-11-05 00:00:00+00:00, run_after=2024-11-06 00:00:00+00:00
[2024-11-06T10:55:04.457-1100] {processor.py:208} INFO - Processing /home/ouaillaamiri/Development/lsi_3/airflow/venv/lib/python3.11/site-packages/airflow/example_dags/example_nested_branch_dag.py took 0.224 seconds
[2024-11-06T10:55:34.938-1100] {processor.py:186} INFO - Started process (PID=221660) to work on /home/ouaillaamiri/Development/lsi_3/airflow/venv/lib/python3.11/site-packages/airflow/example_dags/example_nested_branch_dag.py
[2024-11-06T10:55:34.940-1100] {processor.py:914} INFO - Processing file /home/ouaillaamiri/Development/lsi_3/airflow/venv/lib/python3.11/site-packages/airflow/example_dags/example_nested_branch_dag.py for tasks to queue
[2024-11-06T10:55:34.945-1100] {logging_mixin.py:190} INFO - [2024-11-06T10:55:34.944-1100] {dagbag.py:588} INFO - Filling up the DagBag from /home/ouaillaamiri/Development/lsi_3/airflow/venv/lib/python3.11/site-packages/airflow/example_dags/example_nested_branch_dag.py
[2024-11-06T10:55:34.967-1100] {processor.py:925} INFO - DAG(s) 'example_nested_branch_dag' retrieved from /home/ouaillaamiri/Development/lsi_3/airflow/venv/lib/python3.11/site-packages/airflow/example_dags/example_nested_branch_dag.py
[2024-11-06T10:55:35.031-1100] {logging_mixin.py:190} INFO - [2024-11-06T10:55:35.031-1100] {dag.py:3239} INFO - Sync 1 DAGs
[2024-11-06T10:55:35.090-1100] {logging_mixin.py:190} INFO - [2024-11-06T10:55:35.089-1100] {dag.py:4180} INFO - Setting next_dagrun for example_nested_branch_dag to 2024-11-05 00:00:00+00:00, run_after=2024-11-06 00:00:00+00:00
[2024-11-06T10:55:35.127-1100] {processor.py:208} INFO - Processing /home/ouaillaamiri/Development/lsi_3/airflow/venv/lib/python3.11/site-packages/airflow/example_dags/example_nested_branch_dag.py took 0.199 seconds
[2024-11-06T10:56:05.323-1100] {processor.py:186} INFO - Started process (PID=222038) to work on /home/ouaillaamiri/Development/lsi_3/airflow/venv/lib/python3.11/site-packages/airflow/example_dags/example_nested_branch_dag.py
[2024-11-06T10:56:05.325-1100] {processor.py:914} INFO - Processing file /home/ouaillaamiri/Development/lsi_3/airflow/venv/lib/python3.11/site-packages/airflow/example_dags/example_nested_branch_dag.py for tasks to queue
[2024-11-06T10:56:05.331-1100] {logging_mixin.py:190} INFO - [2024-11-06T10:56:05.329-1100] {dagbag.py:588} INFO - Filling up the DagBag from /home/ouaillaamiri/Development/lsi_3/airflow/venv/lib/python3.11/site-packages/airflow/example_dags/example_nested_branch_dag.py
[2024-11-06T10:56:05.359-1100] {processor.py:925} INFO - DAG(s) 'example_nested_branch_dag' retrieved from /home/ouaillaamiri/Development/lsi_3/airflow/venv/lib/python3.11/site-packages/airflow/example_dags/example_nested_branch_dag.py
[2024-11-06T10:56:05.426-1100] {logging_mixin.py:190} INFO - [2024-11-06T10:56:05.426-1100] {dag.py:3239} INFO - Sync 1 DAGs
[2024-11-06T10:56:05.477-1100] {logging_mixin.py:190} INFO - [2024-11-06T10:56:05.476-1100] {dag.py:4180} INFO - Setting next_dagrun for example_nested_branch_dag to 2024-11-05 00:00:00+00:00, run_after=2024-11-06 00:00:00+00:00
[2024-11-06T10:56:05.513-1100] {processor.py:208} INFO - Processing /home/ouaillaamiri/Development/lsi_3/airflow/venv/lib/python3.11/site-packages/airflow/example_dags/example_nested_branch_dag.py took 0.203 seconds
[2024-11-06T10:56:44.737-1100] {processor.py:186} INFO - Started process (PID=223157) to work on /home/ouaillaamiri/Development/lsi_3/airflow/venv/lib/python3.11/site-packages/airflow/example_dags/example_nested_branch_dag.py
[2024-11-06T10:56:44.739-1100] {processor.py:914} INFO - Processing file /home/ouaillaamiri/Development/lsi_3/airflow/venv/lib/python3.11/site-packages/airflow/example_dags/example_nested_branch_dag.py for tasks to queue
[2024-11-06T10:56:44.744-1100] {logging_mixin.py:190} INFO - [2024-11-06T10:56:44.743-1100] {dagbag.py:588} INFO - Filling up the DagBag from /home/ouaillaamiri/Development/lsi_3/airflow/venv/lib/python3.11/site-packages/airflow/example_dags/example_nested_branch_dag.py
[2024-11-06T10:56:44.766-1100] {processor.py:925} INFO - DAG(s) 'example_nested_branch_dag' retrieved from /home/ouaillaamiri/Development/lsi_3/airflow/venv/lib/python3.11/site-packages/airflow/example_dags/example_nested_branch_dag.py
[2024-11-06T10:56:44.829-1100] {logging_mixin.py:190} INFO - [2024-11-06T10:56:44.828-1100] {dag.py:3239} INFO - Sync 1 DAGs
[2024-11-06T10:56:44.871-1100] {logging_mixin.py:190} INFO - [2024-11-06T10:56:44.870-1100] {dag.py:4180} INFO - Setting next_dagrun for example_nested_branch_dag to 2024-11-05 00:00:00+00:00, run_after=2024-11-06 00:00:00+00:00
[2024-11-06T10:56:44.905-1100] {processor.py:208} INFO - Processing /home/ouaillaamiri/Development/lsi_3/airflow/venv/lib/python3.11/site-packages/airflow/example_dags/example_nested_branch_dag.py took 0.178 seconds
[2024-11-06T10:57:15.517-1100] {processor.py:186} INFO - Started process (PID=224275) to work on /home/ouaillaamiri/Development/lsi_3/airflow/venv/lib/python3.11/site-packages/airflow/example_dags/example_nested_branch_dag.py
[2024-11-06T10:57:15.519-1100] {processor.py:914} INFO - Processing file /home/ouaillaamiri/Development/lsi_3/airflow/venv/lib/python3.11/site-packages/airflow/example_dags/example_nested_branch_dag.py for tasks to queue
[2024-11-06T10:57:15.523-1100] {logging_mixin.py:190} INFO - [2024-11-06T10:57:15.522-1100] {dagbag.py:588} INFO - Filling up the DagBag from /home/ouaillaamiri/Development/lsi_3/airflow/venv/lib/python3.11/site-packages/airflow/example_dags/example_nested_branch_dag.py
[2024-11-06T10:57:15.544-1100] {processor.py:925} INFO - DAG(s) 'example_nested_branch_dag' retrieved from /home/ouaillaamiri/Development/lsi_3/airflow/venv/lib/python3.11/site-packages/airflow/example_dags/example_nested_branch_dag.py
[2024-11-06T10:57:15.608-1100] {logging_mixin.py:190} INFO - [2024-11-06T10:57:15.608-1100] {dag.py:3239} INFO - Sync 1 DAGs
[2024-11-06T10:57:15.655-1100] {logging_mixin.py:190} INFO - [2024-11-06T10:57:15.654-1100] {dag.py:4180} INFO - Setting next_dagrun for example_nested_branch_dag to 2024-11-05 00:00:00+00:00, run_after=2024-11-06 00:00:00+00:00
[2024-11-06T10:57:15.690-1100] {processor.py:208} INFO - Processing /home/ouaillaamiri/Development/lsi_3/airflow/venv/lib/python3.11/site-packages/airflow/example_dags/example_nested_branch_dag.py took 0.182 seconds
[2024-11-06T10:57:46.173-1100] {processor.py:186} INFO - Started process (PID=224984) to work on /home/ouaillaamiri/Development/lsi_3/airflow/venv/lib/python3.11/site-packages/airflow/example_dags/example_nested_branch_dag.py
[2024-11-06T10:57:46.177-1100] {processor.py:914} INFO - Processing file /home/ouaillaamiri/Development/lsi_3/airflow/venv/lib/python3.11/site-packages/airflow/example_dags/example_nested_branch_dag.py for tasks to queue
[2024-11-06T10:57:46.183-1100] {logging_mixin.py:190} INFO - [2024-11-06T10:57:46.182-1100] {dagbag.py:588} INFO - Filling up the DagBag from /home/ouaillaamiri/Development/lsi_3/airflow/venv/lib/python3.11/site-packages/airflow/example_dags/example_nested_branch_dag.py
[2024-11-06T10:57:46.212-1100] {processor.py:925} INFO - DAG(s) 'example_nested_branch_dag' retrieved from /home/ouaillaamiri/Development/lsi_3/airflow/venv/lib/python3.11/site-packages/airflow/example_dags/example_nested_branch_dag.py
[2024-11-06T10:57:46.298-1100] {logging_mixin.py:190} INFO - [2024-11-06T10:57:46.298-1100] {dag.py:3239} INFO - Sync 1 DAGs
[2024-11-06T10:57:46.365-1100] {logging_mixin.py:190} INFO - [2024-11-06T10:57:46.365-1100] {dag.py:4180} INFO - Setting next_dagrun for example_nested_branch_dag to 2024-11-05 00:00:00+00:00, run_after=2024-11-06 00:00:00+00:00
[2024-11-06T10:57:46.416-1100] {processor.py:208} INFO - Processing /home/ouaillaamiri/Development/lsi_3/airflow/venv/lib/python3.11/site-packages/airflow/example_dags/example_nested_branch_dag.py took 0.258 seconds
[2024-11-06T10:58:17.118-1100] {processor.py:186} INFO - Started process (PID=225684) to work on /home/ouaillaamiri/Development/lsi_3/airflow/venv/lib/python3.11/site-packages/airflow/example_dags/example_nested_branch_dag.py
[2024-11-06T10:58:17.120-1100] {processor.py:914} INFO - Processing file /home/ouaillaamiri/Development/lsi_3/airflow/venv/lib/python3.11/site-packages/airflow/example_dags/example_nested_branch_dag.py for tasks to queue
[2024-11-06T10:58:17.124-1100] {logging_mixin.py:190} INFO - [2024-11-06T10:58:17.123-1100] {dagbag.py:588} INFO - Filling up the DagBag from /home/ouaillaamiri/Development/lsi_3/airflow/venv/lib/python3.11/site-packages/airflow/example_dags/example_nested_branch_dag.py
[2024-11-06T10:58:17.148-1100] {processor.py:925} INFO - DAG(s) 'example_nested_branch_dag' retrieved from /home/ouaillaamiri/Development/lsi_3/airflow/venv/lib/python3.11/site-packages/airflow/example_dags/example_nested_branch_dag.py
[2024-11-06T10:58:17.215-1100] {logging_mixin.py:190} INFO - [2024-11-06T10:58:17.214-1100] {dag.py:3239} INFO - Sync 1 DAGs
[2024-11-06T10:58:17.262-1100] {logging_mixin.py:190} INFO - [2024-11-06T10:58:17.262-1100] {dag.py:4180} INFO - Setting next_dagrun for example_nested_branch_dag to 2024-11-05 00:00:00+00:00, run_after=2024-11-06 00:00:00+00:00
[2024-11-06T10:58:17.298-1100] {processor.py:208} INFO - Processing /home/ouaillaamiri/Development/lsi_3/airflow/venv/lib/python3.11/site-packages/airflow/example_dags/example_nested_branch_dag.py took 0.191 seconds
[2024-11-06T10:58:47.897-1100] {processor.py:186} INFO - Started process (PID=226407) to work on /home/ouaillaamiri/Development/lsi_3/airflow/venv/lib/python3.11/site-packages/airflow/example_dags/example_nested_branch_dag.py
[2024-11-06T10:58:47.901-1100] {processor.py:914} INFO - Processing file /home/ouaillaamiri/Development/lsi_3/airflow/venv/lib/python3.11/site-packages/airflow/example_dags/example_nested_branch_dag.py for tasks to queue
[2024-11-06T10:58:47.905-1100] {logging_mixin.py:190} INFO - [2024-11-06T10:58:47.904-1100] {dagbag.py:588} INFO - Filling up the DagBag from /home/ouaillaamiri/Development/lsi_3/airflow/venv/lib/python3.11/site-packages/airflow/example_dags/example_nested_branch_dag.py
[2024-11-06T10:58:47.929-1100] {processor.py:925} INFO - DAG(s) 'example_nested_branch_dag' retrieved from /home/ouaillaamiri/Development/lsi_3/airflow/venv/lib/python3.11/site-packages/airflow/example_dags/example_nested_branch_dag.py
[2024-11-06T10:58:48.001-1100] {logging_mixin.py:190} INFO - [2024-11-06T10:58:48.000-1100] {dag.py:3239} INFO - Sync 1 DAGs
[2024-11-06T10:58:48.058-1100] {logging_mixin.py:190} INFO - [2024-11-06T10:58:48.057-1100] {dag.py:4180} INFO - Setting next_dagrun for example_nested_branch_dag to 2024-11-05 00:00:00+00:00, run_after=2024-11-06 00:00:00+00:00
[2024-11-06T10:58:48.098-1100] {processor.py:208} INFO - Processing /home/ouaillaamiri/Development/lsi_3/airflow/venv/lib/python3.11/site-packages/airflow/example_dags/example_nested_branch_dag.py took 0.215 seconds
[2024-11-06T10:59:18.523-1100] {processor.py:186} INFO - Started process (PID=227113) to work on /home/ouaillaamiri/Development/lsi_3/airflow/venv/lib/python3.11/site-packages/airflow/example_dags/example_nested_branch_dag.py
[2024-11-06T10:59:18.525-1100] {processor.py:914} INFO - Processing file /home/ouaillaamiri/Development/lsi_3/airflow/venv/lib/python3.11/site-packages/airflow/example_dags/example_nested_branch_dag.py for tasks to queue
[2024-11-06T10:59:18.529-1100] {logging_mixin.py:190} INFO - [2024-11-06T10:59:18.528-1100] {dagbag.py:588} INFO - Filling up the DagBag from /home/ouaillaamiri/Development/lsi_3/airflow/venv/lib/python3.11/site-packages/airflow/example_dags/example_nested_branch_dag.py
[2024-11-06T10:59:18.553-1100] {processor.py:925} INFO - DAG(s) 'example_nested_branch_dag' retrieved from /home/ouaillaamiri/Development/lsi_3/airflow/venv/lib/python3.11/site-packages/airflow/example_dags/example_nested_branch_dag.py
[2024-11-06T10:59:18.610-1100] {logging_mixin.py:190} INFO - [2024-11-06T10:59:18.610-1100] {dag.py:3239} INFO - Sync 1 DAGs
[2024-11-06T10:59:18.656-1100] {logging_mixin.py:190} INFO - [2024-11-06T10:59:18.656-1100] {dag.py:4180} INFO - Setting next_dagrun for example_nested_branch_dag to 2024-11-05 00:00:00+00:00, run_after=2024-11-06 00:00:00+00:00
[2024-11-06T10:59:18.693-1100] {processor.py:208} INFO - Processing /home/ouaillaamiri/Development/lsi_3/airflow/venv/lib/python3.11/site-packages/airflow/example_dags/example_nested_branch_dag.py took 0.181 seconds
[2024-11-06T10:59:49.626-1100] {processor.py:186} INFO - Started process (PID=227506) to work on /home/ouaillaamiri/Development/lsi_3/airflow/venv/lib/python3.11/site-packages/airflow/example_dags/example_nested_branch_dag.py
[2024-11-06T10:59:49.630-1100] {processor.py:914} INFO - Processing file /home/ouaillaamiri/Development/lsi_3/airflow/venv/lib/python3.11/site-packages/airflow/example_dags/example_nested_branch_dag.py for tasks to queue
[2024-11-06T10:59:49.634-1100] {logging_mixin.py:190} INFO - [2024-11-06T10:59:49.634-1100] {dagbag.py:588} INFO - Filling up the DagBag from /home/ouaillaamiri/Development/lsi_3/airflow/venv/lib/python3.11/site-packages/airflow/example_dags/example_nested_branch_dag.py
[2024-11-06T10:59:49.661-1100] {processor.py:925} INFO - DAG(s) 'example_nested_branch_dag' retrieved from /home/ouaillaamiri/Development/lsi_3/airflow/venv/lib/python3.11/site-packages/airflow/example_dags/example_nested_branch_dag.py
[2024-11-06T10:59:49.719-1100] {logging_mixin.py:190} INFO - [2024-11-06T10:59:49.718-1100] {dag.py:3239} INFO - Sync 1 DAGs
[2024-11-06T10:59:49.760-1100] {logging_mixin.py:190} INFO - [2024-11-06T10:59:49.760-1100] {dag.py:4180} INFO - Setting next_dagrun for example_nested_branch_dag to 2024-11-05 00:00:00+00:00, run_after=2024-11-06 00:00:00+00:00
[2024-11-06T10:59:49.799-1100] {processor.py:208} INFO - Processing /home/ouaillaamiri/Development/lsi_3/airflow/venv/lib/python3.11/site-packages/airflow/example_dags/example_nested_branch_dag.py took 0.187 seconds
[2024-11-06T11:00:56.180-1100] {processor.py:186} INFO - Started process (PID=228686) to work on /home/ouaillaamiri/Development/lsi_3/airflow/venv/lib/python3.11/site-packages/airflow/example_dags/example_nested_branch_dag.py
[2024-11-06T11:00:56.183-1100] {processor.py:914} INFO - Processing file /home/ouaillaamiri/Development/lsi_3/airflow/venv/lib/python3.11/site-packages/airflow/example_dags/example_nested_branch_dag.py for tasks to queue
[2024-11-06T11:00:56.189-1100] {logging_mixin.py:190} INFO - [2024-11-06T11:00:56.188-1100] {dagbag.py:588} INFO - Filling up the DagBag from /home/ouaillaamiri/Development/lsi_3/airflow/venv/lib/python3.11/site-packages/airflow/example_dags/example_nested_branch_dag.py
[2024-11-06T11:00:56.221-1100] {processor.py:925} INFO - DAG(s) 'example_nested_branch_dag' retrieved from /home/ouaillaamiri/Development/lsi_3/airflow/venv/lib/python3.11/site-packages/airflow/example_dags/example_nested_branch_dag.py
[2024-11-06T11:00:56.293-1100] {logging_mixin.py:190} INFO - [2024-11-06T11:00:56.292-1100] {dag.py:3239} INFO - Sync 1 DAGs
[2024-11-06T11:00:56.344-1100] {logging_mixin.py:190} INFO - [2024-11-06T11:00:56.343-1100] {dag.py:4180} INFO - Setting next_dagrun for example_nested_branch_dag to 2024-11-05 00:00:00+00:00, run_after=2024-11-06 00:00:00+00:00
[2024-11-06T11:00:56.390-1100] {processor.py:208} INFO - Processing /home/ouaillaamiri/Development/lsi_3/airflow/venv/lib/python3.11/site-packages/airflow/example_dags/example_nested_branch_dag.py took 0.224 seconds
[2024-11-06T11:01:26.755-1100] {processor.py:186} INFO - Started process (PID=229286) to work on /home/ouaillaamiri/Development/lsi_3/airflow/venv/lib/python3.11/site-packages/airflow/example_dags/example_nested_branch_dag.py
[2024-11-06T11:01:26.757-1100] {processor.py:914} INFO - Processing file /home/ouaillaamiri/Development/lsi_3/airflow/venv/lib/python3.11/site-packages/airflow/example_dags/example_nested_branch_dag.py for tasks to queue
[2024-11-06T11:01:26.763-1100] {logging_mixin.py:190} INFO - [2024-11-06T11:01:26.762-1100] {dagbag.py:588} INFO - Filling up the DagBag from /home/ouaillaamiri/Development/lsi_3/airflow/venv/lib/python3.11/site-packages/airflow/example_dags/example_nested_branch_dag.py
[2024-11-06T11:01:26.793-1100] {processor.py:925} INFO - DAG(s) 'example_nested_branch_dag' retrieved from /home/ouaillaamiri/Development/lsi_3/airflow/venv/lib/python3.11/site-packages/airflow/example_dags/example_nested_branch_dag.py
[2024-11-06T11:01:26.868-1100] {logging_mixin.py:190} INFO - [2024-11-06T11:01:26.867-1100] {dag.py:3239} INFO - Sync 1 DAGs
[2024-11-06T11:01:26.923-1100] {logging_mixin.py:190} INFO - [2024-11-06T11:01:26.923-1100] {dag.py:4180} INFO - Setting next_dagrun for example_nested_branch_dag to 2024-11-05 00:00:00+00:00, run_after=2024-11-06 00:00:00+00:00
[2024-11-06T11:01:26.972-1100] {processor.py:208} INFO - Processing /home/ouaillaamiri/Development/lsi_3/airflow/venv/lib/python3.11/site-packages/airflow/example_dags/example_nested_branch_dag.py took 0.232 seconds
[2024-11-06T11:01:57.329-1100] {processor.py:186} INFO - Started process (PID=229662) to work on /home/ouaillaamiri/Development/lsi_3/airflow/venv/lib/python3.11/site-packages/airflow/example_dags/example_nested_branch_dag.py
[2024-11-06T11:01:57.331-1100] {processor.py:914} INFO - Processing file /home/ouaillaamiri/Development/lsi_3/airflow/venv/lib/python3.11/site-packages/airflow/example_dags/example_nested_branch_dag.py for tasks to queue
[2024-11-06T11:01:57.336-1100] {logging_mixin.py:190} INFO - [2024-11-06T11:01:57.335-1100] {dagbag.py:588} INFO - Filling up the DagBag from /home/ouaillaamiri/Development/lsi_3/airflow/venv/lib/python3.11/site-packages/airflow/example_dags/example_nested_branch_dag.py
[2024-11-06T11:01:57.363-1100] {processor.py:925} INFO - DAG(s) 'example_nested_branch_dag' retrieved from /home/ouaillaamiri/Development/lsi_3/airflow/venv/lib/python3.11/site-packages/airflow/example_dags/example_nested_branch_dag.py
[2024-11-06T11:01:57.428-1100] {logging_mixin.py:190} INFO - [2024-11-06T11:01:57.427-1100] {dag.py:3239} INFO - Sync 1 DAGs
[2024-11-06T11:01:57.482-1100] {logging_mixin.py:190} INFO - [2024-11-06T11:01:57.482-1100] {dag.py:4180} INFO - Setting next_dagrun for example_nested_branch_dag to 2024-11-05 00:00:00+00:00, run_after=2024-11-06 00:00:00+00:00
[2024-11-06T11:01:57.528-1100] {processor.py:208} INFO - Processing /home/ouaillaamiri/Development/lsi_3/airflow/venv/lib/python3.11/site-packages/airflow/example_dags/example_nested_branch_dag.py took 0.215 seconds
[2024-11-06T11:02:27.917-1100] {processor.py:186} INFO - Started process (PID=230255) to work on /home/ouaillaamiri/Development/lsi_3/airflow/venv/lib/python3.11/site-packages/airflow/example_dags/example_nested_branch_dag.py
[2024-11-06T11:02:27.920-1100] {processor.py:914} INFO - Processing file /home/ouaillaamiri/Development/lsi_3/airflow/venv/lib/python3.11/site-packages/airflow/example_dags/example_nested_branch_dag.py for tasks to queue
[2024-11-06T11:02:27.925-1100] {logging_mixin.py:190} INFO - [2024-11-06T11:02:27.924-1100] {dagbag.py:588} INFO - Filling up the DagBag from /home/ouaillaamiri/Development/lsi_3/airflow/venv/lib/python3.11/site-packages/airflow/example_dags/example_nested_branch_dag.py
[2024-11-06T11:02:27.947-1100] {processor.py:925} INFO - DAG(s) 'example_nested_branch_dag' retrieved from /home/ouaillaamiri/Development/lsi_3/airflow/venv/lib/python3.11/site-packages/airflow/example_dags/example_nested_branch_dag.py
[2024-11-06T11:02:28.014-1100] {logging_mixin.py:190} INFO - [2024-11-06T11:02:28.013-1100] {dag.py:3239} INFO - Sync 1 DAGs
[2024-11-06T11:02:28.062-1100] {logging_mixin.py:190} INFO - [2024-11-06T11:02:28.061-1100] {dag.py:4180} INFO - Setting next_dagrun for example_nested_branch_dag to 2024-11-05 00:00:00+00:00, run_after=2024-11-06 00:00:00+00:00
[2024-11-06T11:02:28.101-1100] {processor.py:208} INFO - Processing /home/ouaillaamiri/Development/lsi_3/airflow/venv/lib/python3.11/site-packages/airflow/example_dags/example_nested_branch_dag.py took 0.196 seconds
[2024-11-06T11:02:58.733-1100] {processor.py:186} INFO - Started process (PID=231242) to work on /home/ouaillaamiri/Development/lsi_3/airflow/venv/lib/python3.11/site-packages/airflow/example_dags/example_nested_branch_dag.py
[2024-11-06T11:02:58.735-1100] {processor.py:914} INFO - Processing file /home/ouaillaamiri/Development/lsi_3/airflow/venv/lib/python3.11/site-packages/airflow/example_dags/example_nested_branch_dag.py for tasks to queue
[2024-11-06T11:02:58.740-1100] {logging_mixin.py:190} INFO - [2024-11-06T11:02:58.739-1100] {dagbag.py:588} INFO - Filling up the DagBag from /home/ouaillaamiri/Development/lsi_3/airflow/venv/lib/python3.11/site-packages/airflow/example_dags/example_nested_branch_dag.py
[2024-11-06T11:02:58.767-1100] {processor.py:925} INFO - DAG(s) 'example_nested_branch_dag' retrieved from /home/ouaillaamiri/Development/lsi_3/airflow/venv/lib/python3.11/site-packages/airflow/example_dags/example_nested_branch_dag.py
[2024-11-06T11:02:58.840-1100] {logging_mixin.py:190} INFO - [2024-11-06T11:02:58.840-1100] {dag.py:3239} INFO - Sync 1 DAGs
[2024-11-06T11:02:58.891-1100] {logging_mixin.py:190} INFO - [2024-11-06T11:02:58.891-1100] {dag.py:4180} INFO - Setting next_dagrun for example_nested_branch_dag to 2024-11-05 00:00:00+00:00, run_after=2024-11-06 00:00:00+00:00
[2024-11-06T11:02:58.936-1100] {processor.py:208} INFO - Processing /home/ouaillaamiri/Development/lsi_3/airflow/venv/lib/python3.11/site-packages/airflow/example_dags/example_nested_branch_dag.py took 0.217 seconds
[2024-11-06T11:03:29.449-1100] {processor.py:186} INFO - Started process (PID=231602) to work on /home/ouaillaamiri/Development/lsi_3/airflow/venv/lib/python3.11/site-packages/airflow/example_dags/example_nested_branch_dag.py
[2024-11-06T11:03:29.452-1100] {processor.py:914} INFO - Processing file /home/ouaillaamiri/Development/lsi_3/airflow/venv/lib/python3.11/site-packages/airflow/example_dags/example_nested_branch_dag.py for tasks to queue
[2024-11-06T11:03:29.457-1100] {logging_mixin.py:190} INFO - [2024-11-06T11:03:29.456-1100] {dagbag.py:588} INFO - Filling up the DagBag from /home/ouaillaamiri/Development/lsi_3/airflow/venv/lib/python3.11/site-packages/airflow/example_dags/example_nested_branch_dag.py
[2024-11-06T11:03:29.499-1100] {processor.py:925} INFO - DAG(s) 'example_nested_branch_dag' retrieved from /home/ouaillaamiri/Development/lsi_3/airflow/venv/lib/python3.11/site-packages/airflow/example_dags/example_nested_branch_dag.py
[2024-11-06T11:03:29.586-1100] {logging_mixin.py:190} INFO - [2024-11-06T11:03:29.586-1100] {dag.py:3239} INFO - Sync 1 DAGs
[2024-11-06T11:03:29.656-1100] {logging_mixin.py:190} INFO - [2024-11-06T11:03:29.655-1100] {dag.py:4180} INFO - Setting next_dagrun for example_nested_branch_dag to 2024-11-05 00:00:00+00:00, run_after=2024-11-06 00:00:00+00:00
[2024-11-06T11:03:29.707-1100] {processor.py:208} INFO - Processing /home/ouaillaamiri/Development/lsi_3/airflow/venv/lib/python3.11/site-packages/airflow/example_dags/example_nested_branch_dag.py took 0.273 seconds
[2024-11-06T11:03:59.858-1100] {processor.py:186} INFO - Started process (PID=232278) to work on /home/ouaillaamiri/Development/lsi_3/airflow/venv/lib/python3.11/site-packages/airflow/example_dags/example_nested_branch_dag.py
[2024-11-06T11:03:59.860-1100] {processor.py:914} INFO - Processing file /home/ouaillaamiri/Development/lsi_3/airflow/venv/lib/python3.11/site-packages/airflow/example_dags/example_nested_branch_dag.py for tasks to queue
[2024-11-06T11:03:59.864-1100] {logging_mixin.py:190} INFO - [2024-11-06T11:03:59.864-1100] {dagbag.py:588} INFO - Filling up the DagBag from /home/ouaillaamiri/Development/lsi_3/airflow/venv/lib/python3.11/site-packages/airflow/example_dags/example_nested_branch_dag.py
[2024-11-06T11:03:59.885-1100] {processor.py:925} INFO - DAG(s) 'example_nested_branch_dag' retrieved from /home/ouaillaamiri/Development/lsi_3/airflow/venv/lib/python3.11/site-packages/airflow/example_dags/example_nested_branch_dag.py
[2024-11-06T11:03:59.946-1100] {logging_mixin.py:190} INFO - [2024-11-06T11:03:59.946-1100] {dag.py:3239} INFO - Sync 1 DAGs
[2024-11-06T11:03:59.993-1100] {logging_mixin.py:190} INFO - [2024-11-06T11:03:59.992-1100] {dag.py:4180} INFO - Setting next_dagrun for example_nested_branch_dag to 2024-11-05 00:00:00+00:00, run_after=2024-11-06 00:00:00+00:00
[2024-11-06T11:04:00.030-1100] {processor.py:208} INFO - Processing /home/ouaillaamiri/Development/lsi_3/airflow/venv/lib/python3.11/site-packages/airflow/example_dags/example_nested_branch_dag.py took 0.181 seconds
[2024-11-06T11:04:30.528-1100] {processor.py:186} INFO - Started process (PID=232648) to work on /home/ouaillaamiri/Development/lsi_3/airflow/venv/lib/python3.11/site-packages/airflow/example_dags/example_nested_branch_dag.py
[2024-11-06T11:04:30.530-1100] {processor.py:914} INFO - Processing file /home/ouaillaamiri/Development/lsi_3/airflow/venv/lib/python3.11/site-packages/airflow/example_dags/example_nested_branch_dag.py for tasks to queue
[2024-11-06T11:04:30.535-1100] {logging_mixin.py:190} INFO - [2024-11-06T11:04:30.534-1100] {dagbag.py:588} INFO - Filling up the DagBag from /home/ouaillaamiri/Development/lsi_3/airflow/venv/lib/python3.11/site-packages/airflow/example_dags/example_nested_branch_dag.py
[2024-11-06T11:04:30.581-1100] {processor.py:925} INFO - DAG(s) 'example_nested_branch_dag' retrieved from /home/ouaillaamiri/Development/lsi_3/airflow/venv/lib/python3.11/site-packages/airflow/example_dags/example_nested_branch_dag.py
[2024-11-06T11:04:30.662-1100] {logging_mixin.py:190} INFO - [2024-11-06T11:04:30.662-1100] {dag.py:3239} INFO - Sync 1 DAGs
[2024-11-06T11:04:30.738-1100] {logging_mixin.py:190} INFO - [2024-11-06T11:04:30.738-1100] {dag.py:4180} INFO - Setting next_dagrun for example_nested_branch_dag to 2024-11-05 00:00:00+00:00, run_after=2024-11-06 00:00:00+00:00
[2024-11-06T11:04:30.785-1100] {processor.py:208} INFO - Processing /home/ouaillaamiri/Development/lsi_3/airflow/venv/lib/python3.11/site-packages/airflow/example_dags/example_nested_branch_dag.py took 0.272 seconds
