[2024-11-06T10:53:35.301-1100] {processor.py:186} INFO - Started process (PID=219578) to work on /home/ouaillaamiri/Development/lsi_3/airflow/venv/lib/python3.11/site-packages/airflow/example_dags/example_inlet_event_extra.py
[2024-11-06T10:53:35.303-1100] {processor.py:914} INFO - Processing file /home/ouaillaamiri/Development/lsi_3/airflow/venv/lib/python3.11/site-packages/airflow/example_dags/example_inlet_event_extra.py for tasks to queue
[2024-11-06T10:53:35.306-1100] {logging_mixin.py:190} INFO - [2024-11-06T10:53:35.306-1100] {dagbag.py:588} INFO - Filling up the DagBag from /home/ouaillaamiri/Development/lsi_3/airflow/venv/lib/python3.11/site-packages/airflow/example_dags/example_inlet_event_extra.py
[2024-11-06T10:53:35.330-1100] {processor.py:925} INFO - DAG(s) 'read_dataset_event', 'read_dataset_event_from_classic' retrieved from /home/ouaillaamiri/Development/lsi_3/airflow/venv/lib/python3.11/site-packages/airflow/example_dags/example_inlet_event_extra.py
[2024-11-06T10:53:35.531-1100] {logging_mixin.py:190} INFO - [2024-11-06T10:53:35.530-1100] {override.py:1911} INFO - Created Permission View: can edit on DAG:read_dataset_event
[2024-11-06T10:53:35.551-1100] {logging_mixin.py:190} INFO - [2024-11-06T10:53:35.550-1100] {override.py:1911} INFO - Created Permission View: can delete on DAG:read_dataset_event
[2024-11-06T10:53:35.568-1100] {logging_mixin.py:190} INFO - [2024-11-06T10:53:35.567-1100] {override.py:1911} INFO - Created Permission View: can read on DAG:read_dataset_event
[2024-11-06T10:53:35.584-1100] {logging_mixin.py:190} INFO - [2024-11-06T10:53:35.583-1100] {override.py:1911} INFO - Created Permission View: can delete on DAG Run:read_dataset_event
[2024-11-06T10:53:35.596-1100] {logging_mixin.py:190} INFO - [2024-11-06T10:53:35.596-1100] {override.py:1911} INFO - Created Permission View: can create on DAG Run:read_dataset_event
[2024-11-06T10:53:35.609-1100] {logging_mixin.py:190} INFO - [2024-11-06T10:53:35.609-1100] {override.py:1911} INFO - Created Permission View: menu access on DAG Run:read_dataset_event
[2024-11-06T10:53:35.622-1100] {logging_mixin.py:190} INFO - [2024-11-06T10:53:35.621-1100] {override.py:1911} INFO - Created Permission View: can read on DAG Run:read_dataset_event
[2024-11-06T10:53:35.647-1100] {logging_mixin.py:190} INFO - [2024-11-06T10:53:35.647-1100] {override.py:1911} INFO - Created Permission View: can edit on DAG:read_dataset_event_from_classic
[2024-11-06T10:53:35.661-1100] {logging_mixin.py:190} INFO - [2024-11-06T10:53:35.661-1100] {override.py:1911} INFO - Created Permission View: can delete on DAG:read_dataset_event_from_classic
[2024-11-06T10:53:35.675-1100] {logging_mixin.py:190} INFO - [2024-11-06T10:53:35.674-1100] {override.py:1911} INFO - Created Permission View: can read on DAG:read_dataset_event_from_classic
[2024-11-06T10:53:35.690-1100] {logging_mixin.py:190} INFO - [2024-11-06T10:53:35.690-1100] {override.py:1911} INFO - Created Permission View: can delete on DAG Run:read_dataset_event_from_classic
[2024-11-06T10:53:35.705-1100] {logging_mixin.py:190} INFO - [2024-11-06T10:53:35.704-1100] {override.py:1911} INFO - Created Permission View: can create on DAG Run:read_dataset_event_from_classic
[2024-11-06T10:53:35.717-1100] {logging_mixin.py:190} INFO - [2024-11-06T10:53:35.717-1100] {override.py:1911} INFO - Created Permission View: menu access on DAG Run:read_dataset_event_from_classic
[2024-11-06T10:53:35.731-1100] {logging_mixin.py:190} INFO - [2024-11-06T10:53:35.730-1100] {override.py:1911} INFO - Created Permission View: can read on DAG Run:read_dataset_event_from_classic
[2024-11-06T10:53:35.731-1100] {logging_mixin.py:190} INFO - [2024-11-06T10:53:35.731-1100] {dag.py:3239} INFO - Sync 2 DAGs
[2024-11-06T10:53:35.758-1100] {logging_mixin.py:190} INFO - [2024-11-06T10:53:35.758-1100] {dag.py:3262} INFO - Creating ORM DAG for read_dataset_event
[2024-11-06T10:53:35.760-1100] {logging_mixin.py:190} INFO - [2024-11-06T10:53:35.759-1100] {dag.py:3262} INFO - Creating ORM DAG for read_dataset_event_from_classic
[2024-11-06T10:53:35.780-1100] {logging_mixin.py:190} INFO - [2024-11-06T10:53:35.780-1100] {dag.py:4180} INFO - Setting next_dagrun for read_dataset_event to 2024-11-05 00:00:00+00:00, run_after=2024-11-06 00:00:00+00:00
[2024-11-06T10:53:35.784-1100] {logging_mixin.py:190} INFO - [2024-11-06T10:53:35.784-1100] {dag.py:4180} INFO - Setting next_dagrun for read_dataset_event_from_classic to 2024-11-05 00:00:00+00:00, run_after=2024-11-06 00:00:00+00:00
[2024-11-06T10:53:35.822-1100] {processor.py:208} INFO - Processing /home/ouaillaamiri/Development/lsi_3/airflow/venv/lib/python3.11/site-packages/airflow/example_dags/example_inlet_event_extra.py took 0.531 seconds
[2024-11-06T10:54:06.479-1100] {processor.py:186} INFO - Started process (PID=220303) to work on /home/ouaillaamiri/Development/lsi_3/airflow/venv/lib/python3.11/site-packages/airflow/example_dags/example_inlet_event_extra.py
[2024-11-06T10:54:06.481-1100] {processor.py:914} INFO - Processing file /home/ouaillaamiri/Development/lsi_3/airflow/venv/lib/python3.11/site-packages/airflow/example_dags/example_inlet_event_extra.py for tasks to queue
[2024-11-06T10:54:06.484-1100] {logging_mixin.py:190} INFO - [2024-11-06T10:54:06.484-1100] {dagbag.py:588} INFO - Filling up the DagBag from /home/ouaillaamiri/Development/lsi_3/airflow/venv/lib/python3.11/site-packages/airflow/example_dags/example_inlet_event_extra.py
[2024-11-06T10:54:06.507-1100] {processor.py:925} INFO - DAG(s) 'read_dataset_event', 'read_dataset_event_from_classic' retrieved from /home/ouaillaamiri/Development/lsi_3/airflow/venv/lib/python3.11/site-packages/airflow/example_dags/example_inlet_event_extra.py
[2024-11-06T10:54:06.565-1100] {logging_mixin.py:190} INFO - [2024-11-06T10:54:06.564-1100] {dag.py:3239} INFO - Sync 2 DAGs
[2024-11-06T10:54:06.613-1100] {logging_mixin.py:190} INFO - [2024-11-06T10:54:06.612-1100] {dag.py:4180} INFO - Setting next_dagrun for read_dataset_event to 2024-11-05 00:00:00+00:00, run_after=2024-11-06 00:00:00+00:00
[2024-11-06T10:54:06.622-1100] {logging_mixin.py:190} INFO - [2024-11-06T10:54:06.621-1100] {dag.py:4180} INFO - Setting next_dagrun for read_dataset_event_from_classic to 2024-11-05 00:00:00+00:00, run_after=2024-11-06 00:00:00+00:00
[2024-11-06T10:54:06.653-1100] {processor.py:208} INFO - Processing /home/ouaillaamiri/Development/lsi_3/airflow/venv/lib/python3.11/site-packages/airflow/example_dags/example_inlet_event_extra.py took 0.184 seconds
[2024-11-06T10:54:36.793-1100] {processor.py:186} INFO - Started process (PID=220671) to work on /home/ouaillaamiri/Development/lsi_3/airflow/venv/lib/python3.11/site-packages/airflow/example_dags/example_inlet_event_extra.py
[2024-11-06T10:54:36.795-1100] {processor.py:914} INFO - Processing file /home/ouaillaamiri/Development/lsi_3/airflow/venv/lib/python3.11/site-packages/airflow/example_dags/example_inlet_event_extra.py for tasks to queue
[2024-11-06T10:54:36.799-1100] {logging_mixin.py:190} INFO - [2024-11-06T10:54:36.799-1100] {dagbag.py:588} INFO - Filling up the DagBag from /home/ouaillaamiri/Development/lsi_3/airflow/venv/lib/python3.11/site-packages/airflow/example_dags/example_inlet_event_extra.py
[2024-11-06T10:54:36.826-1100] {processor.py:925} INFO - DAG(s) 'read_dataset_event', 'read_dataset_event_from_classic' retrieved from /home/ouaillaamiri/Development/lsi_3/airflow/venv/lib/python3.11/site-packages/airflow/example_dags/example_inlet_event_extra.py
[2024-11-06T10:54:36.889-1100] {logging_mixin.py:190} INFO - [2024-11-06T10:54:36.888-1100] {dag.py:3239} INFO - Sync 2 DAGs
[2024-11-06T10:54:36.934-1100] {logging_mixin.py:190} INFO - [2024-11-06T10:54:36.933-1100] {dag.py:4180} INFO - Setting next_dagrun for read_dataset_event to 2024-11-05 00:00:00+00:00, run_after=2024-11-06 00:00:00+00:00
[2024-11-06T10:54:36.942-1100] {logging_mixin.py:190} INFO - [2024-11-06T10:54:36.942-1100] {dag.py:4180} INFO - Setting next_dagrun for read_dataset_event_from_classic to 2024-11-05 00:00:00+00:00, run_after=2024-11-06 00:00:00+00:00
[2024-11-06T10:54:36.976-1100] {processor.py:208} INFO - Processing /home/ouaillaamiri/Development/lsi_3/airflow/venv/lib/python3.11/site-packages/airflow/example_dags/example_inlet_event_extra.py took 0.199 seconds
[2024-11-06T10:55:07.102-1100] {processor.py:186} INFO - Started process (PID=221210) to work on /home/ouaillaamiri/Development/lsi_3/airflow/venv/lib/python3.11/site-packages/airflow/example_dags/example_inlet_event_extra.py
[2024-11-06T10:55:07.104-1100] {processor.py:914} INFO - Processing file /home/ouaillaamiri/Development/lsi_3/airflow/venv/lib/python3.11/site-packages/airflow/example_dags/example_inlet_event_extra.py for tasks to queue
[2024-11-06T10:55:07.108-1100] {logging_mixin.py:190} INFO - [2024-11-06T10:55:07.107-1100] {dagbag.py:588} INFO - Filling up the DagBag from /home/ouaillaamiri/Development/lsi_3/airflow/venv/lib/python3.11/site-packages/airflow/example_dags/example_inlet_event_extra.py
[2024-11-06T10:55:07.132-1100] {processor.py:925} INFO - DAG(s) 'read_dataset_event_from_classic', 'read_dataset_event' retrieved from /home/ouaillaamiri/Development/lsi_3/airflow/venv/lib/python3.11/site-packages/airflow/example_dags/example_inlet_event_extra.py
[2024-11-06T10:55:07.201-1100] {logging_mixin.py:190} INFO - [2024-11-06T10:55:07.201-1100] {dag.py:3239} INFO - Sync 2 DAGs
[2024-11-06T10:55:07.249-1100] {logging_mixin.py:190} INFO - [2024-11-06T10:55:07.249-1100] {dag.py:4180} INFO - Setting next_dagrun for read_dataset_event to 2024-11-05 00:00:00+00:00, run_after=2024-11-06 00:00:00+00:00
[2024-11-06T10:55:07.258-1100] {logging_mixin.py:190} INFO - [2024-11-06T10:55:07.258-1100] {dag.py:4180} INFO - Setting next_dagrun for read_dataset_event_from_classic to 2024-11-05 00:00:00+00:00, run_after=2024-11-06 00:00:00+00:00
[2024-11-06T10:55:07.293-1100] {processor.py:208} INFO - Processing /home/ouaillaamiri/Development/lsi_3/airflow/venv/lib/python3.11/site-packages/airflow/example_dags/example_inlet_event_extra.py took 0.203 seconds
[2024-11-06T10:55:37.385-1100] {processor.py:186} INFO - Started process (PID=221737) to work on /home/ouaillaamiri/Development/lsi_3/airflow/venv/lib/python3.11/site-packages/airflow/example_dags/example_inlet_event_extra.py
[2024-11-06T10:55:37.386-1100] {processor.py:914} INFO - Processing file /home/ouaillaamiri/Development/lsi_3/airflow/venv/lib/python3.11/site-packages/airflow/example_dags/example_inlet_event_extra.py for tasks to queue
[2024-11-06T10:55:37.390-1100] {logging_mixin.py:190} INFO - [2024-11-06T10:55:37.389-1100] {dagbag.py:588} INFO - Filling up the DagBag from /home/ouaillaamiri/Development/lsi_3/airflow/venv/lib/python3.11/site-packages/airflow/example_dags/example_inlet_event_extra.py
[2024-11-06T10:55:37.414-1100] {processor.py:925} INFO - DAG(s) 'read_dataset_event', 'read_dataset_event_from_classic' retrieved from /home/ouaillaamiri/Development/lsi_3/airflow/venv/lib/python3.11/site-packages/airflow/example_dags/example_inlet_event_extra.py
[2024-11-06T10:55:37.475-1100] {logging_mixin.py:190} INFO - [2024-11-06T10:55:37.474-1100] {dag.py:3239} INFO - Sync 2 DAGs
[2024-11-06T10:55:37.526-1100] {logging_mixin.py:190} INFO - [2024-11-06T10:55:37.526-1100] {dag.py:4180} INFO - Setting next_dagrun for read_dataset_event to 2024-11-05 00:00:00+00:00, run_after=2024-11-06 00:00:00+00:00
[2024-11-06T10:55:37.536-1100] {logging_mixin.py:190} INFO - [2024-11-06T10:55:37.535-1100] {dag.py:4180} INFO - Setting next_dagrun for read_dataset_event_from_classic to 2024-11-05 00:00:00+00:00, run_after=2024-11-06 00:00:00+00:00
[2024-11-06T10:55:37.576-1100] {processor.py:208} INFO - Processing /home/ouaillaamiri/Development/lsi_3/airflow/venv/lib/python3.11/site-packages/airflow/example_dags/example_inlet_event_extra.py took 0.200 seconds
[2024-11-06T10:56:08.154-1100] {processor.py:186} INFO - Started process (PID=222120) to work on /home/ouaillaamiri/Development/lsi_3/airflow/venv/lib/python3.11/site-packages/airflow/example_dags/example_inlet_event_extra.py
[2024-11-06T10:56:08.156-1100] {processor.py:914} INFO - Processing file /home/ouaillaamiri/Development/lsi_3/airflow/venv/lib/python3.11/site-packages/airflow/example_dags/example_inlet_event_extra.py for tasks to queue
[2024-11-06T10:56:08.162-1100] {logging_mixin.py:190} INFO - [2024-11-06T10:56:08.161-1100] {dagbag.py:588} INFO - Filling up the DagBag from /home/ouaillaamiri/Development/lsi_3/airflow/venv/lib/python3.11/site-packages/airflow/example_dags/example_inlet_event_extra.py
[2024-11-06T10:56:08.194-1100] {processor.py:925} INFO - DAG(s) 'read_dataset_event_from_classic', 'read_dataset_event' retrieved from /home/ouaillaamiri/Development/lsi_3/airflow/venv/lib/python3.11/site-packages/airflow/example_dags/example_inlet_event_extra.py
[2024-11-06T10:56:08.269-1100] {logging_mixin.py:190} INFO - [2024-11-06T10:56:08.268-1100] {dag.py:3239} INFO - Sync 2 DAGs
[2024-11-06T10:56:08.322-1100] {logging_mixin.py:190} INFO - [2024-11-06T10:56:08.321-1100] {dag.py:4180} INFO - Setting next_dagrun for read_dataset_event to 2024-11-05 00:00:00+00:00, run_after=2024-11-06 00:00:00+00:00
[2024-11-06T10:56:08.331-1100] {logging_mixin.py:190} INFO - [2024-11-06T10:56:08.331-1100] {dag.py:4180} INFO - Setting next_dagrun for read_dataset_event_from_classic to 2024-11-05 00:00:00+00:00, run_after=2024-11-06 00:00:00+00:00
[2024-11-06T10:56:08.364-1100] {processor.py:208} INFO - Processing /home/ouaillaamiri/Development/lsi_3/airflow/venv/lib/python3.11/site-packages/airflow/example_dags/example_inlet_event_extra.py took 0.223 seconds
[2024-11-06T10:56:46.597-1100] {processor.py:186} INFO - Started process (PID=223320) to work on /home/ouaillaamiri/Development/lsi_3/airflow/venv/lib/python3.11/site-packages/airflow/example_dags/example_inlet_event_extra.py
[2024-11-06T10:56:46.598-1100] {processor.py:914} INFO - Processing file /home/ouaillaamiri/Development/lsi_3/airflow/venv/lib/python3.11/site-packages/airflow/example_dags/example_inlet_event_extra.py for tasks to queue
[2024-11-06T10:56:46.601-1100] {logging_mixin.py:190} INFO - [2024-11-06T10:56:46.601-1100] {dagbag.py:588} INFO - Filling up the DagBag from /home/ouaillaamiri/Development/lsi_3/airflow/venv/lib/python3.11/site-packages/airflow/example_dags/example_inlet_event_extra.py
[2024-11-06T10:56:46.622-1100] {processor.py:925} INFO - DAG(s) 'read_dataset_event', 'read_dataset_event_from_classic' retrieved from /home/ouaillaamiri/Development/lsi_3/airflow/venv/lib/python3.11/site-packages/airflow/example_dags/example_inlet_event_extra.py
[2024-11-06T10:56:46.686-1100] {logging_mixin.py:190} INFO - [2024-11-06T10:56:46.685-1100] {dag.py:3239} INFO - Sync 2 DAGs
[2024-11-06T10:56:46.748-1100] {logging_mixin.py:190} INFO - [2024-11-06T10:56:46.748-1100] {dag.py:4180} INFO - Setting next_dagrun for read_dataset_event to 2024-11-05 00:00:00+00:00, run_after=2024-11-06 00:00:00+00:00
[2024-11-06T10:56:46.763-1100] {logging_mixin.py:190} INFO - [2024-11-06T10:56:46.763-1100] {dag.py:4180} INFO - Setting next_dagrun for read_dataset_event_from_classic to 2024-11-05 00:00:00+00:00, run_after=2024-11-06 00:00:00+00:00
[2024-11-06T10:56:46.816-1100] {processor.py:208} INFO - Processing /home/ouaillaamiri/Development/lsi_3/airflow/venv/lib/python3.11/site-packages/airflow/example_dags/example_inlet_event_extra.py took 0.229 seconds
[2024-11-06T10:57:17.491-1100] {processor.py:186} INFO - Started process (PID=224413) to work on /home/ouaillaamiri/Development/lsi_3/airflow/venv/lib/python3.11/site-packages/airflow/example_dags/example_inlet_event_extra.py
[2024-11-06T10:57:17.492-1100] {processor.py:914} INFO - Processing file /home/ouaillaamiri/Development/lsi_3/airflow/venv/lib/python3.11/site-packages/airflow/example_dags/example_inlet_event_extra.py for tasks to queue
[2024-11-06T10:57:17.498-1100] {logging_mixin.py:190} INFO - [2024-11-06T10:57:17.497-1100] {dagbag.py:588} INFO - Filling up the DagBag from /home/ouaillaamiri/Development/lsi_3/airflow/venv/lib/python3.11/site-packages/airflow/example_dags/example_inlet_event_extra.py
[2024-11-06T10:57:17.527-1100] {processor.py:925} INFO - DAG(s) 'read_dataset_event', 'read_dataset_event_from_classic' retrieved from /home/ouaillaamiri/Development/lsi_3/airflow/venv/lib/python3.11/site-packages/airflow/example_dags/example_inlet_event_extra.py
[2024-11-06T10:57:17.607-1100] {logging_mixin.py:190} INFO - [2024-11-06T10:57:17.606-1100] {dag.py:3239} INFO - Sync 2 DAGs
[2024-11-06T10:57:17.660-1100] {logging_mixin.py:190} INFO - [2024-11-06T10:57:17.659-1100] {dag.py:4180} INFO - Setting next_dagrun for read_dataset_event to 2024-11-05 00:00:00+00:00, run_after=2024-11-06 00:00:00+00:00
[2024-11-06T10:57:17.670-1100] {logging_mixin.py:190} INFO - [2024-11-06T10:57:17.669-1100] {dag.py:4180} INFO - Setting next_dagrun for read_dataset_event_from_classic to 2024-11-05 00:00:00+00:00, run_after=2024-11-06 00:00:00+00:00
[2024-11-06T10:57:17.709-1100] {processor.py:208} INFO - Processing /home/ouaillaamiri/Development/lsi_3/airflow/venv/lib/python3.11/site-packages/airflow/example_dags/example_inlet_event_extra.py took 0.230 seconds
[2024-11-06T10:57:48.038-1100] {processor.py:186} INFO - Started process (PID=225217) to work on /home/ouaillaamiri/Development/lsi_3/airflow/venv/lib/python3.11/site-packages/airflow/example_dags/example_inlet_event_extra.py
[2024-11-06T10:57:48.040-1100] {processor.py:914} INFO - Processing file /home/ouaillaamiri/Development/lsi_3/airflow/venv/lib/python3.11/site-packages/airflow/example_dags/example_inlet_event_extra.py for tasks to queue
[2024-11-06T10:57:48.044-1100] {logging_mixin.py:190} INFO - [2024-11-06T10:57:48.044-1100] {dagbag.py:588} INFO - Filling up the DagBag from /home/ouaillaamiri/Development/lsi_3/airflow/venv/lib/python3.11/site-packages/airflow/example_dags/example_inlet_event_extra.py
[2024-11-06T10:57:48.068-1100] {processor.py:925} INFO - DAG(s) 'read_dataset_event', 'read_dataset_event_from_classic' retrieved from /home/ouaillaamiri/Development/lsi_3/airflow/venv/lib/python3.11/site-packages/airflow/example_dags/example_inlet_event_extra.py
[2024-11-06T10:57:48.137-1100] {logging_mixin.py:190} INFO - [2024-11-06T10:57:48.136-1100] {dag.py:3239} INFO - Sync 2 DAGs
[2024-11-06T10:57:48.179-1100] {logging_mixin.py:190} INFO - [2024-11-06T10:57:48.179-1100] {dag.py:4180} INFO - Setting next_dagrun for read_dataset_event to 2024-11-05 00:00:00+00:00, run_after=2024-11-06 00:00:00+00:00
[2024-11-06T10:57:48.188-1100] {logging_mixin.py:190} INFO - [2024-11-06T10:57:48.187-1100] {dag.py:4180} INFO - Setting next_dagrun for read_dataset_event_from_classic to 2024-11-05 00:00:00+00:00, run_after=2024-11-06 00:00:00+00:00
[2024-11-06T10:57:48.218-1100] {processor.py:208} INFO - Processing /home/ouaillaamiri/Development/lsi_3/airflow/venv/lib/python3.11/site-packages/airflow/example_dags/example_inlet_event_extra.py took 0.191 seconds
[2024-11-06T10:58:19.290-1100] {processor.py:186} INFO - Started process (PID=225768) to work on /home/ouaillaamiri/Development/lsi_3/airflow/venv/lib/python3.11/site-packages/airflow/example_dags/example_inlet_event_extra.py
[2024-11-06T10:58:19.292-1100] {processor.py:914} INFO - Processing file /home/ouaillaamiri/Development/lsi_3/airflow/venv/lib/python3.11/site-packages/airflow/example_dags/example_inlet_event_extra.py for tasks to queue
[2024-11-06T10:58:19.297-1100] {logging_mixin.py:190} INFO - [2024-11-06T10:58:19.296-1100] {dagbag.py:588} INFO - Filling up the DagBag from /home/ouaillaamiri/Development/lsi_3/airflow/venv/lib/python3.11/site-packages/airflow/example_dags/example_inlet_event_extra.py
[2024-11-06T10:58:19.329-1100] {processor.py:925} INFO - DAG(s) 'read_dataset_event', 'read_dataset_event_from_classic' retrieved from /home/ouaillaamiri/Development/lsi_3/airflow/venv/lib/python3.11/site-packages/airflow/example_dags/example_inlet_event_extra.py
[2024-11-06T10:58:19.392-1100] {logging_mixin.py:190} INFO - [2024-11-06T10:58:19.392-1100] {dag.py:3239} INFO - Sync 2 DAGs
[2024-11-06T10:58:19.435-1100] {logging_mixin.py:190} INFO - [2024-11-06T10:58:19.434-1100] {dag.py:4180} INFO - Setting next_dagrun for read_dataset_event to 2024-11-05 00:00:00+00:00, run_after=2024-11-06 00:00:00+00:00
[2024-11-06T10:58:19.443-1100] {logging_mixin.py:190} INFO - [2024-11-06T10:58:19.443-1100] {dag.py:4180} INFO - Setting next_dagrun for read_dataset_event_from_classic to 2024-11-05 00:00:00+00:00, run_after=2024-11-06 00:00:00+00:00
[2024-11-06T10:58:19.475-1100] {processor.py:208} INFO - Processing /home/ouaillaamiri/Development/lsi_3/airflow/venv/lib/python3.11/site-packages/airflow/example_dags/example_inlet_event_extra.py took 0.197 seconds
[2024-11-06T10:58:49.594-1100] {processor.py:186} INFO - Started process (PID=226493) to work on /home/ouaillaamiri/Development/lsi_3/airflow/venv/lib/python3.11/site-packages/airflow/example_dags/example_inlet_event_extra.py
[2024-11-06T10:58:49.598-1100] {processor.py:914} INFO - Processing file /home/ouaillaamiri/Development/lsi_3/airflow/venv/lib/python3.11/site-packages/airflow/example_dags/example_inlet_event_extra.py for tasks to queue
[2024-11-06T10:58:49.602-1100] {logging_mixin.py:190} INFO - [2024-11-06T10:58:49.602-1100] {dagbag.py:588} INFO - Filling up the DagBag from /home/ouaillaamiri/Development/lsi_3/airflow/venv/lib/python3.11/site-packages/airflow/example_dags/example_inlet_event_extra.py
[2024-11-06T10:58:49.630-1100] {processor.py:925} INFO - DAG(s) 'read_dataset_event', 'read_dataset_event_from_classic' retrieved from /home/ouaillaamiri/Development/lsi_3/airflow/venv/lib/python3.11/site-packages/airflow/example_dags/example_inlet_event_extra.py
[2024-11-06T10:58:49.706-1100] {logging_mixin.py:190} INFO - [2024-11-06T10:58:49.705-1100] {dag.py:3239} INFO - Sync 2 DAGs
[2024-11-06T10:58:49.752-1100] {logging_mixin.py:190} INFO - [2024-11-06T10:58:49.751-1100] {dag.py:4180} INFO - Setting next_dagrun for read_dataset_event to 2024-11-05 00:00:00+00:00, run_after=2024-11-06 00:00:00+00:00
[2024-11-06T10:58:49.760-1100] {logging_mixin.py:190} INFO - [2024-11-06T10:58:49.760-1100] {dag.py:4180} INFO - Setting next_dagrun for read_dataset_event_from_classic to 2024-11-05 00:00:00+00:00, run_after=2024-11-06 00:00:00+00:00
[2024-11-06T10:58:49.792-1100] {processor.py:208} INFO - Processing /home/ouaillaamiri/Development/lsi_3/airflow/venv/lib/python3.11/site-packages/airflow/example_dags/example_inlet_event_extra.py took 0.211 seconds
[2024-11-06T10:59:20.585-1100] {processor.py:186} INFO - Started process (PID=227191) to work on /home/ouaillaamiri/Development/lsi_3/airflow/venv/lib/python3.11/site-packages/airflow/example_dags/example_inlet_event_extra.py
[2024-11-06T10:59:20.589-1100] {processor.py:914} INFO - Processing file /home/ouaillaamiri/Development/lsi_3/airflow/venv/lib/python3.11/site-packages/airflow/example_dags/example_inlet_event_extra.py for tasks to queue
[2024-11-06T10:59:20.592-1100] {logging_mixin.py:190} INFO - [2024-11-06T10:59:20.592-1100] {dagbag.py:588} INFO - Filling up the DagBag from /home/ouaillaamiri/Development/lsi_3/airflow/venv/lib/python3.11/site-packages/airflow/example_dags/example_inlet_event_extra.py
[2024-11-06T10:59:20.617-1100] {processor.py:925} INFO - DAG(s) 'read_dataset_event_from_classic', 'read_dataset_event' retrieved from /home/ouaillaamiri/Development/lsi_3/airflow/venv/lib/python3.11/site-packages/airflow/example_dags/example_inlet_event_extra.py
[2024-11-06T10:59:20.684-1100] {logging_mixin.py:190} INFO - [2024-11-06T10:59:20.684-1100] {dag.py:3239} INFO - Sync 2 DAGs
[2024-11-06T10:59:20.735-1100] {logging_mixin.py:190} INFO - [2024-11-06T10:59:20.734-1100] {dag.py:4180} INFO - Setting next_dagrun for read_dataset_event to 2024-11-05 00:00:00+00:00, run_after=2024-11-06 00:00:00+00:00
[2024-11-06T10:59:20.744-1100] {logging_mixin.py:190} INFO - [2024-11-06T10:59:20.744-1100] {dag.py:4180} INFO - Setting next_dagrun for read_dataset_event_from_classic to 2024-11-05 00:00:00+00:00, run_after=2024-11-06 00:00:00+00:00
[2024-11-06T10:59:20.783-1100] {processor.py:208} INFO - Processing /home/ouaillaamiri/Development/lsi_3/airflow/venv/lib/python3.11/site-packages/airflow/example_dags/example_inlet_event_extra.py took 0.210 seconds
[2024-11-06T10:59:51.876-1100] {processor.py:186} INFO - Started process (PID=227589) to work on /home/ouaillaamiri/Development/lsi_3/airflow/venv/lib/python3.11/site-packages/airflow/example_dags/example_inlet_event_extra.py
[2024-11-06T10:59:51.878-1100] {processor.py:914} INFO - Processing file /home/ouaillaamiri/Development/lsi_3/airflow/venv/lib/python3.11/site-packages/airflow/example_dags/example_inlet_event_extra.py for tasks to queue
[2024-11-06T10:59:51.881-1100] {logging_mixin.py:190} INFO - [2024-11-06T10:59:51.880-1100] {dagbag.py:588} INFO - Filling up the DagBag from /home/ouaillaamiri/Development/lsi_3/airflow/venv/lib/python3.11/site-packages/airflow/example_dags/example_inlet_event_extra.py
[2024-11-06T10:59:51.904-1100] {processor.py:925} INFO - DAG(s) 'read_dataset_event', 'read_dataset_event_from_classic' retrieved from /home/ouaillaamiri/Development/lsi_3/airflow/venv/lib/python3.11/site-packages/airflow/example_dags/example_inlet_event_extra.py
[2024-11-06T10:59:51.963-1100] {logging_mixin.py:190} INFO - [2024-11-06T10:59:51.963-1100] {dag.py:3239} INFO - Sync 2 DAGs
[2024-11-06T10:59:52.008-1100] {logging_mixin.py:190} INFO - [2024-11-06T10:59:52.007-1100] {dag.py:4180} INFO - Setting next_dagrun for read_dataset_event to 2024-11-05 00:00:00+00:00, run_after=2024-11-06 00:00:00+00:00
[2024-11-06T10:59:52.016-1100] {logging_mixin.py:190} INFO - [2024-11-06T10:59:52.016-1100] {dag.py:4180} INFO - Setting next_dagrun for read_dataset_event_from_classic to 2024-11-05 00:00:00+00:00, run_after=2024-11-06 00:00:00+00:00
[2024-11-06T10:59:52.046-1100] {processor.py:208} INFO - Processing /home/ouaillaamiri/Development/lsi_3/airflow/venv/lib/python3.11/site-packages/airflow/example_dags/example_inlet_event_extra.py took 0.181 seconds
[2024-11-06T11:00:58.182-1100] {processor.py:186} INFO - Started process (PID=228770) to work on /home/ouaillaamiri/Development/lsi_3/airflow/venv/lib/python3.11/site-packages/airflow/example_dags/example_inlet_event_extra.py
[2024-11-06T11:00:58.184-1100] {processor.py:914} INFO - Processing file /home/ouaillaamiri/Development/lsi_3/airflow/venv/lib/python3.11/site-packages/airflow/example_dags/example_inlet_event_extra.py for tasks to queue
[2024-11-06T11:00:58.190-1100] {logging_mixin.py:190} INFO - [2024-11-06T11:00:58.189-1100] {dagbag.py:588} INFO - Filling up the DagBag from /home/ouaillaamiri/Development/lsi_3/airflow/venv/lib/python3.11/site-packages/airflow/example_dags/example_inlet_event_extra.py
[2024-11-06T11:00:58.224-1100] {processor.py:925} INFO - DAG(s) 'read_dataset_event', 'read_dataset_event_from_classic' retrieved from /home/ouaillaamiri/Development/lsi_3/airflow/venv/lib/python3.11/site-packages/airflow/example_dags/example_inlet_event_extra.py
[2024-11-06T11:00:58.316-1100] {logging_mixin.py:190} INFO - [2024-11-06T11:00:58.315-1100] {dag.py:3239} INFO - Sync 2 DAGs
[2024-11-06T11:00:58.386-1100] {logging_mixin.py:190} INFO - [2024-11-06T11:00:58.386-1100] {dag.py:4180} INFO - Setting next_dagrun for read_dataset_event to 2024-11-05 00:00:00+00:00, run_after=2024-11-06 00:00:00+00:00
[2024-11-06T11:00:58.399-1100] {logging_mixin.py:190} INFO - [2024-11-06T11:00:58.398-1100] {dag.py:4180} INFO - Setting next_dagrun for read_dataset_event_from_classic to 2024-11-05 00:00:00+00:00, run_after=2024-11-06 00:00:00+00:00
[2024-11-06T11:00:58.444-1100] {processor.py:208} INFO - Processing /home/ouaillaamiri/Development/lsi_3/airflow/venv/lib/python3.11/site-packages/airflow/example_dags/example_inlet_event_extra.py took 0.278 seconds
[2024-11-06T11:01:29.192-1100] {processor.py:186} INFO - Started process (PID=229369) to work on /home/ouaillaamiri/Development/lsi_3/airflow/venv/lib/python3.11/site-packages/airflow/example_dags/example_inlet_event_extra.py
[2024-11-06T11:01:29.194-1100] {processor.py:914} INFO - Processing file /home/ouaillaamiri/Development/lsi_3/airflow/venv/lib/python3.11/site-packages/airflow/example_dags/example_inlet_event_extra.py for tasks to queue
[2024-11-06T11:01:29.197-1100] {logging_mixin.py:190} INFO - [2024-11-06T11:01:29.197-1100] {dagbag.py:588} INFO - Filling up the DagBag from /home/ouaillaamiri/Development/lsi_3/airflow/venv/lib/python3.11/site-packages/airflow/example_dags/example_inlet_event_extra.py
[2024-11-06T11:01:29.220-1100] {processor.py:925} INFO - DAG(s) 'read_dataset_event_from_classic', 'read_dataset_event' retrieved from /home/ouaillaamiri/Development/lsi_3/airflow/venv/lib/python3.11/site-packages/airflow/example_dags/example_inlet_event_extra.py
[2024-11-06T11:01:29.284-1100] {logging_mixin.py:190} INFO - [2024-11-06T11:01:29.283-1100] {dag.py:3239} INFO - Sync 2 DAGs
[2024-11-06T11:01:29.333-1100] {logging_mixin.py:190} INFO - [2024-11-06T11:01:29.333-1100] {dag.py:4180} INFO - Setting next_dagrun for read_dataset_event to 2024-11-05 00:00:00+00:00, run_after=2024-11-06 00:00:00+00:00
[2024-11-06T11:01:29.342-1100] {logging_mixin.py:190} INFO - [2024-11-06T11:01:29.341-1100] {dag.py:4180} INFO - Setting next_dagrun for read_dataset_event_from_classic to 2024-11-05 00:00:00+00:00, run_after=2024-11-06 00:00:00+00:00
[2024-11-06T11:01:29.377-1100] {processor.py:208} INFO - Processing /home/ouaillaamiri/Development/lsi_3/airflow/venv/lib/python3.11/site-packages/airflow/example_dags/example_inlet_event_extra.py took 0.196 seconds
[2024-11-06T11:01:59.562-1100] {processor.py:186} INFO - Started process (PID=229744) to work on /home/ouaillaamiri/Development/lsi_3/airflow/venv/lib/python3.11/site-packages/airflow/example_dags/example_inlet_event_extra.py
[2024-11-06T11:01:59.565-1100] {processor.py:914} INFO - Processing file /home/ouaillaamiri/Development/lsi_3/airflow/venv/lib/python3.11/site-packages/airflow/example_dags/example_inlet_event_extra.py for tasks to queue
[2024-11-06T11:01:59.570-1100] {logging_mixin.py:190} INFO - [2024-11-06T11:01:59.569-1100] {dagbag.py:588} INFO - Filling up the DagBag from /home/ouaillaamiri/Development/lsi_3/airflow/venv/lib/python3.11/site-packages/airflow/example_dags/example_inlet_event_extra.py
[2024-11-06T11:01:59.597-1100] {processor.py:925} INFO - DAG(s) 'read_dataset_event_from_classic', 'read_dataset_event' retrieved from /home/ouaillaamiri/Development/lsi_3/airflow/venv/lib/python3.11/site-packages/airflow/example_dags/example_inlet_event_extra.py
[2024-11-06T11:01:59.664-1100] {logging_mixin.py:190} INFO - [2024-11-06T11:01:59.664-1100] {dag.py:3239} INFO - Sync 2 DAGs
[2024-11-06T11:01:59.716-1100] {logging_mixin.py:190} INFO - [2024-11-06T11:01:59.715-1100] {dag.py:4180} INFO - Setting next_dagrun for read_dataset_event to 2024-11-05 00:00:00+00:00, run_after=2024-11-06 00:00:00+00:00
[2024-11-06T11:01:59.726-1100] {logging_mixin.py:190} INFO - [2024-11-06T11:01:59.726-1100] {dag.py:4180} INFO - Setting next_dagrun for read_dataset_event_from_classic to 2024-11-05 00:00:00+00:00, run_after=2024-11-06 00:00:00+00:00
[2024-11-06T11:01:59.764-1100] {processor.py:208} INFO - Processing /home/ouaillaamiri/Development/lsi_3/airflow/venv/lib/python3.11/site-packages/airflow/example_dags/example_inlet_event_extra.py took 0.216 seconds
[2024-11-06T11:02:29.916-1100] {processor.py:186} INFO - Started process (PID=230386) to work on /home/ouaillaamiri/Development/lsi_3/airflow/venv/lib/python3.11/site-packages/airflow/example_dags/example_inlet_event_extra.py
[2024-11-06T11:02:29.918-1100] {processor.py:914} INFO - Processing file /home/ouaillaamiri/Development/lsi_3/airflow/venv/lib/python3.11/site-packages/airflow/example_dags/example_inlet_event_extra.py for tasks to queue
[2024-11-06T11:02:29.925-1100] {logging_mixin.py:190} INFO - [2024-11-06T11:02:29.924-1100] {dagbag.py:588} INFO - Filling up the DagBag from /home/ouaillaamiri/Development/lsi_3/airflow/venv/lib/python3.11/site-packages/airflow/example_dags/example_inlet_event_extra.py
[2024-11-06T11:02:29.956-1100] {processor.py:925} INFO - DAG(s) 'read_dataset_event_from_classic', 'read_dataset_event' retrieved from /home/ouaillaamiri/Development/lsi_3/airflow/venv/lib/python3.11/site-packages/airflow/example_dags/example_inlet_event_extra.py
[2024-11-06T11:02:30.019-1100] {logging_mixin.py:190} INFO - [2024-11-06T11:02:30.019-1100] {dag.py:3239} INFO - Sync 2 DAGs
[2024-11-06T11:02:30.068-1100] {logging_mixin.py:190} INFO - [2024-11-06T11:02:30.067-1100] {dag.py:4180} INFO - Setting next_dagrun for read_dataset_event to 2024-11-05 00:00:00+00:00, run_after=2024-11-06 00:00:00+00:00
[2024-11-06T11:02:30.078-1100] {logging_mixin.py:190} INFO - [2024-11-06T11:02:30.077-1100] {dag.py:4180} INFO - Setting next_dagrun for read_dataset_event_from_classic to 2024-11-05 00:00:00+00:00, run_after=2024-11-06 00:00:00+00:00
[2024-11-06T11:02:30.111-1100] {processor.py:208} INFO - Processing /home/ouaillaamiri/Development/lsi_3/airflow/venv/lib/python3.11/site-packages/airflow/example_dags/example_inlet_event_extra.py took 0.211 seconds
[2024-11-06T11:03:00.937-1100] {processor.py:186} INFO - Started process (PID=231321) to work on /home/ouaillaamiri/Development/lsi_3/airflow/venv/lib/python3.11/site-packages/airflow/example_dags/example_inlet_event_extra.py
[2024-11-06T11:03:00.939-1100] {processor.py:914} INFO - Processing file /home/ouaillaamiri/Development/lsi_3/airflow/venv/lib/python3.11/site-packages/airflow/example_dags/example_inlet_event_extra.py for tasks to queue
[2024-11-06T11:03:00.944-1100] {logging_mixin.py:190} INFO - [2024-11-06T11:03:00.944-1100] {dagbag.py:588} INFO - Filling up the DagBag from /home/ouaillaamiri/Development/lsi_3/airflow/venv/lib/python3.11/site-packages/airflow/example_dags/example_inlet_event_extra.py
[2024-11-06T11:03:00.972-1100] {processor.py:925} INFO - DAG(s) 'read_dataset_event', 'read_dataset_event_from_classic' retrieved from /home/ouaillaamiri/Development/lsi_3/airflow/venv/lib/python3.11/site-packages/airflow/example_dags/example_inlet_event_extra.py
[2024-11-06T11:03:01.036-1100] {logging_mixin.py:190} INFO - [2024-11-06T11:03:01.036-1100] {dag.py:3239} INFO - Sync 2 DAGs
[2024-11-06T11:03:01.084-1100] {logging_mixin.py:190} INFO - [2024-11-06T11:03:01.084-1100] {dag.py:4180} INFO - Setting next_dagrun for read_dataset_event to 2024-11-05 00:00:00+00:00, run_after=2024-11-06 00:00:00+00:00
[2024-11-06T11:03:01.094-1100] {logging_mixin.py:190} INFO - [2024-11-06T11:03:01.093-1100] {dag.py:4180} INFO - Setting next_dagrun for read_dataset_event_from_classic to 2024-11-05 00:00:00+00:00, run_after=2024-11-06 00:00:00+00:00
[2024-11-06T11:03:01.128-1100] {processor.py:208} INFO - Processing /home/ouaillaamiri/Development/lsi_3/airflow/venv/lib/python3.11/site-packages/airflow/example_dags/example_inlet_event_extra.py took 0.204 seconds
[2024-11-06T11:03:32.193-1100] {processor.py:186} INFO - Started process (PID=231739) to work on /home/ouaillaamiri/Development/lsi_3/airflow/venv/lib/python3.11/site-packages/airflow/example_dags/example_inlet_event_extra.py
[2024-11-06T11:03:32.195-1100] {processor.py:914} INFO - Processing file /home/ouaillaamiri/Development/lsi_3/airflow/venv/lib/python3.11/site-packages/airflow/example_dags/example_inlet_event_extra.py for tasks to queue
[2024-11-06T11:03:32.199-1100] {logging_mixin.py:190} INFO - [2024-11-06T11:03:32.199-1100] {dagbag.py:588} INFO - Filling up the DagBag from /home/ouaillaamiri/Development/lsi_3/airflow/venv/lib/python3.11/site-packages/airflow/example_dags/example_inlet_event_extra.py
[2024-11-06T11:03:32.228-1100] {processor.py:925} INFO - DAG(s) 'read_dataset_event', 'read_dataset_event_from_classic' retrieved from /home/ouaillaamiri/Development/lsi_3/airflow/venv/lib/python3.11/site-packages/airflow/example_dags/example_inlet_event_extra.py
[2024-11-06T11:03:32.301-1100] {logging_mixin.py:190} INFO - [2024-11-06T11:03:32.301-1100] {dag.py:3239} INFO - Sync 2 DAGs
[2024-11-06T11:03:32.363-1100] {logging_mixin.py:190} INFO - [2024-11-06T11:03:32.362-1100] {dag.py:4180} INFO - Setting next_dagrun for read_dataset_event to 2024-11-05 00:00:00+00:00, run_after=2024-11-06 00:00:00+00:00
[2024-11-06T11:03:32.374-1100] {logging_mixin.py:190} INFO - [2024-11-06T11:03:32.374-1100] {dag.py:4180} INFO - Setting next_dagrun for read_dataset_event_from_classic to 2024-11-05 00:00:00+00:00, run_after=2024-11-06 00:00:00+00:00
[2024-11-06T11:03:32.418-1100] {processor.py:208} INFO - Processing /home/ouaillaamiri/Development/lsi_3/airflow/venv/lib/python3.11/site-packages/airflow/example_dags/example_inlet_event_extra.py took 0.238 seconds
[2024-11-06T11:04:02.596-1100] {processor.py:186} INFO - Started process (PID=232356) to work on /home/ouaillaamiri/Development/lsi_3/airflow/venv/lib/python3.11/site-packages/airflow/example_dags/example_inlet_event_extra.py
[2024-11-06T11:04:02.598-1100] {processor.py:914} INFO - Processing file /home/ouaillaamiri/Development/lsi_3/airflow/venv/lib/python3.11/site-packages/airflow/example_dags/example_inlet_event_extra.py for tasks to queue
[2024-11-06T11:04:02.602-1100] {logging_mixin.py:190} INFO - [2024-11-06T11:04:02.602-1100] {dagbag.py:588} INFO - Filling up the DagBag from /home/ouaillaamiri/Development/lsi_3/airflow/venv/lib/python3.11/site-packages/airflow/example_dags/example_inlet_event_extra.py
[2024-11-06T11:04:02.627-1100] {processor.py:925} INFO - DAG(s) 'read_dataset_event', 'read_dataset_event_from_classic' retrieved from /home/ouaillaamiri/Development/lsi_3/airflow/venv/lib/python3.11/site-packages/airflow/example_dags/example_inlet_event_extra.py
[2024-11-06T11:04:02.688-1100] {logging_mixin.py:190} INFO - [2024-11-06T11:04:02.688-1100] {dag.py:3239} INFO - Sync 2 DAGs
[2024-11-06T11:04:02.731-1100] {logging_mixin.py:190} INFO - [2024-11-06T11:04:02.731-1100] {dag.py:4180} INFO - Setting next_dagrun for read_dataset_event to 2024-11-05 00:00:00+00:00, run_after=2024-11-06 00:00:00+00:00
[2024-11-06T11:04:02.740-1100] {logging_mixin.py:190} INFO - [2024-11-06T11:04:02.739-1100] {dag.py:4180} INFO - Setting next_dagrun for read_dataset_event_from_classic to 2024-11-05 00:00:00+00:00, run_after=2024-11-06 00:00:00+00:00
[2024-11-06T11:04:02.771-1100] {processor.py:208} INFO - Processing /home/ouaillaamiri/Development/lsi_3/airflow/venv/lib/python3.11/site-packages/airflow/example_dags/example_inlet_event_extra.py took 0.189 seconds
[2024-11-06T11:04:34.017-1100] {processor.py:186} INFO - Started process (PID=232736) to work on /home/ouaillaamiri/Development/lsi_3/airflow/venv/lib/python3.11/site-packages/airflow/example_dags/example_inlet_event_extra.py
[2024-11-06T11:04:34.019-1100] {processor.py:914} INFO - Processing file /home/ouaillaamiri/Development/lsi_3/airflow/venv/lib/python3.11/site-packages/airflow/example_dags/example_inlet_event_extra.py for tasks to queue
[2024-11-06T11:04:34.023-1100] {logging_mixin.py:190} INFO - [2024-11-06T11:04:34.022-1100] {dagbag.py:588} INFO - Filling up the DagBag from /home/ouaillaamiri/Development/lsi_3/airflow/venv/lib/python3.11/site-packages/airflow/example_dags/example_inlet_event_extra.py
[2024-11-06T11:04:34.047-1100] {processor.py:925} INFO - DAG(s) 'read_dataset_event_from_classic', 'read_dataset_event' retrieved from /home/ouaillaamiri/Development/lsi_3/airflow/venv/lib/python3.11/site-packages/airflow/example_dags/example_inlet_event_extra.py
[2024-11-06T11:04:34.116-1100] {logging_mixin.py:190} INFO - [2024-11-06T11:04:34.115-1100] {dag.py:3239} INFO - Sync 2 DAGs
[2024-11-06T11:04:34.170-1100] {logging_mixin.py:190} INFO - [2024-11-06T11:04:34.170-1100] {dag.py:4180} INFO - Setting next_dagrun for read_dataset_event to 2024-11-05 00:00:00+00:00, run_after=2024-11-06 00:00:00+00:00
[2024-11-06T11:04:34.182-1100] {logging_mixin.py:190} INFO - [2024-11-06T11:04:34.181-1100] {dag.py:4180} INFO - Setting next_dagrun for read_dataset_event_from_classic to 2024-11-05 00:00:00+00:00, run_after=2024-11-06 00:00:00+00:00
[2024-11-06T11:04:34.219-1100] {processor.py:208} INFO - Processing /home/ouaillaamiri/Development/lsi_3/airflow/venv/lib/python3.11/site-packages/airflow/example_dags/example_inlet_event_extra.py took 0.215 seconds
