[2024-11-06T10:53:38.782-1100] {processor.py:186} INFO - Started process (PID=219649) to work on /home/ouaillaamiri/Development/lsi_3/airflow/venv/lib/python3.11/site-packages/airflow/example_dags/example_branch_python_dop_operator_3.py
[2024-11-06T10:53:38.784-1100] {processor.py:914} INFO - Processing file /home/ouaillaamiri/Development/lsi_3/airflow/venv/lib/python3.11/site-packages/airflow/example_dags/example_branch_python_dop_operator_3.py for tasks to queue
[2024-11-06T10:53:38.789-1100] {logging_mixin.py:190} INFO - [2024-11-06T10:53:38.789-1100] {dagbag.py:588} INFO - Filling up the DagBag from /home/ouaillaamiri/Development/lsi_3/airflow/venv/lib/python3.11/site-packages/airflow/example_dags/example_branch_python_dop_operator_3.py
[2024-11-06T10:53:38.815-1100] {processor.py:925} INFO - DAG(s) 'example_branch_dop_operator_v3' retrieved from /home/ouaillaamiri/Development/lsi_3/airflow/venv/lib/python3.11/site-packages/airflow/example_dags/example_branch_python_dop_operator_3.py
[2024-11-06T10:53:39.004-1100] {logging_mixin.py:190} INFO - [2024-11-06T10:53:39.003-1100] {override.py:1911} INFO - Created Permission View: can edit on DAG:example_branch_dop_operator_v3
[2024-11-06T10:53:39.022-1100] {logging_mixin.py:190} INFO - [2024-11-06T10:53:39.022-1100] {override.py:1911} INFO - Created Permission View: can delete on DAG:example_branch_dop_operator_v3
[2024-11-06T10:53:39.037-1100] {logging_mixin.py:190} INFO - [2024-11-06T10:53:39.036-1100] {override.py:1911} INFO - Created Permission View: can read on DAG:example_branch_dop_operator_v3
[2024-11-06T10:53:39.048-1100] {logging_mixin.py:190} INFO - [2024-11-06T10:53:39.048-1100] {override.py:1911} INFO - Created Permission View: can delete on DAG Run:example_branch_dop_operator_v3
[2024-11-06T10:53:39.060-1100] {logging_mixin.py:190} INFO - [2024-11-06T10:53:39.059-1100] {override.py:1911} INFO - Created Permission View: can create on DAG Run:example_branch_dop_operator_v3
[2024-11-06T10:53:39.074-1100] {logging_mixin.py:190} INFO - [2024-11-06T10:53:39.073-1100] {override.py:1911} INFO - Created Permission View: menu access on DAG Run:example_branch_dop_operator_v3
[2024-11-06T10:53:39.090-1100] {logging_mixin.py:190} INFO - [2024-11-06T10:53:39.089-1100] {override.py:1911} INFO - Created Permission View: can read on DAG Run:example_branch_dop_operator_v3
[2024-11-06T10:53:39.090-1100] {logging_mixin.py:190} INFO - [2024-11-06T10:53:39.090-1100] {dag.py:3239} INFO - Sync 1 DAGs
[2024-11-06T10:53:39.118-1100] {logging_mixin.py:190} INFO - [2024-11-06T10:53:39.118-1100] {dag.py:3262} INFO - Creating ORM DAG for example_branch_dop_operator_v3
[2024-11-06T10:53:39.139-1100] {logging_mixin.py:190} INFO - [2024-11-06T10:53:39.139-1100] {dag.py:4180} INFO - Setting next_dagrun for example_branch_dop_operator_v3 to 2024-11-06 21:52:00+00:00, run_after=2024-11-06 21:53:00+00:00
[2024-11-06T10:53:39.170-1100] {processor.py:208} INFO - Processing /home/ouaillaamiri/Development/lsi_3/airflow/venv/lib/python3.11/site-packages/airflow/example_dags/example_branch_python_dop_operator_3.py took 0.398 seconds
[2024-11-06T10:54:09.890-1100] {processor.py:186} INFO - Started process (PID=220377) to work on /home/ouaillaamiri/Development/lsi_3/airflow/venv/lib/python3.11/site-packages/airflow/example_dags/example_branch_python_dop_operator_3.py
[2024-11-06T10:54:09.893-1100] {processor.py:914} INFO - Processing file /home/ouaillaamiri/Development/lsi_3/airflow/venv/lib/python3.11/site-packages/airflow/example_dags/example_branch_python_dop_operator_3.py for tasks to queue
[2024-11-06T10:54:09.898-1100] {logging_mixin.py:190} INFO - [2024-11-06T10:54:09.897-1100] {dagbag.py:588} INFO - Filling up the DagBag from /home/ouaillaamiri/Development/lsi_3/airflow/venv/lib/python3.11/site-packages/airflow/example_dags/example_branch_python_dop_operator_3.py
[2024-11-06T10:54:09.915-1100] {processor.py:925} INFO - DAG(s) 'example_branch_dop_operator_v3' retrieved from /home/ouaillaamiri/Development/lsi_3/airflow/venv/lib/python3.11/site-packages/airflow/example_dags/example_branch_python_dop_operator_3.py
[2024-11-06T10:54:09.978-1100] {logging_mixin.py:190} INFO - [2024-11-06T10:54:09.978-1100] {dag.py:3239} INFO - Sync 1 DAGs
[2024-11-06T10:54:10.041-1100] {logging_mixin.py:190} INFO - [2024-11-06T10:54:10.041-1100] {dag.py:4180} INFO - Setting next_dagrun for example_branch_dop_operator_v3 to 2024-11-06 21:53:00+00:00, run_after=2024-11-06 21:54:00+00:00
[2024-11-06T10:54:10.080-1100] {processor.py:208} INFO - Processing /home/ouaillaamiri/Development/lsi_3/airflow/venv/lib/python3.11/site-packages/airflow/example_dags/example_branch_python_dop_operator_3.py took 0.200 seconds
[2024-11-06T10:54:40.309-1100] {processor.py:186} INFO - Started process (PID=220746) to work on /home/ouaillaamiri/Development/lsi_3/airflow/venv/lib/python3.11/site-packages/airflow/example_dags/example_branch_python_dop_operator_3.py
[2024-11-06T10:54:40.313-1100] {processor.py:914} INFO - Processing file /home/ouaillaamiri/Development/lsi_3/airflow/venv/lib/python3.11/site-packages/airflow/example_dags/example_branch_python_dop_operator_3.py for tasks to queue
[2024-11-06T10:54:40.317-1100] {logging_mixin.py:190} INFO - [2024-11-06T10:54:40.316-1100] {dagbag.py:588} INFO - Filling up the DagBag from /home/ouaillaamiri/Development/lsi_3/airflow/venv/lib/python3.11/site-packages/airflow/example_dags/example_branch_python_dop_operator_3.py
[2024-11-06T10:54:40.338-1100] {processor.py:925} INFO - DAG(s) 'example_branch_dop_operator_v3' retrieved from /home/ouaillaamiri/Development/lsi_3/airflow/venv/lib/python3.11/site-packages/airflow/example_dags/example_branch_python_dop_operator_3.py
[2024-11-06T10:54:40.405-1100] {logging_mixin.py:190} INFO - [2024-11-06T10:54:40.404-1100] {dag.py:3239} INFO - Sync 1 DAGs
[2024-11-06T10:54:40.454-1100] {logging_mixin.py:190} INFO - [2024-11-06T10:54:40.453-1100] {dag.py:4180} INFO - Setting next_dagrun for example_branch_dop_operator_v3 to 2024-11-06 21:53:00+00:00, run_after=2024-11-06 21:54:00+00:00
[2024-11-06T10:54:40.492-1100] {processor.py:208} INFO - Processing /home/ouaillaamiri/Development/lsi_3/airflow/venv/lib/python3.11/site-packages/airflow/example_dags/example_branch_python_dop_operator_3.py took 0.195 seconds
[2024-11-06T10:55:10.833-1100] {processor.py:186} INFO - Started process (PID=221445) to work on /home/ouaillaamiri/Development/lsi_3/airflow/venv/lib/python3.11/site-packages/airflow/example_dags/example_branch_python_dop_operator_3.py
[2024-11-06T10:55:10.837-1100] {processor.py:914} INFO - Processing file /home/ouaillaamiri/Development/lsi_3/airflow/venv/lib/python3.11/site-packages/airflow/example_dags/example_branch_python_dop_operator_3.py for tasks to queue
[2024-11-06T10:55:10.842-1100] {logging_mixin.py:190} INFO - [2024-11-06T10:55:10.841-1100] {dagbag.py:588} INFO - Filling up the DagBag from /home/ouaillaamiri/Development/lsi_3/airflow/venv/lib/python3.11/site-packages/airflow/example_dags/example_branch_python_dop_operator_3.py
[2024-11-06T10:55:10.864-1100] {processor.py:925} INFO - DAG(s) 'example_branch_dop_operator_v3' retrieved from /home/ouaillaamiri/Development/lsi_3/airflow/venv/lib/python3.11/site-packages/airflow/example_dags/example_branch_python_dop_operator_3.py
[2024-11-06T10:55:10.931-1100] {logging_mixin.py:190} INFO - [2024-11-06T10:55:10.930-1100] {dag.py:3239} INFO - Sync 1 DAGs
[2024-11-06T10:55:10.985-1100] {logging_mixin.py:190} INFO - [2024-11-06T10:55:10.984-1100] {dag.py:4180} INFO - Setting next_dagrun for example_branch_dop_operator_v3 to 2024-11-06 21:54:00+00:00, run_after=2024-11-06 21:55:00+00:00
[2024-11-06T10:55:11.028-1100] {processor.py:208} INFO - Processing /home/ouaillaamiri/Development/lsi_3/airflow/venv/lib/python3.11/site-packages/airflow/example_dags/example_branch_python_dop_operator_3.py took 0.208 seconds
[2024-11-06T10:55:41.592-1100] {processor.py:186} INFO - Started process (PID=221813) to work on /home/ouaillaamiri/Development/lsi_3/airflow/venv/lib/python3.11/site-packages/airflow/example_dags/example_branch_python_dop_operator_3.py
[2024-11-06T10:55:41.593-1100] {processor.py:914} INFO - Processing file /home/ouaillaamiri/Development/lsi_3/airflow/venv/lib/python3.11/site-packages/airflow/example_dags/example_branch_python_dop_operator_3.py for tasks to queue
[2024-11-06T10:55:41.598-1100] {logging_mixin.py:190} INFO - [2024-11-06T10:55:41.597-1100] {dagbag.py:588} INFO - Filling up the DagBag from /home/ouaillaamiri/Development/lsi_3/airflow/venv/lib/python3.11/site-packages/airflow/example_dags/example_branch_python_dop_operator_3.py
[2024-11-06T10:55:41.617-1100] {processor.py:925} INFO - DAG(s) 'example_branch_dop_operator_v3' retrieved from /home/ouaillaamiri/Development/lsi_3/airflow/venv/lib/python3.11/site-packages/airflow/example_dags/example_branch_python_dop_operator_3.py
[2024-11-06T10:55:41.677-1100] {logging_mixin.py:190} INFO - [2024-11-06T10:55:41.677-1100] {dag.py:3239} INFO - Sync 1 DAGs
[2024-11-06T10:55:41.728-1100] {logging_mixin.py:190} INFO - [2024-11-06T10:55:41.727-1100] {dag.py:4180} INFO - Setting next_dagrun for example_branch_dop_operator_v3 to 2024-11-06 21:54:00+00:00, run_after=2024-11-06 21:55:00+00:00
[2024-11-06T10:55:41.767-1100] {processor.py:208} INFO - Processing /home/ouaillaamiri/Development/lsi_3/airflow/venv/lib/python3.11/site-packages/airflow/example_dags/example_branch_python_dop_operator_3.py took 0.184 seconds
[2024-11-06T10:56:12.147-1100] {processor.py:186} INFO - Started process (PID=222195) to work on /home/ouaillaamiri/Development/lsi_3/airflow/venv/lib/python3.11/site-packages/airflow/example_dags/example_branch_python_dop_operator_3.py
[2024-11-06T10:56:12.149-1100] {processor.py:914} INFO - Processing file /home/ouaillaamiri/Development/lsi_3/airflow/venv/lib/python3.11/site-packages/airflow/example_dags/example_branch_python_dop_operator_3.py for tasks to queue
[2024-11-06T10:56:12.153-1100] {logging_mixin.py:190} INFO - [2024-11-06T10:56:12.152-1100] {dagbag.py:588} INFO - Filling up the DagBag from /home/ouaillaamiri/Development/lsi_3/airflow/venv/lib/python3.11/site-packages/airflow/example_dags/example_branch_python_dop_operator_3.py
[2024-11-06T10:56:12.174-1100] {processor.py:925} INFO - DAG(s) 'example_branch_dop_operator_v3' retrieved from /home/ouaillaamiri/Development/lsi_3/airflow/venv/lib/python3.11/site-packages/airflow/example_dags/example_branch_python_dop_operator_3.py
[2024-11-06T10:56:12.243-1100] {logging_mixin.py:190} INFO - [2024-11-06T10:56:12.242-1100] {dag.py:3239} INFO - Sync 1 DAGs
[2024-11-06T10:56:12.297-1100] {logging_mixin.py:190} INFO - [2024-11-06T10:56:12.296-1100] {dag.py:4180} INFO - Setting next_dagrun for example_branch_dop_operator_v3 to 2024-11-06 21:55:00+00:00, run_after=2024-11-06 21:56:00+00:00
[2024-11-06T10:56:12.341-1100] {processor.py:208} INFO - Processing /home/ouaillaamiri/Development/lsi_3/airflow/venv/lib/python3.11/site-packages/airflow/example_dags/example_branch_python_dop_operator_3.py took 0.205 seconds
[2024-11-06T10:56:48.061-1100] {processor.py:186} INFO - Started process (PID=223387) to work on /home/ouaillaamiri/Development/lsi_3/airflow/venv/lib/python3.11/site-packages/airflow/example_dags/example_branch_python_dop_operator_3.py
[2024-11-06T10:56:48.063-1100] {processor.py:914} INFO - Processing file /home/ouaillaamiri/Development/lsi_3/airflow/venv/lib/python3.11/site-packages/airflow/example_dags/example_branch_python_dop_operator_3.py for tasks to queue
[2024-11-06T10:56:48.067-1100] {logging_mixin.py:190} INFO - [2024-11-06T10:56:48.067-1100] {dagbag.py:588} INFO - Filling up the DagBag from /home/ouaillaamiri/Development/lsi_3/airflow/venv/lib/python3.11/site-packages/airflow/example_dags/example_branch_python_dop_operator_3.py
[2024-11-06T10:56:48.086-1100] {processor.py:925} INFO - DAG(s) 'example_branch_dop_operator_v3' retrieved from /home/ouaillaamiri/Development/lsi_3/airflow/venv/lib/python3.11/site-packages/airflow/example_dags/example_branch_python_dop_operator_3.py
[2024-11-06T10:56:48.152-1100] {logging_mixin.py:190} INFO - [2024-11-06T10:56:48.151-1100] {dag.py:3239} INFO - Sync 1 DAGs
[2024-11-06T10:56:48.206-1100] {logging_mixin.py:190} INFO - [2024-11-06T10:56:48.205-1100] {dag.py:4180} INFO - Setting next_dagrun for example_branch_dop_operator_v3 to 2024-11-06 21:55:00+00:00, run_after=2024-11-06 21:56:00+00:00
[2024-11-06T10:56:48.243-1100] {processor.py:208} INFO - Processing /home/ouaillaamiri/Development/lsi_3/airflow/venv/lib/python3.11/site-packages/airflow/example_dags/example_branch_python_dop_operator_3.py took 0.192 seconds
[2024-11-06T10:57:19.053-1100] {processor.py:186} INFO - Started process (PID=224590) to work on /home/ouaillaamiri/Development/lsi_3/airflow/venv/lib/python3.11/site-packages/airflow/example_dags/example_branch_python_dop_operator_3.py
[2024-11-06T10:57:19.055-1100] {processor.py:914} INFO - Processing file /home/ouaillaamiri/Development/lsi_3/airflow/venv/lib/python3.11/site-packages/airflow/example_dags/example_branch_python_dop_operator_3.py for tasks to queue
[2024-11-06T10:57:19.059-1100] {logging_mixin.py:190} INFO - [2024-11-06T10:57:19.058-1100] {dagbag.py:588} INFO - Filling up the DagBag from /home/ouaillaamiri/Development/lsi_3/airflow/venv/lib/python3.11/site-packages/airflow/example_dags/example_branch_python_dop_operator_3.py
[2024-11-06T10:57:19.080-1100] {processor.py:925} INFO - DAG(s) 'example_branch_dop_operator_v3' retrieved from /home/ouaillaamiri/Development/lsi_3/airflow/venv/lib/python3.11/site-packages/airflow/example_dags/example_branch_python_dop_operator_3.py
[2024-11-06T10:57:19.138-1100] {logging_mixin.py:190} INFO - [2024-11-06T10:57:19.138-1100] {dag.py:3239} INFO - Sync 1 DAGs
[2024-11-06T10:57:19.196-1100] {logging_mixin.py:190} INFO - [2024-11-06T10:57:19.196-1100] {dag.py:4180} INFO - Setting next_dagrun for example_branch_dop_operator_v3 to 2024-11-06 21:56:00+00:00, run_after=2024-11-06 21:57:00+00:00
[2024-11-06T10:57:19.234-1100] {processor.py:208} INFO - Processing /home/ouaillaamiri/Development/lsi_3/airflow/venv/lib/python3.11/site-packages/airflow/example_dags/example_branch_python_dop_operator_3.py took 0.192 seconds
[2024-11-06T10:57:49.451-1100] {processor.py:186} INFO - Started process (PID=225286) to work on /home/ouaillaamiri/Development/lsi_3/airflow/venv/lib/python3.11/site-packages/airflow/example_dags/example_branch_python_dop_operator_3.py
[2024-11-06T10:57:49.453-1100] {processor.py:914} INFO - Processing file /home/ouaillaamiri/Development/lsi_3/airflow/venv/lib/python3.11/site-packages/airflow/example_dags/example_branch_python_dop_operator_3.py for tasks to queue
[2024-11-06T10:57:49.456-1100] {logging_mixin.py:190} INFO - [2024-11-06T10:57:49.455-1100] {dagbag.py:588} INFO - Filling up the DagBag from /home/ouaillaamiri/Development/lsi_3/airflow/venv/lib/python3.11/site-packages/airflow/example_dags/example_branch_python_dop_operator_3.py
[2024-11-06T10:57:49.472-1100] {processor.py:925} INFO - DAG(s) 'example_branch_dop_operator_v3' retrieved from /home/ouaillaamiri/Development/lsi_3/airflow/venv/lib/python3.11/site-packages/airflow/example_dags/example_branch_python_dop_operator_3.py
[2024-11-06T10:57:49.527-1100] {logging_mixin.py:190} INFO - [2024-11-06T10:57:49.527-1100] {dag.py:3239} INFO - Sync 1 DAGs
[2024-11-06T10:57:49.572-1100] {logging_mixin.py:190} INFO - [2024-11-06T10:57:49.571-1100] {dag.py:4180} INFO - Setting next_dagrun for example_branch_dop_operator_v3 to 2024-11-06 21:56:00+00:00, run_after=2024-11-06 21:57:00+00:00
[2024-11-06T10:57:49.606-1100] {processor.py:208} INFO - Processing /home/ouaillaamiri/Development/lsi_3/airflow/venv/lib/python3.11/site-packages/airflow/example_dags/example_branch_python_dop_operator_3.py took 0.164 seconds
[2024-11-06T10:58:20.933-1100] {processor.py:186} INFO - Started process (PID=225835) to work on /home/ouaillaamiri/Development/lsi_3/airflow/venv/lib/python3.11/site-packages/airflow/example_dags/example_branch_python_dop_operator_3.py
[2024-11-06T10:58:20.934-1100] {processor.py:914} INFO - Processing file /home/ouaillaamiri/Development/lsi_3/airflow/venv/lib/python3.11/site-packages/airflow/example_dags/example_branch_python_dop_operator_3.py for tasks to queue
[2024-11-06T10:58:20.938-1100] {logging_mixin.py:190} INFO - [2024-11-06T10:58:20.938-1100] {dagbag.py:588} INFO - Filling up the DagBag from /home/ouaillaamiri/Development/lsi_3/airflow/venv/lib/python3.11/site-packages/airflow/example_dags/example_branch_python_dop_operator_3.py
[2024-11-06T10:58:20.957-1100] {processor.py:925} INFO - DAG(s) 'example_branch_dop_operator_v3' retrieved from /home/ouaillaamiri/Development/lsi_3/airflow/venv/lib/python3.11/site-packages/airflow/example_dags/example_branch_python_dop_operator_3.py
[2024-11-06T10:58:21.018-1100] {logging_mixin.py:190} INFO - [2024-11-06T10:58:21.018-1100] {dag.py:3239} INFO - Sync 1 DAGs
[2024-11-06T10:58:21.063-1100] {logging_mixin.py:190} INFO - [2024-11-06T10:58:21.063-1100] {dag.py:4180} INFO - Setting next_dagrun for example_branch_dop_operator_v3 to 2024-11-06 21:57:00+00:00, run_after=2024-11-06 21:58:00+00:00
[2024-11-06T10:58:21.098-1100] {processor.py:208} INFO - Processing /home/ouaillaamiri/Development/lsi_3/airflow/venv/lib/python3.11/site-packages/airflow/example_dags/example_branch_python_dop_operator_3.py took 0.178 seconds
[2024-11-06T10:58:51.203-1100] {processor.py:186} INFO - Started process (PID=226563) to work on /home/ouaillaamiri/Development/lsi_3/airflow/venv/lib/python3.11/site-packages/airflow/example_dags/example_branch_python_dop_operator_3.py
[2024-11-06T10:58:51.206-1100] {processor.py:914} INFO - Processing file /home/ouaillaamiri/Development/lsi_3/airflow/venv/lib/python3.11/site-packages/airflow/example_dags/example_branch_python_dop_operator_3.py for tasks to queue
[2024-11-06T10:58:51.210-1100] {logging_mixin.py:190} INFO - [2024-11-06T10:58:51.209-1100] {dagbag.py:588} INFO - Filling up the DagBag from /home/ouaillaamiri/Development/lsi_3/airflow/venv/lib/python3.11/site-packages/airflow/example_dags/example_branch_python_dop_operator_3.py
[2024-11-06T10:58:51.238-1100] {processor.py:925} INFO - DAG(s) 'example_branch_dop_operator_v3' retrieved from /home/ouaillaamiri/Development/lsi_3/airflow/venv/lib/python3.11/site-packages/airflow/example_dags/example_branch_python_dop_operator_3.py
[2024-11-06T10:58:51.305-1100] {logging_mixin.py:190} INFO - [2024-11-06T10:58:51.304-1100] {dag.py:3239} INFO - Sync 1 DAGs
[2024-11-06T10:58:51.363-1100] {logging_mixin.py:190} INFO - [2024-11-06T10:58:51.362-1100] {dag.py:4180} INFO - Setting next_dagrun for example_branch_dop_operator_v3 to 2024-11-06 21:57:00+00:00, run_after=2024-11-06 21:58:00+00:00
[2024-11-06T10:58:51.401-1100] {processor.py:208} INFO - Processing /home/ouaillaamiri/Development/lsi_3/airflow/venv/lib/python3.11/site-packages/airflow/example_dags/example_branch_python_dop_operator_3.py took 0.213 seconds
[2024-11-06T10:59:21.897-1100] {processor.py:186} INFO - Started process (PID=227259) to work on /home/ouaillaamiri/Development/lsi_3/airflow/venv/lib/python3.11/site-packages/airflow/example_dags/example_branch_python_dop_operator_3.py
[2024-11-06T10:59:21.899-1100] {processor.py:914} INFO - Processing file /home/ouaillaamiri/Development/lsi_3/airflow/venv/lib/python3.11/site-packages/airflow/example_dags/example_branch_python_dop_operator_3.py for tasks to queue
[2024-11-06T10:59:21.903-1100] {logging_mixin.py:190} INFO - [2024-11-06T10:59:21.902-1100] {dagbag.py:588} INFO - Filling up the DagBag from /home/ouaillaamiri/Development/lsi_3/airflow/venv/lib/python3.11/site-packages/airflow/example_dags/example_branch_python_dop_operator_3.py
[2024-11-06T10:59:21.922-1100] {processor.py:925} INFO - DAG(s) 'example_branch_dop_operator_v3' retrieved from /home/ouaillaamiri/Development/lsi_3/airflow/venv/lib/python3.11/site-packages/airflow/example_dags/example_branch_python_dop_operator_3.py
[2024-11-06T10:59:21.980-1100] {logging_mixin.py:190} INFO - [2024-11-06T10:59:21.980-1100] {dag.py:3239} INFO - Sync 1 DAGs
[2024-11-06T10:59:22.028-1100] {logging_mixin.py:190} INFO - [2024-11-06T10:59:22.027-1100] {dag.py:4180} INFO - Setting next_dagrun for example_branch_dop_operator_v3 to 2024-11-06 21:58:00+00:00, run_after=2024-11-06 21:59:00+00:00
[2024-11-06T10:59:22.062-1100] {processor.py:208} INFO - Processing /home/ouaillaamiri/Development/lsi_3/airflow/venv/lib/python3.11/site-packages/airflow/example_dags/example_branch_python_dop_operator_3.py took 0.177 seconds
[2024-11-06T10:59:53.171-1100] {processor.py:186} INFO - Started process (PID=227654) to work on /home/ouaillaamiri/Development/lsi_3/airflow/venv/lib/python3.11/site-packages/airflow/example_dags/example_branch_python_dop_operator_3.py
[2024-11-06T10:59:53.173-1100] {processor.py:914} INFO - Processing file /home/ouaillaamiri/Development/lsi_3/airflow/venv/lib/python3.11/site-packages/airflow/example_dags/example_branch_python_dop_operator_3.py for tasks to queue
[2024-11-06T10:59:53.176-1100] {logging_mixin.py:190} INFO - [2024-11-06T10:59:53.176-1100] {dagbag.py:588} INFO - Filling up the DagBag from /home/ouaillaamiri/Development/lsi_3/airflow/venv/lib/python3.11/site-packages/airflow/example_dags/example_branch_python_dop_operator_3.py
[2024-11-06T10:59:53.195-1100] {processor.py:925} INFO - DAG(s) 'example_branch_dop_operator_v3' retrieved from /home/ouaillaamiri/Development/lsi_3/airflow/venv/lib/python3.11/site-packages/airflow/example_dags/example_branch_python_dop_operator_3.py
[2024-11-06T10:59:53.255-1100] {logging_mixin.py:190} INFO - [2024-11-06T10:59:53.254-1100] {dag.py:3239} INFO - Sync 1 DAGs
[2024-11-06T10:59:53.306-1100] {logging_mixin.py:190} INFO - [2024-11-06T10:59:53.306-1100] {dag.py:4180} INFO - Setting next_dagrun for example_branch_dop_operator_v3 to 2024-11-06 21:58:00+00:00, run_after=2024-11-06 21:59:00+00:00
[2024-11-06T10:59:53.336-1100] {processor.py:208} INFO - Processing /home/ouaillaamiri/Development/lsi_3/airflow/venv/lib/python3.11/site-packages/airflow/example_dags/example_branch_python_dop_operator_3.py took 0.176 seconds
[2024-11-06T11:00:59.776-1100] {processor.py:186} INFO - Started process (PID=228949) to work on /home/ouaillaamiri/Development/lsi_3/airflow/venv/lib/python3.11/site-packages/airflow/example_dags/example_branch_python_dop_operator_3.py
[2024-11-06T11:00:59.779-1100] {processor.py:914} INFO - Processing file /home/ouaillaamiri/Development/lsi_3/airflow/venv/lib/python3.11/site-packages/airflow/example_dags/example_branch_python_dop_operator_3.py for tasks to queue
[2024-11-06T11:00:59.785-1100] {logging_mixin.py:190} INFO - [2024-11-06T11:00:59.784-1100] {dagbag.py:588} INFO - Filling up the DagBag from /home/ouaillaamiri/Development/lsi_3/airflow/venv/lib/python3.11/site-packages/airflow/example_dags/example_branch_python_dop_operator_3.py
[2024-11-06T11:00:59.823-1100] {processor.py:925} INFO - DAG(s) 'example_branch_dop_operator_v3' retrieved from /home/ouaillaamiri/Development/lsi_3/airflow/venv/lib/python3.11/site-packages/airflow/example_dags/example_branch_python_dop_operator_3.py
[2024-11-06T11:00:59.931-1100] {logging_mixin.py:190} INFO - [2024-11-06T11:00:59.930-1100] {dag.py:3239} INFO - Sync 1 DAGs
[2024-11-06T11:01:00.009-1100] {logging_mixin.py:190} INFO - [2024-11-06T11:01:00.008-1100] {dag.py:4180} INFO - Setting next_dagrun for example_branch_dop_operator_v3 to 2024-11-06 21:59:00+00:00, run_after=2024-11-06 22:00:00+00:00
[2024-11-06T11:01:00.075-1100] {processor.py:208} INFO - Processing /home/ouaillaamiri/Development/lsi_3/airflow/venv/lib/python3.11/site-packages/airflow/example_dags/example_branch_python_dop_operator_3.py took 0.315 seconds
[2024-11-06T11:01:30.760-1100] {processor.py:186} INFO - Started process (PID=229433) to work on /home/ouaillaamiri/Development/lsi_3/airflow/venv/lib/python3.11/site-packages/airflow/example_dags/example_branch_python_dop_operator_3.py
[2024-11-06T11:01:30.764-1100] {processor.py:914} INFO - Processing file /home/ouaillaamiri/Development/lsi_3/airflow/venv/lib/python3.11/site-packages/airflow/example_dags/example_branch_python_dop_operator_3.py for tasks to queue
[2024-11-06T11:01:30.773-1100] {logging_mixin.py:190} INFO - [2024-11-06T11:01:30.772-1100] {dagbag.py:588} INFO - Filling up the DagBag from /home/ouaillaamiri/Development/lsi_3/airflow/venv/lib/python3.11/site-packages/airflow/example_dags/example_branch_python_dop_operator_3.py
[2024-11-06T11:01:30.804-1100] {processor.py:925} INFO - DAG(s) 'example_branch_dop_operator_v3' retrieved from /home/ouaillaamiri/Development/lsi_3/airflow/venv/lib/python3.11/site-packages/airflow/example_dags/example_branch_python_dop_operator_3.py
[2024-11-06T11:01:30.883-1100] {logging_mixin.py:190} INFO - [2024-11-06T11:01:30.882-1100] {dag.py:3239} INFO - Sync 1 DAGs
[2024-11-06T11:01:30.937-1100] {logging_mixin.py:190} INFO - [2024-11-06T11:01:30.936-1100] {dag.py:4180} INFO - Setting next_dagrun for example_branch_dop_operator_v3 to 2024-11-06 22:00:00+00:00, run_after=2024-11-06 22:01:00+00:00
[2024-11-06T11:01:30.976-1100] {processor.py:208} INFO - Processing /home/ouaillaamiri/Development/lsi_3/airflow/venv/lib/python3.11/site-packages/airflow/example_dags/example_branch_python_dop_operator_3.py took 0.235 seconds
[2024-11-06T11:02:01.353-1100] {processor.py:186} INFO - Started process (PID=229811) to work on /home/ouaillaamiri/Development/lsi_3/airflow/venv/lib/python3.11/site-packages/airflow/example_dags/example_branch_python_dop_operator_3.py
[2024-11-06T11:02:01.355-1100] {processor.py:914} INFO - Processing file /home/ouaillaamiri/Development/lsi_3/airflow/venv/lib/python3.11/site-packages/airflow/example_dags/example_branch_python_dop_operator_3.py for tasks to queue
[2024-11-06T11:02:01.360-1100] {logging_mixin.py:190} INFO - [2024-11-06T11:02:01.360-1100] {dagbag.py:588} INFO - Filling up the DagBag from /home/ouaillaamiri/Development/lsi_3/airflow/venv/lib/python3.11/site-packages/airflow/example_dags/example_branch_python_dop_operator_3.py
[2024-11-06T11:02:01.388-1100] {processor.py:925} INFO - DAG(s) 'example_branch_dop_operator_v3' retrieved from /home/ouaillaamiri/Development/lsi_3/airflow/venv/lib/python3.11/site-packages/airflow/example_dags/example_branch_python_dop_operator_3.py
[2024-11-06T11:02:01.461-1100] {logging_mixin.py:190} INFO - [2024-11-06T11:02:01.460-1100] {dag.py:3239} INFO - Sync 1 DAGs
[2024-11-06T11:02:01.524-1100] {logging_mixin.py:190} INFO - [2024-11-06T11:02:01.524-1100] {dag.py:4180} INFO - Setting next_dagrun for example_branch_dop_operator_v3 to 2024-11-06 22:01:00+00:00, run_after=2024-11-06 22:02:00+00:00
[2024-11-06T11:02:01.575-1100] {processor.py:208} INFO - Processing /home/ouaillaamiri/Development/lsi_3/airflow/venv/lib/python3.11/site-packages/airflow/example_dags/example_branch_python_dop_operator_3.py took 0.235 seconds
[2024-11-06T11:02:31.885-1100] {processor.py:186} INFO - Started process (PID=230554) to work on /home/ouaillaamiri/Development/lsi_3/airflow/venv/lib/python3.11/site-packages/airflow/example_dags/example_branch_python_dop_operator_3.py
[2024-11-06T11:02:31.887-1100] {processor.py:914} INFO - Processing file /home/ouaillaamiri/Development/lsi_3/airflow/venv/lib/python3.11/site-packages/airflow/example_dags/example_branch_python_dop_operator_3.py for tasks to queue
[2024-11-06T11:02:31.892-1100] {logging_mixin.py:190} INFO - [2024-11-06T11:02:31.891-1100] {dagbag.py:588} INFO - Filling up the DagBag from /home/ouaillaamiri/Development/lsi_3/airflow/venv/lib/python3.11/site-packages/airflow/example_dags/example_branch_python_dop_operator_3.py
[2024-11-06T11:02:31.924-1100] {processor.py:925} INFO - DAG(s) 'example_branch_dop_operator_v3' retrieved from /home/ouaillaamiri/Development/lsi_3/airflow/venv/lib/python3.11/site-packages/airflow/example_dags/example_branch_python_dop_operator_3.py
[2024-11-06T11:02:31.990-1100] {logging_mixin.py:190} INFO - [2024-11-06T11:02:31.989-1100] {dag.py:3239} INFO - Sync 1 DAGs
[2024-11-06T11:02:32.041-1100] {logging_mixin.py:190} INFO - [2024-11-06T11:02:32.040-1100] {dag.py:4180} INFO - Setting next_dagrun for example_branch_dop_operator_v3 to 2024-11-06 22:01:00+00:00, run_after=2024-11-06 22:02:00+00:00
[2024-11-06T11:02:32.078-1100] {processor.py:208} INFO - Processing /home/ouaillaamiri/Development/lsi_3/airflow/venv/lib/python3.11/site-packages/airflow/example_dags/example_branch_python_dop_operator_3.py took 0.209 seconds
[2024-11-06T11:03:02.751-1100] {processor.py:186} INFO - Started process (PID=231390) to work on /home/ouaillaamiri/Development/lsi_3/airflow/venv/lib/python3.11/site-packages/airflow/example_dags/example_branch_python_dop_operator_3.py
[2024-11-06T11:03:02.756-1100] {processor.py:914} INFO - Processing file /home/ouaillaamiri/Development/lsi_3/airflow/venv/lib/python3.11/site-packages/airflow/example_dags/example_branch_python_dop_operator_3.py for tasks to queue
[2024-11-06T11:03:02.763-1100] {logging_mixin.py:190} INFO - [2024-11-06T11:03:02.762-1100] {dagbag.py:588} INFO - Filling up the DagBag from /home/ouaillaamiri/Development/lsi_3/airflow/venv/lib/python3.11/site-packages/airflow/example_dags/example_branch_python_dop_operator_3.py
[2024-11-06T11:03:02.794-1100] {processor.py:925} INFO - DAG(s) 'example_branch_dop_operator_v3' retrieved from /home/ouaillaamiri/Development/lsi_3/airflow/venv/lib/python3.11/site-packages/airflow/example_dags/example_branch_python_dop_operator_3.py
[2024-11-06T11:03:02.876-1100] {logging_mixin.py:190} INFO - [2024-11-06T11:03:02.875-1100] {dag.py:3239} INFO - Sync 1 DAGs
[2024-11-06T11:03:02.949-1100] {logging_mixin.py:190} INFO - [2024-11-06T11:03:02.948-1100] {dag.py:4180} INFO - Setting next_dagrun for example_branch_dop_operator_v3 to 2024-11-06 22:02:00+00:00, run_after=2024-11-06 22:03:00+00:00
[2024-11-06T11:03:02.988-1100] {processor.py:208} INFO - Processing /home/ouaillaamiri/Development/lsi_3/airflow/venv/lib/python3.11/site-packages/airflow/example_dags/example_branch_python_dop_operator_3.py took 0.256 seconds
[2024-11-06T11:03:34.480-1100] {processor.py:186} INFO - Started process (PID=231900) to work on /home/ouaillaamiri/Development/lsi_3/airflow/venv/lib/python3.11/site-packages/airflow/example_dags/example_branch_python_dop_operator_3.py
[2024-11-06T11:03:34.482-1100] {processor.py:914} INFO - Processing file /home/ouaillaamiri/Development/lsi_3/airflow/venv/lib/python3.11/site-packages/airflow/example_dags/example_branch_python_dop_operator_3.py for tasks to queue
[2024-11-06T11:03:34.488-1100] {logging_mixin.py:190} INFO - [2024-11-06T11:03:34.487-1100] {dagbag.py:588} INFO - Filling up the DagBag from /home/ouaillaamiri/Development/lsi_3/airflow/venv/lib/python3.11/site-packages/airflow/example_dags/example_branch_python_dop_operator_3.py
[2024-11-06T11:03:34.523-1100] {processor.py:925} INFO - DAG(s) 'example_branch_dop_operator_v3' retrieved from /home/ouaillaamiri/Development/lsi_3/airflow/venv/lib/python3.11/site-packages/airflow/example_dags/example_branch_python_dop_operator_3.py
[2024-11-06T11:03:34.604-1100] {logging_mixin.py:190} INFO - [2024-11-06T11:03:34.603-1100] {dag.py:3239} INFO - Sync 1 DAGs
[2024-11-06T11:03:34.679-1100] {logging_mixin.py:190} INFO - [2024-11-06T11:03:34.678-1100] {dag.py:4180} INFO - Setting next_dagrun for example_branch_dop_operator_v3 to 2024-11-06 22:02:00+00:00, run_after=2024-11-06 22:03:00+00:00
[2024-11-06T11:03:34.728-1100] {processor.py:208} INFO - Processing /home/ouaillaamiri/Development/lsi_3/airflow/venv/lib/python3.11/site-packages/airflow/example_dags/example_branch_python_dop_operator_3.py took 0.265 seconds
[2024-11-06T11:04:04.954-1100] {processor.py:186} INFO - Started process (PID=232425) to work on /home/ouaillaamiri/Development/lsi_3/airflow/venv/lib/python3.11/site-packages/airflow/example_dags/example_branch_python_dop_operator_3.py
[2024-11-06T11:04:04.956-1100] {processor.py:914} INFO - Processing file /home/ouaillaamiri/Development/lsi_3/airflow/venv/lib/python3.11/site-packages/airflow/example_dags/example_branch_python_dop_operator_3.py for tasks to queue
[2024-11-06T11:04:04.960-1100] {logging_mixin.py:190} INFO - [2024-11-06T11:04:04.959-1100] {dagbag.py:588} INFO - Filling up the DagBag from /home/ouaillaamiri/Development/lsi_3/airflow/venv/lib/python3.11/site-packages/airflow/example_dags/example_branch_python_dop_operator_3.py
[2024-11-06T11:04:04.979-1100] {processor.py:925} INFO - DAG(s) 'example_branch_dop_operator_v3' retrieved from /home/ouaillaamiri/Development/lsi_3/airflow/venv/lib/python3.11/site-packages/airflow/example_dags/example_branch_python_dop_operator_3.py
[2024-11-06T11:04:05.047-1100] {logging_mixin.py:190} INFO - [2024-11-06T11:04:05.047-1100] {dag.py:3239} INFO - Sync 1 DAGs
[2024-11-06T11:04:05.096-1100] {logging_mixin.py:190} INFO - [2024-11-06T11:04:05.096-1100] {dag.py:4180} INFO - Setting next_dagrun for example_branch_dop_operator_v3 to 2024-11-06 22:03:00+00:00, run_after=2024-11-06 22:04:00+00:00
[2024-11-06T11:04:05.130-1100] {processor.py:208} INFO - Processing /home/ouaillaamiri/Development/lsi_3/airflow/venv/lib/python3.11/site-packages/airflow/example_dags/example_branch_python_dop_operator_3.py took 0.186 seconds
[2024-11-06T11:04:35.528-1100] {processor.py:186} INFO - Started process (PID=232805) to work on /home/ouaillaamiri/Development/lsi_3/airflow/venv/lib/python3.11/site-packages/airflow/example_dags/example_branch_python_dop_operator_3.py
[2024-11-06T11:04:35.530-1100] {processor.py:914} INFO - Processing file /home/ouaillaamiri/Development/lsi_3/airflow/venv/lib/python3.11/site-packages/airflow/example_dags/example_branch_python_dop_operator_3.py for tasks to queue
[2024-11-06T11:04:35.533-1100] {logging_mixin.py:190} INFO - [2024-11-06T11:04:35.533-1100] {dagbag.py:588} INFO - Filling up the DagBag from /home/ouaillaamiri/Development/lsi_3/airflow/venv/lib/python3.11/site-packages/airflow/example_dags/example_branch_python_dop_operator_3.py
[2024-11-06T11:04:35.551-1100] {processor.py:925} INFO - DAG(s) 'example_branch_dop_operator_v3' retrieved from /home/ouaillaamiri/Development/lsi_3/airflow/venv/lib/python3.11/site-packages/airflow/example_dags/example_branch_python_dop_operator_3.py
[2024-11-06T11:04:35.605-1100] {logging_mixin.py:190} INFO - [2024-11-06T11:04:35.604-1100] {dag.py:3239} INFO - Sync 1 DAGs
[2024-11-06T11:04:35.654-1100] {logging_mixin.py:190} INFO - [2024-11-06T11:04:35.654-1100] {dag.py:4180} INFO - Setting next_dagrun for example_branch_dop_operator_v3 to 2024-11-06 22:03:00+00:00, run_after=2024-11-06 22:04:00+00:00
[2024-11-06T11:04:35.692-1100] {processor.py:208} INFO - Processing /home/ouaillaamiri/Development/lsi_3/airflow/venv/lib/python3.11/site-packages/airflow/example_dags/example_branch_python_dop_operator_3.py took 0.174 seconds
