[2024-11-06T10:53:31.369-1100] {processor.py:186} INFO - Started process (PID=219336) to work on /home/ouaillaamiri/Development/lsi_3/airflow/venv/lib/python3.11/site-packages/airflow/example_dags/example_setup_teardown.py
[2024-11-06T10:53:31.372-1100] {processor.py:914} INFO - Processing file /home/ouaillaamiri/Development/lsi_3/airflow/venv/lib/python3.11/site-packages/airflow/example_dags/example_setup_teardown.py for tasks to queue
[2024-11-06T10:53:31.379-1100] {logging_mixin.py:190} INFO - [2024-11-06T10:53:31.377-1100] {dagbag.py:588} INFO - Filling up the DagBag from /home/ouaillaamiri/Development/lsi_3/airflow/venv/lib/python3.11/site-packages/airflow/example_dags/example_setup_teardown.py
[2024-11-06T10:53:31.400-1100] {processor.py:925} INFO - DAG(s) 'example_setup_teardown' retrieved from /home/ouaillaamiri/Development/lsi_3/airflow/venv/lib/python3.11/site-packages/airflow/example_dags/example_setup_teardown.py
[2024-11-06T10:53:31.758-1100] {logging_mixin.py:190} INFO - [2024-11-06T10:53:31.756-1100] {override.py:1911} INFO - Created Permission View: can edit on DAG:example_setup_teardown
[2024-11-06T10:53:31.788-1100] {logging_mixin.py:190} INFO - [2024-11-06T10:53:31.787-1100] {override.py:1911} INFO - Created Permission View: can delete on DAG:example_setup_teardown
[2024-11-06T10:53:31.807-1100] {logging_mixin.py:190} INFO - [2024-11-06T10:53:31.805-1100] {override.py:1911} INFO - Created Permission View: can read on DAG:example_setup_teardown
[2024-11-06T10:53:31.826-1100] {logging_mixin.py:190} INFO - [2024-11-06T10:53:31.825-1100] {override.py:1911} INFO - Created Permission View: can delete on DAG Run:example_setup_teardown
[2024-11-06T10:53:31.844-1100] {logging_mixin.py:190} INFO - [2024-11-06T10:53:31.843-1100] {override.py:1911} INFO - Created Permission View: can create on DAG Run:example_setup_teardown
[2024-11-06T10:53:31.862-1100] {logging_mixin.py:190} INFO - [2024-11-06T10:53:31.861-1100] {override.py:1911} INFO - Created Permission View: menu access on DAG Run:example_setup_teardown
[2024-11-06T10:53:31.885-1100] {logging_mixin.py:190} INFO - [2024-11-06T10:53:31.883-1100] {override.py:1911} INFO - Created Permission View: can read on DAG Run:example_setup_teardown
[2024-11-06T10:53:31.887-1100] {logging_mixin.py:190} INFO - [2024-11-06T10:53:31.886-1100] {dag.py:3239} INFO - Sync 1 DAGs
[2024-11-06T10:53:31.934-1100] {logging_mixin.py:190} INFO - [2024-11-06T10:53:31.933-1100] {dag.py:3262} INFO - Creating ORM DAG for example_setup_teardown
[2024-11-06T10:53:31.937-1100] {logging_mixin.py:190} INFO - [2024-11-06T10:53:31.936-1100] {dag.py:4180} INFO - Setting next_dagrun for example_setup_teardown to None, run_after=None
[2024-11-06T10:53:31.983-1100] {processor.py:208} INFO - Processing /home/ouaillaamiri/Development/lsi_3/airflow/venv/lib/python3.11/site-packages/airflow/example_dags/example_setup_teardown.py took 0.627 seconds
[2024-11-06T10:54:02.745-1100] {processor.py:186} INFO - Started process (PID=220069) to work on /home/ouaillaamiri/Development/lsi_3/airflow/venv/lib/python3.11/site-packages/airflow/example_dags/example_setup_teardown.py
[2024-11-06T10:54:02.747-1100] {processor.py:914} INFO - Processing file /home/ouaillaamiri/Development/lsi_3/airflow/venv/lib/python3.11/site-packages/airflow/example_dags/example_setup_teardown.py for tasks to queue
[2024-11-06T10:54:02.754-1100] {logging_mixin.py:190} INFO - [2024-11-06T10:54:02.754-1100] {dagbag.py:588} INFO - Filling up the DagBag from /home/ouaillaamiri/Development/lsi_3/airflow/venv/lib/python3.11/site-packages/airflow/example_dags/example_setup_teardown.py
[2024-11-06T10:54:02.769-1100] {processor.py:925} INFO - DAG(s) 'example_setup_teardown' retrieved from /home/ouaillaamiri/Development/lsi_3/airflow/venv/lib/python3.11/site-packages/airflow/example_dags/example_setup_teardown.py
[2024-11-06T10:54:02.840-1100] {logging_mixin.py:190} INFO - [2024-11-06T10:54:02.840-1100] {dag.py:3239} INFO - Sync 1 DAGs
[2024-11-06T10:54:02.868-1100] {logging_mixin.py:190} INFO - [2024-11-06T10:54:02.867-1100] {dag.py:4180} INFO - Setting next_dagrun for example_setup_teardown to None, run_after=None
[2024-11-06T10:54:02.907-1100] {processor.py:208} INFO - Processing /home/ouaillaamiri/Development/lsi_3/airflow/venv/lib/python3.11/site-packages/airflow/example_dags/example_setup_teardown.py took 0.179 seconds
[2024-11-06T10:54:33.347-1100] {processor.py:186} INFO - Started process (PID=220591) to work on /home/ouaillaamiri/Development/lsi_3/airflow/venv/lib/python3.11/site-packages/airflow/example_dags/example_setup_teardown.py
[2024-11-06T10:54:33.351-1100] {processor.py:914} INFO - Processing file /home/ouaillaamiri/Development/lsi_3/airflow/venv/lib/python3.11/site-packages/airflow/example_dags/example_setup_teardown.py for tasks to queue
[2024-11-06T10:54:33.357-1100] {logging_mixin.py:190} INFO - [2024-11-06T10:54:33.356-1100] {dagbag.py:588} INFO - Filling up the DagBag from /home/ouaillaamiri/Development/lsi_3/airflow/venv/lib/python3.11/site-packages/airflow/example_dags/example_setup_teardown.py
[2024-11-06T10:54:33.373-1100] {processor.py:925} INFO - DAG(s) 'example_setup_teardown' retrieved from /home/ouaillaamiri/Development/lsi_3/airflow/venv/lib/python3.11/site-packages/airflow/example_dags/example_setup_teardown.py
[2024-11-06T10:54:33.433-1100] {logging_mixin.py:190} INFO - [2024-11-06T10:54:33.433-1100] {dag.py:3239} INFO - Sync 1 DAGs
[2024-11-06T10:54:33.461-1100] {logging_mixin.py:190} INFO - [2024-11-06T10:54:33.461-1100] {dag.py:4180} INFO - Setting next_dagrun for example_setup_teardown to None, run_after=None
[2024-11-06T10:54:33.498-1100] {processor.py:208} INFO - Processing /home/ouaillaamiri/Development/lsi_3/airflow/venv/lib/python3.11/site-packages/airflow/example_dags/example_setup_teardown.py took 0.162 seconds
[2024-11-06T10:55:04.222-1100] {processor.py:186} INFO - Started process (PID=221130) to work on /home/ouaillaamiri/Development/lsi_3/airflow/venv/lib/python3.11/site-packages/airflow/example_dags/example_setup_teardown.py
[2024-11-06T10:55:04.226-1100] {processor.py:914} INFO - Processing file /home/ouaillaamiri/Development/lsi_3/airflow/venv/lib/python3.11/site-packages/airflow/example_dags/example_setup_teardown.py for tasks to queue
[2024-11-06T10:55:04.233-1100] {logging_mixin.py:190} INFO - [2024-11-06T10:55:04.232-1100] {dagbag.py:588} INFO - Filling up the DagBag from /home/ouaillaamiri/Development/lsi_3/airflow/venv/lib/python3.11/site-packages/airflow/example_dags/example_setup_teardown.py
[2024-11-06T10:55:04.257-1100] {processor.py:925} INFO - DAG(s) 'example_setup_teardown' retrieved from /home/ouaillaamiri/Development/lsi_3/airflow/venv/lib/python3.11/site-packages/airflow/example_dags/example_setup_teardown.py
[2024-11-06T10:55:04.335-1100] {logging_mixin.py:190} INFO - [2024-11-06T10:55:04.334-1100] {dag.py:3239} INFO - Sync 1 DAGs
[2024-11-06T10:55:04.360-1100] {logging_mixin.py:190} INFO - [2024-11-06T10:55:04.359-1100] {dag.py:4180} INFO - Setting next_dagrun for example_setup_teardown to None, run_after=None
[2024-11-06T10:55:04.399-1100] {processor.py:208} INFO - Processing /home/ouaillaamiri/Development/lsi_3/airflow/venv/lib/python3.11/site-packages/airflow/example_dags/example_setup_teardown.py took 0.191 seconds
[2024-11-06T10:55:34.922-1100] {processor.py:186} INFO - Started process (PID=221657) to work on /home/ouaillaamiri/Development/lsi_3/airflow/venv/lib/python3.11/site-packages/airflow/example_dags/example_setup_teardown.py
[2024-11-06T10:55:34.924-1100] {processor.py:914} INFO - Processing file /home/ouaillaamiri/Development/lsi_3/airflow/venv/lib/python3.11/site-packages/airflow/example_dags/example_setup_teardown.py for tasks to queue
[2024-11-06T10:55:34.930-1100] {logging_mixin.py:190} INFO - [2024-11-06T10:55:34.929-1100] {dagbag.py:588} INFO - Filling up the DagBag from /home/ouaillaamiri/Development/lsi_3/airflow/venv/lib/python3.11/site-packages/airflow/example_dags/example_setup_teardown.py
[2024-11-06T10:55:34.952-1100] {processor.py:925} INFO - DAG(s) 'example_setup_teardown' retrieved from /home/ouaillaamiri/Development/lsi_3/airflow/venv/lib/python3.11/site-packages/airflow/example_dags/example_setup_teardown.py
[2024-11-06T10:55:35.019-1100] {logging_mixin.py:190} INFO - [2024-11-06T10:55:35.019-1100] {dag.py:3239} INFO - Sync 1 DAGs
[2024-11-06T10:55:35.050-1100] {logging_mixin.py:190} INFO - [2024-11-06T10:55:35.050-1100] {dag.py:4180} INFO - Setting next_dagrun for example_setup_teardown to None, run_after=None
[2024-11-06T10:55:35.095-1100] {processor.py:208} INFO - Processing /home/ouaillaamiri/Development/lsi_3/airflow/venv/lib/python3.11/site-packages/airflow/example_dags/example_setup_teardown.py took 0.188 seconds
[2024-11-06T10:56:05.296-1100] {processor.py:186} INFO - Started process (PID=222035) to work on /home/ouaillaamiri/Development/lsi_3/airflow/venv/lib/python3.11/site-packages/airflow/example_dags/example_setup_teardown.py
[2024-11-06T10:56:05.298-1100] {processor.py:914} INFO - Processing file /home/ouaillaamiri/Development/lsi_3/airflow/venv/lib/python3.11/site-packages/airflow/example_dags/example_setup_teardown.py for tasks to queue
[2024-11-06T10:56:05.304-1100] {logging_mixin.py:190} INFO - [2024-11-06T10:56:05.303-1100] {dagbag.py:588} INFO - Filling up the DagBag from /home/ouaillaamiri/Development/lsi_3/airflow/venv/lib/python3.11/site-packages/airflow/example_dags/example_setup_teardown.py
[2024-11-06T10:56:05.324-1100] {processor.py:925} INFO - DAG(s) 'example_setup_teardown' retrieved from /home/ouaillaamiri/Development/lsi_3/airflow/venv/lib/python3.11/site-packages/airflow/example_dags/example_setup_teardown.py
[2024-11-06T10:56:05.394-1100] {logging_mixin.py:190} INFO - [2024-11-06T10:56:05.393-1100] {dag.py:3239} INFO - Sync 1 DAGs
[2024-11-06T10:56:05.423-1100] {logging_mixin.py:190} INFO - [2024-11-06T10:56:05.422-1100] {dag.py:4180} INFO - Setting next_dagrun for example_setup_teardown to None, run_after=None
[2024-11-06T10:56:05.465-1100] {processor.py:208} INFO - Processing /home/ouaillaamiri/Development/lsi_3/airflow/venv/lib/python3.11/site-packages/airflow/example_dags/example_setup_teardown.py took 0.180 seconds
[2024-11-06T10:56:44.505-1100] {processor.py:186} INFO - Started process (PID=223151) to work on /home/ouaillaamiri/Development/lsi_3/airflow/venv/lib/python3.11/site-packages/airflow/example_dags/example_setup_teardown.py
[2024-11-06T10:56:44.507-1100] {processor.py:914} INFO - Processing file /home/ouaillaamiri/Development/lsi_3/airflow/venv/lib/python3.11/site-packages/airflow/example_dags/example_setup_teardown.py for tasks to queue
[2024-11-06T10:56:44.511-1100] {logging_mixin.py:190} INFO - [2024-11-06T10:56:44.511-1100] {dagbag.py:588} INFO - Filling up the DagBag from /home/ouaillaamiri/Development/lsi_3/airflow/venv/lib/python3.11/site-packages/airflow/example_dags/example_setup_teardown.py
[2024-11-06T10:56:44.527-1100] {processor.py:925} INFO - DAG(s) 'example_setup_teardown' retrieved from /home/ouaillaamiri/Development/lsi_3/airflow/venv/lib/python3.11/site-packages/airflow/example_dags/example_setup_teardown.py
[2024-11-06T10:56:44.596-1100] {logging_mixin.py:190} INFO - [2024-11-06T10:56:44.595-1100] {dag.py:3239} INFO - Sync 1 DAGs
[2024-11-06T10:56:44.624-1100] {logging_mixin.py:190} INFO - [2024-11-06T10:56:44.624-1100] {dag.py:4180} INFO - Setting next_dagrun for example_setup_teardown to None, run_after=None
[2024-11-06T10:56:44.664-1100] {processor.py:208} INFO - Processing /home/ouaillaamiri/Development/lsi_3/airflow/venv/lib/python3.11/site-packages/airflow/example_dags/example_setup_teardown.py took 0.170 seconds
[2024-11-06T10:57:15.430-1100] {processor.py:186} INFO - Started process (PID=224269) to work on /home/ouaillaamiri/Development/lsi_3/airflow/venv/lib/python3.11/site-packages/airflow/example_dags/example_setup_teardown.py
[2024-11-06T10:57:15.432-1100] {processor.py:914} INFO - Processing file /home/ouaillaamiri/Development/lsi_3/airflow/venv/lib/python3.11/site-packages/airflow/example_dags/example_setup_teardown.py for tasks to queue
[2024-11-06T10:57:15.437-1100] {logging_mixin.py:190} INFO - [2024-11-06T10:57:15.436-1100] {dagbag.py:588} INFO - Filling up the DagBag from /home/ouaillaamiri/Development/lsi_3/airflow/venv/lib/python3.11/site-packages/airflow/example_dags/example_setup_teardown.py
[2024-11-06T10:57:15.454-1100] {processor.py:925} INFO - DAG(s) 'example_setup_teardown' retrieved from /home/ouaillaamiri/Development/lsi_3/airflow/venv/lib/python3.11/site-packages/airflow/example_dags/example_setup_teardown.py
[2024-11-06T10:57:15.515-1100] {logging_mixin.py:190} INFO - [2024-11-06T10:57:15.514-1100] {dag.py:3239} INFO - Sync 1 DAGs
[2024-11-06T10:57:15.540-1100] {logging_mixin.py:190} INFO - [2024-11-06T10:57:15.540-1100] {dag.py:4180} INFO - Setting next_dagrun for example_setup_teardown to None, run_after=None
[2024-11-06T10:57:15.576-1100] {processor.py:208} INFO - Processing /home/ouaillaamiri/Development/lsi_3/airflow/venv/lib/python3.11/site-packages/airflow/example_dags/example_setup_teardown.py took 0.157 seconds
[2024-11-06T10:57:45.974-1100] {processor.py:186} INFO - Started process (PID=224977) to work on /home/ouaillaamiri/Development/lsi_3/airflow/venv/lib/python3.11/site-packages/airflow/example_dags/example_setup_teardown.py
[2024-11-06T10:57:45.984-1100] {processor.py:914} INFO - Processing file /home/ouaillaamiri/Development/lsi_3/airflow/venv/lib/python3.11/site-packages/airflow/example_dags/example_setup_teardown.py for tasks to queue
[2024-11-06T10:57:45.992-1100] {logging_mixin.py:190} INFO - [2024-11-06T10:57:45.991-1100] {dagbag.py:588} INFO - Filling up the DagBag from /home/ouaillaamiri/Development/lsi_3/airflow/venv/lib/python3.11/site-packages/airflow/example_dags/example_setup_teardown.py
[2024-11-06T10:57:46.055-1100] {processor.py:925} INFO - DAG(s) 'example_setup_teardown' retrieved from /home/ouaillaamiri/Development/lsi_3/airflow/venv/lib/python3.11/site-packages/airflow/example_dags/example_setup_teardown.py
[2024-11-06T10:57:46.149-1100] {logging_mixin.py:190} INFO - [2024-11-06T10:57:46.148-1100] {dag.py:3239} INFO - Sync 1 DAGs
[2024-11-06T10:57:46.192-1100] {logging_mixin.py:190} INFO - [2024-11-06T10:57:46.191-1100] {dag.py:4180} INFO - Setting next_dagrun for example_setup_teardown to None, run_after=None
[2024-11-06T10:57:46.247-1100] {processor.py:208} INFO - Processing /home/ouaillaamiri/Development/lsi_3/airflow/venv/lib/python3.11/site-packages/airflow/example_dags/example_setup_teardown.py took 0.294 seconds
[2024-11-06T10:58:17.105-1100] {processor.py:186} INFO - Started process (PID=225681) to work on /home/ouaillaamiri/Development/lsi_3/airflow/venv/lib/python3.11/site-packages/airflow/example_dags/example_setup_teardown.py
[2024-11-06T10:58:17.110-1100] {processor.py:914} INFO - Processing file /home/ouaillaamiri/Development/lsi_3/airflow/venv/lib/python3.11/site-packages/airflow/example_dags/example_setup_teardown.py for tasks to queue
[2024-11-06T10:58:17.116-1100] {logging_mixin.py:190} INFO - [2024-11-06T10:58:17.115-1100] {dagbag.py:588} INFO - Filling up the DagBag from /home/ouaillaamiri/Development/lsi_3/airflow/venv/lib/python3.11/site-packages/airflow/example_dags/example_setup_teardown.py
[2024-11-06T10:58:17.140-1100] {processor.py:925} INFO - DAG(s) 'example_setup_teardown' retrieved from /home/ouaillaamiri/Development/lsi_3/airflow/venv/lib/python3.11/site-packages/airflow/example_dags/example_setup_teardown.py
[2024-11-06T10:58:17.204-1100] {logging_mixin.py:190} INFO - [2024-11-06T10:58:17.203-1100] {dag.py:3239} INFO - Sync 1 DAGs
[2024-11-06T10:58:17.237-1100] {logging_mixin.py:190} INFO - [2024-11-06T10:58:17.237-1100] {dag.py:4180} INFO - Setting next_dagrun for example_setup_teardown to None, run_after=None
[2024-11-06T10:58:17.275-1100] {processor.py:208} INFO - Processing /home/ouaillaamiri/Development/lsi_3/airflow/venv/lib/python3.11/site-packages/airflow/example_dags/example_setup_teardown.py took 0.189 seconds
[2024-11-06T10:58:47.776-1100] {processor.py:186} INFO - Started process (PID=226397) to work on /home/ouaillaamiri/Development/lsi_3/airflow/venv/lib/python3.11/site-packages/airflow/example_dags/example_setup_teardown.py
[2024-11-06T10:58:47.779-1100] {processor.py:914} INFO - Processing file /home/ouaillaamiri/Development/lsi_3/airflow/venv/lib/python3.11/site-packages/airflow/example_dags/example_setup_teardown.py for tasks to queue
[2024-11-06T10:58:47.784-1100] {logging_mixin.py:190} INFO - [2024-11-06T10:58:47.783-1100] {dagbag.py:588} INFO - Filling up the DagBag from /home/ouaillaamiri/Development/lsi_3/airflow/venv/lib/python3.11/site-packages/airflow/example_dags/example_setup_teardown.py
[2024-11-06T10:58:47.807-1100] {processor.py:925} INFO - DAG(s) 'example_setup_teardown' retrieved from /home/ouaillaamiri/Development/lsi_3/airflow/venv/lib/python3.11/site-packages/airflow/example_dags/example_setup_teardown.py
[2024-11-06T10:58:47.887-1100] {logging_mixin.py:190} INFO - [2024-11-06T10:58:47.886-1100] {dag.py:3239} INFO - Sync 1 DAGs
[2024-11-06T10:58:47.928-1100] {logging_mixin.py:190} INFO - [2024-11-06T10:58:47.927-1100] {dag.py:4180} INFO - Setting next_dagrun for example_setup_teardown to None, run_after=None
[2024-11-06T10:58:47.982-1100] {processor.py:208} INFO - Processing /home/ouaillaamiri/Development/lsi_3/airflow/venv/lib/python3.11/site-packages/airflow/example_dags/example_setup_teardown.py took 0.220 seconds
[2024-11-06T10:59:18.271-1100] {processor.py:186} INFO - Started process (PID=227107) to work on /home/ouaillaamiri/Development/lsi_3/airflow/venv/lib/python3.11/site-packages/airflow/example_dags/example_setup_teardown.py
[2024-11-06T10:59:18.273-1100] {processor.py:914} INFO - Processing file /home/ouaillaamiri/Development/lsi_3/airflow/venv/lib/python3.11/site-packages/airflow/example_dags/example_setup_teardown.py for tasks to queue
[2024-11-06T10:59:18.276-1100] {logging_mixin.py:190} INFO - [2024-11-06T10:59:18.276-1100] {dagbag.py:588} INFO - Filling up the DagBag from /home/ouaillaamiri/Development/lsi_3/airflow/venv/lib/python3.11/site-packages/airflow/example_dags/example_setup_teardown.py
[2024-11-06T10:59:18.291-1100] {processor.py:925} INFO - DAG(s) 'example_setup_teardown' retrieved from /home/ouaillaamiri/Development/lsi_3/airflow/venv/lib/python3.11/site-packages/airflow/example_dags/example_setup_teardown.py
[2024-11-06T10:59:18.365-1100] {logging_mixin.py:190} INFO - [2024-11-06T10:59:18.364-1100] {dag.py:3239} INFO - Sync 1 DAGs
[2024-11-06T10:59:18.395-1100] {logging_mixin.py:190} INFO - [2024-11-06T10:59:18.394-1100] {dag.py:4180} INFO - Setting next_dagrun for example_setup_teardown to None, run_after=None
[2024-11-06T10:59:18.434-1100] {processor.py:208} INFO - Processing /home/ouaillaamiri/Development/lsi_3/airflow/venv/lib/python3.11/site-packages/airflow/example_dags/example_setup_teardown.py took 0.174 seconds
[2024-11-06T10:59:48.515-1100] {processor.py:186} INFO - Started process (PID=227496) to work on /home/ouaillaamiri/Development/lsi_3/airflow/venv/lib/python3.11/site-packages/airflow/example_dags/example_setup_teardown.py
[2024-11-06T10:59:48.517-1100] {processor.py:914} INFO - Processing file /home/ouaillaamiri/Development/lsi_3/airflow/venv/lib/python3.11/site-packages/airflow/example_dags/example_setup_teardown.py for tasks to queue
[2024-11-06T10:59:48.520-1100] {logging_mixin.py:190} INFO - [2024-11-06T10:59:48.520-1100] {dagbag.py:588} INFO - Filling up the DagBag from /home/ouaillaamiri/Development/lsi_3/airflow/venv/lib/python3.11/site-packages/airflow/example_dags/example_setup_teardown.py
[2024-11-06T10:59:48.536-1100] {processor.py:925} INFO - DAG(s) 'example_setup_teardown' retrieved from /home/ouaillaamiri/Development/lsi_3/airflow/venv/lib/python3.11/site-packages/airflow/example_dags/example_setup_teardown.py
[2024-11-06T10:59:48.593-1100] {logging_mixin.py:190} INFO - [2024-11-06T10:59:48.593-1100] {dag.py:3239} INFO - Sync 1 DAGs
[2024-11-06T10:59:48.621-1100] {logging_mixin.py:190} INFO - [2024-11-06T10:59:48.620-1100] {dag.py:4180} INFO - Setting next_dagrun for example_setup_teardown to None, run_after=None
[2024-11-06T10:59:48.664-1100] {processor.py:208} INFO - Processing /home/ouaillaamiri/Development/lsi_3/airflow/venv/lib/python3.11/site-packages/airflow/example_dags/example_setup_teardown.py took 0.160 seconds
[2024-11-06T11:00:56.098-1100] {processor.py:186} INFO - Started process (PID=228680) to work on /home/ouaillaamiri/Development/lsi_3/airflow/venv/lib/python3.11/site-packages/airflow/example_dags/example_setup_teardown.py
[2024-11-06T11:00:56.101-1100] {processor.py:914} INFO - Processing file /home/ouaillaamiri/Development/lsi_3/airflow/venv/lib/python3.11/site-packages/airflow/example_dags/example_setup_teardown.py for tasks to queue
[2024-11-06T11:00:56.108-1100] {logging_mixin.py:190} INFO - [2024-11-06T11:00:56.107-1100] {dagbag.py:588} INFO - Filling up the DagBag from /home/ouaillaamiri/Development/lsi_3/airflow/venv/lib/python3.11/site-packages/airflow/example_dags/example_setup_teardown.py
[2024-11-06T11:00:56.132-1100] {processor.py:925} INFO - DAG(s) 'example_setup_teardown' retrieved from /home/ouaillaamiri/Development/lsi_3/airflow/venv/lib/python3.11/site-packages/airflow/example_dags/example_setup_teardown.py
[2024-11-06T11:00:56.212-1100] {logging_mixin.py:190} INFO - [2024-11-06T11:00:56.211-1100] {dag.py:3239} INFO - Sync 1 DAGs
[2024-11-06T11:00:56.245-1100] {logging_mixin.py:190} INFO - [2024-11-06T11:00:56.245-1100] {dag.py:4180} INFO - Setting next_dagrun for example_setup_teardown to None, run_after=None
[2024-11-06T11:00:56.287-1100] {processor.py:208} INFO - Processing /home/ouaillaamiri/Development/lsi_3/airflow/venv/lib/python3.11/site-packages/airflow/example_dags/example_setup_teardown.py took 0.208 seconds
[2024-11-06T11:01:26.714-1100] {processor.py:186} INFO - Started process (PID=229283) to work on /home/ouaillaamiri/Development/lsi_3/airflow/venv/lib/python3.11/site-packages/airflow/example_dags/example_setup_teardown.py
[2024-11-06T11:01:26.716-1100] {processor.py:914} INFO - Processing file /home/ouaillaamiri/Development/lsi_3/airflow/venv/lib/python3.11/site-packages/airflow/example_dags/example_setup_teardown.py for tasks to queue
[2024-11-06T11:01:26.721-1100] {logging_mixin.py:190} INFO - [2024-11-06T11:01:26.720-1100] {dagbag.py:588} INFO - Filling up the DagBag from /home/ouaillaamiri/Development/lsi_3/airflow/venv/lib/python3.11/site-packages/airflow/example_dags/example_setup_teardown.py
[2024-11-06T11:01:26.745-1100] {processor.py:925} INFO - DAG(s) 'example_setup_teardown' retrieved from /home/ouaillaamiri/Development/lsi_3/airflow/venv/lib/python3.11/site-packages/airflow/example_dags/example_setup_teardown.py
[2024-11-06T11:01:26.811-1100] {logging_mixin.py:190} INFO - [2024-11-06T11:01:26.810-1100] {dag.py:3239} INFO - Sync 1 DAGs
[2024-11-06T11:01:26.844-1100] {logging_mixin.py:190} INFO - [2024-11-06T11:01:26.844-1100] {dag.py:4180} INFO - Setting next_dagrun for example_setup_teardown to None, run_after=None
[2024-11-06T11:01:26.896-1100] {processor.py:208} INFO - Processing /home/ouaillaamiri/Development/lsi_3/airflow/venv/lib/python3.11/site-packages/airflow/example_dags/example_setup_teardown.py took 0.197 seconds
[2024-11-06T11:01:57.050-1100] {processor.py:186} INFO - Started process (PID=229656) to work on /home/ouaillaamiri/Development/lsi_3/airflow/venv/lib/python3.11/site-packages/airflow/example_dags/example_setup_teardown.py
[2024-11-06T11:01:57.052-1100] {processor.py:914} INFO - Processing file /home/ouaillaamiri/Development/lsi_3/airflow/venv/lib/python3.11/site-packages/airflow/example_dags/example_setup_teardown.py for tasks to queue
[2024-11-06T11:01:57.057-1100] {logging_mixin.py:190} INFO - [2024-11-06T11:01:57.056-1100] {dagbag.py:588} INFO - Filling up the DagBag from /home/ouaillaamiri/Development/lsi_3/airflow/venv/lib/python3.11/site-packages/airflow/example_dags/example_setup_teardown.py
[2024-11-06T11:01:57.075-1100] {processor.py:925} INFO - DAG(s) 'example_setup_teardown' retrieved from /home/ouaillaamiri/Development/lsi_3/airflow/venv/lib/python3.11/site-packages/airflow/example_dags/example_setup_teardown.py
[2024-11-06T11:01:57.150-1100] {logging_mixin.py:190} INFO - [2024-11-06T11:01:57.149-1100] {dag.py:3239} INFO - Sync 1 DAGs
[2024-11-06T11:01:57.185-1100] {logging_mixin.py:190} INFO - [2024-11-06T11:01:57.184-1100] {dag.py:4180} INFO - Setting next_dagrun for example_setup_teardown to None, run_after=None
[2024-11-06T11:01:57.234-1100] {processor.py:208} INFO - Processing /home/ouaillaamiri/Development/lsi_3/airflow/venv/lib/python3.11/site-packages/airflow/example_dags/example_setup_teardown.py took 0.197 seconds
[2024-11-06T11:02:27.707-1100] {processor.py:186} INFO - Started process (PID=230249) to work on /home/ouaillaamiri/Development/lsi_3/airflow/venv/lib/python3.11/site-packages/airflow/example_dags/example_setup_teardown.py
[2024-11-06T11:02:27.708-1100] {processor.py:914} INFO - Processing file /home/ouaillaamiri/Development/lsi_3/airflow/venv/lib/python3.11/site-packages/airflow/example_dags/example_setup_teardown.py for tasks to queue
[2024-11-06T11:02:27.712-1100] {logging_mixin.py:190} INFO - [2024-11-06T11:02:27.712-1100] {dagbag.py:588} INFO - Filling up the DagBag from /home/ouaillaamiri/Development/lsi_3/airflow/venv/lib/python3.11/site-packages/airflow/example_dags/example_setup_teardown.py
[2024-11-06T11:02:27.728-1100] {processor.py:925} INFO - DAG(s) 'example_setup_teardown' retrieved from /home/ouaillaamiri/Development/lsi_3/airflow/venv/lib/python3.11/site-packages/airflow/example_dags/example_setup_teardown.py
[2024-11-06T11:02:27.782-1100] {logging_mixin.py:190} INFO - [2024-11-06T11:02:27.781-1100] {dag.py:3239} INFO - Sync 1 DAGs
[2024-11-06T11:02:27.808-1100] {logging_mixin.py:190} INFO - [2024-11-06T11:02:27.807-1100] {dag.py:4180} INFO - Setting next_dagrun for example_setup_teardown to None, run_after=None
[2024-11-06T11:02:27.841-1100] {processor.py:208} INFO - Processing /home/ouaillaamiri/Development/lsi_3/airflow/venv/lib/python3.11/site-packages/airflow/example_dags/example_setup_teardown.py took 0.145 seconds
[2024-11-06T11:02:58.504-1100] {processor.py:186} INFO - Started process (PID=231236) to work on /home/ouaillaamiri/Development/lsi_3/airflow/venv/lib/python3.11/site-packages/airflow/example_dags/example_setup_teardown.py
[2024-11-06T11:02:58.508-1100] {processor.py:914} INFO - Processing file /home/ouaillaamiri/Development/lsi_3/airflow/venv/lib/python3.11/site-packages/airflow/example_dags/example_setup_teardown.py for tasks to queue
[2024-11-06T11:02:58.512-1100] {logging_mixin.py:190} INFO - [2024-11-06T11:02:58.512-1100] {dagbag.py:588} INFO - Filling up the DagBag from /home/ouaillaamiri/Development/lsi_3/airflow/venv/lib/python3.11/site-packages/airflow/example_dags/example_setup_teardown.py
[2024-11-06T11:02:58.531-1100] {processor.py:925} INFO - DAG(s) 'example_setup_teardown' retrieved from /home/ouaillaamiri/Development/lsi_3/airflow/venv/lib/python3.11/site-packages/airflow/example_dags/example_setup_teardown.py
[2024-11-06T11:02:58.598-1100] {logging_mixin.py:190} INFO - [2024-11-06T11:02:58.597-1100] {dag.py:3239} INFO - Sync 1 DAGs
[2024-11-06T11:02:58.626-1100] {logging_mixin.py:190} INFO - [2024-11-06T11:02:58.625-1100] {dag.py:4180} INFO - Setting next_dagrun for example_setup_teardown to None, run_after=None
[2024-11-06T11:02:58.661-1100] {processor.py:208} INFO - Processing /home/ouaillaamiri/Development/lsi_3/airflow/venv/lib/python3.11/site-packages/airflow/example_dags/example_setup_teardown.py took 0.169 seconds
[2024-11-06T11:03:29.155-1100] {processor.py:186} INFO - Started process (PID=231595) to work on /home/ouaillaamiri/Development/lsi_3/airflow/venv/lib/python3.11/site-packages/airflow/example_dags/example_setup_teardown.py
[2024-11-06T11:03:29.157-1100] {processor.py:914} INFO - Processing file /home/ouaillaamiri/Development/lsi_3/airflow/venv/lib/python3.11/site-packages/airflow/example_dags/example_setup_teardown.py for tasks to queue
[2024-11-06T11:03:29.161-1100] {logging_mixin.py:190} INFO - [2024-11-06T11:03:29.161-1100] {dagbag.py:588} INFO - Filling up the DagBag from /home/ouaillaamiri/Development/lsi_3/airflow/venv/lib/python3.11/site-packages/airflow/example_dags/example_setup_teardown.py
[2024-11-06T11:03:29.184-1100] {processor.py:925} INFO - DAG(s) 'example_setup_teardown' retrieved from /home/ouaillaamiri/Development/lsi_3/airflow/venv/lib/python3.11/site-packages/airflow/example_dags/example_setup_teardown.py
[2024-11-06T11:03:29.267-1100] {logging_mixin.py:190} INFO - [2024-11-06T11:03:29.266-1100] {dag.py:3239} INFO - Sync 1 DAGs
[2024-11-06T11:03:29.302-1100] {logging_mixin.py:190} INFO - [2024-11-06T11:03:29.301-1100] {dag.py:4180} INFO - Setting next_dagrun for example_setup_teardown to None, run_after=None
[2024-11-06T11:03:29.353-1100] {processor.py:208} INFO - Processing /home/ouaillaamiri/Development/lsi_3/airflow/venv/lib/python3.11/site-packages/airflow/example_dags/example_setup_teardown.py took 0.214 seconds
[2024-11-06T11:03:59.644-1100] {processor.py:186} INFO - Started process (PID=232272) to work on /home/ouaillaamiri/Development/lsi_3/airflow/venv/lib/python3.11/site-packages/airflow/example_dags/example_setup_teardown.py
[2024-11-06T11:03:59.646-1100] {processor.py:914} INFO - Processing file /home/ouaillaamiri/Development/lsi_3/airflow/venv/lib/python3.11/site-packages/airflow/example_dags/example_setup_teardown.py for tasks to queue
[2024-11-06T11:03:59.649-1100] {logging_mixin.py:190} INFO - [2024-11-06T11:03:59.649-1100] {dagbag.py:588} INFO - Filling up the DagBag from /home/ouaillaamiri/Development/lsi_3/airflow/venv/lib/python3.11/site-packages/airflow/example_dags/example_setup_teardown.py
[2024-11-06T11:03:59.664-1100] {processor.py:925} INFO - DAG(s) 'example_setup_teardown' retrieved from /home/ouaillaamiri/Development/lsi_3/airflow/venv/lib/python3.11/site-packages/airflow/example_dags/example_setup_teardown.py
[2024-11-06T11:03:59.725-1100] {logging_mixin.py:190} INFO - [2024-11-06T11:03:59.725-1100] {dag.py:3239} INFO - Sync 1 DAGs
[2024-11-06T11:03:59.752-1100] {logging_mixin.py:190} INFO - [2024-11-06T11:03:59.752-1100] {dag.py:4180} INFO - Setting next_dagrun for example_setup_teardown to None, run_after=None
[2024-11-06T11:03:59.788-1100] {processor.py:208} INFO - Processing /home/ouaillaamiri/Development/lsi_3/airflow/venv/lib/python3.11/site-packages/airflow/example_dags/example_setup_teardown.py took 0.154 seconds
[2024-11-06T11:04:30.488-1100] {processor.py:186} INFO - Started process (PID=232644) to work on /home/ouaillaamiri/Development/lsi_3/airflow/venv/lib/python3.11/site-packages/airflow/example_dags/example_setup_teardown.py
[2024-11-06T11:04:30.492-1100] {processor.py:914} INFO - Processing file /home/ouaillaamiri/Development/lsi_3/airflow/venv/lib/python3.11/site-packages/airflow/example_dags/example_setup_teardown.py for tasks to queue
[2024-11-06T11:04:30.497-1100] {logging_mixin.py:190} INFO - [2024-11-06T11:04:30.496-1100] {dagbag.py:588} INFO - Filling up the DagBag from /home/ouaillaamiri/Development/lsi_3/airflow/venv/lib/python3.11/site-packages/airflow/example_dags/example_setup_teardown.py
[2024-11-06T11:04:30.520-1100] {processor.py:925} INFO - DAG(s) 'example_setup_teardown' retrieved from /home/ouaillaamiri/Development/lsi_3/airflow/venv/lib/python3.11/site-packages/airflow/example_dags/example_setup_teardown.py
[2024-11-06T11:04:30.614-1100] {logging_mixin.py:190} INFO - [2024-11-06T11:04:30.613-1100] {dag.py:3239} INFO - Sync 1 DAGs
[2024-11-06T11:04:30.651-1100] {logging_mixin.py:190} INFO - [2024-11-06T11:04:30.650-1100] {dag.py:4180} INFO - Setting next_dagrun for example_setup_teardown to None, run_after=None
[2024-11-06T11:04:30.716-1100] {processor.py:208} INFO - Processing /home/ouaillaamiri/Development/lsi_3/airflow/venv/lib/python3.11/site-packages/airflow/example_dags/example_setup_teardown.py took 0.245 seconds
