[2024-11-06T10:53:37.690-1100] {processor.py:186} INFO - Started process (PID=219623) to work on /home/ouaillaamiri/Development/lsi_3/airflow/venv/lib/python3.11/site-packages/airflow/example_dags/example_branch_operator_decorator.py
[2024-11-06T10:53:37.692-1100] {processor.py:914} INFO - Processing file /home/ouaillaamiri/Development/lsi_3/airflow/venv/lib/python3.11/site-packages/airflow/example_dags/example_branch_operator_decorator.py for tasks to queue
[2024-11-06T10:53:37.697-1100] {logging_mixin.py:190} INFO - [2024-11-06T10:53:37.696-1100] {dagbag.py:588} INFO - Filling up the DagBag from /home/ouaillaamiri/Development/lsi_3/airflow/venv/lib/python3.11/site-packages/airflow/example_dags/example_branch_operator_decorator.py
[2024-11-06T10:53:37.702-1100] {processor.py:927} WARNING - No viable dags retrieved from /home/ouaillaamiri/Development/lsi_3/airflow/venv/lib/python3.11/site-packages/airflow/example_dags/example_branch_operator_decorator.py
[2024-11-06T10:53:37.750-1100] {processor.py:208} INFO - Processing /home/ouaillaamiri/Development/lsi_3/airflow/venv/lib/python3.11/site-packages/airflow/example_dags/example_branch_operator_decorator.py took 0.072 seconds
[2024-11-06T10:54:08.499-1100] {processor.py:186} INFO - Started process (PID=220351) to work on /home/ouaillaamiri/Development/lsi_3/airflow/venv/lib/python3.11/site-packages/airflow/example_dags/example_branch_operator_decorator.py
[2024-11-06T10:54:08.501-1100] {processor.py:914} INFO - Processing file /home/ouaillaamiri/Development/lsi_3/airflow/venv/lib/python3.11/site-packages/airflow/example_dags/example_branch_operator_decorator.py for tasks to queue
[2024-11-06T10:54:08.505-1100] {logging_mixin.py:190} INFO - [2024-11-06T10:54:08.505-1100] {dagbag.py:588} INFO - Filling up the DagBag from /home/ouaillaamiri/Development/lsi_3/airflow/venv/lib/python3.11/site-packages/airflow/example_dags/example_branch_operator_decorator.py
[2024-11-06T10:54:08.509-1100] {processor.py:927} WARNING - No viable dags retrieved from /home/ouaillaamiri/Development/lsi_3/airflow/venv/lib/python3.11/site-packages/airflow/example_dags/example_branch_operator_decorator.py
[2024-11-06T10:54:08.554-1100] {processor.py:208} INFO - Processing /home/ouaillaamiri/Development/lsi_3/airflow/venv/lib/python3.11/site-packages/airflow/example_dags/example_branch_operator_decorator.py took 0.065 seconds
[2024-11-06T10:54:38.933-1100] {processor.py:186} INFO - Started process (PID=220720) to work on /home/ouaillaamiri/Development/lsi_3/airflow/venv/lib/python3.11/site-packages/airflow/example_dags/example_branch_operator_decorator.py
[2024-11-06T10:54:38.935-1100] {processor.py:914} INFO - Processing file /home/ouaillaamiri/Development/lsi_3/airflow/venv/lib/python3.11/site-packages/airflow/example_dags/example_branch_operator_decorator.py for tasks to queue
[2024-11-06T10:54:38.941-1100] {logging_mixin.py:190} INFO - [2024-11-06T10:54:38.940-1100] {dagbag.py:588} INFO - Filling up the DagBag from /home/ouaillaamiri/Development/lsi_3/airflow/venv/lib/python3.11/site-packages/airflow/example_dags/example_branch_operator_decorator.py
[2024-11-06T10:54:38.947-1100] {processor.py:927} WARNING - No viable dags retrieved from /home/ouaillaamiri/Development/lsi_3/airflow/venv/lib/python3.11/site-packages/airflow/example_dags/example_branch_operator_decorator.py
[2024-11-06T10:54:39.001-1100] {processor.py:208} INFO - Processing /home/ouaillaamiri/Development/lsi_3/airflow/venv/lib/python3.11/site-packages/airflow/example_dags/example_branch_operator_decorator.py took 0.083 seconds
[2024-11-06T10:55:09.407-1100] {processor.py:186} INFO - Started process (PID=221419) to work on /home/ouaillaamiri/Development/lsi_3/airflow/venv/lib/python3.11/site-packages/airflow/example_dags/example_branch_operator_decorator.py
[2024-11-06T10:55:09.409-1100] {processor.py:914} INFO - Processing file /home/ouaillaamiri/Development/lsi_3/airflow/venv/lib/python3.11/site-packages/airflow/example_dags/example_branch_operator_decorator.py for tasks to queue
[2024-11-06T10:55:09.413-1100] {logging_mixin.py:190} INFO - [2024-11-06T10:55:09.412-1100] {dagbag.py:588} INFO - Filling up the DagBag from /home/ouaillaamiri/Development/lsi_3/airflow/venv/lib/python3.11/site-packages/airflow/example_dags/example_branch_operator_decorator.py
[2024-11-06T10:55:09.418-1100] {processor.py:927} WARNING - No viable dags retrieved from /home/ouaillaamiri/Development/lsi_3/airflow/venv/lib/python3.11/site-packages/airflow/example_dags/example_branch_operator_decorator.py
[2024-11-06T10:55:09.465-1100] {processor.py:208} INFO - Processing /home/ouaillaamiri/Development/lsi_3/airflow/venv/lib/python3.11/site-packages/airflow/example_dags/example_branch_operator_decorator.py took 0.071 seconds
[2024-11-06T10:55:40.014-1100] {processor.py:186} INFO - Started process (PID=221787) to work on /home/ouaillaamiri/Development/lsi_3/airflow/venv/lib/python3.11/site-packages/airflow/example_dags/example_branch_operator_decorator.py
[2024-11-06T10:55:40.015-1100] {processor.py:914} INFO - Processing file /home/ouaillaamiri/Development/lsi_3/airflow/venv/lib/python3.11/site-packages/airflow/example_dags/example_branch_operator_decorator.py for tasks to queue
[2024-11-06T10:55:40.019-1100] {logging_mixin.py:190} INFO - [2024-11-06T10:55:40.018-1100] {dagbag.py:588} INFO - Filling up the DagBag from /home/ouaillaamiri/Development/lsi_3/airflow/venv/lib/python3.11/site-packages/airflow/example_dags/example_branch_operator_decorator.py
[2024-11-06T10:55:40.024-1100] {processor.py:927} WARNING - No viable dags retrieved from /home/ouaillaamiri/Development/lsi_3/airflow/venv/lib/python3.11/site-packages/airflow/example_dags/example_branch_operator_decorator.py
[2024-11-06T10:55:40.071-1100] {processor.py:208} INFO - Processing /home/ouaillaamiri/Development/lsi_3/airflow/venv/lib/python3.11/site-packages/airflow/example_dags/example_branch_operator_decorator.py took 0.068 seconds
[2024-11-06T10:56:10.615-1100] {processor.py:186} INFO - Started process (PID=222171) to work on /home/ouaillaamiri/Development/lsi_3/airflow/venv/lib/python3.11/site-packages/airflow/example_dags/example_branch_operator_decorator.py
[2024-11-06T10:56:10.617-1100] {processor.py:914} INFO - Processing file /home/ouaillaamiri/Development/lsi_3/airflow/venv/lib/python3.11/site-packages/airflow/example_dags/example_branch_operator_decorator.py for tasks to queue
[2024-11-06T10:56:10.622-1100] {logging_mixin.py:190} INFO - [2024-11-06T10:56:10.621-1100] {dagbag.py:588} INFO - Filling up the DagBag from /home/ouaillaamiri/Development/lsi_3/airflow/venv/lib/python3.11/site-packages/airflow/example_dags/example_branch_operator_decorator.py
[2024-11-06T10:56:10.629-1100] {processor.py:927} WARNING - No viable dags retrieved from /home/ouaillaamiri/Development/lsi_3/airflow/venv/lib/python3.11/site-packages/airflow/example_dags/example_branch_operator_decorator.py
[2024-11-06T10:56:10.693-1100] {processor.py:208} INFO - Processing /home/ouaillaamiri/Development/lsi_3/airflow/venv/lib/python3.11/site-packages/airflow/example_dags/example_branch_operator_decorator.py took 0.089 seconds
[2024-11-06T10:56:47.692-1100] {processor.py:186} INFO - Started process (PID=223363) to work on /home/ouaillaamiri/Development/lsi_3/airflow/venv/lib/python3.11/site-packages/airflow/example_dags/example_branch_operator_decorator.py
[2024-11-06T10:56:47.694-1100] {processor.py:914} INFO - Processing file /home/ouaillaamiri/Development/lsi_3/airflow/venv/lib/python3.11/site-packages/airflow/example_dags/example_branch_operator_decorator.py for tasks to queue
[2024-11-06T10:56:47.698-1100] {logging_mixin.py:190} INFO - [2024-11-06T10:56:47.697-1100] {dagbag.py:588} INFO - Filling up the DagBag from /home/ouaillaamiri/Development/lsi_3/airflow/venv/lib/python3.11/site-packages/airflow/example_dags/example_branch_operator_decorator.py
[2024-11-06T10:56:47.702-1100] {processor.py:927} WARNING - No viable dags retrieved from /home/ouaillaamiri/Development/lsi_3/airflow/venv/lib/python3.11/site-packages/airflow/example_dags/example_branch_operator_decorator.py
[2024-11-06T10:56:47.752-1100] {processor.py:208} INFO - Processing /home/ouaillaamiri/Development/lsi_3/airflow/venv/lib/python3.11/site-packages/airflow/example_dags/example_branch_operator_decorator.py took 0.071 seconds
[2024-11-06T10:57:18.623-1100] {processor.py:186} INFO - Started process (PID=224528) to work on /home/ouaillaamiri/Development/lsi_3/airflow/venv/lib/python3.11/site-packages/airflow/example_dags/example_branch_operator_decorator.py
[2024-11-06T10:57:18.625-1100] {processor.py:914} INFO - Processing file /home/ouaillaamiri/Development/lsi_3/airflow/venv/lib/python3.11/site-packages/airflow/example_dags/example_branch_operator_decorator.py for tasks to queue
[2024-11-06T10:57:18.631-1100] {logging_mixin.py:190} INFO - [2024-11-06T10:57:18.630-1100] {dagbag.py:588} INFO - Filling up the DagBag from /home/ouaillaamiri/Development/lsi_3/airflow/venv/lib/python3.11/site-packages/airflow/example_dags/example_branch_operator_decorator.py
[2024-11-06T10:57:18.639-1100] {processor.py:927} WARNING - No viable dags retrieved from /home/ouaillaamiri/Development/lsi_3/airflow/venv/lib/python3.11/site-packages/airflow/example_dags/example_branch_operator_decorator.py
[2024-11-06T10:57:18.702-1100] {processor.py:208} INFO - Processing /home/ouaillaamiri/Development/lsi_3/airflow/venv/lib/python3.11/site-packages/airflow/example_dags/example_branch_operator_decorator.py took 0.090 seconds
[2024-11-06T10:57:48.908-1100] {processor.py:186} INFO - Started process (PID=225259) to work on /home/ouaillaamiri/Development/lsi_3/airflow/venv/lib/python3.11/site-packages/airflow/example_dags/example_branch_operator_decorator.py
[2024-11-06T10:57:48.910-1100] {processor.py:914} INFO - Processing file /home/ouaillaamiri/Development/lsi_3/airflow/venv/lib/python3.11/site-packages/airflow/example_dags/example_branch_operator_decorator.py for tasks to queue
[2024-11-06T10:57:48.914-1100] {logging_mixin.py:190} INFO - [2024-11-06T10:57:48.913-1100] {dagbag.py:588} INFO - Filling up the DagBag from /home/ouaillaamiri/Development/lsi_3/airflow/venv/lib/python3.11/site-packages/airflow/example_dags/example_branch_operator_decorator.py
[2024-11-06T10:57:48.918-1100] {processor.py:927} WARNING - No viable dags retrieved from /home/ouaillaamiri/Development/lsi_3/airflow/venv/lib/python3.11/site-packages/airflow/example_dags/example_branch_operator_decorator.py
[2024-11-06T10:57:48.966-1100] {processor.py:208} INFO - Processing /home/ouaillaamiri/Development/lsi_3/airflow/venv/lib/python3.11/site-packages/airflow/example_dags/example_branch_operator_decorator.py took 0.068 seconds
[2024-11-06T10:58:20.273-1100] {processor.py:186} INFO - Started process (PID=225809) to work on /home/ouaillaamiri/Development/lsi_3/airflow/venv/lib/python3.11/site-packages/airflow/example_dags/example_branch_operator_decorator.py
[2024-11-06T10:58:20.274-1100] {processor.py:914} INFO - Processing file /home/ouaillaamiri/Development/lsi_3/airflow/venv/lib/python3.11/site-packages/airflow/example_dags/example_branch_operator_decorator.py for tasks to queue
[2024-11-06T10:58:20.279-1100] {logging_mixin.py:190} INFO - [2024-11-06T10:58:20.278-1100] {dagbag.py:588} INFO - Filling up the DagBag from /home/ouaillaamiri/Development/lsi_3/airflow/venv/lib/python3.11/site-packages/airflow/example_dags/example_branch_operator_decorator.py
[2024-11-06T10:58:20.285-1100] {processor.py:927} WARNING - No viable dags retrieved from /home/ouaillaamiri/Development/lsi_3/airflow/venv/lib/python3.11/site-packages/airflow/example_dags/example_branch_operator_decorator.py
[2024-11-06T10:58:20.338-1100] {processor.py:208} INFO - Processing /home/ouaillaamiri/Development/lsi_3/airflow/venv/lib/python3.11/site-packages/airflow/example_dags/example_branch_operator_decorator.py took 0.078 seconds
[2024-11-06T10:58:50.597-1100] {processor.py:186} INFO - Started process (PID=226540) to work on /home/ouaillaamiri/Development/lsi_3/airflow/venv/lib/python3.11/site-packages/airflow/example_dags/example_branch_operator_decorator.py
[2024-11-06T10:58:50.599-1100] {processor.py:914} INFO - Processing file /home/ouaillaamiri/Development/lsi_3/airflow/venv/lib/python3.11/site-packages/airflow/example_dags/example_branch_operator_decorator.py for tasks to queue
[2024-11-06T10:58:50.603-1100] {logging_mixin.py:190} INFO - [2024-11-06T10:58:50.602-1100] {dagbag.py:588} INFO - Filling up the DagBag from /home/ouaillaamiri/Development/lsi_3/airflow/venv/lib/python3.11/site-packages/airflow/example_dags/example_branch_operator_decorator.py
[2024-11-06T10:58:50.608-1100] {processor.py:927} WARNING - No viable dags retrieved from /home/ouaillaamiri/Development/lsi_3/airflow/venv/lib/python3.11/site-packages/airflow/example_dags/example_branch_operator_decorator.py
[2024-11-06T10:58:50.654-1100] {processor.py:208} INFO - Processing /home/ouaillaamiri/Development/lsi_3/airflow/venv/lib/python3.11/site-packages/airflow/example_dags/example_branch_operator_decorator.py took 0.066 seconds
[2024-11-06T10:59:21.503-1100] {processor.py:186} INFO - Started process (PID=227234) to work on /home/ouaillaamiri/Development/lsi_3/airflow/venv/lib/python3.11/site-packages/airflow/example_dags/example_branch_operator_decorator.py
[2024-11-06T10:59:21.505-1100] {processor.py:914} INFO - Processing file /home/ouaillaamiri/Development/lsi_3/airflow/venv/lib/python3.11/site-packages/airflow/example_dags/example_branch_operator_decorator.py for tasks to queue
[2024-11-06T10:59:21.509-1100] {logging_mixin.py:190} INFO - [2024-11-06T10:59:21.508-1100] {dagbag.py:588} INFO - Filling up the DagBag from /home/ouaillaamiri/Development/lsi_3/airflow/venv/lib/python3.11/site-packages/airflow/example_dags/example_branch_operator_decorator.py
[2024-11-06T10:59:21.514-1100] {processor.py:927} WARNING - No viable dags retrieved from /home/ouaillaamiri/Development/lsi_3/airflow/venv/lib/python3.11/site-packages/airflow/example_dags/example_branch_operator_decorator.py
[2024-11-06T10:59:21.561-1100] {processor.py:208} INFO - Processing /home/ouaillaamiri/Development/lsi_3/airflow/venv/lib/python3.11/site-packages/airflow/example_dags/example_branch_operator_decorator.py took 0.070 seconds
[2024-11-06T10:59:52.814-1100] {processor.py:186} INFO - Started process (PID=227632) to work on /home/ouaillaamiri/Development/lsi_3/airflow/venv/lib/python3.11/site-packages/airflow/example_dags/example_branch_operator_decorator.py
[2024-11-06T10:59:52.816-1100] {processor.py:914} INFO - Processing file /home/ouaillaamiri/Development/lsi_3/airflow/venv/lib/python3.11/site-packages/airflow/example_dags/example_branch_operator_decorator.py for tasks to queue
[2024-11-06T10:59:52.819-1100] {logging_mixin.py:190} INFO - [2024-11-06T10:59:52.819-1100] {dagbag.py:588} INFO - Filling up the DagBag from /home/ouaillaamiri/Development/lsi_3/airflow/venv/lib/python3.11/site-packages/airflow/example_dags/example_branch_operator_decorator.py
[2024-11-06T10:59:52.824-1100] {processor.py:927} WARNING - No viable dags retrieved from /home/ouaillaamiri/Development/lsi_3/airflow/venv/lib/python3.11/site-packages/airflow/example_dags/example_branch_operator_decorator.py
[2024-11-06T10:59:52.863-1100] {processor.py:208} INFO - Processing /home/ouaillaamiri/Development/lsi_3/airflow/venv/lib/python3.11/site-packages/airflow/example_dags/example_branch_operator_decorator.py took 0.058 seconds
[2024-11-06T11:00:59.213-1100] {processor.py:186} INFO - Started process (PID=228868) to work on /home/ouaillaamiri/Development/lsi_3/airflow/venv/lib/python3.11/site-packages/airflow/example_dags/example_branch_operator_decorator.py
[2024-11-06T11:00:59.215-1100] {processor.py:914} INFO - Processing file /home/ouaillaamiri/Development/lsi_3/airflow/venv/lib/python3.11/site-packages/airflow/example_dags/example_branch_operator_decorator.py for tasks to queue
[2024-11-06T11:00:59.219-1100] {logging_mixin.py:190} INFO - [2024-11-06T11:00:59.218-1100] {dagbag.py:588} INFO - Filling up the DagBag from /home/ouaillaamiri/Development/lsi_3/airflow/venv/lib/python3.11/site-packages/airflow/example_dags/example_branch_operator_decorator.py
[2024-11-06T11:00:59.225-1100] {processor.py:927} WARNING - No viable dags retrieved from /home/ouaillaamiri/Development/lsi_3/airflow/venv/lib/python3.11/site-packages/airflow/example_dags/example_branch_operator_decorator.py
[2024-11-06T11:00:59.283-1100] {processor.py:208} INFO - Processing /home/ouaillaamiri/Development/lsi_3/airflow/venv/lib/python3.11/site-packages/airflow/example_dags/example_branch_operator_decorator.py took 0.083 seconds
[2024-11-06T11:01:30.151-1100] {processor.py:186} INFO - Started process (PID=229410) to work on /home/ouaillaamiri/Development/lsi_3/airflow/venv/lib/python3.11/site-packages/airflow/example_dags/example_branch_operator_decorator.py
[2024-11-06T11:01:30.152-1100] {processor.py:914} INFO - Processing file /home/ouaillaamiri/Development/lsi_3/airflow/venv/lib/python3.11/site-packages/airflow/example_dags/example_branch_operator_decorator.py for tasks to queue
[2024-11-06T11:01:30.156-1100] {logging_mixin.py:190} INFO - [2024-11-06T11:01:30.155-1100] {dagbag.py:588} INFO - Filling up the DagBag from /home/ouaillaamiri/Development/lsi_3/airflow/venv/lib/python3.11/site-packages/airflow/example_dags/example_branch_operator_decorator.py
[2024-11-06T11:01:30.160-1100] {processor.py:927} WARNING - No viable dags retrieved from /home/ouaillaamiri/Development/lsi_3/airflow/venv/lib/python3.11/site-packages/airflow/example_dags/example_branch_operator_decorator.py
[2024-11-06T11:01:30.207-1100] {processor.py:208} INFO - Processing /home/ouaillaamiri/Development/lsi_3/airflow/venv/lib/python3.11/site-packages/airflow/example_dags/example_branch_operator_decorator.py took 0.066 seconds
[2024-11-06T11:02:00.620-1100] {processor.py:186} INFO - Started process (PID=229785) to work on /home/ouaillaamiri/Development/lsi_3/airflow/venv/lib/python3.11/site-packages/airflow/example_dags/example_branch_operator_decorator.py
[2024-11-06T11:02:00.623-1100] {processor.py:914} INFO - Processing file /home/ouaillaamiri/Development/lsi_3/airflow/venv/lib/python3.11/site-packages/airflow/example_dags/example_branch_operator_decorator.py for tasks to queue
[2024-11-06T11:02:00.628-1100] {logging_mixin.py:190} INFO - [2024-11-06T11:02:00.627-1100] {dagbag.py:588} INFO - Filling up the DagBag from /home/ouaillaamiri/Development/lsi_3/airflow/venv/lib/python3.11/site-packages/airflow/example_dags/example_branch_operator_decorator.py
[2024-11-06T11:02:00.634-1100] {processor.py:927} WARNING - No viable dags retrieved from /home/ouaillaamiri/Development/lsi_3/airflow/venv/lib/python3.11/site-packages/airflow/example_dags/example_branch_operator_decorator.py
[2024-11-06T11:02:00.689-1100] {processor.py:208} INFO - Processing /home/ouaillaamiri/Development/lsi_3/airflow/venv/lib/python3.11/site-packages/airflow/example_dags/example_branch_operator_decorator.py took 0.082 seconds
[2024-11-06T11:02:31.001-1100] {processor.py:186} INFO - Started process (PID=230495) to work on /home/ouaillaamiri/Development/lsi_3/airflow/venv/lib/python3.11/site-packages/airflow/example_dags/example_branch_operator_decorator.py
[2024-11-06T11:02:31.003-1100] {processor.py:914} INFO - Processing file /home/ouaillaamiri/Development/lsi_3/airflow/venv/lib/python3.11/site-packages/airflow/example_dags/example_branch_operator_decorator.py for tasks to queue
[2024-11-06T11:02:31.007-1100] {logging_mixin.py:190} INFO - [2024-11-06T11:02:31.007-1100] {dagbag.py:588} INFO - Filling up the DagBag from /home/ouaillaamiri/Development/lsi_3/airflow/venv/lib/python3.11/site-packages/airflow/example_dags/example_branch_operator_decorator.py
[2024-11-06T11:02:31.013-1100] {processor.py:927} WARNING - No viable dags retrieved from /home/ouaillaamiri/Development/lsi_3/airflow/venv/lib/python3.11/site-packages/airflow/example_dags/example_branch_operator_decorator.py
[2024-11-06T11:02:31.060-1100] {processor.py:208} INFO - Processing /home/ouaillaamiri/Development/lsi_3/airflow/venv/lib/python3.11/site-packages/airflow/example_dags/example_branch_operator_decorator.py took 0.071 seconds
[2024-11-06T11:03:02.008-1100] {processor.py:186} INFO - Started process (PID=231362) to work on /home/ouaillaamiri/Development/lsi_3/airflow/venv/lib/python3.11/site-packages/airflow/example_dags/example_branch_operator_decorator.py
[2024-11-06T11:03:02.013-1100] {processor.py:914} INFO - Processing file /home/ouaillaamiri/Development/lsi_3/airflow/venv/lib/python3.11/site-packages/airflow/example_dags/example_branch_operator_decorator.py for tasks to queue
[2024-11-06T11:03:02.021-1100] {logging_mixin.py:190} INFO - [2024-11-06T11:03:02.020-1100] {dagbag.py:588} INFO - Filling up the DagBag from /home/ouaillaamiri/Development/lsi_3/airflow/venv/lib/python3.11/site-packages/airflow/example_dags/example_branch_operator_decorator.py
[2024-11-06T11:03:02.028-1100] {processor.py:927} WARNING - No viable dags retrieved from /home/ouaillaamiri/Development/lsi_3/airflow/venv/lib/python3.11/site-packages/airflow/example_dags/example_branch_operator_decorator.py
[2024-11-06T11:03:02.092-1100] {processor.py:208} INFO - Processing /home/ouaillaamiri/Development/lsi_3/airflow/venv/lib/python3.11/site-packages/airflow/example_dags/example_branch_operator_decorator.py took 0.102 seconds
[2024-11-06T11:03:33.901-1100] {processor.py:186} INFO - Started process (PID=231877) to work on /home/ouaillaamiri/Development/lsi_3/airflow/venv/lib/python3.11/site-packages/airflow/example_dags/example_branch_operator_decorator.py
[2024-11-06T11:03:33.903-1100] {processor.py:914} INFO - Processing file /home/ouaillaamiri/Development/lsi_3/airflow/venv/lib/python3.11/site-packages/airflow/example_dags/example_branch_operator_decorator.py for tasks to queue
[2024-11-06T11:03:33.909-1100] {logging_mixin.py:190} INFO - [2024-11-06T11:03:33.908-1100] {dagbag.py:588} INFO - Filling up the DagBag from /home/ouaillaamiri/Development/lsi_3/airflow/venv/lib/python3.11/site-packages/airflow/example_dags/example_branch_operator_decorator.py
[2024-11-06T11:03:33.920-1100] {processor.py:927} WARNING - No viable dags retrieved from /home/ouaillaamiri/Development/lsi_3/airflow/venv/lib/python3.11/site-packages/airflow/example_dags/example_branch_operator_decorator.py
[2024-11-06T11:03:33.990-1100] {processor.py:208} INFO - Processing /home/ouaillaamiri/Development/lsi_3/airflow/venv/lib/python3.11/site-packages/airflow/example_dags/example_branch_operator_decorator.py took 0.105 seconds
[2024-11-06T11:04:04.495-1100] {processor.py:186} INFO - Started process (PID=232399) to work on /home/ouaillaamiri/Development/lsi_3/airflow/venv/lib/python3.11/site-packages/airflow/example_dags/example_branch_operator_decorator.py
[2024-11-06T11:04:04.497-1100] {processor.py:914} INFO - Processing file /home/ouaillaamiri/Development/lsi_3/airflow/venv/lib/python3.11/site-packages/airflow/example_dags/example_branch_operator_decorator.py for tasks to queue
[2024-11-06T11:04:04.501-1100] {logging_mixin.py:190} INFO - [2024-11-06T11:04:04.500-1100] {dagbag.py:588} INFO - Filling up the DagBag from /home/ouaillaamiri/Development/lsi_3/airflow/venv/lib/python3.11/site-packages/airflow/example_dags/example_branch_operator_decorator.py
[2024-11-06T11:04:04.506-1100] {processor.py:927} WARNING - No viable dags retrieved from /home/ouaillaamiri/Development/lsi_3/airflow/venv/lib/python3.11/site-packages/airflow/example_dags/example_branch_operator_decorator.py
[2024-11-06T11:04:04.555-1100] {processor.py:208} INFO - Processing /home/ouaillaamiri/Development/lsi_3/airflow/venv/lib/python3.11/site-packages/airflow/example_dags/example_branch_operator_decorator.py took 0.071 seconds
[2024-11-06T11:04:34.739-1100] {processor.py:186} INFO - Started process (PID=232773) to work on /home/ouaillaamiri/Development/lsi_3/airflow/venv/lib/python3.11/site-packages/airflow/example_dags/example_branch_operator_decorator.py
[2024-11-06T11:04:34.741-1100] {processor.py:914} INFO - Processing file /home/ouaillaamiri/Development/lsi_3/airflow/venv/lib/python3.11/site-packages/airflow/example_dags/example_branch_operator_decorator.py for tasks to queue
[2024-11-06T11:04:34.745-1100] {logging_mixin.py:190} INFO - [2024-11-06T11:04:34.745-1100] {dagbag.py:588} INFO - Filling up the DagBag from /home/ouaillaamiri/Development/lsi_3/airflow/venv/lib/python3.11/site-packages/airflow/example_dags/example_branch_operator_decorator.py
[2024-11-06T11:04:34.751-1100] {processor.py:927} WARNING - No viable dags retrieved from /home/ouaillaamiri/Development/lsi_3/airflow/venv/lib/python3.11/site-packages/airflow/example_dags/example_branch_operator_decorator.py
[2024-11-06T11:04:34.800-1100] {processor.py:208} INFO - Processing /home/ouaillaamiri/Development/lsi_3/airflow/venv/lib/python3.11/site-packages/airflow/example_dags/example_branch_operator_decorator.py took 0.074 seconds
