[2024-11-06T10:53:32.188-1100] {processor.py:186} INFO - Started process (PID=219360) to work on /home/ouaillaamiri/Development/lsi_3/airflow/venv/lib/python3.11/site-packages/airflow/example_dags/example_sensors.py
[2024-11-06T10:53:32.190-1100] {processor.py:914} INFO - Processing file /home/ouaillaamiri/Development/lsi_3/airflow/venv/lib/python3.11/site-packages/airflow/example_dags/example_sensors.py for tasks to queue
[2024-11-06T10:53:32.196-1100] {logging_mixin.py:190} INFO - [2024-11-06T10:53:32.194-1100] {dagbag.py:588} INFO - Filling up the DagBag from /home/ouaillaamiri/Development/lsi_3/airflow/venv/lib/python3.11/site-packages/airflow/example_dags/example_sensors.py
[2024-11-06T10:53:32.222-1100] {processor.py:925} INFO - DAG(s) 'example_sensors' retrieved from /home/ouaillaamiri/Development/lsi_3/airflow/venv/lib/python3.11/site-packages/airflow/example_dags/example_sensors.py
[2024-11-06T10:53:32.497-1100] {logging_mixin.py:190} INFO - [2024-11-06T10:53:32.496-1100] {override.py:1911} INFO - Created Permission View: can edit on DAG:example_sensors
[2024-11-06T10:53:32.521-1100] {logging_mixin.py:190} INFO - [2024-11-06T10:53:32.520-1100] {override.py:1911} INFO - Created Permission View: can delete on DAG:example_sensors
[2024-11-06T10:53:32.541-1100] {logging_mixin.py:190} INFO - [2024-11-06T10:53:32.540-1100] {override.py:1911} INFO - Created Permission View: can read on DAG:example_sensors
[2024-11-06T10:53:32.559-1100] {logging_mixin.py:190} INFO - [2024-11-06T10:53:32.558-1100] {override.py:1911} INFO - Created Permission View: can delete on DAG Run:example_sensors
[2024-11-06T10:53:32.579-1100] {logging_mixin.py:190} INFO - [2024-11-06T10:53:32.578-1100] {override.py:1911} INFO - Created Permission View: can create on DAG Run:example_sensors
[2024-11-06T10:53:32.604-1100] {logging_mixin.py:190} INFO - [2024-11-06T10:53:32.603-1100] {override.py:1911} INFO - Created Permission View: menu access on DAG Run:example_sensors
[2024-11-06T10:53:32.620-1100] {logging_mixin.py:190} INFO - [2024-11-06T10:53:32.620-1100] {override.py:1911} INFO - Created Permission View: can read on DAG Run:example_sensors
[2024-11-06T10:53:32.621-1100] {logging_mixin.py:190} INFO - [2024-11-06T10:53:32.621-1100] {dag.py:3239} INFO - Sync 1 DAGs
[2024-11-06T10:53:32.640-1100] {logging_mixin.py:190} INFO - [2024-11-06T10:53:32.639-1100] {dag.py:3262} INFO - Creating ORM DAG for example_sensors
[2024-11-06T10:53:32.641-1100] {logging_mixin.py:190} INFO - [2024-11-06T10:53:32.641-1100] {dag.py:4180} INFO - Setting next_dagrun for example_sensors to None, run_after=None
[2024-11-06T10:53:32.673-1100] {processor.py:208} INFO - Processing /home/ouaillaamiri/Development/lsi_3/airflow/venv/lib/python3.11/site-packages/airflow/example_dags/example_sensors.py took 0.501 seconds
[2024-11-06T10:54:03.033-1100] {processor.py:186} INFO - Started process (PID=220084) to work on /home/ouaillaamiri/Development/lsi_3/airflow/venv/lib/python3.11/site-packages/airflow/example_dags/example_sensors.py
[2024-11-06T10:54:03.035-1100] {processor.py:914} INFO - Processing file /home/ouaillaamiri/Development/lsi_3/airflow/venv/lib/python3.11/site-packages/airflow/example_dags/example_sensors.py for tasks to queue
[2024-11-06T10:54:03.039-1100] {logging_mixin.py:190} INFO - [2024-11-06T10:54:03.038-1100] {dagbag.py:588} INFO - Filling up the DagBag from /home/ouaillaamiri/Development/lsi_3/airflow/venv/lib/python3.11/site-packages/airflow/example_dags/example_sensors.py
[2024-11-06T10:54:03.060-1100] {processor.py:925} INFO - DAG(s) 'example_sensors' retrieved from /home/ouaillaamiri/Development/lsi_3/airflow/venv/lib/python3.11/site-packages/airflow/example_dags/example_sensors.py
[2024-11-06T10:54:03.134-1100] {logging_mixin.py:190} INFO - [2024-11-06T10:54:03.134-1100] {dag.py:3239} INFO - Sync 1 DAGs
[2024-11-06T10:54:03.163-1100] {logging_mixin.py:190} INFO - [2024-11-06T10:54:03.162-1100] {dag.py:4180} INFO - Setting next_dagrun for example_sensors to None, run_after=None
[2024-11-06T10:54:03.201-1100] {processor.py:208} INFO - Processing /home/ouaillaamiri/Development/lsi_3/airflow/venv/lib/python3.11/site-packages/airflow/example_dags/example_sensors.py took 0.178 seconds
[2024-11-06T10:54:33.613-1100] {processor.py:186} INFO - Started process (PID=220606) to work on /home/ouaillaamiri/Development/lsi_3/airflow/venv/lib/python3.11/site-packages/airflow/example_dags/example_sensors.py
[2024-11-06T10:54:33.615-1100] {processor.py:914} INFO - Processing file /home/ouaillaamiri/Development/lsi_3/airflow/venv/lib/python3.11/site-packages/airflow/example_dags/example_sensors.py for tasks to queue
[2024-11-06T10:54:33.619-1100] {logging_mixin.py:190} INFO - [2024-11-06T10:54:33.618-1100] {dagbag.py:588} INFO - Filling up the DagBag from /home/ouaillaamiri/Development/lsi_3/airflow/venv/lib/python3.11/site-packages/airflow/example_dags/example_sensors.py
[2024-11-06T10:54:33.639-1100] {processor.py:925} INFO - DAG(s) 'example_sensors' retrieved from /home/ouaillaamiri/Development/lsi_3/airflow/venv/lib/python3.11/site-packages/airflow/example_dags/example_sensors.py
[2024-11-06T10:54:33.703-1100] {logging_mixin.py:190} INFO - [2024-11-06T10:54:33.703-1100] {dag.py:3239} INFO - Sync 1 DAGs
[2024-11-06T10:54:33.729-1100] {logging_mixin.py:190} INFO - [2024-11-06T10:54:33.728-1100] {dag.py:4180} INFO - Setting next_dagrun for example_sensors to None, run_after=None
[2024-11-06T10:54:33.766-1100] {processor.py:208} INFO - Processing /home/ouaillaamiri/Development/lsi_3/airflow/venv/lib/python3.11/site-packages/airflow/example_dags/example_sensors.py took 0.164 seconds
[2024-11-06T10:55:04.551-1100] {processor.py:186} INFO - Started process (PID=221146) to work on /home/ouaillaamiri/Development/lsi_3/airflow/venv/lib/python3.11/site-packages/airflow/example_dags/example_sensors.py
[2024-11-06T10:55:04.553-1100] {processor.py:914} INFO - Processing file /home/ouaillaamiri/Development/lsi_3/airflow/venv/lib/python3.11/site-packages/airflow/example_dags/example_sensors.py for tasks to queue
[2024-11-06T10:55:04.557-1100] {logging_mixin.py:190} INFO - [2024-11-06T10:55:04.556-1100] {dagbag.py:588} INFO - Filling up the DagBag from /home/ouaillaamiri/Development/lsi_3/airflow/venv/lib/python3.11/site-packages/airflow/example_dags/example_sensors.py
[2024-11-06T10:55:04.580-1100] {processor.py:925} INFO - DAG(s) 'example_sensors' retrieved from /home/ouaillaamiri/Development/lsi_3/airflow/venv/lib/python3.11/site-packages/airflow/example_dags/example_sensors.py
[2024-11-06T10:55:04.687-1100] {logging_mixin.py:190} INFO - [2024-11-06T10:55:04.686-1100] {dag.py:3239} INFO - Sync 1 DAGs
[2024-11-06T10:55:04.728-1100] {logging_mixin.py:190} INFO - [2024-11-06T10:55:04.727-1100] {dag.py:4180} INFO - Setting next_dagrun for example_sensors to None, run_after=None
[2024-11-06T10:55:04.784-1100] {processor.py:208} INFO - Processing /home/ouaillaamiri/Development/lsi_3/airflow/venv/lib/python3.11/site-packages/airflow/example_dags/example_sensors.py took 0.246 seconds
[2024-11-06T10:55:35.200-1100] {processor.py:186} INFO - Started process (PID=221672) to work on /home/ouaillaamiri/Development/lsi_3/airflow/venv/lib/python3.11/site-packages/airflow/example_dags/example_sensors.py
[2024-11-06T10:55:35.202-1100] {processor.py:914} INFO - Processing file /home/ouaillaamiri/Development/lsi_3/airflow/venv/lib/python3.11/site-packages/airflow/example_dags/example_sensors.py for tasks to queue
[2024-11-06T10:55:35.206-1100] {logging_mixin.py:190} INFO - [2024-11-06T10:55:35.205-1100] {dagbag.py:588} INFO - Filling up the DagBag from /home/ouaillaamiri/Development/lsi_3/airflow/venv/lib/python3.11/site-packages/airflow/example_dags/example_sensors.py
[2024-11-06T10:55:35.225-1100] {processor.py:925} INFO - DAG(s) 'example_sensors' retrieved from /home/ouaillaamiri/Development/lsi_3/airflow/venv/lib/python3.11/site-packages/airflow/example_dags/example_sensors.py
[2024-11-06T10:55:35.286-1100] {logging_mixin.py:190} INFO - [2024-11-06T10:55:35.286-1100] {dag.py:3239} INFO - Sync 1 DAGs
[2024-11-06T10:55:35.313-1100] {logging_mixin.py:190} INFO - [2024-11-06T10:55:35.313-1100] {dag.py:4180} INFO - Setting next_dagrun for example_sensors to None, run_after=None
[2024-11-06T10:55:35.349-1100] {processor.py:208} INFO - Processing /home/ouaillaamiri/Development/lsi_3/airflow/venv/lib/python3.11/site-packages/airflow/example_dags/example_sensors.py took 0.159 seconds
[2024-11-06T10:56:05.620-1100] {processor.py:186} INFO - Started process (PID=222052) to work on /home/ouaillaamiri/Development/lsi_3/airflow/venv/lib/python3.11/site-packages/airflow/example_dags/example_sensors.py
[2024-11-06T10:56:05.622-1100] {processor.py:914} INFO - Processing file /home/ouaillaamiri/Development/lsi_3/airflow/venv/lib/python3.11/site-packages/airflow/example_dags/example_sensors.py for tasks to queue
[2024-11-06T10:56:05.627-1100] {logging_mixin.py:190} INFO - [2024-11-06T10:56:05.626-1100] {dagbag.py:588} INFO - Filling up the DagBag from /home/ouaillaamiri/Development/lsi_3/airflow/venv/lib/python3.11/site-packages/airflow/example_dags/example_sensors.py
[2024-11-06T10:56:05.650-1100] {processor.py:925} INFO - DAG(s) 'example_sensors' retrieved from /home/ouaillaamiri/Development/lsi_3/airflow/venv/lib/python3.11/site-packages/airflow/example_dags/example_sensors.py
[2024-11-06T10:56:05.732-1100] {logging_mixin.py:190} INFO - [2024-11-06T10:56:05.731-1100] {dag.py:3239} INFO - Sync 1 DAGs
[2024-11-06T10:56:05.765-1100] {logging_mixin.py:190} INFO - [2024-11-06T10:56:05.764-1100] {dag.py:4180} INFO - Setting next_dagrun for example_sensors to None, run_after=None
[2024-11-06T10:56:05.811-1100] {processor.py:208} INFO - Processing /home/ouaillaamiri/Development/lsi_3/airflow/venv/lib/python3.11/site-packages/airflow/example_dags/example_sensors.py took 0.204 seconds
[2024-11-06T10:56:44.979-1100] {processor.py:186} INFO - Started process (PID=223169) to work on /home/ouaillaamiri/Development/lsi_3/airflow/venv/lib/python3.11/site-packages/airflow/example_dags/example_sensors.py
[2024-11-06T10:56:44.980-1100] {processor.py:914} INFO - Processing file /home/ouaillaamiri/Development/lsi_3/airflow/venv/lib/python3.11/site-packages/airflow/example_dags/example_sensors.py for tasks to queue
[2024-11-06T10:56:44.984-1100] {logging_mixin.py:190} INFO - [2024-11-06T10:56:44.983-1100] {dagbag.py:588} INFO - Filling up the DagBag from /home/ouaillaamiri/Development/lsi_3/airflow/venv/lib/python3.11/site-packages/airflow/example_dags/example_sensors.py
[2024-11-06T10:56:45.002-1100] {processor.py:925} INFO - DAG(s) 'example_sensors' retrieved from /home/ouaillaamiri/Development/lsi_3/airflow/venv/lib/python3.11/site-packages/airflow/example_dags/example_sensors.py
[2024-11-06T10:56:45.070-1100] {logging_mixin.py:190} INFO - [2024-11-06T10:56:45.070-1100] {dag.py:3239} INFO - Sync 1 DAGs
[2024-11-06T10:56:45.093-1100] {logging_mixin.py:190} INFO - [2024-11-06T10:56:45.092-1100] {dag.py:4180} INFO - Setting next_dagrun for example_sensors to None, run_after=None
[2024-11-06T10:56:45.127-1100] {processor.py:208} INFO - Processing /home/ouaillaamiri/Development/lsi_3/airflow/venv/lib/python3.11/site-packages/airflow/example_dags/example_sensors.py took 0.158 seconds
[2024-11-06T10:57:15.766-1100] {processor.py:186} INFO - Started process (PID=224287) to work on /home/ouaillaamiri/Development/lsi_3/airflow/venv/lib/python3.11/site-packages/airflow/example_dags/example_sensors.py
[2024-11-06T10:57:15.769-1100] {processor.py:914} INFO - Processing file /home/ouaillaamiri/Development/lsi_3/airflow/venv/lib/python3.11/site-packages/airflow/example_dags/example_sensors.py for tasks to queue
[2024-11-06T10:57:15.773-1100] {logging_mixin.py:190} INFO - [2024-11-06T10:57:15.772-1100] {dagbag.py:588} INFO - Filling up the DagBag from /home/ouaillaamiri/Development/lsi_3/airflow/venv/lib/python3.11/site-packages/airflow/example_dags/example_sensors.py
[2024-11-06T10:57:15.796-1100] {processor.py:925} INFO - DAG(s) 'example_sensors' retrieved from /home/ouaillaamiri/Development/lsi_3/airflow/venv/lib/python3.11/site-packages/airflow/example_dags/example_sensors.py
[2024-11-06T10:57:15.874-1100] {logging_mixin.py:190} INFO - [2024-11-06T10:57:15.874-1100] {dag.py:3239} INFO - Sync 1 DAGs
[2024-11-06T10:57:15.905-1100] {logging_mixin.py:190} INFO - [2024-11-06T10:57:15.905-1100] {dag.py:4180} INFO - Setting next_dagrun for example_sensors to None, run_after=None
[2024-11-06T10:57:15.946-1100] {processor.py:208} INFO - Processing /home/ouaillaamiri/Development/lsi_3/airflow/venv/lib/python3.11/site-packages/airflow/example_dags/example_sensors.py took 0.192 seconds
[2024-11-06T10:57:46.544-1100] {processor.py:186} INFO - Started process (PID=225028) to work on /home/ouaillaamiri/Development/lsi_3/airflow/venv/lib/python3.11/site-packages/airflow/example_dags/example_sensors.py
[2024-11-06T10:57:46.546-1100] {processor.py:914} INFO - Processing file /home/ouaillaamiri/Development/lsi_3/airflow/venv/lib/python3.11/site-packages/airflow/example_dags/example_sensors.py for tasks to queue
[2024-11-06T10:57:46.551-1100] {logging_mixin.py:190} INFO - [2024-11-06T10:57:46.550-1100] {dagbag.py:588} INFO - Filling up the DagBag from /home/ouaillaamiri/Development/lsi_3/airflow/venv/lib/python3.11/site-packages/airflow/example_dags/example_sensors.py
[2024-11-06T10:57:46.579-1100] {processor.py:925} INFO - DAG(s) 'example_sensors' retrieved from /home/ouaillaamiri/Development/lsi_3/airflow/venv/lib/python3.11/site-packages/airflow/example_dags/example_sensors.py
[2024-11-06T10:57:46.663-1100] {logging_mixin.py:190} INFO - [2024-11-06T10:57:46.663-1100] {dag.py:3239} INFO - Sync 1 DAGs
[2024-11-06T10:57:46.695-1100] {logging_mixin.py:190} INFO - [2024-11-06T10:57:46.694-1100] {dag.py:4180} INFO - Setting next_dagrun for example_sensors to None, run_after=None
[2024-11-06T10:57:46.733-1100] {processor.py:208} INFO - Processing /home/ouaillaamiri/Development/lsi_3/airflow/venv/lib/python3.11/site-packages/airflow/example_dags/example_sensors.py took 0.203 seconds
[2024-11-06T10:58:17.596-1100] {processor.py:186} INFO - Started process (PID=225702) to work on /home/ouaillaamiri/Development/lsi_3/airflow/venv/lib/python3.11/site-packages/airflow/example_dags/example_sensors.py
[2024-11-06T10:58:17.598-1100] {processor.py:914} INFO - Processing file /home/ouaillaamiri/Development/lsi_3/airflow/venv/lib/python3.11/site-packages/airflow/example_dags/example_sensors.py for tasks to queue
[2024-11-06T10:58:17.602-1100] {logging_mixin.py:190} INFO - [2024-11-06T10:58:17.601-1100] {dagbag.py:588} INFO - Filling up the DagBag from /home/ouaillaamiri/Development/lsi_3/airflow/venv/lib/python3.11/site-packages/airflow/example_dags/example_sensors.py
[2024-11-06T10:58:17.621-1100] {processor.py:925} INFO - DAG(s) 'example_sensors' retrieved from /home/ouaillaamiri/Development/lsi_3/airflow/venv/lib/python3.11/site-packages/airflow/example_dags/example_sensors.py
[2024-11-06T10:58:17.689-1100] {logging_mixin.py:190} INFO - [2024-11-06T10:58:17.689-1100] {dag.py:3239} INFO - Sync 1 DAGs
[2024-11-06T10:58:17.714-1100] {logging_mixin.py:190} INFO - [2024-11-06T10:58:17.713-1100] {dag.py:4180} INFO - Setting next_dagrun for example_sensors to None, run_after=None
[2024-11-06T10:58:17.749-1100] {processor.py:208} INFO - Processing /home/ouaillaamiri/Development/lsi_3/airflow/venv/lib/python3.11/site-packages/airflow/example_dags/example_sensors.py took 0.164 seconds
[2024-11-06T10:58:48.186-1100] {processor.py:186} INFO - Started process (PID=226420) to work on /home/ouaillaamiri/Development/lsi_3/airflow/venv/lib/python3.11/site-packages/airflow/example_dags/example_sensors.py
[2024-11-06T10:58:48.190-1100] {processor.py:914} INFO - Processing file /home/ouaillaamiri/Development/lsi_3/airflow/venv/lib/python3.11/site-packages/airflow/example_dags/example_sensors.py for tasks to queue
[2024-11-06T10:58:48.193-1100] {logging_mixin.py:190} INFO - [2024-11-06T10:58:48.193-1100] {dagbag.py:588} INFO - Filling up the DagBag from /home/ouaillaamiri/Development/lsi_3/airflow/venv/lib/python3.11/site-packages/airflow/example_dags/example_sensors.py
[2024-11-06T10:58:48.212-1100] {processor.py:925} INFO - DAG(s) 'example_sensors' retrieved from /home/ouaillaamiri/Development/lsi_3/airflow/venv/lib/python3.11/site-packages/airflow/example_dags/example_sensors.py
[2024-11-06T10:58:48.271-1100] {logging_mixin.py:190} INFO - [2024-11-06T10:58:48.270-1100] {dag.py:3239} INFO - Sync 1 DAGs
[2024-11-06T10:58:48.294-1100] {logging_mixin.py:190} INFO - [2024-11-06T10:58:48.294-1100] {dag.py:4180} INFO - Setting next_dagrun for example_sensors to None, run_after=None
[2024-11-06T10:58:48.329-1100] {processor.py:208} INFO - Processing /home/ouaillaamiri/Development/lsi_3/airflow/venv/lib/python3.11/site-packages/airflow/example_dags/example_sensors.py took 0.153 seconds
[2024-11-06T10:59:18.766-1100] {processor.py:186} INFO - Started process (PID=227125) to work on /home/ouaillaamiri/Development/lsi_3/airflow/venv/lib/python3.11/site-packages/airflow/example_dags/example_sensors.py
[2024-11-06T10:59:18.768-1100] {processor.py:914} INFO - Processing file /home/ouaillaamiri/Development/lsi_3/airflow/venv/lib/python3.11/site-packages/airflow/example_dags/example_sensors.py for tasks to queue
[2024-11-06T10:59:18.771-1100] {logging_mixin.py:190} INFO - [2024-11-06T10:59:18.771-1100] {dagbag.py:588} INFO - Filling up the DagBag from /home/ouaillaamiri/Development/lsi_3/airflow/venv/lib/python3.11/site-packages/airflow/example_dags/example_sensors.py
[2024-11-06T10:59:18.794-1100] {processor.py:925} INFO - DAG(s) 'example_sensors' retrieved from /home/ouaillaamiri/Development/lsi_3/airflow/venv/lib/python3.11/site-packages/airflow/example_dags/example_sensors.py
[2024-11-06T10:59:18.873-1100] {logging_mixin.py:190} INFO - [2024-11-06T10:59:18.872-1100] {dag.py:3239} INFO - Sync 1 DAGs
[2024-11-06T10:59:18.902-1100] {logging_mixin.py:190} INFO - [2024-11-06T10:59:18.901-1100] {dag.py:4180} INFO - Setting next_dagrun for example_sensors to None, run_after=None
[2024-11-06T10:59:18.940-1100] {processor.py:208} INFO - Processing /home/ouaillaamiri/Development/lsi_3/airflow/venv/lib/python3.11/site-packages/airflow/example_dags/example_sensors.py took 0.185 seconds
[2024-11-06T10:59:49.862-1100] {processor.py:186} INFO - Started process (PID=227518) to work on /home/ouaillaamiri/Development/lsi_3/airflow/venv/lib/python3.11/site-packages/airflow/example_dags/example_sensors.py
[2024-11-06T10:59:49.863-1100] {processor.py:914} INFO - Processing file /home/ouaillaamiri/Development/lsi_3/airflow/venv/lib/python3.11/site-packages/airflow/example_dags/example_sensors.py for tasks to queue
[2024-11-06T10:59:49.867-1100] {logging_mixin.py:190} INFO - [2024-11-06T10:59:49.866-1100] {dagbag.py:588} INFO - Filling up the DagBag from /home/ouaillaamiri/Development/lsi_3/airflow/venv/lib/python3.11/site-packages/airflow/example_dags/example_sensors.py
[2024-11-06T10:59:49.885-1100] {processor.py:925} INFO - DAG(s) 'example_sensors' retrieved from /home/ouaillaamiri/Development/lsi_3/airflow/venv/lib/python3.11/site-packages/airflow/example_dags/example_sensors.py
[2024-11-06T10:59:49.962-1100] {logging_mixin.py:190} INFO - [2024-11-06T10:59:49.962-1100] {dag.py:3239} INFO - Sync 1 DAGs
[2024-11-06T10:59:49.990-1100] {logging_mixin.py:190} INFO - [2024-11-06T10:59:49.989-1100] {dag.py:4180} INFO - Setting next_dagrun for example_sensors to None, run_after=None
[2024-11-06T10:59:50.026-1100] {processor.py:208} INFO - Processing /home/ouaillaamiri/Development/lsi_3/airflow/venv/lib/python3.11/site-packages/airflow/example_dags/example_sensors.py took 0.174 seconds
[2024-11-06T11:00:56.483-1100] {processor.py:186} INFO - Started process (PID=228698) to work on /home/ouaillaamiri/Development/lsi_3/airflow/venv/lib/python3.11/site-packages/airflow/example_dags/example_sensors.py
[2024-11-06T11:00:56.487-1100] {processor.py:914} INFO - Processing file /home/ouaillaamiri/Development/lsi_3/airflow/venv/lib/python3.11/site-packages/airflow/example_dags/example_sensors.py for tasks to queue
[2024-11-06T11:00:56.493-1100] {logging_mixin.py:190} INFO - [2024-11-06T11:00:56.492-1100] {dagbag.py:588} INFO - Filling up the DagBag from /home/ouaillaamiri/Development/lsi_3/airflow/venv/lib/python3.11/site-packages/airflow/example_dags/example_sensors.py
[2024-11-06T11:00:56.521-1100] {processor.py:925} INFO - DAG(s) 'example_sensors' retrieved from /home/ouaillaamiri/Development/lsi_3/airflow/venv/lib/python3.11/site-packages/airflow/example_dags/example_sensors.py
[2024-11-06T11:00:56.601-1100] {logging_mixin.py:190} INFO - [2024-11-06T11:00:56.601-1100] {dag.py:3239} INFO - Sync 1 DAGs
[2024-11-06T11:00:56.626-1100] {logging_mixin.py:190} INFO - [2024-11-06T11:00:56.626-1100] {dag.py:4180} INFO - Setting next_dagrun for example_sensors to None, run_after=None
[2024-11-06T11:00:56.666-1100] {processor.py:208} INFO - Processing /home/ouaillaamiri/Development/lsi_3/airflow/venv/lib/python3.11/site-packages/airflow/example_dags/example_sensors.py took 0.195 seconds
[2024-11-06T11:01:27.057-1100] {processor.py:186} INFO - Started process (PID=229299) to work on /home/ouaillaamiri/Development/lsi_3/airflow/venv/lib/python3.11/site-packages/airflow/example_dags/example_sensors.py
[2024-11-06T11:01:27.058-1100] {processor.py:914} INFO - Processing file /home/ouaillaamiri/Development/lsi_3/airflow/venv/lib/python3.11/site-packages/airflow/example_dags/example_sensors.py for tasks to queue
[2024-11-06T11:01:27.062-1100] {logging_mixin.py:190} INFO - [2024-11-06T11:01:27.062-1100] {dagbag.py:588} INFO - Filling up the DagBag from /home/ouaillaamiri/Development/lsi_3/airflow/venv/lib/python3.11/site-packages/airflow/example_dags/example_sensors.py
[2024-11-06T11:01:27.083-1100] {processor.py:925} INFO - DAG(s) 'example_sensors' retrieved from /home/ouaillaamiri/Development/lsi_3/airflow/venv/lib/python3.11/site-packages/airflow/example_dags/example_sensors.py
[2024-11-06T11:01:27.161-1100] {logging_mixin.py:190} INFO - [2024-11-06T11:01:27.160-1100] {dag.py:3239} INFO - Sync 1 DAGs
[2024-11-06T11:01:27.193-1100] {logging_mixin.py:190} INFO - [2024-11-06T11:01:27.192-1100] {dag.py:4180} INFO - Setting next_dagrun for example_sensors to None, run_after=None
[2024-11-06T11:01:27.237-1100] {processor.py:208} INFO - Processing /home/ouaillaamiri/Development/lsi_3/airflow/venv/lib/python3.11/site-packages/airflow/example_dags/example_sensors.py took 0.193 seconds
[2024-11-06T11:01:57.621-1100] {processor.py:186} INFO - Started process (PID=229671) to work on /home/ouaillaamiri/Development/lsi_3/airflow/venv/lib/python3.11/site-packages/airflow/example_dags/example_sensors.py
[2024-11-06T11:01:57.623-1100] {processor.py:914} INFO - Processing file /home/ouaillaamiri/Development/lsi_3/airflow/venv/lib/python3.11/site-packages/airflow/example_dags/example_sensors.py for tasks to queue
[2024-11-06T11:01:57.626-1100] {logging_mixin.py:190} INFO - [2024-11-06T11:01:57.626-1100] {dagbag.py:588} INFO - Filling up the DagBag from /home/ouaillaamiri/Development/lsi_3/airflow/venv/lib/python3.11/site-packages/airflow/example_dags/example_sensors.py
[2024-11-06T11:01:57.647-1100] {processor.py:925} INFO - DAG(s) 'example_sensors' retrieved from /home/ouaillaamiri/Development/lsi_3/airflow/venv/lib/python3.11/site-packages/airflow/example_dags/example_sensors.py
[2024-11-06T11:01:57.711-1100] {logging_mixin.py:190} INFO - [2024-11-06T11:01:57.711-1100] {dag.py:3239} INFO - Sync 1 DAGs
[2024-11-06T11:01:57.734-1100] {logging_mixin.py:190} INFO - [2024-11-06T11:01:57.734-1100] {dag.py:4180} INFO - Setting next_dagrun for example_sensors to None, run_after=None
[2024-11-06T11:01:57.768-1100] {processor.py:208} INFO - Processing /home/ouaillaamiri/Development/lsi_3/airflow/venv/lib/python3.11/site-packages/airflow/example_dags/example_sensors.py took 0.158 seconds
[2024-11-06T11:02:28.175-1100] {processor.py:186} INFO - Started process (PID=230267) to work on /home/ouaillaamiri/Development/lsi_3/airflow/venv/lib/python3.11/site-packages/airflow/example_dags/example_sensors.py
[2024-11-06T11:02:28.177-1100] {processor.py:914} INFO - Processing file /home/ouaillaamiri/Development/lsi_3/airflow/venv/lib/python3.11/site-packages/airflow/example_dags/example_sensors.py for tasks to queue
[2024-11-06T11:02:28.181-1100] {logging_mixin.py:190} INFO - [2024-11-06T11:02:28.180-1100] {dagbag.py:588} INFO - Filling up the DagBag from /home/ouaillaamiri/Development/lsi_3/airflow/venv/lib/python3.11/site-packages/airflow/example_dags/example_sensors.py
[2024-11-06T11:02:28.201-1100] {processor.py:925} INFO - DAG(s) 'example_sensors' retrieved from /home/ouaillaamiri/Development/lsi_3/airflow/venv/lib/python3.11/site-packages/airflow/example_dags/example_sensors.py
[2024-11-06T11:02:28.266-1100] {logging_mixin.py:190} INFO - [2024-11-06T11:02:28.265-1100] {dag.py:3239} INFO - Sync 1 DAGs
[2024-11-06T11:02:28.289-1100] {logging_mixin.py:190} INFO - [2024-11-06T11:02:28.289-1100] {dag.py:4180} INFO - Setting next_dagrun for example_sensors to None, run_after=None
[2024-11-06T11:02:28.328-1100] {processor.py:208} INFO - Processing /home/ouaillaamiri/Development/lsi_3/airflow/venv/lib/python3.11/site-packages/airflow/example_dags/example_sensors.py took 0.164 seconds
[2024-11-06T11:02:59.005-1100] {processor.py:186} INFO - Started process (PID=231254) to work on /home/ouaillaamiri/Development/lsi_3/airflow/venv/lib/python3.11/site-packages/airflow/example_dags/example_sensors.py
[2024-11-06T11:02:59.008-1100] {processor.py:914} INFO - Processing file /home/ouaillaamiri/Development/lsi_3/airflow/venv/lib/python3.11/site-packages/airflow/example_dags/example_sensors.py for tasks to queue
[2024-11-06T11:02:59.011-1100] {logging_mixin.py:190} INFO - [2024-11-06T11:02:59.011-1100] {dagbag.py:588} INFO - Filling up the DagBag from /home/ouaillaamiri/Development/lsi_3/airflow/venv/lib/python3.11/site-packages/airflow/example_dags/example_sensors.py
[2024-11-06T11:02:59.033-1100] {processor.py:925} INFO - DAG(s) 'example_sensors' retrieved from /home/ouaillaamiri/Development/lsi_3/airflow/venv/lib/python3.11/site-packages/airflow/example_dags/example_sensors.py
[2024-11-06T11:02:59.098-1100] {logging_mixin.py:190} INFO - [2024-11-06T11:02:59.098-1100] {dag.py:3239} INFO - Sync 1 DAGs
[2024-11-06T11:02:59.122-1100] {logging_mixin.py:190} INFO - [2024-11-06T11:02:59.121-1100] {dag.py:4180} INFO - Setting next_dagrun for example_sensors to None, run_after=None
[2024-11-06T11:02:59.162-1100] {processor.py:208} INFO - Processing /home/ouaillaamiri/Development/lsi_3/airflow/venv/lib/python3.11/site-packages/airflow/example_dags/example_sensors.py took 0.169 seconds
[2024-11-06T11:03:29.801-1100] {processor.py:186} INFO - Started process (PID=231616) to work on /home/ouaillaamiri/Development/lsi_3/airflow/venv/lib/python3.11/site-packages/airflow/example_dags/example_sensors.py
[2024-11-06T11:03:29.802-1100] {processor.py:914} INFO - Processing file /home/ouaillaamiri/Development/lsi_3/airflow/venv/lib/python3.11/site-packages/airflow/example_dags/example_sensors.py for tasks to queue
[2024-11-06T11:03:29.807-1100] {logging_mixin.py:190} INFO - [2024-11-06T11:03:29.807-1100] {dagbag.py:588} INFO - Filling up the DagBag from /home/ouaillaamiri/Development/lsi_3/airflow/venv/lib/python3.11/site-packages/airflow/example_dags/example_sensors.py
[2024-11-06T11:03:29.831-1100] {processor.py:925} INFO - DAG(s) 'example_sensors' retrieved from /home/ouaillaamiri/Development/lsi_3/airflow/venv/lib/python3.11/site-packages/airflow/example_dags/example_sensors.py
[2024-11-06T11:03:29.907-1100] {logging_mixin.py:190} INFO - [2024-11-06T11:03:29.906-1100] {dag.py:3239} INFO - Sync 1 DAGs
[2024-11-06T11:03:29.951-1100] {logging_mixin.py:190} INFO - [2024-11-06T11:03:29.950-1100] {dag.py:4180} INFO - Setting next_dagrun for example_sensors to None, run_after=None
[2024-11-06T11:03:30.032-1100] {processor.py:208} INFO - Processing /home/ouaillaamiri/Development/lsi_3/airflow/venv/lib/python3.11/site-packages/airflow/example_dags/example_sensors.py took 0.244 seconds
[2024-11-06T11:04:00.132-1100] {processor.py:186} INFO - Started process (PID=232290) to work on /home/ouaillaamiri/Development/lsi_3/airflow/venv/lib/python3.11/site-packages/airflow/example_dags/example_sensors.py
[2024-11-06T11:04:00.134-1100] {processor.py:914} INFO - Processing file /home/ouaillaamiri/Development/lsi_3/airflow/venv/lib/python3.11/site-packages/airflow/example_dags/example_sensors.py for tasks to queue
[2024-11-06T11:04:00.139-1100] {logging_mixin.py:190} INFO - [2024-11-06T11:04:00.138-1100] {dagbag.py:588} INFO - Filling up the DagBag from /home/ouaillaamiri/Development/lsi_3/airflow/venv/lib/python3.11/site-packages/airflow/example_dags/example_sensors.py
[2024-11-06T11:04:00.157-1100] {processor.py:925} INFO - DAG(s) 'example_sensors' retrieved from /home/ouaillaamiri/Development/lsi_3/airflow/venv/lib/python3.11/site-packages/airflow/example_dags/example_sensors.py
[2024-11-06T11:04:00.224-1100] {logging_mixin.py:190} INFO - [2024-11-06T11:04:00.224-1100] {dag.py:3239} INFO - Sync 1 DAGs
[2024-11-06T11:04:00.250-1100] {logging_mixin.py:190} INFO - [2024-11-06T11:04:00.249-1100] {dag.py:4180} INFO - Setting next_dagrun for example_sensors to None, run_after=None
[2024-11-06T11:04:00.285-1100] {processor.py:208} INFO - Processing /home/ouaillaamiri/Development/lsi_3/airflow/venv/lib/python3.11/site-packages/airflow/example_dags/example_sensors.py took 0.168 seconds
[2024-11-06T11:04:30.889-1100] {processor.py:186} INFO - Started process (PID=232661) to work on /home/ouaillaamiri/Development/lsi_3/airflow/venv/lib/python3.11/site-packages/airflow/example_dags/example_sensors.py
[2024-11-06T11:04:30.892-1100] {processor.py:914} INFO - Processing file /home/ouaillaamiri/Development/lsi_3/airflow/venv/lib/python3.11/site-packages/airflow/example_dags/example_sensors.py for tasks to queue
[2024-11-06T11:04:30.897-1100] {logging_mixin.py:190} INFO - [2024-11-06T11:04:30.896-1100] {dagbag.py:588} INFO - Filling up the DagBag from /home/ouaillaamiri/Development/lsi_3/airflow/venv/lib/python3.11/site-packages/airflow/example_dags/example_sensors.py
[2024-11-06T11:04:30.925-1100] {processor.py:925} INFO - DAG(s) 'example_sensors' retrieved from /home/ouaillaamiri/Development/lsi_3/airflow/venv/lib/python3.11/site-packages/airflow/example_dags/example_sensors.py
[2024-11-06T11:04:31.019-1100] {logging_mixin.py:190} INFO - [2024-11-06T11:04:31.019-1100] {dag.py:3239} INFO - Sync 1 DAGs
[2024-11-06T11:04:31.051-1100] {logging_mixin.py:190} INFO - [2024-11-06T11:04:31.050-1100] {dag.py:4180} INFO - Setting next_dagrun for example_sensors to None, run_after=None
[2024-11-06T11:04:31.094-1100] {processor.py:208} INFO - Processing /home/ouaillaamiri/Development/lsi_3/airflow/venv/lib/python3.11/site-packages/airflow/example_dags/example_sensors.py took 0.218 seconds
