[2024-11-06T10:53:27.781-1100] {processor.py:186} INFO - Started process (PID=219146) to work on /home/ouaillaamiri/Development/lsi_3/airflow/venv/lib/python3.11/site-packages/airflow/example_dags/example_params_ui_tutorial.py
[2024-11-06T10:53:27.784-1100] {processor.py:914} INFO - Processing file /home/ouaillaamiri/Development/lsi_3/airflow/venv/lib/python3.11/site-packages/airflow/example_dags/example_params_ui_tutorial.py for tasks to queue
[2024-11-06T10:53:27.789-1100] {logging_mixin.py:190} INFO - [2024-11-06T10:53:27.789-1100] {dagbag.py:588} INFO - Filling up the DagBag from /home/ouaillaamiri/Development/lsi_3/airflow/venv/lib/python3.11/site-packages/airflow/example_dags/example_params_ui_tutorial.py
[2024-11-06T10:53:27.813-1100] {processor.py:925} INFO - DAG(s) 'example_params_ui_tutorial' retrieved from /home/ouaillaamiri/Development/lsi_3/airflow/venv/lib/python3.11/site-packages/airflow/example_dags/example_params_ui_tutorial.py
[2024-11-06T10:53:28.370-1100] {logging_mixin.py:190} INFO - [2024-11-06T10:53:28.368-1100] {override.py:1911} INFO - Created Permission View: can edit on DAG:example_params_ui_tutorial
[2024-11-06T10:53:28.409-1100] {logging_mixin.py:190} INFO - [2024-11-06T10:53:28.408-1100] {override.py:1911} INFO - Created Permission View: can delete on DAG:example_params_ui_tutorial
[2024-11-06T10:53:28.438-1100] {logging_mixin.py:190} INFO - [2024-11-06T10:53:28.437-1100] {override.py:1911} INFO - Created Permission View: can read on DAG:example_params_ui_tutorial
[2024-11-06T10:53:28.471-1100] {logging_mixin.py:190} INFO - [2024-11-06T10:53:28.470-1100] {override.py:1911} INFO - Created Permission View: can delete on DAG Run:example_params_ui_tutorial
[2024-11-06T10:53:28.504-1100] {logging_mixin.py:190} INFO - [2024-11-06T10:53:28.503-1100] {override.py:1911} INFO - Created Permission View: can create on DAG Run:example_params_ui_tutorial
[2024-11-06T10:53:28.540-1100] {logging_mixin.py:190} INFO - [2024-11-06T10:53:28.539-1100] {override.py:1911} INFO - Created Permission View: menu access on DAG Run:example_params_ui_tutorial
[2024-11-06T10:53:28.575-1100] {logging_mixin.py:190} INFO - [2024-11-06T10:53:28.573-1100] {override.py:1911} INFO - Created Permission View: can read on DAG Run:example_params_ui_tutorial
[2024-11-06T10:53:28.577-1100] {logging_mixin.py:190} INFO - [2024-11-06T10:53:28.577-1100] {dag.py:3239} INFO - Sync 1 DAGs
[2024-11-06T10:53:28.673-1100] {logging_mixin.py:190} INFO - [2024-11-06T10:53:28.672-1100] {dag.py:3262} INFO - Creating ORM DAG for example_params_ui_tutorial
[2024-11-06T10:53:28.678-1100] {logging_mixin.py:190} INFO - [2024-11-06T10:53:28.675-1100] {dag.py:4180} INFO - Setting next_dagrun for example_params_ui_tutorial to None, run_after=None
[2024-11-06T10:53:28.782-1100] {processor.py:208} INFO - Processing /home/ouaillaamiri/Development/lsi_3/airflow/venv/lib/python3.11/site-packages/airflow/example_dags/example_params_ui_tutorial.py took 1.016 seconds
[2024-11-06T10:53:59.039-1100] {processor.py:186} INFO - Started process (PID=219926) to work on /home/ouaillaamiri/Development/lsi_3/airflow/venv/lib/python3.11/site-packages/airflow/example_dags/example_params_ui_tutorial.py
[2024-11-06T10:53:59.042-1100] {processor.py:914} INFO - Processing file /home/ouaillaamiri/Development/lsi_3/airflow/venv/lib/python3.11/site-packages/airflow/example_dags/example_params_ui_tutorial.py for tasks to queue
[2024-11-06T10:53:59.049-1100] {logging_mixin.py:190} INFO - [2024-11-06T10:53:59.048-1100] {dagbag.py:588} INFO - Filling up the DagBag from /home/ouaillaamiri/Development/lsi_3/airflow/venv/lib/python3.11/site-packages/airflow/example_dags/example_params_ui_tutorial.py
[2024-11-06T10:53:59.083-1100] {processor.py:925} INFO - DAG(s) 'example_params_ui_tutorial' retrieved from /home/ouaillaamiri/Development/lsi_3/airflow/venv/lib/python3.11/site-packages/airflow/example_dags/example_params_ui_tutorial.py
[2024-11-06T10:53:59.197-1100] {logging_mixin.py:190} INFO - [2024-11-06T10:53:59.197-1100] {dag.py:3239} INFO - Sync 1 DAGs
[2024-11-06T10:53:59.227-1100] {logging_mixin.py:190} INFO - [2024-11-06T10:53:59.226-1100] {dag.py:4180} INFO - Setting next_dagrun for example_params_ui_tutorial to None, run_after=None
[2024-11-06T10:53:59.266-1100] {processor.py:208} INFO - Processing /home/ouaillaamiri/Development/lsi_3/airflow/venv/lib/python3.11/site-packages/airflow/example_dags/example_params_ui_tutorial.py took 0.247 seconds
[2024-11-06T10:54:29.398-1100] {processor.py:186} INFO - Started process (PID=220544) to work on /home/ouaillaamiri/Development/lsi_3/airflow/venv/lib/python3.11/site-packages/airflow/example_dags/example_params_ui_tutorial.py
[2024-11-06T10:54:29.400-1100] {processor.py:914} INFO - Processing file /home/ouaillaamiri/Development/lsi_3/airflow/venv/lib/python3.11/site-packages/airflow/example_dags/example_params_ui_tutorial.py for tasks to queue
[2024-11-06T10:54:29.404-1100] {logging_mixin.py:190} INFO - [2024-11-06T10:54:29.404-1100] {dagbag.py:588} INFO - Filling up the DagBag from /home/ouaillaamiri/Development/lsi_3/airflow/venv/lib/python3.11/site-packages/airflow/example_dags/example_params_ui_tutorial.py
[2024-11-06T10:54:29.423-1100] {processor.py:925} INFO - DAG(s) 'example_params_ui_tutorial' retrieved from /home/ouaillaamiri/Development/lsi_3/airflow/venv/lib/python3.11/site-packages/airflow/example_dags/example_params_ui_tutorial.py
[2024-11-06T10:54:29.514-1100] {logging_mixin.py:190} INFO - [2024-11-06T10:54:29.513-1100] {dag.py:3239} INFO - Sync 1 DAGs
[2024-11-06T10:54:29.542-1100] {logging_mixin.py:190} INFO - [2024-11-06T10:54:29.541-1100] {dag.py:4180} INFO - Setting next_dagrun for example_params_ui_tutorial to None, run_after=None
[2024-11-06T10:54:29.585-1100] {processor.py:208} INFO - Processing /home/ouaillaamiri/Development/lsi_3/airflow/venv/lib/python3.11/site-packages/airflow/example_dags/example_params_ui_tutorial.py took 0.199 seconds
[2024-11-06T10:55:00.386-1100] {processor.py:186} INFO - Started process (PID=220922) to work on /home/ouaillaamiri/Development/lsi_3/airflow/venv/lib/python3.11/site-packages/airflow/example_dags/example_params_ui_tutorial.py
[2024-11-06T10:55:00.388-1100] {processor.py:914} INFO - Processing file /home/ouaillaamiri/Development/lsi_3/airflow/venv/lib/python3.11/site-packages/airflow/example_dags/example_params_ui_tutorial.py for tasks to queue
[2024-11-06T10:55:00.393-1100] {logging_mixin.py:190} INFO - [2024-11-06T10:55:00.392-1100] {dagbag.py:588} INFO - Filling up the DagBag from /home/ouaillaamiri/Development/lsi_3/airflow/venv/lib/python3.11/site-packages/airflow/example_dags/example_params_ui_tutorial.py
[2024-11-06T10:55:00.413-1100] {processor.py:925} INFO - DAG(s) 'example_params_ui_tutorial' retrieved from /home/ouaillaamiri/Development/lsi_3/airflow/venv/lib/python3.11/site-packages/airflow/example_dags/example_params_ui_tutorial.py
[2024-11-06T10:55:00.523-1100] {logging_mixin.py:190} INFO - [2024-11-06T10:55:00.522-1100] {dag.py:3239} INFO - Sync 1 DAGs
[2024-11-06T10:55:00.552-1100] {logging_mixin.py:190} INFO - [2024-11-06T10:55:00.552-1100] {dag.py:4180} INFO - Setting next_dagrun for example_params_ui_tutorial to None, run_after=None
[2024-11-06T10:55:00.593-1100] {processor.py:208} INFO - Processing /home/ouaillaamiri/Development/lsi_3/airflow/venv/lib/python3.11/site-packages/airflow/example_dags/example_params_ui_tutorial.py took 0.219 seconds
[2024-11-06T10:55:30.845-1100] {processor.py:186} INFO - Started process (PID=221608) to work on /home/ouaillaamiri/Development/lsi_3/airflow/venv/lib/python3.11/site-packages/airflow/example_dags/example_params_ui_tutorial.py
[2024-11-06T10:55:30.847-1100] {processor.py:914} INFO - Processing file /home/ouaillaamiri/Development/lsi_3/airflow/venv/lib/python3.11/site-packages/airflow/example_dags/example_params_ui_tutorial.py for tasks to queue
[2024-11-06T10:55:30.854-1100] {logging_mixin.py:190} INFO - [2024-11-06T10:55:30.853-1100] {dagbag.py:588} INFO - Filling up the DagBag from /home/ouaillaamiri/Development/lsi_3/airflow/venv/lib/python3.11/site-packages/airflow/example_dags/example_params_ui_tutorial.py
[2024-11-06T10:55:30.883-1100] {processor.py:925} INFO - DAG(s) 'example_params_ui_tutorial' retrieved from /home/ouaillaamiri/Development/lsi_3/airflow/venv/lib/python3.11/site-packages/airflow/example_dags/example_params_ui_tutorial.py
[2024-11-06T10:55:31.014-1100] {logging_mixin.py:190} INFO - [2024-11-06T10:55:31.013-1100] {dag.py:3239} INFO - Sync 1 DAGs
[2024-11-06T10:55:31.044-1100] {logging_mixin.py:190} INFO - [2024-11-06T10:55:31.043-1100] {dag.py:4180} INFO - Setting next_dagrun for example_params_ui_tutorial to None, run_after=None
[2024-11-06T10:55:31.085-1100] {processor.py:208} INFO - Processing /home/ouaillaamiri/Development/lsi_3/airflow/venv/lib/python3.11/site-packages/airflow/example_dags/example_params_ui_tutorial.py took 0.264 seconds
[2024-11-06T10:56:01.316-1100] {processor.py:186} INFO - Started process (PID=221988) to work on /home/ouaillaamiri/Development/lsi_3/airflow/venv/lib/python3.11/site-packages/airflow/example_dags/example_params_ui_tutorial.py
[2024-11-06T10:56:01.318-1100] {processor.py:914} INFO - Processing file /home/ouaillaamiri/Development/lsi_3/airflow/venv/lib/python3.11/site-packages/airflow/example_dags/example_params_ui_tutorial.py for tasks to queue
[2024-11-06T10:56:01.321-1100] {logging_mixin.py:190} INFO - [2024-11-06T10:56:01.321-1100] {dagbag.py:588} INFO - Filling up the DagBag from /home/ouaillaamiri/Development/lsi_3/airflow/venv/lib/python3.11/site-packages/airflow/example_dags/example_params_ui_tutorial.py
[2024-11-06T10:56:01.336-1100] {processor.py:925} INFO - DAG(s) 'example_params_ui_tutorial' retrieved from /home/ouaillaamiri/Development/lsi_3/airflow/venv/lib/python3.11/site-packages/airflow/example_dags/example_params_ui_tutorial.py
[2024-11-06T10:56:01.444-1100] {logging_mixin.py:190} INFO - [2024-11-06T10:56:01.443-1100] {dag.py:3239} INFO - Sync 1 DAGs
[2024-11-06T10:56:01.470-1100] {logging_mixin.py:190} INFO - [2024-11-06T10:56:01.470-1100] {dag.py:4180} INFO - Setting next_dagrun for example_params_ui_tutorial to None, run_after=None
[2024-11-06T10:56:01.512-1100] {processor.py:208} INFO - Processing /home/ouaillaamiri/Development/lsi_3/airflow/venv/lib/python3.11/site-packages/airflow/example_dags/example_params_ui_tutorial.py took 0.205 seconds
[2024-11-06T10:56:43.591-1100] {processor.py:186} INFO - Started process (PID=223051) to work on /home/ouaillaamiri/Development/lsi_3/airflow/venv/lib/python3.11/site-packages/airflow/example_dags/example_params_ui_tutorial.py
[2024-11-06T10:56:43.593-1100] {processor.py:914} INFO - Processing file /home/ouaillaamiri/Development/lsi_3/airflow/venv/lib/python3.11/site-packages/airflow/example_dags/example_params_ui_tutorial.py for tasks to queue
[2024-11-06T10:56:43.597-1100] {logging_mixin.py:190} INFO - [2024-11-06T10:56:43.596-1100] {dagbag.py:588} INFO - Filling up the DagBag from /home/ouaillaamiri/Development/lsi_3/airflow/venv/lib/python3.11/site-packages/airflow/example_dags/example_params_ui_tutorial.py
[2024-11-06T10:56:43.614-1100] {processor.py:925} INFO - DAG(s) 'example_params_ui_tutorial' retrieved from /home/ouaillaamiri/Development/lsi_3/airflow/venv/lib/python3.11/site-packages/airflow/example_dags/example_params_ui_tutorial.py
[2024-11-06T10:56:43.725-1100] {logging_mixin.py:190} INFO - [2024-11-06T10:56:43.725-1100] {dag.py:3239} INFO - Sync 1 DAGs
[2024-11-06T10:56:43.753-1100] {logging_mixin.py:190} INFO - [2024-11-06T10:56:43.752-1100] {dag.py:4180} INFO - Setting next_dagrun for example_params_ui_tutorial to None, run_after=None
[2024-11-06T10:56:43.790-1100] {processor.py:208} INFO - Processing /home/ouaillaamiri/Development/lsi_3/airflow/venv/lib/python3.11/site-packages/airflow/example_dags/example_params_ui_tutorial.py took 0.209 seconds
[2024-11-06T10:57:14.417-1100] {processor.py:186} INFO - Started process (PID=224229) to work on /home/ouaillaamiri/Development/lsi_3/airflow/venv/lib/python3.11/site-packages/airflow/example_dags/example_params_ui_tutorial.py
[2024-11-06T10:57:14.418-1100] {processor.py:914} INFO - Processing file /home/ouaillaamiri/Development/lsi_3/airflow/venv/lib/python3.11/site-packages/airflow/example_dags/example_params_ui_tutorial.py for tasks to queue
[2024-11-06T10:57:14.422-1100] {logging_mixin.py:190} INFO - [2024-11-06T10:57:14.421-1100] {dagbag.py:588} INFO - Filling up the DagBag from /home/ouaillaamiri/Development/lsi_3/airflow/venv/lib/python3.11/site-packages/airflow/example_dags/example_params_ui_tutorial.py
[2024-11-06T10:57:14.437-1100] {processor.py:925} INFO - DAG(s) 'example_params_ui_tutorial' retrieved from /home/ouaillaamiri/Development/lsi_3/airflow/venv/lib/python3.11/site-packages/airflow/example_dags/example_params_ui_tutorial.py
[2024-11-06T10:57:14.526-1100] {logging_mixin.py:190} INFO - [2024-11-06T10:57:14.526-1100] {dag.py:3239} INFO - Sync 1 DAGs
[2024-11-06T10:57:14.550-1100] {logging_mixin.py:190} INFO - [2024-11-06T10:57:14.550-1100] {dag.py:4180} INFO - Setting next_dagrun for example_params_ui_tutorial to None, run_after=None
[2024-11-06T10:57:14.586-1100] {processor.py:208} INFO - Processing /home/ouaillaamiri/Development/lsi_3/airflow/venv/lib/python3.11/site-packages/airflow/example_dags/example_params_ui_tutorial.py took 0.179 seconds
[2024-11-06T10:57:44.718-1100] {processor.py:186} INFO - Started process (PID=224931) to work on /home/ouaillaamiri/Development/lsi_3/airflow/venv/lib/python3.11/site-packages/airflow/example_dags/example_params_ui_tutorial.py
[2024-11-06T10:57:44.720-1100] {processor.py:914} INFO - Processing file /home/ouaillaamiri/Development/lsi_3/airflow/venv/lib/python3.11/site-packages/airflow/example_dags/example_params_ui_tutorial.py for tasks to queue
[2024-11-06T10:57:44.723-1100] {logging_mixin.py:190} INFO - [2024-11-06T10:57:44.723-1100] {dagbag.py:588} INFO - Filling up the DagBag from /home/ouaillaamiri/Development/lsi_3/airflow/venv/lib/python3.11/site-packages/airflow/example_dags/example_params_ui_tutorial.py
[2024-11-06T10:57:44.739-1100] {processor.py:925} INFO - DAG(s) 'example_params_ui_tutorial' retrieved from /home/ouaillaamiri/Development/lsi_3/airflow/venv/lib/python3.11/site-packages/airflow/example_dags/example_params_ui_tutorial.py
[2024-11-06T10:57:44.845-1100] {logging_mixin.py:190} INFO - [2024-11-06T10:57:44.845-1100] {dag.py:3239} INFO - Sync 1 DAGs
[2024-11-06T10:57:44.868-1100] {logging_mixin.py:190} INFO - [2024-11-06T10:57:44.867-1100] {dag.py:4180} INFO - Setting next_dagrun for example_params_ui_tutorial to None, run_after=None
[2024-11-06T10:57:44.900-1100] {processor.py:208} INFO - Processing /home/ouaillaamiri/Development/lsi_3/airflow/venv/lib/python3.11/site-packages/airflow/example_dags/example_params_ui_tutorial.py took 0.193 seconds
[2024-11-06T10:58:15.162-1100] {processor.py:186} INFO - Started process (PID=225637) to work on /home/ouaillaamiri/Development/lsi_3/airflow/venv/lib/python3.11/site-packages/airflow/example_dags/example_params_ui_tutorial.py
[2024-11-06T10:58:15.164-1100] {processor.py:914} INFO - Processing file /home/ouaillaamiri/Development/lsi_3/airflow/venv/lib/python3.11/site-packages/airflow/example_dags/example_params_ui_tutorial.py for tasks to queue
[2024-11-06T10:58:15.168-1100] {logging_mixin.py:190} INFO - [2024-11-06T10:58:15.168-1100] {dagbag.py:588} INFO - Filling up the DagBag from /home/ouaillaamiri/Development/lsi_3/airflow/venv/lib/python3.11/site-packages/airflow/example_dags/example_params_ui_tutorial.py
[2024-11-06T10:58:15.188-1100] {processor.py:925} INFO - DAG(s) 'example_params_ui_tutorial' retrieved from /home/ouaillaamiri/Development/lsi_3/airflow/venv/lib/python3.11/site-packages/airflow/example_dags/example_params_ui_tutorial.py
[2024-11-06T10:58:15.287-1100] {logging_mixin.py:190} INFO - [2024-11-06T10:58:15.286-1100] {dag.py:3239} INFO - Sync 1 DAGs
[2024-11-06T10:58:15.315-1100] {logging_mixin.py:190} INFO - [2024-11-06T10:58:15.315-1100] {dag.py:4180} INFO - Setting next_dagrun for example_params_ui_tutorial to None, run_after=None
[2024-11-06T10:58:15.361-1100] {processor.py:208} INFO - Processing /home/ouaillaamiri/Development/lsi_3/airflow/venv/lib/python3.11/site-packages/airflow/example_dags/example_params_ui_tutorial.py took 0.212 seconds
[2024-11-06T10:58:45.787-1100] {processor.py:186} INFO - Started process (PID=226357) to work on /home/ouaillaamiri/Development/lsi_3/airflow/venv/lib/python3.11/site-packages/airflow/example_dags/example_params_ui_tutorial.py
[2024-11-06T10:58:45.791-1100] {processor.py:914} INFO - Processing file /home/ouaillaamiri/Development/lsi_3/airflow/venv/lib/python3.11/site-packages/airflow/example_dags/example_params_ui_tutorial.py for tasks to queue
[2024-11-06T10:58:45.795-1100] {logging_mixin.py:190} INFO - [2024-11-06T10:58:45.795-1100] {dagbag.py:588} INFO - Filling up the DagBag from /home/ouaillaamiri/Development/lsi_3/airflow/venv/lib/python3.11/site-packages/airflow/example_dags/example_params_ui_tutorial.py
[2024-11-06T10:58:45.819-1100] {processor.py:925} INFO - DAG(s) 'example_params_ui_tutorial' retrieved from /home/ouaillaamiri/Development/lsi_3/airflow/venv/lib/python3.11/site-packages/airflow/example_dags/example_params_ui_tutorial.py
[2024-11-06T10:58:45.955-1100] {logging_mixin.py:190} INFO - [2024-11-06T10:58:45.955-1100] {dag.py:3239} INFO - Sync 1 DAGs
[2024-11-06T10:58:46.000-1100] {logging_mixin.py:190} INFO - [2024-11-06T10:58:45.999-1100] {dag.py:4180} INFO - Setting next_dagrun for example_params_ui_tutorial to None, run_after=None
[2024-11-06T10:58:46.044-1100] {processor.py:208} INFO - Processing /home/ouaillaamiri/Development/lsi_3/airflow/venv/lib/python3.11/site-packages/airflow/example_dags/example_params_ui_tutorial.py took 0.276 seconds
[2024-11-06T10:59:17.096-1100] {processor.py:186} INFO - Started process (PID=227064) to work on /home/ouaillaamiri/Development/lsi_3/airflow/venv/lib/python3.11/site-packages/airflow/example_dags/example_params_ui_tutorial.py
[2024-11-06T10:59:17.099-1100] {processor.py:914} INFO - Processing file /home/ouaillaamiri/Development/lsi_3/airflow/venv/lib/python3.11/site-packages/airflow/example_dags/example_params_ui_tutorial.py for tasks to queue
[2024-11-06T10:59:17.105-1100] {logging_mixin.py:190} INFO - [2024-11-06T10:59:17.104-1100] {dagbag.py:588} INFO - Filling up the DagBag from /home/ouaillaamiri/Development/lsi_3/airflow/venv/lib/python3.11/site-packages/airflow/example_dags/example_params_ui_tutorial.py
[2024-11-06T10:59:17.127-1100] {processor.py:925} INFO - DAG(s) 'example_params_ui_tutorial' retrieved from /home/ouaillaamiri/Development/lsi_3/airflow/venv/lib/python3.11/site-packages/airflow/example_dags/example_params_ui_tutorial.py
[2024-11-06T10:59:17.222-1100] {logging_mixin.py:190} INFO - [2024-11-06T10:59:17.222-1100] {dag.py:3239} INFO - Sync 1 DAGs
[2024-11-06T10:59:17.250-1100] {logging_mixin.py:190} INFO - [2024-11-06T10:59:17.249-1100] {dag.py:4180} INFO - Setting next_dagrun for example_params_ui_tutorial to None, run_after=None
[2024-11-06T10:59:17.287-1100] {processor.py:208} INFO - Processing /home/ouaillaamiri/Development/lsi_3/airflow/venv/lib/python3.11/site-packages/airflow/example_dags/example_params_ui_tutorial.py took 0.209 seconds
[2024-11-06T10:59:47.405-1100] {processor.py:186} INFO - Started process (PID=227456) to work on /home/ouaillaamiri/Development/lsi_3/airflow/venv/lib/python3.11/site-packages/airflow/example_dags/example_params_ui_tutorial.py
[2024-11-06T10:59:47.410-1100] {processor.py:914} INFO - Processing file /home/ouaillaamiri/Development/lsi_3/airflow/venv/lib/python3.11/site-packages/airflow/example_dags/example_params_ui_tutorial.py for tasks to queue
[2024-11-06T10:59:47.416-1100] {logging_mixin.py:190} INFO - [2024-11-06T10:59:47.414-1100] {dagbag.py:588} INFO - Filling up the DagBag from /home/ouaillaamiri/Development/lsi_3/airflow/venv/lib/python3.11/site-packages/airflow/example_dags/example_params_ui_tutorial.py
[2024-11-06T10:59:47.432-1100] {processor.py:925} INFO - DAG(s) 'example_params_ui_tutorial' retrieved from /home/ouaillaamiri/Development/lsi_3/airflow/venv/lib/python3.11/site-packages/airflow/example_dags/example_params_ui_tutorial.py
[2024-11-06T10:59:47.535-1100] {logging_mixin.py:190} INFO - [2024-11-06T10:59:47.535-1100] {dag.py:3239} INFO - Sync 1 DAGs
[2024-11-06T10:59:47.564-1100] {logging_mixin.py:190} INFO - [2024-11-06T10:59:47.564-1100] {dag.py:4180} INFO - Setting next_dagrun for example_params_ui_tutorial to None, run_after=None
[2024-11-06T10:59:47.607-1100] {processor.py:208} INFO - Processing /home/ouaillaamiri/Development/lsi_3/airflow/venv/lib/python3.11/site-packages/airflow/example_dags/example_params_ui_tutorial.py took 0.217 seconds
[2024-11-06T11:00:17.792-1100] {processor.py:186} INFO - Started process (PID=227942) to work on /home/ouaillaamiri/Development/lsi_3/airflow/venv/lib/python3.11/site-packages/airflow/example_dags/example_params_ui_tutorial.py
[2024-11-06T11:00:17.796-1100] {processor.py:914} INFO - Processing file /home/ouaillaamiri/Development/lsi_3/airflow/venv/lib/python3.11/site-packages/airflow/example_dags/example_params_ui_tutorial.py for tasks to queue
[2024-11-06T11:00:17.801-1100] {logging_mixin.py:190} INFO - [2024-11-06T11:00:17.801-1100] {dagbag.py:588} INFO - Filling up the DagBag from /home/ouaillaamiri/Development/lsi_3/airflow/venv/lib/python3.11/site-packages/airflow/example_dags/example_params_ui_tutorial.py
[2024-11-06T11:00:17.828-1100] {processor.py:925} INFO - DAG(s) 'example_params_ui_tutorial' retrieved from /home/ouaillaamiri/Development/lsi_3/airflow/venv/lib/python3.11/site-packages/airflow/example_dags/example_params_ui_tutorial.py
[2024-11-06T11:00:18.167-1100] {logging_mixin.py:190} INFO - [2024-11-06T11:00:18.165-1100] {dag.py:3239} INFO - Sync 1 DAGs
[2024-11-06T11:00:18.208-1100] {logging_mixin.py:190} INFO - [2024-11-06T11:00:18.207-1100] {dag.py:4180} INFO - Setting next_dagrun for example_params_ui_tutorial to None, run_after=None
[2024-11-06T11:00:18.265-1100] {processor.py:208} INFO - Processing /home/ouaillaamiri/Development/lsi_3/airflow/venv/lib/python3.11/site-packages/airflow/example_dags/example_params_ui_tutorial.py took 0.489 seconds
[2024-11-06T11:00:55.170-1100] {processor.py:186} INFO - Started process (PID=228636) to work on /home/ouaillaamiri/Development/lsi_3/airflow/venv/lib/python3.11/site-packages/airflow/example_dags/example_params_ui_tutorial.py
[2024-11-06T11:00:55.172-1100] {processor.py:914} INFO - Processing file /home/ouaillaamiri/Development/lsi_3/airflow/venv/lib/python3.11/site-packages/airflow/example_dags/example_params_ui_tutorial.py for tasks to queue
[2024-11-06T11:00:55.176-1100] {logging_mixin.py:190} INFO - [2024-11-06T11:00:55.175-1100] {dagbag.py:588} INFO - Filling up the DagBag from /home/ouaillaamiri/Development/lsi_3/airflow/venv/lib/python3.11/site-packages/airflow/example_dags/example_params_ui_tutorial.py
[2024-11-06T11:00:55.193-1100] {processor.py:925} INFO - DAG(s) 'example_params_ui_tutorial' retrieved from /home/ouaillaamiri/Development/lsi_3/airflow/venv/lib/python3.11/site-packages/airflow/example_dags/example_params_ui_tutorial.py
[2024-11-06T11:00:55.317-1100] {logging_mixin.py:190} INFO - [2024-11-06T11:00:55.316-1100] {dag.py:3239} INFO - Sync 1 DAGs
[2024-11-06T11:00:55.345-1100] {logging_mixin.py:190} INFO - [2024-11-06T11:00:55.345-1100] {dag.py:4180} INFO - Setting next_dagrun for example_params_ui_tutorial to None, run_after=None
[2024-11-06T11:00:55.380-1100] {processor.py:208} INFO - Processing /home/ouaillaamiri/Development/lsi_3/airflow/venv/lib/python3.11/site-packages/airflow/example_dags/example_params_ui_tutorial.py took 0.222 seconds
[2024-11-06T11:01:25.781-1100] {processor.py:186} INFO - Started process (PID=229239) to work on /home/ouaillaamiri/Development/lsi_3/airflow/venv/lib/python3.11/site-packages/airflow/example_dags/example_params_ui_tutorial.py
[2024-11-06T11:01:25.783-1100] {processor.py:914} INFO - Processing file /home/ouaillaamiri/Development/lsi_3/airflow/venv/lib/python3.11/site-packages/airflow/example_dags/example_params_ui_tutorial.py for tasks to queue
[2024-11-06T11:01:25.787-1100] {logging_mixin.py:190} INFO - [2024-11-06T11:01:25.786-1100] {dagbag.py:588} INFO - Filling up the DagBag from /home/ouaillaamiri/Development/lsi_3/airflow/venv/lib/python3.11/site-packages/airflow/example_dags/example_params_ui_tutorial.py
[2024-11-06T11:01:25.803-1100] {processor.py:925} INFO - DAG(s) 'example_params_ui_tutorial' retrieved from /home/ouaillaamiri/Development/lsi_3/airflow/venv/lib/python3.11/site-packages/airflow/example_dags/example_params_ui_tutorial.py
[2024-11-06T11:01:25.898-1100] {logging_mixin.py:190} INFO - [2024-11-06T11:01:25.897-1100] {dag.py:3239} INFO - Sync 1 DAGs
[2024-11-06T11:01:25.925-1100] {logging_mixin.py:190} INFO - [2024-11-06T11:01:25.925-1100] {dag.py:4180} INFO - Setting next_dagrun for example_params_ui_tutorial to None, run_after=None
[2024-11-06T11:01:25.962-1100] {processor.py:208} INFO - Processing /home/ouaillaamiri/Development/lsi_3/airflow/venv/lib/python3.11/site-packages/airflow/example_dags/example_params_ui_tutorial.py took 0.192 seconds
[2024-11-06T11:01:56.114-1100] {processor.py:186} INFO - Started process (PID=229610) to work on /home/ouaillaamiri/Development/lsi_3/airflow/venv/lib/python3.11/site-packages/airflow/example_dags/example_params_ui_tutorial.py
[2024-11-06T11:01:56.116-1100] {processor.py:914} INFO - Processing file /home/ouaillaamiri/Development/lsi_3/airflow/venv/lib/python3.11/site-packages/airflow/example_dags/example_params_ui_tutorial.py for tasks to queue
[2024-11-06T11:01:56.120-1100] {logging_mixin.py:190} INFO - [2024-11-06T11:01:56.119-1100] {dagbag.py:588} INFO - Filling up the DagBag from /home/ouaillaamiri/Development/lsi_3/airflow/venv/lib/python3.11/site-packages/airflow/example_dags/example_params_ui_tutorial.py
[2024-11-06T11:01:56.136-1100] {processor.py:925} INFO - DAG(s) 'example_params_ui_tutorial' retrieved from /home/ouaillaamiri/Development/lsi_3/airflow/venv/lib/python3.11/site-packages/airflow/example_dags/example_params_ui_tutorial.py
[2024-11-06T11:01:56.250-1100] {logging_mixin.py:190} INFO - [2024-11-06T11:01:56.250-1100] {dag.py:3239} INFO - Sync 1 DAGs
[2024-11-06T11:01:56.276-1100] {logging_mixin.py:190} INFO - [2024-11-06T11:01:56.275-1100] {dag.py:4180} INFO - Setting next_dagrun for example_params_ui_tutorial to None, run_after=None
[2024-11-06T11:01:56.311-1100] {processor.py:208} INFO - Processing /home/ouaillaamiri/Development/lsi_3/airflow/venv/lib/python3.11/site-packages/airflow/example_dags/example_params_ui_tutorial.py took 0.208 seconds
[2024-11-06T11:02:26.861-1100] {processor.py:186} INFO - Started process (PID=230204) to work on /home/ouaillaamiri/Development/lsi_3/airflow/venv/lib/python3.11/site-packages/airflow/example_dags/example_params_ui_tutorial.py
[2024-11-06T11:02:26.863-1100] {processor.py:914} INFO - Processing file /home/ouaillaamiri/Development/lsi_3/airflow/venv/lib/python3.11/site-packages/airflow/example_dags/example_params_ui_tutorial.py for tasks to queue
[2024-11-06T11:02:26.866-1100] {logging_mixin.py:190} INFO - [2024-11-06T11:02:26.866-1100] {dagbag.py:588} INFO - Filling up the DagBag from /home/ouaillaamiri/Development/lsi_3/airflow/venv/lib/python3.11/site-packages/airflow/example_dags/example_params_ui_tutorial.py
[2024-11-06T11:02:26.883-1100] {processor.py:925} INFO - DAG(s) 'example_params_ui_tutorial' retrieved from /home/ouaillaamiri/Development/lsi_3/airflow/venv/lib/python3.11/site-packages/airflow/example_dags/example_params_ui_tutorial.py
[2024-11-06T11:02:26.980-1100] {logging_mixin.py:190} INFO - [2024-11-06T11:02:26.979-1100] {dag.py:3239} INFO - Sync 1 DAGs
[2024-11-06T11:02:27.004-1100] {logging_mixin.py:190} INFO - [2024-11-06T11:02:27.003-1100] {dag.py:4180} INFO - Setting next_dagrun for example_params_ui_tutorial to None, run_after=None
[2024-11-06T11:02:27.043-1100] {processor.py:208} INFO - Processing /home/ouaillaamiri/Development/lsi_3/airflow/venv/lib/python3.11/site-packages/airflow/example_dags/example_params_ui_tutorial.py took 0.193 seconds
[2024-11-06T11:02:57.579-1100] {processor.py:186} INFO - Started process (PID=231190) to work on /home/ouaillaamiri/Development/lsi_3/airflow/venv/lib/python3.11/site-packages/airflow/example_dags/example_params_ui_tutorial.py
[2024-11-06T11:02:57.582-1100] {processor.py:914} INFO - Processing file /home/ouaillaamiri/Development/lsi_3/airflow/venv/lib/python3.11/site-packages/airflow/example_dags/example_params_ui_tutorial.py for tasks to queue
[2024-11-06T11:02:57.588-1100] {logging_mixin.py:190} INFO - [2024-11-06T11:02:57.587-1100] {dagbag.py:588} INFO - Filling up the DagBag from /home/ouaillaamiri/Development/lsi_3/airflow/venv/lib/python3.11/site-packages/airflow/example_dags/example_params_ui_tutorial.py
[2024-11-06T11:02:57.608-1100] {processor.py:925} INFO - DAG(s) 'example_params_ui_tutorial' retrieved from /home/ouaillaamiri/Development/lsi_3/airflow/venv/lib/python3.11/site-packages/airflow/example_dags/example_params_ui_tutorial.py
[2024-11-06T11:02:57.723-1100] {logging_mixin.py:190} INFO - [2024-11-06T11:02:57.723-1100] {dag.py:3239} INFO - Sync 1 DAGs
[2024-11-06T11:02:57.755-1100] {logging_mixin.py:190} INFO - [2024-11-06T11:02:57.755-1100] {dag.py:4180} INFO - Setting next_dagrun for example_params_ui_tutorial to None, run_after=None
[2024-11-06T11:02:57.795-1100] {processor.py:208} INFO - Processing /home/ouaillaamiri/Development/lsi_3/airflow/venv/lib/python3.11/site-packages/airflow/example_dags/example_params_ui_tutorial.py took 0.230 seconds
[2024-11-06T11:03:28.068-1100] {processor.py:186} INFO - Started process (PID=231551) to work on /home/ouaillaamiri/Development/lsi_3/airflow/venv/lib/python3.11/site-packages/airflow/example_dags/example_params_ui_tutorial.py
[2024-11-06T11:03:28.070-1100] {processor.py:914} INFO - Processing file /home/ouaillaamiri/Development/lsi_3/airflow/venv/lib/python3.11/site-packages/airflow/example_dags/example_params_ui_tutorial.py for tasks to queue
[2024-11-06T11:03:28.074-1100] {logging_mixin.py:190} INFO - [2024-11-06T11:03:28.074-1100] {dagbag.py:588} INFO - Filling up the DagBag from /home/ouaillaamiri/Development/lsi_3/airflow/venv/lib/python3.11/site-packages/airflow/example_dags/example_params_ui_tutorial.py
[2024-11-06T11:03:28.092-1100] {processor.py:925} INFO - DAG(s) 'example_params_ui_tutorial' retrieved from /home/ouaillaamiri/Development/lsi_3/airflow/venv/lib/python3.11/site-packages/airflow/example_dags/example_params_ui_tutorial.py
[2024-11-06T11:03:28.208-1100] {logging_mixin.py:190} INFO - [2024-11-06T11:03:28.208-1100] {dag.py:3239} INFO - Sync 1 DAGs
[2024-11-06T11:03:28.243-1100] {logging_mixin.py:190} INFO - [2024-11-06T11:03:28.242-1100] {dag.py:4180} INFO - Setting next_dagrun for example_params_ui_tutorial to None, run_after=None
[2024-11-06T11:03:28.281-1100] {processor.py:208} INFO - Processing /home/ouaillaamiri/Development/lsi_3/airflow/venv/lib/python3.11/site-packages/airflow/example_dags/example_params_ui_tutorial.py took 0.229 seconds
[2024-11-06T11:03:58.781-1100] {processor.py:186} INFO - Started process (PID=232228) to work on /home/ouaillaamiri/Development/lsi_3/airflow/venv/lib/python3.11/site-packages/airflow/example_dags/example_params_ui_tutorial.py
[2024-11-06T11:03:58.783-1100] {processor.py:914} INFO - Processing file /home/ouaillaamiri/Development/lsi_3/airflow/venv/lib/python3.11/site-packages/airflow/example_dags/example_params_ui_tutorial.py for tasks to queue
[2024-11-06T11:03:58.786-1100] {logging_mixin.py:190} INFO - [2024-11-06T11:03:58.786-1100] {dagbag.py:588} INFO - Filling up the DagBag from /home/ouaillaamiri/Development/lsi_3/airflow/venv/lib/python3.11/site-packages/airflow/example_dags/example_params_ui_tutorial.py
[2024-11-06T11:03:58.803-1100] {processor.py:925} INFO - DAG(s) 'example_params_ui_tutorial' retrieved from /home/ouaillaamiri/Development/lsi_3/airflow/venv/lib/python3.11/site-packages/airflow/example_dags/example_params_ui_tutorial.py
[2024-11-06T11:03:58.905-1100] {logging_mixin.py:190} INFO - [2024-11-06T11:03:58.905-1100] {dag.py:3239} INFO - Sync 1 DAGs
[2024-11-06T11:03:58.937-1100] {logging_mixin.py:190} INFO - [2024-11-06T11:03:58.936-1100] {dag.py:4180} INFO - Setting next_dagrun for example_params_ui_tutorial to None, run_after=None
[2024-11-06T11:03:58.974-1100] {processor.py:208} INFO - Processing /home/ouaillaamiri/Development/lsi_3/airflow/venv/lib/python3.11/site-packages/airflow/example_dags/example_params_ui_tutorial.py took 0.205 seconds
[2024-11-06T11:04:29.479-1100] {processor.py:186} INFO - Started process (PID=232600) to work on /home/ouaillaamiri/Development/lsi_3/airflow/venv/lib/python3.11/site-packages/airflow/example_dags/example_params_ui_tutorial.py
[2024-11-06T11:04:29.483-1100] {processor.py:914} INFO - Processing file /home/ouaillaamiri/Development/lsi_3/airflow/venv/lib/python3.11/site-packages/airflow/example_dags/example_params_ui_tutorial.py for tasks to queue
[2024-11-06T11:04:29.486-1100] {logging_mixin.py:190} INFO - [2024-11-06T11:04:29.485-1100] {dagbag.py:588} INFO - Filling up the DagBag from /home/ouaillaamiri/Development/lsi_3/airflow/venv/lib/python3.11/site-packages/airflow/example_dags/example_params_ui_tutorial.py
[2024-11-06T11:04:29.506-1100] {processor.py:925} INFO - DAG(s) 'example_params_ui_tutorial' retrieved from /home/ouaillaamiri/Development/lsi_3/airflow/venv/lib/python3.11/site-packages/airflow/example_dags/example_params_ui_tutorial.py
[2024-11-06T11:04:29.606-1100] {logging_mixin.py:190} INFO - [2024-11-06T11:04:29.605-1100] {dag.py:3239} INFO - Sync 1 DAGs
[2024-11-06T11:04:29.634-1100] {logging_mixin.py:190} INFO - [2024-11-06T11:04:29.633-1100] {dag.py:4180} INFO - Setting next_dagrun for example_params_ui_tutorial to None, run_after=None
[2024-11-06T11:04:29.671-1100] {processor.py:208} INFO - Processing /home/ouaillaamiri/Development/lsi_3/airflow/venv/lib/python3.11/site-packages/airflow/example_dags/example_params_ui_tutorial.py took 0.206 seconds
