[2024-11-06T10:53:27.149-1100] {processor.py:186} INFO - Started process (PID=219134) to work on /home/ouaillaamiri/Development/lsi_3/airflow/venv/lib/python3.11/site-packages/airflow/example_dags/example_task_group_decorator.py
[2024-11-06T10:53:27.151-1100] {processor.py:914} INFO - Processing file /home/ouaillaamiri/Development/lsi_3/airflow/venv/lib/python3.11/site-packages/airflow/example_dags/example_task_group_decorator.py for tasks to queue
[2024-11-06T10:53:27.156-1100] {logging_mixin.py:190} INFO - [2024-11-06T10:53:27.155-1100] {dagbag.py:588} INFO - Filling up the DagBag from /home/ouaillaamiri/Development/lsi_3/airflow/venv/lib/python3.11/site-packages/airflow/example_dags/example_task_group_decorator.py
[2024-11-06T10:53:27.192-1100] {processor.py:925} INFO - DAG(s) 'example_task_group_decorator' retrieved from /home/ouaillaamiri/Development/lsi_3/airflow/venv/lib/python3.11/site-packages/airflow/example_dags/example_task_group_decorator.py
[2024-11-06T10:53:27.468-1100] {logging_mixin.py:190} INFO - [2024-11-06T10:53:27.466-1100] {override.py:1911} INFO - Created Permission View: can edit on DAG:example_task_group_decorator
[2024-11-06T10:53:27.489-1100] {logging_mixin.py:190} INFO - [2024-11-06T10:53:27.488-1100] {override.py:1911} INFO - Created Permission View: can delete on DAG:example_task_group_decorator
[2024-11-06T10:53:27.505-1100] {logging_mixin.py:190} INFO - [2024-11-06T10:53:27.504-1100] {override.py:1911} INFO - Created Permission View: can read on DAG:example_task_group_decorator
[2024-11-06T10:53:27.524-1100] {logging_mixin.py:190} INFO - [2024-11-06T10:53:27.523-1100] {override.py:1911} INFO - Created Permission View: can delete on DAG Run:example_task_group_decorator
[2024-11-06T10:53:27.543-1100] {logging_mixin.py:190} INFO - [2024-11-06T10:53:27.542-1100] {override.py:1911} INFO - Created Permission View: can create on DAG Run:example_task_group_decorator
[2024-11-06T10:53:27.564-1100] {logging_mixin.py:190} INFO - [2024-11-06T10:53:27.563-1100] {override.py:1911} INFO - Created Permission View: menu access on DAG Run:example_task_group_decorator
[2024-11-06T10:53:27.581-1100] {logging_mixin.py:190} INFO - [2024-11-06T10:53:27.580-1100] {override.py:1911} INFO - Created Permission View: can read on DAG Run:example_task_group_decorator
[2024-11-06T10:53:27.582-1100] {logging_mixin.py:190} INFO - [2024-11-06T10:53:27.581-1100] {dag.py:3239} INFO - Sync 1 DAGs
[2024-11-06T10:53:27.610-1100] {logging_mixin.py:190} INFO - [2024-11-06T10:53:27.609-1100] {dag.py:3262} INFO - Creating ORM DAG for example_task_group_decorator
[2024-11-06T10:53:27.611-1100] {logging_mixin.py:190} INFO - [2024-11-06T10:53:27.610-1100] {dag.py:4180} INFO - Setting next_dagrun for example_task_group_decorator to None, run_after=None
[2024-11-06T10:53:27.663-1100] {processor.py:208} INFO - Processing /home/ouaillaamiri/Development/lsi_3/airflow/venv/lib/python3.11/site-packages/airflow/example_dags/example_task_group_decorator.py took 0.527 seconds
[2024-11-06T10:53:58.468-1100] {processor.py:186} INFO - Started process (PID=219835) to work on /home/ouaillaamiri/Development/lsi_3/airflow/venv/lib/python3.11/site-packages/airflow/example_dags/example_task_group_decorator.py
[2024-11-06T10:53:58.471-1100] {processor.py:914} INFO - Processing file /home/ouaillaamiri/Development/lsi_3/airflow/venv/lib/python3.11/site-packages/airflow/example_dags/example_task_group_decorator.py for tasks to queue
[2024-11-06T10:53:58.476-1100] {logging_mixin.py:190} INFO - [2024-11-06T10:53:58.475-1100] {dagbag.py:588} INFO - Filling up the DagBag from /home/ouaillaamiri/Development/lsi_3/airflow/venv/lib/python3.11/site-packages/airflow/example_dags/example_task_group_decorator.py
[2024-11-06T10:53:58.515-1100] {processor.py:925} INFO - DAG(s) 'example_task_group_decorator' retrieved from /home/ouaillaamiri/Development/lsi_3/airflow/venv/lib/python3.11/site-packages/airflow/example_dags/example_task_group_decorator.py
[2024-11-06T10:53:58.605-1100] {logging_mixin.py:190} INFO - [2024-11-06T10:53:58.605-1100] {dag.py:3239} INFO - Sync 1 DAGs
[2024-11-06T10:53:58.647-1100] {logging_mixin.py:190} INFO - [2024-11-06T10:53:58.646-1100] {dag.py:4180} INFO - Setting next_dagrun for example_task_group_decorator to None, run_after=None
[2024-11-06T10:53:58.705-1100] {processor.py:208} INFO - Processing /home/ouaillaamiri/Development/lsi_3/airflow/venv/lib/python3.11/site-packages/airflow/example_dags/example_task_group_decorator.py took 0.252 seconds
[2024-11-06T10:54:29.096-1100] {processor.py:186} INFO - Started process (PID=220532) to work on /home/ouaillaamiri/Development/lsi_3/airflow/venv/lib/python3.11/site-packages/airflow/example_dags/example_task_group_decorator.py
[2024-11-06T10:54:29.097-1100] {processor.py:914} INFO - Processing file /home/ouaillaamiri/Development/lsi_3/airflow/venv/lib/python3.11/site-packages/airflow/example_dags/example_task_group_decorator.py for tasks to queue
[2024-11-06T10:54:29.102-1100] {logging_mixin.py:190} INFO - [2024-11-06T10:54:29.101-1100] {dagbag.py:588} INFO - Filling up the DagBag from /home/ouaillaamiri/Development/lsi_3/airflow/venv/lib/python3.11/site-packages/airflow/example_dags/example_task_group_decorator.py
[2024-11-06T10:54:29.144-1100] {processor.py:925} INFO - DAG(s) 'example_task_group_decorator' retrieved from /home/ouaillaamiri/Development/lsi_3/airflow/venv/lib/python3.11/site-packages/airflow/example_dags/example_task_group_decorator.py
[2024-11-06T10:54:29.232-1100] {logging_mixin.py:190} INFO - [2024-11-06T10:54:29.232-1100] {dag.py:3239} INFO - Sync 1 DAGs
[2024-11-06T10:54:29.267-1100] {logging_mixin.py:190} INFO - [2024-11-06T10:54:29.266-1100] {dag.py:4180} INFO - Setting next_dagrun for example_task_group_decorator to None, run_after=None
[2024-11-06T10:54:29.311-1100] {processor.py:208} INFO - Processing /home/ouaillaamiri/Development/lsi_3/airflow/venv/lib/python3.11/site-packages/airflow/example_dags/example_task_group_decorator.py took 0.230 seconds
[2024-11-06T10:55:00.093-1100] {processor.py:186} INFO - Started process (PID=220909) to work on /home/ouaillaamiri/Development/lsi_3/airflow/venv/lib/python3.11/site-packages/airflow/example_dags/example_task_group_decorator.py
[2024-11-06T10:55:00.096-1100] {processor.py:914} INFO - Processing file /home/ouaillaamiri/Development/lsi_3/airflow/venv/lib/python3.11/site-packages/airflow/example_dags/example_task_group_decorator.py for tasks to queue
[2024-11-06T10:55:00.102-1100] {logging_mixin.py:190} INFO - [2024-11-06T10:55:00.101-1100] {dagbag.py:588} INFO - Filling up the DagBag from /home/ouaillaamiri/Development/lsi_3/airflow/venv/lib/python3.11/site-packages/airflow/example_dags/example_task_group_decorator.py
[2024-11-06T10:55:00.134-1100] {processor.py:925} INFO - DAG(s) 'example_task_group_decorator' retrieved from /home/ouaillaamiri/Development/lsi_3/airflow/venv/lib/python3.11/site-packages/airflow/example_dags/example_task_group_decorator.py
[2024-11-06T10:55:00.219-1100] {logging_mixin.py:190} INFO - [2024-11-06T10:55:00.219-1100] {dag.py:3239} INFO - Sync 1 DAGs
[2024-11-06T10:55:00.253-1100] {logging_mixin.py:190} INFO - [2024-11-06T10:55:00.252-1100] {dag.py:4180} INFO - Setting next_dagrun for example_task_group_decorator to None, run_after=None
[2024-11-06T10:55:00.295-1100] {processor.py:208} INFO - Processing /home/ouaillaamiri/Development/lsi_3/airflow/venv/lib/python3.11/site-packages/airflow/example_dags/example_task_group_decorator.py took 0.216 seconds
[2024-11-06T10:55:30.505-1100] {processor.py:186} INFO - Started process (PID=221595) to work on /home/ouaillaamiri/Development/lsi_3/airflow/venv/lib/python3.11/site-packages/airflow/example_dags/example_task_group_decorator.py
[2024-11-06T10:55:30.510-1100] {processor.py:914} INFO - Processing file /home/ouaillaamiri/Development/lsi_3/airflow/venv/lib/python3.11/site-packages/airflow/example_dags/example_task_group_decorator.py for tasks to queue
[2024-11-06T10:55:30.516-1100] {logging_mixin.py:190} INFO - [2024-11-06T10:55:30.515-1100] {dagbag.py:588} INFO - Filling up the DagBag from /home/ouaillaamiri/Development/lsi_3/airflow/venv/lib/python3.11/site-packages/airflow/example_dags/example_task_group_decorator.py
[2024-11-06T10:55:30.570-1100] {processor.py:925} INFO - DAG(s) 'example_task_group_decorator' retrieved from /home/ouaillaamiri/Development/lsi_3/airflow/venv/lib/python3.11/site-packages/airflow/example_dags/example_task_group_decorator.py
[2024-11-06T10:55:30.640-1100] {logging_mixin.py:190} INFO - [2024-11-06T10:55:30.639-1100] {dag.py:3239} INFO - Sync 1 DAGs
[2024-11-06T10:55:30.678-1100] {logging_mixin.py:190} INFO - [2024-11-06T10:55:30.678-1100] {dag.py:4180} INFO - Setting next_dagrun for example_task_group_decorator to None, run_after=None
[2024-11-06T10:55:30.733-1100] {processor.py:208} INFO - Processing /home/ouaillaamiri/Development/lsi_3/airflow/venv/lib/python3.11/site-packages/airflow/example_dags/example_task_group_decorator.py took 0.246 seconds
[2024-11-06T10:56:00.896-1100] {processor.py:186} INFO - Started process (PID=221972) to work on /home/ouaillaamiri/Development/lsi_3/airflow/venv/lib/python3.11/site-packages/airflow/example_dags/example_task_group_decorator.py
[2024-11-06T10:56:00.898-1100] {processor.py:914} INFO - Processing file /home/ouaillaamiri/Development/lsi_3/airflow/venv/lib/python3.11/site-packages/airflow/example_dags/example_task_group_decorator.py for tasks to queue
[2024-11-06T10:56:00.903-1100] {logging_mixin.py:190} INFO - [2024-11-06T10:56:00.902-1100] {dagbag.py:588} INFO - Filling up the DagBag from /home/ouaillaamiri/Development/lsi_3/airflow/venv/lib/python3.11/site-packages/airflow/example_dags/example_task_group_decorator.py
[2024-11-06T10:56:00.941-1100] {processor.py:925} INFO - DAG(s) 'example_task_group_decorator' retrieved from /home/ouaillaamiri/Development/lsi_3/airflow/venv/lib/python3.11/site-packages/airflow/example_dags/example_task_group_decorator.py
[2024-11-06T10:56:01.005-1100] {logging_mixin.py:190} INFO - [2024-11-06T10:56:01.005-1100] {dag.py:3239} INFO - Sync 1 DAGs
[2024-11-06T10:56:01.031-1100] {logging_mixin.py:190} INFO - [2024-11-06T10:56:01.031-1100] {dag.py:4180} INFO - Setting next_dagrun for example_task_group_decorator to None, run_after=None
[2024-11-06T10:56:01.069-1100] {processor.py:208} INFO - Processing /home/ouaillaamiri/Development/lsi_3/airflow/venv/lib/python3.11/site-packages/airflow/example_dags/example_task_group_decorator.py took 0.186 seconds
[2024-11-06T10:56:43.330-1100] {processor.py:186} INFO - Started process (PID=223039) to work on /home/ouaillaamiri/Development/lsi_3/airflow/venv/lib/python3.11/site-packages/airflow/example_dags/example_task_group_decorator.py
[2024-11-06T10:56:43.332-1100] {processor.py:914} INFO - Processing file /home/ouaillaamiri/Development/lsi_3/airflow/venv/lib/python3.11/site-packages/airflow/example_dags/example_task_group_decorator.py for tasks to queue
[2024-11-06T10:56:43.337-1100] {logging_mixin.py:190} INFO - [2024-11-06T10:56:43.337-1100] {dagbag.py:588} INFO - Filling up the DagBag from /home/ouaillaamiri/Development/lsi_3/airflow/venv/lib/python3.11/site-packages/airflow/example_dags/example_task_group_decorator.py
[2024-11-06T10:56:43.371-1100] {processor.py:925} INFO - DAG(s) 'example_task_group_decorator' retrieved from /home/ouaillaamiri/Development/lsi_3/airflow/venv/lib/python3.11/site-packages/airflow/example_dags/example_task_group_decorator.py
[2024-11-06T10:56:43.451-1100] {logging_mixin.py:190} INFO - [2024-11-06T10:56:43.451-1100] {dag.py:3239} INFO - Sync 1 DAGs
[2024-11-06T10:56:43.478-1100] {logging_mixin.py:190} INFO - [2024-11-06T10:56:43.477-1100] {dag.py:4180} INFO - Setting next_dagrun for example_task_group_decorator to None, run_after=None
[2024-11-06T10:56:43.518-1100] {processor.py:208} INFO - Processing /home/ouaillaamiri/Development/lsi_3/airflow/venv/lib/python3.11/site-packages/airflow/example_dags/example_task_group_decorator.py took 0.199 seconds
[2024-11-06T10:57:14.158-1100] {processor.py:186} INFO - Started process (PID=224198) to work on /home/ouaillaamiri/Development/lsi_3/airflow/venv/lib/python3.11/site-packages/airflow/example_dags/example_task_group_decorator.py
[2024-11-06T10:57:14.160-1100] {processor.py:914} INFO - Processing file /home/ouaillaamiri/Development/lsi_3/airflow/venv/lib/python3.11/site-packages/airflow/example_dags/example_task_group_decorator.py for tasks to queue
[2024-11-06T10:57:14.165-1100] {logging_mixin.py:190} INFO - [2024-11-06T10:57:14.164-1100] {dagbag.py:588} INFO - Filling up the DagBag from /home/ouaillaamiri/Development/lsi_3/airflow/venv/lib/python3.11/site-packages/airflow/example_dags/example_task_group_decorator.py
[2024-11-06T10:57:14.203-1100] {processor.py:925} INFO - DAG(s) 'example_task_group_decorator' retrieved from /home/ouaillaamiri/Development/lsi_3/airflow/venv/lib/python3.11/site-packages/airflow/example_dags/example_task_group_decorator.py
[2024-11-06T10:57:14.278-1100] {logging_mixin.py:190} INFO - [2024-11-06T10:57:14.277-1100] {dag.py:3239} INFO - Sync 1 DAGs
[2024-11-06T10:57:14.305-1100] {logging_mixin.py:190} INFO - [2024-11-06T10:57:14.304-1100] {dag.py:4180} INFO - Setting next_dagrun for example_task_group_decorator to None, run_after=None
[2024-11-06T10:57:14.347-1100] {processor.py:208} INFO - Processing /home/ouaillaamiri/Development/lsi_3/airflow/venv/lib/python3.11/site-packages/airflow/example_dags/example_task_group_decorator.py took 0.199 seconds
[2024-11-06T10:57:44.483-1100] {processor.py:186} INFO - Started process (PID=224919) to work on /home/ouaillaamiri/Development/lsi_3/airflow/venv/lib/python3.11/site-packages/airflow/example_dags/example_task_group_decorator.py
[2024-11-06T10:57:44.485-1100] {processor.py:914} INFO - Processing file /home/ouaillaamiri/Development/lsi_3/airflow/venv/lib/python3.11/site-packages/airflow/example_dags/example_task_group_decorator.py for tasks to queue
[2024-11-06T10:57:44.490-1100] {logging_mixin.py:190} INFO - [2024-11-06T10:57:44.489-1100] {dagbag.py:588} INFO - Filling up the DagBag from /home/ouaillaamiri/Development/lsi_3/airflow/venv/lib/python3.11/site-packages/airflow/example_dags/example_task_group_decorator.py
[2024-11-06T10:57:44.520-1100] {processor.py:925} INFO - DAG(s) 'example_task_group_decorator' retrieved from /home/ouaillaamiri/Development/lsi_3/airflow/venv/lib/python3.11/site-packages/airflow/example_dags/example_task_group_decorator.py
[2024-11-06T10:57:44.582-1100] {logging_mixin.py:190} INFO - [2024-11-06T10:57:44.582-1100] {dag.py:3239} INFO - Sync 1 DAGs
[2024-11-06T10:57:44.606-1100] {logging_mixin.py:190} INFO - [2024-11-06T10:57:44.605-1100] {dag.py:4180} INFO - Setting next_dagrun for example_task_group_decorator to None, run_after=None
[2024-11-06T10:57:44.645-1100] {processor.py:208} INFO - Processing /home/ouaillaamiri/Development/lsi_3/airflow/venv/lib/python3.11/site-packages/airflow/example_dags/example_task_group_decorator.py took 0.173 seconds
[2024-11-06T10:58:14.909-1100] {processor.py:186} INFO - Started process (PID=225624) to work on /home/ouaillaamiri/Development/lsi_3/airflow/venv/lib/python3.11/site-packages/airflow/example_dags/example_task_group_decorator.py
[2024-11-06T10:58:14.911-1100] {processor.py:914} INFO - Processing file /home/ouaillaamiri/Development/lsi_3/airflow/venv/lib/python3.11/site-packages/airflow/example_dags/example_task_group_decorator.py for tasks to queue
[2024-11-06T10:58:14.915-1100] {logging_mixin.py:190} INFO - [2024-11-06T10:58:14.915-1100] {dagbag.py:588} INFO - Filling up the DagBag from /home/ouaillaamiri/Development/lsi_3/airflow/venv/lib/python3.11/site-packages/airflow/example_dags/example_task_group_decorator.py
[2024-11-06T10:58:14.944-1100] {processor.py:925} INFO - DAG(s) 'example_task_group_decorator' retrieved from /home/ouaillaamiri/Development/lsi_3/airflow/venv/lib/python3.11/site-packages/airflow/example_dags/example_task_group_decorator.py
[2024-11-06T10:58:15.014-1100] {logging_mixin.py:190} INFO - [2024-11-06T10:58:15.014-1100] {dag.py:3239} INFO - Sync 1 DAGs
[2024-11-06T10:58:15.042-1100] {logging_mixin.py:190} INFO - [2024-11-06T10:58:15.041-1100] {dag.py:4180} INFO - Setting next_dagrun for example_task_group_decorator to None, run_after=None
[2024-11-06T10:58:15.086-1100] {processor.py:208} INFO - Processing /home/ouaillaamiri/Development/lsi_3/airflow/venv/lib/python3.11/site-packages/airflow/example_dags/example_task_group_decorator.py took 0.188 seconds
[2024-11-06T10:58:45.319-1100] {processor.py:186} INFO - Started process (PID=226345) to work on /home/ouaillaamiri/Development/lsi_3/airflow/venv/lib/python3.11/site-packages/airflow/example_dags/example_task_group_decorator.py
[2024-11-06T10:58:45.320-1100] {processor.py:914} INFO - Processing file /home/ouaillaamiri/Development/lsi_3/airflow/venv/lib/python3.11/site-packages/airflow/example_dags/example_task_group_decorator.py for tasks to queue
[2024-11-06T10:58:45.324-1100] {logging_mixin.py:190} INFO - [2024-11-06T10:58:45.324-1100] {dagbag.py:588} INFO - Filling up the DagBag from /home/ouaillaamiri/Development/lsi_3/airflow/venv/lib/python3.11/site-packages/airflow/example_dags/example_task_group_decorator.py
[2024-11-06T10:58:45.353-1100] {processor.py:925} INFO - DAG(s) 'example_task_group_decorator' retrieved from /home/ouaillaamiri/Development/lsi_3/airflow/venv/lib/python3.11/site-packages/airflow/example_dags/example_task_group_decorator.py
[2024-11-06T10:58:45.432-1100] {logging_mixin.py:190} INFO - [2024-11-06T10:58:45.432-1100] {dag.py:3239} INFO - Sync 1 DAGs
[2024-11-06T10:58:45.458-1100] {logging_mixin.py:190} INFO - [2024-11-06T10:58:45.458-1100] {dag.py:4180} INFO - Setting next_dagrun for example_task_group_decorator to None, run_after=None
[2024-11-06T10:58:45.496-1100] {processor.py:208} INFO - Processing /home/ouaillaamiri/Development/lsi_3/airflow/venv/lib/python3.11/site-packages/airflow/example_dags/example_task_group_decorator.py took 0.187 seconds
[2024-11-06T10:59:15.779-1100] {processor.py:186} INFO - Started process (PID=227051) to work on /home/ouaillaamiri/Development/lsi_3/airflow/venv/lib/python3.11/site-packages/airflow/example_dags/example_task_group_decorator.py
[2024-11-06T10:59:15.781-1100] {processor.py:914} INFO - Processing file /home/ouaillaamiri/Development/lsi_3/airflow/venv/lib/python3.11/site-packages/airflow/example_dags/example_task_group_decorator.py for tasks to queue
[2024-11-06T10:59:15.787-1100] {logging_mixin.py:190} INFO - [2024-11-06T10:59:15.786-1100] {dagbag.py:588} INFO - Filling up the DagBag from /home/ouaillaamiri/Development/lsi_3/airflow/venv/lib/python3.11/site-packages/airflow/example_dags/example_task_group_decorator.py
[2024-11-06T10:59:15.819-1100] {processor.py:925} INFO - DAG(s) 'example_task_group_decorator' retrieved from /home/ouaillaamiri/Development/lsi_3/airflow/venv/lib/python3.11/site-packages/airflow/example_dags/example_task_group_decorator.py
[2024-11-06T10:59:15.905-1100] {logging_mixin.py:190} INFO - [2024-11-06T10:59:15.905-1100] {dag.py:3239} INFO - Sync 1 DAGs
[2024-11-06T10:59:15.937-1100] {logging_mixin.py:190} INFO - [2024-11-06T10:59:15.937-1100] {dag.py:4180} INFO - Setting next_dagrun for example_task_group_decorator to None, run_after=None
[2024-11-06T10:59:15.984-1100] {processor.py:208} INFO - Processing /home/ouaillaamiri/Development/lsi_3/airflow/venv/lib/python3.11/site-packages/airflow/example_dags/example_task_group_decorator.py took 0.216 seconds
[2024-11-06T10:59:46.145-1100] {processor.py:186} INFO - Started process (PID=227441) to work on /home/ouaillaamiri/Development/lsi_3/airflow/venv/lib/python3.11/site-packages/airflow/example_dags/example_task_group_decorator.py
[2024-11-06T10:59:46.146-1100] {processor.py:914} INFO - Processing file /home/ouaillaamiri/Development/lsi_3/airflow/venv/lib/python3.11/site-packages/airflow/example_dags/example_task_group_decorator.py for tasks to queue
[2024-11-06T10:59:46.151-1100] {logging_mixin.py:190} INFO - [2024-11-06T10:59:46.150-1100] {dagbag.py:588} INFO - Filling up the DagBag from /home/ouaillaamiri/Development/lsi_3/airflow/venv/lib/python3.11/site-packages/airflow/example_dags/example_task_group_decorator.py
[2024-11-06T10:59:46.177-1100] {processor.py:925} INFO - DAG(s) 'example_task_group_decorator' retrieved from /home/ouaillaamiri/Development/lsi_3/airflow/venv/lib/python3.11/site-packages/airflow/example_dags/example_task_group_decorator.py
[2024-11-06T10:59:46.259-1100] {logging_mixin.py:190} INFO - [2024-11-06T10:59:46.259-1100] {dag.py:3239} INFO - Sync 1 DAGs
[2024-11-06T10:59:46.283-1100] {logging_mixin.py:190} INFO - [2024-11-06T10:59:46.282-1100] {dag.py:4180} INFO - Setting next_dagrun for example_task_group_decorator to None, run_after=None
[2024-11-06T10:59:46.318-1100] {processor.py:208} INFO - Processing /home/ouaillaamiri/Development/lsi_3/airflow/venv/lib/python3.11/site-packages/airflow/example_dags/example_task_group_decorator.py took 0.184 seconds
[2024-11-06T11:00:16.512-1100] {processor.py:186} INFO - Started process (PID=227854) to work on /home/ouaillaamiri/Development/lsi_3/airflow/venv/lib/python3.11/site-packages/airflow/example_dags/example_task_group_decorator.py
[2024-11-06T11:00:16.514-1100] {processor.py:914} INFO - Processing file /home/ouaillaamiri/Development/lsi_3/airflow/venv/lib/python3.11/site-packages/airflow/example_dags/example_task_group_decorator.py for tasks to queue
[2024-11-06T11:00:16.521-1100] {logging_mixin.py:190} INFO - [2024-11-06T11:00:16.520-1100] {dagbag.py:588} INFO - Filling up the DagBag from /home/ouaillaamiri/Development/lsi_3/airflow/venv/lib/python3.11/site-packages/airflow/example_dags/example_task_group_decorator.py
[2024-11-06T11:00:16.552-1100] {processor.py:925} INFO - DAG(s) 'example_task_group_decorator' retrieved from /home/ouaillaamiri/Development/lsi_3/airflow/venv/lib/python3.11/site-packages/airflow/example_dags/example_task_group_decorator.py
[2024-11-06T11:00:16.616-1100] {logging_mixin.py:190} INFO - [2024-11-06T11:00:16.616-1100] {dag.py:3239} INFO - Sync 1 DAGs
[2024-11-06T11:00:16.641-1100] {logging_mixin.py:190} INFO - [2024-11-06T11:00:16.641-1100] {dag.py:4180} INFO - Setting next_dagrun for example_task_group_decorator to None, run_after=None
[2024-11-06T11:00:16.677-1100] {processor.py:208} INFO - Processing /home/ouaillaamiri/Development/lsi_3/airflow/venv/lib/python3.11/site-packages/airflow/example_dags/example_task_group_decorator.py took 0.180 seconds
[2024-11-06T11:00:54.872-1100] {processor.py:186} INFO - Started process (PID=228622) to work on /home/ouaillaamiri/Development/lsi_3/airflow/venv/lib/python3.11/site-packages/airflow/example_dags/example_task_group_decorator.py
[2024-11-06T11:00:54.874-1100] {processor.py:914} INFO - Processing file /home/ouaillaamiri/Development/lsi_3/airflow/venv/lib/python3.11/site-packages/airflow/example_dags/example_task_group_decorator.py for tasks to queue
[2024-11-06T11:00:54.879-1100] {logging_mixin.py:190} INFO - [2024-11-06T11:00:54.878-1100] {dagbag.py:588} INFO - Filling up the DagBag from /home/ouaillaamiri/Development/lsi_3/airflow/venv/lib/python3.11/site-packages/airflow/example_dags/example_task_group_decorator.py
[2024-11-06T11:00:54.916-1100] {processor.py:925} INFO - DAG(s) 'example_task_group_decorator' retrieved from /home/ouaillaamiri/Development/lsi_3/airflow/venv/lib/python3.11/site-packages/airflow/example_dags/example_task_group_decorator.py
[2024-11-06T11:00:55.001-1100] {logging_mixin.py:190} INFO - [2024-11-06T11:00:55.000-1100] {dag.py:3239} INFO - Sync 1 DAGs
[2024-11-06T11:00:55.031-1100] {logging_mixin.py:190} INFO - [2024-11-06T11:00:55.030-1100] {dag.py:4180} INFO - Setting next_dagrun for example_task_group_decorator to None, run_after=None
[2024-11-06T11:00:55.077-1100] {processor.py:208} INFO - Processing /home/ouaillaamiri/Development/lsi_3/airflow/venv/lib/python3.11/site-packages/airflow/example_dags/example_task_group_decorator.py took 0.218 seconds
[2024-11-06T11:01:25.458-1100] {processor.py:186} INFO - Started process (PID=229227) to work on /home/ouaillaamiri/Development/lsi_3/airflow/venv/lib/python3.11/site-packages/airflow/example_dags/example_task_group_decorator.py
[2024-11-06T11:01:25.460-1100] {processor.py:914} INFO - Processing file /home/ouaillaamiri/Development/lsi_3/airflow/venv/lib/python3.11/site-packages/airflow/example_dags/example_task_group_decorator.py for tasks to queue
[2024-11-06T11:01:25.465-1100] {logging_mixin.py:190} INFO - [2024-11-06T11:01:25.465-1100] {dagbag.py:588} INFO - Filling up the DagBag from /home/ouaillaamiri/Development/lsi_3/airflow/venv/lib/python3.11/site-packages/airflow/example_dags/example_task_group_decorator.py
[2024-11-06T11:01:25.508-1100] {processor.py:925} INFO - DAG(s) 'example_task_group_decorator' retrieved from /home/ouaillaamiri/Development/lsi_3/airflow/venv/lib/python3.11/site-packages/airflow/example_dags/example_task_group_decorator.py
[2024-11-06T11:01:25.601-1100] {logging_mixin.py:190} INFO - [2024-11-06T11:01:25.600-1100] {dag.py:3239} INFO - Sync 1 DAGs
[2024-11-06T11:01:25.640-1100] {logging_mixin.py:190} INFO - [2024-11-06T11:01:25.639-1100] {dag.py:4180} INFO - Setting next_dagrun for example_task_group_decorator to None, run_after=None
[2024-11-06T11:01:25.683-1100] {processor.py:208} INFO - Processing /home/ouaillaamiri/Development/lsi_3/airflow/venv/lib/python3.11/site-packages/airflow/example_dags/example_task_group_decorator.py took 0.238 seconds
[2024-11-06T11:01:55.872-1100] {processor.py:186} INFO - Started process (PID=229598) to work on /home/ouaillaamiri/Development/lsi_3/airflow/venv/lib/python3.11/site-packages/airflow/example_dags/example_task_group_decorator.py
[2024-11-06T11:01:55.874-1100] {processor.py:914} INFO - Processing file /home/ouaillaamiri/Development/lsi_3/airflow/venv/lib/python3.11/site-packages/airflow/example_dags/example_task_group_decorator.py for tasks to queue
[2024-11-06T11:01:55.879-1100] {logging_mixin.py:190} INFO - [2024-11-06T11:01:55.878-1100] {dagbag.py:588} INFO - Filling up the DagBag from /home/ouaillaamiri/Development/lsi_3/airflow/venv/lib/python3.11/site-packages/airflow/example_dags/example_task_group_decorator.py
[2024-11-06T11:01:55.905-1100] {processor.py:925} INFO - DAG(s) 'example_task_group_decorator' retrieved from /home/ouaillaamiri/Development/lsi_3/airflow/venv/lib/python3.11/site-packages/airflow/example_dags/example_task_group_decorator.py
[2024-11-06T11:01:55.973-1100] {logging_mixin.py:190} INFO - [2024-11-06T11:01:55.972-1100] {dag.py:3239} INFO - Sync 1 DAGs
[2024-11-06T11:01:56.001-1100] {logging_mixin.py:190} INFO - [2024-11-06T11:01:56.000-1100] {dag.py:4180} INFO - Setting next_dagrun for example_task_group_decorator to None, run_after=None
[2024-11-06T11:01:56.040-1100] {processor.py:208} INFO - Processing /home/ouaillaamiri/Development/lsi_3/airflow/venv/lib/python3.11/site-packages/airflow/example_dags/example_task_group_decorator.py took 0.179 seconds
[2024-11-06T11:02:26.614-1100] {processor.py:186} INFO - Started process (PID=230192) to work on /home/ouaillaamiri/Development/lsi_3/airflow/venv/lib/python3.11/site-packages/airflow/example_dags/example_task_group_decorator.py
[2024-11-06T11:02:26.616-1100] {processor.py:914} INFO - Processing file /home/ouaillaamiri/Development/lsi_3/airflow/venv/lib/python3.11/site-packages/airflow/example_dags/example_task_group_decorator.py for tasks to queue
[2024-11-06T11:02:26.623-1100] {logging_mixin.py:190} INFO - [2024-11-06T11:02:26.622-1100] {dagbag.py:588} INFO - Filling up the DagBag from /home/ouaillaamiri/Development/lsi_3/airflow/venv/lib/python3.11/site-packages/airflow/example_dags/example_task_group_decorator.py
[2024-11-06T11:02:26.654-1100] {processor.py:925} INFO - DAG(s) 'example_task_group_decorator' retrieved from /home/ouaillaamiri/Development/lsi_3/airflow/venv/lib/python3.11/site-packages/airflow/example_dags/example_task_group_decorator.py
[2024-11-06T11:02:26.724-1100] {logging_mixin.py:190} INFO - [2024-11-06T11:02:26.723-1100] {dag.py:3239} INFO - Sync 1 DAGs
[2024-11-06T11:02:26.751-1100] {logging_mixin.py:190} INFO - [2024-11-06T11:02:26.750-1100] {dag.py:4180} INFO - Setting next_dagrun for example_task_group_decorator to None, run_after=None
[2024-11-06T11:02:26.785-1100] {processor.py:208} INFO - Processing /home/ouaillaamiri/Development/lsi_3/airflow/venv/lib/python3.11/site-packages/airflow/example_dags/example_task_group_decorator.py took 0.186 seconds
[2024-11-06T11:02:57.301-1100] {processor.py:186} INFO - Started process (PID=231178) to work on /home/ouaillaamiri/Development/lsi_3/airflow/venv/lib/python3.11/site-packages/airflow/example_dags/example_task_group_decorator.py
[2024-11-06T11:02:57.305-1100] {processor.py:914} INFO - Processing file /home/ouaillaamiri/Development/lsi_3/airflow/venv/lib/python3.11/site-packages/airflow/example_dags/example_task_group_decorator.py for tasks to queue
[2024-11-06T11:02:57.311-1100] {logging_mixin.py:190} INFO - [2024-11-06T11:02:57.310-1100] {dagbag.py:588} INFO - Filling up the DagBag from /home/ouaillaamiri/Development/lsi_3/airflow/venv/lib/python3.11/site-packages/airflow/example_dags/example_task_group_decorator.py
[2024-11-06T11:02:57.353-1100] {processor.py:925} INFO - DAG(s) 'example_task_group_decorator' retrieved from /home/ouaillaamiri/Development/lsi_3/airflow/venv/lib/python3.11/site-packages/airflow/example_dags/example_task_group_decorator.py
[2024-11-06T11:02:57.424-1100] {logging_mixin.py:190} INFO - [2024-11-06T11:02:57.424-1100] {dag.py:3239} INFO - Sync 1 DAGs
[2024-11-06T11:02:57.454-1100] {logging_mixin.py:190} INFO - [2024-11-06T11:02:57.453-1100] {dag.py:4180} INFO - Setting next_dagrun for example_task_group_decorator to None, run_after=None
[2024-11-06T11:02:57.492-1100] {processor.py:208} INFO - Processing /home/ouaillaamiri/Development/lsi_3/airflow/venv/lib/python3.11/site-packages/airflow/example_dags/example_task_group_decorator.py took 0.205 seconds
[2024-11-06T11:03:27.740-1100] {processor.py:186} INFO - Started process (PID=231538) to work on /home/ouaillaamiri/Development/lsi_3/airflow/venv/lib/python3.11/site-packages/airflow/example_dags/example_task_group_decorator.py
[2024-11-06T11:03:27.743-1100] {processor.py:914} INFO - Processing file /home/ouaillaamiri/Development/lsi_3/airflow/venv/lib/python3.11/site-packages/airflow/example_dags/example_task_group_decorator.py for tasks to queue
[2024-11-06T11:03:27.750-1100] {logging_mixin.py:190} INFO - [2024-11-06T11:03:27.748-1100] {dagbag.py:588} INFO - Filling up the DagBag from /home/ouaillaamiri/Development/lsi_3/airflow/venv/lib/python3.11/site-packages/airflow/example_dags/example_task_group_decorator.py
[2024-11-06T11:03:27.785-1100] {processor.py:925} INFO - DAG(s) 'example_task_group_decorator' retrieved from /home/ouaillaamiri/Development/lsi_3/airflow/venv/lib/python3.11/site-packages/airflow/example_dags/example_task_group_decorator.py
[2024-11-06T11:03:27.868-1100] {logging_mixin.py:190} INFO - [2024-11-06T11:03:27.868-1100] {dag.py:3239} INFO - Sync 1 DAGs
[2024-11-06T11:03:27.907-1100] {logging_mixin.py:190} INFO - [2024-11-06T11:03:27.907-1100] {dag.py:4180} INFO - Setting next_dagrun for example_task_group_decorator to None, run_after=None
[2024-11-06T11:03:27.962-1100] {processor.py:208} INFO - Processing /home/ouaillaamiri/Development/lsi_3/airflow/venv/lib/python3.11/site-packages/airflow/example_dags/example_task_group_decorator.py took 0.240 seconds
[2024-11-06T11:03:58.532-1100] {processor.py:186} INFO - Started process (PID=232215) to work on /home/ouaillaamiri/Development/lsi_3/airflow/venv/lib/python3.11/site-packages/airflow/example_dags/example_task_group_decorator.py
[2024-11-06T11:03:58.534-1100] {processor.py:914} INFO - Processing file /home/ouaillaamiri/Development/lsi_3/airflow/venv/lib/python3.11/site-packages/airflow/example_dags/example_task_group_decorator.py for tasks to queue
[2024-11-06T11:03:58.537-1100] {logging_mixin.py:190} INFO - [2024-11-06T11:03:58.537-1100] {dagbag.py:588} INFO - Filling up the DagBag from /home/ouaillaamiri/Development/lsi_3/airflow/venv/lib/python3.11/site-packages/airflow/example_dags/example_task_group_decorator.py
[2024-11-06T11:03:58.567-1100] {processor.py:925} INFO - DAG(s) 'example_task_group_decorator' retrieved from /home/ouaillaamiri/Development/lsi_3/airflow/venv/lib/python3.11/site-packages/airflow/example_dags/example_task_group_decorator.py
[2024-11-06T11:03:58.634-1100] {logging_mixin.py:190} INFO - [2024-11-06T11:03:58.634-1100] {dag.py:3239} INFO - Sync 1 DAGs
[2024-11-06T11:03:58.662-1100] {logging_mixin.py:190} INFO - [2024-11-06T11:03:58.661-1100] {dag.py:4180} INFO - Setting next_dagrun for example_task_group_decorator to None, run_after=None
[2024-11-06T11:03:58.703-1100] {processor.py:208} INFO - Processing /home/ouaillaamiri/Development/lsi_3/airflow/venv/lib/python3.11/site-packages/airflow/example_dags/example_task_group_decorator.py took 0.181 seconds
[2024-11-06T11:04:29.149-1100] {processor.py:186} INFO - Started process (PID=232584) to work on /home/ouaillaamiri/Development/lsi_3/airflow/venv/lib/python3.11/site-packages/airflow/example_dags/example_task_group_decorator.py
[2024-11-06T11:04:29.152-1100] {processor.py:914} INFO - Processing file /home/ouaillaamiri/Development/lsi_3/airflow/venv/lib/python3.11/site-packages/airflow/example_dags/example_task_group_decorator.py for tasks to queue
[2024-11-06T11:04:29.159-1100] {logging_mixin.py:190} INFO - [2024-11-06T11:04:29.157-1100] {dagbag.py:588} INFO - Filling up the DagBag from /home/ouaillaamiri/Development/lsi_3/airflow/venv/lib/python3.11/site-packages/airflow/example_dags/example_task_group_decorator.py
[2024-11-06T11:04:29.196-1100] {processor.py:925} INFO - DAG(s) 'example_task_group_decorator' retrieved from /home/ouaillaamiri/Development/lsi_3/airflow/venv/lib/python3.11/site-packages/airflow/example_dags/example_task_group_decorator.py
[2024-11-06T11:04:29.291-1100] {logging_mixin.py:190} INFO - [2024-11-06T11:04:29.290-1100] {dag.py:3239} INFO - Sync 1 DAGs
[2024-11-06T11:04:29.329-1100] {logging_mixin.py:190} INFO - [2024-11-06T11:04:29.328-1100] {dag.py:4180} INFO - Setting next_dagrun for example_task_group_decorator to None, run_after=None
[2024-11-06T11:04:29.385-1100] {processor.py:208} INFO - Processing /home/ouaillaamiri/Development/lsi_3/airflow/venv/lib/python3.11/site-packages/airflow/example_dags/example_task_group_decorator.py took 0.250 seconds
