[2024-11-06T10:53:21.266-1100] {processor.py:186} INFO - Started process (PID=218902) to work on /home/ouaillaamiri/Development/lsi_3/airflow/venv/lib/python3.11/site-packages/airflow/example_dags/example_xcomargs.py
[2024-11-06T10:53:21.268-1100] {processor.py:914} INFO - Processing file /home/ouaillaamiri/Development/lsi_3/airflow/venv/lib/python3.11/site-packages/airflow/example_dags/example_xcomargs.py for tasks to queue
[2024-11-06T10:53:21.272-1100] {logging_mixin.py:190} INFO - [2024-11-06T10:53:21.271-1100] {dagbag.py:588} INFO - Filling up the DagBag from /home/ouaillaamiri/Development/lsi_3/airflow/venv/lib/python3.11/site-packages/airflow/example_dags/example_xcomargs.py
[2024-11-06T10:53:21.305-1100] {processor.py:925} INFO - DAG(s) 'example_xcom_args_with_operators', 'example_xcom_args' retrieved from /home/ouaillaamiri/Development/lsi_3/airflow/venv/lib/python3.11/site-packages/airflow/example_dags/example_xcomargs.py
[2024-11-06T10:53:21.948-1100] {logging_mixin.py:190} INFO - [2024-11-06T10:53:21.946-1100] {override.py:1911} INFO - Created Permission View: can edit on DAG:example_xcom_args_with_operators
[2024-11-06T10:53:21.971-1100] {logging_mixin.py:190} INFO - [2024-11-06T10:53:21.970-1100] {override.py:1911} INFO - Created Permission View: can delete on DAG:example_xcom_args_with_operators
[2024-11-06T10:53:21.990-1100] {logging_mixin.py:190} INFO - [2024-11-06T10:53:21.989-1100] {override.py:1911} INFO - Created Permission View: can read on DAG:example_xcom_args_with_operators
[2024-11-06T10:53:22.017-1100] {logging_mixin.py:190} INFO - [2024-11-06T10:53:22.016-1100] {override.py:1911} INFO - Created Permission View: can delete on DAG Run:example_xcom_args_with_operators
[2024-11-06T10:53:22.043-1100] {logging_mixin.py:190} INFO - [2024-11-06T10:53:22.041-1100] {override.py:1911} INFO - Created Permission View: can create on DAG Run:example_xcom_args_with_operators
[2024-11-06T10:53:22.067-1100] {logging_mixin.py:190} INFO - [2024-11-06T10:53:22.066-1100] {override.py:1911} INFO - Created Permission View: menu access on DAG Run:example_xcom_args_with_operators
[2024-11-06T10:53:22.093-1100] {logging_mixin.py:190} INFO - [2024-11-06T10:53:22.092-1100] {override.py:1911} INFO - Created Permission View: can read on DAG Run:example_xcom_args_with_operators
[2024-11-06T10:53:22.128-1100] {logging_mixin.py:190} INFO - [2024-11-06T10:53:22.127-1100] {override.py:1911} INFO - Created Permission View: can edit on DAG:example_xcom_args
[2024-11-06T10:53:22.147-1100] {logging_mixin.py:190} INFO - [2024-11-06T10:53:22.146-1100] {override.py:1911} INFO - Created Permission View: can delete on DAG:example_xcom_args
[2024-11-06T10:53:22.167-1100] {logging_mixin.py:190} INFO - [2024-11-06T10:53:22.167-1100] {override.py:1911} INFO - Created Permission View: can read on DAG:example_xcom_args
[2024-11-06T10:53:22.195-1100] {logging_mixin.py:190} INFO - [2024-11-06T10:53:22.194-1100] {override.py:1911} INFO - Created Permission View: can delete on DAG Run:example_xcom_args
[2024-11-06T10:53:22.217-1100] {logging_mixin.py:190} INFO - [2024-11-06T10:53:22.216-1100] {override.py:1911} INFO - Created Permission View: can create on DAG Run:example_xcom_args
[2024-11-06T10:53:22.242-1100] {logging_mixin.py:190} INFO - [2024-11-06T10:53:22.240-1100] {override.py:1911} INFO - Created Permission View: menu access on DAG Run:example_xcom_args
[2024-11-06T10:53:22.266-1100] {logging_mixin.py:190} INFO - [2024-11-06T10:53:22.265-1100] {override.py:1911} INFO - Created Permission View: can read on DAG Run:example_xcom_args
[2024-11-06T10:53:22.267-1100] {logging_mixin.py:190} INFO - [2024-11-06T10:53:22.267-1100] {dag.py:3239} INFO - Sync 2 DAGs
[2024-11-06T10:53:22.300-1100] {logging_mixin.py:190} INFO - [2024-11-06T10:53:22.299-1100] {dag.py:3262} INFO - Creating ORM DAG for example_xcom_args
[2024-11-06T10:53:22.302-1100] {logging_mixin.py:190} INFO - [2024-11-06T10:53:22.302-1100] {dag.py:3262} INFO - Creating ORM DAG for example_xcom_args_with_operators
[2024-11-06T10:53:22.305-1100] {logging_mixin.py:190} INFO - [2024-11-06T10:53:22.304-1100] {dag.py:4180} INFO - Setting next_dagrun for example_xcom_args to None, run_after=None
[2024-11-06T10:53:22.308-1100] {logging_mixin.py:190} INFO - [2024-11-06T10:53:22.307-1100] {dag.py:4180} INFO - Setting next_dagrun for example_xcom_args_with_operators to None, run_after=None
[2024-11-06T10:53:22.369-1100] {processor.py:208} INFO - Processing /home/ouaillaamiri/Development/lsi_3/airflow/venv/lib/python3.11/site-packages/airflow/example_dags/example_xcomargs.py took 1.114 seconds
[2024-11-06T10:53:52.544-1100] {processor.py:186} INFO - Started process (PID=219756) to work on /home/ouaillaamiri/Development/lsi_3/airflow/venv/lib/python3.11/site-packages/airflow/example_dags/example_xcomargs.py
[2024-11-06T10:53:52.546-1100] {processor.py:914} INFO - Processing file /home/ouaillaamiri/Development/lsi_3/airflow/venv/lib/python3.11/site-packages/airflow/example_dags/example_xcomargs.py for tasks to queue
[2024-11-06T10:53:52.549-1100] {logging_mixin.py:190} INFO - [2024-11-06T10:53:52.549-1100] {dagbag.py:588} INFO - Filling up the DagBag from /home/ouaillaamiri/Development/lsi_3/airflow/venv/lib/python3.11/site-packages/airflow/example_dags/example_xcomargs.py
[2024-11-06T10:53:52.567-1100] {processor.py:925} INFO - DAG(s) 'example_xcom_args', 'example_xcom_args_with_operators' retrieved from /home/ouaillaamiri/Development/lsi_3/airflow/venv/lib/python3.11/site-packages/airflow/example_dags/example_xcomargs.py
[2024-11-06T10:53:52.623-1100] {logging_mixin.py:190} INFO - [2024-11-06T10:53:52.623-1100] {dag.py:3239} INFO - Sync 2 DAGs
[2024-11-06T10:53:52.651-1100] {logging_mixin.py:190} INFO - [2024-11-06T10:53:52.650-1100] {dag.py:4180} INFO - Setting next_dagrun for example_xcom_args to None, run_after=None
[2024-11-06T10:53:52.658-1100] {logging_mixin.py:190} INFO - [2024-11-06T10:53:52.657-1100] {dag.py:4180} INFO - Setting next_dagrun for example_xcom_args_with_operators to None, run_after=None
[2024-11-06T10:53:52.691-1100] {processor.py:208} INFO - Processing /home/ouaillaamiri/Development/lsi_3/airflow/venv/lib/python3.11/site-packages/airflow/example_dags/example_xcomargs.py took 0.157 seconds
[2024-11-06T10:54:23.126-1100] {processor.py:186} INFO - Started process (PID=220467) to work on /home/ouaillaamiri/Development/lsi_3/airflow/venv/lib/python3.11/site-packages/airflow/example_dags/example_xcomargs.py
[2024-11-06T10:54:23.128-1100] {processor.py:914} INFO - Processing file /home/ouaillaamiri/Development/lsi_3/airflow/venv/lib/python3.11/site-packages/airflow/example_dags/example_xcomargs.py for tasks to queue
[2024-11-06T10:54:23.135-1100] {logging_mixin.py:190} INFO - [2024-11-06T10:54:23.134-1100] {dagbag.py:588} INFO - Filling up the DagBag from /home/ouaillaamiri/Development/lsi_3/airflow/venv/lib/python3.11/site-packages/airflow/example_dags/example_xcomargs.py
[2024-11-06T10:54:23.158-1100] {processor.py:925} INFO - DAG(s) 'example_xcom_args', 'example_xcom_args_with_operators' retrieved from /home/ouaillaamiri/Development/lsi_3/airflow/venv/lib/python3.11/site-packages/airflow/example_dags/example_xcomargs.py
[2024-11-06T10:54:23.220-1100] {logging_mixin.py:190} INFO - [2024-11-06T10:54:23.220-1100] {dag.py:3239} INFO - Sync 2 DAGs
[2024-11-06T10:54:23.245-1100] {logging_mixin.py:190} INFO - [2024-11-06T10:54:23.245-1100] {dag.py:4180} INFO - Setting next_dagrun for example_xcom_args to None, run_after=None
[2024-11-06T10:54:23.252-1100] {logging_mixin.py:190} INFO - [2024-11-06T10:54:23.251-1100] {dag.py:4180} INFO - Setting next_dagrun for example_xcom_args_with_operators to None, run_after=None
[2024-11-06T10:54:23.284-1100] {processor.py:208} INFO - Processing /home/ouaillaamiri/Development/lsi_3/airflow/venv/lib/python3.11/site-packages/airflow/example_dags/example_xcomargs.py took 0.176 seconds
[2024-11-06T10:54:53.831-1100] {processor.py:186} INFO - Started process (PID=220831) to work on /home/ouaillaamiri/Development/lsi_3/airflow/venv/lib/python3.11/site-packages/airflow/example_dags/example_xcomargs.py
[2024-11-06T10:54:53.833-1100] {processor.py:914} INFO - Processing file /home/ouaillaamiri/Development/lsi_3/airflow/venv/lib/python3.11/site-packages/airflow/example_dags/example_xcomargs.py for tasks to queue
[2024-11-06T10:54:53.837-1100] {logging_mixin.py:190} INFO - [2024-11-06T10:54:53.837-1100] {dagbag.py:588} INFO - Filling up the DagBag from /home/ouaillaamiri/Development/lsi_3/airflow/venv/lib/python3.11/site-packages/airflow/example_dags/example_xcomargs.py
[2024-11-06T10:54:53.860-1100] {processor.py:925} INFO - DAG(s) 'example_xcom_args_with_operators', 'example_xcom_args' retrieved from /home/ouaillaamiri/Development/lsi_3/airflow/venv/lib/python3.11/site-packages/airflow/example_dags/example_xcomargs.py
[2024-11-06T10:54:53.936-1100] {logging_mixin.py:190} INFO - [2024-11-06T10:54:53.936-1100] {dag.py:3239} INFO - Sync 2 DAGs
[2024-11-06T10:54:53.963-1100] {logging_mixin.py:190} INFO - [2024-11-06T10:54:53.963-1100] {dag.py:4180} INFO - Setting next_dagrun for example_xcom_args to None, run_after=None
[2024-11-06T10:54:53.972-1100] {logging_mixin.py:190} INFO - [2024-11-06T10:54:53.971-1100] {dag.py:4180} INFO - Setting next_dagrun for example_xcom_args_with_operators to None, run_after=None
[2024-11-06T10:54:54.012-1100] {processor.py:208} INFO - Processing /home/ouaillaamiri/Development/lsi_3/airflow/venv/lib/python3.11/site-packages/airflow/example_dags/example_xcomargs.py took 0.194 seconds
[2024-11-06T10:55:24.228-1100] {processor.py:186} INFO - Started process (PID=221531) to work on /home/ouaillaamiri/Development/lsi_3/airflow/venv/lib/python3.11/site-packages/airflow/example_dags/example_xcomargs.py
[2024-11-06T10:55:24.229-1100] {processor.py:914} INFO - Processing file /home/ouaillaamiri/Development/lsi_3/airflow/venv/lib/python3.11/site-packages/airflow/example_dags/example_xcomargs.py for tasks to queue
[2024-11-06T10:55:24.233-1100] {logging_mixin.py:190} INFO - [2024-11-06T10:55:24.232-1100] {dagbag.py:588} INFO - Filling up the DagBag from /home/ouaillaamiri/Development/lsi_3/airflow/venv/lib/python3.11/site-packages/airflow/example_dags/example_xcomargs.py
[2024-11-06T10:55:24.252-1100] {processor.py:925} INFO - DAG(s) 'example_xcom_args', 'example_xcom_args_with_operators' retrieved from /home/ouaillaamiri/Development/lsi_3/airflow/venv/lib/python3.11/site-packages/airflow/example_dags/example_xcomargs.py
[2024-11-06T10:55:24.320-1100] {logging_mixin.py:190} INFO - [2024-11-06T10:55:24.320-1100] {dag.py:3239} INFO - Sync 2 DAGs
[2024-11-06T10:55:24.347-1100] {logging_mixin.py:190} INFO - [2024-11-06T10:55:24.347-1100] {dag.py:4180} INFO - Setting next_dagrun for example_xcom_args to None, run_after=None
[2024-11-06T10:55:24.354-1100] {logging_mixin.py:190} INFO - [2024-11-06T10:55:24.354-1100] {dag.py:4180} INFO - Setting next_dagrun for example_xcom_args_with_operators to None, run_after=None
[2024-11-06T10:55:24.393-1100] {processor.py:208} INFO - Processing /home/ouaillaamiri/Development/lsi_3/airflow/venv/lib/python3.11/site-packages/airflow/example_dags/example_xcomargs.py took 0.176 seconds
[2024-11-06T10:55:54.889-1100] {processor.py:186} INFO - Started process (PID=221899) to work on /home/ouaillaamiri/Development/lsi_3/airflow/venv/lib/python3.11/site-packages/airflow/example_dags/example_xcomargs.py
[2024-11-06T10:55:54.891-1100] {processor.py:914} INFO - Processing file /home/ouaillaamiri/Development/lsi_3/airflow/venv/lib/python3.11/site-packages/airflow/example_dags/example_xcomargs.py for tasks to queue
[2024-11-06T10:55:54.896-1100] {logging_mixin.py:190} INFO - [2024-11-06T10:55:54.895-1100] {dagbag.py:588} INFO - Filling up the DagBag from /home/ouaillaamiri/Development/lsi_3/airflow/venv/lib/python3.11/site-packages/airflow/example_dags/example_xcomargs.py
[2024-11-06T10:55:54.920-1100] {processor.py:925} INFO - DAG(s) 'example_xcom_args', 'example_xcom_args_with_operators' retrieved from /home/ouaillaamiri/Development/lsi_3/airflow/venv/lib/python3.11/site-packages/airflow/example_dags/example_xcomargs.py
[2024-11-06T10:55:54.982-1100] {logging_mixin.py:190} INFO - [2024-11-06T10:55:54.982-1100] {dag.py:3239} INFO - Sync 2 DAGs
[2024-11-06T10:55:55.009-1100] {logging_mixin.py:190} INFO - [2024-11-06T10:55:55.008-1100] {dag.py:4180} INFO - Setting next_dagrun for example_xcom_args to None, run_after=None
[2024-11-06T10:55:55.015-1100] {logging_mixin.py:190} INFO - [2024-11-06T10:55:55.015-1100] {dag.py:4180} INFO - Setting next_dagrun for example_xcom_args_with_operators to None, run_after=None
[2024-11-06T10:55:55.047-1100] {processor.py:208} INFO - Processing /home/ouaillaamiri/Development/lsi_3/airflow/venv/lib/python3.11/site-packages/airflow/example_dags/example_xcomargs.py took 0.172 seconds
[2024-11-06T10:56:40.842-1100] {processor.py:186} INFO - Started process (PID=222969) to work on /home/ouaillaamiri/Development/lsi_3/airflow/venv/lib/python3.11/site-packages/airflow/example_dags/example_xcomargs.py
[2024-11-06T10:56:40.844-1100] {processor.py:914} INFO - Processing file /home/ouaillaamiri/Development/lsi_3/airflow/venv/lib/python3.11/site-packages/airflow/example_dags/example_xcomargs.py for tasks to queue
[2024-11-06T10:56:40.849-1100] {logging_mixin.py:190} INFO - [2024-11-06T10:56:40.848-1100] {dagbag.py:588} INFO - Filling up the DagBag from /home/ouaillaamiri/Development/lsi_3/airflow/venv/lib/python3.11/site-packages/airflow/example_dags/example_xcomargs.py
[2024-11-06T10:56:41.263-1100] {processor.py:925} INFO - DAG(s) 'example_xcom_args_with_operators', 'example_xcom_args' retrieved from /home/ouaillaamiri/Development/lsi_3/airflow/venv/lib/python3.11/site-packages/airflow/example_dags/example_xcomargs.py
[2024-11-06T10:56:41.361-1100] {logging_mixin.py:190} INFO - [2024-11-06T10:56:41.360-1100] {dag.py:3239} INFO - Sync 2 DAGs
[2024-11-06T10:56:41.393-1100] {logging_mixin.py:190} INFO - [2024-11-06T10:56:41.392-1100] {dag.py:4180} INFO - Setting next_dagrun for example_xcom_args to None, run_after=None
[2024-11-06T10:56:41.404-1100] {logging_mixin.py:190} INFO - [2024-11-06T10:56:41.403-1100] {dag.py:4180} INFO - Setting next_dagrun for example_xcom_args_with_operators to None, run_after=None
[2024-11-06T10:56:41.446-1100] {processor.py:208} INFO - Processing /home/ouaillaamiri/Development/lsi_3/airflow/venv/lib/python3.11/site-packages/airflow/example_dags/example_xcomargs.py took 0.615 seconds
[2024-11-06T10:57:11.839-1100] {processor.py:186} INFO - Started process (PID=224121) to work on /home/ouaillaamiri/Development/lsi_3/airflow/venv/lib/python3.11/site-packages/airflow/example_dags/example_xcomargs.py
[2024-11-06T10:57:11.841-1100] {processor.py:914} INFO - Processing file /home/ouaillaamiri/Development/lsi_3/airflow/venv/lib/python3.11/site-packages/airflow/example_dags/example_xcomargs.py for tasks to queue
[2024-11-06T10:57:11.845-1100] {logging_mixin.py:190} INFO - [2024-11-06T10:57:11.844-1100] {dagbag.py:588} INFO - Filling up the DagBag from /home/ouaillaamiri/Development/lsi_3/airflow/venv/lib/python3.11/site-packages/airflow/example_dags/example_xcomargs.py
[2024-11-06T10:57:11.862-1100] {processor.py:925} INFO - DAG(s) 'example_xcom_args_with_operators', 'example_xcom_args' retrieved from /home/ouaillaamiri/Development/lsi_3/airflow/venv/lib/python3.11/site-packages/airflow/example_dags/example_xcomargs.py
[2024-11-06T10:57:11.930-1100] {logging_mixin.py:190} INFO - [2024-11-06T10:57:11.929-1100] {dag.py:3239} INFO - Sync 2 DAGs
[2024-11-06T10:57:11.956-1100] {logging_mixin.py:190} INFO - [2024-11-06T10:57:11.955-1100] {dag.py:4180} INFO - Setting next_dagrun for example_xcom_args to None, run_after=None
[2024-11-06T10:57:11.963-1100] {logging_mixin.py:190} INFO - [2024-11-06T10:57:11.962-1100] {dag.py:4180} INFO - Setting next_dagrun for example_xcom_args_with_operators to None, run_after=None
[2024-11-06T10:57:11.998-1100] {processor.py:208} INFO - Processing /home/ouaillaamiri/Development/lsi_3/airflow/venv/lib/python3.11/site-packages/airflow/example_dags/example_xcomargs.py took 0.169 seconds
[2024-11-06T10:57:42.112-1100] {processor.py:186} INFO - Started process (PID=224854) to work on /home/ouaillaamiri/Development/lsi_3/airflow/venv/lib/python3.11/site-packages/airflow/example_dags/example_xcomargs.py
[2024-11-06T10:57:42.113-1100] {processor.py:914} INFO - Processing file /home/ouaillaamiri/Development/lsi_3/airflow/venv/lib/python3.11/site-packages/airflow/example_dags/example_xcomargs.py for tasks to queue
[2024-11-06T10:57:42.117-1100] {logging_mixin.py:190} INFO - [2024-11-06T10:57:42.116-1100] {dagbag.py:588} INFO - Filling up the DagBag from /home/ouaillaamiri/Development/lsi_3/airflow/venv/lib/python3.11/site-packages/airflow/example_dags/example_xcomargs.py
[2024-11-06T10:57:42.133-1100] {processor.py:925} INFO - DAG(s) 'example_xcom_args_with_operators', 'example_xcom_args' retrieved from /home/ouaillaamiri/Development/lsi_3/airflow/venv/lib/python3.11/site-packages/airflow/example_dags/example_xcomargs.py
[2024-11-06T10:57:42.191-1100] {logging_mixin.py:190} INFO - [2024-11-06T10:57:42.191-1100] {dag.py:3239} INFO - Sync 2 DAGs
[2024-11-06T10:57:42.214-1100] {logging_mixin.py:190} INFO - [2024-11-06T10:57:42.214-1100] {dag.py:4180} INFO - Setting next_dagrun for example_xcom_args to None, run_after=None
[2024-11-06T10:57:42.221-1100] {logging_mixin.py:190} INFO - [2024-11-06T10:57:42.220-1100] {dag.py:4180} INFO - Setting next_dagrun for example_xcom_args_with_operators to None, run_after=None
[2024-11-06T10:57:42.250-1100] {processor.py:208} INFO - Processing /home/ouaillaamiri/Development/lsi_3/airflow/venv/lib/python3.11/site-packages/airflow/example_dags/example_xcomargs.py took 0.148 seconds
[2024-11-06T10:58:12.372-1100] {processor.py:186} INFO - Started process (PID=225559) to work on /home/ouaillaamiri/Development/lsi_3/airflow/venv/lib/python3.11/site-packages/airflow/example_dags/example_xcomargs.py
[2024-11-06T10:58:12.375-1100] {processor.py:914} INFO - Processing file /home/ouaillaamiri/Development/lsi_3/airflow/venv/lib/python3.11/site-packages/airflow/example_dags/example_xcomargs.py for tasks to queue
[2024-11-06T10:58:12.380-1100] {logging_mixin.py:190} INFO - [2024-11-06T10:58:12.379-1100] {dagbag.py:588} INFO - Filling up the DagBag from /home/ouaillaamiri/Development/lsi_3/airflow/venv/lib/python3.11/site-packages/airflow/example_dags/example_xcomargs.py
[2024-11-06T10:58:12.406-1100] {processor.py:925} INFO - DAG(s) 'example_xcom_args_with_operators', 'example_xcom_args' retrieved from /home/ouaillaamiri/Development/lsi_3/airflow/venv/lib/python3.11/site-packages/airflow/example_dags/example_xcomargs.py
[2024-11-06T10:58:12.488-1100] {logging_mixin.py:190} INFO - [2024-11-06T10:58:12.488-1100] {dag.py:3239} INFO - Sync 2 DAGs
[2024-11-06T10:58:12.522-1100] {logging_mixin.py:190} INFO - [2024-11-06T10:58:12.521-1100] {dag.py:4180} INFO - Setting next_dagrun for example_xcom_args to None, run_after=None
[2024-11-06T10:58:12.529-1100] {logging_mixin.py:190} INFO - [2024-11-06T10:58:12.529-1100] {dag.py:4180} INFO - Setting next_dagrun for example_xcom_args_with_operators to None, run_after=None
[2024-11-06T10:58:12.560-1100] {processor.py:208} INFO - Processing /home/ouaillaamiri/Development/lsi_3/airflow/venv/lib/python3.11/site-packages/airflow/example_dags/example_xcomargs.py took 0.204 seconds
[2024-11-06T10:58:42.923-1100] {processor.py:186} INFO - Started process (PID=226276) to work on /home/ouaillaamiri/Development/lsi_3/airflow/venv/lib/python3.11/site-packages/airflow/example_dags/example_xcomargs.py
[2024-11-06T10:58:42.925-1100] {processor.py:914} INFO - Processing file /home/ouaillaamiri/Development/lsi_3/airflow/venv/lib/python3.11/site-packages/airflow/example_dags/example_xcomargs.py for tasks to queue
[2024-11-06T10:58:42.929-1100] {logging_mixin.py:190} INFO - [2024-11-06T10:58:42.928-1100] {dagbag.py:588} INFO - Filling up the DagBag from /home/ouaillaamiri/Development/lsi_3/airflow/venv/lib/python3.11/site-packages/airflow/example_dags/example_xcomargs.py
[2024-11-06T10:58:42.950-1100] {processor.py:925} INFO - DAG(s) 'example_xcom_args', 'example_xcom_args_with_operators' retrieved from /home/ouaillaamiri/Development/lsi_3/airflow/venv/lib/python3.11/site-packages/airflow/example_dags/example_xcomargs.py
[2024-11-06T10:58:43.018-1100] {logging_mixin.py:190} INFO - [2024-11-06T10:58:43.017-1100] {dag.py:3239} INFO - Sync 2 DAGs
[2024-11-06T10:58:43.047-1100] {logging_mixin.py:190} INFO - [2024-11-06T10:58:43.045-1100] {dag.py:4180} INFO - Setting next_dagrun for example_xcom_args to None, run_after=None
[2024-11-06T10:58:43.054-1100] {logging_mixin.py:190} INFO - [2024-11-06T10:58:43.053-1100] {dag.py:4180} INFO - Setting next_dagrun for example_xcom_args_with_operators to None, run_after=None
[2024-11-06T10:58:43.091-1100] {processor.py:208} INFO - Processing /home/ouaillaamiri/Development/lsi_3/airflow/venv/lib/python3.11/site-packages/airflow/example_dags/example_xcomargs.py took 0.181 seconds
[2024-11-06T10:59:14.064-1100] {processor.py:186} INFO - Started process (PID=226989) to work on /home/ouaillaamiri/Development/lsi_3/airflow/venv/lib/python3.11/site-packages/airflow/example_dags/example_xcomargs.py
[2024-11-06T10:59:14.066-1100] {processor.py:914} INFO - Processing file /home/ouaillaamiri/Development/lsi_3/airflow/venv/lib/python3.11/site-packages/airflow/example_dags/example_xcomargs.py for tasks to queue
[2024-11-06T10:59:14.070-1100] {logging_mixin.py:190} INFO - [2024-11-06T10:59:14.069-1100] {dagbag.py:588} INFO - Filling up the DagBag from /home/ouaillaamiri/Development/lsi_3/airflow/venv/lib/python3.11/site-packages/airflow/example_dags/example_xcomargs.py
[2024-11-06T10:59:14.089-1100] {processor.py:925} INFO - DAG(s) 'example_xcom_args', 'example_xcom_args_with_operators' retrieved from /home/ouaillaamiri/Development/lsi_3/airflow/venv/lib/python3.11/site-packages/airflow/example_dags/example_xcomargs.py
[2024-11-06T10:59:14.158-1100] {logging_mixin.py:190} INFO - [2024-11-06T10:59:14.158-1100] {dag.py:3239} INFO - Sync 2 DAGs
[2024-11-06T10:59:14.192-1100] {logging_mixin.py:190} INFO - [2024-11-06T10:59:14.191-1100] {dag.py:4180} INFO - Setting next_dagrun for example_xcom_args to None, run_after=None
[2024-11-06T10:59:14.199-1100] {logging_mixin.py:190} INFO - [2024-11-06T10:59:14.199-1100] {dag.py:4180} INFO - Setting next_dagrun for example_xcom_args_with_operators to None, run_after=None
[2024-11-06T10:59:14.241-1100] {processor.py:208} INFO - Processing /home/ouaillaamiri/Development/lsi_3/airflow/venv/lib/python3.11/site-packages/airflow/example_dags/example_xcomargs.py took 0.186 seconds
[2024-11-06T10:59:44.489-1100] {processor.py:186} INFO - Started process (PID=227377) to work on /home/ouaillaamiri/Development/lsi_3/airflow/venv/lib/python3.11/site-packages/airflow/example_dags/example_xcomargs.py
[2024-11-06T10:59:44.490-1100] {processor.py:914} INFO - Processing file /home/ouaillaamiri/Development/lsi_3/airflow/venv/lib/python3.11/site-packages/airflow/example_dags/example_xcomargs.py for tasks to queue
[2024-11-06T10:59:44.493-1100] {logging_mixin.py:190} INFO - [2024-11-06T10:59:44.493-1100] {dagbag.py:588} INFO - Filling up the DagBag from /home/ouaillaamiri/Development/lsi_3/airflow/venv/lib/python3.11/site-packages/airflow/example_dags/example_xcomargs.py
[2024-11-06T10:59:44.509-1100] {processor.py:925} INFO - DAG(s) 'example_xcom_args', 'example_xcom_args_with_operators' retrieved from /home/ouaillaamiri/Development/lsi_3/airflow/venv/lib/python3.11/site-packages/airflow/example_dags/example_xcomargs.py
[2024-11-06T10:59:44.578-1100] {logging_mixin.py:190} INFO - [2024-11-06T10:59:44.578-1100] {dag.py:3239} INFO - Sync 2 DAGs
[2024-11-06T10:59:44.604-1100] {logging_mixin.py:190} INFO - [2024-11-06T10:59:44.603-1100] {dag.py:4180} INFO - Setting next_dagrun for example_xcom_args to None, run_after=None
[2024-11-06T10:59:44.610-1100] {logging_mixin.py:190} INFO - [2024-11-06T10:59:44.609-1100] {dag.py:4180} INFO - Setting next_dagrun for example_xcom_args_with_operators to None, run_after=None
[2024-11-06T10:59:44.639-1100] {processor.py:208} INFO - Processing /home/ouaillaamiri/Development/lsi_3/airflow/venv/lib/python3.11/site-packages/airflow/example_dags/example_xcomargs.py took 0.160 seconds
[2024-11-06T11:00:15.044-1100] {processor.py:186} INFO - Started process (PID=227791) to work on /home/ouaillaamiri/Development/lsi_3/airflow/venv/lib/python3.11/site-packages/airflow/example_dags/example_xcomargs.py
[2024-11-06T11:00:15.046-1100] {processor.py:914} INFO - Processing file /home/ouaillaamiri/Development/lsi_3/airflow/venv/lib/python3.11/site-packages/airflow/example_dags/example_xcomargs.py for tasks to queue
[2024-11-06T11:00:15.050-1100] {logging_mixin.py:190} INFO - [2024-11-06T11:00:15.050-1100] {dagbag.py:588} INFO - Filling up the DagBag from /home/ouaillaamiri/Development/lsi_3/airflow/venv/lib/python3.11/site-packages/airflow/example_dags/example_xcomargs.py
[2024-11-06T11:00:15.068-1100] {processor.py:925} INFO - DAG(s) 'example_xcom_args_with_operators', 'example_xcom_args' retrieved from /home/ouaillaamiri/Development/lsi_3/airflow/venv/lib/python3.11/site-packages/airflow/example_dags/example_xcomargs.py
[2024-11-06T11:00:15.130-1100] {logging_mixin.py:190} INFO - [2024-11-06T11:00:15.130-1100] {dag.py:3239} INFO - Sync 2 DAGs
[2024-11-06T11:00:15.155-1100] {logging_mixin.py:190} INFO - [2024-11-06T11:00:15.155-1100] {dag.py:4180} INFO - Setting next_dagrun for example_xcom_args to None, run_after=None
[2024-11-06T11:00:15.162-1100] {logging_mixin.py:190} INFO - [2024-11-06T11:00:15.162-1100] {dag.py:4180} INFO - Setting next_dagrun for example_xcom_args_with_operators to None, run_after=None
[2024-11-06T11:00:15.193-1100] {processor.py:208} INFO - Processing /home/ouaillaamiri/Development/lsi_3/airflow/venv/lib/python3.11/site-packages/airflow/example_dags/example_xcomargs.py took 0.159 seconds
[2024-11-06T11:00:52.343-1100] {processor.py:186} INFO - Started process (PID=228430) to work on /home/ouaillaamiri/Development/lsi_3/airflow/venv/lib/python3.11/site-packages/airflow/example_dags/example_xcomargs.py
[2024-11-06T11:00:52.345-1100] {processor.py:914} INFO - Processing file /home/ouaillaamiri/Development/lsi_3/airflow/venv/lib/python3.11/site-packages/airflow/example_dags/example_xcomargs.py for tasks to queue
[2024-11-06T11:00:52.350-1100] {logging_mixin.py:190} INFO - [2024-11-06T11:00:52.349-1100] {dagbag.py:588} INFO - Filling up the DagBag from /home/ouaillaamiri/Development/lsi_3/airflow/venv/lib/python3.11/site-packages/airflow/example_dags/example_xcomargs.py
[2024-11-06T11:00:52.722-1100] {processor.py:925} INFO - DAG(s) 'example_xcom_args_with_operators', 'example_xcom_args' retrieved from /home/ouaillaamiri/Development/lsi_3/airflow/venv/lib/python3.11/site-packages/airflow/example_dags/example_xcomargs.py
[2024-11-06T11:00:52.808-1100] {logging_mixin.py:190} INFO - [2024-11-06T11:00:52.808-1100] {dag.py:3239} INFO - Sync 2 DAGs
[2024-11-06T11:00:52.841-1100] {logging_mixin.py:190} INFO - [2024-11-06T11:00:52.840-1100] {dag.py:4180} INFO - Setting next_dagrun for example_xcom_args to None, run_after=None
[2024-11-06T11:00:52.849-1100] {logging_mixin.py:190} INFO - [2024-11-06T11:00:52.849-1100] {dag.py:4180} INFO - Setting next_dagrun for example_xcom_args_with_operators to None, run_after=None
[2024-11-06T11:00:52.894-1100] {processor.py:208} INFO - Processing /home/ouaillaamiri/Development/lsi_3/airflow/venv/lib/python3.11/site-packages/airflow/example_dags/example_xcomargs.py took 0.564 seconds
[2024-11-06T11:01:23.190-1100] {processor.py:186} INFO - Started process (PID=229168) to work on /home/ouaillaamiri/Development/lsi_3/airflow/venv/lib/python3.11/site-packages/airflow/example_dags/example_xcomargs.py
[2024-11-06T11:01:23.192-1100] {processor.py:914} INFO - Processing file /home/ouaillaamiri/Development/lsi_3/airflow/venv/lib/python3.11/site-packages/airflow/example_dags/example_xcomargs.py for tasks to queue
[2024-11-06T11:01:23.196-1100] {logging_mixin.py:190} INFO - [2024-11-06T11:01:23.195-1100] {dagbag.py:588} INFO - Filling up the DagBag from /home/ouaillaamiri/Development/lsi_3/airflow/venv/lib/python3.11/site-packages/airflow/example_dags/example_xcomargs.py
[2024-11-06T11:01:23.218-1100] {processor.py:925} INFO - DAG(s) 'example_xcom_args', 'example_xcom_args_with_operators' retrieved from /home/ouaillaamiri/Development/lsi_3/airflow/venv/lib/python3.11/site-packages/airflow/example_dags/example_xcomargs.py
[2024-11-06T11:01:23.288-1100] {logging_mixin.py:190} INFO - [2024-11-06T11:01:23.288-1100] {dag.py:3239} INFO - Sync 2 DAGs
[2024-11-06T11:01:23.316-1100] {logging_mixin.py:190} INFO - [2024-11-06T11:01:23.316-1100] {dag.py:4180} INFO - Setting next_dagrun for example_xcom_args to None, run_after=None
[2024-11-06T11:01:23.324-1100] {logging_mixin.py:190} INFO - [2024-11-06T11:01:23.324-1100] {dag.py:4180} INFO - Setting next_dagrun for example_xcom_args_with_operators to None, run_after=None
[2024-11-06T11:01:23.367-1100] {processor.py:208} INFO - Processing /home/ouaillaamiri/Development/lsi_3/airflow/venv/lib/python3.11/site-packages/airflow/example_dags/example_xcomargs.py took 0.188 seconds
[2024-11-06T11:01:53.452-1100] {processor.py:186} INFO - Started process (PID=229539) to work on /home/ouaillaamiri/Development/lsi_3/airflow/venv/lib/python3.11/site-packages/airflow/example_dags/example_xcomargs.py
[2024-11-06T11:01:53.453-1100] {processor.py:914} INFO - Processing file /home/ouaillaamiri/Development/lsi_3/airflow/venv/lib/python3.11/site-packages/airflow/example_dags/example_xcomargs.py for tasks to queue
[2024-11-06T11:01:53.456-1100] {logging_mixin.py:190} INFO - [2024-11-06T11:01:53.456-1100] {dagbag.py:588} INFO - Filling up the DagBag from /home/ouaillaamiri/Development/lsi_3/airflow/venv/lib/python3.11/site-packages/airflow/example_dags/example_xcomargs.py
[2024-11-06T11:01:53.472-1100] {processor.py:925} INFO - DAG(s) 'example_xcom_args_with_operators', 'example_xcom_args' retrieved from /home/ouaillaamiri/Development/lsi_3/airflow/venv/lib/python3.11/site-packages/airflow/example_dags/example_xcomargs.py
[2024-11-06T11:01:53.533-1100] {logging_mixin.py:190} INFO - [2024-11-06T11:01:53.533-1100] {dag.py:3239} INFO - Sync 2 DAGs
[2024-11-06T11:01:53.560-1100] {logging_mixin.py:190} INFO - [2024-11-06T11:01:53.559-1100] {dag.py:4180} INFO - Setting next_dagrun for example_xcom_args to None, run_after=None
[2024-11-06T11:01:53.567-1100] {logging_mixin.py:190} INFO - [2024-11-06T11:01:53.567-1100] {dag.py:4180} INFO - Setting next_dagrun for example_xcom_args_with_operators to None, run_after=None
[2024-11-06T11:01:53.604-1100] {processor.py:208} INFO - Processing /home/ouaillaamiri/Development/lsi_3/airflow/venv/lib/python3.11/site-packages/airflow/example_dags/example_xcomargs.py took 0.163 seconds
[2024-11-06T11:02:24.175-1100] {processor.py:186} INFO - Started process (PID=229976) to work on /home/ouaillaamiri/Development/lsi_3/airflow/venv/lib/python3.11/site-packages/airflow/example_dags/example_xcomargs.py
[2024-11-06T11:02:24.176-1100] {processor.py:914} INFO - Processing file /home/ouaillaamiri/Development/lsi_3/airflow/venv/lib/python3.11/site-packages/airflow/example_dags/example_xcomargs.py for tasks to queue
[2024-11-06T11:02:24.180-1100] {logging_mixin.py:190} INFO - [2024-11-06T11:02:24.179-1100] {dagbag.py:588} INFO - Filling up the DagBag from /home/ouaillaamiri/Development/lsi_3/airflow/venv/lib/python3.11/site-packages/airflow/example_dags/example_xcomargs.py
[2024-11-06T11:02:24.202-1100] {processor.py:925} INFO - DAG(s) 'example_xcom_args_with_operators', 'example_xcom_args' retrieved from /home/ouaillaamiri/Development/lsi_3/airflow/venv/lib/python3.11/site-packages/airflow/example_dags/example_xcomargs.py
[2024-11-06T11:02:24.277-1100] {logging_mixin.py:190} INFO - [2024-11-06T11:02:24.276-1100] {dag.py:3239} INFO - Sync 2 DAGs
[2024-11-06T11:02:24.308-1100] {logging_mixin.py:190} INFO - [2024-11-06T11:02:24.307-1100] {dag.py:4180} INFO - Setting next_dagrun for example_xcom_args to None, run_after=None
[2024-11-06T11:02:24.316-1100] {logging_mixin.py:190} INFO - [2024-11-06T11:02:24.316-1100] {dag.py:4180} INFO - Setting next_dagrun for example_xcom_args_with_operators to None, run_after=None
[2024-11-06T11:02:24.351-1100] {processor.py:208} INFO - Processing /home/ouaillaamiri/Development/lsi_3/airflow/venv/lib/python3.11/site-packages/airflow/example_dags/example_xcomargs.py took 0.189 seconds
[2024-11-06T11:02:54.656-1100] {processor.py:186} INFO - Started process (PID=231115) to work on /home/ouaillaamiri/Development/lsi_3/airflow/venv/lib/python3.11/site-packages/airflow/example_dags/example_xcomargs.py
[2024-11-06T11:02:54.658-1100] {processor.py:914} INFO - Processing file /home/ouaillaamiri/Development/lsi_3/airflow/venv/lib/python3.11/site-packages/airflow/example_dags/example_xcomargs.py for tasks to queue
[2024-11-06T11:02:54.662-1100] {logging_mixin.py:190} INFO - [2024-11-06T11:02:54.662-1100] {dagbag.py:588} INFO - Filling up the DagBag from /home/ouaillaamiri/Development/lsi_3/airflow/venv/lib/python3.11/site-packages/airflow/example_dags/example_xcomargs.py
[2024-11-06T11:02:54.684-1100] {processor.py:925} INFO - DAG(s) 'example_xcom_args_with_operators', 'example_xcom_args' retrieved from /home/ouaillaamiri/Development/lsi_3/airflow/venv/lib/python3.11/site-packages/airflow/example_dags/example_xcomargs.py
[2024-11-06T11:02:54.754-1100] {logging_mixin.py:190} INFO - [2024-11-06T11:02:54.753-1100] {dag.py:3239} INFO - Sync 2 DAGs
[2024-11-06T11:02:54.784-1100] {logging_mixin.py:190} INFO - [2024-11-06T11:02:54.784-1100] {dag.py:4180} INFO - Setting next_dagrun for example_xcom_args to None, run_after=None
[2024-11-06T11:02:54.791-1100] {logging_mixin.py:190} INFO - [2024-11-06T11:02:54.790-1100] {dag.py:4180} INFO - Setting next_dagrun for example_xcom_args_with_operators to None, run_after=None
[2024-11-06T11:02:54.830-1100] {processor.py:208} INFO - Processing /home/ouaillaamiri/Development/lsi_3/airflow/venv/lib/python3.11/site-packages/airflow/example_dags/example_xcomargs.py took 0.186 seconds
[2024-11-06T11:03:25.905-1100] {processor.py:186} INFO - Started process (PID=231481) to work on /home/ouaillaamiri/Development/lsi_3/airflow/venv/lib/python3.11/site-packages/airflow/example_dags/example_xcomargs.py
[2024-11-06T11:03:25.907-1100] {processor.py:914} INFO - Processing file /home/ouaillaamiri/Development/lsi_3/airflow/venv/lib/python3.11/site-packages/airflow/example_dags/example_xcomargs.py for tasks to queue
[2024-11-06T11:03:25.913-1100] {logging_mixin.py:190} INFO - [2024-11-06T11:03:25.912-1100] {dagbag.py:588} INFO - Filling up the DagBag from /home/ouaillaamiri/Development/lsi_3/airflow/venv/lib/python3.11/site-packages/airflow/example_dags/example_xcomargs.py
[2024-11-06T11:03:25.943-1100] {processor.py:925} INFO - DAG(s) 'example_xcom_args', 'example_xcom_args_with_operators' retrieved from /home/ouaillaamiri/Development/lsi_3/airflow/venv/lib/python3.11/site-packages/airflow/example_dags/example_xcomargs.py
[2024-11-06T11:03:26.036-1100] {logging_mixin.py:190} INFO - [2024-11-06T11:03:26.035-1100] {dag.py:3239} INFO - Sync 2 DAGs
[2024-11-06T11:03:26.073-1100] {logging_mixin.py:190} INFO - [2024-11-06T11:03:26.073-1100] {dag.py:4180} INFO - Setting next_dagrun for example_xcom_args to None, run_after=None
[2024-11-06T11:03:26.081-1100] {logging_mixin.py:190} INFO - [2024-11-06T11:03:26.081-1100] {dag.py:4180} INFO - Setting next_dagrun for example_xcom_args_with_operators to None, run_after=None
[2024-11-06T11:03:26.129-1100] {processor.py:208} INFO - Processing /home/ouaillaamiri/Development/lsi_3/airflow/venv/lib/python3.11/site-packages/airflow/example_dags/example_xcomargs.py took 0.240 seconds
[2024-11-06T11:03:56.337-1100] {processor.py:186} INFO - Started process (PID=232157) to work on /home/ouaillaamiri/Development/lsi_3/airflow/venv/lib/python3.11/site-packages/airflow/example_dags/example_xcomargs.py
[2024-11-06T11:03:56.338-1100] {processor.py:914} INFO - Processing file /home/ouaillaamiri/Development/lsi_3/airflow/venv/lib/python3.11/site-packages/airflow/example_dags/example_xcomargs.py for tasks to queue
[2024-11-06T11:03:56.342-1100] {logging_mixin.py:190} INFO - [2024-11-06T11:03:56.342-1100] {dagbag.py:588} INFO - Filling up the DagBag from /home/ouaillaamiri/Development/lsi_3/airflow/venv/lib/python3.11/site-packages/airflow/example_dags/example_xcomargs.py
[2024-11-06T11:03:56.372-1100] {processor.py:925} INFO - DAG(s) 'example_xcom_args', 'example_xcom_args_with_operators' retrieved from /home/ouaillaamiri/Development/lsi_3/airflow/venv/lib/python3.11/site-packages/airflow/example_dags/example_xcomargs.py
[2024-11-06T11:03:56.452-1100] {logging_mixin.py:190} INFO - [2024-11-06T11:03:56.452-1100] {dag.py:3239} INFO - Sync 2 DAGs
[2024-11-06T11:03:56.478-1100] {logging_mixin.py:190} INFO - [2024-11-06T11:03:56.477-1100] {dag.py:4180} INFO - Setting next_dagrun for example_xcom_args to None, run_after=None
[2024-11-06T11:03:56.485-1100] {logging_mixin.py:190} INFO - [2024-11-06T11:03:56.484-1100] {dag.py:4180} INFO - Setting next_dagrun for example_xcom_args_with_operators to None, run_after=None
[2024-11-06T11:03:56.516-1100] {processor.py:208} INFO - Processing /home/ouaillaamiri/Development/lsi_3/airflow/venv/lib/python3.11/site-packages/airflow/example_dags/example_xcomargs.py took 0.195 seconds
[2024-11-06T11:04:26.913-1100] {processor.py:186} INFO - Started process (PID=232526) to work on /home/ouaillaamiri/Development/lsi_3/airflow/venv/lib/python3.11/site-packages/airflow/example_dags/example_xcomargs.py
[2024-11-06T11:04:26.914-1100] {processor.py:914} INFO - Processing file /home/ouaillaamiri/Development/lsi_3/airflow/venv/lib/python3.11/site-packages/airflow/example_dags/example_xcomargs.py for tasks to queue
[2024-11-06T11:04:26.918-1100] {logging_mixin.py:190} INFO - [2024-11-06T11:04:26.918-1100] {dagbag.py:588} INFO - Filling up the DagBag from /home/ouaillaamiri/Development/lsi_3/airflow/venv/lib/python3.11/site-packages/airflow/example_dags/example_xcomargs.py
[2024-11-06T11:04:26.942-1100] {processor.py:925} INFO - DAG(s) 'example_xcom_args', 'example_xcom_args_with_operators' retrieved from /home/ouaillaamiri/Development/lsi_3/airflow/venv/lib/python3.11/site-packages/airflow/example_dags/example_xcomargs.py
[2024-11-06T11:04:27.008-1100] {logging_mixin.py:190} INFO - [2024-11-06T11:04:27.008-1100] {dag.py:3239} INFO - Sync 2 DAGs
[2024-11-06T11:04:27.035-1100] {logging_mixin.py:190} INFO - [2024-11-06T11:04:27.035-1100] {dag.py:4180} INFO - Setting next_dagrun for example_xcom_args to None, run_after=None
[2024-11-06T11:04:27.042-1100] {logging_mixin.py:190} INFO - [2024-11-06T11:04:27.041-1100] {dag.py:4180} INFO - Setting next_dagrun for example_xcom_args_with_operators to None, run_after=None
[2024-11-06T11:04:27.074-1100] {processor.py:208} INFO - Processing /home/ouaillaamiri/Development/lsi_3/airflow/venv/lib/python3.11/site-packages/airflow/example_dags/example_xcomargs.py took 0.173 seconds
