[2024-11-06T10:53:39.696-1100] {processor.py:186} INFO - Started process (PID=219668) to work on /home/ouaillaamiri/Development/lsi_3/airflow/venv/lib/python3.11/site-packages/airflow/example_dags/example_bash_decorator.py
[2024-11-06T10:53:39.697-1100] {processor.py:914} INFO - Processing file /home/ouaillaamiri/Development/lsi_3/airflow/venv/lib/python3.11/site-packages/airflow/example_dags/example_bash_decorator.py for tasks to queue
[2024-11-06T10:53:39.702-1100] {logging_mixin.py:190} INFO - [2024-11-06T10:53:39.701-1100] {dagbag.py:588} INFO - Filling up the DagBag from /home/ouaillaamiri/Development/lsi_3/airflow/venv/lib/python3.11/site-packages/airflow/example_dags/example_bash_decorator.py
[2024-11-06T10:53:39.728-1100] {processor.py:925} INFO - DAG(s) 'example_bash_decorator' retrieved from /home/ouaillaamiri/Development/lsi_3/airflow/venv/lib/python3.11/site-packages/airflow/example_dags/example_bash_decorator.py
[2024-11-06T10:53:39.950-1100] {logging_mixin.py:190} INFO - [2024-11-06T10:53:39.949-1100] {override.py:1911} INFO - Created Permission View: can edit on DAG:example_bash_decorator
[2024-11-06T10:53:39.970-1100] {logging_mixin.py:190} INFO - [2024-11-06T10:53:39.969-1100] {override.py:1911} INFO - Created Permission View: can delete on DAG:example_bash_decorator
[2024-11-06T10:53:39.982-1100] {logging_mixin.py:190} INFO - [2024-11-06T10:53:39.982-1100] {override.py:1911} INFO - Created Permission View: can read on DAG:example_bash_decorator
[2024-11-06T10:53:39.997-1100] {logging_mixin.py:190} INFO - [2024-11-06T10:53:39.996-1100] {override.py:1911} INFO - Created Permission View: can delete on DAG Run:example_bash_decorator
[2024-11-06T10:53:40.011-1100] {logging_mixin.py:190} INFO - [2024-11-06T10:53:40.010-1100] {override.py:1911} INFO - Created Permission View: can create on DAG Run:example_bash_decorator
[2024-11-06T10:53:40.023-1100] {logging_mixin.py:190} INFO - [2024-11-06T10:53:40.022-1100] {override.py:1911} INFO - Created Permission View: menu access on DAG Run:example_bash_decorator
[2024-11-06T10:53:40.034-1100] {logging_mixin.py:190} INFO - [2024-11-06T10:53:40.033-1100] {override.py:1911} INFO - Created Permission View: can read on DAG Run:example_bash_decorator
[2024-11-06T10:53:40.034-1100] {logging_mixin.py:190} INFO - [2024-11-06T10:53:40.034-1100] {dag.py:3239} INFO - Sync 1 DAGs
[2024-11-06T10:53:40.056-1100] {logging_mixin.py:190} INFO - [2024-11-06T10:53:40.055-1100] {dag.py:3262} INFO - Creating ORM DAG for example_bash_decorator
[2024-11-06T10:53:40.057-1100] {logging_mixin.py:190} INFO - [2024-11-06T10:53:40.056-1100] {dag.py:4180} INFO - Setting next_dagrun for example_bash_decorator to None, run_after=None
[2024-11-06T10:53:40.087-1100] {processor.py:208} INFO - Processing /home/ouaillaamiri/Development/lsi_3/airflow/venv/lib/python3.11/site-packages/airflow/example_dags/example_bash_decorator.py took 0.402 seconds
[2024-11-06T10:54:10.345-1100] {processor.py:186} INFO - Started process (PID=220393) to work on /home/ouaillaamiri/Development/lsi_3/airflow/venv/lib/python3.11/site-packages/airflow/example_dags/example_bash_decorator.py
[2024-11-06T10:54:10.347-1100] {processor.py:914} INFO - Processing file /home/ouaillaamiri/Development/lsi_3/airflow/venv/lib/python3.11/site-packages/airflow/example_dags/example_bash_decorator.py for tasks to queue
[2024-11-06T10:54:10.351-1100] {logging_mixin.py:190} INFO - [2024-11-06T10:54:10.350-1100] {dagbag.py:588} INFO - Filling up the DagBag from /home/ouaillaamiri/Development/lsi_3/airflow/venv/lib/python3.11/site-packages/airflow/example_dags/example_bash_decorator.py
[2024-11-06T10:54:10.376-1100] {processor.py:925} INFO - DAG(s) 'example_bash_decorator' retrieved from /home/ouaillaamiri/Development/lsi_3/airflow/venv/lib/python3.11/site-packages/airflow/example_dags/example_bash_decorator.py
[2024-11-06T10:54:10.437-1100] {logging_mixin.py:190} INFO - [2024-11-06T10:54:10.437-1100] {dag.py:3239} INFO - Sync 1 DAGs
[2024-11-06T10:54:10.467-1100] {logging_mixin.py:190} INFO - [2024-11-06T10:54:10.466-1100] {dag.py:4180} INFO - Setting next_dagrun for example_bash_decorator to None, run_after=None
[2024-11-06T10:54:10.499-1100] {processor.py:208} INFO - Processing /home/ouaillaamiri/Development/lsi_3/airflow/venv/lib/python3.11/site-packages/airflow/example_dags/example_bash_decorator.py took 0.164 seconds
[2024-11-06T10:54:40.849-1100] {processor.py:186} INFO - Started process (PID=220765) to work on /home/ouaillaamiri/Development/lsi_3/airflow/venv/lib/python3.11/site-packages/airflow/example_dags/example_bash_decorator.py
[2024-11-06T10:54:40.851-1100] {processor.py:914} INFO - Processing file /home/ouaillaamiri/Development/lsi_3/airflow/venv/lib/python3.11/site-packages/airflow/example_dags/example_bash_decorator.py for tasks to queue
[2024-11-06T10:54:40.855-1100] {logging_mixin.py:190} INFO - [2024-11-06T10:54:40.854-1100] {dagbag.py:588} INFO - Filling up the DagBag from /home/ouaillaamiri/Development/lsi_3/airflow/venv/lib/python3.11/site-packages/airflow/example_dags/example_bash_decorator.py
[2024-11-06T10:54:40.884-1100] {processor.py:925} INFO - DAG(s) 'example_bash_decorator' retrieved from /home/ouaillaamiri/Development/lsi_3/airflow/venv/lib/python3.11/site-packages/airflow/example_dags/example_bash_decorator.py
[2024-11-06T10:54:40.942-1100] {logging_mixin.py:190} INFO - [2024-11-06T10:54:40.942-1100] {dag.py:3239} INFO - Sync 1 DAGs
[2024-11-06T10:54:40.966-1100] {logging_mixin.py:190} INFO - [2024-11-06T10:54:40.966-1100] {dag.py:4180} INFO - Setting next_dagrun for example_bash_decorator to None, run_after=None
[2024-11-06T10:54:41.002-1100] {processor.py:208} INFO - Processing /home/ouaillaamiri/Development/lsi_3/airflow/venv/lib/python3.11/site-packages/airflow/example_dags/example_bash_decorator.py took 0.164 seconds
[2024-11-06T10:55:11.374-1100] {processor.py:186} INFO - Started process (PID=221461) to work on /home/ouaillaamiri/Development/lsi_3/airflow/venv/lib/python3.11/site-packages/airflow/example_dags/example_bash_decorator.py
[2024-11-06T10:55:11.375-1100] {processor.py:914} INFO - Processing file /home/ouaillaamiri/Development/lsi_3/airflow/venv/lib/python3.11/site-packages/airflow/example_dags/example_bash_decorator.py for tasks to queue
[2024-11-06T10:55:11.380-1100] {logging_mixin.py:190} INFO - [2024-11-06T10:55:11.379-1100] {dagbag.py:588} INFO - Filling up the DagBag from /home/ouaillaamiri/Development/lsi_3/airflow/venv/lib/python3.11/site-packages/airflow/example_dags/example_bash_decorator.py
[2024-11-06T10:55:11.412-1100] {processor.py:925} INFO - DAG(s) 'example_bash_decorator' retrieved from /home/ouaillaamiri/Development/lsi_3/airflow/venv/lib/python3.11/site-packages/airflow/example_dags/example_bash_decorator.py
[2024-11-06T10:55:11.481-1100] {logging_mixin.py:190} INFO - [2024-11-06T10:55:11.480-1100] {dag.py:3239} INFO - Sync 1 DAGs
[2024-11-06T10:55:11.515-1100] {logging_mixin.py:190} INFO - [2024-11-06T10:55:11.515-1100] {dag.py:4180} INFO - Setting next_dagrun for example_bash_decorator to None, run_after=None
[2024-11-06T10:55:11.566-1100] {processor.py:208} INFO - Processing /home/ouaillaamiri/Development/lsi_3/airflow/venv/lib/python3.11/site-packages/airflow/example_dags/example_bash_decorator.py took 0.206 seconds
[2024-11-06T10:55:42.040-1100] {processor.py:186} INFO - Started process (PID=221829) to work on /home/ouaillaamiri/Development/lsi_3/airflow/venv/lib/python3.11/site-packages/airflow/example_dags/example_bash_decorator.py
[2024-11-06T10:55:42.041-1100] {processor.py:914} INFO - Processing file /home/ouaillaamiri/Development/lsi_3/airflow/venv/lib/python3.11/site-packages/airflow/example_dags/example_bash_decorator.py for tasks to queue
[2024-11-06T10:55:42.046-1100] {logging_mixin.py:190} INFO - [2024-11-06T10:55:42.045-1100] {dagbag.py:588} INFO - Filling up the DagBag from /home/ouaillaamiri/Development/lsi_3/airflow/venv/lib/python3.11/site-packages/airflow/example_dags/example_bash_decorator.py
[2024-11-06T10:55:42.083-1100] {processor.py:925} INFO - DAG(s) 'example_bash_decorator' retrieved from /home/ouaillaamiri/Development/lsi_3/airflow/venv/lib/python3.11/site-packages/airflow/example_dags/example_bash_decorator.py
[2024-11-06T10:55:42.158-1100] {logging_mixin.py:190} INFO - [2024-11-06T10:55:42.158-1100] {dag.py:3239} INFO - Sync 1 DAGs
[2024-11-06T10:55:42.189-1100] {logging_mixin.py:190} INFO - [2024-11-06T10:55:42.188-1100] {dag.py:4180} INFO - Setting next_dagrun for example_bash_decorator to None, run_after=None
[2024-11-06T10:55:42.235-1100] {processor.py:208} INFO - Processing /home/ouaillaamiri/Development/lsi_3/airflow/venv/lib/python3.11/site-packages/airflow/example_dags/example_bash_decorator.py took 0.207 seconds
[2024-11-06T10:56:12.607-1100] {processor.py:186} INFO - Started process (PID=222211) to work on /home/ouaillaamiri/Development/lsi_3/airflow/venv/lib/python3.11/site-packages/airflow/example_dags/example_bash_decorator.py
[2024-11-06T10:56:12.609-1100] {processor.py:914} INFO - Processing file /home/ouaillaamiri/Development/lsi_3/airflow/venv/lib/python3.11/site-packages/airflow/example_dags/example_bash_decorator.py for tasks to queue
[2024-11-06T10:56:12.613-1100] {logging_mixin.py:190} INFO - [2024-11-06T10:56:12.612-1100] {dagbag.py:588} INFO - Filling up the DagBag from /home/ouaillaamiri/Development/lsi_3/airflow/venv/lib/python3.11/site-packages/airflow/example_dags/example_bash_decorator.py
[2024-11-06T10:56:12.644-1100] {processor.py:925} INFO - DAG(s) 'example_bash_decorator' retrieved from /home/ouaillaamiri/Development/lsi_3/airflow/venv/lib/python3.11/site-packages/airflow/example_dags/example_bash_decorator.py
[2024-11-06T10:56:12.706-1100] {logging_mixin.py:190} INFO - [2024-11-06T10:56:12.706-1100] {dag.py:3239} INFO - Sync 1 DAGs
[2024-11-06T10:56:12.734-1100] {logging_mixin.py:190} INFO - [2024-11-06T10:56:12.733-1100] {dag.py:4180} INFO - Setting next_dagrun for example_bash_decorator to None, run_after=None
[2024-11-06T10:56:12.769-1100] {processor.py:208} INFO - Processing /home/ouaillaamiri/Development/lsi_3/airflow/venv/lib/python3.11/site-packages/airflow/example_dags/example_bash_decorator.py took 0.175 seconds
[2024-11-06T10:56:48.577-1100] {processor.py:186} INFO - Started process (PID=223405) to work on /home/ouaillaamiri/Development/lsi_3/airflow/venv/lib/python3.11/site-packages/airflow/example_dags/example_bash_decorator.py
[2024-11-06T10:56:48.579-1100] {processor.py:914} INFO - Processing file /home/ouaillaamiri/Development/lsi_3/airflow/venv/lib/python3.11/site-packages/airflow/example_dags/example_bash_decorator.py for tasks to queue
[2024-11-06T10:56:48.582-1100] {logging_mixin.py:190} INFO - [2024-11-06T10:56:48.582-1100] {dagbag.py:588} INFO - Filling up the DagBag from /home/ouaillaamiri/Development/lsi_3/airflow/venv/lib/python3.11/site-packages/airflow/example_dags/example_bash_decorator.py
[2024-11-06T10:56:48.613-1100] {processor.py:925} INFO - DAG(s) 'example_bash_decorator' retrieved from /home/ouaillaamiri/Development/lsi_3/airflow/venv/lib/python3.11/site-packages/airflow/example_dags/example_bash_decorator.py
[2024-11-06T10:56:48.826-1100] {logging_mixin.py:190} INFO - [2024-11-06T10:56:48.826-1100] {dag.py:3239} INFO - Sync 1 DAGs
[2024-11-06T10:56:48.846-1100] {logging_mixin.py:190} INFO - [2024-11-06T10:56:48.845-1100] {dag.py:4180} INFO - Setting next_dagrun for example_bash_decorator to None, run_after=None
[2024-11-06T10:56:48.878-1100] {processor.py:208} INFO - Processing /home/ouaillaamiri/Development/lsi_3/airflow/venv/lib/python3.11/site-packages/airflow/example_dags/example_bash_decorator.py took 0.312 seconds
[2024-11-06T10:57:19.592-1100] {processor.py:186} INFO - Started process (PID=224611) to work on /home/ouaillaamiri/Development/lsi_3/airflow/venv/lib/python3.11/site-packages/airflow/example_dags/example_bash_decorator.py
[2024-11-06T10:57:19.594-1100] {processor.py:914} INFO - Processing file /home/ouaillaamiri/Development/lsi_3/airflow/venv/lib/python3.11/site-packages/airflow/example_dags/example_bash_decorator.py for tasks to queue
[2024-11-06T10:57:19.601-1100] {logging_mixin.py:190} INFO - [2024-11-06T10:57:19.600-1100] {dagbag.py:588} INFO - Filling up the DagBag from /home/ouaillaamiri/Development/lsi_3/airflow/venv/lib/python3.11/site-packages/airflow/example_dags/example_bash_decorator.py
[2024-11-06T10:57:19.639-1100] {processor.py:925} INFO - DAG(s) 'example_bash_decorator' retrieved from /home/ouaillaamiri/Development/lsi_3/airflow/venv/lib/python3.11/site-packages/airflow/example_dags/example_bash_decorator.py
[2024-11-06T10:57:19.716-1100] {logging_mixin.py:190} INFO - [2024-11-06T10:57:19.716-1100] {dag.py:3239} INFO - Sync 1 DAGs
[2024-11-06T10:57:19.744-1100] {logging_mixin.py:190} INFO - [2024-11-06T10:57:19.743-1100] {dag.py:4180} INFO - Setting next_dagrun for example_bash_decorator to None, run_after=None
[2024-11-06T10:57:19.783-1100] {processor.py:208} INFO - Processing /home/ouaillaamiri/Development/lsi_3/airflow/venv/lib/python3.11/site-packages/airflow/example_dags/example_bash_decorator.py took 0.208 seconds
[2024-11-06T10:57:49.941-1100] {processor.py:186} INFO - Started process (PID=225304) to work on /home/ouaillaamiri/Development/lsi_3/airflow/venv/lib/python3.11/site-packages/airflow/example_dags/example_bash_decorator.py
[2024-11-06T10:57:49.943-1100] {processor.py:914} INFO - Processing file /home/ouaillaamiri/Development/lsi_3/airflow/venv/lib/python3.11/site-packages/airflow/example_dags/example_bash_decorator.py for tasks to queue
[2024-11-06T10:57:49.949-1100] {logging_mixin.py:190} INFO - [2024-11-06T10:57:49.948-1100] {dagbag.py:588} INFO - Filling up the DagBag from /home/ouaillaamiri/Development/lsi_3/airflow/venv/lib/python3.11/site-packages/airflow/example_dags/example_bash_decorator.py
[2024-11-06T10:57:49.978-1100] {processor.py:925} INFO - DAG(s) 'example_bash_decorator' retrieved from /home/ouaillaamiri/Development/lsi_3/airflow/venv/lib/python3.11/site-packages/airflow/example_dags/example_bash_decorator.py
[2024-11-06T10:57:50.039-1100] {logging_mixin.py:190} INFO - [2024-11-06T10:57:50.038-1100] {dag.py:3239} INFO - Sync 1 DAGs
[2024-11-06T10:57:50.063-1100] {logging_mixin.py:190} INFO - [2024-11-06T10:57:50.062-1100] {dag.py:4180} INFO - Setting next_dagrun for example_bash_decorator to None, run_after=None
[2024-11-06T10:57:50.098-1100] {processor.py:208} INFO - Processing /home/ouaillaamiri/Development/lsi_3/airflow/venv/lib/python3.11/site-packages/airflow/example_dags/example_bash_decorator.py took 0.174 seconds
[2024-11-06T10:58:21.499-1100] {processor.py:186} INFO - Started process (PID=225851) to work on /home/ouaillaamiri/Development/lsi_3/airflow/venv/lib/python3.11/site-packages/airflow/example_dags/example_bash_decorator.py
[2024-11-06T10:58:21.503-1100] {processor.py:914} INFO - Processing file /home/ouaillaamiri/Development/lsi_3/airflow/venv/lib/python3.11/site-packages/airflow/example_dags/example_bash_decorator.py for tasks to queue
[2024-11-06T10:58:21.507-1100] {logging_mixin.py:190} INFO - [2024-11-06T10:58:21.506-1100] {dagbag.py:588} INFO - Filling up the DagBag from /home/ouaillaamiri/Development/lsi_3/airflow/venv/lib/python3.11/site-packages/airflow/example_dags/example_bash_decorator.py
[2024-11-06T10:58:21.539-1100] {processor.py:925} INFO - DAG(s) 'example_bash_decorator' retrieved from /home/ouaillaamiri/Development/lsi_3/airflow/venv/lib/python3.11/site-packages/airflow/example_dags/example_bash_decorator.py
[2024-11-06T10:58:21.608-1100] {logging_mixin.py:190} INFO - [2024-11-06T10:58:21.607-1100] {dag.py:3239} INFO - Sync 1 DAGs
[2024-11-06T10:58:21.635-1100] {logging_mixin.py:190} INFO - [2024-11-06T10:58:21.634-1100] {dag.py:4180} INFO - Setting next_dagrun for example_bash_decorator to None, run_after=None
[2024-11-06T10:58:21.680-1100] {processor.py:208} INFO - Processing /home/ouaillaamiri/Development/lsi_3/airflow/venv/lib/python3.11/site-packages/airflow/example_dags/example_bash_decorator.py took 0.194 seconds
[2024-11-06T10:58:52.762-1100] {processor.py:186} INFO - Started process (PID=226641) to work on /home/ouaillaamiri/Development/lsi_3/airflow/venv/lib/python3.11/site-packages/airflow/example_dags/example_bash_decorator.py
[2024-11-06T10:58:52.764-1100] {processor.py:914} INFO - Processing file /home/ouaillaamiri/Development/lsi_3/airflow/venv/lib/python3.11/site-packages/airflow/example_dags/example_bash_decorator.py for tasks to queue
[2024-11-06T10:58:52.768-1100] {logging_mixin.py:190} INFO - [2024-11-06T10:58:52.767-1100] {dagbag.py:588} INFO - Filling up the DagBag from /home/ouaillaamiri/Development/lsi_3/airflow/venv/lib/python3.11/site-packages/airflow/example_dags/example_bash_decorator.py
[2024-11-06T10:58:52.796-1100] {processor.py:925} INFO - DAG(s) 'example_bash_decorator' retrieved from /home/ouaillaamiri/Development/lsi_3/airflow/venv/lib/python3.11/site-packages/airflow/example_dags/example_bash_decorator.py
[2024-11-06T10:58:52.856-1100] {logging_mixin.py:190} INFO - [2024-11-06T10:58:52.856-1100] {dag.py:3239} INFO - Sync 1 DAGs
[2024-11-06T10:58:52.891-1100] {logging_mixin.py:190} INFO - [2024-11-06T10:58:52.890-1100] {dag.py:4180} INFO - Setting next_dagrun for example_bash_decorator to None, run_after=None
[2024-11-06T10:58:52.946-1100] {processor.py:208} INFO - Processing /home/ouaillaamiri/Development/lsi_3/airflow/venv/lib/python3.11/site-packages/airflow/example_dags/example_bash_decorator.py took 0.194 seconds
[2024-11-06T10:59:23.344-1100] {processor.py:186} INFO - Started process (PID=227278) to work on /home/ouaillaamiri/Development/lsi_3/airflow/venv/lib/python3.11/site-packages/airflow/example_dags/example_bash_decorator.py
[2024-11-06T10:59:23.347-1100] {processor.py:914} INFO - Processing file /home/ouaillaamiri/Development/lsi_3/airflow/venv/lib/python3.11/site-packages/airflow/example_dags/example_bash_decorator.py for tasks to queue
[2024-11-06T10:59:23.351-1100] {logging_mixin.py:190} INFO - [2024-11-06T10:59:23.350-1100] {dagbag.py:588} INFO - Filling up the DagBag from /home/ouaillaamiri/Development/lsi_3/airflow/venv/lib/python3.11/site-packages/airflow/example_dags/example_bash_decorator.py
[2024-11-06T10:59:23.389-1100] {processor.py:925} INFO - DAG(s) 'example_bash_decorator' retrieved from /home/ouaillaamiri/Development/lsi_3/airflow/venv/lib/python3.11/site-packages/airflow/example_dags/example_bash_decorator.py
[2024-11-06T10:59:23.468-1100] {logging_mixin.py:190} INFO - [2024-11-06T10:59:23.467-1100] {dag.py:3239} INFO - Sync 1 DAGs
[2024-11-06T10:59:23.492-1100] {logging_mixin.py:190} INFO - [2024-11-06T10:59:23.491-1100] {dag.py:4180} INFO - Setting next_dagrun for example_bash_decorator to None, run_after=None
[2024-11-06T10:59:23.525-1100] {processor.py:208} INFO - Processing /home/ouaillaamiri/Development/lsi_3/airflow/venv/lib/python3.11/site-packages/airflow/example_dags/example_bash_decorator.py took 0.195 seconds
[2024-11-06T10:59:53.690-1100] {processor.py:186} INFO - Started process (PID=227672) to work on /home/ouaillaamiri/Development/lsi_3/airflow/venv/lib/python3.11/site-packages/airflow/example_dags/example_bash_decorator.py
[2024-11-06T10:59:53.692-1100] {processor.py:914} INFO - Processing file /home/ouaillaamiri/Development/lsi_3/airflow/venv/lib/python3.11/site-packages/airflow/example_dags/example_bash_decorator.py for tasks to queue
[2024-11-06T10:59:53.695-1100] {logging_mixin.py:190} INFO - [2024-11-06T10:59:53.695-1100] {dagbag.py:588} INFO - Filling up the DagBag from /home/ouaillaamiri/Development/lsi_3/airflow/venv/lib/python3.11/site-packages/airflow/example_dags/example_bash_decorator.py
[2024-11-06T10:59:53.720-1100] {processor.py:925} INFO - DAG(s) 'example_bash_decorator' retrieved from /home/ouaillaamiri/Development/lsi_3/airflow/venv/lib/python3.11/site-packages/airflow/example_dags/example_bash_decorator.py
[2024-11-06T10:59:53.775-1100] {logging_mixin.py:190} INFO - [2024-11-06T10:59:53.775-1100] {dag.py:3239} INFO - Sync 1 DAGs
[2024-11-06T10:59:53.798-1100] {logging_mixin.py:190} INFO - [2024-11-06T10:59:53.798-1100] {dag.py:4180} INFO - Setting next_dagrun for example_bash_decorator to None, run_after=None
[2024-11-06T10:59:53.833-1100] {processor.py:208} INFO - Processing /home/ouaillaamiri/Development/lsi_3/airflow/venv/lib/python3.11/site-packages/airflow/example_dags/example_bash_decorator.py took 0.152 seconds
[2024-11-06T11:01:00.602-1100] {processor.py:186} INFO - Started process (PID=229005) to work on /home/ouaillaamiri/Development/lsi_3/airflow/venv/lib/python3.11/site-packages/airflow/example_dags/example_bash_decorator.py
[2024-11-06T11:01:00.605-1100] {processor.py:914} INFO - Processing file /home/ouaillaamiri/Development/lsi_3/airflow/venv/lib/python3.11/site-packages/airflow/example_dags/example_bash_decorator.py for tasks to queue
[2024-11-06T11:01:00.611-1100] {logging_mixin.py:190} INFO - [2024-11-06T11:01:00.610-1100] {dagbag.py:588} INFO - Filling up the DagBag from /home/ouaillaamiri/Development/lsi_3/airflow/venv/lib/python3.11/site-packages/airflow/example_dags/example_bash_decorator.py
[2024-11-06T11:01:00.657-1100] {processor.py:925} INFO - DAG(s) 'example_bash_decorator' retrieved from /home/ouaillaamiri/Development/lsi_3/airflow/venv/lib/python3.11/site-packages/airflow/example_dags/example_bash_decorator.py
[2024-11-06T11:01:00.940-1100] {logging_mixin.py:190} INFO - [2024-11-06T11:01:00.940-1100] {dag.py:3239} INFO - Sync 1 DAGs
[2024-11-06T11:01:00.964-1100] {logging_mixin.py:190} INFO - [2024-11-06T11:01:00.963-1100] {dag.py:4180} INFO - Setting next_dagrun for example_bash_decorator to None, run_after=None
[2024-11-06T11:01:01.009-1100] {processor.py:208} INFO - Processing /home/ouaillaamiri/Development/lsi_3/airflow/venv/lib/python3.11/site-packages/airflow/example_dags/example_bash_decorator.py took 0.422 seconds
[2024-11-06T11:01:31.337-1100] {processor.py:186} INFO - Started process (PID=229453) to work on /home/ouaillaamiri/Development/lsi_3/airflow/venv/lib/python3.11/site-packages/airflow/example_dags/example_bash_decorator.py
[2024-11-06T11:01:31.338-1100] {processor.py:914} INFO - Processing file /home/ouaillaamiri/Development/lsi_3/airflow/venv/lib/python3.11/site-packages/airflow/example_dags/example_bash_decorator.py for tasks to queue
[2024-11-06T11:01:31.343-1100] {logging_mixin.py:190} INFO - [2024-11-06T11:01:31.342-1100] {dagbag.py:588} INFO - Filling up the DagBag from /home/ouaillaamiri/Development/lsi_3/airflow/venv/lib/python3.11/site-packages/airflow/example_dags/example_bash_decorator.py
[2024-11-06T11:01:31.370-1100] {processor.py:925} INFO - DAG(s) 'example_bash_decorator' retrieved from /home/ouaillaamiri/Development/lsi_3/airflow/venv/lib/python3.11/site-packages/airflow/example_dags/example_bash_decorator.py
[2024-11-06T11:01:31.431-1100] {logging_mixin.py:190} INFO - [2024-11-06T11:01:31.431-1100] {dag.py:3239} INFO - Sync 1 DAGs
[2024-11-06T11:01:31.455-1100] {logging_mixin.py:190} INFO - [2024-11-06T11:01:31.454-1100] {dag.py:4180} INFO - Setting next_dagrun for example_bash_decorator to None, run_after=None
[2024-11-06T11:01:31.491-1100] {processor.py:208} INFO - Processing /home/ouaillaamiri/Development/lsi_3/airflow/venv/lib/python3.11/site-packages/airflow/example_dags/example_bash_decorator.py took 0.166 seconds
[2024-11-06T11:02:01.745-1100] {processor.py:186} INFO - Started process (PID=229829) to work on /home/ouaillaamiri/Development/lsi_3/airflow/venv/lib/python3.11/site-packages/airflow/example_dags/example_bash_decorator.py
[2024-11-06T11:02:01.747-1100] {processor.py:914} INFO - Processing file /home/ouaillaamiri/Development/lsi_3/airflow/venv/lib/python3.11/site-packages/airflow/example_dags/example_bash_decorator.py for tasks to queue
[2024-11-06T11:02:01.754-1100] {logging_mixin.py:190} INFO - [2024-11-06T11:02:01.753-1100] {dagbag.py:588} INFO - Filling up the DagBag from /home/ouaillaamiri/Development/lsi_3/airflow/venv/lib/python3.11/site-packages/airflow/example_dags/example_bash_decorator.py
[2024-11-06T11:02:01.789-1100] {processor.py:925} INFO - DAG(s) 'example_bash_decorator' retrieved from /home/ouaillaamiri/Development/lsi_3/airflow/venv/lib/python3.11/site-packages/airflow/example_dags/example_bash_decorator.py
[2024-11-06T11:02:01.866-1100] {logging_mixin.py:190} INFO - [2024-11-06T11:02:01.865-1100] {dag.py:3239} INFO - Sync 1 DAGs
[2024-11-06T11:02:01.907-1100] {logging_mixin.py:190} INFO - [2024-11-06T11:02:01.906-1100] {dag.py:4180} INFO - Setting next_dagrun for example_bash_decorator to None, run_after=None
[2024-11-06T11:02:01.952-1100] {processor.py:208} INFO - Processing /home/ouaillaamiri/Development/lsi_3/airflow/venv/lib/python3.11/site-packages/airflow/example_dags/example_bash_decorator.py took 0.221 seconds
[2024-11-06T11:02:32.215-1100] {processor.py:186} INFO - Started process (PID=230569) to work on /home/ouaillaamiri/Development/lsi_3/airflow/venv/lib/python3.11/site-packages/airflow/example_dags/example_bash_decorator.py
[2024-11-06T11:02:32.217-1100] {processor.py:914} INFO - Processing file /home/ouaillaamiri/Development/lsi_3/airflow/venv/lib/python3.11/site-packages/airflow/example_dags/example_bash_decorator.py for tasks to queue
[2024-11-06T11:02:32.222-1100] {logging_mixin.py:190} INFO - [2024-11-06T11:02:32.221-1100] {dagbag.py:588} INFO - Filling up the DagBag from /home/ouaillaamiri/Development/lsi_3/airflow/venv/lib/python3.11/site-packages/airflow/example_dags/example_bash_decorator.py
[2024-11-06T11:02:32.255-1100] {processor.py:925} INFO - DAG(s) 'example_bash_decorator' retrieved from /home/ouaillaamiri/Development/lsi_3/airflow/venv/lib/python3.11/site-packages/airflow/example_dags/example_bash_decorator.py
[2024-11-06T11:02:32.324-1100] {logging_mixin.py:190} INFO - [2024-11-06T11:02:32.324-1100] {dag.py:3239} INFO - Sync 1 DAGs
[2024-11-06T11:02:32.350-1100] {logging_mixin.py:190} INFO - [2024-11-06T11:02:32.350-1100] {dag.py:4180} INFO - Setting next_dagrun for example_bash_decorator to None, run_after=None
[2024-11-06T11:02:32.390-1100] {processor.py:208} INFO - Processing /home/ouaillaamiri/Development/lsi_3/airflow/venv/lib/python3.11/site-packages/airflow/example_dags/example_bash_decorator.py took 0.188 seconds
[2024-11-06T11:03:03.443-1100] {processor.py:186} INFO - Started process (PID=231405) to work on /home/ouaillaamiri/Development/lsi_3/airflow/venv/lib/python3.11/site-packages/airflow/example_dags/example_bash_decorator.py
[2024-11-06T11:03:03.445-1100] {processor.py:914} INFO - Processing file /home/ouaillaamiri/Development/lsi_3/airflow/venv/lib/python3.11/site-packages/airflow/example_dags/example_bash_decorator.py for tasks to queue
[2024-11-06T11:03:03.451-1100] {logging_mixin.py:190} INFO - [2024-11-06T11:03:03.449-1100] {dagbag.py:588} INFO - Filling up the DagBag from /home/ouaillaamiri/Development/lsi_3/airflow/venv/lib/python3.11/site-packages/airflow/example_dags/example_bash_decorator.py
[2024-11-06T11:03:03.486-1100] {processor.py:925} INFO - DAG(s) 'example_bash_decorator' retrieved from /home/ouaillaamiri/Development/lsi_3/airflow/venv/lib/python3.11/site-packages/airflow/example_dags/example_bash_decorator.py
[2024-11-06T11:03:03.576-1100] {logging_mixin.py:190} INFO - [2024-11-06T11:03:03.575-1100] {dag.py:3239} INFO - Sync 1 DAGs
[2024-11-06T11:03:03.605-1100] {logging_mixin.py:190} INFO - [2024-11-06T11:03:03.604-1100] {dag.py:4180} INFO - Setting next_dagrun for example_bash_decorator to None, run_after=None
[2024-11-06T11:03:03.644-1100] {processor.py:208} INFO - Processing /home/ouaillaamiri/Development/lsi_3/airflow/venv/lib/python3.11/site-packages/airflow/example_dags/example_bash_decorator.py took 0.216 seconds
[2024-11-06T11:03:35.195-1100] {processor.py:186} INFO - Started process (PID=231919) to work on /home/ouaillaamiri/Development/lsi_3/airflow/venv/lib/python3.11/site-packages/airflow/example_dags/example_bash_decorator.py
[2024-11-06T11:03:35.197-1100] {processor.py:914} INFO - Processing file /home/ouaillaamiri/Development/lsi_3/airflow/venv/lib/python3.11/site-packages/airflow/example_dags/example_bash_decorator.py for tasks to queue
[2024-11-06T11:03:35.204-1100] {logging_mixin.py:190} INFO - [2024-11-06T11:03:35.202-1100] {dagbag.py:588} INFO - Filling up the DagBag from /home/ouaillaamiri/Development/lsi_3/airflow/venv/lib/python3.11/site-packages/airflow/example_dags/example_bash_decorator.py
[2024-11-06T11:03:35.243-1100] {processor.py:925} INFO - DAG(s) 'example_bash_decorator' retrieved from /home/ouaillaamiri/Development/lsi_3/airflow/venv/lib/python3.11/site-packages/airflow/example_dags/example_bash_decorator.py
[2024-11-06T11:03:35.313-1100] {logging_mixin.py:190} INFO - [2024-11-06T11:03:35.312-1100] {dag.py:3239} INFO - Sync 1 DAGs
[2024-11-06T11:03:35.351-1100] {logging_mixin.py:190} INFO - [2024-11-06T11:03:35.350-1100] {dag.py:4180} INFO - Setting next_dagrun for example_bash_decorator to None, run_after=None
[2024-11-06T11:03:35.390-1100] {processor.py:208} INFO - Processing /home/ouaillaamiri/Development/lsi_3/airflow/venv/lib/python3.11/site-packages/airflow/example_dags/example_bash_decorator.py took 0.215 seconds
[2024-11-06T11:04:05.817-1100] {processor.py:186} INFO - Started process (PID=232445) to work on /home/ouaillaamiri/Development/lsi_3/airflow/venv/lib/python3.11/site-packages/airflow/example_dags/example_bash_decorator.py
[2024-11-06T11:04:05.819-1100] {processor.py:914} INFO - Processing file /home/ouaillaamiri/Development/lsi_3/airflow/venv/lib/python3.11/site-packages/airflow/example_dags/example_bash_decorator.py for tasks to queue
[2024-11-06T11:04:05.822-1100] {logging_mixin.py:190} INFO - [2024-11-06T11:04:05.822-1100] {dagbag.py:588} INFO - Filling up the DagBag from /home/ouaillaamiri/Development/lsi_3/airflow/venv/lib/python3.11/site-packages/airflow/example_dags/example_bash_decorator.py
[2024-11-06T11:04:05.847-1100] {processor.py:925} INFO - DAG(s) 'example_bash_decorator' retrieved from /home/ouaillaamiri/Development/lsi_3/airflow/venv/lib/python3.11/site-packages/airflow/example_dags/example_bash_decorator.py
[2024-11-06T11:04:05.909-1100] {logging_mixin.py:190} INFO - [2024-11-06T11:04:05.908-1100] {dag.py:3239} INFO - Sync 1 DAGs
[2024-11-06T11:04:05.933-1100] {logging_mixin.py:190} INFO - [2024-11-06T11:04:05.933-1100] {dag.py:4180} INFO - Setting next_dagrun for example_bash_decorator to None, run_after=None
[2024-11-06T11:04:05.968-1100] {processor.py:208} INFO - Processing /home/ouaillaamiri/Development/lsi_3/airflow/venv/lib/python3.11/site-packages/airflow/example_dags/example_bash_decorator.py took 0.161 seconds
[2024-11-06T11:04:36.810-1100] {processor.py:186} INFO - Started process (PID=232821) to work on /home/ouaillaamiri/Development/lsi_3/airflow/venv/lib/python3.11/site-packages/airflow/example_dags/example_bash_decorator.py
[2024-11-06T11:04:36.812-1100] {processor.py:914} INFO - Processing file /home/ouaillaamiri/Development/lsi_3/airflow/venv/lib/python3.11/site-packages/airflow/example_dags/example_bash_decorator.py for tasks to queue
[2024-11-06T11:04:36.817-1100] {logging_mixin.py:190} INFO - [2024-11-06T11:04:36.816-1100] {dagbag.py:588} INFO - Filling up the DagBag from /home/ouaillaamiri/Development/lsi_3/airflow/venv/lib/python3.11/site-packages/airflow/example_dags/example_bash_decorator.py
[2024-11-06T11:04:36.848-1100] {processor.py:925} INFO - DAG(s) 'example_bash_decorator' retrieved from /home/ouaillaamiri/Development/lsi_3/airflow/venv/lib/python3.11/site-packages/airflow/example_dags/example_bash_decorator.py
[2024-11-06T11:04:36.907-1100] {logging_mixin.py:190} INFO - [2024-11-06T11:04:36.907-1100] {dag.py:3239} INFO - Sync 1 DAGs
[2024-11-06T11:04:36.932-1100] {logging_mixin.py:190} INFO - [2024-11-06T11:04:36.932-1100] {dag.py:4180} INFO - Setting next_dagrun for example_bash_decorator to None, run_after=None
[2024-11-06T11:04:36.969-1100] {processor.py:208} INFO - Processing /home/ouaillaamiri/Development/lsi_3/airflow/venv/lib/python3.11/site-packages/airflow/example_dags/example_bash_decorator.py took 0.174 seconds
