[2024-11-06T10:53:34.621-1100] {processor.py:186} INFO - Started process (PID=219467) to work on /home/ouaillaamiri/Development/lsi_3/airflow/venv/lib/python3.11/site-packages/airflow/example_dags/example_datasets.py
[2024-11-06T10:53:34.623-1100] {processor.py:914} INFO - Processing file /home/ouaillaamiri/Development/lsi_3/airflow/venv/lib/python3.11/site-packages/airflow/example_dags/example_datasets.py for tasks to queue
[2024-11-06T10:53:34.627-1100] {logging_mixin.py:190} INFO - [2024-11-06T10:53:34.627-1100] {dagbag.py:588} INFO - Filling up the DagBag from /home/ouaillaamiri/Development/lsi_3/airflow/venv/lib/python3.11/site-packages/airflow/example_dags/example_datasets.py
[2024-11-06T10:53:34.656-1100] {processor.py:925} INFO - DAG(s) 'consume_1_or_2_with_dataset_expressions', 'dataset_consumes_1_never_scheduled', 'consume_1_or_both_2_and_3_with_dataset_expressions', 'conditional_dataset_and_time_based_timetable', 'dataset_consumes_unknown_never_scheduled', 'consume_1_and_2_with_dataset_expressions', 'dataset_produces_1', 'dataset_consumes_1_and_2', 'dataset_consumes_1', 'dataset_produces_2' retrieved from /home/ouaillaamiri/Development/lsi_3/airflow/venv/lib/python3.11/site-packages/airflow/example_dags/example_datasets.py
[2024-11-06T10:53:34.866-1100] {logging_mixin.py:190} INFO - [2024-11-06T10:53:34.865-1100] {override.py:1911} INFO - Created Permission View: can edit on DAG:consume_1_or_2_with_dataset_expressions
[2024-11-06T10:53:34.888-1100] {logging_mixin.py:190} INFO - [2024-11-06T10:53:34.887-1100] {override.py:1911} INFO - Created Permission View: can delete on DAG:consume_1_or_2_with_dataset_expressions
[2024-11-06T10:53:34.904-1100] {logging_mixin.py:190} INFO - [2024-11-06T10:53:34.903-1100] {override.py:1911} INFO - Created Permission View: can read on DAG:consume_1_or_2_with_dataset_expressions
[2024-11-06T10:53:34.919-1100] {logging_mixin.py:190} INFO - [2024-11-06T10:53:34.918-1100] {override.py:1911} INFO - Created Permission View: can delete on DAG Run:consume_1_or_2_with_dataset_expressions
[2024-11-06T10:53:34.936-1100] {logging_mixin.py:190} INFO - [2024-11-06T10:53:34.935-1100] {override.py:1911} INFO - Created Permission View: can create on DAG Run:consume_1_or_2_with_dataset_expressions
[2024-11-06T10:53:34.953-1100] {logging_mixin.py:190} INFO - [2024-11-06T10:53:34.952-1100] {override.py:1911} INFO - Created Permission View: menu access on DAG Run:consume_1_or_2_with_dataset_expressions
[2024-11-06T10:53:34.970-1100] {logging_mixin.py:190} INFO - [2024-11-06T10:53:34.969-1100] {override.py:1911} INFO - Created Permission View: can read on DAG Run:consume_1_or_2_with_dataset_expressions
[2024-11-06T10:53:34.995-1100] {logging_mixin.py:190} INFO - [2024-11-06T10:53:34.995-1100] {override.py:1911} INFO - Created Permission View: can edit on DAG:dataset_consumes_1_never_scheduled
[2024-11-06T10:53:35.010-1100] {logging_mixin.py:190} INFO - [2024-11-06T10:53:35.009-1100] {override.py:1911} INFO - Created Permission View: can delete on DAG:dataset_consumes_1_never_scheduled
[2024-11-06T10:53:35.023-1100] {logging_mixin.py:190} INFO - [2024-11-06T10:53:35.022-1100] {override.py:1911} INFO - Created Permission View: can read on DAG:dataset_consumes_1_never_scheduled
[2024-11-06T10:53:35.034-1100] {logging_mixin.py:190} INFO - [2024-11-06T10:53:35.033-1100] {override.py:1911} INFO - Created Permission View: can delete on DAG Run:dataset_consumes_1_never_scheduled
[2024-11-06T10:53:35.046-1100] {logging_mixin.py:190} INFO - [2024-11-06T10:53:35.046-1100] {override.py:1911} INFO - Created Permission View: can create on DAG Run:dataset_consumes_1_never_scheduled
[2024-11-06T10:53:35.058-1100] {logging_mixin.py:190} INFO - [2024-11-06T10:53:35.057-1100] {override.py:1911} INFO - Created Permission View: menu access on DAG Run:dataset_consumes_1_never_scheduled
[2024-11-06T10:53:35.070-1100] {logging_mixin.py:190} INFO - [2024-11-06T10:53:35.069-1100] {override.py:1911} INFO - Created Permission View: can read on DAG Run:dataset_consumes_1_never_scheduled
[2024-11-06T10:53:35.092-1100] {logging_mixin.py:190} INFO - [2024-11-06T10:53:35.092-1100] {override.py:1911} INFO - Created Permission View: can edit on DAG:consume_1_or_both_2_and_3_with_dataset_expressions
[2024-11-06T10:53:35.104-1100] {logging_mixin.py:190} INFO - [2024-11-06T10:53:35.103-1100] {override.py:1911} INFO - Created Permission View: can delete on DAG:consume_1_or_both_2_and_3_with_dataset_expressions
[2024-11-06T10:53:35.116-1100] {logging_mixin.py:190} INFO - [2024-11-06T10:53:35.115-1100] {override.py:1911} INFO - Created Permission View: can read on DAG:consume_1_or_both_2_and_3_with_dataset_expressions
[2024-11-06T10:53:35.133-1100] {logging_mixin.py:190} INFO - [2024-11-06T10:53:35.132-1100] {override.py:1911} INFO - Created Permission View: can delete on DAG Run:consume_1_or_both_2_and_3_with_dataset_expressions
[2024-11-06T10:53:35.149-1100] {logging_mixin.py:190} INFO - [2024-11-06T10:53:35.148-1100] {override.py:1911} INFO - Created Permission View: can create on DAG Run:consume_1_or_both_2_and_3_with_dataset_expressions
[2024-11-06T10:53:35.166-1100] {logging_mixin.py:190} INFO - [2024-11-06T10:53:35.165-1100] {override.py:1911} INFO - Created Permission View: menu access on DAG Run:consume_1_or_both_2_and_3_with_dataset_expressions
[2024-11-06T10:53:35.182-1100] {logging_mixin.py:190} INFO - [2024-11-06T10:53:35.182-1100] {override.py:1911} INFO - Created Permission View: can read on DAG Run:consume_1_or_both_2_and_3_with_dataset_expressions
[2024-11-06T10:53:35.213-1100] {logging_mixin.py:190} INFO - [2024-11-06T10:53:35.212-1100] {override.py:1911} INFO - Created Permission View: can edit on DAG:conditional_dataset_and_time_based_timetable
[2024-11-06T10:53:35.229-1100] {logging_mixin.py:190} INFO - [2024-11-06T10:53:35.228-1100] {override.py:1911} INFO - Created Permission View: can delete on DAG:conditional_dataset_and_time_based_timetable
[2024-11-06T10:53:35.245-1100] {logging_mixin.py:190} INFO - [2024-11-06T10:53:35.244-1100] {override.py:1911} INFO - Created Permission View: can read on DAG:conditional_dataset_and_time_based_timetable
[2024-11-06T10:53:35.259-1100] {logging_mixin.py:190} INFO - [2024-11-06T10:53:35.258-1100] {override.py:1911} INFO - Created Permission View: can delete on DAG Run:conditional_dataset_and_time_based_timetable
[2024-11-06T10:53:35.273-1100] {logging_mixin.py:190} INFO - [2024-11-06T10:53:35.272-1100] {override.py:1911} INFO - Created Permission View: can create on DAG Run:conditional_dataset_and_time_based_timetable
[2024-11-06T10:53:35.290-1100] {logging_mixin.py:190} INFO - [2024-11-06T10:53:35.289-1100] {override.py:1911} INFO - Created Permission View: menu access on DAG Run:conditional_dataset_and_time_based_timetable
[2024-11-06T10:53:35.313-1100] {logging_mixin.py:190} INFO - [2024-11-06T10:53:35.312-1100] {override.py:1911} INFO - Created Permission View: can read on DAG Run:conditional_dataset_and_time_based_timetable
[2024-11-06T10:53:35.347-1100] {logging_mixin.py:190} INFO - [2024-11-06T10:53:35.346-1100] {override.py:1911} INFO - Created Permission View: can edit on DAG:dataset_consumes_unknown_never_scheduled
[2024-11-06T10:53:35.365-1100] {logging_mixin.py:190} INFO - [2024-11-06T10:53:35.364-1100] {override.py:1911} INFO - Created Permission View: can delete on DAG:dataset_consumes_unknown_never_scheduled
[2024-11-06T10:53:35.377-1100] {logging_mixin.py:190} INFO - [2024-11-06T10:53:35.376-1100] {override.py:1911} INFO - Created Permission View: can read on DAG:dataset_consumes_unknown_never_scheduled
[2024-11-06T10:53:35.392-1100] {logging_mixin.py:190} INFO - [2024-11-06T10:53:35.391-1100] {override.py:1911} INFO - Created Permission View: can delete on DAG Run:dataset_consumes_unknown_never_scheduled
[2024-11-06T10:53:35.407-1100] {logging_mixin.py:190} INFO - [2024-11-06T10:53:35.406-1100] {override.py:1911} INFO - Created Permission View: can create on DAG Run:dataset_consumes_unknown_never_scheduled
[2024-11-06T10:53:35.419-1100] {logging_mixin.py:190} INFO - [2024-11-06T10:53:35.418-1100] {override.py:1911} INFO - Created Permission View: menu access on DAG Run:dataset_consumes_unknown_never_scheduled
[2024-11-06T10:53:35.431-1100] {logging_mixin.py:190} INFO - [2024-11-06T10:53:35.430-1100] {override.py:1911} INFO - Created Permission View: can read on DAG Run:dataset_consumes_unknown_never_scheduled
[2024-11-06T10:53:35.454-1100] {logging_mixin.py:190} INFO - [2024-11-06T10:53:35.453-1100] {override.py:1911} INFO - Created Permission View: can edit on DAG:consume_1_and_2_with_dataset_expressions
[2024-11-06T10:53:35.465-1100] {logging_mixin.py:190} INFO - [2024-11-06T10:53:35.465-1100] {override.py:1911} INFO - Created Permission View: can delete on DAG:consume_1_and_2_with_dataset_expressions
[2024-11-06T10:53:35.478-1100] {logging_mixin.py:190} INFO - [2024-11-06T10:53:35.477-1100] {override.py:1911} INFO - Created Permission View: can read on DAG:consume_1_and_2_with_dataset_expressions
[2024-11-06T10:53:35.492-1100] {logging_mixin.py:190} INFO - [2024-11-06T10:53:35.491-1100] {override.py:1911} INFO - Created Permission View: can delete on DAG Run:consume_1_and_2_with_dataset_expressions
[2024-11-06T10:53:35.505-1100] {logging_mixin.py:190} INFO - [2024-11-06T10:53:35.504-1100] {override.py:1911} INFO - Created Permission View: can create on DAG Run:consume_1_and_2_with_dataset_expressions
[2024-11-06T10:53:35.517-1100] {logging_mixin.py:190} INFO - [2024-11-06T10:53:35.517-1100] {override.py:1911} INFO - Created Permission View: menu access on DAG Run:consume_1_and_2_with_dataset_expressions
[2024-11-06T10:53:35.531-1100] {logging_mixin.py:190} INFO - [2024-11-06T10:53:35.531-1100] {override.py:1911} INFO - Created Permission View: can read on DAG Run:consume_1_and_2_with_dataset_expressions
[2024-11-06T10:53:35.556-1100] {logging_mixin.py:190} INFO - [2024-11-06T10:53:35.556-1100] {override.py:1911} INFO - Created Permission View: can edit on DAG:dataset_produces_1
[2024-11-06T10:53:35.572-1100] {logging_mixin.py:190} INFO - [2024-11-06T10:53:35.571-1100] {override.py:1911} INFO - Created Permission View: can delete on DAG:dataset_produces_1
[2024-11-06T10:53:35.587-1100] {logging_mixin.py:190} INFO - [2024-11-06T10:53:35.586-1100] {override.py:1911} INFO - Created Permission View: can read on DAG:dataset_produces_1
[2024-11-06T10:53:35.600-1100] {logging_mixin.py:190} INFO - [2024-11-06T10:53:35.599-1100] {override.py:1911} INFO - Created Permission View: can delete on DAG Run:dataset_produces_1
[2024-11-06T10:53:35.612-1100] {logging_mixin.py:190} INFO - [2024-11-06T10:53:35.611-1100] {override.py:1911} INFO - Created Permission View: can create on DAG Run:dataset_produces_1
[2024-11-06T10:53:35.622-1100] {logging_mixin.py:190} INFO - [2024-11-06T10:53:35.622-1100] {override.py:1911} INFO - Created Permission View: menu access on DAG Run:dataset_produces_1
[2024-11-06T10:53:35.633-1100] {logging_mixin.py:190} INFO - [2024-11-06T10:53:35.632-1100] {override.py:1911} INFO - Created Permission View: can read on DAG Run:dataset_produces_1
[2024-11-06T10:53:35.658-1100] {logging_mixin.py:190} INFO - [2024-11-06T10:53:35.657-1100] {override.py:1911} INFO - Created Permission View: can edit on DAG:dataset_consumes_1_and_2
[2024-11-06T10:53:35.673-1100] {logging_mixin.py:190} INFO - [2024-11-06T10:53:35.672-1100] {override.py:1911} INFO - Created Permission View: can delete on DAG:dataset_consumes_1_and_2
[2024-11-06T10:53:35.690-1100] {logging_mixin.py:190} INFO - [2024-11-06T10:53:35.689-1100] {override.py:1911} INFO - Created Permission View: can read on DAG:dataset_consumes_1_and_2
[2024-11-06T10:53:35.705-1100] {logging_mixin.py:190} INFO - [2024-11-06T10:53:35.704-1100] {override.py:1911} INFO - Created Permission View: can delete on DAG Run:dataset_consumes_1_and_2
[2024-11-06T10:53:35.717-1100] {logging_mixin.py:190} INFO - [2024-11-06T10:53:35.717-1100] {override.py:1911} INFO - Created Permission View: can create on DAG Run:dataset_consumes_1_and_2
[2024-11-06T10:53:35.731-1100] {logging_mixin.py:190} INFO - [2024-11-06T10:53:35.730-1100] {override.py:1911} INFO - Created Permission View: menu access on DAG Run:dataset_consumes_1_and_2
[2024-11-06T10:53:35.745-1100] {logging_mixin.py:190} INFO - [2024-11-06T10:53:35.745-1100] {override.py:1911} INFO - Created Permission View: can read on DAG Run:dataset_consumes_1_and_2
[2024-11-06T10:53:35.767-1100] {logging_mixin.py:190} INFO - [2024-11-06T10:53:35.767-1100] {override.py:1911} INFO - Created Permission View: can edit on DAG:dataset_consumes_1
[2024-11-06T10:53:35.779-1100] {logging_mixin.py:190} INFO - [2024-11-06T10:53:35.778-1100] {override.py:1911} INFO - Created Permission View: can delete on DAG:dataset_consumes_1
[2024-11-06T10:53:35.792-1100] {logging_mixin.py:190} INFO - [2024-11-06T10:53:35.792-1100] {override.py:1911} INFO - Created Permission View: can read on DAG:dataset_consumes_1
[2024-11-06T10:53:35.807-1100] {logging_mixin.py:190} INFO - [2024-11-06T10:53:35.806-1100] {override.py:1911} INFO - Created Permission View: can delete on DAG Run:dataset_consumes_1
[2024-11-06T10:53:35.824-1100] {logging_mixin.py:190} INFO - [2024-11-06T10:53:35.823-1100] {override.py:1911} INFO - Created Permission View: can create on DAG Run:dataset_consumes_1
[2024-11-06T10:53:35.838-1100] {logging_mixin.py:190} INFO - [2024-11-06T10:53:35.838-1100] {override.py:1911} INFO - Created Permission View: menu access on DAG Run:dataset_consumes_1
[2024-11-06T10:53:35.852-1100] {logging_mixin.py:190} INFO - [2024-11-06T10:53:35.851-1100] {override.py:1911} INFO - Created Permission View: can read on DAG Run:dataset_consumes_1
[2024-11-06T10:53:35.873-1100] {logging_mixin.py:190} INFO - [2024-11-06T10:53:35.873-1100] {override.py:1911} INFO - Created Permission View: can edit on DAG:dataset_produces_2
[2024-11-06T10:53:35.888-1100] {logging_mixin.py:190} INFO - [2024-11-06T10:53:35.887-1100] {override.py:1911} INFO - Created Permission View: can delete on DAG:dataset_produces_2
[2024-11-06T10:53:35.899-1100] {logging_mixin.py:190} INFO - [2024-11-06T10:53:35.898-1100] {override.py:1911} INFO - Created Permission View: can read on DAG:dataset_produces_2
[2024-11-06T10:53:35.912-1100] {logging_mixin.py:190} INFO - [2024-11-06T10:53:35.911-1100] {override.py:1911} INFO - Created Permission View: can delete on DAG Run:dataset_produces_2
[2024-11-06T10:53:35.925-1100] {logging_mixin.py:190} INFO - [2024-11-06T10:53:35.924-1100] {override.py:1911} INFO - Created Permission View: can create on DAG Run:dataset_produces_2
[2024-11-06T10:53:35.940-1100] {logging_mixin.py:190} INFO - [2024-11-06T10:53:35.939-1100] {override.py:1911} INFO - Created Permission View: menu access on DAG Run:dataset_produces_2
[2024-11-06T10:53:35.953-1100] {logging_mixin.py:190} INFO - [2024-11-06T10:53:35.953-1100] {override.py:1911} INFO - Created Permission View: can read on DAG Run:dataset_produces_2
[2024-11-06T10:53:35.954-1100] {logging_mixin.py:190} INFO - [2024-11-06T10:53:35.954-1100] {dag.py:3239} INFO - Sync 10 DAGs
[2024-11-06T10:53:35.977-1100] {logging_mixin.py:190} INFO - [2024-11-06T10:53:35.977-1100] {dag.py:3262} INFO - Creating ORM DAG for dataset_consumes_unknown_never_scheduled
[2024-11-06T10:53:35.978-1100] {logging_mixin.py:190} INFO - [2024-11-06T10:53:35.978-1100] {dag.py:3262} INFO - Creating ORM DAG for consume_1_and_2_with_dataset_expressions
[2024-11-06T10:53:35.979-1100] {logging_mixin.py:190} INFO - [2024-11-06T10:53:35.979-1100] {dag.py:3262} INFO - Creating ORM DAG for consume_1_or_2_with_dataset_expressions
[2024-11-06T10:53:35.980-1100] {logging_mixin.py:190} INFO - [2024-11-06T10:53:35.980-1100] {dag.py:3262} INFO - Creating ORM DAG for dataset_produces_1
[2024-11-06T10:53:35.980-1100] {logging_mixin.py:190} INFO - [2024-11-06T10:53:35.980-1100] {dag.py:3262} INFO - Creating ORM DAG for dataset_consumes_1_never_scheduled
[2024-11-06T10:53:35.981-1100] {logging_mixin.py:190} INFO - [2024-11-06T10:53:35.981-1100] {dag.py:3262} INFO - Creating ORM DAG for conditional_dataset_and_time_based_timetable
[2024-11-06T10:53:35.982-1100] {logging_mixin.py:190} INFO - [2024-11-06T10:53:35.982-1100] {dag.py:3262} INFO - Creating ORM DAG for dataset_produces_2
[2024-11-06T10:53:35.982-1100] {logging_mixin.py:190} INFO - [2024-11-06T10:53:35.982-1100] {dag.py:3262} INFO - Creating ORM DAG for consume_1_or_both_2_and_3_with_dataset_expressions
[2024-11-06T10:53:35.983-1100] {logging_mixin.py:190} INFO - [2024-11-06T10:53:35.983-1100] {dag.py:3262} INFO - Creating ORM DAG for dataset_consumes_1
[2024-11-06T10:53:35.984-1100] {logging_mixin.py:190} INFO - [2024-11-06T10:53:35.984-1100] {dag.py:3262} INFO - Creating ORM DAG for dataset_consumes_1_and_2
[2024-11-06T10:53:36.003-1100] {logging_mixin.py:190} INFO - [2024-11-06T10:53:36.003-1100] {dag.py:4180} INFO - Setting next_dagrun for conditional_dataset_and_time_based_timetable to 2024-11-06 01:00:00+00:00, run_after=2024-11-06 01:00:00+00:00
[2024-11-06T10:53:36.004-1100] {logging_mixin.py:190} INFO - [2024-11-06T10:53:36.004-1100] {dag.py:4180} INFO - Setting next_dagrun for consume_1_and_2_with_dataset_expressions to None, run_after=None
[2024-11-06T10:53:36.005-1100] {logging_mixin.py:190} INFO - [2024-11-06T10:53:36.004-1100] {dag.py:4180} INFO - Setting next_dagrun for consume_1_or_2_with_dataset_expressions to None, run_after=None
[2024-11-06T10:53:36.005-1100] {logging_mixin.py:190} INFO - [2024-11-06T10:53:36.005-1100] {dag.py:4180} INFO - Setting next_dagrun for consume_1_or_both_2_and_3_with_dataset_expressions to None, run_after=None
[2024-11-06T10:53:36.006-1100] {logging_mixin.py:190} INFO - [2024-11-06T10:53:36.006-1100] {dag.py:4180} INFO - Setting next_dagrun for dataset_consumes_1 to None, run_after=None
[2024-11-06T10:53:36.007-1100] {logging_mixin.py:190} INFO - [2024-11-06T10:53:36.007-1100] {dag.py:4180} INFO - Setting next_dagrun for dataset_consumes_1_and_2 to None, run_after=None
[2024-11-06T10:53:36.008-1100] {logging_mixin.py:190} INFO - [2024-11-06T10:53:36.008-1100] {dag.py:4180} INFO - Setting next_dagrun for dataset_consumes_1_never_scheduled to None, run_after=None
[2024-11-06T10:53:36.009-1100] {logging_mixin.py:190} INFO - [2024-11-06T10:53:36.008-1100] {dag.py:4180} INFO - Setting next_dagrun for dataset_consumes_unknown_never_scheduled to None, run_after=None
[2024-11-06T10:53:36.011-1100] {logging_mixin.py:190} INFO - [2024-11-06T10:53:36.011-1100] {dag.py:4180} INFO - Setting next_dagrun for dataset_produces_1 to 2024-11-05 00:00:00+00:00, run_after=2024-11-06 00:00:00+00:00
[2024-11-06T10:53:36.012-1100] {logging_mixin.py:190} INFO - [2024-11-06T10:53:36.012-1100] {dag.py:4180} INFO - Setting next_dagrun for dataset_produces_2 to None, run_after=None
[2024-11-06T10:53:36.105-1100] {processor.py:208} INFO - Processing /home/ouaillaamiri/Development/lsi_3/airflow/venv/lib/python3.11/site-packages/airflow/example_dags/example_datasets.py took 1.497 seconds
[2024-11-06T10:54:06.460-1100] {processor.py:186} INFO - Started process (PID=220300) to work on /home/ouaillaamiri/Development/lsi_3/airflow/venv/lib/python3.11/site-packages/airflow/example_dags/example_datasets.py
[2024-11-06T10:54:06.464-1100] {processor.py:914} INFO - Processing file /home/ouaillaamiri/Development/lsi_3/airflow/venv/lib/python3.11/site-packages/airflow/example_dags/example_datasets.py for tasks to queue
[2024-11-06T10:54:06.469-1100] {logging_mixin.py:190} INFO - [2024-11-06T10:54:06.469-1100] {dagbag.py:588} INFO - Filling up the DagBag from /home/ouaillaamiri/Development/lsi_3/airflow/venv/lib/python3.11/site-packages/airflow/example_dags/example_datasets.py
[2024-11-06T10:54:06.502-1100] {processor.py:925} INFO - DAG(s) 'consume_1_or_both_2_and_3_with_dataset_expressions', 'dataset_consumes_1_never_scheduled', 'dataset_consumes_unknown_never_scheduled', 'consume_1_and_2_with_dataset_expressions', 'dataset_produces_2', 'dataset_consumes_1_and_2', 'dataset_consumes_1', 'consume_1_or_2_with_dataset_expressions', 'dataset_produces_1', 'conditional_dataset_and_time_based_timetable' retrieved from /home/ouaillaamiri/Development/lsi_3/airflow/venv/lib/python3.11/site-packages/airflow/example_dags/example_datasets.py
[2024-11-06T10:54:06.614-1100] {logging_mixin.py:190} INFO - [2024-11-06T10:54:06.613-1100] {dag.py:3239} INFO - Sync 10 DAGs
[2024-11-06T10:54:06.661-1100] {logging_mixin.py:190} INFO - [2024-11-06T10:54:06.660-1100] {dag.py:4180} INFO - Setting next_dagrun for conditional_dataset_and_time_based_timetable to 2024-11-06 01:00:00+00:00, run_after=2024-11-06 01:00:00+00:00
[2024-11-06T10:54:06.667-1100] {logging_mixin.py:190} INFO - [2024-11-06T10:54:06.667-1100] {dag.py:4180} INFO - Setting next_dagrun for consume_1_and_2_with_dataset_expressions to None, run_after=None
[2024-11-06T10:54:06.671-1100] {logging_mixin.py:190} INFO - [2024-11-06T10:54:06.670-1100] {dag.py:4180} INFO - Setting next_dagrun for consume_1_or_2_with_dataset_expressions to None, run_after=None
[2024-11-06T10:54:06.673-1100] {logging_mixin.py:190} INFO - [2024-11-06T10:54:06.673-1100] {dag.py:4180} INFO - Setting next_dagrun for consume_1_or_both_2_and_3_with_dataset_expressions to None, run_after=None
[2024-11-06T10:54:06.676-1100] {logging_mixin.py:190} INFO - [2024-11-06T10:54:06.676-1100] {dag.py:4180} INFO - Setting next_dagrun for dataset_consumes_1 to None, run_after=None
[2024-11-06T10:54:06.680-1100] {logging_mixin.py:190} INFO - [2024-11-06T10:54:06.679-1100] {dag.py:4180} INFO - Setting next_dagrun for dataset_consumes_1_and_2 to None, run_after=None
[2024-11-06T10:54:06.683-1100] {logging_mixin.py:190} INFO - [2024-11-06T10:54:06.682-1100] {dag.py:4180} INFO - Setting next_dagrun for dataset_consumes_1_never_scheduled to None, run_after=None
[2024-11-06T10:54:06.685-1100] {logging_mixin.py:190} INFO - [2024-11-06T10:54:06.685-1100] {dag.py:4180} INFO - Setting next_dagrun for dataset_consumes_unknown_never_scheduled to None, run_after=None
[2024-11-06T10:54:06.690-1100] {logging_mixin.py:190} INFO - [2024-11-06T10:54:06.689-1100] {dag.py:4180} INFO - Setting next_dagrun for dataset_produces_1 to 2024-11-05 00:00:00+00:00, run_after=2024-11-06 00:00:00+00:00
[2024-11-06T10:54:06.692-1100] {logging_mixin.py:190} INFO - [2024-11-06T10:54:06.692-1100] {dag.py:4180} INFO - Setting next_dagrun for dataset_produces_2 to None, run_after=None
[2024-11-06T10:54:06.761-1100] {processor.py:208} INFO - Processing /home/ouaillaamiri/Development/lsi_3/airflow/venv/lib/python3.11/site-packages/airflow/example_dags/example_datasets.py took 0.314 seconds
[2024-11-06T10:54:37.000-1100] {processor.py:186} INFO - Started process (PID=220676) to work on /home/ouaillaamiri/Development/lsi_3/airflow/venv/lib/python3.11/site-packages/airflow/example_dags/example_datasets.py
[2024-11-06T10:54:37.002-1100] {processor.py:914} INFO - Processing file /home/ouaillaamiri/Development/lsi_3/airflow/venv/lib/python3.11/site-packages/airflow/example_dags/example_datasets.py for tasks to queue
[2024-11-06T10:54:37.007-1100] {logging_mixin.py:190} INFO - [2024-11-06T10:54:37.007-1100] {dagbag.py:588} INFO - Filling up the DagBag from /home/ouaillaamiri/Development/lsi_3/airflow/venv/lib/python3.11/site-packages/airflow/example_dags/example_datasets.py
[2024-11-06T10:54:37.039-1100] {processor.py:925} INFO - DAG(s) 'consume_1_or_both_2_and_3_with_dataset_expressions', 'conditional_dataset_and_time_based_timetable', 'consume_1_or_2_with_dataset_expressions', 'dataset_consumes_1', 'dataset_produces_2', 'dataset_consumes_unknown_never_scheduled', 'dataset_produces_1', 'dataset_consumes_1_never_scheduled', 'dataset_consumes_1_and_2', 'consume_1_and_2_with_dataset_expressions' retrieved from /home/ouaillaamiri/Development/lsi_3/airflow/venv/lib/python3.11/site-packages/airflow/example_dags/example_datasets.py
[2024-11-06T10:54:37.158-1100] {logging_mixin.py:190} INFO - [2024-11-06T10:54:37.158-1100] {dag.py:3239} INFO - Sync 10 DAGs
[2024-11-06T10:54:37.206-1100] {logging_mixin.py:190} INFO - [2024-11-06T10:54:37.206-1100] {dag.py:4180} INFO - Setting next_dagrun for conditional_dataset_and_time_based_timetable to 2024-11-06 01:00:00+00:00, run_after=2024-11-06 01:00:00+00:00
[2024-11-06T10:54:37.213-1100] {logging_mixin.py:190} INFO - [2024-11-06T10:54:37.212-1100] {dag.py:4180} INFO - Setting next_dagrun for consume_1_and_2_with_dataset_expressions to None, run_after=None
[2024-11-06T10:54:37.216-1100] {logging_mixin.py:190} INFO - [2024-11-06T10:54:37.215-1100] {dag.py:4180} INFO - Setting next_dagrun for consume_1_or_2_with_dataset_expressions to None, run_after=None
[2024-11-06T10:54:37.219-1100] {logging_mixin.py:190} INFO - [2024-11-06T10:54:37.218-1100] {dag.py:4180} INFO - Setting next_dagrun for consume_1_or_both_2_and_3_with_dataset_expressions to None, run_after=None
[2024-11-06T10:54:37.221-1100] {logging_mixin.py:190} INFO - [2024-11-06T10:54:37.221-1100] {dag.py:4180} INFO - Setting next_dagrun for dataset_consumes_1 to None, run_after=None
[2024-11-06T10:54:37.224-1100] {logging_mixin.py:190} INFO - [2024-11-06T10:54:37.224-1100] {dag.py:4180} INFO - Setting next_dagrun for dataset_consumes_1_and_2 to None, run_after=None
[2024-11-06T10:54:37.228-1100] {logging_mixin.py:190} INFO - [2024-11-06T10:54:37.227-1100] {dag.py:4180} INFO - Setting next_dagrun for dataset_consumes_1_never_scheduled to None, run_after=None
[2024-11-06T10:54:37.231-1100] {logging_mixin.py:190} INFO - [2024-11-06T10:54:37.231-1100] {dag.py:4180} INFO - Setting next_dagrun for dataset_consumes_unknown_never_scheduled to None, run_after=None
[2024-11-06T10:54:37.237-1100] {logging_mixin.py:190} INFO - [2024-11-06T10:54:37.236-1100] {dag.py:4180} INFO - Setting next_dagrun for dataset_produces_1 to 2024-11-05 00:00:00+00:00, run_after=2024-11-06 00:00:00+00:00
[2024-11-06T10:54:37.239-1100] {logging_mixin.py:190} INFO - [2024-11-06T10:54:37.239-1100] {dag.py:4180} INFO - Setting next_dagrun for dataset_produces_2 to None, run_after=None
[2024-11-06T10:54:37.303-1100] {processor.py:208} INFO - Processing /home/ouaillaamiri/Development/lsi_3/airflow/venv/lib/python3.11/site-packages/airflow/example_dags/example_datasets.py took 0.314 seconds
[2024-11-06T10:55:07.375-1100] {processor.py:186} INFO - Started process (PID=221216) to work on /home/ouaillaamiri/Development/lsi_3/airflow/venv/lib/python3.11/site-packages/airflow/example_dags/example_datasets.py
[2024-11-06T10:55:07.379-1100] {processor.py:914} INFO - Processing file /home/ouaillaamiri/Development/lsi_3/airflow/venv/lib/python3.11/site-packages/airflow/example_dags/example_datasets.py for tasks to queue
[2024-11-06T10:55:07.384-1100] {logging_mixin.py:190} INFO - [2024-11-06T10:55:07.384-1100] {dagbag.py:588} INFO - Filling up the DagBag from /home/ouaillaamiri/Development/lsi_3/airflow/venv/lib/python3.11/site-packages/airflow/example_dags/example_datasets.py
[2024-11-06T10:55:07.422-1100] {processor.py:925} INFO - DAG(s) 'consume_1_or_2_with_dataset_expressions', 'dataset_consumes_1_never_scheduled', 'dataset_produces_2', 'consume_1_and_2_with_dataset_expressions', 'dataset_consumes_1', 'consume_1_or_both_2_and_3_with_dataset_expressions', 'conditional_dataset_and_time_based_timetable', 'dataset_produces_1', 'dataset_consumes_unknown_never_scheduled', 'dataset_consumes_1_and_2' retrieved from /home/ouaillaamiri/Development/lsi_3/airflow/venv/lib/python3.11/site-packages/airflow/example_dags/example_datasets.py
[2024-11-06T10:55:07.543-1100] {logging_mixin.py:190} INFO - [2024-11-06T10:55:07.543-1100] {dag.py:3239} INFO - Sync 10 DAGs
[2024-11-06T10:55:07.599-1100] {logging_mixin.py:190} INFO - [2024-11-06T10:55:07.598-1100] {dag.py:4180} INFO - Setting next_dagrun for conditional_dataset_and_time_based_timetable to 2024-11-06 01:00:00+00:00, run_after=2024-11-06 01:00:00+00:00
[2024-11-06T10:55:07.611-1100] {logging_mixin.py:190} INFO - [2024-11-06T10:55:07.610-1100] {dag.py:4180} INFO - Setting next_dagrun for consume_1_and_2_with_dataset_expressions to None, run_after=None
[2024-11-06T10:55:07.614-1100] {logging_mixin.py:190} INFO - [2024-11-06T10:55:07.614-1100] {dag.py:4180} INFO - Setting next_dagrun for consume_1_or_2_with_dataset_expressions to None, run_after=None
[2024-11-06T10:55:07.617-1100] {logging_mixin.py:190} INFO - [2024-11-06T10:55:07.617-1100] {dag.py:4180} INFO - Setting next_dagrun for consume_1_or_both_2_and_3_with_dataset_expressions to None, run_after=None
[2024-11-06T10:55:07.620-1100] {logging_mixin.py:190} INFO - [2024-11-06T10:55:07.620-1100] {dag.py:4180} INFO - Setting next_dagrun for dataset_consumes_1 to None, run_after=None
[2024-11-06T10:55:07.623-1100] {logging_mixin.py:190} INFO - [2024-11-06T10:55:07.623-1100] {dag.py:4180} INFO - Setting next_dagrun for dataset_consumes_1_and_2 to None, run_after=None
[2024-11-06T10:55:07.627-1100] {logging_mixin.py:190} INFO - [2024-11-06T10:55:07.626-1100] {dag.py:4180} INFO - Setting next_dagrun for dataset_consumes_1_never_scheduled to None, run_after=None
[2024-11-06T10:55:07.630-1100] {logging_mixin.py:190} INFO - [2024-11-06T10:55:07.630-1100] {dag.py:4180} INFO - Setting next_dagrun for dataset_consumes_unknown_never_scheduled to None, run_after=None
[2024-11-06T10:55:07.636-1100] {logging_mixin.py:190} INFO - [2024-11-06T10:55:07.636-1100] {dag.py:4180} INFO - Setting next_dagrun for dataset_produces_1 to 2024-11-05 00:00:00+00:00, run_after=2024-11-06 00:00:00+00:00
[2024-11-06T10:55:07.639-1100] {logging_mixin.py:190} INFO - [2024-11-06T10:55:07.639-1100] {dag.py:4180} INFO - Setting next_dagrun for dataset_produces_2 to None, run_after=None
[2024-11-06T10:55:07.733-1100] {processor.py:208} INFO - Processing /home/ouaillaamiri/Development/lsi_3/airflow/venv/lib/python3.11/site-packages/airflow/example_dags/example_datasets.py took 0.369 seconds
[2024-11-06T10:55:37.870-1100] {processor.py:186} INFO - Started process (PID=221750) to work on /home/ouaillaamiri/Development/lsi_3/airflow/venv/lib/python3.11/site-packages/airflow/example_dags/example_datasets.py
[2024-11-06T10:55:37.872-1100] {processor.py:914} INFO - Processing file /home/ouaillaamiri/Development/lsi_3/airflow/venv/lib/python3.11/site-packages/airflow/example_dags/example_datasets.py for tasks to queue
[2024-11-06T10:55:37.876-1100] {logging_mixin.py:190} INFO - [2024-11-06T10:55:37.875-1100] {dagbag.py:588} INFO - Filling up the DagBag from /home/ouaillaamiri/Development/lsi_3/airflow/venv/lib/python3.11/site-packages/airflow/example_dags/example_datasets.py
[2024-11-06T10:55:37.903-1100] {processor.py:925} INFO - DAG(s) 'dataset_consumes_1_and_2', 'consume_1_and_2_with_dataset_expressions', 'consume_1_or_2_with_dataset_expressions', 'consume_1_or_both_2_and_3_with_dataset_expressions', 'conditional_dataset_and_time_based_timetable', 'dataset_produces_2', 'dataset_produces_1', 'dataset_consumes_1', 'dataset_consumes_unknown_never_scheduled', 'dataset_consumes_1_never_scheduled' retrieved from /home/ouaillaamiri/Development/lsi_3/airflow/venv/lib/python3.11/site-packages/airflow/example_dags/example_datasets.py
[2024-11-06T10:55:38.017-1100] {logging_mixin.py:190} INFO - [2024-11-06T10:55:38.016-1100] {dag.py:3239} INFO - Sync 10 DAGs
[2024-11-06T10:55:38.066-1100] {logging_mixin.py:190} INFO - [2024-11-06T10:55:38.065-1100] {dag.py:4180} INFO - Setting next_dagrun for conditional_dataset_and_time_based_timetable to 2024-11-06 01:00:00+00:00, run_after=2024-11-06 01:00:00+00:00
[2024-11-06T10:55:38.072-1100] {logging_mixin.py:190} INFO - [2024-11-06T10:55:38.072-1100] {dag.py:4180} INFO - Setting next_dagrun for consume_1_and_2_with_dataset_expressions to None, run_after=None
[2024-11-06T10:55:38.075-1100] {logging_mixin.py:190} INFO - [2024-11-06T10:55:38.074-1100] {dag.py:4180} INFO - Setting next_dagrun for consume_1_or_2_with_dataset_expressions to None, run_after=None
[2024-11-06T10:55:38.078-1100] {logging_mixin.py:190} INFO - [2024-11-06T10:55:38.077-1100] {dag.py:4180} INFO - Setting next_dagrun for consume_1_or_both_2_and_3_with_dataset_expressions to None, run_after=None
[2024-11-06T10:55:38.081-1100] {logging_mixin.py:190} INFO - [2024-11-06T10:55:38.080-1100] {dag.py:4180} INFO - Setting next_dagrun for dataset_consumes_1 to None, run_after=None
[2024-11-06T10:55:38.084-1100] {logging_mixin.py:190} INFO - [2024-11-06T10:55:38.083-1100] {dag.py:4180} INFO - Setting next_dagrun for dataset_consumes_1_and_2 to None, run_after=None
[2024-11-06T10:55:38.087-1100] {logging_mixin.py:190} INFO - [2024-11-06T10:55:38.086-1100] {dag.py:4180} INFO - Setting next_dagrun for dataset_consumes_1_never_scheduled to None, run_after=None
[2024-11-06T10:55:38.089-1100] {logging_mixin.py:190} INFO - [2024-11-06T10:55:38.089-1100] {dag.py:4180} INFO - Setting next_dagrun for dataset_consumes_unknown_never_scheduled to None, run_after=None
[2024-11-06T10:55:38.094-1100] {logging_mixin.py:190} INFO - [2024-11-06T10:55:38.093-1100] {dag.py:4180} INFO - Setting next_dagrun for dataset_produces_1 to 2024-11-05 00:00:00+00:00, run_after=2024-11-06 00:00:00+00:00
[2024-11-06T10:55:38.096-1100] {logging_mixin.py:190} INFO - [2024-11-06T10:55:38.096-1100] {dag.py:4180} INFO - Setting next_dagrun for dataset_produces_2 to None, run_after=None
[2024-11-06T10:55:38.174-1100] {processor.py:208} INFO - Processing /home/ouaillaamiri/Development/lsi_3/airflow/venv/lib/python3.11/site-packages/airflow/example_dags/example_datasets.py took 0.315 seconds
[2024-11-06T10:56:08.441-1100] {processor.py:186} INFO - Started process (PID=222132) to work on /home/ouaillaamiri/Development/lsi_3/airflow/venv/lib/python3.11/site-packages/airflow/example_dags/example_datasets.py
[2024-11-06T10:56:08.444-1100] {processor.py:914} INFO - Processing file /home/ouaillaamiri/Development/lsi_3/airflow/venv/lib/python3.11/site-packages/airflow/example_dags/example_datasets.py for tasks to queue
[2024-11-06T10:56:08.448-1100] {logging_mixin.py:190} INFO - [2024-11-06T10:56:08.447-1100] {dagbag.py:588} INFO - Filling up the DagBag from /home/ouaillaamiri/Development/lsi_3/airflow/venv/lib/python3.11/site-packages/airflow/example_dags/example_datasets.py
[2024-11-06T10:56:08.478-1100] {processor.py:925} INFO - DAG(s) 'dataset_consumes_1_never_scheduled', 'consume_1_or_2_with_dataset_expressions', 'dataset_produces_2', 'dataset_consumes_1', 'conditional_dataset_and_time_based_timetable', 'dataset_consumes_unknown_never_scheduled', 'consume_1_or_both_2_and_3_with_dataset_expressions', 'dataset_produces_1', 'consume_1_and_2_with_dataset_expressions', 'dataset_consumes_1_and_2' retrieved from /home/ouaillaamiri/Development/lsi_3/airflow/venv/lib/python3.11/site-packages/airflow/example_dags/example_datasets.py
[2024-11-06T10:56:08.591-1100] {logging_mixin.py:190} INFO - [2024-11-06T10:56:08.591-1100] {dag.py:3239} INFO - Sync 10 DAGs
[2024-11-06T10:56:08.642-1100] {logging_mixin.py:190} INFO - [2024-11-06T10:56:08.641-1100] {dag.py:4180} INFO - Setting next_dagrun for conditional_dataset_and_time_based_timetable to 2024-11-06 01:00:00+00:00, run_after=2024-11-06 01:00:00+00:00
[2024-11-06T10:56:08.650-1100] {logging_mixin.py:190} INFO - [2024-11-06T10:56:08.649-1100] {dag.py:4180} INFO - Setting next_dagrun for consume_1_and_2_with_dataset_expressions to None, run_after=None
[2024-11-06T10:56:08.653-1100] {logging_mixin.py:190} INFO - [2024-11-06T10:56:08.652-1100] {dag.py:4180} INFO - Setting next_dagrun for consume_1_or_2_with_dataset_expressions to None, run_after=None
[2024-11-06T10:56:08.655-1100] {logging_mixin.py:190} INFO - [2024-11-06T10:56:08.655-1100] {dag.py:4180} INFO - Setting next_dagrun for consume_1_or_both_2_and_3_with_dataset_expressions to None, run_after=None
[2024-11-06T10:56:08.660-1100] {logging_mixin.py:190} INFO - [2024-11-06T10:56:08.659-1100] {dag.py:4180} INFO - Setting next_dagrun for dataset_consumes_1 to None, run_after=None
[2024-11-06T10:56:08.662-1100] {logging_mixin.py:190} INFO - [2024-11-06T10:56:08.662-1100] {dag.py:4180} INFO - Setting next_dagrun for dataset_consumes_1_and_2 to None, run_after=None
[2024-11-06T10:56:08.665-1100] {logging_mixin.py:190} INFO - [2024-11-06T10:56:08.664-1100] {dag.py:4180} INFO - Setting next_dagrun for dataset_consumes_1_never_scheduled to None, run_after=None
[2024-11-06T10:56:08.667-1100] {logging_mixin.py:190} INFO - [2024-11-06T10:56:08.666-1100] {dag.py:4180} INFO - Setting next_dagrun for dataset_consumes_unknown_never_scheduled to None, run_after=None
[2024-11-06T10:56:08.671-1100] {logging_mixin.py:190} INFO - [2024-11-06T10:56:08.671-1100] {dag.py:4180} INFO - Setting next_dagrun for dataset_produces_1 to 2024-11-05 00:00:00+00:00, run_after=2024-11-06 00:00:00+00:00
[2024-11-06T10:56:08.674-1100] {logging_mixin.py:190} INFO - [2024-11-06T10:56:08.674-1100] {dag.py:4180} INFO - Setting next_dagrun for dataset_produces_2 to None, run_after=None
[2024-11-06T10:56:08.769-1100] {processor.py:208} INFO - Processing /home/ouaillaamiri/Development/lsi_3/airflow/venv/lib/python3.11/site-packages/airflow/example_dags/example_datasets.py took 0.339 seconds
[2024-11-06T10:56:46.235-1100] {processor.py:186} INFO - Started process (PID=223300) to work on /home/ouaillaamiri/Development/lsi_3/airflow/venv/lib/python3.11/site-packages/airflow/example_dags/example_datasets.py
[2024-11-06T10:56:46.237-1100] {processor.py:914} INFO - Processing file /home/ouaillaamiri/Development/lsi_3/airflow/venv/lib/python3.11/site-packages/airflow/example_dags/example_datasets.py for tasks to queue
[2024-11-06T10:56:46.242-1100] {logging_mixin.py:190} INFO - [2024-11-06T10:56:46.241-1100] {dagbag.py:588} INFO - Filling up the DagBag from /home/ouaillaamiri/Development/lsi_3/airflow/venv/lib/python3.11/site-packages/airflow/example_dags/example_datasets.py
[2024-11-06T10:56:46.273-1100] {processor.py:925} INFO - DAG(s) 'dataset_consumes_unknown_never_scheduled', 'consume_1_or_2_with_dataset_expressions', 'dataset_consumes_1_never_scheduled', 'conditional_dataset_and_time_based_timetable', 'consume_1_and_2_with_dataset_expressions', 'dataset_produces_1', 'dataset_consumes_1', 'dataset_consumes_1_and_2', 'dataset_produces_2', 'consume_1_or_both_2_and_3_with_dataset_expressions' retrieved from /home/ouaillaamiri/Development/lsi_3/airflow/venv/lib/python3.11/site-packages/airflow/example_dags/example_datasets.py
[2024-11-06T10:56:46.384-1100] {logging_mixin.py:190} INFO - [2024-11-06T10:56:46.383-1100] {dag.py:3239} INFO - Sync 10 DAGs
[2024-11-06T10:56:46.430-1100] {logging_mixin.py:190} INFO - [2024-11-06T10:56:46.430-1100] {dag.py:4180} INFO - Setting next_dagrun for conditional_dataset_and_time_based_timetable to 2024-11-06 01:00:00+00:00, run_after=2024-11-06 01:00:00+00:00
[2024-11-06T10:56:46.436-1100] {logging_mixin.py:190} INFO - [2024-11-06T10:56:46.436-1100] {dag.py:4180} INFO - Setting next_dagrun for consume_1_and_2_with_dataset_expressions to None, run_after=None
[2024-11-06T10:56:46.439-1100] {logging_mixin.py:190} INFO - [2024-11-06T10:56:46.439-1100] {dag.py:4180} INFO - Setting next_dagrun for consume_1_or_2_with_dataset_expressions to None, run_after=None
[2024-11-06T10:56:46.442-1100] {logging_mixin.py:190} INFO - [2024-11-06T10:56:46.441-1100] {dag.py:4180} INFO - Setting next_dagrun for consume_1_or_both_2_and_3_with_dataset_expressions to None, run_after=None
[2024-11-06T10:56:46.444-1100] {logging_mixin.py:190} INFO - [2024-11-06T10:56:46.444-1100] {dag.py:4180} INFO - Setting next_dagrun for dataset_consumes_1 to None, run_after=None
[2024-11-06T10:56:46.447-1100] {logging_mixin.py:190} INFO - [2024-11-06T10:56:46.447-1100] {dag.py:4180} INFO - Setting next_dagrun for dataset_consumes_1_and_2 to None, run_after=None
[2024-11-06T10:56:46.450-1100] {logging_mixin.py:190} INFO - [2024-11-06T10:56:46.449-1100] {dag.py:4180} INFO - Setting next_dagrun for dataset_consumes_1_never_scheduled to None, run_after=None
[2024-11-06T10:56:46.452-1100] {logging_mixin.py:190} INFO - [2024-11-06T10:56:46.452-1100] {dag.py:4180} INFO - Setting next_dagrun for dataset_consumes_unknown_never_scheduled to None, run_after=None
[2024-11-06T10:56:46.457-1100] {logging_mixin.py:190} INFO - [2024-11-06T10:56:46.456-1100] {dag.py:4180} INFO - Setting next_dagrun for dataset_produces_1 to 2024-11-05 00:00:00+00:00, run_after=2024-11-06 00:00:00+00:00
[2024-11-06T10:56:46.459-1100] {logging_mixin.py:190} INFO - [2024-11-06T10:56:46.459-1100] {dag.py:4180} INFO - Setting next_dagrun for dataset_produces_2 to None, run_after=None
[2024-11-06T10:56:46.534-1100] {processor.py:208} INFO - Processing /home/ouaillaamiri/Development/lsi_3/airflow/venv/lib/python3.11/site-packages/airflow/example_dags/example_datasets.py took 0.310 seconds
[2024-11-06T10:57:17.030-1100] {processor.py:186} INFO - Started process (PID=224335) to work on /home/ouaillaamiri/Development/lsi_3/airflow/venv/lib/python3.11/site-packages/airflow/example_dags/example_datasets.py
[2024-11-06T10:57:17.032-1100] {processor.py:914} INFO - Processing file /home/ouaillaamiri/Development/lsi_3/airflow/venv/lib/python3.11/site-packages/airflow/example_dags/example_datasets.py for tasks to queue
[2024-11-06T10:57:17.037-1100] {logging_mixin.py:190} INFO - [2024-11-06T10:57:17.036-1100] {dagbag.py:588} INFO - Filling up the DagBag from /home/ouaillaamiri/Development/lsi_3/airflow/venv/lib/python3.11/site-packages/airflow/example_dags/example_datasets.py
[2024-11-06T10:57:17.070-1100] {processor.py:925} INFO - DAG(s) 'consume_1_and_2_with_dataset_expressions', 'dataset_consumes_1_and_2', 'consume_1_or_both_2_and_3_with_dataset_expressions', 'consume_1_or_2_with_dataset_expressions', 'dataset_consumes_unknown_never_scheduled', 'dataset_consumes_1', 'dataset_consumes_1_never_scheduled', 'dataset_produces_1', 'dataset_produces_2', 'conditional_dataset_and_time_based_timetable' retrieved from /home/ouaillaamiri/Development/lsi_3/airflow/venv/lib/python3.11/site-packages/airflow/example_dags/example_datasets.py
[2024-11-06T10:57:17.188-1100] {logging_mixin.py:190} INFO - [2024-11-06T10:57:17.187-1100] {dag.py:3239} INFO - Sync 10 DAGs
[2024-11-06T10:57:17.249-1100] {logging_mixin.py:190} INFO - [2024-11-06T10:57:17.248-1100] {dag.py:4180} INFO - Setting next_dagrun for conditional_dataset_and_time_based_timetable to 2024-11-06 01:00:00+00:00, run_after=2024-11-06 01:00:00+00:00
[2024-11-06T10:57:17.258-1100] {logging_mixin.py:190} INFO - [2024-11-06T10:57:17.257-1100] {dag.py:4180} INFO - Setting next_dagrun for consume_1_and_2_with_dataset_expressions to None, run_after=None
[2024-11-06T10:57:17.262-1100] {logging_mixin.py:190} INFO - [2024-11-06T10:57:17.262-1100] {dag.py:4180} INFO - Setting next_dagrun for consume_1_or_2_with_dataset_expressions to None, run_after=None
[2024-11-06T10:57:17.266-1100] {logging_mixin.py:190} INFO - [2024-11-06T10:57:17.266-1100] {dag.py:4180} INFO - Setting next_dagrun for consume_1_or_both_2_and_3_with_dataset_expressions to None, run_after=None
[2024-11-06T10:57:17.270-1100] {logging_mixin.py:190} INFO - [2024-11-06T10:57:17.269-1100] {dag.py:4180} INFO - Setting next_dagrun for dataset_consumes_1 to None, run_after=None
[2024-11-06T10:57:17.274-1100] {logging_mixin.py:190} INFO - [2024-11-06T10:57:17.273-1100] {dag.py:4180} INFO - Setting next_dagrun for dataset_consumes_1_and_2 to None, run_after=None
[2024-11-06T10:57:17.278-1100] {logging_mixin.py:190} INFO - [2024-11-06T10:57:17.277-1100] {dag.py:4180} INFO - Setting next_dagrun for dataset_consumes_1_never_scheduled to None, run_after=None
[2024-11-06T10:57:17.281-1100] {logging_mixin.py:190} INFO - [2024-11-06T10:57:17.281-1100] {dag.py:4180} INFO - Setting next_dagrun for dataset_consumes_unknown_never_scheduled to None, run_after=None
[2024-11-06T10:57:17.287-1100] {logging_mixin.py:190} INFO - [2024-11-06T10:57:17.287-1100] {dag.py:4180} INFO - Setting next_dagrun for dataset_produces_1 to 2024-11-05 00:00:00+00:00, run_after=2024-11-06 00:00:00+00:00
[2024-11-06T10:57:17.291-1100] {logging_mixin.py:190} INFO - [2024-11-06T10:57:17.291-1100] {dag.py:4180} INFO - Setting next_dagrun for dataset_produces_2 to None, run_after=None
[2024-11-06T10:57:17.395-1100] {processor.py:208} INFO - Processing /home/ouaillaamiri/Development/lsi_3/airflow/venv/lib/python3.11/site-packages/airflow/example_dags/example_datasets.py took 0.380 seconds
[2024-11-06T10:57:47.726-1100] {processor.py:186} INFO - Started process (PID=225164) to work on /home/ouaillaamiri/Development/lsi_3/airflow/venv/lib/python3.11/site-packages/airflow/example_dags/example_datasets.py
[2024-11-06T10:57:47.728-1100] {processor.py:914} INFO - Processing file /home/ouaillaamiri/Development/lsi_3/airflow/venv/lib/python3.11/site-packages/airflow/example_dags/example_datasets.py for tasks to queue
[2024-11-06T10:57:47.733-1100] {logging_mixin.py:190} INFO - [2024-11-06T10:57:47.732-1100] {dagbag.py:588} INFO - Filling up the DagBag from /home/ouaillaamiri/Development/lsi_3/airflow/venv/lib/python3.11/site-packages/airflow/example_dags/example_datasets.py
[2024-11-06T10:57:47.765-1100] {processor.py:925} INFO - DAG(s) 'dataset_produces_1', 'dataset_consumes_1_never_scheduled', 'dataset_consumes_1_and_2', 'conditional_dataset_and_time_based_timetable', 'dataset_produces_2', 'dataset_consumes_1', 'consume_1_or_2_with_dataset_expressions', 'consume_1_and_2_with_dataset_expressions', 'dataset_consumes_unknown_never_scheduled', 'consume_1_or_both_2_and_3_with_dataset_expressions' retrieved from /home/ouaillaamiri/Development/lsi_3/airflow/venv/lib/python3.11/site-packages/airflow/example_dags/example_datasets.py
[2024-11-06T10:57:47.878-1100] {logging_mixin.py:190} INFO - [2024-11-06T10:57:47.877-1100] {dag.py:3239} INFO - Sync 10 DAGs
[2024-11-06T10:57:47.931-1100] {logging_mixin.py:190} INFO - [2024-11-06T10:57:47.931-1100] {dag.py:4180} INFO - Setting next_dagrun for conditional_dataset_and_time_based_timetable to 2024-11-06 01:00:00+00:00, run_after=2024-11-06 01:00:00+00:00
[2024-11-06T10:57:47.940-1100] {logging_mixin.py:190} INFO - [2024-11-06T10:57:47.939-1100] {dag.py:4180} INFO - Setting next_dagrun for consume_1_and_2_with_dataset_expressions to None, run_after=None
[2024-11-06T10:57:47.943-1100] {logging_mixin.py:190} INFO - [2024-11-06T10:57:47.942-1100] {dag.py:4180} INFO - Setting next_dagrun for consume_1_or_2_with_dataset_expressions to None, run_after=None
[2024-11-06T10:57:47.946-1100] {logging_mixin.py:190} INFO - [2024-11-06T10:57:47.945-1100] {dag.py:4180} INFO - Setting next_dagrun for consume_1_or_both_2_and_3_with_dataset_expressions to None, run_after=None
[2024-11-06T10:57:47.949-1100] {logging_mixin.py:190} INFO - [2024-11-06T10:57:47.949-1100] {dag.py:4180} INFO - Setting next_dagrun for dataset_consumes_1 to None, run_after=None
[2024-11-06T10:57:47.953-1100] {logging_mixin.py:190} INFO - [2024-11-06T10:57:47.952-1100] {dag.py:4180} INFO - Setting next_dagrun for dataset_consumes_1_and_2 to None, run_after=None
[2024-11-06T10:57:47.956-1100] {logging_mixin.py:190} INFO - [2024-11-06T10:57:47.956-1100] {dag.py:4180} INFO - Setting next_dagrun for dataset_consumes_1_never_scheduled to None, run_after=None
[2024-11-06T10:57:47.959-1100] {logging_mixin.py:190} INFO - [2024-11-06T10:57:47.959-1100] {dag.py:4180} INFO - Setting next_dagrun for dataset_consumes_unknown_never_scheduled to None, run_after=None
[2024-11-06T10:57:47.964-1100] {logging_mixin.py:190} INFO - [2024-11-06T10:57:47.964-1100] {dag.py:4180} INFO - Setting next_dagrun for dataset_produces_1 to 2024-11-05 00:00:00+00:00, run_after=2024-11-06 00:00:00+00:00
[2024-11-06T10:57:47.967-1100] {logging_mixin.py:190} INFO - [2024-11-06T10:57:47.967-1100] {dag.py:4180} INFO - Setting next_dagrun for dataset_produces_2 to None, run_after=None
[2024-11-06T10:57:48.045-1100] {processor.py:208} INFO - Processing /home/ouaillaamiri/Development/lsi_3/airflow/venv/lib/python3.11/site-packages/airflow/example_dags/example_datasets.py took 0.330 seconds
[2024-11-06T10:58:18.631-1100] {processor.py:186} INFO - Started process (PID=225747) to work on /home/ouaillaamiri/Development/lsi_3/airflow/venv/lib/python3.11/site-packages/airflow/example_dags/example_datasets.py
[2024-11-06T10:58:18.632-1100] {processor.py:914} INFO - Processing file /home/ouaillaamiri/Development/lsi_3/airflow/venv/lib/python3.11/site-packages/airflow/example_dags/example_datasets.py for tasks to queue
[2024-11-06T10:58:18.635-1100] {logging_mixin.py:190} INFO - [2024-11-06T10:58:18.635-1100] {dagbag.py:588} INFO - Filling up the DagBag from /home/ouaillaamiri/Development/lsi_3/airflow/venv/lib/python3.11/site-packages/airflow/example_dags/example_datasets.py
[2024-11-06T10:58:18.664-1100] {processor.py:925} INFO - DAG(s) 'dataset_produces_2', 'consume_1_or_both_2_and_3_with_dataset_expressions', 'dataset_consumes_unknown_never_scheduled', 'dataset_consumes_1_never_scheduled', 'consume_1_and_2_with_dataset_expressions', 'dataset_produces_1', 'dataset_consumes_1_and_2', 'dataset_consumes_1', 'conditional_dataset_and_time_based_timetable', 'consume_1_or_2_with_dataset_expressions' retrieved from /home/ouaillaamiri/Development/lsi_3/airflow/venv/lib/python3.11/site-packages/airflow/example_dags/example_datasets.py
[2024-11-06T10:58:18.791-1100] {logging_mixin.py:190} INFO - [2024-11-06T10:58:18.790-1100] {dag.py:3239} INFO - Sync 10 DAGs
[2024-11-06T10:58:18.844-1100] {logging_mixin.py:190} INFO - [2024-11-06T10:58:18.844-1100] {dag.py:4180} INFO - Setting next_dagrun for conditional_dataset_and_time_based_timetable to 2024-11-06 01:00:00+00:00, run_after=2024-11-06 01:00:00+00:00
[2024-11-06T10:58:18.854-1100] {logging_mixin.py:190} INFO - [2024-11-06T10:58:18.853-1100] {dag.py:4180} INFO - Setting next_dagrun for consume_1_and_2_with_dataset_expressions to None, run_after=None
[2024-11-06T10:58:18.857-1100] {logging_mixin.py:190} INFO - [2024-11-06T10:58:18.857-1100] {dag.py:4180} INFO - Setting next_dagrun for consume_1_or_2_with_dataset_expressions to None, run_after=None
[2024-11-06T10:58:18.861-1100] {logging_mixin.py:190} INFO - [2024-11-06T10:58:18.860-1100] {dag.py:4180} INFO - Setting next_dagrun for consume_1_or_both_2_and_3_with_dataset_expressions to None, run_after=None
[2024-11-06T10:58:18.865-1100] {logging_mixin.py:190} INFO - [2024-11-06T10:58:18.864-1100] {dag.py:4180} INFO - Setting next_dagrun for dataset_consumes_1 to None, run_after=None
[2024-11-06T10:58:18.869-1100] {logging_mixin.py:190} INFO - [2024-11-06T10:58:18.868-1100] {dag.py:4180} INFO - Setting next_dagrun for dataset_consumes_1_and_2 to None, run_after=None
[2024-11-06T10:58:18.872-1100] {logging_mixin.py:190} INFO - [2024-11-06T10:58:18.872-1100] {dag.py:4180} INFO - Setting next_dagrun for dataset_consumes_1_never_scheduled to None, run_after=None
[2024-11-06T10:58:18.875-1100] {logging_mixin.py:190} INFO - [2024-11-06T10:58:18.874-1100] {dag.py:4180} INFO - Setting next_dagrun for dataset_consumes_unknown_never_scheduled to None, run_after=None
[2024-11-06T10:58:18.882-1100] {logging_mixin.py:190} INFO - [2024-11-06T10:58:18.881-1100] {dag.py:4180} INFO - Setting next_dagrun for dataset_produces_1 to 2024-11-05 00:00:00+00:00, run_after=2024-11-06 00:00:00+00:00
[2024-11-06T10:58:18.885-1100] {logging_mixin.py:190} INFO - [2024-11-06T10:58:18.885-1100] {dag.py:4180} INFO - Setting next_dagrun for dataset_produces_2 to None, run_after=None
[2024-11-06T10:58:18.970-1100] {processor.py:208} INFO - Processing /home/ouaillaamiri/Development/lsi_3/airflow/venv/lib/python3.11/site-packages/airflow/example_dags/example_datasets.py took 0.349 seconds
[2024-11-06T10:58:49.215-1100] {processor.py:186} INFO - Started process (PID=226473) to work on /home/ouaillaamiri/Development/lsi_3/airflow/venv/lib/python3.11/site-packages/airflow/example_dags/example_datasets.py
[2024-11-06T10:58:49.217-1100] {processor.py:914} INFO - Processing file /home/ouaillaamiri/Development/lsi_3/airflow/venv/lib/python3.11/site-packages/airflow/example_dags/example_datasets.py for tasks to queue
[2024-11-06T10:58:49.221-1100] {logging_mixin.py:190} INFO - [2024-11-06T10:58:49.220-1100] {dagbag.py:588} INFO - Filling up the DagBag from /home/ouaillaamiri/Development/lsi_3/airflow/venv/lib/python3.11/site-packages/airflow/example_dags/example_datasets.py
[2024-11-06T10:58:49.252-1100] {processor.py:925} INFO - DAG(s) 'dataset_consumes_unknown_never_scheduled', 'conditional_dataset_and_time_based_timetable', 'dataset_consumes_1', 'dataset_produces_1', 'consume_1_and_2_with_dataset_expressions', 'dataset_consumes_1_never_scheduled', 'dataset_consumes_1_and_2', 'dataset_produces_2', 'consume_1_or_2_with_dataset_expressions', 'consume_1_or_both_2_and_3_with_dataset_expressions' retrieved from /home/ouaillaamiri/Development/lsi_3/airflow/venv/lib/python3.11/site-packages/airflow/example_dags/example_datasets.py
[2024-11-06T10:58:49.360-1100] {logging_mixin.py:190} INFO - [2024-11-06T10:58:49.359-1100] {dag.py:3239} INFO - Sync 10 DAGs
[2024-11-06T10:58:49.405-1100] {logging_mixin.py:190} INFO - [2024-11-06T10:58:49.405-1100] {dag.py:4180} INFO - Setting next_dagrun for conditional_dataset_and_time_based_timetable to 2024-11-06 01:00:00+00:00, run_after=2024-11-06 01:00:00+00:00
[2024-11-06T10:58:49.412-1100] {logging_mixin.py:190} INFO - [2024-11-06T10:58:49.412-1100] {dag.py:4180} INFO - Setting next_dagrun for consume_1_and_2_with_dataset_expressions to None, run_after=None
[2024-11-06T10:58:49.415-1100] {logging_mixin.py:190} INFO - [2024-11-06T10:58:49.414-1100] {dag.py:4180} INFO - Setting next_dagrun for consume_1_or_2_with_dataset_expressions to None, run_after=None
[2024-11-06T10:58:49.418-1100] {logging_mixin.py:190} INFO - [2024-11-06T10:58:49.417-1100] {dag.py:4180} INFO - Setting next_dagrun for consume_1_or_both_2_and_3_with_dataset_expressions to None, run_after=None
[2024-11-06T10:58:49.421-1100] {logging_mixin.py:190} INFO - [2024-11-06T10:58:49.420-1100] {dag.py:4180} INFO - Setting next_dagrun for dataset_consumes_1 to None, run_after=None
[2024-11-06T10:58:49.423-1100] {logging_mixin.py:190} INFO - [2024-11-06T10:58:49.423-1100] {dag.py:4180} INFO - Setting next_dagrun for dataset_consumes_1_and_2 to None, run_after=None
[2024-11-06T10:58:49.426-1100] {logging_mixin.py:190} INFO - [2024-11-06T10:58:49.425-1100] {dag.py:4180} INFO - Setting next_dagrun for dataset_consumes_1_never_scheduled to None, run_after=None
[2024-11-06T10:58:49.428-1100] {logging_mixin.py:190} INFO - [2024-11-06T10:58:49.428-1100] {dag.py:4180} INFO - Setting next_dagrun for dataset_consumes_unknown_never_scheduled to None, run_after=None
[2024-11-06T10:58:49.433-1100] {logging_mixin.py:190} INFO - [2024-11-06T10:58:49.433-1100] {dag.py:4180} INFO - Setting next_dagrun for dataset_produces_1 to 2024-11-05 00:00:00+00:00, run_after=2024-11-06 00:00:00+00:00
[2024-11-06T10:58:49.436-1100] {logging_mixin.py:190} INFO - [2024-11-06T10:58:49.436-1100] {dag.py:4180} INFO - Setting next_dagrun for dataset_produces_2 to None, run_after=None
[2024-11-06T10:58:49.503-1100] {processor.py:208} INFO - Processing /home/ouaillaamiri/Development/lsi_3/airflow/venv/lib/python3.11/site-packages/airflow/example_dags/example_datasets.py took 0.298 seconds
[2024-11-06T10:59:20.079-1100] {processor.py:186} INFO - Started process (PID=227175) to work on /home/ouaillaamiri/Development/lsi_3/airflow/venv/lib/python3.11/site-packages/airflow/example_dags/example_datasets.py
[2024-11-06T10:59:20.081-1100] {processor.py:914} INFO - Processing file /home/ouaillaamiri/Development/lsi_3/airflow/venv/lib/python3.11/site-packages/airflow/example_dags/example_datasets.py for tasks to queue
[2024-11-06T10:59:20.084-1100] {logging_mixin.py:190} INFO - [2024-11-06T10:59:20.084-1100] {dagbag.py:588} INFO - Filling up the DagBag from /home/ouaillaamiri/Development/lsi_3/airflow/venv/lib/python3.11/site-packages/airflow/example_dags/example_datasets.py
[2024-11-06T10:59:20.111-1100] {processor.py:925} INFO - DAG(s) 'dataset_consumes_1', 'dataset_consumes_unknown_never_scheduled', 'dataset_consumes_1_never_scheduled', 'consume_1_or_2_with_dataset_expressions', 'consume_1_and_2_with_dataset_expressions', 'dataset_produces_2', 'dataset_consumes_1_and_2', 'dataset_produces_1', 'conditional_dataset_and_time_based_timetable', 'consume_1_or_both_2_and_3_with_dataset_expressions' retrieved from /home/ouaillaamiri/Development/lsi_3/airflow/venv/lib/python3.11/site-packages/airflow/example_dags/example_datasets.py
[2024-11-06T10:59:20.216-1100] {logging_mixin.py:190} INFO - [2024-11-06T10:59:20.215-1100] {dag.py:3239} INFO - Sync 10 DAGs
[2024-11-06T10:59:20.262-1100] {logging_mixin.py:190} INFO - [2024-11-06T10:59:20.262-1100] {dag.py:4180} INFO - Setting next_dagrun for conditional_dataset_and_time_based_timetable to 2024-11-06 01:00:00+00:00, run_after=2024-11-06 01:00:00+00:00
[2024-11-06T10:59:20.269-1100] {logging_mixin.py:190} INFO - [2024-11-06T10:59:20.269-1100] {dag.py:4180} INFO - Setting next_dagrun for consume_1_and_2_with_dataset_expressions to None, run_after=None
[2024-11-06T10:59:20.273-1100] {logging_mixin.py:190} INFO - [2024-11-06T10:59:20.272-1100] {dag.py:4180} INFO - Setting next_dagrun for consume_1_or_2_with_dataset_expressions to None, run_after=None
[2024-11-06T10:59:20.276-1100] {logging_mixin.py:190} INFO - [2024-11-06T10:59:20.275-1100] {dag.py:4180} INFO - Setting next_dagrun for consume_1_or_both_2_and_3_with_dataset_expressions to None, run_after=None
[2024-11-06T10:59:20.278-1100] {logging_mixin.py:190} INFO - [2024-11-06T10:59:20.278-1100] {dag.py:4180} INFO - Setting next_dagrun for dataset_consumes_1 to None, run_after=None
[2024-11-06T10:59:20.281-1100] {logging_mixin.py:190} INFO - [2024-11-06T10:59:20.281-1100] {dag.py:4180} INFO - Setting next_dagrun for dataset_consumes_1_and_2 to None, run_after=None
[2024-11-06T10:59:20.284-1100] {logging_mixin.py:190} INFO - [2024-11-06T10:59:20.284-1100] {dag.py:4180} INFO - Setting next_dagrun for dataset_consumes_1_never_scheduled to None, run_after=None
[2024-11-06T10:59:20.287-1100] {logging_mixin.py:190} INFO - [2024-11-06T10:59:20.287-1100] {dag.py:4180} INFO - Setting next_dagrun for dataset_consumes_unknown_never_scheduled to None, run_after=None
[2024-11-06T10:59:20.292-1100] {logging_mixin.py:190} INFO - [2024-11-06T10:59:20.291-1100] {dag.py:4180} INFO - Setting next_dagrun for dataset_produces_1 to 2024-11-05 00:00:00+00:00, run_after=2024-11-06 00:00:00+00:00
[2024-11-06T10:59:20.294-1100] {logging_mixin.py:190} INFO - [2024-11-06T10:59:20.294-1100] {dag.py:4180} INFO - Setting next_dagrun for dataset_produces_2 to None, run_after=None
[2024-11-06T10:59:20.359-1100] {processor.py:208} INFO - Processing /home/ouaillaamiri/Development/lsi_3/airflow/venv/lib/python3.11/site-packages/airflow/example_dags/example_datasets.py took 0.292 seconds
[2024-11-06T10:59:51.491-1100] {processor.py:186} INFO - Started process (PID=227571) to work on /home/ouaillaamiri/Development/lsi_3/airflow/venv/lib/python3.11/site-packages/airflow/example_dags/example_datasets.py
[2024-11-06T10:59:51.493-1100] {processor.py:914} INFO - Processing file /home/ouaillaamiri/Development/lsi_3/airflow/venv/lib/python3.11/site-packages/airflow/example_dags/example_datasets.py for tasks to queue
[2024-11-06T10:59:51.498-1100] {logging_mixin.py:190} INFO - [2024-11-06T10:59:51.497-1100] {dagbag.py:588} INFO - Filling up the DagBag from /home/ouaillaamiri/Development/lsi_3/airflow/venv/lib/python3.11/site-packages/airflow/example_dags/example_datasets.py
[2024-11-06T10:59:51.531-1100] {processor.py:925} INFO - DAG(s) 'consume_1_or_both_2_and_3_with_dataset_expressions', 'dataset_consumes_1', 'consume_1_or_2_with_dataset_expressions', 'dataset_produces_2', 'dataset_consumes_1_and_2', 'dataset_consumes_1_never_scheduled', 'dataset_consumes_unknown_never_scheduled', 'dataset_produces_1', 'conditional_dataset_and_time_based_timetable', 'consume_1_and_2_with_dataset_expressions' retrieved from /home/ouaillaamiri/Development/lsi_3/airflow/venv/lib/python3.11/site-packages/airflow/example_dags/example_datasets.py
[2024-11-06T10:59:51.646-1100] {logging_mixin.py:190} INFO - [2024-11-06T10:59:51.646-1100] {dag.py:3239} INFO - Sync 10 DAGs
[2024-11-06T10:59:51.701-1100] {logging_mixin.py:190} INFO - [2024-11-06T10:59:51.701-1100] {dag.py:4180} INFO - Setting next_dagrun for conditional_dataset_and_time_based_timetable to 2024-11-06 01:00:00+00:00, run_after=2024-11-06 01:00:00+00:00
[2024-11-06T10:59:51.709-1100] {logging_mixin.py:190} INFO - [2024-11-06T10:59:51.709-1100] {dag.py:4180} INFO - Setting next_dagrun for consume_1_and_2_with_dataset_expressions to None, run_after=None
[2024-11-06T10:59:51.712-1100] {logging_mixin.py:190} INFO - [2024-11-06T10:59:51.712-1100] {dag.py:4180} INFO - Setting next_dagrun for consume_1_or_2_with_dataset_expressions to None, run_after=None
[2024-11-06T10:59:51.715-1100] {logging_mixin.py:190} INFO - [2024-11-06T10:59:51.715-1100] {dag.py:4180} INFO - Setting next_dagrun for consume_1_or_both_2_and_3_with_dataset_expressions to None, run_after=None
[2024-11-06T10:59:51.718-1100] {logging_mixin.py:190} INFO - [2024-11-06T10:59:51.718-1100] {dag.py:4180} INFO - Setting next_dagrun for dataset_consumes_1 to None, run_after=None
[2024-11-06T10:59:51.721-1100] {logging_mixin.py:190} INFO - [2024-11-06T10:59:51.721-1100] {dag.py:4180} INFO - Setting next_dagrun for dataset_consumes_1_and_2 to None, run_after=None
[2024-11-06T10:59:51.724-1100] {logging_mixin.py:190} INFO - [2024-11-06T10:59:51.724-1100] {dag.py:4180} INFO - Setting next_dagrun for dataset_consumes_1_never_scheduled to None, run_after=None
[2024-11-06T10:59:51.727-1100] {logging_mixin.py:190} INFO - [2024-11-06T10:59:51.726-1100] {dag.py:4180} INFO - Setting next_dagrun for dataset_consumes_unknown_never_scheduled to None, run_after=None
[2024-11-06T10:59:51.732-1100] {logging_mixin.py:190} INFO - [2024-11-06T10:59:51.731-1100] {dag.py:4180} INFO - Setting next_dagrun for dataset_produces_1 to 2024-11-05 00:00:00+00:00, run_after=2024-11-06 00:00:00+00:00
[2024-11-06T10:59:51.735-1100] {logging_mixin.py:190} INFO - [2024-11-06T10:59:51.734-1100] {dag.py:4180} INFO - Setting next_dagrun for dataset_produces_2 to None, run_after=None
[2024-11-06T10:59:51.802-1100] {processor.py:208} INFO - Processing /home/ouaillaamiri/Development/lsi_3/airflow/venv/lib/python3.11/site-packages/airflow/example_dags/example_datasets.py took 0.324 seconds
[2024-11-06T11:00:57.788-1100] {processor.py:186} INFO - Started process (PID=228752) to work on /home/ouaillaamiri/Development/lsi_3/airflow/venv/lib/python3.11/site-packages/airflow/example_dags/example_datasets.py
[2024-11-06T11:00:57.791-1100] {processor.py:914} INFO - Processing file /home/ouaillaamiri/Development/lsi_3/airflow/venv/lib/python3.11/site-packages/airflow/example_dags/example_datasets.py for tasks to queue
[2024-11-06T11:00:57.797-1100] {logging_mixin.py:190} INFO - [2024-11-06T11:00:57.796-1100] {dagbag.py:588} INFO - Filling up the DagBag from /home/ouaillaamiri/Development/lsi_3/airflow/venv/lib/python3.11/site-packages/airflow/example_dags/example_datasets.py
[2024-11-06T11:00:57.830-1100] {processor.py:925} INFO - DAG(s) 'consume_1_or_2_with_dataset_expressions', 'consume_1_and_2_with_dataset_expressions', 'conditional_dataset_and_time_based_timetable', 'dataset_consumes_unknown_never_scheduled', 'consume_1_or_both_2_and_3_with_dataset_expressions', 'dataset_produces_1', 'dataset_produces_2', 'dataset_consumes_1', 'dataset_consumes_1_and_2', 'dataset_consumes_1_never_scheduled' retrieved from /home/ouaillaamiri/Development/lsi_3/airflow/venv/lib/python3.11/site-packages/airflow/example_dags/example_datasets.py
[2024-11-06T11:00:57.947-1100] {logging_mixin.py:190} INFO - [2024-11-06T11:00:57.946-1100] {dag.py:3239} INFO - Sync 10 DAGs
[2024-11-06T11:00:57.995-1100] {logging_mixin.py:190} INFO - [2024-11-06T11:00:57.995-1100] {dag.py:4180} INFO - Setting next_dagrun for conditional_dataset_and_time_based_timetable to 2024-11-06 01:00:00+00:00, run_after=2024-11-06 01:00:00+00:00
[2024-11-06T11:00:58.003-1100] {logging_mixin.py:190} INFO - [2024-11-06T11:00:58.002-1100] {dag.py:4180} INFO - Setting next_dagrun for consume_1_and_2_with_dataset_expressions to None, run_after=None
[2024-11-06T11:00:58.006-1100] {logging_mixin.py:190} INFO - [2024-11-06T11:00:58.005-1100] {dag.py:4180} INFO - Setting next_dagrun for consume_1_or_2_with_dataset_expressions to None, run_after=None
[2024-11-06T11:00:58.009-1100] {logging_mixin.py:190} INFO - [2024-11-06T11:00:58.008-1100] {dag.py:4180} INFO - Setting next_dagrun for consume_1_or_both_2_and_3_with_dataset_expressions to None, run_after=None
[2024-11-06T11:00:58.011-1100] {logging_mixin.py:190} INFO - [2024-11-06T11:00:58.011-1100] {dag.py:4180} INFO - Setting next_dagrun for dataset_consumes_1 to None, run_after=None
[2024-11-06T11:00:58.014-1100] {logging_mixin.py:190} INFO - [2024-11-06T11:00:58.014-1100] {dag.py:4180} INFO - Setting next_dagrun for dataset_consumes_1_and_2 to None, run_after=None
[2024-11-06T11:00:58.017-1100] {logging_mixin.py:190} INFO - [2024-11-06T11:00:58.017-1100] {dag.py:4180} INFO - Setting next_dagrun for dataset_consumes_1_never_scheduled to None, run_after=None
[2024-11-06T11:00:58.021-1100] {logging_mixin.py:190} INFO - [2024-11-06T11:00:58.020-1100] {dag.py:4180} INFO - Setting next_dagrun for dataset_consumes_unknown_never_scheduled to None, run_after=None
[2024-11-06T11:00:58.025-1100] {logging_mixin.py:190} INFO - [2024-11-06T11:00:58.025-1100] {dag.py:4180} INFO - Setting next_dagrun for dataset_produces_1 to 2024-11-05 00:00:00+00:00, run_after=2024-11-06 00:00:00+00:00
[2024-11-06T11:00:58.028-1100] {logging_mixin.py:190} INFO - [2024-11-06T11:00:58.028-1100] {dag.py:4180} INFO - Setting next_dagrun for dataset_produces_2 to None, run_after=None
[2024-11-06T11:00:58.100-1100] {processor.py:208} INFO - Processing /home/ouaillaamiri/Development/lsi_3/airflow/venv/lib/python3.11/site-packages/airflow/example_dags/example_datasets.py took 0.330 seconds
[2024-11-06T11:01:28.486-1100] {processor.py:186} INFO - Started process (PID=229356) to work on /home/ouaillaamiri/Development/lsi_3/airflow/venv/lib/python3.11/site-packages/airflow/example_dags/example_datasets.py
[2024-11-06T11:01:28.488-1100] {processor.py:914} INFO - Processing file /home/ouaillaamiri/Development/lsi_3/airflow/venv/lib/python3.11/site-packages/airflow/example_dags/example_datasets.py for tasks to queue
[2024-11-06T11:01:28.492-1100] {logging_mixin.py:190} INFO - [2024-11-06T11:01:28.491-1100] {dagbag.py:588} INFO - Filling up the DagBag from /home/ouaillaamiri/Development/lsi_3/airflow/venv/lib/python3.11/site-packages/airflow/example_dags/example_datasets.py
[2024-11-06T11:01:28.518-1100] {processor.py:925} INFO - DAG(s) 'dataset_consumes_1_and_2', 'consume_1_or_both_2_and_3_with_dataset_expressions', 'conditional_dataset_and_time_based_timetable', 'dataset_produces_2', 'consume_1_or_2_with_dataset_expressions', 'consume_1_and_2_with_dataset_expressions', 'dataset_consumes_unknown_never_scheduled', 'dataset_produces_1', 'dataset_consumes_1', 'dataset_consumes_1_never_scheduled' retrieved from /home/ouaillaamiri/Development/lsi_3/airflow/venv/lib/python3.11/site-packages/airflow/example_dags/example_datasets.py
[2024-11-06T11:01:28.643-1100] {logging_mixin.py:190} INFO - [2024-11-06T11:01:28.642-1100] {dag.py:3239} INFO - Sync 10 DAGs
[2024-11-06T11:01:28.714-1100] {logging_mixin.py:190} INFO - [2024-11-06T11:01:28.714-1100] {dag.py:4180} INFO - Setting next_dagrun for conditional_dataset_and_time_based_timetable to 2024-11-06 01:00:00+00:00, run_after=2024-11-06 01:00:00+00:00
[2024-11-06T11:01:28.726-1100] {logging_mixin.py:190} INFO - [2024-11-06T11:01:28.726-1100] {dag.py:4180} INFO - Setting next_dagrun for consume_1_and_2_with_dataset_expressions to None, run_after=None
[2024-11-06T11:01:28.730-1100] {logging_mixin.py:190} INFO - [2024-11-06T11:01:28.730-1100] {dag.py:4180} INFO - Setting next_dagrun for consume_1_or_2_with_dataset_expressions to None, run_after=None
[2024-11-06T11:01:28.734-1100] {logging_mixin.py:190} INFO - [2024-11-06T11:01:28.734-1100] {dag.py:4180} INFO - Setting next_dagrun for consume_1_or_both_2_and_3_with_dataset_expressions to None, run_after=None
[2024-11-06T11:01:28.738-1100] {logging_mixin.py:190} INFO - [2024-11-06T11:01:28.738-1100] {dag.py:4180} INFO - Setting next_dagrun for dataset_consumes_1 to None, run_after=None
[2024-11-06T11:01:28.742-1100] {logging_mixin.py:190} INFO - [2024-11-06T11:01:28.741-1100] {dag.py:4180} INFO - Setting next_dagrun for dataset_consumes_1_and_2 to None, run_after=None
[2024-11-06T11:01:28.745-1100] {logging_mixin.py:190} INFO - [2024-11-06T11:01:28.745-1100] {dag.py:4180} INFO - Setting next_dagrun for dataset_consumes_1_never_scheduled to None, run_after=None
[2024-11-06T11:01:28.751-1100] {logging_mixin.py:190} INFO - [2024-11-06T11:01:28.750-1100] {dag.py:4180} INFO - Setting next_dagrun for dataset_consumes_unknown_never_scheduled to None, run_after=None
[2024-11-06T11:01:28.758-1100] {logging_mixin.py:190} INFO - [2024-11-06T11:01:28.758-1100] {dag.py:4180} INFO - Setting next_dagrun for dataset_produces_1 to 2024-11-05 00:00:00+00:00, run_after=2024-11-06 00:00:00+00:00
[2024-11-06T11:01:28.762-1100] {logging_mixin.py:190} INFO - [2024-11-06T11:01:28.761-1100] {dag.py:4180} INFO - Setting next_dagrun for dataset_produces_2 to None, run_after=None
[2024-11-06T11:01:28.837-1100] {processor.py:208} INFO - Processing /home/ouaillaamiri/Development/lsi_3/airflow/venv/lib/python3.11/site-packages/airflow/example_dags/example_datasets.py took 0.362 seconds
[2024-11-06T11:01:59.016-1100] {processor.py:186} INFO - Started process (PID=229724) to work on /home/ouaillaamiri/Development/lsi_3/airflow/venv/lib/python3.11/site-packages/airflow/example_dags/example_datasets.py
[2024-11-06T11:01:59.019-1100] {processor.py:914} INFO - Processing file /home/ouaillaamiri/Development/lsi_3/airflow/venv/lib/python3.11/site-packages/airflow/example_dags/example_datasets.py for tasks to queue
[2024-11-06T11:01:59.023-1100] {logging_mixin.py:190} INFO - [2024-11-06T11:01:59.022-1100] {dagbag.py:588} INFO - Filling up the DagBag from /home/ouaillaamiri/Development/lsi_3/airflow/venv/lib/python3.11/site-packages/airflow/example_dags/example_datasets.py
[2024-11-06T11:01:59.056-1100] {processor.py:925} INFO - DAG(s) 'dataset_consumes_1_and_2', 'dataset_consumes_unknown_never_scheduled', 'consume_1_and_2_with_dataset_expressions', 'dataset_consumes_1', 'conditional_dataset_and_time_based_timetable', 'dataset_consumes_1_never_scheduled', 'consume_1_or_both_2_and_3_with_dataset_expressions', 'consume_1_or_2_with_dataset_expressions', 'dataset_produces_2', 'dataset_produces_1' retrieved from /home/ouaillaamiri/Development/lsi_3/airflow/venv/lib/python3.11/site-packages/airflow/example_dags/example_datasets.py
[2024-11-06T11:01:59.174-1100] {logging_mixin.py:190} INFO - [2024-11-06T11:01:59.173-1100] {dag.py:3239} INFO - Sync 10 DAGs
[2024-11-06T11:01:59.229-1100] {logging_mixin.py:190} INFO - [2024-11-06T11:01:59.229-1100] {dag.py:4180} INFO - Setting next_dagrun for conditional_dataset_and_time_based_timetable to 2024-11-06 01:00:00+00:00, run_after=2024-11-06 01:00:00+00:00
[2024-11-06T11:01:59.241-1100] {logging_mixin.py:190} INFO - [2024-11-06T11:01:59.240-1100] {dag.py:4180} INFO - Setting next_dagrun for consume_1_and_2_with_dataset_expressions to None, run_after=None
[2024-11-06T11:01:59.243-1100] {logging_mixin.py:190} INFO - [2024-11-06T11:01:59.243-1100] {dag.py:4180} INFO - Setting next_dagrun for consume_1_or_2_with_dataset_expressions to None, run_after=None
[2024-11-06T11:01:59.246-1100] {logging_mixin.py:190} INFO - [2024-11-06T11:01:59.246-1100] {dag.py:4180} INFO - Setting next_dagrun for consume_1_or_both_2_and_3_with_dataset_expressions to None, run_after=None
[2024-11-06T11:01:59.249-1100] {logging_mixin.py:190} INFO - [2024-11-06T11:01:59.248-1100] {dag.py:4180} INFO - Setting next_dagrun for dataset_consumes_1 to None, run_after=None
[2024-11-06T11:01:59.251-1100] {logging_mixin.py:190} INFO - [2024-11-06T11:01:59.251-1100] {dag.py:4180} INFO - Setting next_dagrun for dataset_consumes_1_and_2 to None, run_after=None
[2024-11-06T11:01:59.255-1100] {logging_mixin.py:190} INFO - [2024-11-06T11:01:59.254-1100] {dag.py:4180} INFO - Setting next_dagrun for dataset_consumes_1_never_scheduled to None, run_after=None
[2024-11-06T11:01:59.258-1100] {logging_mixin.py:190} INFO - [2024-11-06T11:01:59.257-1100] {dag.py:4180} INFO - Setting next_dagrun for dataset_consumes_unknown_never_scheduled to None, run_after=None
[2024-11-06T11:01:59.263-1100] {logging_mixin.py:190} INFO - [2024-11-06T11:01:59.262-1100] {dag.py:4180} INFO - Setting next_dagrun for dataset_produces_1 to 2024-11-05 00:00:00+00:00, run_after=2024-11-06 00:00:00+00:00
[2024-11-06T11:01:59.266-1100] {logging_mixin.py:190} INFO - [2024-11-06T11:01:59.265-1100] {dag.py:4180} INFO - Setting next_dagrun for dataset_produces_2 to None, run_after=None
[2024-11-06T11:01:59.348-1100] {processor.py:208} INFO - Processing /home/ouaillaamiri/Development/lsi_3/airflow/venv/lib/python3.11/site-packages/airflow/example_dags/example_datasets.py took 0.345 seconds
[2024-11-06T11:02:29.499-1100] {processor.py:186} INFO - Started process (PID=230313) to work on /home/ouaillaamiri/Development/lsi_3/airflow/venv/lib/python3.11/site-packages/airflow/example_dags/example_datasets.py
[2024-11-06T11:02:29.500-1100] {processor.py:914} INFO - Processing file /home/ouaillaamiri/Development/lsi_3/airflow/venv/lib/python3.11/site-packages/airflow/example_dags/example_datasets.py for tasks to queue
[2024-11-06T11:02:29.504-1100] {logging_mixin.py:190} INFO - [2024-11-06T11:02:29.504-1100] {dagbag.py:588} INFO - Filling up the DagBag from /home/ouaillaamiri/Development/lsi_3/airflow/venv/lib/python3.11/site-packages/airflow/example_dags/example_datasets.py
[2024-11-06T11:02:29.534-1100] {processor.py:925} INFO - DAG(s) 'dataset_consumes_1_and_2', 'dataset_produces_2', 'dataset_produces_1', 'consume_1_or_both_2_and_3_with_dataset_expressions', 'conditional_dataset_and_time_based_timetable', 'dataset_consumes_unknown_never_scheduled', 'dataset_consumes_1_never_scheduled', 'consume_1_and_2_with_dataset_expressions', 'dataset_consumes_1', 'consume_1_or_2_with_dataset_expressions' retrieved from /home/ouaillaamiri/Development/lsi_3/airflow/venv/lib/python3.11/site-packages/airflow/example_dags/example_datasets.py
[2024-11-06T11:02:29.654-1100] {logging_mixin.py:190} INFO - [2024-11-06T11:02:29.653-1100] {dag.py:3239} INFO - Sync 10 DAGs
[2024-11-06T11:02:29.710-1100] {logging_mixin.py:190} INFO - [2024-11-06T11:02:29.709-1100] {dag.py:4180} INFO - Setting next_dagrun for conditional_dataset_and_time_based_timetable to 2024-11-06 01:00:00+00:00, run_after=2024-11-06 01:00:00+00:00
[2024-11-06T11:02:29.718-1100] {logging_mixin.py:190} INFO - [2024-11-06T11:02:29.718-1100] {dag.py:4180} INFO - Setting next_dagrun for consume_1_and_2_with_dataset_expressions to None, run_after=None
[2024-11-06T11:02:29.722-1100] {logging_mixin.py:190} INFO - [2024-11-06T11:02:29.722-1100] {dag.py:4180} INFO - Setting next_dagrun for consume_1_or_2_with_dataset_expressions to None, run_after=None
[2024-11-06T11:02:29.725-1100] {logging_mixin.py:190} INFO - [2024-11-06T11:02:29.725-1100] {dag.py:4180} INFO - Setting next_dagrun for consume_1_or_both_2_and_3_with_dataset_expressions to None, run_after=None
[2024-11-06T11:02:29.729-1100] {logging_mixin.py:190} INFO - [2024-11-06T11:02:29.728-1100] {dag.py:4180} INFO - Setting next_dagrun for dataset_consumes_1 to None, run_after=None
[2024-11-06T11:02:29.732-1100] {logging_mixin.py:190} INFO - [2024-11-06T11:02:29.731-1100] {dag.py:4180} INFO - Setting next_dagrun for dataset_consumes_1_and_2 to None, run_after=None
[2024-11-06T11:02:29.736-1100] {logging_mixin.py:190} INFO - [2024-11-06T11:02:29.735-1100] {dag.py:4180} INFO - Setting next_dagrun for dataset_consumes_1_never_scheduled to None, run_after=None
[2024-11-06T11:02:29.740-1100] {logging_mixin.py:190} INFO - [2024-11-06T11:02:29.739-1100] {dag.py:4180} INFO - Setting next_dagrun for dataset_consumes_unknown_never_scheduled to None, run_after=None
[2024-11-06T11:02:29.748-1100] {logging_mixin.py:190} INFO - [2024-11-06T11:02:29.747-1100] {dag.py:4180} INFO - Setting next_dagrun for dataset_produces_1 to 2024-11-05 00:00:00+00:00, run_after=2024-11-06 00:00:00+00:00
[2024-11-06T11:02:29.753-1100] {logging_mixin.py:190} INFO - [2024-11-06T11:02:29.752-1100] {dag.py:4180} INFO - Setting next_dagrun for dataset_produces_2 to None, run_after=None
[2024-11-06T11:02:29.835-1100] {processor.py:208} INFO - Processing /home/ouaillaamiri/Development/lsi_3/airflow/venv/lib/python3.11/site-packages/airflow/example_dags/example_datasets.py took 0.347 seconds
[2024-11-06T11:03:00.530-1100] {processor.py:186} INFO - Started process (PID=231307) to work on /home/ouaillaamiri/Development/lsi_3/airflow/venv/lib/python3.11/site-packages/airflow/example_dags/example_datasets.py
[2024-11-06T11:03:00.533-1100] {processor.py:914} INFO - Processing file /home/ouaillaamiri/Development/lsi_3/airflow/venv/lib/python3.11/site-packages/airflow/example_dags/example_datasets.py for tasks to queue
[2024-11-06T11:03:00.537-1100] {logging_mixin.py:190} INFO - [2024-11-06T11:03:00.536-1100] {dagbag.py:588} INFO - Filling up the DagBag from /home/ouaillaamiri/Development/lsi_3/airflow/venv/lib/python3.11/site-packages/airflow/example_dags/example_datasets.py
[2024-11-06T11:03:00.573-1100] {processor.py:925} INFO - DAG(s) 'consume_1_and_2_with_dataset_expressions', 'consume_1_or_both_2_and_3_with_dataset_expressions', 'dataset_produces_2', 'conditional_dataset_and_time_based_timetable', 'dataset_consumes_1_and_2', 'consume_1_or_2_with_dataset_expressions', 'dataset_produces_1', 'dataset_consumes_1', 'dataset_consumes_1_never_scheduled', 'dataset_consumes_unknown_never_scheduled' retrieved from /home/ouaillaamiri/Development/lsi_3/airflow/venv/lib/python3.11/site-packages/airflow/example_dags/example_datasets.py
[2024-11-06T11:03:00.706-1100] {logging_mixin.py:190} INFO - [2024-11-06T11:03:00.705-1100] {dag.py:3239} INFO - Sync 10 DAGs
[2024-11-06T11:03:00.760-1100] {logging_mixin.py:190} INFO - [2024-11-06T11:03:00.759-1100] {dag.py:4180} INFO - Setting next_dagrun for conditional_dataset_and_time_based_timetable to 2024-11-06 01:00:00+00:00, run_after=2024-11-06 01:00:00+00:00
[2024-11-06T11:03:00.768-1100] {logging_mixin.py:190} INFO - [2024-11-06T11:03:00.768-1100] {dag.py:4180} INFO - Setting next_dagrun for consume_1_and_2_with_dataset_expressions to None, run_after=None
[2024-11-06T11:03:00.773-1100] {logging_mixin.py:190} INFO - [2024-11-06T11:03:00.772-1100] {dag.py:4180} INFO - Setting next_dagrun for consume_1_or_2_with_dataset_expressions to None, run_after=None
[2024-11-06T11:03:00.776-1100] {logging_mixin.py:190} INFO - [2024-11-06T11:03:00.775-1100] {dag.py:4180} INFO - Setting next_dagrun for consume_1_or_both_2_and_3_with_dataset_expressions to None, run_after=None
[2024-11-06T11:03:00.780-1100] {logging_mixin.py:190} INFO - [2024-11-06T11:03:00.779-1100] {dag.py:4180} INFO - Setting next_dagrun for dataset_consumes_1 to None, run_after=None
[2024-11-06T11:03:00.783-1100] {logging_mixin.py:190} INFO - [2024-11-06T11:03:00.782-1100] {dag.py:4180} INFO - Setting next_dagrun for dataset_consumes_1_and_2 to None, run_after=None
[2024-11-06T11:03:00.787-1100] {logging_mixin.py:190} INFO - [2024-11-06T11:03:00.786-1100] {dag.py:4180} INFO - Setting next_dagrun for dataset_consumes_1_never_scheduled to None, run_after=None
[2024-11-06T11:03:00.790-1100] {logging_mixin.py:190} INFO - [2024-11-06T11:03:00.790-1100] {dag.py:4180} INFO - Setting next_dagrun for dataset_consumes_unknown_never_scheduled to None, run_after=None
[2024-11-06T11:03:00.798-1100] {logging_mixin.py:190} INFO - [2024-11-06T11:03:00.797-1100] {dag.py:4180} INFO - Setting next_dagrun for dataset_produces_1 to 2024-11-05 00:00:00+00:00, run_after=2024-11-06 00:00:00+00:00
[2024-11-06T11:03:00.801-1100] {logging_mixin.py:190} INFO - [2024-11-06T11:03:00.800-1100] {dag.py:4180} INFO - Setting next_dagrun for dataset_produces_2 to None, run_after=None
[2024-11-06T11:03:00.900-1100] {processor.py:208} INFO - Processing /home/ouaillaamiri/Development/lsi_3/airflow/venv/lib/python3.11/site-packages/airflow/example_dags/example_datasets.py took 0.382 seconds
[2024-11-06T11:03:31.594-1100] {processor.py:186} INFO - Started process (PID=231725) to work on /home/ouaillaamiri/Development/lsi_3/airflow/venv/lib/python3.11/site-packages/airflow/example_dags/example_datasets.py
[2024-11-06T11:03:31.596-1100] {processor.py:914} INFO - Processing file /home/ouaillaamiri/Development/lsi_3/airflow/venv/lib/python3.11/site-packages/airflow/example_dags/example_datasets.py for tasks to queue
[2024-11-06T11:03:31.603-1100] {logging_mixin.py:190} INFO - [2024-11-06T11:03:31.602-1100] {dagbag.py:588} INFO - Filling up the DagBag from /home/ouaillaamiri/Development/lsi_3/airflow/venv/lib/python3.11/site-packages/airflow/example_dags/example_datasets.py
[2024-11-06T11:03:31.654-1100] {processor.py:925} INFO - DAG(s) 'dataset_consumes_1_and_2', 'conditional_dataset_and_time_based_timetable', 'dataset_consumes_1_never_scheduled', 'consume_1_or_2_with_dataset_expressions', 'consume_1_or_both_2_and_3_with_dataset_expressions', 'dataset_consumes_unknown_never_scheduled', 'dataset_produces_1', 'dataset_consumes_1', 'dataset_produces_2', 'consume_1_and_2_with_dataset_expressions' retrieved from /home/ouaillaamiri/Development/lsi_3/airflow/venv/lib/python3.11/site-packages/airflow/example_dags/example_datasets.py
[2024-11-06T11:03:31.848-1100] {logging_mixin.py:190} INFO - [2024-11-06T11:03:31.847-1100] {dag.py:3239} INFO - Sync 10 DAGs
[2024-11-06T11:03:31.939-1100] {logging_mixin.py:190} INFO - [2024-11-06T11:03:31.938-1100] {dag.py:4180} INFO - Setting next_dagrun for conditional_dataset_and_time_based_timetable to 2024-11-06 01:00:00+00:00, run_after=2024-11-06 01:00:00+00:00
[2024-11-06T11:03:31.950-1100] {logging_mixin.py:190} INFO - [2024-11-06T11:03:31.949-1100] {dag.py:4180} INFO - Setting next_dagrun for consume_1_and_2_with_dataset_expressions to None, run_after=None
[2024-11-06T11:03:31.955-1100] {logging_mixin.py:190} INFO - [2024-11-06T11:03:31.954-1100] {dag.py:4180} INFO - Setting next_dagrun for consume_1_or_2_with_dataset_expressions to None, run_after=None
[2024-11-06T11:03:31.959-1100] {logging_mixin.py:190} INFO - [2024-11-06T11:03:31.958-1100] {dag.py:4180} INFO - Setting next_dagrun for consume_1_or_both_2_and_3_with_dataset_expressions to None, run_after=None
[2024-11-06T11:03:31.964-1100] {logging_mixin.py:190} INFO - [2024-11-06T11:03:31.963-1100] {dag.py:4180} INFO - Setting next_dagrun for dataset_consumes_1 to None, run_after=None
[2024-11-06T11:03:31.968-1100] {logging_mixin.py:190} INFO - [2024-11-06T11:03:31.967-1100] {dag.py:4180} INFO - Setting next_dagrun for dataset_consumes_1_and_2 to None, run_after=None
[2024-11-06T11:03:31.972-1100] {logging_mixin.py:190} INFO - [2024-11-06T11:03:31.972-1100] {dag.py:4180} INFO - Setting next_dagrun for dataset_consumes_1_never_scheduled to None, run_after=None
[2024-11-06T11:03:31.977-1100] {logging_mixin.py:190} INFO - [2024-11-06T11:03:31.976-1100] {dag.py:4180} INFO - Setting next_dagrun for dataset_consumes_unknown_never_scheduled to None, run_after=None
[2024-11-06T11:03:31.985-1100] {logging_mixin.py:190} INFO - [2024-11-06T11:03:31.984-1100] {dag.py:4180} INFO - Setting next_dagrun for dataset_produces_1 to 2024-11-05 00:00:00+00:00, run_after=2024-11-06 00:00:00+00:00
[2024-11-06T11:03:31.989-1100] {logging_mixin.py:190} INFO - [2024-11-06T11:03:31.988-1100] {dag.py:4180} INFO - Setting next_dagrun for dataset_produces_2 to None, run_after=None
[2024-11-06T11:03:32.109-1100] {processor.py:208} INFO - Processing /home/ouaillaamiri/Development/lsi_3/airflow/venv/lib/python3.11/site-packages/airflow/example_dags/example_datasets.py took 0.532 seconds
[2024-11-06T11:04:02.218-1100] {processor.py:186} INFO - Started process (PID=232347) to work on /home/ouaillaamiri/Development/lsi_3/airflow/venv/lib/python3.11/site-packages/airflow/example_dags/example_datasets.py
[2024-11-06T11:04:02.220-1100] {processor.py:914} INFO - Processing file /home/ouaillaamiri/Development/lsi_3/airflow/venv/lib/python3.11/site-packages/airflow/example_dags/example_datasets.py for tasks to queue
[2024-11-06T11:04:02.225-1100] {logging_mixin.py:190} INFO - [2024-11-06T11:04:02.224-1100] {dagbag.py:588} INFO - Filling up the DagBag from /home/ouaillaamiri/Development/lsi_3/airflow/venv/lib/python3.11/site-packages/airflow/example_dags/example_datasets.py
[2024-11-06T11:04:02.251-1100] {processor.py:925} INFO - DAG(s) 'dataset_consumes_1', 'consume_1_or_both_2_and_3_with_dataset_expressions', 'conditional_dataset_and_time_based_timetable', 'dataset_consumes_unknown_never_scheduled', 'consume_1_and_2_with_dataset_expressions', 'consume_1_or_2_with_dataset_expressions', 'dataset_produces_1', 'dataset_consumes_1_and_2', 'dataset_produces_2', 'dataset_consumes_1_never_scheduled' retrieved from /home/ouaillaamiri/Development/lsi_3/airflow/venv/lib/python3.11/site-packages/airflow/example_dags/example_datasets.py
[2024-11-06T11:04:02.355-1100] {logging_mixin.py:190} INFO - [2024-11-06T11:04:02.355-1100] {dag.py:3239} INFO - Sync 10 DAGs
[2024-11-06T11:04:02.405-1100] {logging_mixin.py:190} INFO - [2024-11-06T11:04:02.405-1100] {dag.py:4180} INFO - Setting next_dagrun for conditional_dataset_and_time_based_timetable to 2024-11-06 01:00:00+00:00, run_after=2024-11-06 01:00:00+00:00
[2024-11-06T11:04:02.413-1100] {logging_mixin.py:190} INFO - [2024-11-06T11:04:02.413-1100] {dag.py:4180} INFO - Setting next_dagrun for consume_1_and_2_with_dataset_expressions to None, run_after=None
[2024-11-06T11:04:02.415-1100] {logging_mixin.py:190} INFO - [2024-11-06T11:04:02.415-1100] {dag.py:4180} INFO - Setting next_dagrun for consume_1_or_2_with_dataset_expressions to None, run_after=None
[2024-11-06T11:04:02.418-1100] {logging_mixin.py:190} INFO - [2024-11-06T11:04:02.418-1100] {dag.py:4180} INFO - Setting next_dagrun for consume_1_or_both_2_and_3_with_dataset_expressions to None, run_after=None
[2024-11-06T11:04:02.421-1100] {logging_mixin.py:190} INFO - [2024-11-06T11:04:02.420-1100] {dag.py:4180} INFO - Setting next_dagrun for dataset_consumes_1 to None, run_after=None
[2024-11-06T11:04:02.423-1100] {logging_mixin.py:190} INFO - [2024-11-06T11:04:02.423-1100] {dag.py:4180} INFO - Setting next_dagrun for dataset_consumes_1_and_2 to None, run_after=None
[2024-11-06T11:04:02.425-1100] {logging_mixin.py:190} INFO - [2024-11-06T11:04:02.425-1100] {dag.py:4180} INFO - Setting next_dagrun for dataset_consumes_1_never_scheduled to None, run_after=None
[2024-11-06T11:04:02.428-1100] {logging_mixin.py:190} INFO - [2024-11-06T11:04:02.427-1100] {dag.py:4180} INFO - Setting next_dagrun for dataset_consumes_unknown_never_scheduled to None, run_after=None
[2024-11-06T11:04:02.432-1100] {logging_mixin.py:190} INFO - [2024-11-06T11:04:02.432-1100] {dag.py:4180} INFO - Setting next_dagrun for dataset_produces_1 to 2024-11-05 00:00:00+00:00, run_after=2024-11-06 00:00:00+00:00
[2024-11-06T11:04:02.435-1100] {logging_mixin.py:190} INFO - [2024-11-06T11:04:02.435-1100] {dag.py:4180} INFO - Setting next_dagrun for dataset_produces_2 to None, run_after=None
[2024-11-06T11:04:02.504-1100] {processor.py:208} INFO - Processing /home/ouaillaamiri/Development/lsi_3/airflow/venv/lib/python3.11/site-packages/airflow/example_dags/example_datasets.py took 0.300 seconds
[2024-11-06T11:04:33.576-1100] {processor.py:186} INFO - Started process (PID=232717) to work on /home/ouaillaamiri/Development/lsi_3/airflow/venv/lib/python3.11/site-packages/airflow/example_dags/example_datasets.py
[2024-11-06T11:04:33.579-1100] {processor.py:914} INFO - Processing file /home/ouaillaamiri/Development/lsi_3/airflow/venv/lib/python3.11/site-packages/airflow/example_dags/example_datasets.py for tasks to queue
[2024-11-06T11:04:33.584-1100] {logging_mixin.py:190} INFO - [2024-11-06T11:04:33.583-1100] {dagbag.py:588} INFO - Filling up the DagBag from /home/ouaillaamiri/Development/lsi_3/airflow/venv/lib/python3.11/site-packages/airflow/example_dags/example_datasets.py
[2024-11-06T11:04:33.626-1100] {processor.py:925} INFO - DAG(s) 'dataset_consumes_1_and_2', 'dataset_consumes_unknown_never_scheduled', 'dataset_consumes_1', 'conditional_dataset_and_time_based_timetable', 'consume_1_and_2_with_dataset_expressions', 'dataset_consumes_1_never_scheduled', 'dataset_produces_1', 'dataset_produces_2', 'consume_1_or_2_with_dataset_expressions', 'consume_1_or_both_2_and_3_with_dataset_expressions' retrieved from /home/ouaillaamiri/Development/lsi_3/airflow/venv/lib/python3.11/site-packages/airflow/example_dags/example_datasets.py
[2024-11-06T11:04:33.749-1100] {logging_mixin.py:190} INFO - [2024-11-06T11:04:33.748-1100] {dag.py:3239} INFO - Sync 10 DAGs
[2024-11-06T11:04:33.807-1100] {logging_mixin.py:190} INFO - [2024-11-06T11:04:33.806-1100] {dag.py:4180} INFO - Setting next_dagrun for conditional_dataset_and_time_based_timetable to 2024-11-06 01:00:00+00:00, run_after=2024-11-06 01:00:00+00:00
[2024-11-06T11:04:33.814-1100] {logging_mixin.py:190} INFO - [2024-11-06T11:04:33.814-1100] {dag.py:4180} INFO - Setting next_dagrun for consume_1_and_2_with_dataset_expressions to None, run_after=None
[2024-11-06T11:04:33.817-1100] {logging_mixin.py:190} INFO - [2024-11-06T11:04:33.817-1100] {dag.py:4180} INFO - Setting next_dagrun for consume_1_or_2_with_dataset_expressions to None, run_after=None
[2024-11-06T11:04:33.820-1100] {logging_mixin.py:190} INFO - [2024-11-06T11:04:33.820-1100] {dag.py:4180} INFO - Setting next_dagrun for consume_1_or_both_2_and_3_with_dataset_expressions to None, run_after=None
[2024-11-06T11:04:33.823-1100] {logging_mixin.py:190} INFO - [2024-11-06T11:04:33.822-1100] {dag.py:4180} INFO - Setting next_dagrun for dataset_consumes_1 to None, run_after=None
[2024-11-06T11:04:33.826-1100] {logging_mixin.py:190} INFO - [2024-11-06T11:04:33.825-1100] {dag.py:4180} INFO - Setting next_dagrun for dataset_consumes_1_and_2 to None, run_after=None
[2024-11-06T11:04:33.828-1100] {logging_mixin.py:190} INFO - [2024-11-06T11:04:33.828-1100] {dag.py:4180} INFO - Setting next_dagrun for dataset_consumes_1_never_scheduled to None, run_after=None
[2024-11-06T11:04:33.831-1100] {logging_mixin.py:190} INFO - [2024-11-06T11:04:33.831-1100] {dag.py:4180} INFO - Setting next_dagrun for dataset_consumes_unknown_never_scheduled to None, run_after=None
[2024-11-06T11:04:33.836-1100] {logging_mixin.py:190} INFO - [2024-11-06T11:04:33.835-1100] {dag.py:4180} INFO - Setting next_dagrun for dataset_produces_1 to 2024-11-05 00:00:00+00:00, run_after=2024-11-06 00:00:00+00:00
[2024-11-06T11:04:33.839-1100] {logging_mixin.py:190} INFO - [2024-11-06T11:04:33.838-1100] {dag.py:4180} INFO - Setting next_dagrun for dataset_produces_2 to None, run_after=None
[2024-11-06T11:04:33.922-1100] {processor.py:208} INFO - Processing /home/ouaillaamiri/Development/lsi_3/airflow/venv/lib/python3.11/site-packages/airflow/example_dags/example_datasets.py took 0.361 seconds
