[2024-11-06T10:53:33.560-1100] {processor.py:186} INFO - Started process (PID=219388) to work on /home/ouaillaamiri/Development/lsi_3/airflow/venv/lib/python3.11/site-packages/airflow/example_dags/example_params_trigger_ui.py
[2024-11-06T10:53:33.562-1100] {processor.py:914} INFO - Processing file /home/ouaillaamiri/Development/lsi_3/airflow/venv/lib/python3.11/site-packages/airflow/example_dags/example_params_trigger_ui.py for tasks to queue
[2024-11-06T10:53:33.568-1100] {logging_mixin.py:190} INFO - [2024-11-06T10:53:33.567-1100] {dagbag.py:588} INFO - Filling up the DagBag from /home/ouaillaamiri/Development/lsi_3/airflow/venv/lib/python3.11/site-packages/airflow/example_dags/example_params_trigger_ui.py
[2024-11-06T10:53:33.595-1100] {processor.py:925} INFO - DAG(s) 'example_params_trigger_ui' retrieved from /home/ouaillaamiri/Development/lsi_3/airflow/venv/lib/python3.11/site-packages/airflow/example_dags/example_params_trigger_ui.py
[2024-11-06T10:53:33.868-1100] {logging_mixin.py:190} INFO - [2024-11-06T10:53:33.867-1100] {override.py:1911} INFO - Created Permission View: can edit on DAG:example_params_trigger_ui
[2024-11-06T10:53:33.887-1100] {logging_mixin.py:190} INFO - [2024-11-06T10:53:33.886-1100] {override.py:1911} INFO - Created Permission View: can delete on DAG:example_params_trigger_ui
[2024-11-06T10:53:33.901-1100] {logging_mixin.py:190} INFO - [2024-11-06T10:53:33.900-1100] {override.py:1911} INFO - Created Permission View: can read on DAG:example_params_trigger_ui
[2024-11-06T10:53:33.917-1100] {logging_mixin.py:190} INFO - [2024-11-06T10:53:33.916-1100] {override.py:1911} INFO - Created Permission View: can delete on DAG Run:example_params_trigger_ui
[2024-11-06T10:53:33.931-1100] {logging_mixin.py:190} INFO - [2024-11-06T10:53:33.931-1100] {override.py:1911} INFO - Created Permission View: can create on DAG Run:example_params_trigger_ui
[2024-11-06T10:53:33.946-1100] {logging_mixin.py:190} INFO - [2024-11-06T10:53:33.946-1100] {override.py:1911} INFO - Created Permission View: menu access on DAG Run:example_params_trigger_ui
[2024-11-06T10:53:33.962-1100] {logging_mixin.py:190} INFO - [2024-11-06T10:53:33.961-1100] {override.py:1911} INFO - Created Permission View: can read on DAG Run:example_params_trigger_ui
[2024-11-06T10:53:33.962-1100] {logging_mixin.py:190} INFO - [2024-11-06T10:53:33.962-1100] {dag.py:3239} INFO - Sync 1 DAGs
[2024-11-06T10:53:33.994-1100] {logging_mixin.py:190} INFO - [2024-11-06T10:53:33.994-1100] {dag.py:3262} INFO - Creating ORM DAG for example_params_trigger_ui
[2024-11-06T10:53:33.996-1100] {logging_mixin.py:190} INFO - [2024-11-06T10:53:33.995-1100] {dag.py:4180} INFO - Setting next_dagrun for example_params_trigger_ui to None, run_after=None
[2024-11-06T10:53:34.037-1100] {processor.py:208} INFO - Processing /home/ouaillaamiri/Development/lsi_3/airflow/venv/lib/python3.11/site-packages/airflow/example_dags/example_params_trigger_ui.py took 0.490 seconds
[2024-11-06T10:54:04.606-1100] {processor.py:186} INFO - Started process (PID=220168) to work on /home/ouaillaamiri/Development/lsi_3/airflow/venv/lib/python3.11/site-packages/airflow/example_dags/example_params_trigger_ui.py
[2024-11-06T10:54:04.609-1100] {processor.py:914} INFO - Processing file /home/ouaillaamiri/Development/lsi_3/airflow/venv/lib/python3.11/site-packages/airflow/example_dags/example_params_trigger_ui.py for tasks to queue
[2024-11-06T10:54:04.613-1100] {logging_mixin.py:190} INFO - [2024-11-06T10:54:04.612-1100] {dagbag.py:588} INFO - Filling up the DagBag from /home/ouaillaamiri/Development/lsi_3/airflow/venv/lib/python3.11/site-packages/airflow/example_dags/example_params_trigger_ui.py
[2024-11-06T10:54:04.634-1100] {processor.py:925} INFO - DAG(s) 'example_params_trigger_ui' retrieved from /home/ouaillaamiri/Development/lsi_3/airflow/venv/lib/python3.11/site-packages/airflow/example_dags/example_params_trigger_ui.py
[2024-11-06T10:54:04.760-1100] {logging_mixin.py:190} INFO - [2024-11-06T10:54:04.759-1100] {dag.py:3239} INFO - Sync 1 DAGs
[2024-11-06T10:54:04.794-1100] {logging_mixin.py:190} INFO - [2024-11-06T10:54:04.794-1100] {dag.py:4180} INFO - Setting next_dagrun for example_params_trigger_ui to None, run_after=None
[2024-11-06T10:54:04.844-1100] {processor.py:208} INFO - Processing /home/ouaillaamiri/Development/lsi_3/airflow/venv/lib/python3.11/site-packages/airflow/example_dags/example_params_trigger_ui.py took 0.248 seconds
[2024-11-06T10:54:35.112-1100] {processor.py:186} INFO - Started process (PID=220634) to work on /home/ouaillaamiri/Development/lsi_3/airflow/venv/lib/python3.11/site-packages/airflow/example_dags/example_params_trigger_ui.py
[2024-11-06T10:54:35.114-1100] {processor.py:914} INFO - Processing file /home/ouaillaamiri/Development/lsi_3/airflow/venv/lib/python3.11/site-packages/airflow/example_dags/example_params_trigger_ui.py for tasks to queue
[2024-11-06T10:54:35.118-1100] {logging_mixin.py:190} INFO - [2024-11-06T10:54:35.118-1100] {dagbag.py:588} INFO - Filling up the DagBag from /home/ouaillaamiri/Development/lsi_3/airflow/venv/lib/python3.11/site-packages/airflow/example_dags/example_params_trigger_ui.py
[2024-11-06T10:54:35.138-1100] {processor.py:925} INFO - DAG(s) 'example_params_trigger_ui' retrieved from /home/ouaillaamiri/Development/lsi_3/airflow/venv/lib/python3.11/site-packages/airflow/example_dags/example_params_trigger_ui.py
[2024-11-06T10:54:35.236-1100] {logging_mixin.py:190} INFO - [2024-11-06T10:54:35.235-1100] {dag.py:3239} INFO - Sync 1 DAGs
[2024-11-06T10:54:35.268-1100] {logging_mixin.py:190} INFO - [2024-11-06T10:54:35.267-1100] {dag.py:4180} INFO - Setting next_dagrun for example_params_trigger_ui to None, run_after=None
[2024-11-06T10:54:35.310-1100] {processor.py:208} INFO - Processing /home/ouaillaamiri/Development/lsi_3/airflow/venv/lib/python3.11/site-packages/airflow/example_dags/example_params_trigger_ui.py took 0.207 seconds
[2024-11-06T10:55:06.147-1100] {processor.py:186} INFO - Started process (PID=221172) to work on /home/ouaillaamiri/Development/lsi_3/airflow/venv/lib/python3.11/site-packages/airflow/example_dags/example_params_trigger_ui.py
[2024-11-06T10:55:06.149-1100] {processor.py:914} INFO - Processing file /home/ouaillaamiri/Development/lsi_3/airflow/venv/lib/python3.11/site-packages/airflow/example_dags/example_params_trigger_ui.py for tasks to queue
[2024-11-06T10:55:06.155-1100] {logging_mixin.py:190} INFO - [2024-11-06T10:55:06.154-1100] {dagbag.py:588} INFO - Filling up the DagBag from /home/ouaillaamiri/Development/lsi_3/airflow/venv/lib/python3.11/site-packages/airflow/example_dags/example_params_trigger_ui.py
[2024-11-06T10:55:06.187-1100] {processor.py:925} INFO - DAG(s) 'example_params_trigger_ui' retrieved from /home/ouaillaamiri/Development/lsi_3/airflow/venv/lib/python3.11/site-packages/airflow/example_dags/example_params_trigger_ui.py
[2024-11-06T10:55:06.283-1100] {logging_mixin.py:190} INFO - [2024-11-06T10:55:06.283-1100] {dag.py:3239} INFO - Sync 1 DAGs
[2024-11-06T10:55:06.310-1100] {logging_mixin.py:190} INFO - [2024-11-06T10:55:06.310-1100] {dag.py:4180} INFO - Setting next_dagrun for example_params_trigger_ui to None, run_after=None
[2024-11-06T10:55:06.352-1100] {processor.py:208} INFO - Processing /home/ouaillaamiri/Development/lsi_3/airflow/venv/lib/python3.11/site-packages/airflow/example_dags/example_params_trigger_ui.py took 0.222 seconds
[2024-11-06T10:55:36.683-1100] {processor.py:186} INFO - Started process (PID=221698) to work on /home/ouaillaamiri/Development/lsi_3/airflow/venv/lib/python3.11/site-packages/airflow/example_dags/example_params_trigger_ui.py
[2024-11-06T10:55:36.684-1100] {processor.py:914} INFO - Processing file /home/ouaillaamiri/Development/lsi_3/airflow/venv/lib/python3.11/site-packages/airflow/example_dags/example_params_trigger_ui.py for tasks to queue
[2024-11-06T10:55:36.688-1100] {logging_mixin.py:190} INFO - [2024-11-06T10:55:36.687-1100] {dagbag.py:588} INFO - Filling up the DagBag from /home/ouaillaamiri/Development/lsi_3/airflow/venv/lib/python3.11/site-packages/airflow/example_dags/example_params_trigger_ui.py
[2024-11-06T10:55:36.708-1100] {processor.py:925} INFO - DAG(s) 'example_params_trigger_ui' retrieved from /home/ouaillaamiri/Development/lsi_3/airflow/venv/lib/python3.11/site-packages/airflow/example_dags/example_params_trigger_ui.py
[2024-11-06T10:55:36.798-1100] {logging_mixin.py:190} INFO - [2024-11-06T10:55:36.797-1100] {dag.py:3239} INFO - Sync 1 DAGs
[2024-11-06T10:55:36.822-1100] {logging_mixin.py:190} INFO - [2024-11-06T10:55:36.822-1100] {dag.py:4180} INFO - Setting next_dagrun for example_params_trigger_ui to None, run_after=None
[2024-11-06T10:55:36.859-1100] {processor.py:208} INFO - Processing /home/ouaillaamiri/Development/lsi_3/airflow/venv/lib/python3.11/site-packages/airflow/example_dags/example_params_trigger_ui.py took 0.186 seconds
[2024-11-06T10:56:07.184-1100] {processor.py:186} INFO - Started process (PID=222083) to work on /home/ouaillaamiri/Development/lsi_3/airflow/venv/lib/python3.11/site-packages/airflow/example_dags/example_params_trigger_ui.py
[2024-11-06T10:56:07.186-1100] {processor.py:914} INFO - Processing file /home/ouaillaamiri/Development/lsi_3/airflow/venv/lib/python3.11/site-packages/airflow/example_dags/example_params_trigger_ui.py for tasks to queue
[2024-11-06T10:56:07.190-1100] {logging_mixin.py:190} INFO - [2024-11-06T10:56:07.189-1100] {dagbag.py:588} INFO - Filling up the DagBag from /home/ouaillaamiri/Development/lsi_3/airflow/venv/lib/python3.11/site-packages/airflow/example_dags/example_params_trigger_ui.py
[2024-11-06T10:56:07.212-1100] {processor.py:925} INFO - DAG(s) 'example_params_trigger_ui' retrieved from /home/ouaillaamiri/Development/lsi_3/airflow/venv/lib/python3.11/site-packages/airflow/example_dags/example_params_trigger_ui.py
[2024-11-06T10:56:07.309-1100] {logging_mixin.py:190} INFO - [2024-11-06T10:56:07.308-1100] {dag.py:3239} INFO - Sync 1 DAGs
[2024-11-06T10:56:07.346-1100] {logging_mixin.py:190} INFO - [2024-11-06T10:56:07.345-1100] {dag.py:4180} INFO - Setting next_dagrun for example_params_trigger_ui to None, run_after=None
[2024-11-06T10:56:07.402-1100] {processor.py:208} INFO - Processing /home/ouaillaamiri/Development/lsi_3/airflow/venv/lib/python3.11/site-packages/airflow/example_dags/example_params_trigger_ui.py took 0.229 seconds
[2024-11-06T10:56:45.492-1100] {processor.py:186} INFO - Started process (PID=223209) to work on /home/ouaillaamiri/Development/lsi_3/airflow/venv/lib/python3.11/site-packages/airflow/example_dags/example_params_trigger_ui.py
[2024-11-06T10:56:45.493-1100] {processor.py:914} INFO - Processing file /home/ouaillaamiri/Development/lsi_3/airflow/venv/lib/python3.11/site-packages/airflow/example_dags/example_params_trigger_ui.py for tasks to queue
[2024-11-06T10:56:45.497-1100] {logging_mixin.py:190} INFO - [2024-11-06T10:56:45.496-1100] {dagbag.py:588} INFO - Filling up the DagBag from /home/ouaillaamiri/Development/lsi_3/airflow/venv/lib/python3.11/site-packages/airflow/example_dags/example_params_trigger_ui.py
[2024-11-06T10:56:45.516-1100] {processor.py:925} INFO - DAG(s) 'example_params_trigger_ui' retrieved from /home/ouaillaamiri/Development/lsi_3/airflow/venv/lib/python3.11/site-packages/airflow/example_dags/example_params_trigger_ui.py
[2024-11-06T10:56:45.604-1100] {logging_mixin.py:190} INFO - [2024-11-06T10:56:45.604-1100] {dag.py:3239} INFO - Sync 1 DAGs
[2024-11-06T10:56:45.629-1100] {logging_mixin.py:190} INFO - [2024-11-06T10:56:45.629-1100] {dag.py:4180} INFO - Setting next_dagrun for example_params_trigger_ui to None, run_after=None
[2024-11-06T10:56:45.666-1100] {processor.py:208} INFO - Processing /home/ouaillaamiri/Development/lsi_3/airflow/venv/lib/python3.11/site-packages/airflow/example_dags/example_params_trigger_ui.py took 0.184 seconds
[2024-11-06T10:57:16.363-1100] {processor.py:186} INFO - Started process (PID=224311) to work on /home/ouaillaamiri/Development/lsi_3/airflow/venv/lib/python3.11/site-packages/airflow/example_dags/example_params_trigger_ui.py
[2024-11-06T10:57:16.364-1100] {processor.py:914} INFO - Processing file /home/ouaillaamiri/Development/lsi_3/airflow/venv/lib/python3.11/site-packages/airflow/example_dags/example_params_trigger_ui.py for tasks to queue
[2024-11-06T10:57:16.369-1100] {logging_mixin.py:190} INFO - [2024-11-06T10:57:16.368-1100] {dagbag.py:588} INFO - Filling up the DagBag from /home/ouaillaamiri/Development/lsi_3/airflow/venv/lib/python3.11/site-packages/airflow/example_dags/example_params_trigger_ui.py
[2024-11-06T10:57:16.396-1100] {processor.py:925} INFO - DAG(s) 'example_params_trigger_ui' retrieved from /home/ouaillaamiri/Development/lsi_3/airflow/venv/lib/python3.11/site-packages/airflow/example_dags/example_params_trigger_ui.py
[2024-11-06T10:57:16.512-1100] {logging_mixin.py:190} INFO - [2024-11-06T10:57:16.511-1100] {dag.py:3239} INFO - Sync 1 DAGs
[2024-11-06T10:57:16.547-1100] {logging_mixin.py:190} INFO - [2024-11-06T10:57:16.546-1100] {dag.py:4180} INFO - Setting next_dagrun for example_params_trigger_ui to None, run_after=None
[2024-11-06T10:57:16.597-1100] {processor.py:208} INFO - Processing /home/ouaillaamiri/Development/lsi_3/airflow/venv/lib/python3.11/site-packages/airflow/example_dags/example_params_trigger_ui.py took 0.246 seconds
[2024-11-06T10:57:47.114-1100] {processor.py:186} INFO - Started process (PID=225081) to work on /home/ouaillaamiri/Development/lsi_3/airflow/venv/lib/python3.11/site-packages/airflow/example_dags/example_params_trigger_ui.py
[2024-11-06T10:57:47.117-1100] {processor.py:914} INFO - Processing file /home/ouaillaamiri/Development/lsi_3/airflow/venv/lib/python3.11/site-packages/airflow/example_dags/example_params_trigger_ui.py for tasks to queue
[2024-11-06T10:57:47.125-1100] {logging_mixin.py:190} INFO - [2024-11-06T10:57:47.124-1100] {dagbag.py:588} INFO - Filling up the DagBag from /home/ouaillaamiri/Development/lsi_3/airflow/venv/lib/python3.11/site-packages/airflow/example_dags/example_params_trigger_ui.py
[2024-11-06T10:57:47.155-1100] {processor.py:925} INFO - DAG(s) 'example_params_trigger_ui' retrieved from /home/ouaillaamiri/Development/lsi_3/airflow/venv/lib/python3.11/site-packages/airflow/example_dags/example_params_trigger_ui.py
[2024-11-06T10:57:47.247-1100] {logging_mixin.py:190} INFO - [2024-11-06T10:57:47.246-1100] {dag.py:3239} INFO - Sync 1 DAGs
[2024-11-06T10:57:47.271-1100] {logging_mixin.py:190} INFO - [2024-11-06T10:57:47.270-1100] {dag.py:4180} INFO - Setting next_dagrun for example_params_trigger_ui to None, run_after=None
[2024-11-06T10:57:47.305-1100] {processor.py:208} INFO - Processing /home/ouaillaamiri/Development/lsi_3/airflow/venv/lib/python3.11/site-packages/airflow/example_dags/example_params_trigger_ui.py took 0.210 seconds
[2024-11-06T10:58:18.129-1100] {processor.py:186} INFO - Started process (PID=225726) to work on /home/ouaillaamiri/Development/lsi_3/airflow/venv/lib/python3.11/site-packages/airflow/example_dags/example_params_trigger_ui.py
[2024-11-06T10:58:18.130-1100] {processor.py:914} INFO - Processing file /home/ouaillaamiri/Development/lsi_3/airflow/venv/lib/python3.11/site-packages/airflow/example_dags/example_params_trigger_ui.py for tasks to queue
[2024-11-06T10:58:18.133-1100] {logging_mixin.py:190} INFO - [2024-11-06T10:58:18.133-1100] {dagbag.py:588} INFO - Filling up the DagBag from /home/ouaillaamiri/Development/lsi_3/airflow/venv/lib/python3.11/site-packages/airflow/example_dags/example_params_trigger_ui.py
[2024-11-06T10:58:18.152-1100] {processor.py:925} INFO - DAG(s) 'example_params_trigger_ui' retrieved from /home/ouaillaamiri/Development/lsi_3/airflow/venv/lib/python3.11/site-packages/airflow/example_dags/example_params_trigger_ui.py
[2024-11-06T10:58:18.258-1100] {logging_mixin.py:190} INFO - [2024-11-06T10:58:18.257-1100] {dag.py:3239} INFO - Sync 1 DAGs
[2024-11-06T10:58:18.289-1100] {logging_mixin.py:190} INFO - [2024-11-06T10:58:18.288-1100] {dag.py:4180} INFO - Setting next_dagrun for example_params_trigger_ui to None, run_after=None
[2024-11-06T10:58:18.329-1100] {processor.py:208} INFO - Processing /home/ouaillaamiri/Development/lsi_3/airflow/venv/lib/python3.11/site-packages/airflow/example_dags/example_params_trigger_ui.py took 0.209 seconds
[2024-11-06T10:58:48.703-1100] {processor.py:186} INFO - Started process (PID=226448) to work on /home/ouaillaamiri/Development/lsi_3/airflow/venv/lib/python3.11/site-packages/airflow/example_dags/example_params_trigger_ui.py
[2024-11-06T10:58:48.705-1100] {processor.py:914} INFO - Processing file /home/ouaillaamiri/Development/lsi_3/airflow/venv/lib/python3.11/site-packages/airflow/example_dags/example_params_trigger_ui.py for tasks to queue
[2024-11-06T10:58:48.708-1100] {logging_mixin.py:190} INFO - [2024-11-06T10:58:48.708-1100] {dagbag.py:588} INFO - Filling up the DagBag from /home/ouaillaamiri/Development/lsi_3/airflow/venv/lib/python3.11/site-packages/airflow/example_dags/example_params_trigger_ui.py
[2024-11-06T10:58:48.727-1100] {processor.py:925} INFO - DAG(s) 'example_params_trigger_ui' retrieved from /home/ouaillaamiri/Development/lsi_3/airflow/venv/lib/python3.11/site-packages/airflow/example_dags/example_params_trigger_ui.py
[2024-11-06T10:58:48.826-1100] {logging_mixin.py:190} INFO - [2024-11-06T10:58:48.826-1100] {dag.py:3239} INFO - Sync 1 DAGs
[2024-11-06T10:58:48.853-1100] {logging_mixin.py:190} INFO - [2024-11-06T10:58:48.853-1100] {dag.py:4180} INFO - Setting next_dagrun for example_params_trigger_ui to None, run_after=None
[2024-11-06T10:58:48.893-1100] {processor.py:208} INFO - Processing /home/ouaillaamiri/Development/lsi_3/airflow/venv/lib/python3.11/site-packages/airflow/example_dags/example_params_trigger_ui.py took 0.200 seconds
[2024-11-06T10:59:19.332-1100] {processor.py:186} INFO - Started process (PID=227151) to work on /home/ouaillaamiri/Development/lsi_3/airflow/venv/lib/python3.11/site-packages/airflow/example_dags/example_params_trigger_ui.py
[2024-11-06T10:59:19.335-1100] {processor.py:914} INFO - Processing file /home/ouaillaamiri/Development/lsi_3/airflow/venv/lib/python3.11/site-packages/airflow/example_dags/example_params_trigger_ui.py for tasks to queue
[2024-11-06T10:59:19.338-1100] {logging_mixin.py:190} INFO - [2024-11-06T10:59:19.338-1100] {dagbag.py:588} INFO - Filling up the DagBag from /home/ouaillaamiri/Development/lsi_3/airflow/venv/lib/python3.11/site-packages/airflow/example_dags/example_params_trigger_ui.py
[2024-11-06T10:59:19.361-1100] {processor.py:925} INFO - DAG(s) 'example_params_trigger_ui' retrieved from /home/ouaillaamiri/Development/lsi_3/airflow/venv/lib/python3.11/site-packages/airflow/example_dags/example_params_trigger_ui.py
[2024-11-06T10:59:19.462-1100] {logging_mixin.py:190} INFO - [2024-11-06T10:59:19.462-1100] {dag.py:3239} INFO - Sync 1 DAGs
[2024-11-06T10:59:19.493-1100] {logging_mixin.py:190} INFO - [2024-11-06T10:59:19.493-1100] {dag.py:4180} INFO - Setting next_dagrun for example_params_trigger_ui to None, run_after=None
[2024-11-06T10:59:19.534-1100] {processor.py:208} INFO - Processing /home/ouaillaamiri/Development/lsi_3/airflow/venv/lib/python3.11/site-packages/airflow/example_dags/example_params_trigger_ui.py took 0.214 seconds
[2024-11-06T10:59:50.611-1100] {processor.py:186} INFO - Started process (PID=227542) to work on /home/ouaillaamiri/Development/lsi_3/airflow/venv/lib/python3.11/site-packages/airflow/example_dags/example_params_trigger_ui.py
[2024-11-06T10:59:50.613-1100] {processor.py:914} INFO - Processing file /home/ouaillaamiri/Development/lsi_3/airflow/venv/lib/python3.11/site-packages/airflow/example_dags/example_params_trigger_ui.py for tasks to queue
[2024-11-06T10:59:50.616-1100] {logging_mixin.py:190} INFO - [2024-11-06T10:59:50.615-1100] {dagbag.py:588} INFO - Filling up the DagBag from /home/ouaillaamiri/Development/lsi_3/airflow/venv/lib/python3.11/site-packages/airflow/example_dags/example_params_trigger_ui.py
[2024-11-06T10:59:50.633-1100] {processor.py:925} INFO - DAG(s) 'example_params_trigger_ui' retrieved from /home/ouaillaamiri/Development/lsi_3/airflow/venv/lib/python3.11/site-packages/airflow/example_dags/example_params_trigger_ui.py
[2024-11-06T10:59:50.726-1100] {logging_mixin.py:190} INFO - [2024-11-06T10:59:50.725-1100] {dag.py:3239} INFO - Sync 1 DAGs
[2024-11-06T10:59:50.757-1100] {logging_mixin.py:190} INFO - [2024-11-06T10:59:50.756-1100] {dag.py:4180} INFO - Setting next_dagrun for example_params_trigger_ui to None, run_after=None
[2024-11-06T10:59:50.796-1100] {processor.py:208} INFO - Processing /home/ouaillaamiri/Development/lsi_3/airflow/venv/lib/python3.11/site-packages/airflow/example_dags/example_params_trigger_ui.py took 0.196 seconds
[2024-11-06T11:00:57.132-1100] {processor.py:186} INFO - Started process (PID=228722) to work on /home/ouaillaamiri/Development/lsi_3/airflow/venv/lib/python3.11/site-packages/airflow/example_dags/example_params_trigger_ui.py
[2024-11-06T11:00:57.136-1100] {processor.py:914} INFO - Processing file /home/ouaillaamiri/Development/lsi_3/airflow/venv/lib/python3.11/site-packages/airflow/example_dags/example_params_trigger_ui.py for tasks to queue
[2024-11-06T11:00:57.141-1100] {logging_mixin.py:190} INFO - [2024-11-06T11:00:57.140-1100] {dagbag.py:588} INFO - Filling up the DagBag from /home/ouaillaamiri/Development/lsi_3/airflow/venv/lib/python3.11/site-packages/airflow/example_dags/example_params_trigger_ui.py
[2024-11-06T11:00:57.164-1100] {processor.py:925} INFO - DAG(s) 'example_params_trigger_ui' retrieved from /home/ouaillaamiri/Development/lsi_3/airflow/venv/lib/python3.11/site-packages/airflow/example_dags/example_params_trigger_ui.py
[2024-11-06T11:00:57.307-1100] {logging_mixin.py:190} INFO - [2024-11-06T11:00:57.307-1100] {dag.py:3239} INFO - Sync 1 DAGs
[2024-11-06T11:00:57.342-1100] {logging_mixin.py:190} INFO - [2024-11-06T11:00:57.342-1100] {dag.py:4180} INFO - Setting next_dagrun for example_params_trigger_ui to None, run_after=None
[2024-11-06T11:00:57.393-1100] {processor.py:208} INFO - Processing /home/ouaillaamiri/Development/lsi_3/airflow/venv/lib/python3.11/site-packages/airflow/example_dags/example_params_trigger_ui.py took 0.273 seconds
[2024-11-06T11:01:27.757-1100] {processor.py:186} INFO - Started process (PID=229324) to work on /home/ouaillaamiri/Development/lsi_3/airflow/venv/lib/python3.11/site-packages/airflow/example_dags/example_params_trigger_ui.py
[2024-11-06T11:01:27.759-1100] {processor.py:914} INFO - Processing file /home/ouaillaamiri/Development/lsi_3/airflow/venv/lib/python3.11/site-packages/airflow/example_dags/example_params_trigger_ui.py for tasks to queue
[2024-11-06T11:01:27.766-1100] {logging_mixin.py:190} INFO - [2024-11-06T11:01:27.765-1100] {dagbag.py:588} INFO - Filling up the DagBag from /home/ouaillaamiri/Development/lsi_3/airflow/venv/lib/python3.11/site-packages/airflow/example_dags/example_params_trigger_ui.py
[2024-11-06T11:01:27.804-1100] {processor.py:925} INFO - DAG(s) 'example_params_trigger_ui' retrieved from /home/ouaillaamiri/Development/lsi_3/airflow/venv/lib/python3.11/site-packages/airflow/example_dags/example_params_trigger_ui.py
[2024-11-06T11:01:27.940-1100] {logging_mixin.py:190} INFO - [2024-11-06T11:01:27.939-1100] {dag.py:3239} INFO - Sync 1 DAGs
[2024-11-06T11:01:27.978-1100] {logging_mixin.py:190} INFO - [2024-11-06T11:01:27.978-1100] {dag.py:4180} INFO - Setting next_dagrun for example_params_trigger_ui to None, run_after=None
[2024-11-06T11:01:28.025-1100] {processor.py:208} INFO - Processing /home/ouaillaamiri/Development/lsi_3/airflow/venv/lib/python3.11/site-packages/airflow/example_dags/example_params_trigger_ui.py took 0.289 seconds
[2024-11-06T11:01:58.473-1100] {processor.py:186} INFO - Started process (PID=229696) to work on /home/ouaillaamiri/Development/lsi_3/airflow/venv/lib/python3.11/site-packages/airflow/example_dags/example_params_trigger_ui.py
[2024-11-06T11:01:58.475-1100] {processor.py:914} INFO - Processing file /home/ouaillaamiri/Development/lsi_3/airflow/venv/lib/python3.11/site-packages/airflow/example_dags/example_params_trigger_ui.py for tasks to queue
[2024-11-06T11:01:58.480-1100] {logging_mixin.py:190} INFO - [2024-11-06T11:01:58.479-1100] {dagbag.py:588} INFO - Filling up the DagBag from /home/ouaillaamiri/Development/lsi_3/airflow/venv/lib/python3.11/site-packages/airflow/example_dags/example_params_trigger_ui.py
[2024-11-06T11:01:58.506-1100] {processor.py:925} INFO - DAG(s) 'example_params_trigger_ui' retrieved from /home/ouaillaamiri/Development/lsi_3/airflow/venv/lib/python3.11/site-packages/airflow/example_dags/example_params_trigger_ui.py
[2024-11-06T11:01:58.615-1100] {logging_mixin.py:190} INFO - [2024-11-06T11:01:58.614-1100] {dag.py:3239} INFO - Sync 1 DAGs
[2024-11-06T11:01:58.646-1100] {logging_mixin.py:190} INFO - [2024-11-06T11:01:58.646-1100] {dag.py:4180} INFO - Setting next_dagrun for example_params_trigger_ui to None, run_after=None
[2024-11-06T11:01:58.685-1100] {processor.py:208} INFO - Processing /home/ouaillaamiri/Development/lsi_3/airflow/venv/lib/python3.11/site-packages/airflow/example_dags/example_params_trigger_ui.py took 0.223 seconds
[2024-11-06T11:02:28.979-1100] {processor.py:186} INFO - Started process (PID=230288) to work on /home/ouaillaamiri/Development/lsi_3/airflow/venv/lib/python3.11/site-packages/airflow/example_dags/example_params_trigger_ui.py
[2024-11-06T11:02:28.981-1100] {processor.py:914} INFO - Processing file /home/ouaillaamiri/Development/lsi_3/airflow/venv/lib/python3.11/site-packages/airflow/example_dags/example_params_trigger_ui.py for tasks to queue
[2024-11-06T11:02:28.985-1100] {logging_mixin.py:190} INFO - [2024-11-06T11:02:28.984-1100] {dagbag.py:588} INFO - Filling up the DagBag from /home/ouaillaamiri/Development/lsi_3/airflow/venv/lib/python3.11/site-packages/airflow/example_dags/example_params_trigger_ui.py
[2024-11-06T11:02:29.006-1100] {processor.py:925} INFO - DAG(s) 'example_params_trigger_ui' retrieved from /home/ouaillaamiri/Development/lsi_3/airflow/venv/lib/python3.11/site-packages/airflow/example_dags/example_params_trigger_ui.py
[2024-11-06T11:02:29.115-1100] {logging_mixin.py:190} INFO - [2024-11-06T11:02:29.115-1100] {dag.py:3239} INFO - Sync 1 DAGs
[2024-11-06T11:02:29.142-1100] {logging_mixin.py:190} INFO - [2024-11-06T11:02:29.141-1100] {dag.py:4180} INFO - Setting next_dagrun for example_params_trigger_ui to None, run_after=None
[2024-11-06T11:02:29.178-1100] {processor.py:208} INFO - Processing /home/ouaillaamiri/Development/lsi_3/airflow/venv/lib/python3.11/site-packages/airflow/example_dags/example_params_trigger_ui.py took 0.210 seconds
[2024-11-06T11:02:59.811-1100] {processor.py:186} INFO - Started process (PID=231278) to work on /home/ouaillaamiri/Development/lsi_3/airflow/venv/lib/python3.11/site-packages/airflow/example_dags/example_params_trigger_ui.py
[2024-11-06T11:02:59.813-1100] {processor.py:914} INFO - Processing file /home/ouaillaamiri/Development/lsi_3/airflow/venv/lib/python3.11/site-packages/airflow/example_dags/example_params_trigger_ui.py for tasks to queue
[2024-11-06T11:02:59.818-1100] {logging_mixin.py:190} INFO - [2024-11-06T11:02:59.817-1100] {dagbag.py:588} INFO - Filling up the DagBag from /home/ouaillaamiri/Development/lsi_3/airflow/venv/lib/python3.11/site-packages/airflow/example_dags/example_params_trigger_ui.py
[2024-11-06T11:02:59.840-1100] {processor.py:925} INFO - DAG(s) 'example_params_trigger_ui' retrieved from /home/ouaillaamiri/Development/lsi_3/airflow/venv/lib/python3.11/site-packages/airflow/example_dags/example_params_trigger_ui.py
[2024-11-06T11:02:59.935-1100] {logging_mixin.py:190} INFO - [2024-11-06T11:02:59.935-1100] {dag.py:3239} INFO - Sync 1 DAGs
[2024-11-06T11:02:59.968-1100] {logging_mixin.py:190} INFO - [2024-11-06T11:02:59.967-1100] {dag.py:4180} INFO - Setting next_dagrun for example_params_trigger_ui to None, run_after=None
[2024-11-06T11:03:00.012-1100] {processor.py:208} INFO - Processing /home/ouaillaamiri/Development/lsi_3/airflow/venv/lib/python3.11/site-packages/airflow/example_dags/example_params_trigger_ui.py took 0.212 seconds
[2024-11-06T11:03:30.687-1100] {processor.py:186} INFO - Started process (PID=231638) to work on /home/ouaillaamiri/Development/lsi_3/airflow/venv/lib/python3.11/site-packages/airflow/example_dags/example_params_trigger_ui.py
[2024-11-06T11:03:30.690-1100] {processor.py:914} INFO - Processing file /home/ouaillaamiri/Development/lsi_3/airflow/venv/lib/python3.11/site-packages/airflow/example_dags/example_params_trigger_ui.py for tasks to queue
[2024-11-06T11:03:30.696-1100] {logging_mixin.py:190} INFO - [2024-11-06T11:03:30.695-1100] {dagbag.py:588} INFO - Filling up the DagBag from /home/ouaillaamiri/Development/lsi_3/airflow/venv/lib/python3.11/site-packages/airflow/example_dags/example_params_trigger_ui.py
[2024-11-06T11:03:30.725-1100] {processor.py:925} INFO - DAG(s) 'example_params_trigger_ui' retrieved from /home/ouaillaamiri/Development/lsi_3/airflow/venv/lib/python3.11/site-packages/airflow/example_dags/example_params_trigger_ui.py
[2024-11-06T11:03:30.889-1100] {logging_mixin.py:190} INFO - [2024-11-06T11:03:30.889-1100] {dag.py:3239} INFO - Sync 1 DAGs
[2024-11-06T11:03:30.935-1100] {logging_mixin.py:190} INFO - [2024-11-06T11:03:30.935-1100] {dag.py:4180} INFO - Setting next_dagrun for example_params_trigger_ui to None, run_after=None
[2024-11-06T11:03:30.996-1100] {processor.py:208} INFO - Processing /home/ouaillaamiri/Development/lsi_3/airflow/venv/lib/python3.11/site-packages/airflow/example_dags/example_params_trigger_ui.py took 0.332 seconds
[2024-11-06T11:04:01.485-1100] {processor.py:186} INFO - Started process (PID=232313) to work on /home/ouaillaamiri/Development/lsi_3/airflow/venv/lib/python3.11/site-packages/airflow/example_dags/example_params_trigger_ui.py
[2024-11-06T11:04:01.487-1100] {processor.py:914} INFO - Processing file /home/ouaillaamiri/Development/lsi_3/airflow/venv/lib/python3.11/site-packages/airflow/example_dags/example_params_trigger_ui.py for tasks to queue
[2024-11-06T11:04:01.490-1100] {logging_mixin.py:190} INFO - [2024-11-06T11:04:01.490-1100] {dagbag.py:588} INFO - Filling up the DagBag from /home/ouaillaamiri/Development/lsi_3/airflow/venv/lib/python3.11/site-packages/airflow/example_dags/example_params_trigger_ui.py
[2024-11-06T11:04:01.511-1100] {processor.py:925} INFO - DAG(s) 'example_params_trigger_ui' retrieved from /home/ouaillaamiri/Development/lsi_3/airflow/venv/lib/python3.11/site-packages/airflow/example_dags/example_params_trigger_ui.py
[2024-11-06T11:04:01.609-1100] {logging_mixin.py:190} INFO - [2024-11-06T11:04:01.609-1100] {dag.py:3239} INFO - Sync 1 DAGs
[2024-11-06T11:04:01.636-1100] {logging_mixin.py:190} INFO - [2024-11-06T11:04:01.635-1100] {dag.py:4180} INFO - Setting next_dagrun for example_params_trigger_ui to None, run_after=None
[2024-11-06T11:04:01.672-1100] {processor.py:208} INFO - Processing /home/ouaillaamiri/Development/lsi_3/airflow/venv/lib/python3.11/site-packages/airflow/example_dags/example_params_trigger_ui.py took 0.198 seconds
[2024-11-06T11:04:32.811-1100] {processor.py:186} INFO - Started process (PID=232689) to work on /home/ouaillaamiri/Development/lsi_3/airflow/venv/lib/python3.11/site-packages/airflow/example_dags/example_params_trigger_ui.py
[2024-11-06T11:04:32.814-1100] {processor.py:914} INFO - Processing file /home/ouaillaamiri/Development/lsi_3/airflow/venv/lib/python3.11/site-packages/airflow/example_dags/example_params_trigger_ui.py for tasks to queue
[2024-11-06T11:04:32.819-1100] {logging_mixin.py:190} INFO - [2024-11-06T11:04:32.818-1100] {dagbag.py:588} INFO - Filling up the DagBag from /home/ouaillaamiri/Development/lsi_3/airflow/venv/lib/python3.11/site-packages/airflow/example_dags/example_params_trigger_ui.py
[2024-11-06T11:04:32.849-1100] {processor.py:925} INFO - DAG(s) 'example_params_trigger_ui' retrieved from /home/ouaillaamiri/Development/lsi_3/airflow/venv/lib/python3.11/site-packages/airflow/example_dags/example_params_trigger_ui.py
[2024-11-06T11:04:32.992-1100] {logging_mixin.py:190} INFO - [2024-11-06T11:04:32.991-1100] {dag.py:3239} INFO - Sync 1 DAGs
[2024-11-06T11:04:33.029-1100] {logging_mixin.py:190} INFO - [2024-11-06T11:04:33.028-1100] {dag.py:4180} INFO - Setting next_dagrun for example_params_trigger_ui to None, run_after=None
[2024-11-06T11:04:33.088-1100] {processor.py:208} INFO - Processing /home/ouaillaamiri/Development/lsi_3/airflow/venv/lib/python3.11/site-packages/airflow/example_dags/example_params_trigger_ui.py took 0.291 seconds
