[2024-11-06T10:53:39.240-1100] {processor.py:186} INFO - Started process (PID=219656) to work on /home/ouaillaamiri/Development/lsi_3/airflow/venv/lib/python3.11/site-packages/airflow/example_dags/example_dag_decorator.py
[2024-11-06T10:53:39.242-1100] {processor.py:914} INFO - Processing file /home/ouaillaamiri/Development/lsi_3/airflow/venv/lib/python3.11/site-packages/airflow/example_dags/example_dag_decorator.py for tasks to queue
[2024-11-06T10:53:39.248-1100] {logging_mixin.py:190} INFO - [2024-11-06T10:53:39.247-1100] {dagbag.py:588} INFO - Filling up the DagBag from /home/ouaillaamiri/Development/lsi_3/airflow/venv/lib/python3.11/site-packages/airflow/example_dags/example_dag_decorator.py
[2024-11-06T10:53:39.268-1100] {processor.py:925} INFO - DAG(s) 'example_dag_decorator' retrieved from /home/ouaillaamiri/Development/lsi_3/airflow/venv/lib/python3.11/site-packages/airflow/example_dags/example_dag_decorator.py
[2024-11-06T10:53:39.469-1100] {logging_mixin.py:190} INFO - [2024-11-06T10:53:39.468-1100] {override.py:1911} INFO - Created Permission View: can edit on DAG:example_dag_decorator
[2024-11-06T10:53:39.489-1100] {logging_mixin.py:190} INFO - [2024-11-06T10:53:39.489-1100] {override.py:1911} INFO - Created Permission View: can delete on DAG:example_dag_decorator
[2024-11-06T10:53:39.502-1100] {logging_mixin.py:190} INFO - [2024-11-06T10:53:39.501-1100] {override.py:1911} INFO - Created Permission View: can read on DAG:example_dag_decorator
[2024-11-06T10:53:39.515-1100] {logging_mixin.py:190} INFO - [2024-11-06T10:53:39.514-1100] {override.py:1911} INFO - Created Permission View: can delete on DAG Run:example_dag_decorator
[2024-11-06T10:53:39.528-1100] {logging_mixin.py:190} INFO - [2024-11-06T10:53:39.527-1100] {override.py:1911} INFO - Created Permission View: can create on DAG Run:example_dag_decorator
[2024-11-06T10:53:39.541-1100] {logging_mixin.py:190} INFO - [2024-11-06T10:53:39.540-1100] {override.py:1911} INFO - Created Permission View: menu access on DAG Run:example_dag_decorator
[2024-11-06T10:53:39.554-1100] {logging_mixin.py:190} INFO - [2024-11-06T10:53:39.554-1100] {override.py:1911} INFO - Created Permission View: can read on DAG Run:example_dag_decorator
[2024-11-06T10:53:39.555-1100] {logging_mixin.py:190} INFO - [2024-11-06T10:53:39.555-1100] {dag.py:3239} INFO - Sync 1 DAGs
[2024-11-06T10:53:39.578-1100] {logging_mixin.py:190} INFO - [2024-11-06T10:53:39.578-1100] {dag.py:3262} INFO - Creating ORM DAG for example_dag_decorator
[2024-11-06T10:53:39.580-1100] {logging_mixin.py:190} INFO - [2024-11-06T10:53:39.579-1100] {dag.py:4180} INFO - Setting next_dagrun for example_dag_decorator to None, run_after=None
[2024-11-06T10:53:39.612-1100] {processor.py:208} INFO - Processing /home/ouaillaamiri/Development/lsi_3/airflow/venv/lib/python3.11/site-packages/airflow/example_dags/example_dag_decorator.py took 0.382 seconds
[2024-11-06T10:54:09.912-1100] {processor.py:186} INFO - Started process (PID=220380) to work on /home/ouaillaamiri/Development/lsi_3/airflow/venv/lib/python3.11/site-packages/airflow/example_dags/example_dag_decorator.py
[2024-11-06T10:54:09.914-1100] {processor.py:914} INFO - Processing file /home/ouaillaamiri/Development/lsi_3/airflow/venv/lib/python3.11/site-packages/airflow/example_dags/example_dag_decorator.py for tasks to queue
[2024-11-06T10:54:09.918-1100] {logging_mixin.py:190} INFO - [2024-11-06T10:54:09.917-1100] {dagbag.py:588} INFO - Filling up the DagBag from /home/ouaillaamiri/Development/lsi_3/airflow/venv/lib/python3.11/site-packages/airflow/example_dags/example_dag_decorator.py
[2024-11-06T10:54:09.941-1100] {processor.py:925} INFO - DAG(s) 'example_dag_decorator' retrieved from /home/ouaillaamiri/Development/lsi_3/airflow/venv/lib/python3.11/site-packages/airflow/example_dags/example_dag_decorator.py
[2024-11-06T10:54:10.208-1100] {logging_mixin.py:190} INFO - [2024-11-06T10:54:10.208-1100] {dag.py:3239} INFO - Sync 1 DAGs
[2024-11-06T10:54:10.229-1100] {logging_mixin.py:190} INFO - [2024-11-06T10:54:10.229-1100] {dag.py:4180} INFO - Setting next_dagrun for example_dag_decorator to None, run_after=None
[2024-11-06T10:54:10.266-1100] {processor.py:208} INFO - Processing /home/ouaillaamiri/Development/lsi_3/airflow/venv/lib/python3.11/site-packages/airflow/example_dags/example_dag_decorator.py took 0.364 seconds
[2024-11-06T10:54:40.417-1100] {processor.py:186} INFO - Started process (PID=220750) to work on /home/ouaillaamiri/Development/lsi_3/airflow/venv/lib/python3.11/site-packages/airflow/example_dags/example_dag_decorator.py
[2024-11-06T10:54:40.421-1100] {processor.py:914} INFO - Processing file /home/ouaillaamiri/Development/lsi_3/airflow/venv/lib/python3.11/site-packages/airflow/example_dags/example_dag_decorator.py for tasks to queue
[2024-11-06T10:54:40.427-1100] {logging_mixin.py:190} INFO - [2024-11-06T10:54:40.426-1100] {dagbag.py:588} INFO - Filling up the DagBag from /home/ouaillaamiri/Development/lsi_3/airflow/venv/lib/python3.11/site-packages/airflow/example_dags/example_dag_decorator.py
[2024-11-06T10:54:40.451-1100] {processor.py:925} INFO - DAG(s) 'example_dag_decorator' retrieved from /home/ouaillaamiri/Development/lsi_3/airflow/venv/lib/python3.11/site-packages/airflow/example_dags/example_dag_decorator.py
[2024-11-06T10:54:40.701-1100] {logging_mixin.py:190} INFO - [2024-11-06T10:54:40.700-1100] {dag.py:3239} INFO - Sync 1 DAGs
[2024-11-06T10:54:40.734-1100] {logging_mixin.py:190} INFO - [2024-11-06T10:54:40.734-1100] {dag.py:4180} INFO - Setting next_dagrun for example_dag_decorator to None, run_after=None
[2024-11-06T10:54:40.775-1100] {processor.py:208} INFO - Processing /home/ouaillaamiri/Development/lsi_3/airflow/venv/lib/python3.11/site-packages/airflow/example_dags/example_dag_decorator.py took 0.377 seconds
[2024-11-06T10:55:11.072-1100] {processor.py:186} INFO - Started process (PID=221451) to work on /home/ouaillaamiri/Development/lsi_3/airflow/venv/lib/python3.11/site-packages/airflow/example_dags/example_dag_decorator.py
[2024-11-06T10:55:11.074-1100] {processor.py:914} INFO - Processing file /home/ouaillaamiri/Development/lsi_3/airflow/venv/lib/python3.11/site-packages/airflow/example_dags/example_dag_decorator.py for tasks to queue
[2024-11-06T10:55:11.078-1100] {logging_mixin.py:190} INFO - [2024-11-06T10:55:11.077-1100] {dagbag.py:588} INFO - Filling up the DagBag from /home/ouaillaamiri/Development/lsi_3/airflow/venv/lib/python3.11/site-packages/airflow/example_dags/example_dag_decorator.py
[2024-11-06T10:55:11.105-1100] {processor.py:925} INFO - DAG(s) 'example_dag_decorator' retrieved from /home/ouaillaamiri/Development/lsi_3/airflow/venv/lib/python3.11/site-packages/airflow/example_dags/example_dag_decorator.py
[2024-11-06T10:55:11.197-1100] {logging_mixin.py:190} INFO - [2024-11-06T10:55:11.196-1100] {dag.py:3239} INFO - Sync 1 DAGs
[2024-11-06T10:55:11.246-1100] {logging_mixin.py:190} INFO - [2024-11-06T10:55:11.244-1100] {dag.py:4180} INFO - Setting next_dagrun for example_dag_decorator to None, run_after=None
[2024-11-06T10:55:11.296-1100] {processor.py:208} INFO - Processing /home/ouaillaamiri/Development/lsi_3/airflow/venv/lib/python3.11/site-packages/airflow/example_dags/example_dag_decorator.py took 0.236 seconds
[2024-11-06T10:55:41.614-1100] {processor.py:186} INFO - Started process (PID=221816) to work on /home/ouaillaamiri/Development/lsi_3/airflow/venv/lib/python3.11/site-packages/airflow/example_dags/example_dag_decorator.py
[2024-11-06T10:55:41.616-1100] {processor.py:914} INFO - Processing file /home/ouaillaamiri/Development/lsi_3/airflow/venv/lib/python3.11/site-packages/airflow/example_dags/example_dag_decorator.py for tasks to queue
[2024-11-06T10:55:41.620-1100] {logging_mixin.py:190} INFO - [2024-11-06T10:55:41.619-1100] {dagbag.py:588} INFO - Filling up the DagBag from /home/ouaillaamiri/Development/lsi_3/airflow/venv/lib/python3.11/site-packages/airflow/example_dags/example_dag_decorator.py
[2024-11-06T10:55:41.645-1100] {processor.py:925} INFO - DAG(s) 'example_dag_decorator' retrieved from /home/ouaillaamiri/Development/lsi_3/airflow/venv/lib/python3.11/site-packages/airflow/example_dags/example_dag_decorator.py
[2024-11-06T10:55:41.890-1100] {logging_mixin.py:190} INFO - [2024-11-06T10:55:41.890-1100] {dag.py:3239} INFO - Sync 1 DAGs
[2024-11-06T10:55:41.912-1100] {logging_mixin.py:190} INFO - [2024-11-06T10:55:41.912-1100] {dag.py:4180} INFO - Setting next_dagrun for example_dag_decorator to None, run_after=None
[2024-11-06T10:55:41.955-1100] {processor.py:208} INFO - Processing /home/ouaillaamiri/Development/lsi_3/airflow/venv/lib/python3.11/site-packages/airflow/example_dags/example_dag_decorator.py took 0.351 seconds
[2024-11-06T10:56:12.170-1100] {processor.py:186} INFO - Started process (PID=222198) to work on /home/ouaillaamiri/Development/lsi_3/airflow/venv/lib/python3.11/site-packages/airflow/example_dags/example_dag_decorator.py
[2024-11-06T10:56:12.172-1100] {processor.py:914} INFO - Processing file /home/ouaillaamiri/Development/lsi_3/airflow/venv/lib/python3.11/site-packages/airflow/example_dags/example_dag_decorator.py for tasks to queue
[2024-11-06T10:56:12.177-1100] {logging_mixin.py:190} INFO - [2024-11-06T10:56:12.176-1100] {dagbag.py:588} INFO - Filling up the DagBag from /home/ouaillaamiri/Development/lsi_3/airflow/venv/lib/python3.11/site-packages/airflow/example_dags/example_dag_decorator.py
[2024-11-06T10:56:12.202-1100] {processor.py:925} INFO - DAG(s) 'example_dag_decorator' retrieved from /home/ouaillaamiri/Development/lsi_3/airflow/venv/lib/python3.11/site-packages/airflow/example_dags/example_dag_decorator.py
[2024-11-06T10:56:12.464-1100] {logging_mixin.py:190} INFO - [2024-11-06T10:56:12.463-1100] {dag.py:3239} INFO - Sync 1 DAGs
[2024-11-06T10:56:12.485-1100] {logging_mixin.py:190} INFO - [2024-11-06T10:56:12.485-1100] {dag.py:4180} INFO - Setting next_dagrun for example_dag_decorator to None, run_after=None
[2024-11-06T10:56:12.523-1100] {processor.py:208} INFO - Processing /home/ouaillaamiri/Development/lsi_3/airflow/venv/lib/python3.11/site-packages/airflow/example_dags/example_dag_decorator.py took 0.367 seconds
[2024-11-06T10:56:48.234-1100] {processor.py:186} INFO - Started process (PID=223393) to work on /home/ouaillaamiri/Development/lsi_3/airflow/venv/lib/python3.11/site-packages/airflow/example_dags/example_dag_decorator.py
[2024-11-06T10:56:48.235-1100] {processor.py:914} INFO - Processing file /home/ouaillaamiri/Development/lsi_3/airflow/venv/lib/python3.11/site-packages/airflow/example_dags/example_dag_decorator.py for tasks to queue
[2024-11-06T10:56:48.240-1100] {logging_mixin.py:190} INFO - [2024-11-06T10:56:48.240-1100] {dagbag.py:588} INFO - Filling up the DagBag from /home/ouaillaamiri/Development/lsi_3/airflow/venv/lib/python3.11/site-packages/airflow/example_dags/example_dag_decorator.py
[2024-11-06T10:56:48.262-1100] {processor.py:925} INFO - DAG(s) 'example_dag_decorator' retrieved from /home/ouaillaamiri/Development/lsi_3/airflow/venv/lib/python3.11/site-packages/airflow/example_dags/example_dag_decorator.py
[2024-11-06T10:56:48.513-1100] {logging_mixin.py:190} INFO - [2024-11-06T10:56:48.512-1100] {dag.py:3239} INFO - Sync 1 DAGs
[2024-11-06T10:56:48.533-1100] {logging_mixin.py:190} INFO - [2024-11-06T10:56:48.533-1100] {dag.py:4180} INFO - Setting next_dagrun for example_dag_decorator to None, run_after=None
[2024-11-06T10:56:48.572-1100] {processor.py:208} INFO - Processing /home/ouaillaamiri/Development/lsi_3/airflow/venv/lib/python3.11/site-packages/airflow/example_dags/example_dag_decorator.py took 0.349 seconds
[2024-11-06T10:57:19.156-1100] {processor.py:186} INFO - Started process (PID=224596) to work on /home/ouaillaamiri/Development/lsi_3/airflow/venv/lib/python3.11/site-packages/airflow/example_dags/example_dag_decorator.py
[2024-11-06T10:57:19.158-1100] {processor.py:914} INFO - Processing file /home/ouaillaamiri/Development/lsi_3/airflow/venv/lib/python3.11/site-packages/airflow/example_dags/example_dag_decorator.py for tasks to queue
[2024-11-06T10:57:19.162-1100] {logging_mixin.py:190} INFO - [2024-11-06T10:57:19.162-1100] {dagbag.py:588} INFO - Filling up the DagBag from /home/ouaillaamiri/Development/lsi_3/airflow/venv/lib/python3.11/site-packages/airflow/example_dags/example_dag_decorator.py
[2024-11-06T10:57:19.187-1100] {processor.py:925} INFO - DAG(s) 'example_dag_decorator' retrieved from /home/ouaillaamiri/Development/lsi_3/airflow/venv/lib/python3.11/site-packages/airflow/example_dags/example_dag_decorator.py
[2024-11-06T10:57:19.427-1100] {logging_mixin.py:190} INFO - [2024-11-06T10:57:19.426-1100] {dag.py:3239} INFO - Sync 1 DAGs
[2024-11-06T10:57:19.454-1100] {logging_mixin.py:190} INFO - [2024-11-06T10:57:19.453-1100] {dag.py:4180} INFO - Setting next_dagrun for example_dag_decorator to None, run_after=None
[2024-11-06T10:57:19.500-1100] {processor.py:208} INFO - Processing /home/ouaillaamiri/Development/lsi_3/airflow/venv/lib/python3.11/site-packages/airflow/example_dags/example_dag_decorator.py took 0.356 seconds
[2024-11-06T10:57:49.685-1100] {processor.py:186} INFO - Started process (PID=225292) to work on /home/ouaillaamiri/Development/lsi_3/airflow/venv/lib/python3.11/site-packages/airflow/example_dags/example_dag_decorator.py
[2024-11-06T10:57:49.687-1100] {processor.py:914} INFO - Processing file /home/ouaillaamiri/Development/lsi_3/airflow/venv/lib/python3.11/site-packages/airflow/example_dags/example_dag_decorator.py for tasks to queue
[2024-11-06T10:57:49.691-1100] {logging_mixin.py:190} INFO - [2024-11-06T10:57:49.691-1100] {dagbag.py:588} INFO - Filling up the DagBag from /home/ouaillaamiri/Development/lsi_3/airflow/venv/lib/python3.11/site-packages/airflow/example_dags/example_dag_decorator.py
[2024-11-06T10:57:49.718-1100] {processor.py:925} INFO - DAG(s) 'example_dag_decorator' retrieved from /home/ouaillaamiri/Development/lsi_3/airflow/venv/lib/python3.11/site-packages/airflow/example_dags/example_dag_decorator.py
[2024-11-06T10:57:49.783-1100] {logging_mixin.py:190} INFO - [2024-11-06T10:57:49.782-1100] {dag.py:3239} INFO - Sync 1 DAGs
[2024-11-06T10:57:49.810-1100] {logging_mixin.py:190} INFO - [2024-11-06T10:57:49.810-1100] {dag.py:4180} INFO - Setting next_dagrun for example_dag_decorator to None, run_after=None
[2024-11-06T10:57:49.847-1100] {processor.py:208} INFO - Processing /home/ouaillaamiri/Development/lsi_3/airflow/venv/lib/python3.11/site-packages/airflow/example_dags/example_dag_decorator.py took 0.175 seconds
[2024-11-06T10:58:21.179-1100] {processor.py:186} INFO - Started process (PID=225841) to work on /home/ouaillaamiri/Development/lsi_3/airflow/venv/lib/python3.11/site-packages/airflow/example_dags/example_dag_decorator.py
[2024-11-06T10:58:21.181-1100] {processor.py:914} INFO - Processing file /home/ouaillaamiri/Development/lsi_3/airflow/venv/lib/python3.11/site-packages/airflow/example_dags/example_dag_decorator.py for tasks to queue
[2024-11-06T10:58:21.186-1100] {logging_mixin.py:190} INFO - [2024-11-06T10:58:21.186-1100] {dagbag.py:588} INFO - Filling up the DagBag from /home/ouaillaamiri/Development/lsi_3/airflow/venv/lib/python3.11/site-packages/airflow/example_dags/example_dag_decorator.py
[2024-11-06T10:58:21.214-1100] {processor.py:925} INFO - DAG(s) 'example_dag_decorator' retrieved from /home/ouaillaamiri/Development/lsi_3/airflow/venv/lib/python3.11/site-packages/airflow/example_dags/example_dag_decorator.py
[2024-11-06T10:58:21.500-1100] {logging_mixin.py:190} INFO - [2024-11-06T10:58:21.499-1100] {dag.py:3239} INFO - Sync 1 DAGs
[2024-11-06T10:58:21.525-1100] {logging_mixin.py:190} INFO - [2024-11-06T10:58:21.524-1100] {dag.py:4180} INFO - Setting next_dagrun for example_dag_decorator to None, run_after=None
[2024-11-06T10:58:21.567-1100] {processor.py:208} INFO - Processing /home/ouaillaamiri/Development/lsi_3/airflow/venv/lib/python3.11/site-packages/airflow/example_dags/example_dag_decorator.py took 0.404 seconds
[2024-11-06T10:58:52.461-1100] {processor.py:186} INFO - Started process (PID=226579) to work on /home/ouaillaamiri/Development/lsi_3/airflow/venv/lib/python3.11/site-packages/airflow/example_dags/example_dag_decorator.py
[2024-11-06T10:58:52.465-1100] {processor.py:914} INFO - Processing file /home/ouaillaamiri/Development/lsi_3/airflow/venv/lib/python3.11/site-packages/airflow/example_dags/example_dag_decorator.py for tasks to queue
[2024-11-06T10:58:52.470-1100] {logging_mixin.py:190} INFO - [2024-11-06T10:58:52.469-1100] {dagbag.py:588} INFO - Filling up the DagBag from /home/ouaillaamiri/Development/lsi_3/airflow/venv/lib/python3.11/site-packages/airflow/example_dags/example_dag_decorator.py
[2024-11-06T10:58:52.497-1100] {processor.py:925} INFO - DAG(s) 'example_dag_decorator' retrieved from /home/ouaillaamiri/Development/lsi_3/airflow/venv/lib/python3.11/site-packages/airflow/example_dags/example_dag_decorator.py
[2024-11-06T10:58:52.749-1100] {logging_mixin.py:190} INFO - [2024-11-06T10:58:52.748-1100] {dag.py:3239} INFO - Sync 1 DAGs
[2024-11-06T10:58:52.770-1100] {logging_mixin.py:190} INFO - [2024-11-06T10:58:52.770-1100] {dag.py:4180} INFO - Setting next_dagrun for example_dag_decorator to None, run_after=None
[2024-11-06T10:58:52.806-1100] {processor.py:208} INFO - Processing /home/ouaillaamiri/Development/lsi_3/airflow/venv/lib/python3.11/site-packages/airflow/example_dags/example_dag_decorator.py took 0.358 seconds
[2024-11-06T10:59:23.050-1100] {processor.py:186} INFO - Started process (PID=227268) to work on /home/ouaillaamiri/Development/lsi_3/airflow/venv/lib/python3.11/site-packages/airflow/example_dags/example_dag_decorator.py
[2024-11-06T10:59:23.053-1100] {processor.py:914} INFO - Processing file /home/ouaillaamiri/Development/lsi_3/airflow/venv/lib/python3.11/site-packages/airflow/example_dags/example_dag_decorator.py for tasks to queue
[2024-11-06T10:59:23.058-1100] {logging_mixin.py:190} INFO - [2024-11-06T10:59:23.057-1100] {dagbag.py:588} INFO - Filling up the DagBag from /home/ouaillaamiri/Development/lsi_3/airflow/venv/lib/python3.11/site-packages/airflow/example_dags/example_dag_decorator.py
[2024-11-06T10:59:23.084-1100] {processor.py:925} INFO - DAG(s) 'example_dag_decorator' retrieved from /home/ouaillaamiri/Development/lsi_3/airflow/venv/lib/python3.11/site-packages/airflow/example_dags/example_dag_decorator.py
[2024-11-06T10:59:23.319-1100] {logging_mixin.py:190} INFO - [2024-11-06T10:59:23.319-1100] {dag.py:3239} INFO - Sync 1 DAGs
[2024-11-06T10:59:23.344-1100] {logging_mixin.py:190} INFO - [2024-11-06T10:59:23.344-1100] {dag.py:4180} INFO - Setting next_dagrun for example_dag_decorator to None, run_after=None
[2024-11-06T10:59:23.382-1100] {processor.py:208} INFO - Processing /home/ouaillaamiri/Development/lsi_3/airflow/venv/lib/python3.11/site-packages/airflow/example_dags/example_dag_decorator.py took 0.348 seconds
[2024-11-06T10:59:53.674-1100] {processor.py:186} INFO - Started process (PID=227669) to work on /home/ouaillaamiri/Development/lsi_3/airflow/venv/lib/python3.11/site-packages/airflow/example_dags/example_dag_decorator.py
[2024-11-06T10:59:53.676-1100] {processor.py:914} INFO - Processing file /home/ouaillaamiri/Development/lsi_3/airflow/venv/lib/python3.11/site-packages/airflow/example_dags/example_dag_decorator.py for tasks to queue
[2024-11-06T10:59:53.681-1100] {logging_mixin.py:190} INFO - [2024-11-06T10:59:53.681-1100] {dagbag.py:588} INFO - Filling up the DagBag from /home/ouaillaamiri/Development/lsi_3/airflow/venv/lib/python3.11/site-packages/airflow/example_dags/example_dag_decorator.py
[2024-11-06T10:59:53.706-1100] {processor.py:925} INFO - DAG(s) 'example_dag_decorator' retrieved from /home/ouaillaamiri/Development/lsi_3/airflow/venv/lib/python3.11/site-packages/airflow/example_dags/example_dag_decorator.py
[2024-11-06T10:59:53.771-1100] {logging_mixin.py:190} INFO - [2024-11-06T10:59:53.770-1100] {dag.py:3239} INFO - Sync 1 DAGs
[2024-11-06T10:59:53.796-1100] {logging_mixin.py:190} INFO - [2024-11-06T10:59:53.795-1100] {dag.py:4180} INFO - Setting next_dagrun for example_dag_decorator to None, run_after=None
[2024-11-06T10:59:53.830-1100] {processor.py:208} INFO - Processing /home/ouaillaamiri/Development/lsi_3/airflow/venv/lib/python3.11/site-packages/airflow/example_dags/example_dag_decorator.py took 0.173 seconds
[2024-11-06T11:01:00.027-1100] {processor.py:186} INFO - Started process (PID=228991) to work on /home/ouaillaamiri/Development/lsi_3/airflow/venv/lib/python3.11/site-packages/airflow/example_dags/example_dag_decorator.py
[2024-11-06T11:01:00.032-1100] {processor.py:914} INFO - Processing file /home/ouaillaamiri/Development/lsi_3/airflow/venv/lib/python3.11/site-packages/airflow/example_dags/example_dag_decorator.py for tasks to queue
[2024-11-06T11:01:00.039-1100] {logging_mixin.py:190} INFO - [2024-11-06T11:01:00.038-1100] {dagbag.py:588} INFO - Filling up the DagBag from /home/ouaillaamiri/Development/lsi_3/airflow/venv/lib/python3.11/site-packages/airflow/example_dags/example_dag_decorator.py
[2024-11-06T11:01:00.079-1100] {processor.py:925} INFO - DAG(s) 'example_dag_decorator' retrieved from /home/ouaillaamiri/Development/lsi_3/airflow/venv/lib/python3.11/site-packages/airflow/example_dags/example_dag_decorator.py
[2024-11-06T11:01:00.485-1100] {logging_mixin.py:190} INFO - [2024-11-06T11:01:00.484-1100] {dag.py:3239} INFO - Sync 1 DAGs
[2024-11-06T11:01:00.517-1100] {logging_mixin.py:190} INFO - [2024-11-06T11:01:00.517-1100] {dag.py:4180} INFO - Setting next_dagrun for example_dag_decorator to None, run_after=None
[2024-11-06T11:01:00.572-1100] {processor.py:208} INFO - Processing /home/ouaillaamiri/Development/lsi_3/airflow/venv/lib/python3.11/site-packages/airflow/example_dags/example_dag_decorator.py took 0.563 seconds
[2024-11-06T11:01:31.018-1100] {processor.py:186} INFO - Started process (PID=229443) to work on /home/ouaillaamiri/Development/lsi_3/airflow/venv/lib/python3.11/site-packages/airflow/example_dags/example_dag_decorator.py
[2024-11-06T11:01:31.019-1100] {processor.py:914} INFO - Processing file /home/ouaillaamiri/Development/lsi_3/airflow/venv/lib/python3.11/site-packages/airflow/example_dags/example_dag_decorator.py for tasks to queue
[2024-11-06T11:01:31.023-1100] {logging_mixin.py:190} INFO - [2024-11-06T11:01:31.022-1100] {dagbag.py:588} INFO - Filling up the DagBag from /home/ouaillaamiri/Development/lsi_3/airflow/venv/lib/python3.11/site-packages/airflow/example_dags/example_dag_decorator.py
[2024-11-06T11:01:31.043-1100] {processor.py:925} INFO - DAG(s) 'example_dag_decorator' retrieved from /home/ouaillaamiri/Development/lsi_3/airflow/venv/lib/python3.11/site-packages/airflow/example_dags/example_dag_decorator.py
[2024-11-06T11:01:31.290-1100] {logging_mixin.py:190} INFO - [2024-11-06T11:01:31.290-1100] {dag.py:3239} INFO - Sync 1 DAGs
[2024-11-06T11:01:31.311-1100] {logging_mixin.py:190} INFO - [2024-11-06T11:01:31.311-1100] {dag.py:4180} INFO - Setting next_dagrun for example_dag_decorator to None, run_after=None
[2024-11-06T11:01:31.349-1100] {processor.py:208} INFO - Processing /home/ouaillaamiri/Development/lsi_3/airflow/venv/lib/python3.11/site-packages/airflow/example_dags/example_dag_decorator.py took 0.341 seconds
[2024-11-06T11:02:01.667-1100] {processor.py:186} INFO - Started process (PID=229822) to work on /home/ouaillaamiri/Development/lsi_3/airflow/venv/lib/python3.11/site-packages/airflow/example_dags/example_dag_decorator.py
[2024-11-06T11:02:01.669-1100] {processor.py:914} INFO - Processing file /home/ouaillaamiri/Development/lsi_3/airflow/venv/lib/python3.11/site-packages/airflow/example_dags/example_dag_decorator.py for tasks to queue
[2024-11-06T11:02:01.674-1100] {logging_mixin.py:190} INFO - [2024-11-06T11:02:01.673-1100] {dagbag.py:588} INFO - Filling up the DagBag from /home/ouaillaamiri/Development/lsi_3/airflow/venv/lib/python3.11/site-packages/airflow/example_dags/example_dag_decorator.py
[2024-11-06T11:02:01.699-1100] {processor.py:925} INFO - DAG(s) 'example_dag_decorator' retrieved from /home/ouaillaamiri/Development/lsi_3/airflow/venv/lib/python3.11/site-packages/airflow/example_dags/example_dag_decorator.py
[2024-11-06T11:02:01.774-1100] {logging_mixin.py:190} INFO - [2024-11-06T11:02:01.774-1100] {dag.py:3239} INFO - Sync 1 DAGs
[2024-11-06T11:02:01.808-1100] {logging_mixin.py:190} INFO - [2024-11-06T11:02:01.807-1100] {dag.py:4180} INFO - Setting next_dagrun for example_dag_decorator to None, run_after=None
[2024-11-06T11:02:01.852-1100] {processor.py:208} INFO - Processing /home/ouaillaamiri/Development/lsi_3/airflow/venv/lib/python3.11/site-packages/airflow/example_dags/example_dag_decorator.py took 0.200 seconds
[2024-11-06T11:02:32.166-1100] {processor.py:186} INFO - Started process (PID=230566) to work on /home/ouaillaamiri/Development/lsi_3/airflow/venv/lib/python3.11/site-packages/airflow/example_dags/example_dag_decorator.py
[2024-11-06T11:02:32.168-1100] {processor.py:914} INFO - Processing file /home/ouaillaamiri/Development/lsi_3/airflow/venv/lib/python3.11/site-packages/airflow/example_dags/example_dag_decorator.py for tasks to queue
[2024-11-06T11:02:32.173-1100] {logging_mixin.py:190} INFO - [2024-11-06T11:02:32.172-1100] {dagbag.py:588} INFO - Filling up the DagBag from /home/ouaillaamiri/Development/lsi_3/airflow/venv/lib/python3.11/site-packages/airflow/example_dags/example_dag_decorator.py
[2024-11-06T11:02:32.201-1100] {processor.py:925} INFO - DAG(s) 'example_dag_decorator' retrieved from /home/ouaillaamiri/Development/lsi_3/airflow/venv/lib/python3.11/site-packages/airflow/example_dags/example_dag_decorator.py
[2024-11-06T11:02:32.461-1100] {logging_mixin.py:190} INFO - [2024-11-06T11:02:32.461-1100] {dag.py:3239} INFO - Sync 1 DAGs
[2024-11-06T11:02:32.494-1100] {logging_mixin.py:190} INFO - [2024-11-06T11:02:32.494-1100] {dag.py:4180} INFO - Setting next_dagrun for example_dag_decorator to None, run_after=None
[2024-11-06T11:02:32.533-1100] {processor.py:208} INFO - Processing /home/ouaillaamiri/Development/lsi_3/airflow/venv/lib/python3.11/site-packages/airflow/example_dags/example_dag_decorator.py took 0.380 seconds
[2024-11-06T11:03:03.414-1100] {processor.py:186} INFO - Started process (PID=231402) to work on /home/ouaillaamiri/Development/lsi_3/airflow/venv/lib/python3.11/site-packages/airflow/example_dags/example_dag_decorator.py
[2024-11-06T11:03:03.419-1100] {processor.py:914} INFO - Processing file /home/ouaillaamiri/Development/lsi_3/airflow/venv/lib/python3.11/site-packages/airflow/example_dags/example_dag_decorator.py for tasks to queue
[2024-11-06T11:03:03.424-1100] {logging_mixin.py:190} INFO - [2024-11-06T11:03:03.423-1100] {dagbag.py:588} INFO - Filling up the DagBag from /home/ouaillaamiri/Development/lsi_3/airflow/venv/lib/python3.11/site-packages/airflow/example_dags/example_dag_decorator.py
[2024-11-06T11:03:03.457-1100] {processor.py:925} INFO - DAG(s) 'example_dag_decorator' retrieved from /home/ouaillaamiri/Development/lsi_3/airflow/venv/lib/python3.11/site-packages/airflow/example_dags/example_dag_decorator.py
[2024-11-06T11:03:03.543-1100] {logging_mixin.py:190} INFO - [2024-11-06T11:03:03.542-1100] {dag.py:3239} INFO - Sync 1 DAGs
[2024-11-06T11:03:03.578-1100] {logging_mixin.py:190} INFO - [2024-11-06T11:03:03.577-1100] {dag.py:4180} INFO - Setting next_dagrun for example_dag_decorator to None, run_after=None
[2024-11-06T11:03:03.622-1100] {processor.py:208} INFO - Processing /home/ouaillaamiri/Development/lsi_3/airflow/venv/lib/python3.11/site-packages/airflow/example_dags/example_dag_decorator.py took 0.221 seconds
[2024-11-06T11:03:34.742-1100] {processor.py:186} INFO - Started process (PID=231907) to work on /home/ouaillaamiri/Development/lsi_3/airflow/venv/lib/python3.11/site-packages/airflow/example_dags/example_dag_decorator.py
[2024-11-06T11:03:34.745-1100] {processor.py:914} INFO - Processing file /home/ouaillaamiri/Development/lsi_3/airflow/venv/lib/python3.11/site-packages/airflow/example_dags/example_dag_decorator.py for tasks to queue
[2024-11-06T11:03:34.751-1100] {logging_mixin.py:190} INFO - [2024-11-06T11:03:34.750-1100] {dagbag.py:588} INFO - Filling up the DagBag from /home/ouaillaamiri/Development/lsi_3/airflow/venv/lib/python3.11/site-packages/airflow/example_dags/example_dag_decorator.py
[2024-11-06T11:03:34.789-1100] {processor.py:925} INFO - DAG(s) 'example_dag_decorator' retrieved from /home/ouaillaamiri/Development/lsi_3/airflow/venv/lib/python3.11/site-packages/airflow/example_dags/example_dag_decorator.py
[2024-11-06T11:03:35.088-1100] {logging_mixin.py:190} INFO - [2024-11-06T11:03:35.088-1100] {dag.py:3239} INFO - Sync 1 DAGs
[2024-11-06T11:03:35.125-1100] {logging_mixin.py:190} INFO - [2024-11-06T11:03:35.125-1100] {dag.py:4180} INFO - Setting next_dagrun for example_dag_decorator to None, run_after=None
[2024-11-06T11:03:35.175-1100] {processor.py:208} INFO - Processing /home/ouaillaamiri/Development/lsi_3/airflow/venv/lib/python3.11/site-packages/airflow/example_dags/example_dag_decorator.py took 0.449 seconds
[2024-11-06T11:04:05.447-1100] {processor.py:186} INFO - Started process (PID=232439) to work on /home/ouaillaamiri/Development/lsi_3/airflow/venv/lib/python3.11/site-packages/airflow/example_dags/example_dag_decorator.py
[2024-11-06T11:04:05.449-1100] {processor.py:914} INFO - Processing file /home/ouaillaamiri/Development/lsi_3/airflow/venv/lib/python3.11/site-packages/airflow/example_dags/example_dag_decorator.py for tasks to queue
[2024-11-06T11:04:05.453-1100] {logging_mixin.py:190} INFO - [2024-11-06T11:04:05.453-1100] {dagbag.py:588} INFO - Filling up the DagBag from /home/ouaillaamiri/Development/lsi_3/airflow/venv/lib/python3.11/site-packages/airflow/example_dags/example_dag_decorator.py
[2024-11-06T11:04:05.481-1100] {processor.py:925} INFO - DAG(s) 'example_dag_decorator' retrieved from /home/ouaillaamiri/Development/lsi_3/airflow/venv/lib/python3.11/site-packages/airflow/example_dags/example_dag_decorator.py
[2024-11-06T11:04:05.689-1100] {logging_mixin.py:190} INFO - [2024-11-06T11:04:05.688-1100] {dag.py:3239} INFO - Sync 1 DAGs
[2024-11-06T11:04:05.710-1100] {logging_mixin.py:190} INFO - [2024-11-06T11:04:05.710-1100] {dag.py:4180} INFO - Setting next_dagrun for example_dag_decorator to None, run_after=None
[2024-11-06T11:04:05.747-1100] {processor.py:208} INFO - Processing /home/ouaillaamiri/Development/lsi_3/airflow/venv/lib/python3.11/site-packages/airflow/example_dags/example_dag_decorator.py took 0.312 seconds
[2024-11-06T11:04:36.779-1100] {processor.py:186} INFO - Started process (PID=232818) to work on /home/ouaillaamiri/Development/lsi_3/airflow/venv/lib/python3.11/site-packages/airflow/example_dags/example_dag_decorator.py
[2024-11-06T11:04:36.783-1100] {processor.py:914} INFO - Processing file /home/ouaillaamiri/Development/lsi_3/airflow/venv/lib/python3.11/site-packages/airflow/example_dags/example_dag_decorator.py for tasks to queue
[2024-11-06T11:04:36.788-1100] {logging_mixin.py:190} INFO - [2024-11-06T11:04:36.787-1100] {dagbag.py:588} INFO - Filling up the DagBag from /home/ouaillaamiri/Development/lsi_3/airflow/venv/lib/python3.11/site-packages/airflow/example_dags/example_dag_decorator.py
[2024-11-06T11:04:36.811-1100] {processor.py:925} INFO - DAG(s) 'example_dag_decorator' retrieved from /home/ouaillaamiri/Development/lsi_3/airflow/venv/lib/python3.11/site-packages/airflow/example_dags/example_dag_decorator.py
[2024-11-06T11:04:37.046-1100] {logging_mixin.py:190} INFO - [2024-11-06T11:04:37.045-1100] {dag.py:3239} INFO - Sync 1 DAGs
[2024-11-06T11:04:37.070-1100] {logging_mixin.py:190} INFO - [2024-11-06T11:04:37.070-1100] {dag.py:4180} INFO - Setting next_dagrun for example_dag_decorator to None, run_after=None
[2024-11-06T11:04:37.104-1100] {processor.py:208} INFO - Processing /home/ouaillaamiri/Development/lsi_3/airflow/venv/lib/python3.11/site-packages/airflow/example_dags/example_dag_decorator.py took 0.338 seconds
