[2024-11-06T10:53:24.692-1100] {processor.py:186} INFO - Started process (PID=219017) to work on /home/ouaillaamiri/Development/lsi_3/airflow/venv/lib/python3.11/site-packages/airflow/example_dags/example_trigger_target_dag.py
[2024-11-06T10:53:24.694-1100] {processor.py:914} INFO - Processing file /home/ouaillaamiri/Development/lsi_3/airflow/venv/lib/python3.11/site-packages/airflow/example_dags/example_trigger_target_dag.py for tasks to queue
[2024-11-06T10:53:25.106-1100] {logging_mixin.py:190} INFO - [2024-11-06T10:53:25.106-1100] {dagbag.py:588} INFO - Filling up the DagBag from /home/ouaillaamiri/Development/lsi_3/airflow/venv/lib/python3.11/site-packages/airflow/example_dags/example_trigger_target_dag.py
[2024-11-06T10:53:25.125-1100] {processor.py:925} INFO - DAG(s) 'example_trigger_target_dag' retrieved from /home/ouaillaamiri/Development/lsi_3/airflow/venv/lib/python3.11/site-packages/airflow/example_dags/example_trigger_target_dag.py
[2024-11-06T10:53:25.461-1100] {logging_mixin.py:190} INFO - [2024-11-06T10:53:25.460-1100] {override.py:1911} INFO - Created Permission View: can edit on DAG:example_trigger_target_dag
[2024-11-06T10:53:25.487-1100] {logging_mixin.py:190} INFO - [2024-11-06T10:53:25.486-1100] {override.py:1911} INFO - Created Permission View: can delete on DAG:example_trigger_target_dag
[2024-11-06T10:53:25.506-1100] {logging_mixin.py:190} INFO - [2024-11-06T10:53:25.505-1100] {override.py:1911} INFO - Created Permission View: can read on DAG:example_trigger_target_dag
[2024-11-06T10:53:25.523-1100] {logging_mixin.py:190} INFO - [2024-11-06T10:53:25.522-1100] {override.py:1911} INFO - Created Permission View: can delete on DAG Run:example_trigger_target_dag
[2024-11-06T10:53:25.537-1100] {logging_mixin.py:190} INFO - [2024-11-06T10:53:25.537-1100] {override.py:1911} INFO - Created Permission View: can create on DAG Run:example_trigger_target_dag
[2024-11-06T10:53:25.555-1100] {logging_mixin.py:190} INFO - [2024-11-06T10:53:25.554-1100] {override.py:1911} INFO - Created Permission View: menu access on DAG Run:example_trigger_target_dag
[2024-11-06T10:53:25.571-1100] {logging_mixin.py:190} INFO - [2024-11-06T10:53:25.570-1100] {override.py:1911} INFO - Created Permission View: can read on DAG Run:example_trigger_target_dag
[2024-11-06T10:53:25.571-1100] {logging_mixin.py:190} INFO - [2024-11-06T10:53:25.571-1100] {dag.py:3239} INFO - Sync 1 DAGs
[2024-11-06T10:53:25.599-1100] {logging_mixin.py:190} INFO - [2024-11-06T10:53:25.598-1100] {dag.py:3262} INFO - Creating ORM DAG for example_trigger_target_dag
[2024-11-06T10:53:25.600-1100] {logging_mixin.py:190} INFO - [2024-11-06T10:53:25.600-1100] {dag.py:4180} INFO - Setting next_dagrun for example_trigger_target_dag to None, run_after=None
[2024-11-06T10:53:25.642-1100] {processor.py:208} INFO - Processing /home/ouaillaamiri/Development/lsi_3/airflow/venv/lib/python3.11/site-packages/airflow/example_dags/example_trigger_target_dag.py took 0.989 seconds
[2024-11-06T10:53:56.189-1100] {processor.py:186} INFO - Started process (PID=219793) to work on /home/ouaillaamiri/Development/lsi_3/airflow/venv/lib/python3.11/site-packages/airflow/example_dags/example_trigger_target_dag.py
[2024-11-06T10:53:56.191-1100] {processor.py:914} INFO - Processing file /home/ouaillaamiri/Development/lsi_3/airflow/venv/lib/python3.11/site-packages/airflow/example_dags/example_trigger_target_dag.py for tasks to queue
[2024-11-06T10:53:56.196-1100] {logging_mixin.py:190} INFO - [2024-11-06T10:53:56.196-1100] {dagbag.py:588} INFO - Filling up the DagBag from /home/ouaillaamiri/Development/lsi_3/airflow/venv/lib/python3.11/site-packages/airflow/example_dags/example_trigger_target_dag.py
[2024-11-06T10:53:56.209-1100] {processor.py:925} INFO - DAG(s) 'example_trigger_target_dag' retrieved from /home/ouaillaamiri/Development/lsi_3/airflow/venv/lib/python3.11/site-packages/airflow/example_dags/example_trigger_target_dag.py
[2024-11-06T10:53:56.293-1100] {logging_mixin.py:190} INFO - [2024-11-06T10:53:56.293-1100] {dag.py:3239} INFO - Sync 1 DAGs
[2024-11-06T10:53:56.320-1100] {logging_mixin.py:190} INFO - [2024-11-06T10:53:56.319-1100] {dag.py:4180} INFO - Setting next_dagrun for example_trigger_target_dag to None, run_after=None
[2024-11-06T10:53:56.358-1100] {processor.py:208} INFO - Processing /home/ouaillaamiri/Development/lsi_3/airflow/venv/lib/python3.11/site-packages/airflow/example_dags/example_trigger_target_dag.py took 0.178 seconds
[2024-11-06T10:54:26.799-1100] {processor.py:186} INFO - Started process (PID=220505) to work on /home/ouaillaamiri/Development/lsi_3/airflow/venv/lib/python3.11/site-packages/airflow/example_dags/example_trigger_target_dag.py
[2024-11-06T10:54:26.803-1100] {processor.py:914} INFO - Processing file /home/ouaillaamiri/Development/lsi_3/airflow/venv/lib/python3.11/site-packages/airflow/example_dags/example_trigger_target_dag.py for tasks to queue
[2024-11-06T10:54:26.809-1100] {logging_mixin.py:190} INFO - [2024-11-06T10:54:26.808-1100] {dagbag.py:588} INFO - Filling up the DagBag from /home/ouaillaamiri/Development/lsi_3/airflow/venv/lib/python3.11/site-packages/airflow/example_dags/example_trigger_target_dag.py
[2024-11-06T10:54:26.825-1100] {processor.py:925} INFO - DAG(s) 'example_trigger_target_dag' retrieved from /home/ouaillaamiri/Development/lsi_3/airflow/venv/lib/python3.11/site-packages/airflow/example_dags/example_trigger_target_dag.py
[2024-11-06T10:54:26.893-1100] {logging_mixin.py:190} INFO - [2024-11-06T10:54:26.892-1100] {dag.py:3239} INFO - Sync 1 DAGs
[2024-11-06T10:54:26.916-1100] {logging_mixin.py:190} INFO - [2024-11-06T10:54:26.916-1100] {dag.py:4180} INFO - Setting next_dagrun for example_trigger_target_dag to None, run_after=None
[2024-11-06T10:54:26.954-1100] {processor.py:208} INFO - Processing /home/ouaillaamiri/Development/lsi_3/airflow/venv/lib/python3.11/site-packages/airflow/example_dags/example_trigger_target_dag.py took 0.165 seconds
[2024-11-06T10:54:57.764-1100] {processor.py:186} INFO - Started process (PID=220878) to work on /home/ouaillaamiri/Development/lsi_3/airflow/venv/lib/python3.11/site-packages/airflow/example_dags/example_trigger_target_dag.py
[2024-11-06T10:54:57.767-1100] {processor.py:914} INFO - Processing file /home/ouaillaamiri/Development/lsi_3/airflow/venv/lib/python3.11/site-packages/airflow/example_dags/example_trigger_target_dag.py for tasks to queue
[2024-11-06T10:54:57.773-1100] {logging_mixin.py:190} INFO - [2024-11-06T10:54:57.772-1100] {dagbag.py:588} INFO - Filling up the DagBag from /home/ouaillaamiri/Development/lsi_3/airflow/venv/lib/python3.11/site-packages/airflow/example_dags/example_trigger_target_dag.py
[2024-11-06T10:54:57.794-1100] {processor.py:925} INFO - DAG(s) 'example_trigger_target_dag' retrieved from /home/ouaillaamiri/Development/lsi_3/airflow/venv/lib/python3.11/site-packages/airflow/example_dags/example_trigger_target_dag.py
[2024-11-06T10:54:57.871-1100] {logging_mixin.py:190} INFO - [2024-11-06T10:54:57.870-1100] {dag.py:3239} INFO - Sync 1 DAGs
[2024-11-06T10:54:57.905-1100] {logging_mixin.py:190} INFO - [2024-11-06T10:54:57.904-1100] {dag.py:4180} INFO - Setting next_dagrun for example_trigger_target_dag to None, run_after=None
[2024-11-06T10:54:57.954-1100] {processor.py:208} INFO - Processing /home/ouaillaamiri/Development/lsi_3/airflow/venv/lib/python3.11/site-packages/airflow/example_dags/example_trigger_target_dag.py took 0.201 seconds
[2024-11-06T10:55:28.023-1100] {processor.py:186} INFO - Started process (PID=221566) to work on /home/ouaillaamiri/Development/lsi_3/airflow/venv/lib/python3.11/site-packages/airflow/example_dags/example_trigger_target_dag.py
[2024-11-06T10:55:28.025-1100] {processor.py:914} INFO - Processing file /home/ouaillaamiri/Development/lsi_3/airflow/venv/lib/python3.11/site-packages/airflow/example_dags/example_trigger_target_dag.py for tasks to queue
[2024-11-06T10:55:28.029-1100] {logging_mixin.py:190} INFO - [2024-11-06T10:55:28.029-1100] {dagbag.py:588} INFO - Filling up the DagBag from /home/ouaillaamiri/Development/lsi_3/airflow/venv/lib/python3.11/site-packages/airflow/example_dags/example_trigger_target_dag.py
[2024-11-06T10:55:28.043-1100] {processor.py:925} INFO - DAG(s) 'example_trigger_target_dag' retrieved from /home/ouaillaamiri/Development/lsi_3/airflow/venv/lib/python3.11/site-packages/airflow/example_dags/example_trigger_target_dag.py
[2024-11-06T10:55:28.105-1100] {logging_mixin.py:190} INFO - [2024-11-06T10:55:28.104-1100] {dag.py:3239} INFO - Sync 1 DAGs
[2024-11-06T10:55:28.133-1100] {logging_mixin.py:190} INFO - [2024-11-06T10:55:28.132-1100] {dag.py:4180} INFO - Setting next_dagrun for example_trigger_target_dag to None, run_after=None
[2024-11-06T10:55:28.171-1100] {processor.py:208} INFO - Processing /home/ouaillaamiri/Development/lsi_3/airflow/venv/lib/python3.11/site-packages/airflow/example_dags/example_trigger_target_dag.py took 0.159 seconds
[2024-11-06T10:55:58.633-1100] {processor.py:186} INFO - Started process (PID=221941) to work on /home/ouaillaamiri/Development/lsi_3/airflow/venv/lib/python3.11/site-packages/airflow/example_dags/example_trigger_target_dag.py
[2024-11-06T10:55:58.637-1100] {processor.py:914} INFO - Processing file /home/ouaillaamiri/Development/lsi_3/airflow/venv/lib/python3.11/site-packages/airflow/example_dags/example_trigger_target_dag.py for tasks to queue
[2024-11-06T10:55:58.644-1100] {logging_mixin.py:190} INFO - [2024-11-06T10:55:58.643-1100] {dagbag.py:588} INFO - Filling up the DagBag from /home/ouaillaamiri/Development/lsi_3/airflow/venv/lib/python3.11/site-packages/airflow/example_dags/example_trigger_target_dag.py
[2024-11-06T10:55:58.662-1100] {processor.py:925} INFO - DAG(s) 'example_trigger_target_dag' retrieved from /home/ouaillaamiri/Development/lsi_3/airflow/venv/lib/python3.11/site-packages/airflow/example_dags/example_trigger_target_dag.py
[2024-11-06T10:55:58.726-1100] {logging_mixin.py:190} INFO - [2024-11-06T10:55:58.725-1100] {dag.py:3239} INFO - Sync 1 DAGs
[2024-11-06T10:55:58.758-1100] {logging_mixin.py:190} INFO - [2024-11-06T10:55:58.758-1100] {dag.py:4180} INFO - Setting next_dagrun for example_trigger_target_dag to None, run_after=None
[2024-11-06T10:55:58.795-1100] {processor.py:208} INFO - Processing /home/ouaillaamiri/Development/lsi_3/airflow/venv/lib/python3.11/site-packages/airflow/example_dags/example_trigger_target_dag.py took 0.174 seconds
[2024-11-06T10:56:42.684-1100] {processor.py:186} INFO - Started process (PID=223009) to work on /home/ouaillaamiri/Development/lsi_3/airflow/venv/lib/python3.11/site-packages/airflow/example_dags/example_trigger_target_dag.py
[2024-11-06T10:56:42.686-1100] {processor.py:914} INFO - Processing file /home/ouaillaamiri/Development/lsi_3/airflow/venv/lib/python3.11/site-packages/airflow/example_dags/example_trigger_target_dag.py for tasks to queue
[2024-11-06T10:56:42.691-1100] {logging_mixin.py:190} INFO - [2024-11-06T10:56:42.690-1100] {dagbag.py:588} INFO - Filling up the DagBag from /home/ouaillaamiri/Development/lsi_3/airflow/venv/lib/python3.11/site-packages/airflow/example_dags/example_trigger_target_dag.py
[2024-11-06T10:56:42.706-1100] {processor.py:925} INFO - DAG(s) 'example_trigger_target_dag' retrieved from /home/ouaillaamiri/Development/lsi_3/airflow/venv/lib/python3.11/site-packages/airflow/example_dags/example_trigger_target_dag.py
[2024-11-06T10:56:42.763-1100] {logging_mixin.py:190} INFO - [2024-11-06T10:56:42.762-1100] {dag.py:3239} INFO - Sync 1 DAGs
[2024-11-06T10:56:42.787-1100] {logging_mixin.py:190} INFO - [2024-11-06T10:56:42.786-1100] {dag.py:4180} INFO - Setting next_dagrun for example_trigger_target_dag to None, run_after=None
[2024-11-06T10:56:42.820-1100] {processor.py:208} INFO - Processing /home/ouaillaamiri/Development/lsi_3/airflow/venv/lib/python3.11/site-packages/airflow/example_dags/example_trigger_target_dag.py took 0.151 seconds
[2024-11-06T10:57:13.392-1100] {processor.py:186} INFO - Started process (PID=224155) to work on /home/ouaillaamiri/Development/lsi_3/airflow/venv/lib/python3.11/site-packages/airflow/example_dags/example_trigger_target_dag.py
[2024-11-06T10:57:13.394-1100] {processor.py:914} INFO - Processing file /home/ouaillaamiri/Development/lsi_3/airflow/venv/lib/python3.11/site-packages/airflow/example_dags/example_trigger_target_dag.py for tasks to queue
[2024-11-06T10:57:13.401-1100] {logging_mixin.py:190} INFO - [2024-11-06T10:57:13.401-1100] {dagbag.py:588} INFO - Filling up the DagBag from /home/ouaillaamiri/Development/lsi_3/airflow/venv/lib/python3.11/site-packages/airflow/example_dags/example_trigger_target_dag.py
[2024-11-06T10:57:13.421-1100] {processor.py:925} INFO - DAG(s) 'example_trigger_target_dag' retrieved from /home/ouaillaamiri/Development/lsi_3/airflow/venv/lib/python3.11/site-packages/airflow/example_dags/example_trigger_target_dag.py
[2024-11-06T10:57:13.479-1100] {logging_mixin.py:190} INFO - [2024-11-06T10:57:13.478-1100] {dag.py:3239} INFO - Sync 1 DAGs
[2024-11-06T10:57:13.504-1100] {logging_mixin.py:190} INFO - [2024-11-06T10:57:13.503-1100] {dag.py:4180} INFO - Setting next_dagrun for example_trigger_target_dag to None, run_after=None
[2024-11-06T10:57:13.543-1100] {processor.py:208} INFO - Processing /home/ouaillaamiri/Development/lsi_3/airflow/venv/lib/python3.11/site-packages/airflow/example_dags/example_trigger_target_dag.py took 0.169 seconds
[2024-11-06T10:57:43.714-1100] {processor.py:186} INFO - Started process (PID=224885) to work on /home/ouaillaamiri/Development/lsi_3/airflow/venv/lib/python3.11/site-packages/airflow/example_dags/example_trigger_target_dag.py
[2024-11-06T10:57:43.716-1100] {processor.py:914} INFO - Processing file /home/ouaillaamiri/Development/lsi_3/airflow/venv/lib/python3.11/site-packages/airflow/example_dags/example_trigger_target_dag.py for tasks to queue
[2024-11-06T10:57:43.721-1100] {logging_mixin.py:190} INFO - [2024-11-06T10:57:43.720-1100] {dagbag.py:588} INFO - Filling up the DagBag from /home/ouaillaamiri/Development/lsi_3/airflow/venv/lib/python3.11/site-packages/airflow/example_dags/example_trigger_target_dag.py
[2024-11-06T10:57:43.743-1100] {processor.py:925} INFO - DAG(s) 'example_trigger_target_dag' retrieved from /home/ouaillaamiri/Development/lsi_3/airflow/venv/lib/python3.11/site-packages/airflow/example_dags/example_trigger_target_dag.py
[2024-11-06T10:57:43.807-1100] {logging_mixin.py:190} INFO - [2024-11-06T10:57:43.807-1100] {dag.py:3239} INFO - Sync 1 DAGs
[2024-11-06T10:57:43.834-1100] {logging_mixin.py:190} INFO - [2024-11-06T10:57:43.833-1100] {dag.py:4180} INFO - Setting next_dagrun for example_trigger_target_dag to None, run_after=None
[2024-11-06T10:57:43.872-1100] {processor.py:208} INFO - Processing /home/ouaillaamiri/Development/lsi_3/airflow/venv/lib/python3.11/site-packages/airflow/example_dags/example_trigger_target_dag.py took 0.170 seconds
[2024-11-06T10:58:14.210-1100] {processor.py:186} INFO - Started process (PID=225592) to work on /home/ouaillaamiri/Development/lsi_3/airflow/venv/lib/python3.11/site-packages/airflow/example_dags/example_trigger_target_dag.py
[2024-11-06T10:58:14.212-1100] {processor.py:914} INFO - Processing file /home/ouaillaamiri/Development/lsi_3/airflow/venv/lib/python3.11/site-packages/airflow/example_dags/example_trigger_target_dag.py for tasks to queue
[2024-11-06T10:58:14.217-1100] {logging_mixin.py:190} INFO - [2024-11-06T10:58:14.217-1100] {dagbag.py:588} INFO - Filling up the DagBag from /home/ouaillaamiri/Development/lsi_3/airflow/venv/lib/python3.11/site-packages/airflow/example_dags/example_trigger_target_dag.py
[2024-11-06T10:58:14.235-1100] {processor.py:925} INFO - DAG(s) 'example_trigger_target_dag' retrieved from /home/ouaillaamiri/Development/lsi_3/airflow/venv/lib/python3.11/site-packages/airflow/example_dags/example_trigger_target_dag.py
[2024-11-06T10:58:14.302-1100] {logging_mixin.py:190} INFO - [2024-11-06T10:58:14.301-1100] {dag.py:3239} INFO - Sync 1 DAGs
[2024-11-06T10:58:14.333-1100] {logging_mixin.py:190} INFO - [2024-11-06T10:58:14.332-1100] {dag.py:4180} INFO - Setting next_dagrun for example_trigger_target_dag to None, run_after=None
[2024-11-06T10:58:14.375-1100] {processor.py:208} INFO - Processing /home/ouaillaamiri/Development/lsi_3/airflow/venv/lib/python3.11/site-packages/airflow/example_dags/example_trigger_target_dag.py took 0.180 seconds
[2024-11-06T10:58:44.718-1100] {processor.py:186} INFO - Started process (PID=226312) to work on /home/ouaillaamiri/Development/lsi_3/airflow/venv/lib/python3.11/site-packages/airflow/example_dags/example_trigger_target_dag.py
[2024-11-06T10:58:44.720-1100] {processor.py:914} INFO - Processing file /home/ouaillaamiri/Development/lsi_3/airflow/venv/lib/python3.11/site-packages/airflow/example_dags/example_trigger_target_dag.py for tasks to queue
[2024-11-06T10:58:44.727-1100] {logging_mixin.py:190} INFO - [2024-11-06T10:58:44.726-1100] {dagbag.py:588} INFO - Filling up the DagBag from /home/ouaillaamiri/Development/lsi_3/airflow/venv/lib/python3.11/site-packages/airflow/example_dags/example_trigger_target_dag.py
[2024-11-06T10:58:44.751-1100] {processor.py:925} INFO - DAG(s) 'example_trigger_target_dag' retrieved from /home/ouaillaamiri/Development/lsi_3/airflow/venv/lib/python3.11/site-packages/airflow/example_dags/example_trigger_target_dag.py
[2024-11-06T10:58:44.810-1100] {logging_mixin.py:190} INFO - [2024-11-06T10:58:44.810-1100] {dag.py:3239} INFO - Sync 1 DAGs
[2024-11-06T10:58:44.843-1100] {logging_mixin.py:190} INFO - [2024-11-06T10:58:44.843-1100] {dag.py:4180} INFO - Setting next_dagrun for example_trigger_target_dag to None, run_after=None
[2024-11-06T10:58:44.892-1100] {processor.py:208} INFO - Processing /home/ouaillaamiri/Development/lsi_3/airflow/venv/lib/python3.11/site-packages/airflow/example_dags/example_trigger_target_dag.py took 0.195 seconds
[2024-11-06T10:59:15.127-1100] {processor.py:186} INFO - Started process (PID=227020) to work on /home/ouaillaamiri/Development/lsi_3/airflow/venv/lib/python3.11/site-packages/airflow/example_dags/example_trigger_target_dag.py
[2024-11-06T10:59:15.130-1100] {processor.py:914} INFO - Processing file /home/ouaillaamiri/Development/lsi_3/airflow/venv/lib/python3.11/site-packages/airflow/example_dags/example_trigger_target_dag.py for tasks to queue
[2024-11-06T10:59:15.135-1100] {logging_mixin.py:190} INFO - [2024-11-06T10:59:15.134-1100] {dagbag.py:588} INFO - Filling up the DagBag from /home/ouaillaamiri/Development/lsi_3/airflow/venv/lib/python3.11/site-packages/airflow/example_dags/example_trigger_target_dag.py
[2024-11-06T10:59:15.150-1100] {processor.py:925} INFO - DAG(s) 'example_trigger_target_dag' retrieved from /home/ouaillaamiri/Development/lsi_3/airflow/venv/lib/python3.11/site-packages/airflow/example_dags/example_trigger_target_dag.py
[2024-11-06T10:59:15.216-1100] {logging_mixin.py:190} INFO - [2024-11-06T10:59:15.216-1100] {dag.py:3239} INFO - Sync 1 DAGs
[2024-11-06T10:59:15.242-1100] {logging_mixin.py:190} INFO - [2024-11-06T10:59:15.242-1100] {dag.py:4180} INFO - Setting next_dagrun for example_trigger_target_dag to None, run_after=None
[2024-11-06T10:59:15.286-1100] {processor.py:208} INFO - Processing /home/ouaillaamiri/Development/lsi_3/airflow/venv/lib/python3.11/site-packages/airflow/example_dags/example_trigger_target_dag.py took 0.172 seconds
[2024-11-06T10:59:45.465-1100] {processor.py:186} INFO - Started process (PID=227408) to work on /home/ouaillaamiri/Development/lsi_3/airflow/venv/lib/python3.11/site-packages/airflow/example_dags/example_trigger_target_dag.py
[2024-11-06T10:59:45.466-1100] {processor.py:914} INFO - Processing file /home/ouaillaamiri/Development/lsi_3/airflow/venv/lib/python3.11/site-packages/airflow/example_dags/example_trigger_target_dag.py for tasks to queue
[2024-11-06T10:59:45.470-1100] {logging_mixin.py:190} INFO - [2024-11-06T10:59:45.470-1100] {dagbag.py:588} INFO - Filling up the DagBag from /home/ouaillaamiri/Development/lsi_3/airflow/venv/lib/python3.11/site-packages/airflow/example_dags/example_trigger_target_dag.py
[2024-11-06T10:59:45.485-1100] {processor.py:925} INFO - DAG(s) 'example_trigger_target_dag' retrieved from /home/ouaillaamiri/Development/lsi_3/airflow/venv/lib/python3.11/site-packages/airflow/example_dags/example_trigger_target_dag.py
[2024-11-06T10:59:45.542-1100] {logging_mixin.py:190} INFO - [2024-11-06T10:59:45.542-1100] {dag.py:3239} INFO - Sync 1 DAGs
[2024-11-06T10:59:45.564-1100] {logging_mixin.py:190} INFO - [2024-11-06T10:59:45.563-1100] {dag.py:4180} INFO - Setting next_dagrun for example_trigger_target_dag to None, run_after=None
[2024-11-06T10:59:45.600-1100] {processor.py:208} INFO - Processing /home/ouaillaamiri/Development/lsi_3/airflow/venv/lib/python3.11/site-packages/airflow/example_dags/example_trigger_target_dag.py took 0.145 seconds
[2024-11-06T11:00:15.899-1100] {processor.py:186} INFO - Started process (PID=227823) to work on /home/ouaillaamiri/Development/lsi_3/airflow/venv/lib/python3.11/site-packages/airflow/example_dags/example_trigger_target_dag.py
[2024-11-06T11:00:15.901-1100] {processor.py:914} INFO - Processing file /home/ouaillaamiri/Development/lsi_3/airflow/venv/lib/python3.11/site-packages/airflow/example_dags/example_trigger_target_dag.py for tasks to queue
[2024-11-06T11:00:15.907-1100] {logging_mixin.py:190} INFO - [2024-11-06T11:00:15.906-1100] {dagbag.py:588} INFO - Filling up the DagBag from /home/ouaillaamiri/Development/lsi_3/airflow/venv/lib/python3.11/site-packages/airflow/example_dags/example_trigger_target_dag.py
[2024-11-06T11:00:15.929-1100] {processor.py:925} INFO - DAG(s) 'example_trigger_target_dag' retrieved from /home/ouaillaamiri/Development/lsi_3/airflow/venv/lib/python3.11/site-packages/airflow/example_dags/example_trigger_target_dag.py
[2024-11-06T11:00:15.994-1100] {logging_mixin.py:190} INFO - [2024-11-06T11:00:15.993-1100] {dag.py:3239} INFO - Sync 1 DAGs
[2024-11-06T11:00:16.024-1100] {logging_mixin.py:190} INFO - [2024-11-06T11:00:16.024-1100] {dag.py:4180} INFO - Setting next_dagrun for example_trigger_target_dag to None, run_after=None
[2024-11-06T11:00:16.060-1100] {processor.py:208} INFO - Processing /home/ouaillaamiri/Development/lsi_3/airflow/venv/lib/python3.11/site-packages/airflow/example_dags/example_trigger_target_dag.py took 0.175 seconds
[2024-11-06T11:00:54.011-1100] {processor.py:186} INFO - Started process (PID=228508) to work on /home/ouaillaamiri/Development/lsi_3/airflow/venv/lib/python3.11/site-packages/airflow/example_dags/example_trigger_target_dag.py
[2024-11-06T11:00:54.013-1100] {processor.py:914} INFO - Processing file /home/ouaillaamiri/Development/lsi_3/airflow/venv/lib/python3.11/site-packages/airflow/example_dags/example_trigger_target_dag.py for tasks to queue
[2024-11-06T11:00:54.019-1100] {logging_mixin.py:190} INFO - [2024-11-06T11:00:54.018-1100] {dagbag.py:588} INFO - Filling up the DagBag from /home/ouaillaamiri/Development/lsi_3/airflow/venv/lib/python3.11/site-packages/airflow/example_dags/example_trigger_target_dag.py
[2024-11-06T11:00:54.034-1100] {processor.py:925} INFO - DAG(s) 'example_trigger_target_dag' retrieved from /home/ouaillaamiri/Development/lsi_3/airflow/venv/lib/python3.11/site-packages/airflow/example_dags/example_trigger_target_dag.py
[2024-11-06T11:00:54.107-1100] {logging_mixin.py:190} INFO - [2024-11-06T11:00:54.106-1100] {dag.py:3239} INFO - Sync 1 DAGs
[2024-11-06T11:00:54.136-1100] {logging_mixin.py:190} INFO - [2024-11-06T11:00:54.136-1100] {dag.py:4180} INFO - Setting next_dagrun for example_trigger_target_dag to None, run_after=None
[2024-11-06T11:00:54.182-1100] {processor.py:208} INFO - Processing /home/ouaillaamiri/Development/lsi_3/airflow/venv/lib/python3.11/site-packages/airflow/example_dags/example_trigger_target_dag.py took 0.184 seconds
[2024-11-06T11:01:24.831-1100] {processor.py:186} INFO - Started process (PID=229197) to work on /home/ouaillaamiri/Development/lsi_3/airflow/venv/lib/python3.11/site-packages/airflow/example_dags/example_trigger_target_dag.py
[2024-11-06T11:01:24.832-1100] {processor.py:914} INFO - Processing file /home/ouaillaamiri/Development/lsi_3/airflow/venv/lib/python3.11/site-packages/airflow/example_dags/example_trigger_target_dag.py for tasks to queue
[2024-11-06T11:01:24.837-1100] {logging_mixin.py:190} INFO - [2024-11-06T11:01:24.837-1100] {dagbag.py:588} INFO - Filling up the DagBag from /home/ouaillaamiri/Development/lsi_3/airflow/venv/lib/python3.11/site-packages/airflow/example_dags/example_trigger_target_dag.py
[2024-11-06T11:01:24.852-1100] {processor.py:925} INFO - DAG(s) 'example_trigger_target_dag' retrieved from /home/ouaillaamiri/Development/lsi_3/airflow/venv/lib/python3.11/site-packages/airflow/example_dags/example_trigger_target_dag.py
[2024-11-06T11:01:24.916-1100] {logging_mixin.py:190} INFO - [2024-11-06T11:01:24.915-1100] {dag.py:3239} INFO - Sync 1 DAGs
[2024-11-06T11:01:24.947-1100] {logging_mixin.py:190} INFO - [2024-11-06T11:01:24.947-1100] {dag.py:4180} INFO - Setting next_dagrun for example_trigger_target_dag to None, run_after=None
[2024-11-06T11:01:24.990-1100] {processor.py:208} INFO - Processing /home/ouaillaamiri/Development/lsi_3/airflow/venv/lib/python3.11/site-packages/airflow/example_dags/example_trigger_target_dag.py took 0.171 seconds
[2024-11-06T11:01:55.214-1100] {processor.py:186} INFO - Started process (PID=229567) to work on /home/ouaillaamiri/Development/lsi_3/airflow/venv/lib/python3.11/site-packages/airflow/example_dags/example_trigger_target_dag.py
[2024-11-06T11:01:55.215-1100] {processor.py:914} INFO - Processing file /home/ouaillaamiri/Development/lsi_3/airflow/venv/lib/python3.11/site-packages/airflow/example_dags/example_trigger_target_dag.py for tasks to queue
[2024-11-06T11:01:55.220-1100] {logging_mixin.py:190} INFO - [2024-11-06T11:01:55.219-1100] {dagbag.py:588} INFO - Filling up the DagBag from /home/ouaillaamiri/Development/lsi_3/airflow/venv/lib/python3.11/site-packages/airflow/example_dags/example_trigger_target_dag.py
[2024-11-06T11:01:55.232-1100] {processor.py:925} INFO - DAG(s) 'example_trigger_target_dag' retrieved from /home/ouaillaamiri/Development/lsi_3/airflow/venv/lib/python3.11/site-packages/airflow/example_dags/example_trigger_target_dag.py
[2024-11-06T11:01:55.307-1100] {logging_mixin.py:190} INFO - [2024-11-06T11:01:55.306-1100] {dag.py:3239} INFO - Sync 1 DAGs
[2024-11-06T11:01:55.339-1100] {logging_mixin.py:190} INFO - [2024-11-06T11:01:55.339-1100] {dag.py:4180} INFO - Setting next_dagrun for example_trigger_target_dag to None, run_after=None
[2024-11-06T11:01:55.381-1100] {processor.py:208} INFO - Processing /home/ouaillaamiri/Development/lsi_3/airflow/venv/lib/python3.11/site-packages/airflow/example_dags/example_trigger_target_dag.py took 0.177 seconds
[2024-11-06T11:02:25.805-1100] {processor.py:186} INFO - Started process (PID=230076) to work on /home/ouaillaamiri/Development/lsi_3/airflow/venv/lib/python3.11/site-packages/airflow/example_dags/example_trigger_target_dag.py
[2024-11-06T11:02:25.807-1100] {processor.py:914} INFO - Processing file /home/ouaillaamiri/Development/lsi_3/airflow/venv/lib/python3.11/site-packages/airflow/example_dags/example_trigger_target_dag.py for tasks to queue
[2024-11-06T11:02:25.812-1100] {logging_mixin.py:190} INFO - [2024-11-06T11:02:25.812-1100] {dagbag.py:588} INFO - Filling up the DagBag from /home/ouaillaamiri/Development/lsi_3/airflow/venv/lib/python3.11/site-packages/airflow/example_dags/example_trigger_target_dag.py
[2024-11-06T11:02:25.830-1100] {processor.py:925} INFO - DAG(s) 'example_trigger_target_dag' retrieved from /home/ouaillaamiri/Development/lsi_3/airflow/venv/lib/python3.11/site-packages/airflow/example_dags/example_trigger_target_dag.py
[2024-11-06T11:02:25.902-1100] {logging_mixin.py:190} INFO - [2024-11-06T11:02:25.901-1100] {dag.py:3239} INFO - Sync 1 DAGs
[2024-11-06T11:02:25.932-1100] {logging_mixin.py:190} INFO - [2024-11-06T11:02:25.931-1100] {dag.py:4180} INFO - Setting next_dagrun for example_trigger_target_dag to None, run_after=None
[2024-11-06T11:02:25.978-1100] {processor.py:208} INFO - Processing /home/ouaillaamiri/Development/lsi_3/airflow/venv/lib/python3.11/site-packages/airflow/example_dags/example_trigger_target_dag.py took 0.186 seconds
[2024-11-06T11:02:56.453-1100] {processor.py:186} INFO - Started process (PID=231142) to work on /home/ouaillaamiri/Development/lsi_3/airflow/venv/lib/python3.11/site-packages/airflow/example_dags/example_trigger_target_dag.py
[2024-11-06T11:02:56.459-1100] {processor.py:914} INFO - Processing file /home/ouaillaamiri/Development/lsi_3/airflow/venv/lib/python3.11/site-packages/airflow/example_dags/example_trigger_target_dag.py for tasks to queue
[2024-11-06T11:02:56.481-1100] {logging_mixin.py:190} INFO - [2024-11-06T11:02:56.464-1100] {dagbag.py:588} INFO - Filling up the DagBag from /home/ouaillaamiri/Development/lsi_3/airflow/venv/lib/python3.11/site-packages/airflow/example_dags/example_trigger_target_dag.py
[2024-11-06T11:02:56.508-1100] {processor.py:925} INFO - DAG(s) 'example_trigger_target_dag' retrieved from /home/ouaillaamiri/Development/lsi_3/airflow/venv/lib/python3.11/site-packages/airflow/example_dags/example_trigger_target_dag.py
[2024-11-06T11:02:56.608-1100] {logging_mixin.py:190} INFO - [2024-11-06T11:02:56.604-1100] {dag.py:3239} INFO - Sync 1 DAGs
[2024-11-06T11:02:56.646-1100] {logging_mixin.py:190} INFO - [2024-11-06T11:02:56.646-1100] {dag.py:4180} INFO - Setting next_dagrun for example_trigger_target_dag to None, run_after=None
[2024-11-06T11:02:56.694-1100] {processor.py:208} INFO - Processing /home/ouaillaamiri/Development/lsi_3/airflow/venv/lib/python3.11/site-packages/airflow/example_dags/example_trigger_target_dag.py took 0.298 seconds
[2024-11-06T11:03:26.916-1100] {processor.py:186} INFO - Started process (PID=231509) to work on /home/ouaillaamiri/Development/lsi_3/airflow/venv/lib/python3.11/site-packages/airflow/example_dags/example_trigger_target_dag.py
[2024-11-06T11:03:26.919-1100] {processor.py:914} INFO - Processing file /home/ouaillaamiri/Development/lsi_3/airflow/venv/lib/python3.11/site-packages/airflow/example_dags/example_trigger_target_dag.py for tasks to queue
[2024-11-06T11:03:26.926-1100] {logging_mixin.py:190} INFO - [2024-11-06T11:03:26.925-1100] {dagbag.py:588} INFO - Filling up the DagBag from /home/ouaillaamiri/Development/lsi_3/airflow/venv/lib/python3.11/site-packages/airflow/example_dags/example_trigger_target_dag.py
[2024-11-06T11:03:26.949-1100] {processor.py:925} INFO - DAG(s) 'example_trigger_target_dag' retrieved from /home/ouaillaamiri/Development/lsi_3/airflow/venv/lib/python3.11/site-packages/airflow/example_dags/example_trigger_target_dag.py
[2024-11-06T11:03:27.020-1100] {logging_mixin.py:190} INFO - [2024-11-06T11:03:27.019-1100] {dag.py:3239} INFO - Sync 1 DAGs
[2024-11-06T11:03:27.058-1100] {logging_mixin.py:190} INFO - [2024-11-06T11:03:27.057-1100] {dag.py:4180} INFO - Setting next_dagrun for example_trigger_target_dag to None, run_after=None
[2024-11-06T11:03:27.108-1100] {processor.py:208} INFO - Processing /home/ouaillaamiri/Development/lsi_3/airflow/venv/lib/python3.11/site-packages/airflow/example_dags/example_trigger_target_dag.py took 0.208 seconds
[2024-11-06T11:03:57.919-1100] {processor.py:186} INFO - Started process (PID=232185) to work on /home/ouaillaamiri/Development/lsi_3/airflow/venv/lib/python3.11/site-packages/airflow/example_dags/example_trigger_target_dag.py
[2024-11-06T11:03:57.920-1100] {processor.py:914} INFO - Processing file /home/ouaillaamiri/Development/lsi_3/airflow/venv/lib/python3.11/site-packages/airflow/example_dags/example_trigger_target_dag.py for tasks to queue
[2024-11-06T11:03:57.925-1100] {logging_mixin.py:190} INFO - [2024-11-06T11:03:57.925-1100] {dagbag.py:588} INFO - Filling up the DagBag from /home/ouaillaamiri/Development/lsi_3/airflow/venv/lib/python3.11/site-packages/airflow/example_dags/example_trigger_target_dag.py
[2024-11-06T11:03:57.940-1100] {processor.py:925} INFO - DAG(s) 'example_trigger_target_dag' retrieved from /home/ouaillaamiri/Development/lsi_3/airflow/venv/lib/python3.11/site-packages/airflow/example_dags/example_trigger_target_dag.py
[2024-11-06T11:03:57.995-1100] {logging_mixin.py:190} INFO - [2024-11-06T11:03:57.995-1100] {dag.py:3239} INFO - Sync 1 DAGs
[2024-11-06T11:03:58.022-1100] {logging_mixin.py:190} INFO - [2024-11-06T11:03:58.021-1100] {dag.py:4180} INFO - Setting next_dagrun for example_trigger_target_dag to None, run_after=None
[2024-11-06T11:03:58.058-1100] {processor.py:208} INFO - Processing /home/ouaillaamiri/Development/lsi_3/airflow/venv/lib/python3.11/site-packages/airflow/example_dags/example_trigger_target_dag.py took 0.151 seconds
[2024-11-06T11:04:28.478-1100] {processor.py:186} INFO - Started process (PID=232554) to work on /home/ouaillaamiri/Development/lsi_3/airflow/venv/lib/python3.11/site-packages/airflow/example_dags/example_trigger_target_dag.py
[2024-11-06T11:04:28.480-1100] {processor.py:914} INFO - Processing file /home/ouaillaamiri/Development/lsi_3/airflow/venv/lib/python3.11/site-packages/airflow/example_dags/example_trigger_target_dag.py for tasks to queue
[2024-11-06T11:04:28.485-1100] {logging_mixin.py:190} INFO - [2024-11-06T11:04:28.485-1100] {dagbag.py:588} INFO - Filling up the DagBag from /home/ouaillaamiri/Development/lsi_3/airflow/venv/lib/python3.11/site-packages/airflow/example_dags/example_trigger_target_dag.py
[2024-11-06T11:04:28.501-1100] {processor.py:925} INFO - DAG(s) 'example_trigger_target_dag' retrieved from /home/ouaillaamiri/Development/lsi_3/airflow/venv/lib/python3.11/site-packages/airflow/example_dags/example_trigger_target_dag.py
[2024-11-06T11:04:28.554-1100] {logging_mixin.py:190} INFO - [2024-11-06T11:04:28.554-1100] {dag.py:3239} INFO - Sync 1 DAGs
[2024-11-06T11:04:28.579-1100] {logging_mixin.py:190} INFO - [2024-11-06T11:04:28.578-1100] {dag.py:4180} INFO - Setting next_dagrun for example_trigger_target_dag to None, run_after=None
[2024-11-06T11:04:28.614-1100] {processor.py:208} INFO - Processing /home/ouaillaamiri/Development/lsi_3/airflow/venv/lib/python3.11/site-packages/airflow/example_dags/example_trigger_target_dag.py took 0.147 seconds
