[2024-11-06T10:53:22.485-1100] {processor.py:186} INFO - Started process (PID=218929) to work on /home/ouaillaamiri/Development/lsi_3/airflow/venv/lib/python3.11/site-packages/airflow/example_dags/example_workday_timetable.py
[2024-11-06T10:53:22.486-1100] {processor.py:914} INFO - Processing file /home/ouaillaamiri/Development/lsi_3/airflow/venv/lib/python3.11/site-packages/airflow/example_dags/example_workday_timetable.py for tasks to queue
[2024-11-06T10:53:22.508-1100] {logging_mixin.py:190} INFO - [2024-11-06T10:53:22.507-1100] {dagbag.py:588} INFO - Filling up the DagBag from /home/ouaillaamiri/Development/lsi_3/airflow/venv/lib/python3.11/site-packages/airflow/example_dags/example_workday_timetable.py
[2024-11-06T10:53:22.532-1100] {processor.py:925} INFO - DAG(s) 'example_workday_timetable' retrieved from /home/ouaillaamiri/Development/lsi_3/airflow/venv/lib/python3.11/site-packages/airflow/example_dags/example_workday_timetable.py
[2024-11-06T10:53:23.286-1100] {logging_mixin.py:190} INFO - [2024-11-06T10:53:23.284-1100] {override.py:1911} INFO - Created Permission View: can edit on DAG:example_workday_timetable
[2024-11-06T10:53:23.321-1100] {logging_mixin.py:190} INFO - [2024-11-06T10:53:23.320-1100] {override.py:1911} INFO - Created Permission View: can delete on DAG:example_workday_timetable
[2024-11-06T10:53:23.344-1100] {logging_mixin.py:190} INFO - [2024-11-06T10:53:23.344-1100] {override.py:1911} INFO - Created Permission View: can read on DAG:example_workday_timetable
[2024-11-06T10:53:23.367-1100] {logging_mixin.py:190} INFO - [2024-11-06T10:53:23.366-1100] {override.py:1911} INFO - Created Permission View: can delete on DAG Run:example_workday_timetable
[2024-11-06T10:53:23.389-1100] {logging_mixin.py:190} INFO - [2024-11-06T10:53:23.388-1100] {override.py:1911} INFO - Created Permission View: can create on DAG Run:example_workday_timetable
[2024-11-06T10:53:23.410-1100] {logging_mixin.py:190} INFO - [2024-11-06T10:53:23.409-1100] {override.py:1911} INFO - Created Permission View: menu access on DAG Run:example_workday_timetable
[2024-11-06T10:53:23.430-1100] {logging_mixin.py:190} INFO - [2024-11-06T10:53:23.429-1100] {override.py:1911} INFO - Created Permission View: can read on DAG Run:example_workday_timetable
[2024-11-06T10:53:23.431-1100] {logging_mixin.py:190} INFO - [2024-11-06T10:53:23.430-1100] {dag.py:3239} INFO - Sync 1 DAGs
[2024-11-06T10:53:23.465-1100] {logging_mixin.py:190} INFO - [2024-11-06T10:53:23.464-1100] {dag.py:3262} INFO - Creating ORM DAG for example_workday_timetable
[2024-11-06T10:53:23.645-1100] {logging_mixin.py:190} INFO - [2024-11-06T10:53:23.644-1100] {dag.py:4180} INFO - Setting next_dagrun for example_workday_timetable to 2021-01-04 00:00:00+00:00, run_after=2021-01-05 00:00:00+00:00
[2024-11-06T10:53:23.718-1100] {processor.py:208} INFO - Processing /home/ouaillaamiri/Development/lsi_3/airflow/venv/lib/python3.11/site-packages/airflow/example_dags/example_workday_timetable.py took 1.248 seconds
[2024-11-06T10:53:53.874-1100] {processor.py:186} INFO - Started process (PID=219771) to work on /home/ouaillaamiri/Development/lsi_3/airflow/venv/lib/python3.11/site-packages/airflow/example_dags/example_workday_timetable.py
[2024-11-06T10:53:53.876-1100] {processor.py:914} INFO - Processing file /home/ouaillaamiri/Development/lsi_3/airflow/venv/lib/python3.11/site-packages/airflow/example_dags/example_workday_timetable.py for tasks to queue
[2024-11-06T10:53:53.884-1100] {logging_mixin.py:190} INFO - [2024-11-06T10:53:53.883-1100] {dagbag.py:588} INFO - Filling up the DagBag from /home/ouaillaamiri/Development/lsi_3/airflow/venv/lib/python3.11/site-packages/airflow/example_dags/example_workday_timetable.py
[2024-11-06T10:53:53.896-1100] {processor.py:925} INFO - DAG(s) 'example_workday_timetable' retrieved from /home/ouaillaamiri/Development/lsi_3/airflow/venv/lib/python3.11/site-packages/airflow/example_dags/example_workday_timetable.py
[2024-11-06T10:53:53.955-1100] {logging_mixin.py:190} INFO - [2024-11-06T10:53:53.955-1100] {dag.py:3239} INFO - Sync 1 DAGs
[2024-11-06T10:53:54.069-1100] {logging_mixin.py:190} INFO - [2024-11-06T10:53:54.069-1100] {dag.py:4180} INFO - Setting next_dagrun for example_workday_timetable to 2021-01-04 00:00:00+00:00, run_after=2021-01-05 00:00:00+00:00
[2024-11-06T10:53:54.103-1100] {processor.py:208} INFO - Processing /home/ouaillaamiri/Development/lsi_3/airflow/venv/lib/python3.11/site-packages/airflow/example_dags/example_workday_timetable.py took 0.247 seconds
[2024-11-06T10:54:24.367-1100] {processor.py:186} INFO - Started process (PID=220483) to work on /home/ouaillaamiri/Development/lsi_3/airflow/venv/lib/python3.11/site-packages/airflow/example_dags/example_workday_timetable.py
[2024-11-06T10:54:24.369-1100] {processor.py:914} INFO - Processing file /home/ouaillaamiri/Development/lsi_3/airflow/venv/lib/python3.11/site-packages/airflow/example_dags/example_workday_timetable.py for tasks to queue
[2024-11-06T10:54:24.373-1100] {logging_mixin.py:190} INFO - [2024-11-06T10:54:24.372-1100] {dagbag.py:588} INFO - Filling up the DagBag from /home/ouaillaamiri/Development/lsi_3/airflow/venv/lib/python3.11/site-packages/airflow/example_dags/example_workday_timetable.py
[2024-11-06T10:54:24.383-1100] {processor.py:925} INFO - DAG(s) 'example_workday_timetable' retrieved from /home/ouaillaamiri/Development/lsi_3/airflow/venv/lib/python3.11/site-packages/airflow/example_dags/example_workday_timetable.py
[2024-11-06T10:54:24.439-1100] {logging_mixin.py:190} INFO - [2024-11-06T10:54:24.438-1100] {dag.py:3239} INFO - Sync 1 DAGs
[2024-11-06T10:54:24.539-1100] {logging_mixin.py:190} INFO - [2024-11-06T10:54:24.539-1100] {dag.py:4180} INFO - Setting next_dagrun for example_workday_timetable to 2021-01-04 00:00:00+00:00, run_after=2021-01-05 00:00:00+00:00
[2024-11-06T10:54:24.575-1100] {processor.py:208} INFO - Processing /home/ouaillaamiri/Development/lsi_3/airflow/venv/lib/python3.11/site-packages/airflow/example_dags/example_workday_timetable.py took 0.218 seconds
[2024-11-06T10:54:55.092-1100] {processor.py:186} INFO - Started process (PID=220845) to work on /home/ouaillaamiri/Development/lsi_3/airflow/venv/lib/python3.11/site-packages/airflow/example_dags/example_workday_timetable.py
[2024-11-06T10:54:55.094-1100] {processor.py:914} INFO - Processing file /home/ouaillaamiri/Development/lsi_3/airflow/venv/lib/python3.11/site-packages/airflow/example_dags/example_workday_timetable.py for tasks to queue
[2024-11-06T10:54:55.098-1100] {logging_mixin.py:190} INFO - [2024-11-06T10:54:55.098-1100] {dagbag.py:588} INFO - Filling up the DagBag from /home/ouaillaamiri/Development/lsi_3/airflow/venv/lib/python3.11/site-packages/airflow/example_dags/example_workday_timetable.py
[2024-11-06T10:54:55.112-1100] {processor.py:925} INFO - DAG(s) 'example_workday_timetable' retrieved from /home/ouaillaamiri/Development/lsi_3/airflow/venv/lib/python3.11/site-packages/airflow/example_dags/example_workday_timetable.py
[2024-11-06T10:54:55.176-1100] {logging_mixin.py:190} INFO - [2024-11-06T10:54:55.176-1100] {dag.py:3239} INFO - Sync 1 DAGs
[2024-11-06T10:54:55.324-1100] {logging_mixin.py:190} INFO - [2024-11-06T10:54:55.324-1100] {dag.py:4180} INFO - Setting next_dagrun for example_workday_timetable to 2021-01-04 00:00:00+00:00, run_after=2021-01-05 00:00:00+00:00
[2024-11-06T10:54:55.379-1100] {processor.py:208} INFO - Processing /home/ouaillaamiri/Development/lsi_3/airflow/venv/lib/python3.11/site-packages/airflow/example_dags/example_workday_timetable.py took 0.298 seconds
[2024-11-06T10:55:25.569-1100] {processor.py:186} INFO - Started process (PID=221543) to work on /home/ouaillaamiri/Development/lsi_3/airflow/venv/lib/python3.11/site-packages/airflow/example_dags/example_workday_timetable.py
[2024-11-06T10:55:25.572-1100] {processor.py:914} INFO - Processing file /home/ouaillaamiri/Development/lsi_3/airflow/venv/lib/python3.11/site-packages/airflow/example_dags/example_workday_timetable.py for tasks to queue
[2024-11-06T10:55:25.579-1100] {logging_mixin.py:190} INFO - [2024-11-06T10:55:25.578-1100] {dagbag.py:588} INFO - Filling up the DagBag from /home/ouaillaamiri/Development/lsi_3/airflow/venv/lib/python3.11/site-packages/airflow/example_dags/example_workday_timetable.py
[2024-11-06T10:55:25.596-1100] {processor.py:925} INFO - DAG(s) 'example_workday_timetable' retrieved from /home/ouaillaamiri/Development/lsi_3/airflow/venv/lib/python3.11/site-packages/airflow/example_dags/example_workday_timetable.py
[2024-11-06T10:55:25.664-1100] {logging_mixin.py:190} INFO - [2024-11-06T10:55:25.663-1100] {dag.py:3239} INFO - Sync 1 DAGs
[2024-11-06T10:55:25.777-1100] {logging_mixin.py:190} INFO - [2024-11-06T10:55:25.777-1100] {dag.py:4180} INFO - Setting next_dagrun for example_workday_timetable to 2021-01-04 00:00:00+00:00, run_after=2021-01-05 00:00:00+00:00
[2024-11-06T10:55:25.820-1100] {processor.py:208} INFO - Processing /home/ouaillaamiri/Development/lsi_3/airflow/venv/lib/python3.11/site-packages/airflow/example_dags/example_workday_timetable.py took 0.271 seconds
[2024-11-06T10:55:56.142-1100] {processor.py:186} INFO - Started process (PID=221911) to work on /home/ouaillaamiri/Development/lsi_3/airflow/venv/lib/python3.11/site-packages/airflow/example_dags/example_workday_timetable.py
[2024-11-06T10:55:56.145-1100] {processor.py:914} INFO - Processing file /home/ouaillaamiri/Development/lsi_3/airflow/venv/lib/python3.11/site-packages/airflow/example_dags/example_workday_timetable.py for tasks to queue
[2024-11-06T10:55:56.149-1100] {logging_mixin.py:190} INFO - [2024-11-06T10:55:56.149-1100] {dagbag.py:588} INFO - Filling up the DagBag from /home/ouaillaamiri/Development/lsi_3/airflow/venv/lib/python3.11/site-packages/airflow/example_dags/example_workday_timetable.py
[2024-11-06T10:55:56.161-1100] {processor.py:925} INFO - DAG(s) 'example_workday_timetable' retrieved from /home/ouaillaamiri/Development/lsi_3/airflow/venv/lib/python3.11/site-packages/airflow/example_dags/example_workday_timetable.py
[2024-11-06T10:55:56.217-1100] {logging_mixin.py:190} INFO - [2024-11-06T10:55:56.217-1100] {dag.py:3239} INFO - Sync 1 DAGs
[2024-11-06T10:55:56.325-1100] {logging_mixin.py:190} INFO - [2024-11-06T10:55:56.324-1100] {dag.py:4180} INFO - Setting next_dagrun for example_workday_timetable to 2021-01-04 00:00:00+00:00, run_after=2021-01-05 00:00:00+00:00
[2024-11-06T10:55:56.367-1100] {processor.py:208} INFO - Processing /home/ouaillaamiri/Development/lsi_3/airflow/venv/lib/python3.11/site-packages/airflow/example_dags/example_workday_timetable.py took 0.237 seconds
[2024-11-06T10:56:41.564-1100] {processor.py:186} INFO - Started process (PID=222988) to work on /home/ouaillaamiri/Development/lsi_3/airflow/venv/lib/python3.11/site-packages/airflow/example_dags/example_workday_timetable.py
[2024-11-06T10:56:41.568-1100] {processor.py:914} INFO - Processing file /home/ouaillaamiri/Development/lsi_3/airflow/venv/lib/python3.11/site-packages/airflow/example_dags/example_workday_timetable.py for tasks to queue
[2024-11-06T10:56:41.907-1100] {logging_mixin.py:190} INFO - [2024-11-06T10:56:41.907-1100] {dagbag.py:588} INFO - Filling up the DagBag from /home/ouaillaamiri/Development/lsi_3/airflow/venv/lib/python3.11/site-packages/airflow/example_dags/example_workday_timetable.py
[2024-11-06T10:56:41.915-1100] {processor.py:925} INFO - DAG(s) 'example_workday_timetable' retrieved from /home/ouaillaamiri/Development/lsi_3/airflow/venv/lib/python3.11/site-packages/airflow/example_dags/example_workday_timetable.py
[2024-11-06T10:56:41.975-1100] {logging_mixin.py:190} INFO - [2024-11-06T10:56:41.975-1100] {dag.py:3239} INFO - Sync 1 DAGs
[2024-11-06T10:56:42.114-1100] {logging_mixin.py:190} INFO - [2024-11-06T10:56:42.113-1100] {dag.py:4180} INFO - Setting next_dagrun for example_workday_timetable to 2021-01-04 00:00:00+00:00, run_after=2021-01-05 00:00:00+00:00
[2024-11-06T10:56:42.157-1100] {processor.py:208} INFO - Processing /home/ouaillaamiri/Development/lsi_3/airflow/venv/lib/python3.11/site-packages/airflow/example_dags/example_workday_timetable.py took 0.608 seconds
[2024-11-06T10:57:12.914-1100] {processor.py:186} INFO - Started process (PID=224130) to work on /home/ouaillaamiri/Development/lsi_3/airflow/venv/lib/python3.11/site-packages/airflow/example_dags/example_workday_timetable.py
[2024-11-06T10:57:12.916-1100] {processor.py:914} INFO - Processing file /home/ouaillaamiri/Development/lsi_3/airflow/venv/lib/python3.11/site-packages/airflow/example_dags/example_workday_timetable.py for tasks to queue
[2024-11-06T10:57:12.920-1100] {logging_mixin.py:190} INFO - [2024-11-06T10:57:12.919-1100] {dagbag.py:588} INFO - Filling up the DagBag from /home/ouaillaamiri/Development/lsi_3/airflow/venv/lib/python3.11/site-packages/airflow/example_dags/example_workday_timetable.py
[2024-11-06T10:57:12.933-1100] {processor.py:925} INFO - DAG(s) 'example_workday_timetable' retrieved from /home/ouaillaamiri/Development/lsi_3/airflow/venv/lib/python3.11/site-packages/airflow/example_dags/example_workday_timetable.py
[2024-11-06T10:57:12.998-1100] {logging_mixin.py:190} INFO - [2024-11-06T10:57:12.997-1100] {dag.py:3239} INFO - Sync 1 DAGs
[2024-11-06T10:57:13.128-1100] {logging_mixin.py:190} INFO - [2024-11-06T10:57:13.128-1100] {dag.py:4180} INFO - Setting next_dagrun for example_workday_timetable to 2021-01-04 00:00:00+00:00, run_after=2021-01-05 00:00:00+00:00
[2024-11-06T10:57:13.166-1100] {processor.py:208} INFO - Processing /home/ouaillaamiri/Development/lsi_3/airflow/venv/lib/python3.11/site-packages/airflow/example_dags/example_workday_timetable.py took 0.268 seconds
[2024-11-06T10:57:43.335-1100] {processor.py:186} INFO - Started process (PID=224868) to work on /home/ouaillaamiri/Development/lsi_3/airflow/venv/lib/python3.11/site-packages/airflow/example_dags/example_workday_timetable.py
[2024-11-06T10:57:43.337-1100] {processor.py:914} INFO - Processing file /home/ouaillaamiri/Development/lsi_3/airflow/venv/lib/python3.11/site-packages/airflow/example_dags/example_workday_timetable.py for tasks to queue
[2024-11-06T10:57:43.341-1100] {logging_mixin.py:190} INFO - [2024-11-06T10:57:43.341-1100] {dagbag.py:588} INFO - Filling up the DagBag from /home/ouaillaamiri/Development/lsi_3/airflow/venv/lib/python3.11/site-packages/airflow/example_dags/example_workday_timetable.py
[2024-11-06T10:57:43.354-1100] {processor.py:925} INFO - DAG(s) 'example_workday_timetable' retrieved from /home/ouaillaamiri/Development/lsi_3/airflow/venv/lib/python3.11/site-packages/airflow/example_dags/example_workday_timetable.py
[2024-11-06T10:57:43.438-1100] {logging_mixin.py:190} INFO - [2024-11-06T10:57:43.437-1100] {dag.py:3239} INFO - Sync 1 DAGs
[2024-11-06T10:57:43.586-1100] {logging_mixin.py:190} INFO - [2024-11-06T10:57:43.585-1100] {dag.py:4180} INFO - Setting next_dagrun for example_workday_timetable to 2021-01-04 00:00:00+00:00, run_after=2021-01-05 00:00:00+00:00
[2024-11-06T10:57:43.631-1100] {processor.py:208} INFO - Processing /home/ouaillaamiri/Development/lsi_3/airflow/venv/lib/python3.11/site-packages/airflow/example_dags/example_workday_timetable.py took 0.306 seconds
[2024-11-06T10:58:13.860-1100] {processor.py:186} INFO - Started process (PID=225576) to work on /home/ouaillaamiri/Development/lsi_3/airflow/venv/lib/python3.11/site-packages/airflow/example_dags/example_workday_timetable.py
[2024-11-06T10:58:13.862-1100] {processor.py:914} INFO - Processing file /home/ouaillaamiri/Development/lsi_3/airflow/venv/lib/python3.11/site-packages/airflow/example_dags/example_workday_timetable.py for tasks to queue
[2024-11-06T10:58:13.867-1100] {logging_mixin.py:190} INFO - [2024-11-06T10:58:13.866-1100] {dagbag.py:588} INFO - Filling up the DagBag from /home/ouaillaamiri/Development/lsi_3/airflow/venv/lib/python3.11/site-packages/airflow/example_dags/example_workday_timetable.py
[2024-11-06T10:58:13.880-1100] {processor.py:925} INFO - DAG(s) 'example_workday_timetable' retrieved from /home/ouaillaamiri/Development/lsi_3/airflow/venv/lib/python3.11/site-packages/airflow/example_dags/example_workday_timetable.py
[2024-11-06T10:58:13.942-1100] {logging_mixin.py:190} INFO - [2024-11-06T10:58:13.942-1100] {dag.py:3239} INFO - Sync 1 DAGs
[2024-11-06T10:58:14.072-1100] {logging_mixin.py:190} INFO - [2024-11-06T10:58:14.071-1100] {dag.py:4180} INFO - Setting next_dagrun for example_workday_timetable to 2021-01-04 00:00:00+00:00, run_after=2021-01-05 00:00:00+00:00
[2024-11-06T10:58:14.111-1100] {processor.py:208} INFO - Processing /home/ouaillaamiri/Development/lsi_3/airflow/venv/lib/python3.11/site-packages/airflow/example_dags/example_workday_timetable.py took 0.262 seconds
[2024-11-06T10:58:44.313-1100] {processor.py:186} INFO - Started process (PID=226297) to work on /home/ouaillaamiri/Development/lsi_3/airflow/venv/lib/python3.11/site-packages/airflow/example_dags/example_workday_timetable.py
[2024-11-06T10:58:44.315-1100] {processor.py:914} INFO - Processing file /home/ouaillaamiri/Development/lsi_3/airflow/venv/lib/python3.11/site-packages/airflow/example_dags/example_workday_timetable.py for tasks to queue
[2024-11-06T10:58:44.321-1100] {logging_mixin.py:190} INFO - [2024-11-06T10:58:44.320-1100] {dagbag.py:588} INFO - Filling up the DagBag from /home/ouaillaamiri/Development/lsi_3/airflow/venv/lib/python3.11/site-packages/airflow/example_dags/example_workday_timetable.py
[2024-11-06T10:58:44.338-1100] {processor.py:925} INFO - DAG(s) 'example_workday_timetable' retrieved from /home/ouaillaamiri/Development/lsi_3/airflow/venv/lib/python3.11/site-packages/airflow/example_dags/example_workday_timetable.py
[2024-11-06T10:58:44.414-1100] {logging_mixin.py:190} INFO - [2024-11-06T10:58:44.414-1100] {dag.py:3239} INFO - Sync 1 DAGs
[2024-11-06T10:58:44.573-1100] {logging_mixin.py:190} INFO - [2024-11-06T10:58:44.572-1100] {dag.py:4180} INFO - Setting next_dagrun for example_workday_timetable to 2021-01-04 00:00:00+00:00, run_after=2021-01-05 00:00:00+00:00
[2024-11-06T10:58:44.618-1100] {processor.py:208} INFO - Processing /home/ouaillaamiri/Development/lsi_3/airflow/venv/lib/python3.11/site-packages/airflow/example_dags/example_workday_timetable.py took 0.321 seconds
[2024-11-06T10:59:14.816-1100] {processor.py:186} INFO - Started process (PID=227008) to work on /home/ouaillaamiri/Development/lsi_3/airflow/venv/lib/python3.11/site-packages/airflow/example_dags/example_workday_timetable.py
[2024-11-06T10:59:14.818-1100] {processor.py:914} INFO - Processing file /home/ouaillaamiri/Development/lsi_3/airflow/venv/lib/python3.11/site-packages/airflow/example_dags/example_workday_timetable.py for tasks to queue
[2024-11-06T10:59:14.824-1100] {logging_mixin.py:190} INFO - [2024-11-06T10:59:14.822-1100] {dagbag.py:588} INFO - Filling up the DagBag from /home/ouaillaamiri/Development/lsi_3/airflow/venv/lib/python3.11/site-packages/airflow/example_dags/example_workday_timetable.py
[2024-11-06T10:59:14.837-1100] {processor.py:925} INFO - DAG(s) 'example_workday_timetable' retrieved from /home/ouaillaamiri/Development/lsi_3/airflow/venv/lib/python3.11/site-packages/airflow/example_dags/example_workday_timetable.py
[2024-11-06T10:59:14.895-1100] {logging_mixin.py:190} INFO - [2024-11-06T10:59:14.894-1100] {dag.py:3239} INFO - Sync 1 DAGs
[2024-11-06T10:59:15.017-1100] {logging_mixin.py:190} INFO - [2024-11-06T10:59:15.017-1100] {dag.py:4180} INFO - Setting next_dagrun for example_workday_timetable to 2021-01-04 00:00:00+00:00, run_after=2021-01-05 00:00:00+00:00
[2024-11-06T10:59:15.061-1100] {processor.py:208} INFO - Processing /home/ouaillaamiri/Development/lsi_3/airflow/venv/lib/python3.11/site-packages/airflow/example_dags/example_workday_timetable.py took 0.259 seconds
[2024-11-06T10:59:45.149-1100] {processor.py:186} INFO - Started process (PID=227395) to work on /home/ouaillaamiri/Development/lsi_3/airflow/venv/lib/python3.11/site-packages/airflow/example_dags/example_workday_timetable.py
[2024-11-06T10:59:45.151-1100] {processor.py:914} INFO - Processing file /home/ouaillaamiri/Development/lsi_3/airflow/venv/lib/python3.11/site-packages/airflow/example_dags/example_workday_timetable.py for tasks to queue
[2024-11-06T10:59:45.155-1100] {logging_mixin.py:190} INFO - [2024-11-06T10:59:45.154-1100] {dagbag.py:588} INFO - Filling up the DagBag from /home/ouaillaamiri/Development/lsi_3/airflow/venv/lib/python3.11/site-packages/airflow/example_dags/example_workday_timetable.py
[2024-11-06T10:59:45.166-1100] {processor.py:925} INFO - DAG(s) 'example_workday_timetable' retrieved from /home/ouaillaamiri/Development/lsi_3/airflow/venv/lib/python3.11/site-packages/airflow/example_dags/example_workday_timetable.py
[2024-11-06T10:59:45.222-1100] {logging_mixin.py:190} INFO - [2024-11-06T10:59:45.221-1100] {dag.py:3239} INFO - Sync 1 DAGs
[2024-11-06T10:59:45.350-1100] {logging_mixin.py:190} INFO - [2024-11-06T10:59:45.350-1100] {dag.py:4180} INFO - Setting next_dagrun for example_workday_timetable to 2021-01-04 00:00:00+00:00, run_after=2021-01-05 00:00:00+00:00
[2024-11-06T10:59:45.394-1100] {processor.py:208} INFO - Processing /home/ouaillaamiri/Development/lsi_3/airflow/venv/lib/python3.11/site-packages/airflow/example_dags/example_workday_timetable.py took 0.255 seconds
[2024-11-06T11:00:15.876-1100] {processor.py:186} INFO - Started process (PID=227820) to work on /home/ouaillaamiri/Development/lsi_3/airflow/venv/lib/python3.11/site-packages/airflow/example_dags/example_workday_timetable.py
[2024-11-06T11:00:15.878-1100] {processor.py:914} INFO - Processing file /home/ouaillaamiri/Development/lsi_3/airflow/venv/lib/python3.11/site-packages/airflow/example_dags/example_workday_timetable.py for tasks to queue
[2024-11-06T11:00:15.884-1100] {logging_mixin.py:190} INFO - [2024-11-06T11:00:15.883-1100] {dagbag.py:588} INFO - Filling up the DagBag from /home/ouaillaamiri/Development/lsi_3/airflow/venv/lib/python3.11/site-packages/airflow/example_dags/example_workday_timetable.py
[2024-11-06T11:00:15.897-1100] {processor.py:925} INFO - DAG(s) 'example_workday_timetable' retrieved from /home/ouaillaamiri/Development/lsi_3/airflow/venv/lib/python3.11/site-packages/airflow/example_dags/example_workday_timetable.py
[2024-11-06T11:00:15.974-1100] {logging_mixin.py:190} INFO - [2024-11-06T11:00:15.973-1100] {dag.py:3239} INFO - Sync 1 DAGs
[2024-11-06T11:00:16.089-1100] {logging_mixin.py:190} INFO - [2024-11-06T11:00:16.089-1100] {dag.py:4180} INFO - Setting next_dagrun for example_workday_timetable to 2021-01-04 00:00:00+00:00, run_after=2021-01-05 00:00:00+00:00
[2024-11-06T11:00:16.123-1100] {processor.py:208} INFO - Processing /home/ouaillaamiri/Development/lsi_3/airflow/venv/lib/python3.11/site-packages/airflow/example_dags/example_workday_timetable.py took 0.263 seconds
[2024-11-06T11:00:52.991-1100] {processor.py:186} INFO - Started process (PID=228443) to work on /home/ouaillaamiri/Development/lsi_3/airflow/venv/lib/python3.11/site-packages/airflow/example_dags/example_workday_timetable.py
[2024-11-06T11:00:52.995-1100] {processor.py:914} INFO - Processing file /home/ouaillaamiri/Development/lsi_3/airflow/venv/lib/python3.11/site-packages/airflow/example_dags/example_workday_timetable.py for tasks to queue
[2024-11-06T11:00:52.999-1100] {logging_mixin.py:190} INFO - [2024-11-06T11:00:52.999-1100] {dagbag.py:588} INFO - Filling up the DagBag from /home/ouaillaamiri/Development/lsi_3/airflow/venv/lib/python3.11/site-packages/airflow/example_dags/example_workday_timetable.py
[2024-11-06T11:00:53.300-1100] {processor.py:925} INFO - DAG(s) 'example_workday_timetable' retrieved from /home/ouaillaamiri/Development/lsi_3/airflow/venv/lib/python3.11/site-packages/airflow/example_dags/example_workday_timetable.py
[2024-11-06T11:00:53.382-1100] {logging_mixin.py:190} INFO - [2024-11-06T11:00:53.382-1100] {dag.py:3239} INFO - Sync 1 DAGs
[2024-11-06T11:00:53.518-1100] {logging_mixin.py:190} INFO - [2024-11-06T11:00:53.518-1100] {dag.py:4180} INFO - Setting next_dagrun for example_workday_timetable to 2021-01-04 00:00:00+00:00, run_after=2021-01-05 00:00:00+00:00
[2024-11-06T11:00:53.559-1100] {processor.py:208} INFO - Processing /home/ouaillaamiri/Development/lsi_3/airflow/venv/lib/python3.11/site-packages/airflow/example_dags/example_workday_timetable.py took 0.580 seconds
[2024-11-06T11:01:24.486-1100] {processor.py:186} INFO - Started process (PID=229181) to work on /home/ouaillaamiri/Development/lsi_3/airflow/venv/lib/python3.11/site-packages/airflow/example_dags/example_workday_timetable.py
[2024-11-06T11:01:24.488-1100] {processor.py:914} INFO - Processing file /home/ouaillaamiri/Development/lsi_3/airflow/venv/lib/python3.11/site-packages/airflow/example_dags/example_workday_timetable.py for tasks to queue
[2024-11-06T11:01:24.493-1100] {logging_mixin.py:190} INFO - [2024-11-06T11:01:24.493-1100] {dagbag.py:588} INFO - Filling up the DagBag from /home/ouaillaamiri/Development/lsi_3/airflow/venv/lib/python3.11/site-packages/airflow/example_dags/example_workday_timetable.py
[2024-11-06T11:01:24.506-1100] {processor.py:925} INFO - DAG(s) 'example_workday_timetable' retrieved from /home/ouaillaamiri/Development/lsi_3/airflow/venv/lib/python3.11/site-packages/airflow/example_dags/example_workday_timetable.py
[2024-11-06T11:01:24.565-1100] {logging_mixin.py:190} INFO - [2024-11-06T11:01:24.565-1100] {dag.py:3239} INFO - Sync 1 DAGs
[2024-11-06T11:01:24.713-1100] {logging_mixin.py:190} INFO - [2024-11-06T11:01:24.712-1100] {dag.py:4180} INFO - Setting next_dagrun for example_workday_timetable to 2021-01-04 00:00:00+00:00, run_after=2021-01-05 00:00:00+00:00
[2024-11-06T11:01:24.754-1100] {processor.py:208} INFO - Processing /home/ouaillaamiri/Development/lsi_3/airflow/venv/lib/python3.11/site-packages/airflow/example_dags/example_workday_timetable.py took 0.280 seconds
[2024-11-06T11:01:54.927-1100] {processor.py:186} INFO - Started process (PID=229552) to work on /home/ouaillaamiri/Development/lsi_3/airflow/venv/lib/python3.11/site-packages/airflow/example_dags/example_workday_timetable.py
[2024-11-06T11:01:54.930-1100] {processor.py:914} INFO - Processing file /home/ouaillaamiri/Development/lsi_3/airflow/venv/lib/python3.11/site-packages/airflow/example_dags/example_workday_timetable.py for tasks to queue
[2024-11-06T11:01:54.934-1100] {logging_mixin.py:190} INFO - [2024-11-06T11:01:54.934-1100] {dagbag.py:588} INFO - Filling up the DagBag from /home/ouaillaamiri/Development/lsi_3/airflow/venv/lib/python3.11/site-packages/airflow/example_dags/example_workday_timetable.py
[2024-11-06T11:01:54.944-1100] {processor.py:925} INFO - DAG(s) 'example_workday_timetable' retrieved from /home/ouaillaamiri/Development/lsi_3/airflow/venv/lib/python3.11/site-packages/airflow/example_dags/example_workday_timetable.py
[2024-11-06T11:01:54.999-1100] {logging_mixin.py:190} INFO - [2024-11-06T11:01:54.998-1100] {dag.py:3239} INFO - Sync 1 DAGs
[2024-11-06T11:01:55.104-1100] {logging_mixin.py:190} INFO - [2024-11-06T11:01:55.104-1100] {dag.py:4180} INFO - Setting next_dagrun for example_workday_timetable to 2021-01-04 00:00:00+00:00, run_after=2021-01-05 00:00:00+00:00
[2024-11-06T11:01:55.142-1100] {processor.py:208} INFO - Processing /home/ouaillaamiri/Development/lsi_3/airflow/venv/lib/python3.11/site-packages/airflow/example_dags/example_workday_timetable.py took 0.228 seconds
[2024-11-06T11:02:25.438-1100] {processor.py:186} INFO - Started process (PID=230046) to work on /home/ouaillaamiri/Development/lsi_3/airflow/venv/lib/python3.11/site-packages/airflow/example_dags/example_workday_timetable.py
[2024-11-06T11:02:25.439-1100] {processor.py:914} INFO - Processing file /home/ouaillaamiri/Development/lsi_3/airflow/venv/lib/python3.11/site-packages/airflow/example_dags/example_workday_timetable.py for tasks to queue
[2024-11-06T11:02:25.444-1100] {logging_mixin.py:190} INFO - [2024-11-06T11:02:25.443-1100] {dagbag.py:588} INFO - Filling up the DagBag from /home/ouaillaamiri/Development/lsi_3/airflow/venv/lib/python3.11/site-packages/airflow/example_dags/example_workday_timetable.py
[2024-11-06T11:02:25.456-1100] {processor.py:925} INFO - DAG(s) 'example_workday_timetable' retrieved from /home/ouaillaamiri/Development/lsi_3/airflow/venv/lib/python3.11/site-packages/airflow/example_dags/example_workday_timetable.py
[2024-11-06T11:02:25.524-1100] {logging_mixin.py:190} INFO - [2024-11-06T11:02:25.523-1100] {dag.py:3239} INFO - Sync 1 DAGs
[2024-11-06T11:02:25.671-1100] {logging_mixin.py:190} INFO - [2024-11-06T11:02:25.671-1100] {dag.py:4180} INFO - Setting next_dagrun for example_workday_timetable to 2021-01-04 00:00:00+00:00, run_after=2021-01-05 00:00:00+00:00
[2024-11-06T11:02:25.719-1100] {processor.py:208} INFO - Processing /home/ouaillaamiri/Development/lsi_3/airflow/venv/lib/python3.11/site-packages/airflow/example_dags/example_workday_timetable.py took 0.292 seconds
[2024-11-06T11:02:55.940-1100] {processor.py:186} INFO - Started process (PID=231127) to work on /home/ouaillaamiri/Development/lsi_3/airflow/venv/lib/python3.11/site-packages/airflow/example_dags/example_workday_timetable.py
[2024-11-06T11:02:55.943-1100] {processor.py:914} INFO - Processing file /home/ouaillaamiri/Development/lsi_3/airflow/venv/lib/python3.11/site-packages/airflow/example_dags/example_workday_timetable.py for tasks to queue
[2024-11-06T11:02:55.948-1100] {logging_mixin.py:190} INFO - [2024-11-06T11:02:55.948-1100] {dagbag.py:588} INFO - Filling up the DagBag from /home/ouaillaamiri/Development/lsi_3/airflow/venv/lib/python3.11/site-packages/airflow/example_dags/example_workday_timetable.py
[2024-11-06T11:02:55.960-1100] {processor.py:925} INFO - DAG(s) 'example_workday_timetable' retrieved from /home/ouaillaamiri/Development/lsi_3/airflow/venv/lib/python3.11/site-packages/airflow/example_dags/example_workday_timetable.py
[2024-11-06T11:02:56.016-1100] {logging_mixin.py:190} INFO - [2024-11-06T11:02:56.015-1100] {dag.py:3239} INFO - Sync 1 DAGs
[2024-11-06T11:02:56.143-1100] {logging_mixin.py:190} INFO - [2024-11-06T11:02:56.142-1100] {dag.py:4180} INFO - Setting next_dagrun for example_workday_timetable to 2021-01-04 00:00:00+00:00, run_after=2021-01-05 00:00:00+00:00
[2024-11-06T11:02:56.202-1100] {processor.py:208} INFO - Processing /home/ouaillaamiri/Development/lsi_3/airflow/venv/lib/python3.11/site-packages/airflow/example_dags/example_workday_timetable.py took 0.275 seconds
[2024-11-06T11:03:26.479-1100] {processor.py:186} INFO - Started process (PID=231493) to work on /home/ouaillaamiri/Development/lsi_3/airflow/venv/lib/python3.11/site-packages/airflow/example_dags/example_workday_timetable.py
[2024-11-06T11:03:26.483-1100] {processor.py:914} INFO - Processing file /home/ouaillaamiri/Development/lsi_3/airflow/venv/lib/python3.11/site-packages/airflow/example_dags/example_workday_timetable.py for tasks to queue
[2024-11-06T11:03:26.490-1100] {logging_mixin.py:190} INFO - [2024-11-06T11:03:26.489-1100] {dagbag.py:588} INFO - Filling up the DagBag from /home/ouaillaamiri/Development/lsi_3/airflow/venv/lib/python3.11/site-packages/airflow/example_dags/example_workday_timetable.py
[2024-11-06T11:03:26.505-1100] {processor.py:925} INFO - DAG(s) 'example_workday_timetable' retrieved from /home/ouaillaamiri/Development/lsi_3/airflow/venv/lib/python3.11/site-packages/airflow/example_dags/example_workday_timetable.py
[2024-11-06T11:03:26.591-1100] {logging_mixin.py:190} INFO - [2024-11-06T11:03:26.590-1100] {dag.py:3239} INFO - Sync 1 DAGs
[2024-11-06T11:03:26.767-1100] {logging_mixin.py:190} INFO - [2024-11-06T11:03:26.766-1100] {dag.py:4180} INFO - Setting next_dagrun for example_workday_timetable to 2021-01-04 00:00:00+00:00, run_after=2021-01-05 00:00:00+00:00
[2024-11-06T11:03:26.816-1100] {processor.py:208} INFO - Processing /home/ouaillaamiri/Development/lsi_3/airflow/venv/lib/python3.11/site-packages/airflow/example_dags/example_workday_timetable.py took 0.352 seconds
[2024-11-06T11:03:57.610-1100] {processor.py:186} INFO - Started process (PID=232169) to work on /home/ouaillaamiri/Development/lsi_3/airflow/venv/lib/python3.11/site-packages/airflow/example_dags/example_workday_timetable.py
[2024-11-06T11:03:57.613-1100] {processor.py:914} INFO - Processing file /home/ouaillaamiri/Development/lsi_3/airflow/venv/lib/python3.11/site-packages/airflow/example_dags/example_workday_timetable.py for tasks to queue
[2024-11-06T11:03:57.619-1100] {logging_mixin.py:190} INFO - [2024-11-06T11:03:57.618-1100] {dagbag.py:588} INFO - Filling up the DagBag from /home/ouaillaamiri/Development/lsi_3/airflow/venv/lib/python3.11/site-packages/airflow/example_dags/example_workday_timetable.py
[2024-11-06T11:03:57.632-1100] {processor.py:925} INFO - DAG(s) 'example_workday_timetable' retrieved from /home/ouaillaamiri/Development/lsi_3/airflow/venv/lib/python3.11/site-packages/airflow/example_dags/example_workday_timetable.py
[2024-11-06T11:03:57.696-1100] {logging_mixin.py:190} INFO - [2024-11-06T11:03:57.696-1100] {dag.py:3239} INFO - Sync 1 DAGs
[2024-11-06T11:03:57.805-1100] {logging_mixin.py:190} INFO - [2024-11-06T11:03:57.805-1100] {dag.py:4180} INFO - Setting next_dagrun for example_workday_timetable to 2021-01-04 00:00:00+00:00, run_after=2021-01-05 00:00:00+00:00
[2024-11-06T11:03:57.843-1100] {processor.py:208} INFO - Processing /home/ouaillaamiri/Development/lsi_3/airflow/venv/lib/python3.11/site-packages/airflow/example_dags/example_workday_timetable.py took 0.245 seconds
[2024-11-06T11:04:28.163-1100] {processor.py:186} INFO - Started process (PID=232538) to work on /home/ouaillaamiri/Development/lsi_3/airflow/venv/lib/python3.11/site-packages/airflow/example_dags/example_workday_timetable.py
[2024-11-06T11:04:28.164-1100] {processor.py:914} INFO - Processing file /home/ouaillaamiri/Development/lsi_3/airflow/venv/lib/python3.11/site-packages/airflow/example_dags/example_workday_timetable.py for tasks to queue
[2024-11-06T11:04:28.169-1100] {logging_mixin.py:190} INFO - [2024-11-06T11:04:28.167-1100] {dagbag.py:588} INFO - Filling up the DagBag from /home/ouaillaamiri/Development/lsi_3/airflow/venv/lib/python3.11/site-packages/airflow/example_dags/example_workday_timetable.py
[2024-11-06T11:04:28.180-1100] {processor.py:925} INFO - DAG(s) 'example_workday_timetable' retrieved from /home/ouaillaamiri/Development/lsi_3/airflow/venv/lib/python3.11/site-packages/airflow/example_dags/example_workday_timetable.py
[2024-11-06T11:04:28.241-1100] {logging_mixin.py:190} INFO - [2024-11-06T11:04:28.241-1100] {dag.py:3239} INFO - Sync 1 DAGs
[2024-11-06T11:04:28.358-1100] {logging_mixin.py:190} INFO - [2024-11-06T11:04:28.358-1100] {dag.py:4180} INFO - Setting next_dagrun for example_workday_timetable to 2021-01-04 00:00:00+00:00, run_after=2021-01-05 00:00:00+00:00
[2024-11-06T11:04:28.397-1100] {processor.py:208} INFO - Processing /home/ouaillaamiri/Development/lsi_3/airflow/venv/lib/python3.11/site-packages/airflow/example_dags/example_workday_timetable.py took 0.244 seconds
