[2024-11-06T10:53:33.652-1100] {processor.py:186} INFO - Started process (PID=219398) to work on /home/ouaillaamiri/Development/lsi_3/airflow/venv/lib/python3.11/site-packages/airflow/example_dags/example_setup_teardown_taskflow.py
[2024-11-06T10:53:33.654-1100] {processor.py:914} INFO - Processing file /home/ouaillaamiri/Development/lsi_3/airflow/venv/lib/python3.11/site-packages/airflow/example_dags/example_setup_teardown_taskflow.py for tasks to queue
[2024-11-06T10:53:33.660-1100] {logging_mixin.py:190} INFO - [2024-11-06T10:53:33.659-1100] {dagbag.py:588} INFO - Filling up the DagBag from /home/ouaillaamiri/Development/lsi_3/airflow/venv/lib/python3.11/site-packages/airflow/example_dags/example_setup_teardown_taskflow.py
[2024-11-06T10:53:33.685-1100] {processor.py:925} INFO - DAG(s) 'example_setup_teardown_taskflow' retrieved from /home/ouaillaamiri/Development/lsi_3/airflow/venv/lib/python3.11/site-packages/airflow/example_dags/example_setup_teardown_taskflow.py
[2024-11-06T10:53:33.911-1100] {logging_mixin.py:190} INFO - [2024-11-06T10:53:33.910-1100] {override.py:1911} INFO - Created Permission View: can edit on DAG:example_setup_teardown_taskflow
[2024-11-06T10:53:33.932-1100] {logging_mixin.py:190} INFO - [2024-11-06T10:53:33.932-1100] {override.py:1911} INFO - Created Permission View: can delete on DAG:example_setup_teardown_taskflow
[2024-11-06T10:53:33.946-1100] {logging_mixin.py:190} INFO - [2024-11-06T10:53:33.946-1100] {override.py:1911} INFO - Created Permission View: can read on DAG:example_setup_teardown_taskflow
[2024-11-06T10:53:33.962-1100] {logging_mixin.py:190} INFO - [2024-11-06T10:53:33.962-1100] {override.py:1911} INFO - Created Permission View: can delete on DAG Run:example_setup_teardown_taskflow
[2024-11-06T10:53:33.978-1100] {logging_mixin.py:190} INFO - [2024-11-06T10:53:33.977-1100] {override.py:1911} INFO - Created Permission View: can create on DAG Run:example_setup_teardown_taskflow
[2024-11-06T10:53:33.993-1100] {logging_mixin.py:190} INFO - [2024-11-06T10:53:33.993-1100] {override.py:1911} INFO - Created Permission View: menu access on DAG Run:example_setup_teardown_taskflow
[2024-11-06T10:53:34.008-1100] {logging_mixin.py:190} INFO - [2024-11-06T10:53:34.007-1100] {override.py:1911} INFO - Created Permission View: can read on DAG Run:example_setup_teardown_taskflow
[2024-11-06T10:53:34.008-1100] {logging_mixin.py:190} INFO - [2024-11-06T10:53:34.008-1100] {dag.py:3239} INFO - Sync 1 DAGs
[2024-11-06T10:53:34.039-1100] {logging_mixin.py:190} INFO - [2024-11-06T10:53:34.038-1100] {dag.py:3262} INFO - Creating ORM DAG for example_setup_teardown_taskflow
[2024-11-06T10:53:34.040-1100] {logging_mixin.py:190} INFO - [2024-11-06T10:53:34.040-1100] {dag.py:4180} INFO - Setting next_dagrun for example_setup_teardown_taskflow to None, run_after=None
[2024-11-06T10:53:34.082-1100] {processor.py:208} INFO - Processing /home/ouaillaamiri/Development/lsi_3/airflow/venv/lib/python3.11/site-packages/airflow/example_dags/example_setup_teardown_taskflow.py took 0.444 seconds
[2024-11-06T10:54:04.630-1100] {processor.py:186} INFO - Started process (PID=220171) to work on /home/ouaillaamiri/Development/lsi_3/airflow/venv/lib/python3.11/site-packages/airflow/example_dags/example_setup_teardown_taskflow.py
[2024-11-06T10:54:04.632-1100] {processor.py:914} INFO - Processing file /home/ouaillaamiri/Development/lsi_3/airflow/venv/lib/python3.11/site-packages/airflow/example_dags/example_setup_teardown_taskflow.py for tasks to queue
[2024-11-06T10:54:04.636-1100] {logging_mixin.py:190} INFO - [2024-11-06T10:54:04.635-1100] {dagbag.py:588} INFO - Filling up the DagBag from /home/ouaillaamiri/Development/lsi_3/airflow/venv/lib/python3.11/site-packages/airflow/example_dags/example_setup_teardown_taskflow.py
[2024-11-06T10:54:04.658-1100] {processor.py:925} INFO - DAG(s) 'example_setup_teardown_taskflow' retrieved from /home/ouaillaamiri/Development/lsi_3/airflow/venv/lib/python3.11/site-packages/airflow/example_dags/example_setup_teardown_taskflow.py
[2024-11-06T10:54:04.742-1100] {logging_mixin.py:190} INFO - [2024-11-06T10:54:04.741-1100] {dag.py:3239} INFO - Sync 1 DAGs
[2024-11-06T10:54:04.779-1100] {logging_mixin.py:190} INFO - [2024-11-06T10:54:04.779-1100] {dag.py:4180} INFO - Setting next_dagrun for example_setup_teardown_taskflow to None, run_after=None
[2024-11-06T10:54:04.826-1100] {processor.py:208} INFO - Processing /home/ouaillaamiri/Development/lsi_3/airflow/venv/lib/python3.11/site-packages/airflow/example_dags/example_setup_teardown_taskflow.py took 0.208 seconds
[2024-11-06T10:54:35.151-1100] {processor.py:186} INFO - Started process (PID=220637) to work on /home/ouaillaamiri/Development/lsi_3/airflow/venv/lib/python3.11/site-packages/airflow/example_dags/example_setup_teardown_taskflow.py
[2024-11-06T10:54:35.153-1100] {processor.py:914} INFO - Processing file /home/ouaillaamiri/Development/lsi_3/airflow/venv/lib/python3.11/site-packages/airflow/example_dags/example_setup_teardown_taskflow.py for tasks to queue
[2024-11-06T10:54:35.156-1100] {logging_mixin.py:190} INFO - [2024-11-06T10:54:35.156-1100] {dagbag.py:588} INFO - Filling up the DagBag from /home/ouaillaamiri/Development/lsi_3/airflow/venv/lib/python3.11/site-packages/airflow/example_dags/example_setup_teardown_taskflow.py
[2024-11-06T10:54:35.174-1100] {processor.py:925} INFO - DAG(s) 'example_setup_teardown_taskflow' retrieved from /home/ouaillaamiri/Development/lsi_3/airflow/venv/lib/python3.11/site-packages/airflow/example_dags/example_setup_teardown_taskflow.py
[2024-11-06T10:54:35.232-1100] {logging_mixin.py:190} INFO - [2024-11-06T10:54:35.231-1100] {dag.py:3239} INFO - Sync 1 DAGs
[2024-11-06T10:54:35.258-1100] {logging_mixin.py:190} INFO - [2024-11-06T10:54:35.257-1100] {dag.py:4180} INFO - Setting next_dagrun for example_setup_teardown_taskflow to None, run_after=None
[2024-11-06T10:54:35.297-1100] {processor.py:208} INFO - Processing /home/ouaillaamiri/Development/lsi_3/airflow/venv/lib/python3.11/site-packages/airflow/example_dags/example_setup_teardown_taskflow.py took 0.156 seconds
[2024-11-06T10:55:06.216-1100] {processor.py:186} INFO - Started process (PID=221177) to work on /home/ouaillaamiri/Development/lsi_3/airflow/venv/lib/python3.11/site-packages/airflow/example_dags/example_setup_teardown_taskflow.py
[2024-11-06T10:55:06.218-1100] {processor.py:914} INFO - Processing file /home/ouaillaamiri/Development/lsi_3/airflow/venv/lib/python3.11/site-packages/airflow/example_dags/example_setup_teardown_taskflow.py for tasks to queue
[2024-11-06T10:55:06.222-1100] {logging_mixin.py:190} INFO - [2024-11-06T10:55:06.221-1100] {dagbag.py:588} INFO - Filling up the DagBag from /home/ouaillaamiri/Development/lsi_3/airflow/venv/lib/python3.11/site-packages/airflow/example_dags/example_setup_teardown_taskflow.py
[2024-11-06T10:55:06.245-1100] {processor.py:925} INFO - DAG(s) 'example_setup_teardown_taskflow' retrieved from /home/ouaillaamiri/Development/lsi_3/airflow/venv/lib/python3.11/site-packages/airflow/example_dags/example_setup_teardown_taskflow.py
[2024-11-06T10:55:06.307-1100] {logging_mixin.py:190} INFO - [2024-11-06T10:55:06.307-1100] {dag.py:3239} INFO - Sync 1 DAGs
[2024-11-06T10:55:06.336-1100] {logging_mixin.py:190} INFO - [2024-11-06T10:55:06.336-1100] {dag.py:4180} INFO - Setting next_dagrun for example_setup_teardown_taskflow to None, run_after=None
[2024-11-06T10:55:06.376-1100] {processor.py:208} INFO - Processing /home/ouaillaamiri/Development/lsi_3/airflow/venv/lib/python3.11/site-packages/airflow/example_dags/example_setup_teardown_taskflow.py took 0.172 seconds
[2024-11-06T10:55:36.752-1100] {processor.py:186} INFO - Started process (PID=221704) to work on /home/ouaillaamiri/Development/lsi_3/airflow/venv/lib/python3.11/site-packages/airflow/example_dags/example_setup_teardown_taskflow.py
[2024-11-06T10:55:36.754-1100] {processor.py:914} INFO - Processing file /home/ouaillaamiri/Development/lsi_3/airflow/venv/lib/python3.11/site-packages/airflow/example_dags/example_setup_teardown_taskflow.py for tasks to queue
[2024-11-06T10:55:36.758-1100] {logging_mixin.py:190} INFO - [2024-11-06T10:55:36.757-1100] {dagbag.py:588} INFO - Filling up the DagBag from /home/ouaillaamiri/Development/lsi_3/airflow/venv/lib/python3.11/site-packages/airflow/example_dags/example_setup_teardown_taskflow.py
[2024-11-06T10:55:36.778-1100] {processor.py:925} INFO - DAG(s) 'example_setup_teardown_taskflow' retrieved from /home/ouaillaamiri/Development/lsi_3/airflow/venv/lib/python3.11/site-packages/airflow/example_dags/example_setup_teardown_taskflow.py
[2024-11-06T10:55:36.837-1100] {logging_mixin.py:190} INFO - [2024-11-06T10:55:36.836-1100] {dag.py:3239} INFO - Sync 1 DAGs
[2024-11-06T10:55:36.865-1100] {logging_mixin.py:190} INFO - [2024-11-06T10:55:36.865-1100] {dag.py:4180} INFO - Setting next_dagrun for example_setup_teardown_taskflow to None, run_after=None
[2024-11-06T10:55:36.902-1100] {processor.py:208} INFO - Processing /home/ouaillaamiri/Development/lsi_3/airflow/venv/lib/python3.11/site-packages/airflow/example_dags/example_setup_teardown_taskflow.py took 0.161 seconds
[2024-11-06T10:56:07.232-1100] {processor.py:186} INFO - Started process (PID=222086) to work on /home/ouaillaamiri/Development/lsi_3/airflow/venv/lib/python3.11/site-packages/airflow/example_dags/example_setup_teardown_taskflow.py
[2024-11-06T10:56:07.234-1100] {processor.py:914} INFO - Processing file /home/ouaillaamiri/Development/lsi_3/airflow/venv/lib/python3.11/site-packages/airflow/example_dags/example_setup_teardown_taskflow.py for tasks to queue
[2024-11-06T10:56:07.238-1100] {logging_mixin.py:190} INFO - [2024-11-06T10:56:07.237-1100] {dagbag.py:588} INFO - Filling up the DagBag from /home/ouaillaamiri/Development/lsi_3/airflow/venv/lib/python3.11/site-packages/airflow/example_dags/example_setup_teardown_taskflow.py
[2024-11-06T10:56:07.257-1100] {processor.py:925} INFO - DAG(s) 'example_setup_teardown_taskflow' retrieved from /home/ouaillaamiri/Development/lsi_3/airflow/venv/lib/python3.11/site-packages/airflow/example_dags/example_setup_teardown_taskflow.py
[2024-11-06T10:56:07.323-1100] {logging_mixin.py:190} INFO - [2024-11-06T10:56:07.323-1100] {dag.py:3239} INFO - Sync 1 DAGs
[2024-11-06T10:56:07.359-1100] {logging_mixin.py:190} INFO - [2024-11-06T10:56:07.358-1100] {dag.py:4180} INFO - Setting next_dagrun for example_setup_teardown_taskflow to None, run_after=None
[2024-11-06T10:56:07.415-1100] {processor.py:208} INFO - Processing /home/ouaillaamiri/Development/lsi_3/airflow/venv/lib/python3.11/site-packages/airflow/example_dags/example_setup_teardown_taskflow.py took 0.193 seconds
[2024-11-06T10:56:45.746-1100] {processor.py:186} INFO - Started process (PID=223282) to work on /home/ouaillaamiri/Development/lsi_3/airflow/venv/lib/python3.11/site-packages/airflow/example_dags/example_setup_teardown_taskflow.py
[2024-11-06T10:56:45.748-1100] {processor.py:914} INFO - Processing file /home/ouaillaamiri/Development/lsi_3/airflow/venv/lib/python3.11/site-packages/airflow/example_dags/example_setup_teardown_taskflow.py for tasks to queue
[2024-11-06T10:56:45.753-1100] {logging_mixin.py:190} INFO - [2024-11-06T10:56:45.752-1100] {dagbag.py:588} INFO - Filling up the DagBag from /home/ouaillaamiri/Development/lsi_3/airflow/venv/lib/python3.11/site-packages/airflow/example_dags/example_setup_teardown_taskflow.py
[2024-11-06T10:56:45.782-1100] {processor.py:925} INFO - DAG(s) 'example_setup_teardown_taskflow' retrieved from /home/ouaillaamiri/Development/lsi_3/airflow/venv/lib/python3.11/site-packages/airflow/example_dags/example_setup_teardown_taskflow.py
[2024-11-06T10:56:45.866-1100] {logging_mixin.py:190} INFO - [2024-11-06T10:56:45.866-1100] {dag.py:3239} INFO - Sync 1 DAGs
[2024-11-06T10:56:45.897-1100] {logging_mixin.py:190} INFO - [2024-11-06T10:56:45.896-1100] {dag.py:4180} INFO - Setting next_dagrun for example_setup_teardown_taskflow to None, run_after=None
[2024-11-06T10:56:45.940-1100] {processor.py:208} INFO - Processing /home/ouaillaamiri/Development/lsi_3/airflow/venv/lib/python3.11/site-packages/airflow/example_dags/example_setup_teardown_taskflow.py took 0.209 seconds
[2024-11-06T10:57:16.498-1100] {processor.py:186} INFO - Started process (PID=224317) to work on /home/ouaillaamiri/Development/lsi_3/airflow/venv/lib/python3.11/site-packages/airflow/example_dags/example_setup_teardown_taskflow.py
[2024-11-06T10:57:16.500-1100] {processor.py:914} INFO - Processing file /home/ouaillaamiri/Development/lsi_3/airflow/venv/lib/python3.11/site-packages/airflow/example_dags/example_setup_teardown_taskflow.py for tasks to queue
[2024-11-06T10:57:16.505-1100] {logging_mixin.py:190} INFO - [2024-11-06T10:57:16.504-1100] {dagbag.py:588} INFO - Filling up the DagBag from /home/ouaillaamiri/Development/lsi_3/airflow/venv/lib/python3.11/site-packages/airflow/example_dags/example_setup_teardown_taskflow.py
[2024-11-06T10:57:16.533-1100] {processor.py:925} INFO - DAG(s) 'example_setup_teardown_taskflow' retrieved from /home/ouaillaamiri/Development/lsi_3/airflow/venv/lib/python3.11/site-packages/airflow/example_dags/example_setup_teardown_taskflow.py
[2024-11-06T10:57:16.606-1100] {logging_mixin.py:190} INFO - [2024-11-06T10:57:16.605-1100] {dag.py:3239} INFO - Sync 1 DAGs
[2024-11-06T10:57:16.640-1100] {logging_mixin.py:190} INFO - [2024-11-06T10:57:16.639-1100] {dag.py:4180} INFO - Setting next_dagrun for example_setup_teardown_taskflow to None, run_after=None
[2024-11-06T10:57:16.689-1100] {processor.py:208} INFO - Processing /home/ouaillaamiri/Development/lsi_3/airflow/venv/lib/python3.11/site-packages/airflow/example_dags/example_setup_teardown_taskflow.py took 0.206 seconds
[2024-11-06T10:57:47.212-1100] {processor.py:186} INFO - Started process (PID=225087) to work on /home/ouaillaamiri/Development/lsi_3/airflow/venv/lib/python3.11/site-packages/airflow/example_dags/example_setup_teardown_taskflow.py
[2024-11-06T10:57:47.214-1100] {processor.py:914} INFO - Processing file /home/ouaillaamiri/Development/lsi_3/airflow/venv/lib/python3.11/site-packages/airflow/example_dags/example_setup_teardown_taskflow.py for tasks to queue
[2024-11-06T10:57:47.219-1100] {logging_mixin.py:190} INFO - [2024-11-06T10:57:47.218-1100] {dagbag.py:588} INFO - Filling up the DagBag from /home/ouaillaamiri/Development/lsi_3/airflow/venv/lib/python3.11/site-packages/airflow/example_dags/example_setup_teardown_taskflow.py
[2024-11-06T10:57:47.238-1100] {processor.py:925} INFO - DAG(s) 'example_setup_teardown_taskflow' retrieved from /home/ouaillaamiri/Development/lsi_3/airflow/venv/lib/python3.11/site-packages/airflow/example_dags/example_setup_teardown_taskflow.py
[2024-11-06T10:57:47.301-1100] {logging_mixin.py:190} INFO - [2024-11-06T10:57:47.300-1100] {dag.py:3239} INFO - Sync 1 DAGs
[2024-11-06T10:57:47.327-1100] {logging_mixin.py:190} INFO - [2024-11-06T10:57:47.327-1100] {dag.py:4180} INFO - Setting next_dagrun for example_setup_teardown_taskflow to None, run_after=None
[2024-11-06T10:57:47.362-1100] {processor.py:208} INFO - Processing /home/ouaillaamiri/Development/lsi_3/airflow/venv/lib/python3.11/site-packages/airflow/example_dags/example_setup_teardown_taskflow.py took 0.161 seconds
[2024-11-06T10:58:18.163-1100] {processor.py:186} INFO - Started process (PID=225729) to work on /home/ouaillaamiri/Development/lsi_3/airflow/venv/lib/python3.11/site-packages/airflow/example_dags/example_setup_teardown_taskflow.py
[2024-11-06T10:58:18.164-1100] {processor.py:914} INFO - Processing file /home/ouaillaamiri/Development/lsi_3/airflow/venv/lib/python3.11/site-packages/airflow/example_dags/example_setup_teardown_taskflow.py for tasks to queue
[2024-11-06T10:58:18.168-1100] {logging_mixin.py:190} INFO - [2024-11-06T10:58:18.167-1100] {dagbag.py:588} INFO - Filling up the DagBag from /home/ouaillaamiri/Development/lsi_3/airflow/venv/lib/python3.11/site-packages/airflow/example_dags/example_setup_teardown_taskflow.py
[2024-11-06T10:58:18.186-1100] {processor.py:925} INFO - DAG(s) 'example_setup_teardown_taskflow' retrieved from /home/ouaillaamiri/Development/lsi_3/airflow/venv/lib/python3.11/site-packages/airflow/example_dags/example_setup_teardown_taskflow.py
[2024-11-06T10:58:18.247-1100] {logging_mixin.py:190} INFO - [2024-11-06T10:58:18.247-1100] {dag.py:3239} INFO - Sync 1 DAGs
[2024-11-06T10:58:18.276-1100] {logging_mixin.py:190} INFO - [2024-11-06T10:58:18.275-1100] {dag.py:4180} INFO - Setting next_dagrun for example_setup_teardown_taskflow to None, run_after=None
[2024-11-06T10:58:18.317-1100] {processor.py:208} INFO - Processing /home/ouaillaamiri/Development/lsi_3/airflow/venv/lib/python3.11/site-packages/airflow/example_dags/example_setup_teardown_taskflow.py took 0.164 seconds
[2024-11-06T10:58:48.833-1100] {processor.py:186} INFO - Started process (PID=226454) to work on /home/ouaillaamiri/Development/lsi_3/airflow/venv/lib/python3.11/site-packages/airflow/example_dags/example_setup_teardown_taskflow.py
[2024-11-06T10:58:48.835-1100] {processor.py:914} INFO - Processing file /home/ouaillaamiri/Development/lsi_3/airflow/venv/lib/python3.11/site-packages/airflow/example_dags/example_setup_teardown_taskflow.py for tasks to queue
[2024-11-06T10:58:48.839-1100] {logging_mixin.py:190} INFO - [2024-11-06T10:58:48.839-1100] {dagbag.py:588} INFO - Filling up the DagBag from /home/ouaillaamiri/Development/lsi_3/airflow/venv/lib/python3.11/site-packages/airflow/example_dags/example_setup_teardown_taskflow.py
[2024-11-06T10:58:48.861-1100] {processor.py:925} INFO - DAG(s) 'example_setup_teardown_taskflow' retrieved from /home/ouaillaamiri/Development/lsi_3/airflow/venv/lib/python3.11/site-packages/airflow/example_dags/example_setup_teardown_taskflow.py
[2024-11-06T10:58:48.931-1100] {logging_mixin.py:190} INFO - [2024-11-06T10:58:48.931-1100] {dag.py:3239} INFO - Sync 1 DAGs
[2024-11-06T10:58:48.960-1100] {logging_mixin.py:190} INFO - [2024-11-06T10:58:48.959-1100] {dag.py:4180} INFO - Setting next_dagrun for example_setup_teardown_taskflow to None, run_after=None
[2024-11-06T10:58:48.998-1100] {processor.py:208} INFO - Processing /home/ouaillaamiri/Development/lsi_3/airflow/venv/lib/python3.11/site-packages/airflow/example_dags/example_setup_teardown_taskflow.py took 0.175 seconds
[2024-11-06T10:59:19.603-1100] {processor.py:186} INFO - Started process (PID=227157) to work on /home/ouaillaamiri/Development/lsi_3/airflow/venv/lib/python3.11/site-packages/airflow/example_dags/example_setup_teardown_taskflow.py
[2024-11-06T10:59:19.605-1100] {processor.py:914} INFO - Processing file /home/ouaillaamiri/Development/lsi_3/airflow/venv/lib/python3.11/site-packages/airflow/example_dags/example_setup_teardown_taskflow.py for tasks to queue
[2024-11-06T10:59:19.609-1100] {logging_mixin.py:190} INFO - [2024-11-06T10:59:19.608-1100] {dagbag.py:588} INFO - Filling up the DagBag from /home/ouaillaamiri/Development/lsi_3/airflow/venv/lib/python3.11/site-packages/airflow/example_dags/example_setup_teardown_taskflow.py
[2024-11-06T10:59:19.630-1100] {processor.py:925} INFO - DAG(s) 'example_setup_teardown_taskflow' retrieved from /home/ouaillaamiri/Development/lsi_3/airflow/venv/lib/python3.11/site-packages/airflow/example_dags/example_setup_teardown_taskflow.py
[2024-11-06T10:59:19.690-1100] {logging_mixin.py:190} INFO - [2024-11-06T10:59:19.689-1100] {dag.py:3239} INFO - Sync 1 DAGs
[2024-11-06T10:59:19.715-1100] {logging_mixin.py:190} INFO - [2024-11-06T10:59:19.714-1100] {dag.py:4180} INFO - Setting next_dagrun for example_setup_teardown_taskflow to None, run_after=None
[2024-11-06T10:59:19.754-1100] {processor.py:208} INFO - Processing /home/ouaillaamiri/Development/lsi_3/airflow/venv/lib/python3.11/site-packages/airflow/example_dags/example_setup_teardown_taskflow.py took 0.163 seconds
[2024-11-06T10:59:50.888-1100] {processor.py:186} INFO - Started process (PID=227549) to work on /home/ouaillaamiri/Development/lsi_3/airflow/venv/lib/python3.11/site-packages/airflow/example_dags/example_setup_teardown_taskflow.py
[2024-11-06T10:59:50.891-1100] {processor.py:914} INFO - Processing file /home/ouaillaamiri/Development/lsi_3/airflow/venv/lib/python3.11/site-packages/airflow/example_dags/example_setup_teardown_taskflow.py for tasks to queue
[2024-11-06T10:59:50.899-1100] {logging_mixin.py:190} INFO - [2024-11-06T10:59:50.898-1100] {dagbag.py:588} INFO - Filling up the DagBag from /home/ouaillaamiri/Development/lsi_3/airflow/venv/lib/python3.11/site-packages/airflow/example_dags/example_setup_teardown_taskflow.py
[2024-11-06T10:59:50.941-1100] {processor.py:925} INFO - DAG(s) 'example_setup_teardown_taskflow' retrieved from /home/ouaillaamiri/Development/lsi_3/airflow/venv/lib/python3.11/site-packages/airflow/example_dags/example_setup_teardown_taskflow.py
[2024-11-06T10:59:51.031-1100] {logging_mixin.py:190} INFO - [2024-11-06T10:59:51.031-1100] {dag.py:3239} INFO - Sync 1 DAGs
[2024-11-06T10:59:51.070-1100] {logging_mixin.py:190} INFO - [2024-11-06T10:59:51.069-1100] {dag.py:4180} INFO - Setting next_dagrun for example_setup_teardown_taskflow to None, run_after=None
[2024-11-06T10:59:51.129-1100] {processor.py:208} INFO - Processing /home/ouaillaamiri/Development/lsi_3/airflow/venv/lib/python3.11/site-packages/airflow/example_dags/example_setup_teardown_taskflow.py took 0.264 seconds
[2024-11-06T11:00:57.280-1100] {processor.py:186} INFO - Started process (PID=228732) to work on /home/ouaillaamiri/Development/lsi_3/airflow/venv/lib/python3.11/site-packages/airflow/example_dags/example_setup_teardown_taskflow.py
[2024-11-06T11:00:57.282-1100] {processor.py:914} INFO - Processing file /home/ouaillaamiri/Development/lsi_3/airflow/venv/lib/python3.11/site-packages/airflow/example_dags/example_setup_teardown_taskflow.py for tasks to queue
[2024-11-06T11:00:57.287-1100] {logging_mixin.py:190} INFO - [2024-11-06T11:00:57.286-1100] {dagbag.py:588} INFO - Filling up the DagBag from /home/ouaillaamiri/Development/lsi_3/airflow/venv/lib/python3.11/site-packages/airflow/example_dags/example_setup_teardown_taskflow.py
[2024-11-06T11:00:57.316-1100] {processor.py:925} INFO - DAG(s) 'example_setup_teardown_taskflow' retrieved from /home/ouaillaamiri/Development/lsi_3/airflow/venv/lib/python3.11/site-packages/airflow/example_dags/example_setup_teardown_taskflow.py
[2024-11-06T11:00:57.408-1100] {logging_mixin.py:190} INFO - [2024-11-06T11:00:57.407-1100] {dag.py:3239} INFO - Sync 1 DAGs
[2024-11-06T11:00:57.440-1100] {logging_mixin.py:190} INFO - [2024-11-06T11:00:57.439-1100] {dag.py:4180} INFO - Setting next_dagrun for example_setup_teardown_taskflow to None, run_after=None
[2024-11-06T11:00:57.487-1100] {processor.py:208} INFO - Processing /home/ouaillaamiri/Development/lsi_3/airflow/venv/lib/python3.11/site-packages/airflow/example_dags/example_setup_teardown_taskflow.py took 0.219 seconds
[2024-11-06T11:01:27.955-1100] {processor.py:186} INFO - Started process (PID=229330) to work on /home/ouaillaamiri/Development/lsi_3/airflow/venv/lib/python3.11/site-packages/airflow/example_dags/example_setup_teardown_taskflow.py
[2024-11-06T11:01:27.957-1100] {processor.py:914} INFO - Processing file /home/ouaillaamiri/Development/lsi_3/airflow/venv/lib/python3.11/site-packages/airflow/example_dags/example_setup_teardown_taskflow.py for tasks to queue
[2024-11-06T11:01:27.961-1100] {logging_mixin.py:190} INFO - [2024-11-06T11:01:27.960-1100] {dagbag.py:588} INFO - Filling up the DagBag from /home/ouaillaamiri/Development/lsi_3/airflow/venv/lib/python3.11/site-packages/airflow/example_dags/example_setup_teardown_taskflow.py
[2024-11-06T11:01:27.984-1100] {processor.py:925} INFO - DAG(s) 'example_setup_teardown_taskflow' retrieved from /home/ouaillaamiri/Development/lsi_3/airflow/venv/lib/python3.11/site-packages/airflow/example_dags/example_setup_teardown_taskflow.py
[2024-11-06T11:01:28.066-1100] {logging_mixin.py:190} INFO - [2024-11-06T11:01:28.066-1100] {dag.py:3239} INFO - Sync 1 DAGs
[2024-11-06T11:01:28.093-1100] {logging_mixin.py:190} INFO - [2024-11-06T11:01:28.092-1100] {dag.py:4180} INFO - Setting next_dagrun for example_setup_teardown_taskflow to None, run_after=None
[2024-11-06T11:01:28.133-1100] {processor.py:208} INFO - Processing /home/ouaillaamiri/Development/lsi_3/airflow/venv/lib/python3.11/site-packages/airflow/example_dags/example_setup_teardown_taskflow.py took 0.191 seconds
[2024-11-06T11:01:58.713-1100] {processor.py:186} INFO - Started process (PID=229705) to work on /home/ouaillaamiri/Development/lsi_3/airflow/venv/lib/python3.11/site-packages/airflow/example_dags/example_setup_teardown_taskflow.py
[2024-11-06T11:01:58.715-1100] {processor.py:914} INFO - Processing file /home/ouaillaamiri/Development/lsi_3/airflow/venv/lib/python3.11/site-packages/airflow/example_dags/example_setup_teardown_taskflow.py for tasks to queue
[2024-11-06T11:01:58.721-1100] {logging_mixin.py:190} INFO - [2024-11-06T11:01:58.720-1100] {dagbag.py:588} INFO - Filling up the DagBag from /home/ouaillaamiri/Development/lsi_3/airflow/venv/lib/python3.11/site-packages/airflow/example_dags/example_setup_teardown_taskflow.py
[2024-11-06T11:01:58.741-1100] {processor.py:925} INFO - DAG(s) 'example_setup_teardown_taskflow' retrieved from /home/ouaillaamiri/Development/lsi_3/airflow/venv/lib/python3.11/site-packages/airflow/example_dags/example_setup_teardown_taskflow.py
[2024-11-06T11:01:58.809-1100] {logging_mixin.py:190} INFO - [2024-11-06T11:01:58.808-1100] {dag.py:3239} INFO - Sync 1 DAGs
[2024-11-06T11:01:58.838-1100] {logging_mixin.py:190} INFO - [2024-11-06T11:01:58.837-1100] {dag.py:4180} INFO - Setting next_dagrun for example_setup_teardown_taskflow to None, run_after=None
[2024-11-06T11:01:58.878-1100] {processor.py:208} INFO - Processing /home/ouaillaamiri/Development/lsi_3/airflow/venv/lib/python3.11/site-packages/airflow/example_dags/example_setup_teardown_taskflow.py took 0.176 seconds
[2024-11-06T11:02:29.190-1100] {processor.py:186} INFO - Started process (PID=230295) to work on /home/ouaillaamiri/Development/lsi_3/airflow/venv/lib/python3.11/site-packages/airflow/example_dags/example_setup_teardown_taskflow.py
[2024-11-06T11:02:29.192-1100] {processor.py:914} INFO - Processing file /home/ouaillaamiri/Development/lsi_3/airflow/venv/lib/python3.11/site-packages/airflow/example_dags/example_setup_teardown_taskflow.py for tasks to queue
[2024-11-06T11:02:29.195-1100] {logging_mixin.py:190} INFO - [2024-11-06T11:02:29.195-1100] {dagbag.py:588} INFO - Filling up the DagBag from /home/ouaillaamiri/Development/lsi_3/airflow/venv/lib/python3.11/site-packages/airflow/example_dags/example_setup_teardown_taskflow.py
[2024-11-06T11:02:29.218-1100] {processor.py:925} INFO - DAG(s) 'example_setup_teardown_taskflow' retrieved from /home/ouaillaamiri/Development/lsi_3/airflow/venv/lib/python3.11/site-packages/airflow/example_dags/example_setup_teardown_taskflow.py
[2024-11-06T11:02:29.285-1100] {logging_mixin.py:190} INFO - [2024-11-06T11:02:29.285-1100] {dag.py:3239} INFO - Sync 1 DAGs
[2024-11-06T11:02:29.313-1100] {logging_mixin.py:190} INFO - [2024-11-06T11:02:29.312-1100] {dag.py:4180} INFO - Setting next_dagrun for example_setup_teardown_taskflow to None, run_after=None
[2024-11-06T11:02:29.354-1100] {processor.py:208} INFO - Processing /home/ouaillaamiri/Development/lsi_3/airflow/venv/lib/python3.11/site-packages/airflow/example_dags/example_setup_teardown_taskflow.py took 0.175 seconds
[2024-11-06T11:02:59.834-1100] {processor.py:186} INFO - Started process (PID=231281) to work on /home/ouaillaamiri/Development/lsi_3/airflow/venv/lib/python3.11/site-packages/airflow/example_dags/example_setup_teardown_taskflow.py
[2024-11-06T11:02:59.836-1100] {processor.py:914} INFO - Processing file /home/ouaillaamiri/Development/lsi_3/airflow/venv/lib/python3.11/site-packages/airflow/example_dags/example_setup_teardown_taskflow.py for tasks to queue
[2024-11-06T11:02:59.840-1100] {logging_mixin.py:190} INFO - [2024-11-06T11:02:59.840-1100] {dagbag.py:588} INFO - Filling up the DagBag from /home/ouaillaamiri/Development/lsi_3/airflow/venv/lib/python3.11/site-packages/airflow/example_dags/example_setup_teardown_taskflow.py
[2024-11-06T11:02:59.861-1100] {processor.py:925} INFO - DAG(s) 'example_setup_teardown_taskflow' retrieved from /home/ouaillaamiri/Development/lsi_3/airflow/venv/lib/python3.11/site-packages/airflow/example_dags/example_setup_teardown_taskflow.py
[2024-11-06T11:02:59.924-1100] {logging_mixin.py:190} INFO - [2024-11-06T11:02:59.923-1100] {dag.py:3239} INFO - Sync 1 DAGs
[2024-11-06T11:02:59.954-1100] {logging_mixin.py:190} INFO - [2024-11-06T11:02:59.953-1100] {dag.py:4180} INFO - Setting next_dagrun for example_setup_teardown_taskflow to None, run_after=None
[2024-11-06T11:02:59.997-1100] {processor.py:208} INFO - Processing /home/ouaillaamiri/Development/lsi_3/airflow/venv/lib/python3.11/site-packages/airflow/example_dags/example_setup_teardown_taskflow.py took 0.174 seconds
[2024-11-06T11:03:31.064-1100] {processor.py:186} INFO - Started process (PID=231653) to work on /home/ouaillaamiri/Development/lsi_3/airflow/venv/lib/python3.11/site-packages/airflow/example_dags/example_setup_teardown_taskflow.py
[2024-11-06T11:03:31.066-1100] {processor.py:914} INFO - Processing file /home/ouaillaamiri/Development/lsi_3/airflow/venv/lib/python3.11/site-packages/airflow/example_dags/example_setup_teardown_taskflow.py for tasks to queue
[2024-11-06T11:03:31.072-1100] {logging_mixin.py:190} INFO - [2024-11-06T11:03:31.071-1100] {dagbag.py:588} INFO - Filling up the DagBag from /home/ouaillaamiri/Development/lsi_3/airflow/venv/lib/python3.11/site-packages/airflow/example_dags/example_setup_teardown_taskflow.py
[2024-11-06T11:03:31.099-1100] {processor.py:925} INFO - DAG(s) 'example_setup_teardown_taskflow' retrieved from /home/ouaillaamiri/Development/lsi_3/airflow/venv/lib/python3.11/site-packages/airflow/example_dags/example_setup_teardown_taskflow.py
[2024-11-06T11:03:31.193-1100] {logging_mixin.py:190} INFO - [2024-11-06T11:03:31.192-1100] {dag.py:3239} INFO - Sync 1 DAGs
[2024-11-06T11:03:31.243-1100] {logging_mixin.py:190} INFO - [2024-11-06T11:03:31.242-1100] {dag.py:4180} INFO - Setting next_dagrun for example_setup_teardown_taskflow to None, run_after=None
[2024-11-06T11:03:31.310-1100] {processor.py:208} INFO - Processing /home/ouaillaamiri/Development/lsi_3/airflow/venv/lib/python3.11/site-packages/airflow/example_dags/example_setup_teardown_taskflow.py took 0.263 seconds
[2024-11-06T11:04:01.630-1100] {processor.py:186} INFO - Started process (PID=232319) to work on /home/ouaillaamiri/Development/lsi_3/airflow/venv/lib/python3.11/site-packages/airflow/example_dags/example_setup_teardown_taskflow.py
[2024-11-06T11:04:01.632-1100] {processor.py:914} INFO - Processing file /home/ouaillaamiri/Development/lsi_3/airflow/venv/lib/python3.11/site-packages/airflow/example_dags/example_setup_teardown_taskflow.py for tasks to queue
[2024-11-06T11:04:01.636-1100] {logging_mixin.py:190} INFO - [2024-11-06T11:04:01.636-1100] {dagbag.py:588} INFO - Filling up the DagBag from /home/ouaillaamiri/Development/lsi_3/airflow/venv/lib/python3.11/site-packages/airflow/example_dags/example_setup_teardown_taskflow.py
[2024-11-06T11:04:01.656-1100] {processor.py:925} INFO - DAG(s) 'example_setup_teardown_taskflow' retrieved from /home/ouaillaamiri/Development/lsi_3/airflow/venv/lib/python3.11/site-packages/airflow/example_dags/example_setup_teardown_taskflow.py
[2024-11-06T11:04:01.713-1100] {logging_mixin.py:190} INFO - [2024-11-06T11:04:01.713-1100] {dag.py:3239} INFO - Sync 1 DAGs
[2024-11-06T11:04:01.739-1100] {logging_mixin.py:190} INFO - [2024-11-06T11:04:01.738-1100] {dag.py:4180} INFO - Setting next_dagrun for example_setup_teardown_taskflow to None, run_after=None
[2024-11-06T11:04:01.775-1100] {processor.py:208} INFO - Processing /home/ouaillaamiri/Development/lsi_3/airflow/venv/lib/python3.11/site-packages/airflow/example_dags/example_setup_teardown_taskflow.py took 0.156 seconds
[2024-11-06T11:04:32.840-1100] {processor.py:186} INFO - Started process (PID=232692) to work on /home/ouaillaamiri/Development/lsi_3/airflow/venv/lib/python3.11/site-packages/airflow/example_dags/example_setup_teardown_taskflow.py
[2024-11-06T11:04:32.842-1100] {processor.py:914} INFO - Processing file /home/ouaillaamiri/Development/lsi_3/airflow/venv/lib/python3.11/site-packages/airflow/example_dags/example_setup_teardown_taskflow.py for tasks to queue
[2024-11-06T11:04:32.847-1100] {logging_mixin.py:190} INFO - [2024-11-06T11:04:32.846-1100] {dagbag.py:588} INFO - Filling up the DagBag from /home/ouaillaamiri/Development/lsi_3/airflow/venv/lib/python3.11/site-packages/airflow/example_dags/example_setup_teardown_taskflow.py
[2024-11-06T11:04:32.878-1100] {processor.py:925} INFO - DAG(s) 'example_setup_teardown_taskflow' retrieved from /home/ouaillaamiri/Development/lsi_3/airflow/venv/lib/python3.11/site-packages/airflow/example_dags/example_setup_teardown_taskflow.py
[2024-11-06T11:04:32.970-1100] {logging_mixin.py:190} INFO - [2024-11-06T11:04:32.969-1100] {dag.py:3239} INFO - Sync 1 DAGs
[2024-11-06T11:04:33.018-1100] {logging_mixin.py:190} INFO - [2024-11-06T11:04:33.017-1100] {dag.py:4180} INFO - Setting next_dagrun for example_setup_teardown_taskflow to None, run_after=None
[2024-11-06T11:04:33.075-1100] {processor.py:208} INFO - Processing /home/ouaillaamiri/Development/lsi_3/airflow/venv/lib/python3.11/site-packages/airflow/example_dags/example_setup_teardown_taskflow.py took 0.253 seconds
