[2024-11-06T10:53:39.735-1100] {processor.py:186} INFO - Started process (PID=219671) to work on /home/ouaillaamiri/Development/lsi_3/airflow/venv/lib/python3.11/site-packages/airflow/example_dags/example_branch_day_of_week_operator.py
[2024-11-06T10:53:39.737-1100] {processor.py:914} INFO - Processing file /home/ouaillaamiri/Development/lsi_3/airflow/venv/lib/python3.11/site-packages/airflow/example_dags/example_branch_day_of_week_operator.py for tasks to queue
[2024-11-06T10:53:39.742-1100] {logging_mixin.py:190} INFO - [2024-11-06T10:53:39.741-1100] {dagbag.py:588} INFO - Filling up the DagBag from /home/ouaillaamiri/Development/lsi_3/airflow/venv/lib/python3.11/site-packages/airflow/example_dags/example_branch_day_of_week_operator.py
[2024-11-06T10:53:39.765-1100] {processor.py:925} INFO - DAG(s) 'example_weekday_branch_operator' retrieved from /home/ouaillaamiri/Development/lsi_3/airflow/venv/lib/python3.11/site-packages/airflow/example_dags/example_branch_day_of_week_operator.py
[2024-11-06T10:53:39.976-1100] {logging_mixin.py:190} INFO - [2024-11-06T10:53:39.974-1100] {override.py:1911} INFO - Created Permission View: can edit on DAG:example_weekday_branch_operator
[2024-11-06T10:53:39.993-1100] {logging_mixin.py:190} INFO - [2024-11-06T10:53:39.993-1100] {override.py:1911} INFO - Created Permission View: can delete on DAG:example_weekday_branch_operator
[2024-11-06T10:53:40.008-1100] {logging_mixin.py:190} INFO - [2024-11-06T10:53:40.007-1100] {override.py:1911} INFO - Created Permission View: can read on DAG:example_weekday_branch_operator
[2024-11-06T10:53:40.020-1100] {logging_mixin.py:190} INFO - [2024-11-06T10:53:40.019-1100] {override.py:1911} INFO - Created Permission View: can delete on DAG Run:example_weekday_branch_operator
[2024-11-06T10:53:40.031-1100] {logging_mixin.py:190} INFO - [2024-11-06T10:53:40.031-1100] {override.py:1911} INFO - Created Permission View: can create on DAG Run:example_weekday_branch_operator
[2024-11-06T10:53:40.045-1100] {logging_mixin.py:190} INFO - [2024-11-06T10:53:40.044-1100] {override.py:1911} INFO - Created Permission View: menu access on DAG Run:example_weekday_branch_operator
[2024-11-06T10:53:40.058-1100] {logging_mixin.py:190} INFO - [2024-11-06T10:53:40.057-1100] {override.py:1911} INFO - Created Permission View: can read on DAG Run:example_weekday_branch_operator
[2024-11-06T10:53:40.058-1100] {logging_mixin.py:190} INFO - [2024-11-06T10:53:40.058-1100] {dag.py:3239} INFO - Sync 1 DAGs
[2024-11-06T10:53:40.082-1100] {logging_mixin.py:190} INFO - [2024-11-06T10:53:40.081-1100] {dag.py:3262} INFO - Creating ORM DAG for example_weekday_branch_operator
[2024-11-06T10:53:40.105-1100] {logging_mixin.py:190} INFO - [2024-11-06T10:53:40.104-1100] {dag.py:4180} INFO - Setting next_dagrun for example_weekday_branch_operator to 2024-11-05 00:00:00+00:00, run_after=2024-11-06 00:00:00+00:00
[2024-11-06T10:53:40.143-1100] {processor.py:208} INFO - Processing /home/ouaillaamiri/Development/lsi_3/airflow/venv/lib/python3.11/site-packages/airflow/example_dags/example_branch_day_of_week_operator.py took 0.418 seconds
[2024-11-06T10:54:10.416-1100] {processor.py:186} INFO - Started process (PID=220399) to work on /home/ouaillaamiri/Development/lsi_3/airflow/venv/lib/python3.11/site-packages/airflow/example_dags/example_branch_day_of_week_operator.py
[2024-11-06T10:54:10.418-1100] {processor.py:914} INFO - Processing file /home/ouaillaamiri/Development/lsi_3/airflow/venv/lib/python3.11/site-packages/airflow/example_dags/example_branch_day_of_week_operator.py for tasks to queue
[2024-11-06T10:54:10.422-1100] {logging_mixin.py:190} INFO - [2024-11-06T10:54:10.421-1100] {dagbag.py:588} INFO - Filling up the DagBag from /home/ouaillaamiri/Development/lsi_3/airflow/venv/lib/python3.11/site-packages/airflow/example_dags/example_branch_day_of_week_operator.py
[2024-11-06T10:54:10.440-1100] {processor.py:925} INFO - DAG(s) 'example_weekday_branch_operator' retrieved from /home/ouaillaamiri/Development/lsi_3/airflow/venv/lib/python3.11/site-packages/airflow/example_dags/example_branch_day_of_week_operator.py
[2024-11-06T10:54:10.500-1100] {logging_mixin.py:190} INFO - [2024-11-06T10:54:10.499-1100] {dag.py:3239} INFO - Sync 1 DAGs
[2024-11-06T10:54:10.542-1100] {logging_mixin.py:190} INFO - [2024-11-06T10:54:10.542-1100] {dag.py:4180} INFO - Setting next_dagrun for example_weekday_branch_operator to 2024-11-05 00:00:00+00:00, run_after=2024-11-06 00:00:00+00:00
[2024-11-06T10:54:10.576-1100] {processor.py:208} INFO - Processing /home/ouaillaamiri/Development/lsi_3/airflow/venv/lib/python3.11/site-packages/airflow/example_dags/example_branch_day_of_week_operator.py took 0.169 seconds
[2024-11-06T10:54:41.093-1100] {processor.py:186} INFO - Started process (PID=220772) to work on /home/ouaillaamiri/Development/lsi_3/airflow/venv/lib/python3.11/site-packages/airflow/example_dags/example_branch_day_of_week_operator.py
[2024-11-06T10:54:41.097-1100] {processor.py:914} INFO - Processing file /home/ouaillaamiri/Development/lsi_3/airflow/venv/lib/python3.11/site-packages/airflow/example_dags/example_branch_day_of_week_operator.py for tasks to queue
[2024-11-06T10:54:41.103-1100] {logging_mixin.py:190} INFO - [2024-11-06T10:54:41.102-1100] {dagbag.py:588} INFO - Filling up the DagBag from /home/ouaillaamiri/Development/lsi_3/airflow/venv/lib/python3.11/site-packages/airflow/example_dags/example_branch_day_of_week_operator.py
[2024-11-06T10:54:41.129-1100] {processor.py:925} INFO - DAG(s) 'example_weekday_branch_operator' retrieved from /home/ouaillaamiri/Development/lsi_3/airflow/venv/lib/python3.11/site-packages/airflow/example_dags/example_branch_day_of_week_operator.py
[2024-11-06T10:54:41.194-1100] {logging_mixin.py:190} INFO - [2024-11-06T10:54:41.193-1100] {dag.py:3239} INFO - Sync 1 DAGs
[2024-11-06T10:54:41.244-1100] {logging_mixin.py:190} INFO - [2024-11-06T10:54:41.244-1100] {dag.py:4180} INFO - Setting next_dagrun for example_weekday_branch_operator to 2024-11-05 00:00:00+00:00, run_after=2024-11-06 00:00:00+00:00
[2024-11-06T10:54:41.283-1100] {processor.py:208} INFO - Processing /home/ouaillaamiri/Development/lsi_3/airflow/venv/lib/python3.11/site-packages/airflow/example_dags/example_branch_day_of_week_operator.py took 0.210 seconds
[2024-11-06T10:55:11.450-1100] {processor.py:186} INFO - Started process (PID=221467) to work on /home/ouaillaamiri/Development/lsi_3/airflow/venv/lib/python3.11/site-packages/airflow/example_dags/example_branch_day_of_week_operator.py
[2024-11-06T10:55:11.452-1100] {processor.py:914} INFO - Processing file /home/ouaillaamiri/Development/lsi_3/airflow/venv/lib/python3.11/site-packages/airflow/example_dags/example_branch_day_of_week_operator.py for tasks to queue
[2024-11-06T10:55:11.456-1100] {logging_mixin.py:190} INFO - [2024-11-06T10:55:11.455-1100] {dagbag.py:588} INFO - Filling up the DagBag from /home/ouaillaamiri/Development/lsi_3/airflow/venv/lib/python3.11/site-packages/airflow/example_dags/example_branch_day_of_week_operator.py
[2024-11-06T10:55:11.475-1100] {processor.py:925} INFO - DAG(s) 'example_weekday_branch_operator' retrieved from /home/ouaillaamiri/Development/lsi_3/airflow/venv/lib/python3.11/site-packages/airflow/example_dags/example_branch_day_of_week_operator.py
[2024-11-06T10:55:11.544-1100] {logging_mixin.py:190} INFO - [2024-11-06T10:55:11.544-1100] {dag.py:3239} INFO - Sync 1 DAGs
[2024-11-06T10:55:11.613-1100] {logging_mixin.py:190} INFO - [2024-11-06T10:55:11.613-1100] {dag.py:4180} INFO - Setting next_dagrun for example_weekday_branch_operator to 2024-11-05 00:00:00+00:00, run_after=2024-11-06 00:00:00+00:00
[2024-11-06T10:55:11.667-1100] {processor.py:208} INFO - Processing /home/ouaillaamiri/Development/lsi_3/airflow/venv/lib/python3.11/site-packages/airflow/example_dags/example_branch_day_of_week_operator.py took 0.229 seconds
[2024-11-06T10:55:42.121-1100] {processor.py:186} INFO - Started process (PID=221835) to work on /home/ouaillaamiri/Development/lsi_3/airflow/venv/lib/python3.11/site-packages/airflow/example_dags/example_branch_day_of_week_operator.py
[2024-11-06T10:55:42.123-1100] {processor.py:914} INFO - Processing file /home/ouaillaamiri/Development/lsi_3/airflow/venv/lib/python3.11/site-packages/airflow/example_dags/example_branch_day_of_week_operator.py for tasks to queue
[2024-11-06T10:55:42.128-1100] {logging_mixin.py:190} INFO - [2024-11-06T10:55:42.127-1100] {dagbag.py:588} INFO - Filling up the DagBag from /home/ouaillaamiri/Development/lsi_3/airflow/venv/lib/python3.11/site-packages/airflow/example_dags/example_branch_day_of_week_operator.py
[2024-11-06T10:55:42.152-1100] {processor.py:925} INFO - DAG(s) 'example_weekday_branch_operator' retrieved from /home/ouaillaamiri/Development/lsi_3/airflow/venv/lib/python3.11/site-packages/airflow/example_dags/example_branch_day_of_week_operator.py
[2024-11-06T10:55:42.220-1100] {logging_mixin.py:190} INFO - [2024-11-06T10:55:42.220-1100] {dag.py:3239} INFO - Sync 1 DAGs
[2024-11-06T10:55:42.274-1100] {logging_mixin.py:190} INFO - [2024-11-06T10:55:42.274-1100] {dag.py:4180} INFO - Setting next_dagrun for example_weekday_branch_operator to 2024-11-05 00:00:00+00:00, run_after=2024-11-06 00:00:00+00:00
[2024-11-06T10:55:42.320-1100] {processor.py:208} INFO - Processing /home/ouaillaamiri/Development/lsi_3/airflow/venv/lib/python3.11/site-packages/airflow/example_dags/example_branch_day_of_week_operator.py took 0.211 seconds
[2024-11-06T10:56:12.694-1100] {processor.py:186} INFO - Started process (PID=222217) to work on /home/ouaillaamiri/Development/lsi_3/airflow/venv/lib/python3.11/site-packages/airflow/example_dags/example_branch_day_of_week_operator.py
[2024-11-06T10:56:12.696-1100] {processor.py:914} INFO - Processing file /home/ouaillaamiri/Development/lsi_3/airflow/venv/lib/python3.11/site-packages/airflow/example_dags/example_branch_day_of_week_operator.py for tasks to queue
[2024-11-06T10:56:12.699-1100] {logging_mixin.py:190} INFO - [2024-11-06T10:56:12.699-1100] {dagbag.py:588} INFO - Filling up the DagBag from /home/ouaillaamiri/Development/lsi_3/airflow/venv/lib/python3.11/site-packages/airflow/example_dags/example_branch_day_of_week_operator.py
[2024-11-06T10:56:12.716-1100] {processor.py:925} INFO - DAG(s) 'example_weekday_branch_operator' retrieved from /home/ouaillaamiri/Development/lsi_3/airflow/venv/lib/python3.11/site-packages/airflow/example_dags/example_branch_day_of_week_operator.py
[2024-11-06T10:56:12.781-1100] {logging_mixin.py:190} INFO - [2024-11-06T10:56:12.780-1100] {dag.py:3239} INFO - Sync 1 DAGs
[2024-11-06T10:56:12.824-1100] {logging_mixin.py:190} INFO - [2024-11-06T10:56:12.824-1100] {dag.py:4180} INFO - Setting next_dagrun for example_weekday_branch_operator to 2024-11-05 00:00:00+00:00, run_after=2024-11-06 00:00:00+00:00
[2024-11-06T10:56:12.862-1100] {processor.py:208} INFO - Processing /home/ouaillaamiri/Development/lsi_3/airflow/venv/lib/python3.11/site-packages/airflow/example_dags/example_branch_day_of_week_operator.py took 0.178 seconds
[2024-11-06T10:56:48.652-1100] {processor.py:186} INFO - Started process (PID=223411) to work on /home/ouaillaamiri/Development/lsi_3/airflow/venv/lib/python3.11/site-packages/airflow/example_dags/example_branch_day_of_week_operator.py
[2024-11-06T10:56:48.654-1100] {processor.py:914} INFO - Processing file /home/ouaillaamiri/Development/lsi_3/airflow/venv/lib/python3.11/site-packages/airflow/example_dags/example_branch_day_of_week_operator.py for tasks to queue
[2024-11-06T10:56:48.658-1100] {logging_mixin.py:190} INFO - [2024-11-06T10:56:48.657-1100] {dagbag.py:588} INFO - Filling up the DagBag from /home/ouaillaamiri/Development/lsi_3/airflow/venv/lib/python3.11/site-packages/airflow/example_dags/example_branch_day_of_week_operator.py
[2024-11-06T10:56:48.675-1100] {processor.py:925} INFO - DAG(s) 'example_weekday_branch_operator' retrieved from /home/ouaillaamiri/Development/lsi_3/airflow/venv/lib/python3.11/site-packages/airflow/example_dags/example_branch_day_of_week_operator.py
[2024-11-06T10:56:48.739-1100] {logging_mixin.py:190} INFO - [2024-11-06T10:56:48.739-1100] {dag.py:3239} INFO - Sync 1 DAGs
[2024-11-06T10:56:48.783-1100] {logging_mixin.py:190} INFO - [2024-11-06T10:56:48.782-1100] {dag.py:4180} INFO - Setting next_dagrun for example_weekday_branch_operator to 2024-11-05 00:00:00+00:00, run_after=2024-11-06 00:00:00+00:00
[2024-11-06T10:56:48.819-1100] {processor.py:208} INFO - Processing /home/ouaillaamiri/Development/lsi_3/airflow/venv/lib/python3.11/site-packages/airflow/example_dags/example_branch_day_of_week_operator.py took 0.179 seconds
[2024-11-06T10:57:19.847-1100] {processor.py:186} INFO - Started process (PID=224618) to work on /home/ouaillaamiri/Development/lsi_3/airflow/venv/lib/python3.11/site-packages/airflow/example_dags/example_branch_day_of_week_operator.py
[2024-11-06T10:57:19.848-1100] {processor.py:914} INFO - Processing file /home/ouaillaamiri/Development/lsi_3/airflow/venv/lib/python3.11/site-packages/airflow/example_dags/example_branch_day_of_week_operator.py for tasks to queue
[2024-11-06T10:57:19.852-1100] {logging_mixin.py:190} INFO - [2024-11-06T10:57:19.851-1100] {dagbag.py:588} INFO - Filling up the DagBag from /home/ouaillaamiri/Development/lsi_3/airflow/venv/lib/python3.11/site-packages/airflow/example_dags/example_branch_day_of_week_operator.py
[2024-11-06T10:57:19.869-1100] {processor.py:925} INFO - DAG(s) 'example_weekday_branch_operator' retrieved from /home/ouaillaamiri/Development/lsi_3/airflow/venv/lib/python3.11/site-packages/airflow/example_dags/example_branch_day_of_week_operator.py
[2024-11-06T10:57:19.925-1100] {logging_mixin.py:190} INFO - [2024-11-06T10:57:19.925-1100] {dag.py:3239} INFO - Sync 1 DAGs
[2024-11-06T10:57:19.979-1100] {logging_mixin.py:190} INFO - [2024-11-06T10:57:19.978-1100] {dag.py:4180} INFO - Setting next_dagrun for example_weekday_branch_operator to 2024-11-05 00:00:00+00:00, run_after=2024-11-06 00:00:00+00:00
[2024-11-06T10:57:20.027-1100] {processor.py:208} INFO - Processing /home/ouaillaamiri/Development/lsi_3/airflow/venv/lib/python3.11/site-packages/airflow/example_dags/example_branch_day_of_week_operator.py took 0.190 seconds
[2024-11-06T10:57:50.176-1100] {processor.py:186} INFO - Started process (PID=225310) to work on /home/ouaillaamiri/Development/lsi_3/airflow/venv/lib/python3.11/site-packages/airflow/example_dags/example_branch_day_of_week_operator.py
[2024-11-06T10:57:50.179-1100] {processor.py:914} INFO - Processing file /home/ouaillaamiri/Development/lsi_3/airflow/venv/lib/python3.11/site-packages/airflow/example_dags/example_branch_day_of_week_operator.py for tasks to queue
[2024-11-06T10:57:50.184-1100] {logging_mixin.py:190} INFO - [2024-11-06T10:57:50.183-1100] {dagbag.py:588} INFO - Filling up the DagBag from /home/ouaillaamiri/Development/lsi_3/airflow/venv/lib/python3.11/site-packages/airflow/example_dags/example_branch_day_of_week_operator.py
[2024-11-06T10:57:50.213-1100] {processor.py:925} INFO - DAG(s) 'example_weekday_branch_operator' retrieved from /home/ouaillaamiri/Development/lsi_3/airflow/venv/lib/python3.11/site-packages/airflow/example_dags/example_branch_day_of_week_operator.py
[2024-11-06T10:57:50.288-1100] {logging_mixin.py:190} INFO - [2024-11-06T10:57:50.288-1100] {dag.py:3239} INFO - Sync 1 DAGs
[2024-11-06T10:57:50.339-1100] {logging_mixin.py:190} INFO - [2024-11-06T10:57:50.338-1100] {dag.py:4180} INFO - Setting next_dagrun for example_weekday_branch_operator to 2024-11-05 00:00:00+00:00, run_after=2024-11-06 00:00:00+00:00
[2024-11-06T10:57:50.389-1100] {processor.py:208} INFO - Processing /home/ouaillaamiri/Development/lsi_3/airflow/venv/lib/python3.11/site-packages/airflow/example_dags/example_branch_day_of_week_operator.py took 0.228 seconds
[2024-11-06T10:58:21.655-1100] {processor.py:186} INFO - Started process (PID=225857) to work on /home/ouaillaamiri/Development/lsi_3/airflow/venv/lib/python3.11/site-packages/airflow/example_dags/example_branch_day_of_week_operator.py
[2024-11-06T10:58:21.657-1100] {processor.py:914} INFO - Processing file /home/ouaillaamiri/Development/lsi_3/airflow/venv/lib/python3.11/site-packages/airflow/example_dags/example_branch_day_of_week_operator.py for tasks to queue
[2024-11-06T10:58:21.661-1100] {logging_mixin.py:190} INFO - [2024-11-06T10:58:21.661-1100] {dagbag.py:588} INFO - Filling up the DagBag from /home/ouaillaamiri/Development/lsi_3/airflow/venv/lib/python3.11/site-packages/airflow/example_dags/example_branch_day_of_week_operator.py
[2024-11-06T10:58:21.686-1100] {processor.py:925} INFO - DAG(s) 'example_weekday_branch_operator' retrieved from /home/ouaillaamiri/Development/lsi_3/airflow/venv/lib/python3.11/site-packages/airflow/example_dags/example_branch_day_of_week_operator.py
[2024-11-06T10:58:21.751-1100] {logging_mixin.py:190} INFO - [2024-11-06T10:58:21.750-1100] {dag.py:3239} INFO - Sync 1 DAGs
[2024-11-06T10:58:21.795-1100] {logging_mixin.py:190} INFO - [2024-11-06T10:58:21.794-1100] {dag.py:4180} INFO - Setting next_dagrun for example_weekday_branch_operator to 2024-11-05 00:00:00+00:00, run_after=2024-11-06 00:00:00+00:00
[2024-11-06T10:58:21.831-1100] {processor.py:208} INFO - Processing /home/ouaillaamiri/Development/lsi_3/airflow/venv/lib/python3.11/site-packages/airflow/example_dags/example_branch_day_of_week_operator.py took 0.190 seconds
[2024-11-06T10:58:52.900-1100] {processor.py:186} INFO - Started process (PID=226647) to work on /home/ouaillaamiri/Development/lsi_3/airflow/venv/lib/python3.11/site-packages/airflow/example_dags/example_branch_day_of_week_operator.py
[2024-11-06T10:58:52.904-1100] {processor.py:914} INFO - Processing file /home/ouaillaamiri/Development/lsi_3/airflow/venv/lib/python3.11/site-packages/airflow/example_dags/example_branch_day_of_week_operator.py for tasks to queue
[2024-11-06T10:58:52.910-1100] {logging_mixin.py:190} INFO - [2024-11-06T10:58:52.908-1100] {dagbag.py:588} INFO - Filling up the DagBag from /home/ouaillaamiri/Development/lsi_3/airflow/venv/lib/python3.11/site-packages/airflow/example_dags/example_branch_day_of_week_operator.py
[2024-11-06T10:58:52.938-1100] {processor.py:925} INFO - DAG(s) 'example_weekday_branch_operator' retrieved from /home/ouaillaamiri/Development/lsi_3/airflow/venv/lib/python3.11/site-packages/airflow/example_dags/example_branch_day_of_week_operator.py
[2024-11-06T10:58:53.006-1100] {logging_mixin.py:190} INFO - [2024-11-06T10:58:53.005-1100] {dag.py:3239} INFO - Sync 1 DAGs
[2024-11-06T10:58:53.059-1100] {logging_mixin.py:190} INFO - [2024-11-06T10:58:53.059-1100] {dag.py:4180} INFO - Setting next_dagrun for example_weekday_branch_operator to 2024-11-05 00:00:00+00:00, run_after=2024-11-06 00:00:00+00:00
[2024-11-06T10:58:53.105-1100] {processor.py:208} INFO - Processing /home/ouaillaamiri/Development/lsi_3/airflow/venv/lib/python3.11/site-packages/airflow/example_dags/example_branch_day_of_week_operator.py took 0.220 seconds
[2024-11-06T10:59:23.459-1100] {processor.py:186} INFO - Started process (PID=227284) to work on /home/ouaillaamiri/Development/lsi_3/airflow/venv/lib/python3.11/site-packages/airflow/example_dags/example_branch_day_of_week_operator.py
[2024-11-06T10:59:23.462-1100] {processor.py:914} INFO - Processing file /home/ouaillaamiri/Development/lsi_3/airflow/venv/lib/python3.11/site-packages/airflow/example_dags/example_branch_day_of_week_operator.py for tasks to queue
[2024-11-06T10:59:23.467-1100] {logging_mixin.py:190} INFO - [2024-11-06T10:59:23.466-1100] {dagbag.py:588} INFO - Filling up the DagBag from /home/ouaillaamiri/Development/lsi_3/airflow/venv/lib/python3.11/site-packages/airflow/example_dags/example_branch_day_of_week_operator.py
[2024-11-06T10:59:23.491-1100] {processor.py:925} INFO - DAG(s) 'example_weekday_branch_operator' retrieved from /home/ouaillaamiri/Development/lsi_3/airflow/venv/lib/python3.11/site-packages/airflow/example_dags/example_branch_day_of_week_operator.py
[2024-11-06T10:59:23.550-1100] {logging_mixin.py:190} INFO - [2024-11-06T10:59:23.550-1100] {dag.py:3239} INFO - Sync 1 DAGs
[2024-11-06T10:59:23.594-1100] {logging_mixin.py:190} INFO - [2024-11-06T10:59:23.593-1100] {dag.py:4180} INFO - Setting next_dagrun for example_weekday_branch_operator to 2024-11-05 00:00:00+00:00, run_after=2024-11-06 00:00:00+00:00
[2024-11-06T10:59:23.630-1100] {processor.py:208} INFO - Processing /home/ouaillaamiri/Development/lsi_3/airflow/venv/lib/python3.11/site-packages/airflow/example_dags/example_branch_day_of_week_operator.py took 0.186 seconds
[2024-11-06T10:59:53.912-1100] {processor.py:186} INFO - Started process (PID=227681) to work on /home/ouaillaamiri/Development/lsi_3/airflow/venv/lib/python3.11/site-packages/airflow/example_dags/example_branch_day_of_week_operator.py
[2024-11-06T10:59:53.914-1100] {processor.py:914} INFO - Processing file /home/ouaillaamiri/Development/lsi_3/airflow/venv/lib/python3.11/site-packages/airflow/example_dags/example_branch_day_of_week_operator.py for tasks to queue
[2024-11-06T10:59:53.918-1100] {logging_mixin.py:190} INFO - [2024-11-06T10:59:53.918-1100] {dagbag.py:588} INFO - Filling up the DagBag from /home/ouaillaamiri/Development/lsi_3/airflow/venv/lib/python3.11/site-packages/airflow/example_dags/example_branch_day_of_week_operator.py
[2024-11-06T10:59:53.939-1100] {processor.py:925} INFO - DAG(s) 'example_weekday_branch_operator' retrieved from /home/ouaillaamiri/Development/lsi_3/airflow/venv/lib/python3.11/site-packages/airflow/example_dags/example_branch_day_of_week_operator.py
[2024-11-06T10:59:54.017-1100] {logging_mixin.py:190} INFO - [2024-11-06T10:59:54.016-1100] {dag.py:3239} INFO - Sync 1 DAGs
[2024-11-06T10:59:54.064-1100] {logging_mixin.py:190} INFO - [2024-11-06T10:59:54.063-1100] {dag.py:4180} INFO - Setting next_dagrun for example_weekday_branch_operator to 2024-11-05 00:00:00+00:00, run_after=2024-11-06 00:00:00+00:00
[2024-11-06T10:59:54.113-1100] {processor.py:208} INFO - Processing /home/ouaillaamiri/Development/lsi_3/airflow/venv/lib/python3.11/site-packages/airflow/example_dags/example_branch_day_of_week_operator.py took 0.212 seconds
[2024-11-06T11:01:00.676-1100] {processor.py:186} INFO - Started process (PID=229012) to work on /home/ouaillaamiri/Development/lsi_3/airflow/venv/lib/python3.11/site-packages/airflow/example_dags/example_branch_day_of_week_operator.py
[2024-11-06T11:01:00.678-1100] {processor.py:914} INFO - Processing file /home/ouaillaamiri/Development/lsi_3/airflow/venv/lib/python3.11/site-packages/airflow/example_dags/example_branch_day_of_week_operator.py for tasks to queue
[2024-11-06T11:01:00.681-1100] {logging_mixin.py:190} INFO - [2024-11-06T11:01:00.681-1100] {dagbag.py:588} INFO - Filling up the DagBag from /home/ouaillaamiri/Development/lsi_3/airflow/venv/lib/python3.11/site-packages/airflow/example_dags/example_branch_day_of_week_operator.py
[2024-11-06T11:01:00.695-1100] {processor.py:925} INFO - DAG(s) 'example_weekday_branch_operator' retrieved from /home/ouaillaamiri/Development/lsi_3/airflow/venv/lib/python3.11/site-packages/airflow/example_dags/example_branch_day_of_week_operator.py
[2024-11-06T11:01:00.755-1100] {logging_mixin.py:190} INFO - [2024-11-06T11:01:00.754-1100] {dag.py:3239} INFO - Sync 1 DAGs
[2024-11-06T11:01:00.808-1100] {logging_mixin.py:190} INFO - [2024-11-06T11:01:00.807-1100] {dag.py:4180} INFO - Setting next_dagrun for example_weekday_branch_operator to 2024-11-05 00:00:00+00:00, run_after=2024-11-06 00:00:00+00:00
[2024-11-06T11:01:00.856-1100] {processor.py:208} INFO - Processing /home/ouaillaamiri/Development/lsi_3/airflow/venv/lib/python3.11/site-packages/airflow/example_dags/example_branch_day_of_week_operator.py took 0.191 seconds
[2024-11-06T11:01:31.432-1100] {processor.py:186} INFO - Started process (PID=229459) to work on /home/ouaillaamiri/Development/lsi_3/airflow/venv/lib/python3.11/site-packages/airflow/example_dags/example_branch_day_of_week_operator.py
[2024-11-06T11:01:31.433-1100] {processor.py:914} INFO - Processing file /home/ouaillaamiri/Development/lsi_3/airflow/venv/lib/python3.11/site-packages/airflow/example_dags/example_branch_day_of_week_operator.py for tasks to queue
[2024-11-06T11:01:31.436-1100] {logging_mixin.py:190} INFO - [2024-11-06T11:01:31.436-1100] {dagbag.py:588} INFO - Filling up the DagBag from /home/ouaillaamiri/Development/lsi_3/airflow/venv/lib/python3.11/site-packages/airflow/example_dags/example_branch_day_of_week_operator.py
[2024-11-06T11:01:31.453-1100] {processor.py:925} INFO - DAG(s) 'example_weekday_branch_operator' retrieved from /home/ouaillaamiri/Development/lsi_3/airflow/venv/lib/python3.11/site-packages/airflow/example_dags/example_branch_day_of_week_operator.py
[2024-11-06T11:01:31.518-1100] {logging_mixin.py:190} INFO - [2024-11-06T11:01:31.517-1100] {dag.py:3239} INFO - Sync 1 DAGs
[2024-11-06T11:01:31.573-1100] {logging_mixin.py:190} INFO - [2024-11-06T11:01:31.572-1100] {dag.py:4180} INFO - Setting next_dagrun for example_weekday_branch_operator to 2024-11-05 00:00:00+00:00, run_after=2024-11-06 00:00:00+00:00
[2024-11-06T11:01:31.618-1100] {processor.py:208} INFO - Processing /home/ouaillaamiri/Development/lsi_3/airflow/venv/lib/python3.11/site-packages/airflow/example_dags/example_branch_day_of_week_operator.py took 0.198 seconds
[2024-11-06T11:02:01.950-1100] {processor.py:186} INFO - Started process (PID=229835) to work on /home/ouaillaamiri/Development/lsi_3/airflow/venv/lib/python3.11/site-packages/airflow/example_dags/example_branch_day_of_week_operator.py
[2024-11-06T11:02:01.953-1100] {processor.py:914} INFO - Processing file /home/ouaillaamiri/Development/lsi_3/airflow/venv/lib/python3.11/site-packages/airflow/example_dags/example_branch_day_of_week_operator.py for tasks to queue
[2024-11-06T11:02:01.958-1100] {logging_mixin.py:190} INFO - [2024-11-06T11:02:01.957-1100] {dagbag.py:588} INFO - Filling up the DagBag from /home/ouaillaamiri/Development/lsi_3/airflow/venv/lib/python3.11/site-packages/airflow/example_dags/example_branch_day_of_week_operator.py
[2024-11-06T11:02:01.981-1100] {processor.py:925} INFO - DAG(s) 'example_weekday_branch_operator' retrieved from /home/ouaillaamiri/Development/lsi_3/airflow/venv/lib/python3.11/site-packages/airflow/example_dags/example_branch_day_of_week_operator.py
[2024-11-06T11:02:02.056-1100] {logging_mixin.py:190} INFO - [2024-11-06T11:02:02.055-1100] {dag.py:3239} INFO - Sync 1 DAGs
[2024-11-06T11:02:02.114-1100] {logging_mixin.py:190} INFO - [2024-11-06T11:02:02.114-1100] {dag.py:4180} INFO - Setting next_dagrun for example_weekday_branch_operator to 2024-11-05 00:00:00+00:00, run_after=2024-11-06 00:00:00+00:00
[2024-11-06T11:02:02.160-1100] {processor.py:208} INFO - Processing /home/ouaillaamiri/Development/lsi_3/airflow/venv/lib/python3.11/site-packages/airflow/example_dags/example_branch_day_of_week_operator.py took 0.222 seconds
[2024-11-06T11:02:32.466-1100] {processor.py:186} INFO - Started process (PID=230577) to work on /home/ouaillaamiri/Development/lsi_3/airflow/venv/lib/python3.11/site-packages/airflow/example_dags/example_branch_day_of_week_operator.py
[2024-11-06T11:02:32.468-1100] {processor.py:914} INFO - Processing file /home/ouaillaamiri/Development/lsi_3/airflow/venv/lib/python3.11/site-packages/airflow/example_dags/example_branch_day_of_week_operator.py for tasks to queue
[2024-11-06T11:02:32.472-1100] {logging_mixin.py:190} INFO - [2024-11-06T11:02:32.471-1100] {dagbag.py:588} INFO - Filling up the DagBag from /home/ouaillaamiri/Development/lsi_3/airflow/venv/lib/python3.11/site-packages/airflow/example_dags/example_branch_day_of_week_operator.py
[2024-11-06T11:02:32.491-1100] {processor.py:925} INFO - DAG(s) 'example_weekday_branch_operator' retrieved from /home/ouaillaamiri/Development/lsi_3/airflow/venv/lib/python3.11/site-packages/airflow/example_dags/example_branch_day_of_week_operator.py
[2024-11-06T11:02:32.549-1100] {logging_mixin.py:190} INFO - [2024-11-06T11:02:32.548-1100] {dag.py:3239} INFO - Sync 1 DAGs
[2024-11-06T11:02:32.612-1100] {logging_mixin.py:190} INFO - [2024-11-06T11:02:32.611-1100] {dag.py:4180} INFO - Setting next_dagrun for example_weekday_branch_operator to 2024-11-05 00:00:00+00:00, run_after=2024-11-06 00:00:00+00:00
[2024-11-06T11:02:32.661-1100] {processor.py:208} INFO - Processing /home/ouaillaamiri/Development/lsi_3/airflow/venv/lib/python3.11/site-packages/airflow/example_dags/example_branch_day_of_week_operator.py took 0.205 seconds
[2024-11-06T11:03:03.704-1100] {processor.py:186} INFO - Started process (PID=231414) to work on /home/ouaillaamiri/Development/lsi_3/airflow/venv/lib/python3.11/site-packages/airflow/example_dags/example_branch_day_of_week_operator.py
[2024-11-06T11:03:03.706-1100] {processor.py:914} INFO - Processing file /home/ouaillaamiri/Development/lsi_3/airflow/venv/lib/python3.11/site-packages/airflow/example_dags/example_branch_day_of_week_operator.py for tasks to queue
[2024-11-06T11:03:03.711-1100] {logging_mixin.py:190} INFO - [2024-11-06T11:03:03.710-1100] {dagbag.py:588} INFO - Filling up the DagBag from /home/ouaillaamiri/Development/lsi_3/airflow/venv/lib/python3.11/site-packages/airflow/example_dags/example_branch_day_of_week_operator.py
[2024-11-06T11:03:03.732-1100] {processor.py:925} INFO - DAG(s) 'example_weekday_branch_operator' retrieved from /home/ouaillaamiri/Development/lsi_3/airflow/venv/lib/python3.11/site-packages/airflow/example_dags/example_branch_day_of_week_operator.py
[2024-11-06T11:03:03.802-1100] {logging_mixin.py:190} INFO - [2024-11-06T11:03:03.801-1100] {dag.py:3239} INFO - Sync 1 DAGs
[2024-11-06T11:03:03.844-1100] {logging_mixin.py:190} INFO - [2024-11-06T11:03:03.843-1100] {dag.py:4180} INFO - Setting next_dagrun for example_weekday_branch_operator to 2024-11-05 00:00:00+00:00, run_after=2024-11-06 00:00:00+00:00
[2024-11-06T11:03:03.890-1100] {processor.py:208} INFO - Processing /home/ouaillaamiri/Development/lsi_3/airflow/venv/lib/python3.11/site-packages/airflow/example_dags/example_branch_day_of_week_operator.py took 0.198 seconds
[2024-11-06T11:03:35.279-1100] {processor.py:186} INFO - Started process (PID=231925) to work on /home/ouaillaamiri/Development/lsi_3/airflow/venv/lib/python3.11/site-packages/airflow/example_dags/example_branch_day_of_week_operator.py
[2024-11-06T11:03:35.281-1100] {processor.py:914} INFO - Processing file /home/ouaillaamiri/Development/lsi_3/airflow/venv/lib/python3.11/site-packages/airflow/example_dags/example_branch_day_of_week_operator.py for tasks to queue
[2024-11-06T11:03:35.286-1100] {logging_mixin.py:190} INFO - [2024-11-06T11:03:35.285-1100] {dagbag.py:588} INFO - Filling up the DagBag from /home/ouaillaamiri/Development/lsi_3/airflow/venv/lib/python3.11/site-packages/airflow/example_dags/example_branch_day_of_week_operator.py
[2024-11-06T11:03:35.308-1100] {processor.py:925} INFO - DAG(s) 'example_weekday_branch_operator' retrieved from /home/ouaillaamiri/Development/lsi_3/airflow/venv/lib/python3.11/site-packages/airflow/example_dags/example_branch_day_of_week_operator.py
[2024-11-06T11:03:35.387-1100] {logging_mixin.py:190} INFO - [2024-11-06T11:03:35.387-1100] {dag.py:3239} INFO - Sync 1 DAGs
[2024-11-06T11:03:35.442-1100] {logging_mixin.py:190} INFO - [2024-11-06T11:03:35.442-1100] {dag.py:4180} INFO - Setting next_dagrun for example_weekday_branch_operator to 2024-11-05 00:00:00+00:00, run_after=2024-11-06 00:00:00+00:00
[2024-11-06T11:03:35.486-1100] {processor.py:208} INFO - Processing /home/ouaillaamiri/Development/lsi_3/airflow/venv/lib/python3.11/site-packages/airflow/example_dags/example_branch_day_of_week_operator.py took 0.221 seconds
[2024-11-06T11:04:05.844-1100] {processor.py:186} INFO - Started process (PID=232448) to work on /home/ouaillaamiri/Development/lsi_3/airflow/venv/lib/python3.11/site-packages/airflow/example_dags/example_branch_day_of_week_operator.py
[2024-11-06T11:04:05.846-1100] {processor.py:914} INFO - Processing file /home/ouaillaamiri/Development/lsi_3/airflow/venv/lib/python3.11/site-packages/airflow/example_dags/example_branch_day_of_week_operator.py for tasks to queue
[2024-11-06T11:04:05.851-1100] {logging_mixin.py:190} INFO - [2024-11-06T11:04:05.850-1100] {dagbag.py:588} INFO - Filling up the DagBag from /home/ouaillaamiri/Development/lsi_3/airflow/venv/lib/python3.11/site-packages/airflow/example_dags/example_branch_day_of_week_operator.py
[2024-11-06T11:04:05.875-1100] {processor.py:925} INFO - DAG(s) 'example_weekday_branch_operator' retrieved from /home/ouaillaamiri/Development/lsi_3/airflow/venv/lib/python3.11/site-packages/airflow/example_dags/example_branch_day_of_week_operator.py
[2024-11-06T11:04:05.929-1100] {logging_mixin.py:190} INFO - [2024-11-06T11:04:05.929-1100] {dag.py:3239} INFO - Sync 1 DAGs
[2024-11-06T11:04:05.969-1100] {logging_mixin.py:190} INFO - [2024-11-06T11:04:05.969-1100] {dag.py:4180} INFO - Setting next_dagrun for example_weekday_branch_operator to 2024-11-05 00:00:00+00:00, run_after=2024-11-06 00:00:00+00:00
[2024-11-06T11:04:06.004-1100] {processor.py:208} INFO - Processing /home/ouaillaamiri/Development/lsi_3/airflow/venv/lib/python3.11/site-packages/airflow/example_dags/example_branch_day_of_week_operator.py took 0.176 seconds
[2024-11-06T11:04:37.038-1100] {processor.py:186} INFO - Started process (PID=232828) to work on /home/ouaillaamiri/Development/lsi_3/airflow/venv/lib/python3.11/site-packages/airflow/example_dags/example_branch_day_of_week_operator.py
[2024-11-06T11:04:37.040-1100] {processor.py:914} INFO - Processing file /home/ouaillaamiri/Development/lsi_3/airflow/venv/lib/python3.11/site-packages/airflow/example_dags/example_branch_day_of_week_operator.py for tasks to queue
[2024-11-06T11:04:37.044-1100] {logging_mixin.py:190} INFO - [2024-11-06T11:04:37.044-1100] {dagbag.py:588} INFO - Filling up the DagBag from /home/ouaillaamiri/Development/lsi_3/airflow/venv/lib/python3.11/site-packages/airflow/example_dags/example_branch_day_of_week_operator.py
[2024-11-06T11:04:37.063-1100] {processor.py:925} INFO - DAG(s) 'example_weekday_branch_operator' retrieved from /home/ouaillaamiri/Development/lsi_3/airflow/venv/lib/python3.11/site-packages/airflow/example_dags/example_branch_day_of_week_operator.py
[2024-11-06T11:04:37.118-1100] {logging_mixin.py:190} INFO - [2024-11-06T11:04:37.118-1100] {dag.py:3239} INFO - Sync 1 DAGs
[2024-11-06T11:04:37.160-1100] {logging_mixin.py:190} INFO - [2024-11-06T11:04:37.159-1100] {dag.py:4180} INFO - Setting next_dagrun for example_weekday_branch_operator to 2024-11-05 00:00:00+00:00, run_after=2024-11-06 00:00:00+00:00
[2024-11-06T11:04:37.196-1100] {processor.py:208} INFO - Processing /home/ouaillaamiri/Development/lsi_3/airflow/venv/lib/python3.11/site-packages/airflow/example_dags/example_branch_day_of_week_operator.py took 0.171 seconds
