[2024-11-06T10:53:34.172-1100] {processor.py:186} INFO - Started process (PID=219460) to work on /home/ouaillaamiri/Development/lsi_3/airflow/venv/lib/python3.11/site-packages/airflow/example_dags/example_branch_labels.py
[2024-11-06T10:53:34.174-1100] {processor.py:914} INFO - Processing file /home/ouaillaamiri/Development/lsi_3/airflow/venv/lib/python3.11/site-packages/airflow/example_dags/example_branch_labels.py for tasks to queue
[2024-11-06T10:53:34.179-1100] {logging_mixin.py:190} INFO - [2024-11-06T10:53:34.178-1100] {dagbag.py:588} INFO - Filling up the DagBag from /home/ouaillaamiri/Development/lsi_3/airflow/venv/lib/python3.11/site-packages/airflow/example_dags/example_branch_labels.py
[2024-11-06T10:53:34.199-1100] {processor.py:925} INFO - DAG(s) 'example_branch_labels' retrieved from /home/ouaillaamiri/Development/lsi_3/airflow/venv/lib/python3.11/site-packages/airflow/example_dags/example_branch_labels.py
[2024-11-06T10:53:34.427-1100] {logging_mixin.py:190} INFO - [2024-11-06T10:53:34.425-1100] {override.py:1911} INFO - Created Permission View: can edit on DAG:example_branch_labels
[2024-11-06T10:53:34.448-1100] {logging_mixin.py:190} INFO - [2024-11-06T10:53:34.447-1100] {override.py:1911} INFO - Created Permission View: can delete on DAG:example_branch_labels
[2024-11-06T10:53:34.463-1100] {logging_mixin.py:190} INFO - [2024-11-06T10:53:34.463-1100] {override.py:1911} INFO - Created Permission View: can read on DAG:example_branch_labels
[2024-11-06T10:53:34.478-1100] {logging_mixin.py:190} INFO - [2024-11-06T10:53:34.477-1100] {override.py:1911} INFO - Created Permission View: can delete on DAG Run:example_branch_labels
[2024-11-06T10:53:34.494-1100] {logging_mixin.py:190} INFO - [2024-11-06T10:53:34.493-1100] {override.py:1911} INFO - Created Permission View: can create on DAG Run:example_branch_labels
[2024-11-06T10:53:34.511-1100] {logging_mixin.py:190} INFO - [2024-11-06T10:53:34.510-1100] {override.py:1911} INFO - Created Permission View: menu access on DAG Run:example_branch_labels
[2024-11-06T10:53:34.525-1100] {logging_mixin.py:190} INFO - [2024-11-06T10:53:34.524-1100] {override.py:1911} INFO - Created Permission View: can read on DAG Run:example_branch_labels
[2024-11-06T10:53:34.525-1100] {logging_mixin.py:190} INFO - [2024-11-06T10:53:34.525-1100] {dag.py:3239} INFO - Sync 1 DAGs
[2024-11-06T10:53:34.551-1100] {logging_mixin.py:190} INFO - [2024-11-06T10:53:34.549-1100] {dag.py:3262} INFO - Creating ORM DAG for example_branch_labels
[2024-11-06T10:53:34.582-1100] {logging_mixin.py:190} INFO - [2024-11-06T10:53:34.582-1100] {dag.py:4180} INFO - Setting next_dagrun for example_branch_labels to 2024-11-05 00:00:00+00:00, run_after=2024-11-06 00:00:00+00:00
[2024-11-06T10:53:34.611-1100] {processor.py:208} INFO - Processing /home/ouaillaamiri/Development/lsi_3/airflow/venv/lib/python3.11/site-packages/airflow/example_dags/example_branch_labels.py took 0.450 seconds
[2024-11-06T10:54:05.171-1100] {processor.py:186} INFO - Started process (PID=220282) to work on /home/ouaillaamiri/Development/lsi_3/airflow/venv/lib/python3.11/site-packages/airflow/example_dags/example_branch_labels.py
[2024-11-06T10:54:05.173-1100] {processor.py:914} INFO - Processing file /home/ouaillaamiri/Development/lsi_3/airflow/venv/lib/python3.11/site-packages/airflow/example_dags/example_branch_labels.py for tasks to queue
[2024-11-06T10:54:05.178-1100] {logging_mixin.py:190} INFO - [2024-11-06T10:54:05.177-1100] {dagbag.py:588} INFO - Filling up the DagBag from /home/ouaillaamiri/Development/lsi_3/airflow/venv/lib/python3.11/site-packages/airflow/example_dags/example_branch_labels.py
[2024-11-06T10:54:05.199-1100] {processor.py:925} INFO - DAG(s) 'example_branch_labels' retrieved from /home/ouaillaamiri/Development/lsi_3/airflow/venv/lib/python3.11/site-packages/airflow/example_dags/example_branch_labels.py
[2024-11-06T10:54:05.268-1100] {logging_mixin.py:190} INFO - [2024-11-06T10:54:05.267-1100] {dag.py:3239} INFO - Sync 1 DAGs
[2024-11-06T10:54:05.321-1100] {logging_mixin.py:190} INFO - [2024-11-06T10:54:05.320-1100] {dag.py:4180} INFO - Setting next_dagrun for example_branch_labels to 2024-11-05 00:00:00+00:00, run_after=2024-11-06 00:00:00+00:00
[2024-11-06T10:54:05.361-1100] {processor.py:208} INFO - Processing /home/ouaillaamiri/Development/lsi_3/airflow/venv/lib/python3.11/site-packages/airflow/example_dags/example_branch_labels.py took 0.201 seconds
[2024-11-06T10:54:35.750-1100] {processor.py:186} INFO - Started process (PID=220658) to work on /home/ouaillaamiri/Development/lsi_3/airflow/venv/lib/python3.11/site-packages/airflow/example_dags/example_branch_labels.py
[2024-11-06T10:54:35.753-1100] {processor.py:914} INFO - Processing file /home/ouaillaamiri/Development/lsi_3/airflow/venv/lib/python3.11/site-packages/airflow/example_dags/example_branch_labels.py for tasks to queue
[2024-11-06T10:54:35.759-1100] {logging_mixin.py:190} INFO - [2024-11-06T10:54:35.758-1100] {dagbag.py:588} INFO - Filling up the DagBag from /home/ouaillaamiri/Development/lsi_3/airflow/venv/lib/python3.11/site-packages/airflow/example_dags/example_branch_labels.py
[2024-11-06T10:54:35.781-1100] {processor.py:925} INFO - DAG(s) 'example_branch_labels' retrieved from /home/ouaillaamiri/Development/lsi_3/airflow/venv/lib/python3.11/site-packages/airflow/example_dags/example_branch_labels.py
[2024-11-06T10:54:35.837-1100] {logging_mixin.py:190} INFO - [2024-11-06T10:54:35.837-1100] {dag.py:3239} INFO - Sync 1 DAGs
[2024-11-06T10:54:35.882-1100] {logging_mixin.py:190} INFO - [2024-11-06T10:54:35.882-1100] {dag.py:4180} INFO - Setting next_dagrun for example_branch_labels to 2024-11-05 00:00:00+00:00, run_after=2024-11-06 00:00:00+00:00
[2024-11-06T10:54:35.917-1100] {processor.py:208} INFO - Processing /home/ouaillaamiri/Development/lsi_3/airflow/venv/lib/python3.11/site-packages/airflow/example_dags/example_branch_labels.py took 0.184 seconds
[2024-11-06T10:55:06.841-1100] {processor.py:186} INFO - Started process (PID=221198) to work on /home/ouaillaamiri/Development/lsi_3/airflow/venv/lib/python3.11/site-packages/airflow/example_dags/example_branch_labels.py
[2024-11-06T10:55:06.843-1100] {processor.py:914} INFO - Processing file /home/ouaillaamiri/Development/lsi_3/airflow/venv/lib/python3.11/site-packages/airflow/example_dags/example_branch_labels.py for tasks to queue
[2024-11-06T10:55:06.848-1100] {logging_mixin.py:190} INFO - [2024-11-06T10:55:06.847-1100] {dagbag.py:588} INFO - Filling up the DagBag from /home/ouaillaamiri/Development/lsi_3/airflow/venv/lib/python3.11/site-packages/airflow/example_dags/example_branch_labels.py
[2024-11-06T10:55:06.866-1100] {processor.py:925} INFO - DAG(s) 'example_branch_labels' retrieved from /home/ouaillaamiri/Development/lsi_3/airflow/venv/lib/python3.11/site-packages/airflow/example_dags/example_branch_labels.py
[2024-11-06T10:55:06.924-1100] {logging_mixin.py:190} INFO - [2024-11-06T10:55:06.924-1100] {dag.py:3239} INFO - Sync 1 DAGs
[2024-11-06T10:55:06.975-1100] {logging_mixin.py:190} INFO - [2024-11-06T10:55:06.974-1100] {dag.py:4180} INFO - Setting next_dagrun for example_branch_labels to 2024-11-05 00:00:00+00:00, run_after=2024-11-06 00:00:00+00:00
[2024-11-06T10:55:07.026-1100] {processor.py:208} INFO - Processing /home/ouaillaamiri/Development/lsi_3/airflow/venv/lib/python3.11/site-packages/airflow/example_dags/example_branch_labels.py took 0.195 seconds
[2024-11-06T10:55:37.123-1100] {processor.py:186} INFO - Started process (PID=221723) to work on /home/ouaillaamiri/Development/lsi_3/airflow/venv/lib/python3.11/site-packages/airflow/example_dags/example_branch_labels.py
[2024-11-06T10:55:37.124-1100] {processor.py:914} INFO - Processing file /home/ouaillaamiri/Development/lsi_3/airflow/venv/lib/python3.11/site-packages/airflow/example_dags/example_branch_labels.py for tasks to queue
[2024-11-06T10:55:37.129-1100] {logging_mixin.py:190} INFO - [2024-11-06T10:55:37.128-1100] {dagbag.py:588} INFO - Filling up the DagBag from /home/ouaillaamiri/Development/lsi_3/airflow/venv/lib/python3.11/site-packages/airflow/example_dags/example_branch_labels.py
[2024-11-06T10:55:37.148-1100] {processor.py:925} INFO - DAG(s) 'example_branch_labels' retrieved from /home/ouaillaamiri/Development/lsi_3/airflow/venv/lib/python3.11/site-packages/airflow/example_dags/example_branch_labels.py
[2024-11-06T10:55:37.213-1100] {logging_mixin.py:190} INFO - [2024-11-06T10:55:37.213-1100] {dag.py:3239} INFO - Sync 1 DAGs
[2024-11-06T10:55:37.270-1100] {logging_mixin.py:190} INFO - [2024-11-06T10:55:37.269-1100] {dag.py:4180} INFO - Setting next_dagrun for example_branch_labels to 2024-11-05 00:00:00+00:00, run_after=2024-11-06 00:00:00+00:00
[2024-11-06T10:55:37.315-1100] {processor.py:208} INFO - Processing /home/ouaillaamiri/Development/lsi_3/airflow/venv/lib/python3.11/site-packages/airflow/example_dags/example_branch_labels.py took 0.203 seconds
[2024-11-06T10:56:07.654-1100] {processor.py:186} INFO - Started process (PID=222105) to work on /home/ouaillaamiri/Development/lsi_3/airflow/venv/lib/python3.11/site-packages/airflow/example_dags/example_branch_labels.py
[2024-11-06T10:56:07.655-1100] {processor.py:914} INFO - Processing file /home/ouaillaamiri/Development/lsi_3/airflow/venv/lib/python3.11/site-packages/airflow/example_dags/example_branch_labels.py for tasks to queue
[2024-11-06T10:56:07.660-1100] {logging_mixin.py:190} INFO - [2024-11-06T10:56:07.659-1100] {dagbag.py:588} INFO - Filling up the DagBag from /home/ouaillaamiri/Development/lsi_3/airflow/venv/lib/python3.11/site-packages/airflow/example_dags/example_branch_labels.py
[2024-11-06T10:56:07.680-1100] {processor.py:925} INFO - DAG(s) 'example_branch_labels' retrieved from /home/ouaillaamiri/Development/lsi_3/airflow/venv/lib/python3.11/site-packages/airflow/example_dags/example_branch_labels.py
[2024-11-06T10:56:07.748-1100] {logging_mixin.py:190} INFO - [2024-11-06T10:56:07.747-1100] {dag.py:3239} INFO - Sync 1 DAGs
[2024-11-06T10:56:07.799-1100] {logging_mixin.py:190} INFO - [2024-11-06T10:56:07.799-1100] {dag.py:4180} INFO - Setting next_dagrun for example_branch_labels to 2024-11-05 00:00:00+00:00, run_after=2024-11-06 00:00:00+00:00
[2024-11-06T10:56:07.840-1100] {processor.py:208} INFO - Processing /home/ouaillaamiri/Development/lsi_3/airflow/venv/lib/python3.11/site-packages/airflow/example_dags/example_branch_labels.py took 0.199 seconds
[2024-11-06T10:56:46.009-1100] {processor.py:186} INFO - Started process (PID=223294) to work on /home/ouaillaamiri/Development/lsi_3/airflow/venv/lib/python3.11/site-packages/airflow/example_dags/example_branch_labels.py
[2024-11-06T10:56:46.011-1100] {processor.py:914} INFO - Processing file /home/ouaillaamiri/Development/lsi_3/airflow/venv/lib/python3.11/site-packages/airflow/example_dags/example_branch_labels.py for tasks to queue
[2024-11-06T10:56:46.014-1100] {logging_mixin.py:190} INFO - [2024-11-06T10:56:46.014-1100] {dagbag.py:588} INFO - Filling up the DagBag from /home/ouaillaamiri/Development/lsi_3/airflow/venv/lib/python3.11/site-packages/airflow/example_dags/example_branch_labels.py
[2024-11-06T10:56:46.030-1100] {processor.py:925} INFO - DAG(s) 'example_branch_labels' retrieved from /home/ouaillaamiri/Development/lsi_3/airflow/venv/lib/python3.11/site-packages/airflow/example_dags/example_branch_labels.py
[2024-11-06T10:56:46.084-1100] {logging_mixin.py:190} INFO - [2024-11-06T10:56:46.084-1100] {dag.py:3239} INFO - Sync 1 DAGs
[2024-11-06T10:56:46.123-1100] {logging_mixin.py:190} INFO - [2024-11-06T10:56:46.122-1100] {dag.py:4180} INFO - Setting next_dagrun for example_branch_labels to 2024-11-05 00:00:00+00:00, run_after=2024-11-06 00:00:00+00:00
[2024-11-06T10:56:46.158-1100] {processor.py:208} INFO - Processing /home/ouaillaamiri/Development/lsi_3/airflow/venv/lib/python3.11/site-packages/airflow/example_dags/example_branch_labels.py took 0.159 seconds
[2024-11-06T10:57:16.769-1100] {processor.py:186} INFO - Started process (PID=224329) to work on /home/ouaillaamiri/Development/lsi_3/airflow/venv/lib/python3.11/site-packages/airflow/example_dags/example_branch_labels.py
[2024-11-06T10:57:16.771-1100] {processor.py:914} INFO - Processing file /home/ouaillaamiri/Development/lsi_3/airflow/venv/lib/python3.11/site-packages/airflow/example_dags/example_branch_labels.py for tasks to queue
[2024-11-06T10:57:16.778-1100] {logging_mixin.py:190} INFO - [2024-11-06T10:57:16.777-1100] {dagbag.py:588} INFO - Filling up the DagBag from /home/ouaillaamiri/Development/lsi_3/airflow/venv/lib/python3.11/site-packages/airflow/example_dags/example_branch_labels.py
[2024-11-06T10:57:16.814-1100] {processor.py:925} INFO - DAG(s) 'example_branch_labels' retrieved from /home/ouaillaamiri/Development/lsi_3/airflow/venv/lib/python3.11/site-packages/airflow/example_dags/example_branch_labels.py
[2024-11-06T10:57:16.918-1100] {logging_mixin.py:190} INFO - [2024-11-06T10:57:16.918-1100] {dag.py:3239} INFO - Sync 1 DAGs
[2024-11-06T10:57:16.981-1100] {logging_mixin.py:190} INFO - [2024-11-06T10:57:16.980-1100] {dag.py:4180} INFO - Setting next_dagrun for example_branch_labels to 2024-11-05 00:00:00+00:00, run_after=2024-11-06 00:00:00+00:00
[2024-11-06T10:57:17.025-1100] {processor.py:208} INFO - Processing /home/ouaillaamiri/Development/lsi_3/airflow/venv/lib/python3.11/site-packages/airflow/example_dags/example_branch_labels.py took 0.269 seconds
[2024-11-06T10:57:47.444-1100] {processor.py:186} INFO - Started process (PID=225099) to work on /home/ouaillaamiri/Development/lsi_3/airflow/venv/lib/python3.11/site-packages/airflow/example_dags/example_branch_labels.py
[2024-11-06T10:57:47.446-1100] {processor.py:914} INFO - Processing file /home/ouaillaamiri/Development/lsi_3/airflow/venv/lib/python3.11/site-packages/airflow/example_dags/example_branch_labels.py for tasks to queue
[2024-11-06T10:57:47.450-1100] {logging_mixin.py:190} INFO - [2024-11-06T10:57:47.449-1100] {dagbag.py:588} INFO - Filling up the DagBag from /home/ouaillaamiri/Development/lsi_3/airflow/venv/lib/python3.11/site-packages/airflow/example_dags/example_branch_labels.py
[2024-11-06T10:57:47.469-1100] {processor.py:925} INFO - DAG(s) 'example_branch_labels' retrieved from /home/ouaillaamiri/Development/lsi_3/airflow/venv/lib/python3.11/site-packages/airflow/example_dags/example_branch_labels.py
[2024-11-06T10:57:47.540-1100] {logging_mixin.py:190} INFO - [2024-11-06T10:57:47.539-1100] {dag.py:3239} INFO - Sync 1 DAGs
[2024-11-06T10:57:47.596-1100] {logging_mixin.py:190} INFO - [2024-11-06T10:57:47.595-1100] {dag.py:4180} INFO - Setting next_dagrun for example_branch_labels to 2024-11-05 00:00:00+00:00, run_after=2024-11-06 00:00:00+00:00
[2024-11-06T10:57:47.639-1100] {processor.py:208} INFO - Processing /home/ouaillaamiri/Development/lsi_3/airflow/venv/lib/python3.11/site-packages/airflow/example_dags/example_branch_labels.py took 0.206 seconds
[2024-11-06T10:58:18.619-1100] {processor.py:186} INFO - Started process (PID=225744) to work on /home/ouaillaamiri/Development/lsi_3/airflow/venv/lib/python3.11/site-packages/airflow/example_dags/example_branch_labels.py
[2024-11-06T10:58:18.621-1100] {processor.py:914} INFO - Processing file /home/ouaillaamiri/Development/lsi_3/airflow/venv/lib/python3.11/site-packages/airflow/example_dags/example_branch_labels.py for tasks to queue
[2024-11-06T10:58:18.626-1100] {logging_mixin.py:190} INFO - [2024-11-06T10:58:18.625-1100] {dagbag.py:588} INFO - Filling up the DagBag from /home/ouaillaamiri/Development/lsi_3/airflow/venv/lib/python3.11/site-packages/airflow/example_dags/example_branch_labels.py
[2024-11-06T10:58:18.650-1100] {processor.py:925} INFO - DAG(s) 'example_branch_labels' retrieved from /home/ouaillaamiri/Development/lsi_3/airflow/venv/lib/python3.11/site-packages/airflow/example_dags/example_branch_labels.py
[2024-11-06T10:58:18.715-1100] {logging_mixin.py:190} INFO - [2024-11-06T10:58:18.714-1100] {dag.py:3239} INFO - Sync 1 DAGs
[2024-11-06T10:58:18.764-1100] {logging_mixin.py:190} INFO - [2024-11-06T10:58:18.763-1100] {dag.py:4180} INFO - Setting next_dagrun for example_branch_labels to 2024-11-05 00:00:00+00:00, run_after=2024-11-06 00:00:00+00:00
[2024-11-06T10:58:18.806-1100] {processor.py:208} INFO - Processing /home/ouaillaamiri/Development/lsi_3/airflow/venv/lib/python3.11/site-packages/airflow/example_dags/example_branch_labels.py took 0.202 seconds
[2024-11-06T10:58:49.075-1100] {processor.py:186} INFO - Started process (PID=226467) to work on /home/ouaillaamiri/Development/lsi_3/airflow/venv/lib/python3.11/site-packages/airflow/example_dags/example_branch_labels.py
[2024-11-06T10:58:49.077-1100] {processor.py:914} INFO - Processing file /home/ouaillaamiri/Development/lsi_3/airflow/venv/lib/python3.11/site-packages/airflow/example_dags/example_branch_labels.py for tasks to queue
[2024-11-06T10:58:49.082-1100] {logging_mixin.py:190} INFO - [2024-11-06T10:58:49.081-1100] {dagbag.py:588} INFO - Filling up the DagBag from /home/ouaillaamiri/Development/lsi_3/airflow/venv/lib/python3.11/site-packages/airflow/example_dags/example_branch_labels.py
[2024-11-06T10:58:49.103-1100] {processor.py:925} INFO - DAG(s) 'example_branch_labels' retrieved from /home/ouaillaamiri/Development/lsi_3/airflow/venv/lib/python3.11/site-packages/airflow/example_dags/example_branch_labels.py
[2024-11-06T10:58:49.168-1100] {logging_mixin.py:190} INFO - [2024-11-06T10:58:49.167-1100] {dag.py:3239} INFO - Sync 1 DAGs
[2024-11-06T10:58:49.210-1100] {logging_mixin.py:190} INFO - [2024-11-06T10:58:49.209-1100] {dag.py:4180} INFO - Setting next_dagrun for example_branch_labels to 2024-11-05 00:00:00+00:00, run_after=2024-11-06 00:00:00+00:00
[2024-11-06T10:58:49.246-1100] {processor.py:208} INFO - Processing /home/ouaillaamiri/Development/lsi_3/airflow/venv/lib/python3.11/site-packages/airflow/example_dags/example_branch_labels.py took 0.185 seconds
[2024-11-06T10:59:19.837-1100] {processor.py:186} INFO - Started process (PID=227166) to work on /home/ouaillaamiri/Development/lsi_3/airflow/venv/lib/python3.11/site-packages/airflow/example_dags/example_branch_labels.py
[2024-11-06T10:59:19.839-1100] {processor.py:914} INFO - Processing file /home/ouaillaamiri/Development/lsi_3/airflow/venv/lib/python3.11/site-packages/airflow/example_dags/example_branch_labels.py for tasks to queue
[2024-11-06T10:59:19.842-1100] {logging_mixin.py:190} INFO - [2024-11-06T10:59:19.842-1100] {dagbag.py:588} INFO - Filling up the DagBag from /home/ouaillaamiri/Development/lsi_3/airflow/venv/lib/python3.11/site-packages/airflow/example_dags/example_branch_labels.py
[2024-11-06T10:59:19.862-1100] {processor.py:925} INFO - DAG(s) 'example_branch_labels' retrieved from /home/ouaillaamiri/Development/lsi_3/airflow/venv/lib/python3.11/site-packages/airflow/example_dags/example_branch_labels.py
[2024-11-06T10:59:19.922-1100] {logging_mixin.py:190} INFO - [2024-11-06T10:59:19.922-1100] {dag.py:3239} INFO - Sync 1 DAGs
[2024-11-06T10:59:19.970-1100] {logging_mixin.py:190} INFO - [2024-11-06T10:59:19.969-1100] {dag.py:4180} INFO - Setting next_dagrun for example_branch_labels to 2024-11-05 00:00:00+00:00, run_after=2024-11-06 00:00:00+00:00
[2024-11-06T10:59:20.010-1100] {processor.py:208} INFO - Processing /home/ouaillaamiri/Development/lsi_3/airflow/venv/lib/python3.11/site-packages/airflow/example_dags/example_branch_labels.py took 0.185 seconds
[2024-11-06T10:59:51.237-1100] {processor.py:186} INFO - Started process (PID=227564) to work on /home/ouaillaamiri/Development/lsi_3/airflow/venv/lib/python3.11/site-packages/airflow/example_dags/example_branch_labels.py
[2024-11-06T10:59:51.239-1100] {processor.py:914} INFO - Processing file /home/ouaillaamiri/Development/lsi_3/airflow/venv/lib/python3.11/site-packages/airflow/example_dags/example_branch_labels.py for tasks to queue
[2024-11-06T10:59:51.243-1100] {logging_mixin.py:190} INFO - [2024-11-06T10:59:51.243-1100] {dagbag.py:588} INFO - Filling up the DagBag from /home/ouaillaamiri/Development/lsi_3/airflow/venv/lib/python3.11/site-packages/airflow/example_dags/example_branch_labels.py
[2024-11-06T10:59:51.263-1100] {processor.py:925} INFO - DAG(s) 'example_branch_labels' retrieved from /home/ouaillaamiri/Development/lsi_3/airflow/venv/lib/python3.11/site-packages/airflow/example_dags/example_branch_labels.py
[2024-11-06T10:59:51.325-1100] {logging_mixin.py:190} INFO - [2024-11-06T10:59:51.325-1100] {dag.py:3239} INFO - Sync 1 DAGs
[2024-11-06T10:59:51.369-1100] {logging_mixin.py:190} INFO - [2024-11-06T10:59:51.369-1100] {dag.py:4180} INFO - Setting next_dagrun for example_branch_labels to 2024-11-05 00:00:00+00:00, run_after=2024-11-06 00:00:00+00:00
[2024-11-06T10:59:51.412-1100] {processor.py:208} INFO - Processing /home/ouaillaamiri/Development/lsi_3/airflow/venv/lib/python3.11/site-packages/airflow/example_dags/example_branch_labels.py took 0.187 seconds
[2024-11-06T11:00:57.584-1100] {processor.py:186} INFO - Started process (PID=228746) to work on /home/ouaillaamiri/Development/lsi_3/airflow/venv/lib/python3.11/site-packages/airflow/example_dags/example_branch_labels.py
[2024-11-06T11:00:57.587-1100] {processor.py:914} INFO - Processing file /home/ouaillaamiri/Development/lsi_3/airflow/venv/lib/python3.11/site-packages/airflow/example_dags/example_branch_labels.py for tasks to queue
[2024-11-06T11:00:57.592-1100] {logging_mixin.py:190} INFO - [2024-11-06T11:00:57.591-1100] {dagbag.py:588} INFO - Filling up the DagBag from /home/ouaillaamiri/Development/lsi_3/airflow/venv/lib/python3.11/site-packages/airflow/example_dags/example_branch_labels.py
[2024-11-06T11:00:57.620-1100] {processor.py:925} INFO - DAG(s) 'example_branch_labels' retrieved from /home/ouaillaamiri/Development/lsi_3/airflow/venv/lib/python3.11/site-packages/airflow/example_dags/example_branch_labels.py
[2024-11-06T11:00:57.703-1100] {logging_mixin.py:190} INFO - [2024-11-06T11:00:57.703-1100] {dag.py:3239} INFO - Sync 1 DAGs
[2024-11-06T11:00:57.754-1100] {logging_mixin.py:190} INFO - [2024-11-06T11:00:57.754-1100] {dag.py:4180} INFO - Setting next_dagrun for example_branch_labels to 2024-11-05 00:00:00+00:00, run_after=2024-11-06 00:00:00+00:00
[2024-11-06T11:00:57.795-1100] {processor.py:208} INFO - Processing /home/ouaillaamiri/Development/lsi_3/airflow/venv/lib/python3.11/site-packages/airflow/example_dags/example_branch_labels.py took 0.226 seconds
[2024-11-06T11:01:28.217-1100] {processor.py:186} INFO - Started process (PID=229342) to work on /home/ouaillaamiri/Development/lsi_3/airflow/venv/lib/python3.11/site-packages/airflow/example_dags/example_branch_labels.py
[2024-11-06T11:01:28.219-1100] {processor.py:914} INFO - Processing file /home/ouaillaamiri/Development/lsi_3/airflow/venv/lib/python3.11/site-packages/airflow/example_dags/example_branch_labels.py for tasks to queue
[2024-11-06T11:01:28.224-1100] {logging_mixin.py:190} INFO - [2024-11-06T11:01:28.223-1100] {dagbag.py:588} INFO - Filling up the DagBag from /home/ouaillaamiri/Development/lsi_3/airflow/venv/lib/python3.11/site-packages/airflow/example_dags/example_branch_labels.py
[2024-11-06T11:01:28.248-1100] {processor.py:925} INFO - DAG(s) 'example_branch_labels' retrieved from /home/ouaillaamiri/Development/lsi_3/airflow/venv/lib/python3.11/site-packages/airflow/example_dags/example_branch_labels.py
[2024-11-06T11:01:28.327-1100] {logging_mixin.py:190} INFO - [2024-11-06T11:01:28.326-1100] {dag.py:3239} INFO - Sync 1 DAGs
[2024-11-06T11:01:28.370-1100] {logging_mixin.py:190} INFO - [2024-11-06T11:01:28.370-1100] {dag.py:4180} INFO - Setting next_dagrun for example_branch_labels to 2024-11-05 00:00:00+00:00, run_after=2024-11-06 00:00:00+00:00
[2024-11-06T11:01:28.409-1100] {processor.py:208} INFO - Processing /home/ouaillaamiri/Development/lsi_3/airflow/venv/lib/python3.11/site-packages/airflow/example_dags/example_branch_labels.py took 0.206 seconds
[2024-11-06T11:01:58.950-1100] {processor.py:186} INFO - Started process (PID=229718) to work on /home/ouaillaamiri/Development/lsi_3/airflow/venv/lib/python3.11/site-packages/airflow/example_dags/example_branch_labels.py
[2024-11-06T11:01:58.951-1100] {processor.py:914} INFO - Processing file /home/ouaillaamiri/Development/lsi_3/airflow/venv/lib/python3.11/site-packages/airflow/example_dags/example_branch_labels.py for tasks to queue
[2024-11-06T11:01:58.955-1100] {logging_mixin.py:190} INFO - [2024-11-06T11:01:58.955-1100] {dagbag.py:588} INFO - Filling up the DagBag from /home/ouaillaamiri/Development/lsi_3/airflow/venv/lib/python3.11/site-packages/airflow/example_dags/example_branch_labels.py
[2024-11-06T11:01:58.975-1100] {processor.py:925} INFO - DAG(s) 'example_branch_labels' retrieved from /home/ouaillaamiri/Development/lsi_3/airflow/venv/lib/python3.11/site-packages/airflow/example_dags/example_branch_labels.py
[2024-11-06T11:01:59.040-1100] {logging_mixin.py:190} INFO - [2024-11-06T11:01:59.040-1100] {dag.py:3239} INFO - Sync 1 DAGs
[2024-11-06T11:01:59.084-1100] {logging_mixin.py:190} INFO - [2024-11-06T11:01:59.083-1100] {dag.py:4180} INFO - Setting next_dagrun for example_branch_labels to 2024-11-05 00:00:00+00:00, run_after=2024-11-06 00:00:00+00:00
[2024-11-06T11:01:59.119-1100] {processor.py:208} INFO - Processing /home/ouaillaamiri/Development/lsi_3/airflow/venv/lib/python3.11/site-packages/airflow/example_dags/example_branch_labels.py took 0.181 seconds
[2024-11-06T11:02:29.421-1100] {processor.py:186} INFO - Started process (PID=230307) to work on /home/ouaillaamiri/Development/lsi_3/airflow/venv/lib/python3.11/site-packages/airflow/example_dags/example_branch_labels.py
[2024-11-06T11:02:29.423-1100] {processor.py:914} INFO - Processing file /home/ouaillaamiri/Development/lsi_3/airflow/venv/lib/python3.11/site-packages/airflow/example_dags/example_branch_labels.py for tasks to queue
[2024-11-06T11:02:29.427-1100] {logging_mixin.py:190} INFO - [2024-11-06T11:02:29.427-1100] {dagbag.py:588} INFO - Filling up the DagBag from /home/ouaillaamiri/Development/lsi_3/airflow/venv/lib/python3.11/site-packages/airflow/example_dags/example_branch_labels.py
[2024-11-06T11:02:29.447-1100] {processor.py:925} INFO - DAG(s) 'example_branch_labels' retrieved from /home/ouaillaamiri/Development/lsi_3/airflow/venv/lib/python3.11/site-packages/airflow/example_dags/example_branch_labels.py
[2024-11-06T11:02:29.507-1100] {logging_mixin.py:190} INFO - [2024-11-06T11:02:29.507-1100] {dag.py:3239} INFO - Sync 1 DAGs
[2024-11-06T11:02:29.550-1100] {logging_mixin.py:190} INFO - [2024-11-06T11:02:29.550-1100] {dag.py:4180} INFO - Setting next_dagrun for example_branch_labels to 2024-11-05 00:00:00+00:00, run_after=2024-11-06 00:00:00+00:00
[2024-11-06T11:02:29.586-1100] {processor.py:208} INFO - Processing /home/ouaillaamiri/Development/lsi_3/airflow/venv/lib/python3.11/site-packages/airflow/example_dags/example_branch_labels.py took 0.176 seconds
[2024-11-06T11:03:00.349-1100] {processor.py:186} INFO - Started process (PID=231296) to work on /home/ouaillaamiri/Development/lsi_3/airflow/venv/lib/python3.11/site-packages/airflow/example_dags/example_branch_labels.py
[2024-11-06T11:03:00.350-1100] {processor.py:914} INFO - Processing file /home/ouaillaamiri/Development/lsi_3/airflow/venv/lib/python3.11/site-packages/airflow/example_dags/example_branch_labels.py for tasks to queue
[2024-11-06T11:03:00.355-1100] {logging_mixin.py:190} INFO - [2024-11-06T11:03:00.354-1100] {dagbag.py:588} INFO - Filling up the DagBag from /home/ouaillaamiri/Development/lsi_3/airflow/venv/lib/python3.11/site-packages/airflow/example_dags/example_branch_labels.py
[2024-11-06T11:03:00.377-1100] {processor.py:925} INFO - DAG(s) 'example_branch_labels' retrieved from /home/ouaillaamiri/Development/lsi_3/airflow/venv/lib/python3.11/site-packages/airflow/example_dags/example_branch_labels.py
[2024-11-06T11:03:00.451-1100] {logging_mixin.py:190} INFO - [2024-11-06T11:03:00.450-1100] {dag.py:3239} INFO - Sync 1 DAGs
[2024-11-06T11:03:00.504-1100] {logging_mixin.py:190} INFO - [2024-11-06T11:03:00.504-1100] {dag.py:4180} INFO - Setting next_dagrun for example_branch_labels to 2024-11-05 00:00:00+00:00, run_after=2024-11-06 00:00:00+00:00
[2024-11-06T11:03:00.549-1100] {processor.py:208} INFO - Processing /home/ouaillaamiri/Development/lsi_3/airflow/venv/lib/python3.11/site-packages/airflow/example_dags/example_branch_labels.py took 0.212 seconds
[2024-11-06T11:03:31.490-1100] {processor.py:186} INFO - Started process (PID=231719) to work on /home/ouaillaamiri/Development/lsi_3/airflow/venv/lib/python3.11/site-packages/airflow/example_dags/example_branch_labels.py
[2024-11-06T11:03:31.493-1100] {processor.py:914} INFO - Processing file /home/ouaillaamiri/Development/lsi_3/airflow/venv/lib/python3.11/site-packages/airflow/example_dags/example_branch_labels.py for tasks to queue
[2024-11-06T11:03:31.498-1100] {logging_mixin.py:190} INFO - [2024-11-06T11:03:31.497-1100] {dagbag.py:588} INFO - Filling up the DagBag from /home/ouaillaamiri/Development/lsi_3/airflow/venv/lib/python3.11/site-packages/airflow/example_dags/example_branch_labels.py
[2024-11-06T11:03:31.527-1100] {processor.py:925} INFO - DAG(s) 'example_branch_labels' retrieved from /home/ouaillaamiri/Development/lsi_3/airflow/venv/lib/python3.11/site-packages/airflow/example_dags/example_branch_labels.py
[2024-11-06T11:03:31.619-1100] {logging_mixin.py:190} INFO - [2024-11-06T11:03:31.618-1100] {dag.py:3239} INFO - Sync 1 DAGs
[2024-11-06T11:03:31.711-1100] {logging_mixin.py:190} INFO - [2024-11-06T11:03:31.710-1100] {dag.py:4180} INFO - Setting next_dagrun for example_branch_labels to 2024-11-05 00:00:00+00:00, run_after=2024-11-06 00:00:00+00:00
[2024-11-06T11:03:31.780-1100] {processor.py:208} INFO - Processing /home/ouaillaamiri/Development/lsi_3/airflow/venv/lib/python3.11/site-packages/airflow/example_dags/example_branch_labels.py took 0.305 seconds
[2024-11-06T11:04:01.988-1100] {processor.py:186} INFO - Started process (PID=232340) to work on /home/ouaillaamiri/Development/lsi_3/airflow/venv/lib/python3.11/site-packages/airflow/example_dags/example_branch_labels.py
[2024-11-06T11:04:01.990-1100] {processor.py:914} INFO - Processing file /home/ouaillaamiri/Development/lsi_3/airflow/venv/lib/python3.11/site-packages/airflow/example_dags/example_branch_labels.py for tasks to queue
[2024-11-06T11:04:01.993-1100] {logging_mixin.py:190} INFO - [2024-11-06T11:04:01.993-1100] {dagbag.py:588} INFO - Filling up the DagBag from /home/ouaillaamiri/Development/lsi_3/airflow/venv/lib/python3.11/site-packages/airflow/example_dags/example_branch_labels.py
[2024-11-06T11:04:02.010-1100] {processor.py:925} INFO - DAG(s) 'example_branch_labels' retrieved from /home/ouaillaamiri/Development/lsi_3/airflow/venv/lib/python3.11/site-packages/airflow/example_dags/example_branch_labels.py
[2024-11-06T11:04:02.063-1100] {logging_mixin.py:190} INFO - [2024-11-06T11:04:02.062-1100] {dag.py:3239} INFO - Sync 1 DAGs
[2024-11-06T11:04:02.108-1100] {logging_mixin.py:190} INFO - [2024-11-06T11:04:02.108-1100] {dag.py:4180} INFO - Setting next_dagrun for example_branch_labels to 2024-11-05 00:00:00+00:00, run_after=2024-11-06 00:00:00+00:00
[2024-11-06T11:04:02.142-1100] {processor.py:208} INFO - Processing /home/ouaillaamiri/Development/lsi_3/airflow/venv/lib/python3.11/site-packages/airflow/example_dags/example_branch_labels.py took 0.163 seconds
[2024-11-06T11:04:33.544-1100] {processor.py:186} INFO - Started process (PID=232714) to work on /home/ouaillaamiri/Development/lsi_3/airflow/venv/lib/python3.11/site-packages/airflow/example_dags/example_branch_labels.py
[2024-11-06T11:04:33.548-1100] {processor.py:914} INFO - Processing file /home/ouaillaamiri/Development/lsi_3/airflow/venv/lib/python3.11/site-packages/airflow/example_dags/example_branch_labels.py for tasks to queue
[2024-11-06T11:04:33.553-1100] {logging_mixin.py:190} INFO - [2024-11-06T11:04:33.552-1100] {dagbag.py:588} INFO - Filling up the DagBag from /home/ouaillaamiri/Development/lsi_3/airflow/venv/lib/python3.11/site-packages/airflow/example_dags/example_branch_labels.py
[2024-11-06T11:04:33.573-1100] {processor.py:925} INFO - DAG(s) 'example_branch_labels' retrieved from /home/ouaillaamiri/Development/lsi_3/airflow/venv/lib/python3.11/site-packages/airflow/example_dags/example_branch_labels.py
[2024-11-06T11:04:33.636-1100] {logging_mixin.py:190} INFO - [2024-11-06T11:04:33.635-1100] {dag.py:3239} INFO - Sync 1 DAGs
[2024-11-06T11:04:33.686-1100] {logging_mixin.py:190} INFO - [2024-11-06T11:04:33.685-1100] {dag.py:4180} INFO - Setting next_dagrun for example_branch_labels to 2024-11-05 00:00:00+00:00, run_after=2024-11-06 00:00:00+00:00
[2024-11-06T11:04:33.723-1100] {processor.py:208} INFO - Processing /home/ouaillaamiri/Development/lsi_3/airflow/venv/lib/python3.11/site-packages/airflow/example_dags/example_branch_labels.py took 0.192 seconds
