[2024-11-06T10:53:34.692-1100] {processor.py:186} INFO - Started process (PID=219473) to work on /home/ouaillaamiri/Development/lsi_3/airflow/venv/lib/python3.11/site-packages/airflow/example_dags/example_branch_operator.py
[2024-11-06T10:53:34.694-1100] {processor.py:914} INFO - Processing file /home/ouaillaamiri/Development/lsi_3/airflow/venv/lib/python3.11/site-packages/airflow/example_dags/example_branch_operator.py for tasks to queue
[2024-11-06T10:53:34.698-1100] {logging_mixin.py:190} INFO - [2024-11-06T10:53:34.697-1100] {dagbag.py:588} INFO - Filling up the DagBag from /home/ouaillaamiri/Development/lsi_3/airflow/venv/lib/python3.11/site-packages/airflow/example_dags/example_branch_operator.py
[2024-11-06T10:53:34.704-1100] {processor.py:927} WARNING - No viable dags retrieved from /home/ouaillaamiri/Development/lsi_3/airflow/venv/lib/python3.11/site-packages/airflow/example_dags/example_branch_operator.py
[2024-11-06T10:53:34.750-1100] {processor.py:208} INFO - Processing /home/ouaillaamiri/Development/lsi_3/airflow/venv/lib/python3.11/site-packages/airflow/example_dags/example_branch_operator.py took 0.069 seconds
[2024-11-06T10:54:05.198-1100] {processor.py:186} INFO - Started process (PID=220285) to work on /home/ouaillaamiri/Development/lsi_3/airflow/venv/lib/python3.11/site-packages/airflow/example_dags/example_branch_operator.py
[2024-11-06T10:54:05.199-1100] {processor.py:914} INFO - Processing file /home/ouaillaamiri/Development/lsi_3/airflow/venv/lib/python3.11/site-packages/airflow/example_dags/example_branch_operator.py for tasks to queue
[2024-11-06T10:54:05.205-1100] {logging_mixin.py:190} INFO - [2024-11-06T10:54:05.204-1100] {dagbag.py:588} INFO - Filling up the DagBag from /home/ouaillaamiri/Development/lsi_3/airflow/venv/lib/python3.11/site-packages/airflow/example_dags/example_branch_operator.py
[2024-11-06T10:54:05.211-1100] {processor.py:927} WARNING - No viable dags retrieved from /home/ouaillaamiri/Development/lsi_3/airflow/venv/lib/python3.11/site-packages/airflow/example_dags/example_branch_operator.py
[2024-11-06T10:54:05.268-1100] {processor.py:208} INFO - Processing /home/ouaillaamiri/Development/lsi_3/airflow/venv/lib/python3.11/site-packages/airflow/example_dags/example_branch_operator.py took 0.083 seconds
[2024-11-06T10:54:35.624-1100] {processor.py:186} INFO - Started process (PID=220652) to work on /home/ouaillaamiri/Development/lsi_3/airflow/venv/lib/python3.11/site-packages/airflow/example_dags/example_branch_operator.py
[2024-11-06T10:54:35.626-1100] {processor.py:914} INFO - Processing file /home/ouaillaamiri/Development/lsi_3/airflow/venv/lib/python3.11/site-packages/airflow/example_dags/example_branch_operator.py for tasks to queue
[2024-11-06T10:54:35.629-1100] {logging_mixin.py:190} INFO - [2024-11-06T10:54:35.629-1100] {dagbag.py:588} INFO - Filling up the DagBag from /home/ouaillaamiri/Development/lsi_3/airflow/venv/lib/python3.11/site-packages/airflow/example_dags/example_branch_operator.py
[2024-11-06T10:54:35.634-1100] {processor.py:927} WARNING - No viable dags retrieved from /home/ouaillaamiri/Development/lsi_3/airflow/venv/lib/python3.11/site-packages/airflow/example_dags/example_branch_operator.py
[2024-11-06T10:54:35.678-1100] {processor.py:208} INFO - Processing /home/ouaillaamiri/Development/lsi_3/airflow/venv/lib/python3.11/site-packages/airflow/example_dags/example_branch_operator.py took 0.064 seconds
[2024-11-06T10:55:06.701-1100] {processor.py:186} INFO - Started process (PID=221192) to work on /home/ouaillaamiri/Development/lsi_3/airflow/venv/lib/python3.11/site-packages/airflow/example_dags/example_branch_operator.py
[2024-11-06T10:55:06.703-1100] {processor.py:914} INFO - Processing file /home/ouaillaamiri/Development/lsi_3/airflow/venv/lib/python3.11/site-packages/airflow/example_dags/example_branch_operator.py for tasks to queue
[2024-11-06T10:55:06.707-1100] {logging_mixin.py:190} INFO - [2024-11-06T10:55:06.706-1100] {dagbag.py:588} INFO - Filling up the DagBag from /home/ouaillaamiri/Development/lsi_3/airflow/venv/lib/python3.11/site-packages/airflow/example_dags/example_branch_operator.py
[2024-11-06T10:55:06.712-1100] {processor.py:927} WARNING - No viable dags retrieved from /home/ouaillaamiri/Development/lsi_3/airflow/venv/lib/python3.11/site-packages/airflow/example_dags/example_branch_operator.py
[2024-11-06T10:55:06.767-1100] {processor.py:208} INFO - Processing /home/ouaillaamiri/Development/lsi_3/airflow/venv/lib/python3.11/site-packages/airflow/example_dags/example_branch_operator.py took 0.077 seconds
[2024-11-06T10:55:36.986-1100] {processor.py:186} INFO - Started process (PID=221716) to work on /home/ouaillaamiri/Development/lsi_3/airflow/venv/lib/python3.11/site-packages/airflow/example_dags/example_branch_operator.py
[2024-11-06T10:55:36.987-1100] {processor.py:914} INFO - Processing file /home/ouaillaamiri/Development/lsi_3/airflow/venv/lib/python3.11/site-packages/airflow/example_dags/example_branch_operator.py for tasks to queue
[2024-11-06T10:55:36.991-1100] {logging_mixin.py:190} INFO - [2024-11-06T10:55:36.991-1100] {dagbag.py:588} INFO - Filling up the DagBag from /home/ouaillaamiri/Development/lsi_3/airflow/venv/lib/python3.11/site-packages/airflow/example_dags/example_branch_operator.py
[2024-11-06T10:55:36.997-1100] {processor.py:927} WARNING - No viable dags retrieved from /home/ouaillaamiri/Development/lsi_3/airflow/venv/lib/python3.11/site-packages/airflow/example_dags/example_branch_operator.py
[2024-11-06T10:55:37.044-1100] {processor.py:208} INFO - Processing /home/ouaillaamiri/Development/lsi_3/airflow/venv/lib/python3.11/site-packages/airflow/example_dags/example_branch_operator.py took 0.070 seconds
[2024-11-06T10:56:07.493-1100] {processor.py:186} INFO - Started process (PID=222096) to work on /home/ouaillaamiri/Development/lsi_3/airflow/venv/lib/python3.11/site-packages/airflow/example_dags/example_branch_operator.py
[2024-11-06T10:56:07.497-1100] {processor.py:914} INFO - Processing file /home/ouaillaamiri/Development/lsi_3/airflow/venv/lib/python3.11/site-packages/airflow/example_dags/example_branch_operator.py for tasks to queue
[2024-11-06T10:56:07.502-1100] {logging_mixin.py:190} INFO - [2024-11-06T10:56:07.501-1100] {dagbag.py:588} INFO - Filling up the DagBag from /home/ouaillaamiri/Development/lsi_3/airflow/venv/lib/python3.11/site-packages/airflow/example_dags/example_branch_operator.py
[2024-11-06T10:56:07.508-1100] {processor.py:927} WARNING - No viable dags retrieved from /home/ouaillaamiri/Development/lsi_3/airflow/venv/lib/python3.11/site-packages/airflow/example_dags/example_branch_operator.py
[2024-11-06T10:56:07.557-1100] {processor.py:208} INFO - Processing /home/ouaillaamiri/Development/lsi_3/airflow/venv/lib/python3.11/site-packages/airflow/example_dags/example_branch_operator.py took 0.078 seconds
[2024-11-06T10:56:46.259-1100] {processor.py:186} INFO - Started process (PID=223303) to work on /home/ouaillaamiri/Development/lsi_3/airflow/venv/lib/python3.11/site-packages/airflow/example_dags/example_branch_operator.py
[2024-11-06T10:56:46.260-1100] {processor.py:914} INFO - Processing file /home/ouaillaamiri/Development/lsi_3/airflow/venv/lib/python3.11/site-packages/airflow/example_dags/example_branch_operator.py for tasks to queue
[2024-11-06T10:56:46.265-1100] {logging_mixin.py:190} INFO - [2024-11-06T10:56:46.264-1100] {dagbag.py:588} INFO - Filling up the DagBag from /home/ouaillaamiri/Development/lsi_3/airflow/venv/lib/python3.11/site-packages/airflow/example_dags/example_branch_operator.py
[2024-11-06T10:56:46.271-1100] {processor.py:927} WARNING - No viable dags retrieved from /home/ouaillaamiri/Development/lsi_3/airflow/venv/lib/python3.11/site-packages/airflow/example_dags/example_branch_operator.py
[2024-11-06T10:56:46.316-1100] {processor.py:208} INFO - Processing /home/ouaillaamiri/Development/lsi_3/airflow/venv/lib/python3.11/site-packages/airflow/example_dags/example_branch_operator.py took 0.070 seconds
[2024-11-06T10:57:17.121-1100] {processor.py:186} INFO - Started process (PID=224341) to work on /home/ouaillaamiri/Development/lsi_3/airflow/venv/lib/python3.11/site-packages/airflow/example_dags/example_branch_operator.py
[2024-11-06T10:57:17.122-1100] {processor.py:914} INFO - Processing file /home/ouaillaamiri/Development/lsi_3/airflow/venv/lib/python3.11/site-packages/airflow/example_dags/example_branch_operator.py for tasks to queue
[2024-11-06T10:57:17.126-1100] {logging_mixin.py:190} INFO - [2024-11-06T10:57:17.126-1100] {dagbag.py:588} INFO - Filling up the DagBag from /home/ouaillaamiri/Development/lsi_3/airflow/venv/lib/python3.11/site-packages/airflow/example_dags/example_branch_operator.py
[2024-11-06T10:57:17.132-1100] {processor.py:927} WARNING - No viable dags retrieved from /home/ouaillaamiri/Development/lsi_3/airflow/venv/lib/python3.11/site-packages/airflow/example_dags/example_branch_operator.py
[2024-11-06T10:57:17.176-1100] {processor.py:208} INFO - Processing /home/ouaillaamiri/Development/lsi_3/airflow/venv/lib/python3.11/site-packages/airflow/example_dags/example_branch_operator.py took 0.066 seconds
[2024-11-06T10:57:47.639-1100] {processor.py:186} INFO - Started process (PID=225111) to work on /home/ouaillaamiri/Development/lsi_3/airflow/venv/lib/python3.11/site-packages/airflow/example_dags/example_branch_operator.py
[2024-11-06T10:57:47.641-1100] {processor.py:914} INFO - Processing file /home/ouaillaamiri/Development/lsi_3/airflow/venv/lib/python3.11/site-packages/airflow/example_dags/example_branch_operator.py for tasks to queue
[2024-11-06T10:57:47.645-1100] {logging_mixin.py:190} INFO - [2024-11-06T10:57:47.645-1100] {dagbag.py:588} INFO - Filling up the DagBag from /home/ouaillaamiri/Development/lsi_3/airflow/venv/lib/python3.11/site-packages/airflow/example_dags/example_branch_operator.py
[2024-11-06T10:57:47.651-1100] {processor.py:927} WARNING - No viable dags retrieved from /home/ouaillaamiri/Development/lsi_3/airflow/venv/lib/python3.11/site-packages/airflow/example_dags/example_branch_operator.py
[2024-11-06T10:57:47.701-1100] {processor.py:208} INFO - Processing /home/ouaillaamiri/Development/lsi_3/airflow/venv/lib/python3.11/site-packages/airflow/example_dags/example_branch_operator.py took 0.078 seconds
[2024-11-06T10:58:18.886-1100] {processor.py:186} INFO - Started process (PID=225754) to work on /home/ouaillaamiri/Development/lsi_3/airflow/venv/lib/python3.11/site-packages/airflow/example_dags/example_branch_operator.py
[2024-11-06T10:58:18.890-1100] {processor.py:914} INFO - Processing file /home/ouaillaamiri/Development/lsi_3/airflow/venv/lib/python3.11/site-packages/airflow/example_dags/example_branch_operator.py for tasks to queue
[2024-11-06T10:58:18.894-1100] {logging_mixin.py:190} INFO - [2024-11-06T10:58:18.893-1100] {dagbag.py:588} INFO - Filling up the DagBag from /home/ouaillaamiri/Development/lsi_3/airflow/venv/lib/python3.11/site-packages/airflow/example_dags/example_branch_operator.py
[2024-11-06T10:58:18.900-1100] {processor.py:927} WARNING - No viable dags retrieved from /home/ouaillaamiri/Development/lsi_3/airflow/venv/lib/python3.11/site-packages/airflow/example_dags/example_branch_operator.py
[2024-11-06T10:58:18.957-1100] {processor.py:208} INFO - Processing /home/ouaillaamiri/Development/lsi_3/airflow/venv/lib/python3.11/site-packages/airflow/example_dags/example_branch_operator.py took 0.084 seconds
[2024-11-06T10:58:49.326-1100] {processor.py:186} INFO - Started process (PID=226479) to work on /home/ouaillaamiri/Development/lsi_3/airflow/venv/lib/python3.11/site-packages/airflow/example_dags/example_branch_operator.py
[2024-11-06T10:58:49.328-1100] {processor.py:914} INFO - Processing file /home/ouaillaamiri/Development/lsi_3/airflow/venv/lib/python3.11/site-packages/airflow/example_dags/example_branch_operator.py for tasks to queue
[2024-11-06T10:58:49.332-1100] {logging_mixin.py:190} INFO - [2024-11-06T10:58:49.331-1100] {dagbag.py:588} INFO - Filling up the DagBag from /home/ouaillaamiri/Development/lsi_3/airflow/venv/lib/python3.11/site-packages/airflow/example_dags/example_branch_operator.py
[2024-11-06T10:58:49.337-1100] {processor.py:927} WARNING - No viable dags retrieved from /home/ouaillaamiri/Development/lsi_3/airflow/venv/lib/python3.11/site-packages/airflow/example_dags/example_branch_operator.py
[2024-11-06T10:58:49.382-1100] {processor.py:208} INFO - Processing /home/ouaillaamiri/Development/lsi_3/airflow/venv/lib/python3.11/site-packages/airflow/example_dags/example_branch_operator.py took 0.066 seconds
[2024-11-06T10:59:20.431-1100] {processor.py:186} INFO - Started process (PID=227181) to work on /home/ouaillaamiri/Development/lsi_3/airflow/venv/lib/python3.11/site-packages/airflow/example_dags/example_branch_operator.py
[2024-11-06T10:59:20.433-1100] {processor.py:914} INFO - Processing file /home/ouaillaamiri/Development/lsi_3/airflow/venv/lib/python3.11/site-packages/airflow/example_dags/example_branch_operator.py for tasks to queue
[2024-11-06T10:59:20.437-1100] {logging_mixin.py:190} INFO - [2024-11-06T10:59:20.437-1100] {dagbag.py:588} INFO - Filling up the DagBag from /home/ouaillaamiri/Development/lsi_3/airflow/venv/lib/python3.11/site-packages/airflow/example_dags/example_branch_operator.py
[2024-11-06T10:59:20.442-1100] {processor.py:927} WARNING - No viable dags retrieved from /home/ouaillaamiri/Development/lsi_3/airflow/venv/lib/python3.11/site-packages/airflow/example_dags/example_branch_operator.py
[2024-11-06T10:59:20.504-1100] {processor.py:208} INFO - Processing /home/ouaillaamiri/Development/lsi_3/airflow/venv/lib/python3.11/site-packages/airflow/example_dags/example_branch_operator.py took 0.084 seconds
[2024-11-06T10:59:51.510-1100] {processor.py:186} INFO - Started process (PID=227574) to work on /home/ouaillaamiri/Development/lsi_3/airflow/venv/lib/python3.11/site-packages/airflow/example_dags/example_branch_operator.py
[2024-11-06T10:59:51.512-1100] {processor.py:914} INFO - Processing file /home/ouaillaamiri/Development/lsi_3/airflow/venv/lib/python3.11/site-packages/airflow/example_dags/example_branch_operator.py for tasks to queue
[2024-11-06T10:59:51.515-1100] {logging_mixin.py:190} INFO - [2024-11-06T10:59:51.514-1100] {dagbag.py:588} INFO - Filling up the DagBag from /home/ouaillaamiri/Development/lsi_3/airflow/venv/lib/python3.11/site-packages/airflow/example_dags/example_branch_operator.py
[2024-11-06T10:59:51.519-1100] {processor.py:927} WARNING - No viable dags retrieved from /home/ouaillaamiri/Development/lsi_3/airflow/venv/lib/python3.11/site-packages/airflow/example_dags/example_branch_operator.py
[2024-11-06T10:59:51.574-1100] {processor.py:208} INFO - Processing /home/ouaillaamiri/Development/lsi_3/airflow/venv/lib/python3.11/site-packages/airflow/example_dags/example_branch_operator.py took 0.074 seconds
[2024-11-06T11:00:57.876-1100] {processor.py:186} INFO - Started process (PID=228758) to work on /home/ouaillaamiri/Development/lsi_3/airflow/venv/lib/python3.11/site-packages/airflow/example_dags/example_branch_operator.py
[2024-11-06T11:00:57.878-1100] {processor.py:914} INFO - Processing file /home/ouaillaamiri/Development/lsi_3/airflow/venv/lib/python3.11/site-packages/airflow/example_dags/example_branch_operator.py for tasks to queue
[2024-11-06T11:00:57.883-1100] {logging_mixin.py:190} INFO - [2024-11-06T11:00:57.882-1100] {dagbag.py:588} INFO - Filling up the DagBag from /home/ouaillaamiri/Development/lsi_3/airflow/venv/lib/python3.11/site-packages/airflow/example_dags/example_branch_operator.py
[2024-11-06T11:00:57.889-1100] {processor.py:927} WARNING - No viable dags retrieved from /home/ouaillaamiri/Development/lsi_3/airflow/venv/lib/python3.11/site-packages/airflow/example_dags/example_branch_operator.py
[2024-11-06T11:00:57.953-1100] {processor.py:208} INFO - Processing /home/ouaillaamiri/Development/lsi_3/airflow/venv/lib/python3.11/site-packages/airflow/example_dags/example_branch_operator.py took 0.091 seconds
[2024-11-06T11:01:28.363-1100] {processor.py:186} INFO - Started process (PID=229348) to work on /home/ouaillaamiri/Development/lsi_3/airflow/venv/lib/python3.11/site-packages/airflow/example_dags/example_branch_operator.py
[2024-11-06T11:01:28.365-1100] {processor.py:914} INFO - Processing file /home/ouaillaamiri/Development/lsi_3/airflow/venv/lib/python3.11/site-packages/airflow/example_dags/example_branch_operator.py for tasks to queue
[2024-11-06T11:01:28.371-1100] {logging_mixin.py:190} INFO - [2024-11-06T11:01:28.370-1100] {dagbag.py:588} INFO - Filling up the DagBag from /home/ouaillaamiri/Development/lsi_3/airflow/venv/lib/python3.11/site-packages/airflow/example_dags/example_branch_operator.py
[2024-11-06T11:01:28.378-1100] {processor.py:927} WARNING - No viable dags retrieved from /home/ouaillaamiri/Development/lsi_3/airflow/venv/lib/python3.11/site-packages/airflow/example_dags/example_branch_operator.py
[2024-11-06T11:01:28.425-1100] {processor.py:208} INFO - Processing /home/ouaillaamiri/Development/lsi_3/airflow/venv/lib/python3.11/site-packages/airflow/example_dags/example_branch_operator.py took 0.078 seconds
[2024-11-06T11:01:59.200-1100] {processor.py:186} INFO - Started process (PID=229730) to work on /home/ouaillaamiri/Development/lsi_3/airflow/venv/lib/python3.11/site-packages/airflow/example_dags/example_branch_operator.py
[2024-11-06T11:01:59.202-1100] {processor.py:914} INFO - Processing file /home/ouaillaamiri/Development/lsi_3/airflow/venv/lib/python3.11/site-packages/airflow/example_dags/example_branch_operator.py for tasks to queue
[2024-11-06T11:01:59.206-1100] {logging_mixin.py:190} INFO - [2024-11-06T11:01:59.206-1100] {dagbag.py:588} INFO - Filling up the DagBag from /home/ouaillaamiri/Development/lsi_3/airflow/venv/lib/python3.11/site-packages/airflow/example_dags/example_branch_operator.py
[2024-11-06T11:01:59.211-1100] {processor.py:927} WARNING - No viable dags retrieved from /home/ouaillaamiri/Development/lsi_3/airflow/venv/lib/python3.11/site-packages/airflow/example_dags/example_branch_operator.py
[2024-11-06T11:01:59.257-1100] {processor.py:208} INFO - Processing /home/ouaillaamiri/Development/lsi_3/airflow/venv/lib/python3.11/site-packages/airflow/example_dags/example_branch_operator.py took 0.070 seconds
[2024-11-06T11:02:29.664-1100] {processor.py:186} INFO - Started process (PID=230324) to work on /home/ouaillaamiri/Development/lsi_3/airflow/venv/lib/python3.11/site-packages/airflow/example_dags/example_branch_operator.py
[2024-11-06T11:02:29.665-1100] {processor.py:914} INFO - Processing file /home/ouaillaamiri/Development/lsi_3/airflow/venv/lib/python3.11/site-packages/airflow/example_dags/example_branch_operator.py for tasks to queue
[2024-11-06T11:02:29.669-1100] {logging_mixin.py:190} INFO - [2024-11-06T11:02:29.669-1100] {dagbag.py:588} INFO - Filling up the DagBag from /home/ouaillaamiri/Development/lsi_3/airflow/venv/lib/python3.11/site-packages/airflow/example_dags/example_branch_operator.py
[2024-11-06T11:02:29.675-1100] {processor.py:927} WARNING - No viable dags retrieved from /home/ouaillaamiri/Development/lsi_3/airflow/venv/lib/python3.11/site-packages/airflow/example_dags/example_branch_operator.py
[2024-11-06T11:02:29.725-1100] {processor.py:208} INFO - Processing /home/ouaillaamiri/Development/lsi_3/airflow/venv/lib/python3.11/site-packages/airflow/example_dags/example_branch_operator.py took 0.073 seconds
[2024-11-06T11:03:00.377-1100] {processor.py:186} INFO - Started process (PID=231299) to work on /home/ouaillaamiri/Development/lsi_3/airflow/venv/lib/python3.11/site-packages/airflow/example_dags/example_branch_operator.py
[2024-11-06T11:03:00.380-1100] {processor.py:914} INFO - Processing file /home/ouaillaamiri/Development/lsi_3/airflow/venv/lib/python3.11/site-packages/airflow/example_dags/example_branch_operator.py for tasks to queue
[2024-11-06T11:03:00.384-1100] {logging_mixin.py:190} INFO - [2024-11-06T11:03:00.384-1100] {dagbag.py:588} INFO - Filling up the DagBag from /home/ouaillaamiri/Development/lsi_3/airflow/venv/lib/python3.11/site-packages/airflow/example_dags/example_branch_operator.py
[2024-11-06T11:03:00.390-1100] {processor.py:927} WARNING - No viable dags retrieved from /home/ouaillaamiri/Development/lsi_3/airflow/venv/lib/python3.11/site-packages/airflow/example_dags/example_branch_operator.py
[2024-11-06T11:03:00.442-1100] {processor.py:208} INFO - Processing /home/ouaillaamiri/Development/lsi_3/airflow/venv/lib/python3.11/site-packages/airflow/example_dags/example_branch_operator.py took 0.079 seconds
[2024-11-06T11:03:31.412-1100] {processor.py:186} INFO - Started process (PID=231713) to work on /home/ouaillaamiri/Development/lsi_3/airflow/venv/lib/python3.11/site-packages/airflow/example_dags/example_branch_operator.py
[2024-11-06T11:03:31.416-1100] {processor.py:914} INFO - Processing file /home/ouaillaamiri/Development/lsi_3/airflow/venv/lib/python3.11/site-packages/airflow/example_dags/example_branch_operator.py for tasks to queue
[2024-11-06T11:03:31.420-1100] {logging_mixin.py:190} INFO - [2024-11-06T11:03:31.419-1100] {dagbag.py:588} INFO - Filling up the DagBag from /home/ouaillaamiri/Development/lsi_3/airflow/venv/lib/python3.11/site-packages/airflow/example_dags/example_branch_operator.py
[2024-11-06T11:03:31.425-1100] {processor.py:927} WARNING - No viable dags retrieved from /home/ouaillaamiri/Development/lsi_3/airflow/venv/lib/python3.11/site-packages/airflow/example_dags/example_branch_operator.py
[2024-11-06T11:03:31.482-1100] {processor.py:208} INFO - Processing /home/ouaillaamiri/Development/lsi_3/airflow/venv/lib/python3.11/site-packages/airflow/example_dags/example_branch_operator.py took 0.084 seconds
[2024-11-06T11:04:01.857-1100] {processor.py:186} INFO - Started process (PID=232332) to work on /home/ouaillaamiri/Development/lsi_3/airflow/venv/lib/python3.11/site-packages/airflow/example_dags/example_branch_operator.py
[2024-11-06T11:04:01.860-1100] {processor.py:914} INFO - Processing file /home/ouaillaamiri/Development/lsi_3/airflow/venv/lib/python3.11/site-packages/airflow/example_dags/example_branch_operator.py for tasks to queue
[2024-11-06T11:04:01.865-1100] {logging_mixin.py:190} INFO - [2024-11-06T11:04:01.864-1100] {dagbag.py:588} INFO - Filling up the DagBag from /home/ouaillaamiri/Development/lsi_3/airflow/venv/lib/python3.11/site-packages/airflow/example_dags/example_branch_operator.py
[2024-11-06T11:04:01.870-1100] {processor.py:927} WARNING - No viable dags retrieved from /home/ouaillaamiri/Development/lsi_3/airflow/venv/lib/python3.11/site-packages/airflow/example_dags/example_branch_operator.py
[2024-11-06T11:04:01.922-1100] {processor.py:208} INFO - Processing /home/ouaillaamiri/Development/lsi_3/airflow/venv/lib/python3.11/site-packages/airflow/example_dags/example_branch_operator.py took 0.079 seconds
[2024-11-06T11:04:33.404-1100] {processor.py:186} INFO - Started process (PID=232708) to work on /home/ouaillaamiri/Development/lsi_3/airflow/venv/lib/python3.11/site-packages/airflow/example_dags/example_branch_operator.py
[2024-11-06T11:04:33.406-1100] {processor.py:914} INFO - Processing file /home/ouaillaamiri/Development/lsi_3/airflow/venv/lib/python3.11/site-packages/airflow/example_dags/example_branch_operator.py for tasks to queue
[2024-11-06T11:04:33.410-1100] {logging_mixin.py:190} INFO - [2024-11-06T11:04:33.409-1100] {dagbag.py:588} INFO - Filling up the DagBag from /home/ouaillaamiri/Development/lsi_3/airflow/venv/lib/python3.11/site-packages/airflow/example_dags/example_branch_operator.py
[2024-11-06T11:04:33.416-1100] {processor.py:927} WARNING - No viable dags retrieved from /home/ouaillaamiri/Development/lsi_3/airflow/venv/lib/python3.11/site-packages/airflow/example_dags/example_branch_operator.py
[2024-11-06T11:04:33.465-1100] {processor.py:208} INFO - Processing /home/ouaillaamiri/Development/lsi_3/airflow/venv/lib/python3.11/site-packages/airflow/example_dags/example_branch_operator.py took 0.074 seconds
