[2024-11-06T10:53:37.227-1100] {processor.py:186} INFO - Started process (PID=219610) to work on /home/ouaillaamiri/Development/lsi_3/airflow/venv/lib/python3.11/site-packages/airflow/example_dags/example_display_name.py
[2024-11-06T10:53:37.229-1100] {processor.py:914} INFO - Processing file /home/ouaillaamiri/Development/lsi_3/airflow/venv/lib/python3.11/site-packages/airflow/example_dags/example_display_name.py for tasks to queue
[2024-11-06T10:53:37.233-1100] {logging_mixin.py:190} INFO - [2024-11-06T10:53:37.232-1100] {dagbag.py:588} INFO - Filling up the DagBag from /home/ouaillaamiri/Development/lsi_3/airflow/venv/lib/python3.11/site-packages/airflow/example_dags/example_display_name.py
[2024-11-06T10:53:37.249-1100] {processor.py:925} INFO - DAG(s) 'example_display_name' retrieved from /home/ouaillaamiri/Development/lsi_3/airflow/venv/lib/python3.11/site-packages/airflow/example_dags/example_display_name.py
[2024-11-06T10:53:37.456-1100] {logging_mixin.py:190} INFO - [2024-11-06T10:53:37.455-1100] {override.py:1911} INFO - Created Permission View: can edit on DAG:example_display_name
[2024-11-06T10:53:37.480-1100] {logging_mixin.py:190} INFO - [2024-11-06T10:53:37.479-1100] {override.py:1911} INFO - Created Permission View: can delete on DAG:example_display_name
[2024-11-06T10:53:37.495-1100] {logging_mixin.py:190} INFO - [2024-11-06T10:53:37.495-1100] {override.py:1911} INFO - Created Permission View: can read on DAG:example_display_name
[2024-11-06T10:53:37.510-1100] {logging_mixin.py:190} INFO - [2024-11-06T10:53:37.509-1100] {override.py:1911} INFO - Created Permission View: can delete on DAG Run:example_display_name
[2024-11-06T10:53:37.525-1100] {logging_mixin.py:190} INFO - [2024-11-06T10:53:37.524-1100] {override.py:1911} INFO - Created Permission View: can create on DAG Run:example_display_name
[2024-11-06T10:53:37.540-1100] {logging_mixin.py:190} INFO - [2024-11-06T10:53:37.539-1100] {override.py:1911} INFO - Created Permission View: menu access on DAG Run:example_display_name
[2024-11-06T10:53:37.553-1100] {logging_mixin.py:190} INFO - [2024-11-06T10:53:37.552-1100] {override.py:1911} INFO - Created Permission View: can read on DAG Run:example_display_name
[2024-11-06T10:53:37.553-1100] {logging_mixin.py:190} INFO - [2024-11-06T10:53:37.553-1100] {dag.py:3239} INFO - Sync 1 DAGs
[2024-11-06T10:53:37.578-1100] {logging_mixin.py:190} INFO - [2024-11-06T10:53:37.578-1100] {dag.py:3262} INFO - Creating ORM DAG for example_display_name
[2024-11-06T10:53:37.580-1100] {logging_mixin.py:190} INFO - [2024-11-06T10:53:37.580-1100] {dag.py:4180} INFO - Setting next_dagrun for example_display_name to None, run_after=None
[2024-11-06T10:53:37.610-1100] {processor.py:208} INFO - Processing /home/ouaillaamiri/Development/lsi_3/airflow/venv/lib/python3.11/site-packages/airflow/example_dags/example_display_name.py took 0.396 seconds
[2024-11-06T10:54:08.261-1100] {processor.py:186} INFO - Started process (PID=220339) to work on /home/ouaillaamiri/Development/lsi_3/airflow/venv/lib/python3.11/site-packages/airflow/example_dags/example_display_name.py
[2024-11-06T10:54:08.264-1100] {processor.py:914} INFO - Processing file /home/ouaillaamiri/Development/lsi_3/airflow/venv/lib/python3.11/site-packages/airflow/example_dags/example_display_name.py for tasks to queue
[2024-11-06T10:54:08.268-1100] {logging_mixin.py:190} INFO - [2024-11-06T10:54:08.267-1100] {dagbag.py:588} INFO - Filling up the DagBag from /home/ouaillaamiri/Development/lsi_3/airflow/venv/lib/python3.11/site-packages/airflow/example_dags/example_display_name.py
[2024-11-06T10:54:08.282-1100] {processor.py:925} INFO - DAG(s) 'example_display_name' retrieved from /home/ouaillaamiri/Development/lsi_3/airflow/venv/lib/python3.11/site-packages/airflow/example_dags/example_display_name.py
[2024-11-06T10:54:08.344-1100] {logging_mixin.py:190} INFO - [2024-11-06T10:54:08.344-1100] {dag.py:3239} INFO - Sync 1 DAGs
[2024-11-06T10:54:08.371-1100] {logging_mixin.py:190} INFO - [2024-11-06T10:54:08.370-1100] {dag.py:4180} INFO - Setting next_dagrun for example_display_name to None, run_after=None
[2024-11-06T10:54:08.414-1100] {processor.py:208} INFO - Processing /home/ouaillaamiri/Development/lsi_3/airflow/venv/lib/python3.11/site-packages/airflow/example_dags/example_display_name.py took 0.164 seconds
[2024-11-06T10:54:38.727-1100] {processor.py:186} INFO - Started process (PID=220708) to work on /home/ouaillaamiri/Development/lsi_3/airflow/venv/lib/python3.11/site-packages/airflow/example_dags/example_display_name.py
[2024-11-06T10:54:38.731-1100] {processor.py:914} INFO - Processing file /home/ouaillaamiri/Development/lsi_3/airflow/venv/lib/python3.11/site-packages/airflow/example_dags/example_display_name.py for tasks to queue
[2024-11-06T10:54:38.734-1100] {logging_mixin.py:190} INFO - [2024-11-06T10:54:38.734-1100] {dagbag.py:588} INFO - Filling up the DagBag from /home/ouaillaamiri/Development/lsi_3/airflow/venv/lib/python3.11/site-packages/airflow/example_dags/example_display_name.py
[2024-11-06T10:54:38.747-1100] {processor.py:925} INFO - DAG(s) 'example_display_name' retrieved from /home/ouaillaamiri/Development/lsi_3/airflow/venv/lib/python3.11/site-packages/airflow/example_dags/example_display_name.py
[2024-11-06T10:54:38.798-1100] {logging_mixin.py:190} INFO - [2024-11-06T10:54:38.797-1100] {dag.py:3239} INFO - Sync 1 DAGs
[2024-11-06T10:54:38.823-1100] {logging_mixin.py:190} INFO - [2024-11-06T10:54:38.822-1100] {dag.py:4180} INFO - Setting next_dagrun for example_display_name to None, run_after=None
[2024-11-06T10:54:38.858-1100] {processor.py:208} INFO - Processing /home/ouaillaamiri/Development/lsi_3/airflow/venv/lib/python3.11/site-packages/airflow/example_dags/example_display_name.py took 0.142 seconds
[2024-11-06T10:55:09.156-1100] {processor.py:186} INFO - Started process (PID=221407) to work on /home/ouaillaamiri/Development/lsi_3/airflow/venv/lib/python3.11/site-packages/airflow/example_dags/example_display_name.py
[2024-11-06T10:55:09.160-1100] {processor.py:914} INFO - Processing file /home/ouaillaamiri/Development/lsi_3/airflow/venv/lib/python3.11/site-packages/airflow/example_dags/example_display_name.py for tasks to queue
[2024-11-06T10:55:09.164-1100] {logging_mixin.py:190} INFO - [2024-11-06T10:55:09.164-1100] {dagbag.py:588} INFO - Filling up the DagBag from /home/ouaillaamiri/Development/lsi_3/airflow/venv/lib/python3.11/site-packages/airflow/example_dags/example_display_name.py
[2024-11-06T10:55:09.181-1100] {processor.py:925} INFO - DAG(s) 'example_display_name' retrieved from /home/ouaillaamiri/Development/lsi_3/airflow/venv/lib/python3.11/site-packages/airflow/example_dags/example_display_name.py
[2024-11-06T10:55:09.247-1100] {logging_mixin.py:190} INFO - [2024-11-06T10:55:09.246-1100] {dag.py:3239} INFO - Sync 1 DAGs
[2024-11-06T10:55:09.278-1100] {logging_mixin.py:190} INFO - [2024-11-06T10:55:09.277-1100] {dag.py:4180} INFO - Setting next_dagrun for example_display_name to None, run_after=None
[2024-11-06T10:55:09.322-1100] {processor.py:208} INFO - Processing /home/ouaillaamiri/Development/lsi_3/airflow/venv/lib/python3.11/site-packages/airflow/example_dags/example_display_name.py took 0.178 seconds
[2024-11-06T10:55:39.770-1100] {processor.py:186} INFO - Started process (PID=221775) to work on /home/ouaillaamiri/Development/lsi_3/airflow/venv/lib/python3.11/site-packages/airflow/example_dags/example_display_name.py
[2024-11-06T10:55:39.772-1100] {processor.py:914} INFO - Processing file /home/ouaillaamiri/Development/lsi_3/airflow/venv/lib/python3.11/site-packages/airflow/example_dags/example_display_name.py for tasks to queue
[2024-11-06T10:55:39.778-1100] {logging_mixin.py:190} INFO - [2024-11-06T10:55:39.777-1100] {dagbag.py:588} INFO - Filling up the DagBag from /home/ouaillaamiri/Development/lsi_3/airflow/venv/lib/python3.11/site-packages/airflow/example_dags/example_display_name.py
[2024-11-06T10:55:39.799-1100] {processor.py:925} INFO - DAG(s) 'example_display_name' retrieved from /home/ouaillaamiri/Development/lsi_3/airflow/venv/lib/python3.11/site-packages/airflow/example_dags/example_display_name.py
[2024-11-06T10:55:39.871-1100] {logging_mixin.py:190} INFO - [2024-11-06T10:55:39.871-1100] {dag.py:3239} INFO - Sync 1 DAGs
[2024-11-06T10:55:39.898-1100] {logging_mixin.py:190} INFO - [2024-11-06T10:55:39.898-1100] {dag.py:4180} INFO - Setting next_dagrun for example_display_name to None, run_after=None
[2024-11-06T10:55:39.937-1100] {processor.py:208} INFO - Processing /home/ouaillaamiri/Development/lsi_3/airflow/venv/lib/python3.11/site-packages/airflow/example_dags/example_display_name.py took 0.182 seconds
[2024-11-06T10:56:10.379-1100] {processor.py:186} INFO - Started process (PID=222158) to work on /home/ouaillaamiri/Development/lsi_3/airflow/venv/lib/python3.11/site-packages/airflow/example_dags/example_display_name.py
[2024-11-06T10:56:10.383-1100] {processor.py:914} INFO - Processing file /home/ouaillaamiri/Development/lsi_3/airflow/venv/lib/python3.11/site-packages/airflow/example_dags/example_display_name.py for tasks to queue
[2024-11-06T10:56:10.388-1100] {logging_mixin.py:190} INFO - [2024-11-06T10:56:10.388-1100] {dagbag.py:588} INFO - Filling up the DagBag from /home/ouaillaamiri/Development/lsi_3/airflow/venv/lib/python3.11/site-packages/airflow/example_dags/example_display_name.py
[2024-11-06T10:56:10.404-1100] {processor.py:925} INFO - DAG(s) 'example_display_name' retrieved from /home/ouaillaamiri/Development/lsi_3/airflow/venv/lib/python3.11/site-packages/airflow/example_dags/example_display_name.py
[2024-11-06T10:56:10.463-1100] {logging_mixin.py:190} INFO - [2024-11-06T10:56:10.462-1100] {dag.py:3239} INFO - Sync 1 DAGs
[2024-11-06T10:56:10.494-1100] {logging_mixin.py:190} INFO - [2024-11-06T10:56:10.493-1100] {dag.py:4180} INFO - Setting next_dagrun for example_display_name to None, run_after=None
[2024-11-06T10:56:10.532-1100] {processor.py:208} INFO - Processing /home/ouaillaamiri/Development/lsi_3/airflow/venv/lib/python3.11/site-packages/airflow/example_dags/example_display_name.py took 0.164 seconds
[2024-11-06T10:56:47.461-1100] {processor.py:186} INFO - Started process (PID=223351) to work on /home/ouaillaamiri/Development/lsi_3/airflow/venv/lib/python3.11/site-packages/airflow/example_dags/example_display_name.py
[2024-11-06T10:56:47.463-1100] {processor.py:914} INFO - Processing file /home/ouaillaamiri/Development/lsi_3/airflow/venv/lib/python3.11/site-packages/airflow/example_dags/example_display_name.py for tasks to queue
[2024-11-06T10:56:47.467-1100] {logging_mixin.py:190} INFO - [2024-11-06T10:56:47.466-1100] {dagbag.py:588} INFO - Filling up the DagBag from /home/ouaillaamiri/Development/lsi_3/airflow/venv/lib/python3.11/site-packages/airflow/example_dags/example_display_name.py
[2024-11-06T10:56:47.498-1100] {processor.py:925} INFO - DAG(s) 'example_display_name' retrieved from /home/ouaillaamiri/Development/lsi_3/airflow/venv/lib/python3.11/site-packages/airflow/example_dags/example_display_name.py
[2024-11-06T10:56:47.556-1100] {logging_mixin.py:190} INFO - [2024-11-06T10:56:47.556-1100] {dag.py:3239} INFO - Sync 1 DAGs
[2024-11-06T10:56:47.584-1100] {logging_mixin.py:190} INFO - [2024-11-06T10:56:47.583-1100] {dag.py:4180} INFO - Setting next_dagrun for example_display_name to None, run_after=None
[2024-11-06T10:56:47.619-1100] {processor.py:208} INFO - Processing /home/ouaillaamiri/Development/lsi_3/airflow/venv/lib/python3.11/site-packages/airflow/example_dags/example_display_name.py took 0.170 seconds
[2024-11-06T10:57:18.104-1100] {processor.py:186} INFO - Started process (PID=224455) to work on /home/ouaillaamiri/Development/lsi_3/airflow/venv/lib/python3.11/site-packages/airflow/example_dags/example_display_name.py
[2024-11-06T10:57:18.106-1100] {processor.py:914} INFO - Processing file /home/ouaillaamiri/Development/lsi_3/airflow/venv/lib/python3.11/site-packages/airflow/example_dags/example_display_name.py for tasks to queue
[2024-11-06T10:57:18.110-1100] {logging_mixin.py:190} INFO - [2024-11-06T10:57:18.109-1100] {dagbag.py:588} INFO - Filling up the DagBag from /home/ouaillaamiri/Development/lsi_3/airflow/venv/lib/python3.11/site-packages/airflow/example_dags/example_display_name.py
[2024-11-06T10:57:18.126-1100] {processor.py:925} INFO - DAG(s) 'example_display_name' retrieved from /home/ouaillaamiri/Development/lsi_3/airflow/venv/lib/python3.11/site-packages/airflow/example_dags/example_display_name.py
[2024-11-06T10:57:18.190-1100] {logging_mixin.py:190} INFO - [2024-11-06T10:57:18.190-1100] {dag.py:3239} INFO - Sync 1 DAGs
[2024-11-06T10:57:18.215-1100] {logging_mixin.py:190} INFO - [2024-11-06T10:57:18.214-1100] {dag.py:4180} INFO - Setting next_dagrun for example_display_name to None, run_after=None
[2024-11-06T10:57:18.260-1100] {processor.py:208} INFO - Processing /home/ouaillaamiri/Development/lsi_3/airflow/venv/lib/python3.11/site-packages/airflow/example_dags/example_display_name.py took 0.166 seconds
[2024-11-06T10:57:48.685-1100] {processor.py:186} INFO - Started process (PID=225247) to work on /home/ouaillaamiri/Development/lsi_3/airflow/venv/lib/python3.11/site-packages/airflow/example_dags/example_display_name.py
[2024-11-06T10:57:48.687-1100] {processor.py:914} INFO - Processing file /home/ouaillaamiri/Development/lsi_3/airflow/venv/lib/python3.11/site-packages/airflow/example_dags/example_display_name.py for tasks to queue
[2024-11-06T10:57:48.691-1100] {logging_mixin.py:190} INFO - [2024-11-06T10:57:48.690-1100] {dagbag.py:588} INFO - Filling up the DagBag from /home/ouaillaamiri/Development/lsi_3/airflow/venv/lib/python3.11/site-packages/airflow/example_dags/example_display_name.py
[2024-11-06T10:57:48.706-1100] {processor.py:925} INFO - DAG(s) 'example_display_name' retrieved from /home/ouaillaamiri/Development/lsi_3/airflow/venv/lib/python3.11/site-packages/airflow/example_dags/example_display_name.py
[2024-11-06T10:57:48.763-1100] {logging_mixin.py:190} INFO - [2024-11-06T10:57:48.762-1100] {dag.py:3239} INFO - Sync 1 DAGs
[2024-11-06T10:57:48.789-1100] {logging_mixin.py:190} INFO - [2024-11-06T10:57:48.789-1100] {dag.py:4180} INFO - Setting next_dagrun for example_display_name to None, run_after=None
[2024-11-06T10:57:48.827-1100] {processor.py:208} INFO - Processing /home/ouaillaamiri/Development/lsi_3/airflow/venv/lib/python3.11/site-packages/airflow/example_dags/example_display_name.py took 0.153 seconds
[2024-11-06T10:58:20.016-1100] {processor.py:186} INFO - Started process (PID=225796) to work on /home/ouaillaamiri/Development/lsi_3/airflow/venv/lib/python3.11/site-packages/airflow/example_dags/example_display_name.py
[2024-11-06T10:58:20.018-1100] {processor.py:914} INFO - Processing file /home/ouaillaamiri/Development/lsi_3/airflow/venv/lib/python3.11/site-packages/airflow/example_dags/example_display_name.py for tasks to queue
[2024-11-06T10:58:20.022-1100] {logging_mixin.py:190} INFO - [2024-11-06T10:58:20.021-1100] {dagbag.py:588} INFO - Filling up the DagBag from /home/ouaillaamiri/Development/lsi_3/airflow/venv/lib/python3.11/site-packages/airflow/example_dags/example_display_name.py
[2024-11-06T10:58:20.039-1100] {processor.py:925} INFO - DAG(s) 'example_display_name' retrieved from /home/ouaillaamiri/Development/lsi_3/airflow/venv/lib/python3.11/site-packages/airflow/example_dags/example_display_name.py
[2024-11-06T10:58:20.100-1100] {logging_mixin.py:190} INFO - [2024-11-06T10:58:20.099-1100] {dag.py:3239} INFO - Sync 1 DAGs
[2024-11-06T10:58:20.131-1100] {logging_mixin.py:190} INFO - [2024-11-06T10:58:20.131-1100] {dag.py:4180} INFO - Setting next_dagrun for example_display_name to None, run_after=None
[2024-11-06T10:58:20.183-1100] {processor.py:208} INFO - Processing /home/ouaillaamiri/Development/lsi_3/airflow/venv/lib/python3.11/site-packages/airflow/example_dags/example_display_name.py took 0.180 seconds
[2024-11-06T10:58:50.314-1100] {processor.py:186} INFO - Started process (PID=226527) to work on /home/ouaillaamiri/Development/lsi_3/airflow/venv/lib/python3.11/site-packages/airflow/example_dags/example_display_name.py
[2024-11-06T10:58:50.315-1100] {processor.py:914} INFO - Processing file /home/ouaillaamiri/Development/lsi_3/airflow/venv/lib/python3.11/site-packages/airflow/example_dags/example_display_name.py for tasks to queue
[2024-11-06T10:58:50.320-1100] {logging_mixin.py:190} INFO - [2024-11-06T10:58:50.319-1100] {dagbag.py:588} INFO - Filling up the DagBag from /home/ouaillaamiri/Development/lsi_3/airflow/venv/lib/python3.11/site-packages/airflow/example_dags/example_display_name.py
[2024-11-06T10:58:50.335-1100] {processor.py:925} INFO - DAG(s) 'example_display_name' retrieved from /home/ouaillaamiri/Development/lsi_3/airflow/venv/lib/python3.11/site-packages/airflow/example_dags/example_display_name.py
[2024-11-06T10:58:50.389-1100] {logging_mixin.py:190} INFO - [2024-11-06T10:58:50.389-1100] {dag.py:3239} INFO - Sync 1 DAGs
[2024-11-06T10:58:50.414-1100] {logging_mixin.py:190} INFO - [2024-11-06T10:58:50.414-1100] {dag.py:4180} INFO - Setting next_dagrun for example_display_name to None, run_after=None
[2024-11-06T10:58:50.453-1100] {processor.py:208} INFO - Processing /home/ouaillaamiri/Development/lsi_3/airflow/venv/lib/python3.11/site-packages/airflow/example_dags/example_display_name.py took 0.152 seconds
[2024-11-06T10:59:21.109-1100] {processor.py:186} INFO - Started process (PID=227217) to work on /home/ouaillaamiri/Development/lsi_3/airflow/venv/lib/python3.11/site-packages/airflow/example_dags/example_display_name.py
[2024-11-06T10:59:21.111-1100] {processor.py:914} INFO - Processing file /home/ouaillaamiri/Development/lsi_3/airflow/venv/lib/python3.11/site-packages/airflow/example_dags/example_display_name.py for tasks to queue
[2024-11-06T10:59:21.115-1100] {logging_mixin.py:190} INFO - [2024-11-06T10:59:21.114-1100] {dagbag.py:588} INFO - Filling up the DagBag from /home/ouaillaamiri/Development/lsi_3/airflow/venv/lib/python3.11/site-packages/airflow/example_dags/example_display_name.py
[2024-11-06T10:59:21.130-1100] {processor.py:925} INFO - DAG(s) 'example_display_name' retrieved from /home/ouaillaamiri/Development/lsi_3/airflow/venv/lib/python3.11/site-packages/airflow/example_dags/example_display_name.py
[2024-11-06T10:59:21.178-1100] {logging_mixin.py:190} INFO - [2024-11-06T10:59:21.177-1100] {dag.py:3239} INFO - Sync 1 DAGs
[2024-11-06T10:59:21.201-1100] {logging_mixin.py:190} INFO - [2024-11-06T10:59:21.201-1100] {dag.py:4180} INFO - Setting next_dagrun for example_display_name to None, run_after=None
[2024-11-06T10:59:21.241-1100] {processor.py:208} INFO - Processing /home/ouaillaamiri/Development/lsi_3/airflow/venv/lib/python3.11/site-packages/airflow/example_dags/example_display_name.py took 0.145 seconds
[2024-11-06T10:59:52.584-1100] {processor.py:186} INFO - Started process (PID=227618) to work on /home/ouaillaamiri/Development/lsi_3/airflow/venv/lib/python3.11/site-packages/airflow/example_dags/example_display_name.py
[2024-11-06T10:59:52.586-1100] {processor.py:914} INFO - Processing file /home/ouaillaamiri/Development/lsi_3/airflow/venv/lib/python3.11/site-packages/airflow/example_dags/example_display_name.py for tasks to queue
[2024-11-06T10:59:52.590-1100] {logging_mixin.py:190} INFO - [2024-11-06T10:59:52.589-1100] {dagbag.py:588} INFO - Filling up the DagBag from /home/ouaillaamiri/Development/lsi_3/airflow/venv/lib/python3.11/site-packages/airflow/example_dags/example_display_name.py
[2024-11-06T10:59:52.606-1100] {processor.py:925} INFO - DAG(s) 'example_display_name' retrieved from /home/ouaillaamiri/Development/lsi_3/airflow/venv/lib/python3.11/site-packages/airflow/example_dags/example_display_name.py
[2024-11-06T10:59:52.669-1100] {logging_mixin.py:190} INFO - [2024-11-06T10:59:52.668-1100] {dag.py:3239} INFO - Sync 1 DAGs
[2024-11-06T10:59:52.694-1100] {logging_mixin.py:190} INFO - [2024-11-06T10:59:52.694-1100] {dag.py:4180} INFO - Setting next_dagrun for example_display_name to None, run_after=None
[2024-11-06T10:59:52.733-1100] {processor.py:208} INFO - Processing /home/ouaillaamiri/Development/lsi_3/airflow/venv/lib/python3.11/site-packages/airflow/example_dags/example_display_name.py took 0.160 seconds
[2024-11-06T11:00:58.961-1100] {processor.py:186} INFO - Started process (PID=228856) to work on /home/ouaillaamiri/Development/lsi_3/airflow/venv/lib/python3.11/site-packages/airflow/example_dags/example_display_name.py
[2024-11-06T11:00:58.963-1100] {processor.py:914} INFO - Processing file /home/ouaillaamiri/Development/lsi_3/airflow/venv/lib/python3.11/site-packages/airflow/example_dags/example_display_name.py for tasks to queue
[2024-11-06T11:00:58.967-1100] {logging_mixin.py:190} INFO - [2024-11-06T11:00:58.966-1100] {dagbag.py:588} INFO - Filling up the DagBag from /home/ouaillaamiri/Development/lsi_3/airflow/venv/lib/python3.11/site-packages/airflow/example_dags/example_display_name.py
[2024-11-06T11:00:58.983-1100] {processor.py:925} INFO - DAG(s) 'example_display_name' retrieved from /home/ouaillaamiri/Development/lsi_3/airflow/venv/lib/python3.11/site-packages/airflow/example_dags/example_display_name.py
[2024-11-06T11:00:59.052-1100] {logging_mixin.py:190} INFO - [2024-11-06T11:00:59.051-1100] {dag.py:3239} INFO - Sync 1 DAGs
[2024-11-06T11:00:59.087-1100] {logging_mixin.py:190} INFO - [2024-11-06T11:00:59.086-1100] {dag.py:4180} INFO - Setting next_dagrun for example_display_name to None, run_after=None
[2024-11-06T11:00:59.128-1100] {processor.py:208} INFO - Processing /home/ouaillaamiri/Development/lsi_3/airflow/venv/lib/python3.11/site-packages/airflow/example_dags/example_display_name.py took 0.181 seconds
[2024-11-06T11:01:29.910-1100] {processor.py:186} INFO - Started process (PID=229398) to work on /home/ouaillaamiri/Development/lsi_3/airflow/venv/lib/python3.11/site-packages/airflow/example_dags/example_display_name.py
[2024-11-06T11:01:29.912-1100] {processor.py:914} INFO - Processing file /home/ouaillaamiri/Development/lsi_3/airflow/venv/lib/python3.11/site-packages/airflow/example_dags/example_display_name.py for tasks to queue
[2024-11-06T11:01:29.916-1100] {logging_mixin.py:190} INFO - [2024-11-06T11:01:29.915-1100] {dagbag.py:588} INFO - Filling up the DagBag from /home/ouaillaamiri/Development/lsi_3/airflow/venv/lib/python3.11/site-packages/airflow/example_dags/example_display_name.py
[2024-11-06T11:01:29.930-1100] {processor.py:925} INFO - DAG(s) 'example_display_name' retrieved from /home/ouaillaamiri/Development/lsi_3/airflow/venv/lib/python3.11/site-packages/airflow/example_dags/example_display_name.py
[2024-11-06T11:01:29.990-1100] {logging_mixin.py:190} INFO - [2024-11-06T11:01:29.989-1100] {dag.py:3239} INFO - Sync 1 DAGs
[2024-11-06T11:01:30.025-1100] {logging_mixin.py:190} INFO - [2024-11-06T11:01:30.025-1100] {dag.py:4180} INFO - Setting next_dagrun for example_display_name to None, run_after=None
[2024-11-06T11:01:30.062-1100] {processor.py:208} INFO - Processing /home/ouaillaamiri/Development/lsi_3/airflow/venv/lib/python3.11/site-packages/airflow/example_dags/example_display_name.py took 0.164 seconds
[2024-11-06T11:02:00.343-1100] {processor.py:186} INFO - Started process (PID=229772) to work on /home/ouaillaamiri/Development/lsi_3/airflow/venv/lib/python3.11/site-packages/airflow/example_dags/example_display_name.py
[2024-11-06T11:02:00.345-1100] {processor.py:914} INFO - Processing file /home/ouaillaamiri/Development/lsi_3/airflow/venv/lib/python3.11/site-packages/airflow/example_dags/example_display_name.py for tasks to queue
[2024-11-06T11:02:00.350-1100] {logging_mixin.py:190} INFO - [2024-11-06T11:02:00.349-1100] {dagbag.py:588} INFO - Filling up the DagBag from /home/ouaillaamiri/Development/lsi_3/airflow/venv/lib/python3.11/site-packages/airflow/example_dags/example_display_name.py
[2024-11-06T11:02:00.367-1100] {processor.py:925} INFO - DAG(s) 'example_display_name' retrieved from /home/ouaillaamiri/Development/lsi_3/airflow/venv/lib/python3.11/site-packages/airflow/example_dags/example_display_name.py
[2024-11-06T11:02:00.444-1100] {logging_mixin.py:190} INFO - [2024-11-06T11:02:00.443-1100] {dag.py:3239} INFO - Sync 1 DAGs
[2024-11-06T11:02:00.483-1100] {logging_mixin.py:190} INFO - [2024-11-06T11:02:00.482-1100] {dag.py:4180} INFO - Setting next_dagrun for example_display_name to None, run_after=None
[2024-11-06T11:02:00.528-1100] {processor.py:208} INFO - Processing /home/ouaillaamiri/Development/lsi_3/airflow/venv/lib/python3.11/site-packages/airflow/example_dags/example_display_name.py took 0.198 seconds
[2024-11-06T11:02:30.669-1100] {processor.py:186} INFO - Started process (PID=230415) to work on /home/ouaillaamiri/Development/lsi_3/airflow/venv/lib/python3.11/site-packages/airflow/example_dags/example_display_name.py
[2024-11-06T11:02:30.671-1100] {processor.py:914} INFO - Processing file /home/ouaillaamiri/Development/lsi_3/airflow/venv/lib/python3.11/site-packages/airflow/example_dags/example_display_name.py for tasks to queue
[2024-11-06T11:02:30.675-1100] {logging_mixin.py:190} INFO - [2024-11-06T11:02:30.674-1100] {dagbag.py:588} INFO - Filling up the DagBag from /home/ouaillaamiri/Development/lsi_3/airflow/venv/lib/python3.11/site-packages/airflow/example_dags/example_display_name.py
[2024-11-06T11:02:30.688-1100] {processor.py:925} INFO - DAG(s) 'example_display_name' retrieved from /home/ouaillaamiri/Development/lsi_3/airflow/venv/lib/python3.11/site-packages/airflow/example_dags/example_display_name.py
[2024-11-06T11:02:30.743-1100] {logging_mixin.py:190} INFO - [2024-11-06T11:02:30.743-1100] {dag.py:3239} INFO - Sync 1 DAGs
[2024-11-06T11:02:30.770-1100] {logging_mixin.py:190} INFO - [2024-11-06T11:02:30.770-1100] {dag.py:4180} INFO - Setting next_dagrun for example_display_name to None, run_after=None
[2024-11-06T11:02:30.807-1100] {processor.py:208} INFO - Processing /home/ouaillaamiri/Development/lsi_3/airflow/venv/lib/python3.11/site-packages/airflow/example_dags/example_display_name.py took 0.149 seconds
[2024-11-06T11:03:01.720-1100] {processor.py:186} INFO - Started process (PID=231349) to work on /home/ouaillaamiri/Development/lsi_3/airflow/venv/lib/python3.11/site-packages/airflow/example_dags/example_display_name.py
[2024-11-06T11:03:01.724-1100] {processor.py:914} INFO - Processing file /home/ouaillaamiri/Development/lsi_3/airflow/venv/lib/python3.11/site-packages/airflow/example_dags/example_display_name.py for tasks to queue
[2024-11-06T11:03:01.728-1100] {logging_mixin.py:190} INFO - [2024-11-06T11:03:01.727-1100] {dagbag.py:588} INFO - Filling up the DagBag from /home/ouaillaamiri/Development/lsi_3/airflow/venv/lib/python3.11/site-packages/airflow/example_dags/example_display_name.py
[2024-11-06T11:03:01.746-1100] {processor.py:925} INFO - DAG(s) 'example_display_name' retrieved from /home/ouaillaamiri/Development/lsi_3/airflow/venv/lib/python3.11/site-packages/airflow/example_dags/example_display_name.py
[2024-11-06T11:03:01.808-1100] {logging_mixin.py:190} INFO - [2024-11-06T11:03:01.808-1100] {dag.py:3239} INFO - Sync 1 DAGs
[2024-11-06T11:03:01.838-1100] {logging_mixin.py:190} INFO - [2024-11-06T11:03:01.838-1100] {dag.py:4180} INFO - Setting next_dagrun for example_display_name to None, run_after=None
[2024-11-06T11:03:01.884-1100] {processor.py:208} INFO - Processing /home/ouaillaamiri/Development/lsi_3/airflow/venv/lib/python3.11/site-packages/airflow/example_dags/example_display_name.py took 0.177 seconds
[2024-11-06T11:03:33.494-1100] {processor.py:186} INFO - Started process (PID=231864) to work on /home/ouaillaamiri/Development/lsi_3/airflow/venv/lib/python3.11/site-packages/airflow/example_dags/example_display_name.py
[2024-11-06T11:03:33.497-1100] {processor.py:914} INFO - Processing file /home/ouaillaamiri/Development/lsi_3/airflow/venv/lib/python3.11/site-packages/airflow/example_dags/example_display_name.py for tasks to queue
[2024-11-06T11:03:33.502-1100] {logging_mixin.py:190} INFO - [2024-11-06T11:03:33.501-1100] {dagbag.py:588} INFO - Filling up the DagBag from /home/ouaillaamiri/Development/lsi_3/airflow/venv/lib/python3.11/site-packages/airflow/example_dags/example_display_name.py
[2024-11-06T11:03:33.524-1100] {processor.py:925} INFO - DAG(s) 'example_display_name' retrieved from /home/ouaillaamiri/Development/lsi_3/airflow/venv/lib/python3.11/site-packages/airflow/example_dags/example_display_name.py
[2024-11-06T11:03:33.598-1100] {logging_mixin.py:190} INFO - [2024-11-06T11:03:33.597-1100] {dag.py:3239} INFO - Sync 1 DAGs
[2024-11-06T11:03:33.646-1100] {logging_mixin.py:190} INFO - [2024-11-06T11:03:33.645-1100] {dag.py:4180} INFO - Setting next_dagrun for example_display_name to None, run_after=None
[2024-11-06T11:03:33.704-1100] {processor.py:208} INFO - Processing /home/ouaillaamiri/Development/lsi_3/airflow/venv/lib/python3.11/site-packages/airflow/example_dags/example_display_name.py took 0.223 seconds
[2024-11-06T11:04:04.270-1100] {processor.py:186} INFO - Started process (PID=232390) to work on /home/ouaillaamiri/Development/lsi_3/airflow/venv/lib/python3.11/site-packages/airflow/example_dags/example_display_name.py
[2024-11-06T11:04:04.273-1100] {processor.py:914} INFO - Processing file /home/ouaillaamiri/Development/lsi_3/airflow/venv/lib/python3.11/site-packages/airflow/example_dags/example_display_name.py for tasks to queue
[2024-11-06T11:04:04.276-1100] {logging_mixin.py:190} INFO - [2024-11-06T11:04:04.276-1100] {dagbag.py:588} INFO - Filling up the DagBag from /home/ouaillaamiri/Development/lsi_3/airflow/venv/lib/python3.11/site-packages/airflow/example_dags/example_display_name.py
[2024-11-06T11:04:04.289-1100] {processor.py:925} INFO - DAG(s) 'example_display_name' retrieved from /home/ouaillaamiri/Development/lsi_3/airflow/venv/lib/python3.11/site-packages/airflow/example_dags/example_display_name.py
[2024-11-06T11:04:04.347-1100] {logging_mixin.py:190} INFO - [2024-11-06T11:04:04.346-1100] {dag.py:3239} INFO - Sync 1 DAGs
[2024-11-06T11:04:04.372-1100] {logging_mixin.py:190} INFO - [2024-11-06T11:04:04.372-1100] {dag.py:4180} INFO - Setting next_dagrun for example_display_name to None, run_after=None
[2024-11-06T11:04:04.405-1100] {processor.py:208} INFO - Processing /home/ouaillaamiri/Development/lsi_3/airflow/venv/lib/python3.11/site-packages/airflow/example_dags/example_display_name.py took 0.145 seconds
[2024-11-06T11:04:34.652-1100] {processor.py:186} INFO - Started process (PID=232767) to work on /home/ouaillaamiri/Development/lsi_3/airflow/venv/lib/python3.11/site-packages/airflow/example_dags/example_display_name.py
[2024-11-06T11:04:34.654-1100] {processor.py:914} INFO - Processing file /home/ouaillaamiri/Development/lsi_3/airflow/venv/lib/python3.11/site-packages/airflow/example_dags/example_display_name.py for tasks to queue
[2024-11-06T11:04:34.658-1100] {logging_mixin.py:190} INFO - [2024-11-06T11:04:34.657-1100] {dagbag.py:588} INFO - Filling up the DagBag from /home/ouaillaamiri/Development/lsi_3/airflow/venv/lib/python3.11/site-packages/airflow/example_dags/example_display_name.py
[2024-11-06T11:04:34.672-1100] {processor.py:925} INFO - DAG(s) 'example_display_name' retrieved from /home/ouaillaamiri/Development/lsi_3/airflow/venv/lib/python3.11/site-packages/airflow/example_dags/example_display_name.py
[2024-11-06T11:04:34.732-1100] {logging_mixin.py:190} INFO - [2024-11-06T11:04:34.732-1100] {dag.py:3239} INFO - Sync 1 DAGs
[2024-11-06T11:04:34.762-1100] {logging_mixin.py:190} INFO - [2024-11-06T11:04:34.761-1100] {dag.py:4180} INFO - Setting next_dagrun for example_display_name to None, run_after=None
[2024-11-06T11:04:34.803-1100] {processor.py:208} INFO - Processing /home/ouaillaamiri/Development/lsi_3/airflow/venv/lib/python3.11/site-packages/airflow/example_dags/example_display_name.py took 0.162 seconds
