[2024-11-06T10:53:34.132-1100] {processor.py:186} INFO - Started process (PID=219457) to work on /home/ouaillaamiri/Development/lsi_3/airflow/venv/lib/python3.11/site-packages/airflow/example_dags/example_skip_dag.py
[2024-11-06T10:53:34.133-1100] {processor.py:914} INFO - Processing file /home/ouaillaamiri/Development/lsi_3/airflow/venv/lib/python3.11/site-packages/airflow/example_dags/example_skip_dag.py for tasks to queue
[2024-11-06T10:53:34.138-1100] {logging_mixin.py:190} INFO - [2024-11-06T10:53:34.138-1100] {dagbag.py:588} INFO - Filling up the DagBag from /home/ouaillaamiri/Development/lsi_3/airflow/venv/lib/python3.11/site-packages/airflow/example_dags/example_skip_dag.py
[2024-11-06T10:53:34.156-1100] {processor.py:925} INFO - DAG(s) 'example_skip_dag' retrieved from /home/ouaillaamiri/Development/lsi_3/airflow/venv/lib/python3.11/site-packages/airflow/example_dags/example_skip_dag.py
[2024-11-06T10:53:34.367-1100] {logging_mixin.py:190} INFO - [2024-11-06T10:53:34.366-1100] {override.py:1911} INFO - Created Permission View: can edit on DAG:example_skip_dag
[2024-11-06T10:53:34.390-1100] {logging_mixin.py:190} INFO - [2024-11-06T10:53:34.389-1100] {override.py:1911} INFO - Created Permission View: can delete on DAG:example_skip_dag
[2024-11-06T10:53:34.404-1100] {logging_mixin.py:190} INFO - [2024-11-06T10:53:34.403-1100] {override.py:1911} INFO - Created Permission View: can read on DAG:example_skip_dag
[2024-11-06T10:53:34.416-1100] {logging_mixin.py:190} INFO - [2024-11-06T10:53:34.416-1100] {override.py:1911} INFO - Created Permission View: can delete on DAG Run:example_skip_dag
[2024-11-06T10:53:34.430-1100] {logging_mixin.py:190} INFO - [2024-11-06T10:53:34.430-1100] {override.py:1911} INFO - Created Permission View: can create on DAG Run:example_skip_dag
[2024-11-06T10:53:34.444-1100] {logging_mixin.py:190} INFO - [2024-11-06T10:53:34.443-1100] {override.py:1911} INFO - Created Permission View: menu access on DAG Run:example_skip_dag
[2024-11-06T10:53:34.456-1100] {logging_mixin.py:190} INFO - [2024-11-06T10:53:34.455-1100] {override.py:1911} INFO - Created Permission View: can read on DAG Run:example_skip_dag
[2024-11-06T10:53:34.456-1100] {logging_mixin.py:190} INFO - [2024-11-06T10:53:34.456-1100] {dag.py:3239} INFO - Sync 1 DAGs
[2024-11-06T10:53:34.482-1100] {logging_mixin.py:190} INFO - [2024-11-06T10:53:34.482-1100] {dag.py:3262} INFO - Creating ORM DAG for example_skip_dag
[2024-11-06T10:53:34.502-1100] {logging_mixin.py:190} INFO - [2024-11-06T10:53:34.502-1100] {dag.py:4180} INFO - Setting next_dagrun for example_skip_dag to 2024-11-05 00:00:00+00:00, run_after=2024-11-06 00:00:00+00:00
[2024-11-06T10:53:34.535-1100] {processor.py:208} INFO - Processing /home/ouaillaamiri/Development/lsi_3/airflow/venv/lib/python3.11/site-packages/airflow/example_dags/example_skip_dag.py took 0.419 seconds
[2024-11-06T10:54:04.917-1100] {processor.py:186} INFO - Started process (PID=220267) to work on /home/ouaillaamiri/Development/lsi_3/airflow/venv/lib/python3.11/site-packages/airflow/example_dags/example_skip_dag.py
[2024-11-06T10:54:04.919-1100] {processor.py:914} INFO - Processing file /home/ouaillaamiri/Development/lsi_3/airflow/venv/lib/python3.11/site-packages/airflow/example_dags/example_skip_dag.py for tasks to queue
[2024-11-06T10:54:04.924-1100] {logging_mixin.py:190} INFO - [2024-11-06T10:54:04.923-1100] {dagbag.py:588} INFO - Filling up the DagBag from /home/ouaillaamiri/Development/lsi_3/airflow/venv/lib/python3.11/site-packages/airflow/example_dags/example_skip_dag.py
[2024-11-06T10:54:04.941-1100] {processor.py:925} INFO - DAG(s) 'example_skip_dag' retrieved from /home/ouaillaamiri/Development/lsi_3/airflow/venv/lib/python3.11/site-packages/airflow/example_dags/example_skip_dag.py
[2024-11-06T10:54:05.005-1100] {logging_mixin.py:190} INFO - [2024-11-06T10:54:05.004-1100] {dag.py:3239} INFO - Sync 1 DAGs
[2024-11-06T10:54:05.055-1100] {logging_mixin.py:190} INFO - [2024-11-06T10:54:05.055-1100] {dag.py:4180} INFO - Setting next_dagrun for example_skip_dag to 2024-11-05 00:00:00+00:00, run_after=2024-11-06 00:00:00+00:00
[2024-11-06T10:54:05.098-1100] {processor.py:208} INFO - Processing /home/ouaillaamiri/Development/lsi_3/airflow/venv/lib/python3.11/site-packages/airflow/example_dags/example_skip_dag.py took 0.194 seconds
[2024-11-06T10:54:35.379-1100] {processor.py:186} INFO - Started process (PID=220646) to work on /home/ouaillaamiri/Development/lsi_3/airflow/venv/lib/python3.11/site-packages/airflow/example_dags/example_skip_dag.py
[2024-11-06T10:54:35.381-1100] {processor.py:914} INFO - Processing file /home/ouaillaamiri/Development/lsi_3/airflow/venv/lib/python3.11/site-packages/airflow/example_dags/example_skip_dag.py for tasks to queue
[2024-11-06T10:54:35.385-1100] {logging_mixin.py:190} INFO - [2024-11-06T10:54:35.384-1100] {dagbag.py:588} INFO - Filling up the DagBag from /home/ouaillaamiri/Development/lsi_3/airflow/venv/lib/python3.11/site-packages/airflow/example_dags/example_skip_dag.py
[2024-11-06T10:54:35.401-1100] {processor.py:925} INFO - DAG(s) 'example_skip_dag' retrieved from /home/ouaillaamiri/Development/lsi_3/airflow/venv/lib/python3.11/site-packages/airflow/example_dags/example_skip_dag.py
[2024-11-06T10:54:35.472-1100] {logging_mixin.py:190} INFO - [2024-11-06T10:54:35.471-1100] {dag.py:3239} INFO - Sync 1 DAGs
[2024-11-06T10:54:35.519-1100] {logging_mixin.py:190} INFO - [2024-11-06T10:54:35.518-1100] {dag.py:4180} INFO - Setting next_dagrun for example_skip_dag to 2024-11-05 00:00:00+00:00, run_after=2024-11-06 00:00:00+00:00
[2024-11-06T10:54:35.556-1100] {processor.py:208} INFO - Processing /home/ouaillaamiri/Development/lsi_3/airflow/venv/lib/python3.11/site-packages/airflow/example_dags/example_skip_dag.py took 0.189 seconds
[2024-11-06T10:55:06.432-1100] {processor.py:186} INFO - Started process (PID=221186) to work on /home/ouaillaamiri/Development/lsi_3/airflow/venv/lib/python3.11/site-packages/airflow/example_dags/example_skip_dag.py
[2024-11-06T10:55:06.434-1100] {processor.py:914} INFO - Processing file /home/ouaillaamiri/Development/lsi_3/airflow/venv/lib/python3.11/site-packages/airflow/example_dags/example_skip_dag.py for tasks to queue
[2024-11-06T10:55:06.438-1100] {logging_mixin.py:190} INFO - [2024-11-06T10:55:06.437-1100] {dagbag.py:588} INFO - Filling up the DagBag from /home/ouaillaamiri/Development/lsi_3/airflow/venv/lib/python3.11/site-packages/airflow/example_dags/example_skip_dag.py
[2024-11-06T10:55:06.459-1100] {processor.py:925} INFO - DAG(s) 'example_skip_dag' retrieved from /home/ouaillaamiri/Development/lsi_3/airflow/venv/lib/python3.11/site-packages/airflow/example_dags/example_skip_dag.py
[2024-11-06T10:55:06.539-1100] {logging_mixin.py:190} INFO - [2024-11-06T10:55:06.538-1100] {dag.py:3239} INFO - Sync 1 DAGs
[2024-11-06T10:55:06.595-1100] {logging_mixin.py:190} INFO - [2024-11-06T10:55:06.595-1100] {dag.py:4180} INFO - Setting next_dagrun for example_skip_dag to 2024-11-05 00:00:00+00:00, run_after=2024-11-06 00:00:00+00:00
[2024-11-06T10:55:06.632-1100] {processor.py:208} INFO - Processing /home/ouaillaamiri/Development/lsi_3/airflow/venv/lib/python3.11/site-packages/airflow/example_dags/example_skip_dag.py took 0.215 seconds
[2024-11-06T10:55:36.932-1100] {processor.py:186} INFO - Started process (PID=221712) to work on /home/ouaillaamiri/Development/lsi_3/airflow/venv/lib/python3.11/site-packages/airflow/example_dags/example_skip_dag.py
[2024-11-06T10:55:36.934-1100] {processor.py:914} INFO - Processing file /home/ouaillaamiri/Development/lsi_3/airflow/venv/lib/python3.11/site-packages/airflow/example_dags/example_skip_dag.py for tasks to queue
[2024-11-06T10:55:36.938-1100] {logging_mixin.py:190} INFO - [2024-11-06T10:55:36.937-1100] {dagbag.py:588} INFO - Filling up the DagBag from /home/ouaillaamiri/Development/lsi_3/airflow/venv/lib/python3.11/site-packages/airflow/example_dags/example_skip_dag.py
[2024-11-06T10:55:36.955-1100] {processor.py:925} INFO - DAG(s) 'example_skip_dag' retrieved from /home/ouaillaamiri/Development/lsi_3/airflow/venv/lib/python3.11/site-packages/airflow/example_dags/example_skip_dag.py
[2024-11-06T10:55:37.021-1100] {logging_mixin.py:190} INFO - [2024-11-06T10:55:37.020-1100] {dag.py:3239} INFO - Sync 1 DAGs
[2024-11-06T10:55:37.065-1100] {logging_mixin.py:190} INFO - [2024-11-06T10:55:37.064-1100] {dag.py:4180} INFO - Setting next_dagrun for example_skip_dag to 2024-11-05 00:00:00+00:00, run_after=2024-11-06 00:00:00+00:00
[2024-11-06T10:55:37.104-1100] {processor.py:208} INFO - Processing /home/ouaillaamiri/Development/lsi_3/airflow/venv/lib/python3.11/site-packages/airflow/example_dags/example_skip_dag.py took 0.184 seconds
[2024-11-06T10:56:07.628-1100] {processor.py:186} INFO - Started process (PID=222102) to work on /home/ouaillaamiri/Development/lsi_3/airflow/venv/lib/python3.11/site-packages/airflow/example_dags/example_skip_dag.py
[2024-11-06T10:56:07.630-1100] {processor.py:914} INFO - Processing file /home/ouaillaamiri/Development/lsi_3/airflow/venv/lib/python3.11/site-packages/airflow/example_dags/example_skip_dag.py for tasks to queue
[2024-11-06T10:56:07.634-1100] {logging_mixin.py:190} INFO - [2024-11-06T10:56:07.633-1100] {dagbag.py:588} INFO - Filling up the DagBag from /home/ouaillaamiri/Development/lsi_3/airflow/venv/lib/python3.11/site-packages/airflow/example_dags/example_skip_dag.py
[2024-11-06T10:56:07.649-1100] {processor.py:925} INFO - DAG(s) 'example_skip_dag' retrieved from /home/ouaillaamiri/Development/lsi_3/airflow/venv/lib/python3.11/site-packages/airflow/example_dags/example_skip_dag.py
[2024-11-06T10:56:07.712-1100] {logging_mixin.py:190} INFO - [2024-11-06T10:56:07.711-1100] {dag.py:3239} INFO - Sync 1 DAGs
[2024-11-06T10:56:07.773-1100] {logging_mixin.py:190} INFO - [2024-11-06T10:56:07.773-1100] {dag.py:4180} INFO - Setting next_dagrun for example_skip_dag to 2024-11-05 00:00:00+00:00, run_after=2024-11-06 00:00:00+00:00
[2024-11-06T10:56:07.812-1100] {processor.py:208} INFO - Processing /home/ouaillaamiri/Development/lsi_3/airflow/venv/lib/python3.11/site-packages/airflow/example_dags/example_skip_dag.py took 0.195 seconds
[2024-11-06T10:56:45.763-1100] {processor.py:186} INFO - Started process (PID=223285) to work on /home/ouaillaamiri/Development/lsi_3/airflow/venv/lib/python3.11/site-packages/airflow/example_dags/example_skip_dag.py
[2024-11-06T10:56:45.765-1100] {processor.py:914} INFO - Processing file /home/ouaillaamiri/Development/lsi_3/airflow/venv/lib/python3.11/site-packages/airflow/example_dags/example_skip_dag.py for tasks to queue
[2024-11-06T10:56:45.768-1100] {logging_mixin.py:190} INFO - [2024-11-06T10:56:45.768-1100] {dagbag.py:588} INFO - Filling up the DagBag from /home/ouaillaamiri/Development/lsi_3/airflow/venv/lib/python3.11/site-packages/airflow/example_dags/example_skip_dag.py
[2024-11-06T10:56:45.782-1100] {processor.py:925} INFO - DAG(s) 'example_skip_dag' retrieved from /home/ouaillaamiri/Development/lsi_3/airflow/venv/lib/python3.11/site-packages/airflow/example_dags/example_skip_dag.py
[2024-11-06T10:56:45.854-1100] {logging_mixin.py:190} INFO - [2024-11-06T10:56:45.854-1100] {dag.py:3239} INFO - Sync 1 DAGs
[2024-11-06T10:56:45.910-1100] {logging_mixin.py:190} INFO - [2024-11-06T10:56:45.909-1100] {dag.py:4180} INFO - Setting next_dagrun for example_skip_dag to 2024-11-05 00:00:00+00:00, run_after=2024-11-06 00:00:00+00:00
[2024-11-06T10:56:45.946-1100] {processor.py:208} INFO - Processing /home/ouaillaamiri/Development/lsi_3/airflow/venv/lib/python3.11/site-packages/airflow/example_dags/example_skip_dag.py took 0.193 seconds
[2024-11-06T10:57:16.689-1100] {processor.py:186} INFO - Started process (PID=224323) to work on /home/ouaillaamiri/Development/lsi_3/airflow/venv/lib/python3.11/site-packages/airflow/example_dags/example_skip_dag.py
[2024-11-06T10:57:16.691-1100] {processor.py:914} INFO - Processing file /home/ouaillaamiri/Development/lsi_3/airflow/venv/lib/python3.11/site-packages/airflow/example_dags/example_skip_dag.py for tasks to queue
[2024-11-06T10:57:16.697-1100] {logging_mixin.py:190} INFO - [2024-11-06T10:57:16.695-1100] {dagbag.py:588} INFO - Filling up the DagBag from /home/ouaillaamiri/Development/lsi_3/airflow/venv/lib/python3.11/site-packages/airflow/example_dags/example_skip_dag.py
[2024-11-06T10:57:16.716-1100] {processor.py:925} INFO - DAG(s) 'example_skip_dag' retrieved from /home/ouaillaamiri/Development/lsi_3/airflow/venv/lib/python3.11/site-packages/airflow/example_dags/example_skip_dag.py
[2024-11-06T10:57:16.790-1100] {logging_mixin.py:190} INFO - [2024-11-06T10:57:16.789-1100] {dag.py:3239} INFO - Sync 1 DAGs
[2024-11-06T10:57:16.872-1100] {logging_mixin.py:190} INFO - [2024-11-06T10:57:16.872-1100] {dag.py:4180} INFO - Setting next_dagrun for example_skip_dag to 2024-11-05 00:00:00+00:00, run_after=2024-11-06 00:00:00+00:00
[2024-11-06T10:57:16.928-1100] {processor.py:208} INFO - Processing /home/ouaillaamiri/Development/lsi_3/airflow/venv/lib/python3.11/site-packages/airflow/example_dags/example_skip_dag.py took 0.254 seconds
[2024-11-06T10:57:47.380-1100] {processor.py:186} INFO - Started process (PID=225093) to work on /home/ouaillaamiri/Development/lsi_3/airflow/venv/lib/python3.11/site-packages/airflow/example_dags/example_skip_dag.py
[2024-11-06T10:57:47.382-1100] {processor.py:914} INFO - Processing file /home/ouaillaamiri/Development/lsi_3/airflow/venv/lib/python3.11/site-packages/airflow/example_dags/example_skip_dag.py for tasks to queue
[2024-11-06T10:57:47.386-1100] {logging_mixin.py:190} INFO - [2024-11-06T10:57:47.385-1100] {dagbag.py:588} INFO - Filling up the DagBag from /home/ouaillaamiri/Development/lsi_3/airflow/venv/lib/python3.11/site-packages/airflow/example_dags/example_skip_dag.py
[2024-11-06T10:57:47.403-1100] {processor.py:925} INFO - DAG(s) 'example_skip_dag' retrieved from /home/ouaillaamiri/Development/lsi_3/airflow/venv/lib/python3.11/site-packages/airflow/example_dags/example_skip_dag.py
[2024-11-06T10:57:47.466-1100] {logging_mixin.py:190} INFO - [2024-11-06T10:57:47.465-1100] {dag.py:3239} INFO - Sync 1 DAGs
[2024-11-06T10:57:47.511-1100] {logging_mixin.py:190} INFO - [2024-11-06T10:57:47.510-1100] {dag.py:4180} INFO - Setting next_dagrun for example_skip_dag to 2024-11-05 00:00:00+00:00, run_after=2024-11-06 00:00:00+00:00
[2024-11-06T10:57:47.559-1100] {processor.py:208} INFO - Processing /home/ouaillaamiri/Development/lsi_3/airflow/venv/lib/python3.11/site-packages/airflow/example_dags/example_skip_dag.py took 0.190 seconds
[2024-11-06T10:58:18.389-1100] {processor.py:186} INFO - Started process (PID=225738) to work on /home/ouaillaamiri/Development/lsi_3/airflow/venv/lib/python3.11/site-packages/airflow/example_dags/example_skip_dag.py
[2024-11-06T10:58:18.391-1100] {processor.py:914} INFO - Processing file /home/ouaillaamiri/Development/lsi_3/airflow/venv/lib/python3.11/site-packages/airflow/example_dags/example_skip_dag.py for tasks to queue
[2024-11-06T10:58:18.395-1100] {logging_mixin.py:190} INFO - [2024-11-06T10:58:18.394-1100] {dagbag.py:588} INFO - Filling up the DagBag from /home/ouaillaamiri/Development/lsi_3/airflow/venv/lib/python3.11/site-packages/airflow/example_dags/example_skip_dag.py
[2024-11-06T10:58:18.409-1100] {processor.py:925} INFO - DAG(s) 'example_skip_dag' retrieved from /home/ouaillaamiri/Development/lsi_3/airflow/venv/lib/python3.11/site-packages/airflow/example_dags/example_skip_dag.py
[2024-11-06T10:58:18.466-1100] {logging_mixin.py:190} INFO - [2024-11-06T10:58:18.465-1100] {dag.py:3239} INFO - Sync 1 DAGs
[2024-11-06T10:58:18.506-1100] {logging_mixin.py:190} INFO - [2024-11-06T10:58:18.506-1100] {dag.py:4180} INFO - Setting next_dagrun for example_skip_dag to 2024-11-05 00:00:00+00:00, run_after=2024-11-06 00:00:00+00:00
[2024-11-06T10:58:18.545-1100] {processor.py:208} INFO - Processing /home/ouaillaamiri/Development/lsi_3/airflow/venv/lib/python3.11/site-packages/airflow/example_dags/example_skip_dag.py took 0.166 seconds
[2024-11-06T10:58:48.969-1100] {processor.py:186} INFO - Started process (PID=226461) to work on /home/ouaillaamiri/Development/lsi_3/airflow/venv/lib/python3.11/site-packages/airflow/example_dags/example_skip_dag.py
[2024-11-06T10:58:48.971-1100] {processor.py:914} INFO - Processing file /home/ouaillaamiri/Development/lsi_3/airflow/venv/lib/python3.11/site-packages/airflow/example_dags/example_skip_dag.py for tasks to queue
[2024-11-06T10:58:48.974-1100] {logging_mixin.py:190} INFO - [2024-11-06T10:58:48.974-1100] {dagbag.py:588} INFO - Filling up the DagBag from /home/ouaillaamiri/Development/lsi_3/airflow/venv/lib/python3.11/site-packages/airflow/example_dags/example_skip_dag.py
[2024-11-06T10:58:48.990-1100] {processor.py:925} INFO - DAG(s) 'example_skip_dag' retrieved from /home/ouaillaamiri/Development/lsi_3/airflow/venv/lib/python3.11/site-packages/airflow/example_dags/example_skip_dag.py
[2024-11-06T10:58:49.049-1100] {logging_mixin.py:190} INFO - [2024-11-06T10:58:49.049-1100] {dag.py:3239} INFO - Sync 1 DAGs
[2024-11-06T10:58:49.100-1100] {logging_mixin.py:190} INFO - [2024-11-06T10:58:49.098-1100] {dag.py:4180} INFO - Setting next_dagrun for example_skip_dag to 2024-11-05 00:00:00+00:00, run_after=2024-11-06 00:00:00+00:00
[2024-11-06T10:58:49.140-1100] {processor.py:208} INFO - Processing /home/ouaillaamiri/Development/lsi_3/airflow/venv/lib/python3.11/site-packages/airflow/example_dags/example_skip_dag.py took 0.182 seconds
[2024-11-06T10:59:19.820-1100] {processor.py:186} INFO - Started process (PID=227163) to work on /home/ouaillaamiri/Development/lsi_3/airflow/venv/lib/python3.11/site-packages/airflow/example_dags/example_skip_dag.py
[2024-11-06T10:59:19.822-1100] {processor.py:914} INFO - Processing file /home/ouaillaamiri/Development/lsi_3/airflow/venv/lib/python3.11/site-packages/airflow/example_dags/example_skip_dag.py for tasks to queue
[2024-11-06T10:59:19.825-1100] {logging_mixin.py:190} INFO - [2024-11-06T10:59:19.825-1100] {dagbag.py:588} INFO - Filling up the DagBag from /home/ouaillaamiri/Development/lsi_3/airflow/venv/lib/python3.11/site-packages/airflow/example_dags/example_skip_dag.py
[2024-11-06T10:59:19.844-1100] {processor.py:925} INFO - DAG(s) 'example_skip_dag' retrieved from /home/ouaillaamiri/Development/lsi_3/airflow/venv/lib/python3.11/site-packages/airflow/example_dags/example_skip_dag.py
[2024-11-06T10:59:19.907-1100] {logging_mixin.py:190} INFO - [2024-11-06T10:59:19.906-1100] {dag.py:3239} INFO - Sync 1 DAGs
[2024-11-06T10:59:19.959-1100] {logging_mixin.py:190} INFO - [2024-11-06T10:59:19.958-1100] {dag.py:4180} INFO - Setting next_dagrun for example_skip_dag to 2024-11-05 00:00:00+00:00, run_after=2024-11-06 00:00:00+00:00
[2024-11-06T10:59:20.001-1100] {processor.py:208} INFO - Processing /home/ouaillaamiri/Development/lsi_3/airflow/venv/lib/python3.11/site-packages/airflow/example_dags/example_skip_dag.py took 0.191 seconds
[2024-11-06T10:59:50.899-1100] {processor.py:186} INFO - Started process (PID=227552) to work on /home/ouaillaamiri/Development/lsi_3/airflow/venv/lib/python3.11/site-packages/airflow/example_dags/example_skip_dag.py
[2024-11-06T10:59:50.902-1100] {processor.py:914} INFO - Processing file /home/ouaillaamiri/Development/lsi_3/airflow/venv/lib/python3.11/site-packages/airflow/example_dags/example_skip_dag.py for tasks to queue
[2024-11-06T10:59:50.907-1100] {logging_mixin.py:190} INFO - [2024-11-06T10:59:50.906-1100] {dagbag.py:588} INFO - Filling up the DagBag from /home/ouaillaamiri/Development/lsi_3/airflow/venv/lib/python3.11/site-packages/airflow/example_dags/example_skip_dag.py
[2024-11-06T10:59:50.929-1100] {processor.py:925} INFO - DAG(s) 'example_skip_dag' retrieved from /home/ouaillaamiri/Development/lsi_3/airflow/venv/lib/python3.11/site-packages/airflow/example_dags/example_skip_dag.py
[2024-11-06T10:59:51.018-1100] {logging_mixin.py:190} INFO - [2024-11-06T10:59:51.017-1100] {dag.py:3239} INFO - Sync 1 DAGs
[2024-11-06T10:59:51.099-1100] {logging_mixin.py:190} INFO - [2024-11-06T10:59:51.090-1100] {dag.py:4180} INFO - Setting next_dagrun for example_skip_dag to 2024-11-05 00:00:00+00:00, run_after=2024-11-06 00:00:00+00:00
[2024-11-06T10:59:51.171-1100] {processor.py:208} INFO - Processing /home/ouaillaamiri/Development/lsi_3/airflow/venv/lib/python3.11/site-packages/airflow/example_dags/example_skip_dag.py took 0.282 seconds
[2024-11-06T11:00:57.480-1100] {processor.py:186} INFO - Started process (PID=228739) to work on /home/ouaillaamiri/Development/lsi_3/airflow/venv/lib/python3.11/site-packages/airflow/example_dags/example_skip_dag.py
[2024-11-06T11:00:57.482-1100] {processor.py:914} INFO - Processing file /home/ouaillaamiri/Development/lsi_3/airflow/venv/lib/python3.11/site-packages/airflow/example_dags/example_skip_dag.py for tasks to queue
[2024-11-06T11:00:57.487-1100] {logging_mixin.py:190} INFO - [2024-11-06T11:00:57.486-1100] {dagbag.py:588} INFO - Filling up the DagBag from /home/ouaillaamiri/Development/lsi_3/airflow/venv/lib/python3.11/site-packages/airflow/example_dags/example_skip_dag.py
[2024-11-06T11:00:57.505-1100] {processor.py:925} INFO - DAG(s) 'example_skip_dag' retrieved from /home/ouaillaamiri/Development/lsi_3/airflow/venv/lib/python3.11/site-packages/airflow/example_dags/example_skip_dag.py
[2024-11-06T11:00:57.596-1100] {logging_mixin.py:190} INFO - [2024-11-06T11:00:57.595-1100] {dag.py:3239} INFO - Sync 1 DAGs
[2024-11-06T11:00:57.659-1100] {logging_mixin.py:190} INFO - [2024-11-06T11:00:57.659-1100] {dag.py:4180} INFO - Setting next_dagrun for example_skip_dag to 2024-11-05 00:00:00+00:00, run_after=2024-11-06 00:00:00+00:00
[2024-11-06T11:00:57.700-1100] {processor.py:208} INFO - Processing /home/ouaillaamiri/Development/lsi_3/airflow/venv/lib/python3.11/site-packages/airflow/example_dags/example_skip_dag.py took 0.233 seconds
[2024-11-06T11:01:28.114-1100] {processor.py:186} INFO - Started process (PID=229336) to work on /home/ouaillaamiri/Development/lsi_3/airflow/venv/lib/python3.11/site-packages/airflow/example_dags/example_skip_dag.py
[2024-11-06T11:01:28.116-1100] {processor.py:914} INFO - Processing file /home/ouaillaamiri/Development/lsi_3/airflow/venv/lib/python3.11/site-packages/airflow/example_dags/example_skip_dag.py for tasks to queue
[2024-11-06T11:01:28.121-1100] {logging_mixin.py:190} INFO - [2024-11-06T11:01:28.120-1100] {dagbag.py:588} INFO - Filling up the DagBag from /home/ouaillaamiri/Development/lsi_3/airflow/venv/lib/python3.11/site-packages/airflow/example_dags/example_skip_dag.py
[2024-11-06T11:01:28.138-1100] {processor.py:925} INFO - DAG(s) 'example_skip_dag' retrieved from /home/ouaillaamiri/Development/lsi_3/airflow/venv/lib/python3.11/site-packages/airflow/example_dags/example_skip_dag.py
[2024-11-06T11:01:28.202-1100] {logging_mixin.py:190} INFO - [2024-11-06T11:01:28.202-1100] {dag.py:3239} INFO - Sync 1 DAGs
[2024-11-06T11:01:28.244-1100] {logging_mixin.py:190} INFO - [2024-11-06T11:01:28.243-1100] {dag.py:4180} INFO - Setting next_dagrun for example_skip_dag to 2024-11-05 00:00:00+00:00, run_after=2024-11-06 00:00:00+00:00
[2024-11-06T11:01:28.283-1100] {processor.py:208} INFO - Processing /home/ouaillaamiri/Development/lsi_3/airflow/venv/lib/python3.11/site-packages/airflow/example_dags/example_skip_dag.py took 0.180 seconds
[2024-11-06T11:01:58.762-1100] {processor.py:186} INFO - Started process (PID=229708) to work on /home/ouaillaamiri/Development/lsi_3/airflow/venv/lib/python3.11/site-packages/airflow/example_dags/example_skip_dag.py
[2024-11-06T11:01:58.764-1100] {processor.py:914} INFO - Processing file /home/ouaillaamiri/Development/lsi_3/airflow/venv/lib/python3.11/site-packages/airflow/example_dags/example_skip_dag.py for tasks to queue
[2024-11-06T11:01:58.768-1100] {logging_mixin.py:190} INFO - [2024-11-06T11:01:58.768-1100] {dagbag.py:588} INFO - Filling up the DagBag from /home/ouaillaamiri/Development/lsi_3/airflow/venv/lib/python3.11/site-packages/airflow/example_dags/example_skip_dag.py
[2024-11-06T11:01:58.785-1100] {processor.py:925} INFO - DAG(s) 'example_skip_dag' retrieved from /home/ouaillaamiri/Development/lsi_3/airflow/venv/lib/python3.11/site-packages/airflow/example_dags/example_skip_dag.py
[2024-11-06T11:01:58.856-1100] {logging_mixin.py:190} INFO - [2024-11-06T11:01:58.855-1100] {dag.py:3239} INFO - Sync 1 DAGs
[2024-11-06T11:01:58.901-1100] {logging_mixin.py:190} INFO - [2024-11-06T11:01:58.900-1100] {dag.py:4180} INFO - Setting next_dagrun for example_skip_dag to 2024-11-05 00:00:00+00:00, run_after=2024-11-06 00:00:00+00:00
[2024-11-06T11:01:58.936-1100] {processor.py:208} INFO - Processing /home/ouaillaamiri/Development/lsi_3/airflow/venv/lib/python3.11/site-packages/airflow/example_dags/example_skip_dag.py took 0.187 seconds
[2024-11-06T11:02:29.255-1100] {processor.py:186} INFO - Started process (PID=230301) to work on /home/ouaillaamiri/Development/lsi_3/airflow/venv/lib/python3.11/site-packages/airflow/example_dags/example_skip_dag.py
[2024-11-06T11:02:29.256-1100] {processor.py:914} INFO - Processing file /home/ouaillaamiri/Development/lsi_3/airflow/venv/lib/python3.11/site-packages/airflow/example_dags/example_skip_dag.py for tasks to queue
[2024-11-06T11:02:29.260-1100] {logging_mixin.py:190} INFO - [2024-11-06T11:02:29.259-1100] {dagbag.py:588} INFO - Filling up the DagBag from /home/ouaillaamiri/Development/lsi_3/airflow/venv/lib/python3.11/site-packages/airflow/example_dags/example_skip_dag.py
[2024-11-06T11:02:29.274-1100] {processor.py:925} INFO - DAG(s) 'example_skip_dag' retrieved from /home/ouaillaamiri/Development/lsi_3/airflow/venv/lib/python3.11/site-packages/airflow/example_dags/example_skip_dag.py
[2024-11-06T11:02:29.344-1100] {logging_mixin.py:190} INFO - [2024-11-06T11:02:29.343-1100] {dag.py:3239} INFO - Sync 1 DAGs
[2024-11-06T11:02:29.385-1100] {logging_mixin.py:190} INFO - [2024-11-06T11:02:29.385-1100] {dag.py:4180} INFO - Setting next_dagrun for example_skip_dag to 2024-11-05 00:00:00+00:00, run_after=2024-11-06 00:00:00+00:00
[2024-11-06T11:02:29.419-1100] {processor.py:208} INFO - Processing /home/ouaillaamiri/Development/lsi_3/airflow/venv/lib/python3.11/site-packages/airflow/example_dags/example_skip_dag.py took 0.173 seconds
[2024-11-06T11:03:00.074-1100] {processor.py:186} INFO - Started process (PID=231290) to work on /home/ouaillaamiri/Development/lsi_3/airflow/venv/lib/python3.11/site-packages/airflow/example_dags/example_skip_dag.py
[2024-11-06T11:03:00.075-1100] {processor.py:914} INFO - Processing file /home/ouaillaamiri/Development/lsi_3/airflow/venv/lib/python3.11/site-packages/airflow/example_dags/example_skip_dag.py for tasks to queue
[2024-11-06T11:03:00.079-1100] {logging_mixin.py:190} INFO - [2024-11-06T11:03:00.079-1100] {dagbag.py:588} INFO - Filling up the DagBag from /home/ouaillaamiri/Development/lsi_3/airflow/venv/lib/python3.11/site-packages/airflow/example_dags/example_skip_dag.py
[2024-11-06T11:03:00.095-1100] {processor.py:925} INFO - DAG(s) 'example_skip_dag' retrieved from /home/ouaillaamiri/Development/lsi_3/airflow/venv/lib/python3.11/site-packages/airflow/example_dags/example_skip_dag.py
[2024-11-06T11:03:00.172-1100] {logging_mixin.py:190} INFO - [2024-11-06T11:03:00.171-1100] {dag.py:3239} INFO - Sync 1 DAGs
[2024-11-06T11:03:00.227-1100] {logging_mixin.py:190} INFO - [2024-11-06T11:03:00.226-1100] {dag.py:4180} INFO - Setting next_dagrun for example_skip_dag to 2024-11-05 00:00:00+00:00, run_after=2024-11-06 00:00:00+00:00
[2024-11-06T11:03:00.271-1100] {processor.py:208} INFO - Processing /home/ouaillaamiri/Development/lsi_3/airflow/venv/lib/python3.11/site-packages/airflow/example_dags/example_skip_dag.py took 0.209 seconds
[2024-11-06T11:03:31.134-1100] {processor.py:186} INFO - Started process (PID=231662) to work on /home/ouaillaamiri/Development/lsi_3/airflow/venv/lib/python3.11/site-packages/airflow/example_dags/example_skip_dag.py
[2024-11-06T11:03:31.137-1100] {processor.py:914} INFO - Processing file /home/ouaillaamiri/Development/lsi_3/airflow/venv/lib/python3.11/site-packages/airflow/example_dags/example_skip_dag.py for tasks to queue
[2024-11-06T11:03:31.142-1100] {logging_mixin.py:190} INFO - [2024-11-06T11:03:31.141-1100] {dagbag.py:588} INFO - Filling up the DagBag from /home/ouaillaamiri/Development/lsi_3/airflow/venv/lib/python3.11/site-packages/airflow/example_dags/example_skip_dag.py
[2024-11-06T11:03:31.165-1100] {processor.py:925} INFO - DAG(s) 'example_skip_dag' retrieved from /home/ouaillaamiri/Development/lsi_3/airflow/venv/lib/python3.11/site-packages/airflow/example_dags/example_skip_dag.py
[2024-11-06T11:03:31.281-1100] {logging_mixin.py:190} INFO - [2024-11-06T11:03:31.280-1100] {dag.py:3239} INFO - Sync 1 DAGs
[2024-11-06T11:03:31.353-1100] {logging_mixin.py:190} INFO - [2024-11-06T11:03:31.351-1100] {dag.py:4180} INFO - Setting next_dagrun for example_skip_dag to 2024-11-05 00:00:00+00:00, run_after=2024-11-06 00:00:00+00:00
[2024-11-06T11:03:31.400-1100] {processor.py:208} INFO - Processing /home/ouaillaamiri/Development/lsi_3/airflow/venv/lib/python3.11/site-packages/airflow/example_dags/example_skip_dag.py took 0.289 seconds
[2024-11-06T11:04:01.744-1100] {processor.py:186} INFO - Started process (PID=232325) to work on /home/ouaillaamiri/Development/lsi_3/airflow/venv/lib/python3.11/site-packages/airflow/example_dags/example_skip_dag.py
[2024-11-06T11:04:01.746-1100] {processor.py:914} INFO - Processing file /home/ouaillaamiri/Development/lsi_3/airflow/venv/lib/python3.11/site-packages/airflow/example_dags/example_skip_dag.py for tasks to queue
[2024-11-06T11:04:01.750-1100] {logging_mixin.py:190} INFO - [2024-11-06T11:04:01.749-1100] {dagbag.py:588} INFO - Filling up the DagBag from /home/ouaillaamiri/Development/lsi_3/airflow/venv/lib/python3.11/site-packages/airflow/example_dags/example_skip_dag.py
[2024-11-06T11:04:01.766-1100] {processor.py:925} INFO - DAG(s) 'example_skip_dag' retrieved from /home/ouaillaamiri/Development/lsi_3/airflow/venv/lib/python3.11/site-packages/airflow/example_dags/example_skip_dag.py
[2024-11-06T11:04:01.840-1100] {logging_mixin.py:190} INFO - [2024-11-06T11:04:01.840-1100] {dag.py:3239} INFO - Sync 1 DAGs
[2024-11-06T11:04:01.888-1100] {logging_mixin.py:190} INFO - [2024-11-06T11:04:01.888-1100] {dag.py:4180} INFO - Setting next_dagrun for example_skip_dag to 2024-11-05 00:00:00+00:00, run_after=2024-11-06 00:00:00+00:00
[2024-11-06T11:04:01.922-1100] {processor.py:208} INFO - Processing /home/ouaillaamiri/Development/lsi_3/airflow/venv/lib/python3.11/site-packages/airflow/example_dags/example_skip_dag.py took 0.189 seconds
[2024-11-06T11:04:33.161-1100] {processor.py:186} INFO - Started process (PID=232702) to work on /home/ouaillaamiri/Development/lsi_3/airflow/venv/lib/python3.11/site-packages/airflow/example_dags/example_skip_dag.py
[2024-11-06T11:04:33.165-1100] {processor.py:914} INFO - Processing file /home/ouaillaamiri/Development/lsi_3/airflow/venv/lib/python3.11/site-packages/airflow/example_dags/example_skip_dag.py for tasks to queue
[2024-11-06T11:04:33.170-1100] {logging_mixin.py:190} INFO - [2024-11-06T11:04:33.169-1100] {dagbag.py:588} INFO - Filling up the DagBag from /home/ouaillaamiri/Development/lsi_3/airflow/venv/lib/python3.11/site-packages/airflow/example_dags/example_skip_dag.py
[2024-11-06T11:04:33.186-1100] {processor.py:925} INFO - DAG(s) 'example_skip_dag' retrieved from /home/ouaillaamiri/Development/lsi_3/airflow/venv/lib/python3.11/site-packages/airflow/example_dags/example_skip_dag.py
[2024-11-06T11:04:33.242-1100] {logging_mixin.py:190} INFO - [2024-11-06T11:04:33.242-1100] {dag.py:3239} INFO - Sync 1 DAGs
[2024-11-06T11:04:33.285-1100] {logging_mixin.py:190} INFO - [2024-11-06T11:04:33.285-1100] {dag.py:4180} INFO - Setting next_dagrun for example_skip_dag to 2024-11-05 00:00:00+00:00, run_after=2024-11-06 00:00:00+00:00
[2024-11-06T11:04:33.324-1100] {processor.py:208} INFO - Processing /home/ouaillaamiri/Development/lsi_3/airflow/venv/lib/python3.11/site-packages/airflow/example_dags/example_skip_dag.py took 0.175 seconds
