[2024-11-06T10:53:27.621-1100] {processor.py:186} INFO - Started process (PID=219140) to work on /home/ouaillaamiri/Development/lsi_3/airflow/venv/lib/python3.11/site-packages/airflow/example_dags/example_short_circuit_operator.py
[2024-11-06T10:53:27.623-1100] {processor.py:914} INFO - Processing file /home/ouaillaamiri/Development/lsi_3/airflow/venv/lib/python3.11/site-packages/airflow/example_dags/example_short_circuit_operator.py for tasks to queue
[2024-11-06T10:53:27.627-1100] {logging_mixin.py:190} INFO - [2024-11-06T10:53:27.627-1100] {dagbag.py:588} INFO - Filling up the DagBag from /home/ouaillaamiri/Development/lsi_3/airflow/venv/lib/python3.11/site-packages/airflow/example_dags/example_short_circuit_operator.py
[2024-11-06T10:53:27.648-1100] {processor.py:925} INFO - DAG(s) 'example_short_circuit_operator' retrieved from /home/ouaillaamiri/Development/lsi_3/airflow/venv/lib/python3.11/site-packages/airflow/example_dags/example_short_circuit_operator.py
[2024-11-06T10:53:28.003-1100] {logging_mixin.py:190} INFO - [2024-11-06T10:53:28.001-1100] {override.py:1911} INFO - Created Permission View: can edit on DAG:example_short_circuit_operator
[2024-11-06T10:53:28.046-1100] {logging_mixin.py:190} INFO - [2024-11-06T10:53:28.045-1100] {override.py:1911} INFO - Created Permission View: can delete on DAG:example_short_circuit_operator
[2024-11-06T10:53:28.074-1100] {logging_mixin.py:190} INFO - [2024-11-06T10:53:28.073-1100] {override.py:1911} INFO - Created Permission View: can read on DAG:example_short_circuit_operator
[2024-11-06T10:53:28.110-1100] {logging_mixin.py:190} INFO - [2024-11-06T10:53:28.109-1100] {override.py:1911} INFO - Created Permission View: can delete on DAG Run:example_short_circuit_operator
[2024-11-06T10:53:28.142-1100] {logging_mixin.py:190} INFO - [2024-11-06T10:53:28.141-1100] {override.py:1911} INFO - Created Permission View: can create on DAG Run:example_short_circuit_operator
[2024-11-06T10:53:28.173-1100] {logging_mixin.py:190} INFO - [2024-11-06T10:53:28.172-1100] {override.py:1911} INFO - Created Permission View: menu access on DAG Run:example_short_circuit_operator
[2024-11-06T10:53:28.206-1100] {logging_mixin.py:190} INFO - [2024-11-06T10:53:28.204-1100] {override.py:1911} INFO - Created Permission View: can read on DAG Run:example_short_circuit_operator
[2024-11-06T10:53:28.208-1100] {logging_mixin.py:190} INFO - [2024-11-06T10:53:28.207-1100] {dag.py:3239} INFO - Sync 1 DAGs
[2024-11-06T10:53:28.258-1100] {logging_mixin.py:190} INFO - [2024-11-06T10:53:28.257-1100] {dag.py:3262} INFO - Creating ORM DAG for example_short_circuit_operator
[2024-11-06T10:53:28.262-1100] {logging_mixin.py:190} INFO - [2024-11-06T10:53:28.260-1100] {dag.py:4180} INFO - Setting next_dagrun for example_short_circuit_operator to None, run_after=None
[2024-11-06T10:53:28.325-1100] {processor.py:208} INFO - Processing /home/ouaillaamiri/Development/lsi_3/airflow/venv/lib/python3.11/site-packages/airflow/example_dags/example_short_circuit_operator.py took 0.717 seconds
[2024-11-06T10:53:58.755-1100] {processor.py:186} INFO - Started process (PID=219901) to work on /home/ouaillaamiri/Development/lsi_3/airflow/venv/lib/python3.11/site-packages/airflow/example_dags/example_short_circuit_operator.py
[2024-11-06T10:53:58.757-1100] {processor.py:914} INFO - Processing file /home/ouaillaamiri/Development/lsi_3/airflow/venv/lib/python3.11/site-packages/airflow/example_dags/example_short_circuit_operator.py for tasks to queue
[2024-11-06T10:53:58.762-1100] {logging_mixin.py:190} INFO - [2024-11-06T10:53:58.761-1100] {dagbag.py:588} INFO - Filling up the DagBag from /home/ouaillaamiri/Development/lsi_3/airflow/venv/lib/python3.11/site-packages/airflow/example_dags/example_short_circuit_operator.py
[2024-11-06T10:53:58.784-1100] {processor.py:925} INFO - DAG(s) 'example_short_circuit_operator' retrieved from /home/ouaillaamiri/Development/lsi_3/airflow/venv/lib/python3.11/site-packages/airflow/example_dags/example_short_circuit_operator.py
[2024-11-06T10:53:58.853-1100] {logging_mixin.py:190} INFO - [2024-11-06T10:53:58.852-1100] {dag.py:3239} INFO - Sync 1 DAGs
[2024-11-06T10:53:58.883-1100] {logging_mixin.py:190} INFO - [2024-11-06T10:53:58.883-1100] {dag.py:4180} INFO - Setting next_dagrun for example_short_circuit_operator to None, run_after=None
[2024-11-06T10:53:58.929-1100] {processor.py:208} INFO - Processing /home/ouaillaamiri/Development/lsi_3/airflow/venv/lib/python3.11/site-packages/airflow/example_dags/example_short_circuit_operator.py took 0.189 seconds
[2024-11-06T10:54:29.343-1100] {processor.py:186} INFO - Started process (PID=220541) to work on /home/ouaillaamiri/Development/lsi_3/airflow/venv/lib/python3.11/site-packages/airflow/example_dags/example_short_circuit_operator.py
[2024-11-06T10:54:29.345-1100] {processor.py:914} INFO - Processing file /home/ouaillaamiri/Development/lsi_3/airflow/venv/lib/python3.11/site-packages/airflow/example_dags/example_short_circuit_operator.py for tasks to queue
[2024-11-06T10:54:29.349-1100] {logging_mixin.py:190} INFO - [2024-11-06T10:54:29.348-1100] {dagbag.py:588} INFO - Filling up the DagBag from /home/ouaillaamiri/Development/lsi_3/airflow/venv/lib/python3.11/site-packages/airflow/example_dags/example_short_circuit_operator.py
[2024-11-06T10:54:29.368-1100] {processor.py:925} INFO - DAG(s) 'example_short_circuit_operator' retrieved from /home/ouaillaamiri/Development/lsi_3/airflow/venv/lib/python3.11/site-packages/airflow/example_dags/example_short_circuit_operator.py
[2024-11-06T10:54:29.435-1100] {logging_mixin.py:190} INFO - [2024-11-06T10:54:29.434-1100] {dag.py:3239} INFO - Sync 1 DAGs
[2024-11-06T10:54:29.458-1100] {logging_mixin.py:190} INFO - [2024-11-06T10:54:29.457-1100] {dag.py:4180} INFO - Setting next_dagrun for example_short_circuit_operator to None, run_after=None
[2024-11-06T10:54:29.491-1100] {processor.py:208} INFO - Processing /home/ouaillaamiri/Development/lsi_3/airflow/venv/lib/python3.11/site-packages/airflow/example_dags/example_short_circuit_operator.py took 0.161 seconds
[2024-11-06T10:55:00.327-1100] {processor.py:186} INFO - Started process (PID=220918) to work on /home/ouaillaamiri/Development/lsi_3/airflow/venv/lib/python3.11/site-packages/airflow/example_dags/example_short_circuit_operator.py
[2024-11-06T10:55:00.328-1100] {processor.py:914} INFO - Processing file /home/ouaillaamiri/Development/lsi_3/airflow/venv/lib/python3.11/site-packages/airflow/example_dags/example_short_circuit_operator.py for tasks to queue
[2024-11-06T10:55:00.333-1100] {logging_mixin.py:190} INFO - [2024-11-06T10:55:00.332-1100] {dagbag.py:588} INFO - Filling up the DagBag from /home/ouaillaamiri/Development/lsi_3/airflow/venv/lib/python3.11/site-packages/airflow/example_dags/example_short_circuit_operator.py
[2024-11-06T10:55:00.352-1100] {processor.py:925} INFO - DAG(s) 'example_short_circuit_operator' retrieved from /home/ouaillaamiri/Development/lsi_3/airflow/venv/lib/python3.11/site-packages/airflow/example_dags/example_short_circuit_operator.py
[2024-11-06T10:55:00.420-1100] {logging_mixin.py:190} INFO - [2024-11-06T10:55:00.419-1100] {dag.py:3239} INFO - Sync 1 DAGs
[2024-11-06T10:55:00.449-1100] {logging_mixin.py:190} INFO - [2024-11-06T10:55:00.448-1100] {dag.py:4180} INFO - Setting next_dagrun for example_short_circuit_operator to None, run_after=None
[2024-11-06T10:55:00.490-1100] {processor.py:208} INFO - Processing /home/ouaillaamiri/Development/lsi_3/airflow/venv/lib/python3.11/site-packages/airflow/example_dags/example_short_circuit_operator.py took 0.176 seconds
[2024-11-06T10:55:30.752-1100] {processor.py:186} INFO - Started process (PID=221602) to work on /home/ouaillaamiri/Development/lsi_3/airflow/venv/lib/python3.11/site-packages/airflow/example_dags/example_short_circuit_operator.py
[2024-11-06T10:55:30.754-1100] {processor.py:914} INFO - Processing file /home/ouaillaamiri/Development/lsi_3/airflow/venv/lib/python3.11/site-packages/airflow/example_dags/example_short_circuit_operator.py for tasks to queue
[2024-11-06T10:55:30.759-1100] {logging_mixin.py:190} INFO - [2024-11-06T10:55:30.758-1100] {dagbag.py:588} INFO - Filling up the DagBag from /home/ouaillaamiri/Development/lsi_3/airflow/venv/lib/python3.11/site-packages/airflow/example_dags/example_short_circuit_operator.py
[2024-11-06T10:55:30.783-1100] {processor.py:925} INFO - DAG(s) 'example_short_circuit_operator' retrieved from /home/ouaillaamiri/Development/lsi_3/airflow/venv/lib/python3.11/site-packages/airflow/example_dags/example_short_circuit_operator.py
[2024-11-06T10:55:30.880-1100] {logging_mixin.py:190} INFO - [2024-11-06T10:55:30.879-1100] {dag.py:3239} INFO - Sync 1 DAGs
[2024-11-06T10:55:30.922-1100] {logging_mixin.py:190} INFO - [2024-11-06T10:55:30.921-1100] {dag.py:4180} INFO - Setting next_dagrun for example_short_circuit_operator to None, run_after=None
[2024-11-06T10:55:30.977-1100] {processor.py:208} INFO - Processing /home/ouaillaamiri/Development/lsi_3/airflow/venv/lib/python3.11/site-packages/airflow/example_dags/example_short_circuit_operator.py took 0.237 seconds
[2024-11-06T10:56:01.103-1100] {processor.py:186} INFO - Started process (PID=221981) to work on /home/ouaillaamiri/Development/lsi_3/airflow/venv/lib/python3.11/site-packages/airflow/example_dags/example_short_circuit_operator.py
[2024-11-06T10:56:01.105-1100] {processor.py:914} INFO - Processing file /home/ouaillaamiri/Development/lsi_3/airflow/venv/lib/python3.11/site-packages/airflow/example_dags/example_short_circuit_operator.py for tasks to queue
[2024-11-06T10:56:01.109-1100] {logging_mixin.py:190} INFO - [2024-11-06T10:56:01.108-1100] {dagbag.py:588} INFO - Filling up the DagBag from /home/ouaillaamiri/Development/lsi_3/airflow/venv/lib/python3.11/site-packages/airflow/example_dags/example_short_circuit_operator.py
[2024-11-06T10:56:01.126-1100] {processor.py:925} INFO - DAG(s) 'example_short_circuit_operator' retrieved from /home/ouaillaamiri/Development/lsi_3/airflow/venv/lib/python3.11/site-packages/airflow/example_dags/example_short_circuit_operator.py
[2024-11-06T10:56:01.185-1100] {logging_mixin.py:190} INFO - [2024-11-06T10:56:01.184-1100] {dag.py:3239} INFO - Sync 1 DAGs
[2024-11-06T10:56:01.211-1100] {logging_mixin.py:190} INFO - [2024-11-06T10:56:01.210-1100] {dag.py:4180} INFO - Setting next_dagrun for example_short_circuit_operator to None, run_after=None
[2024-11-06T10:56:01.248-1100] {processor.py:208} INFO - Processing /home/ouaillaamiri/Development/lsi_3/airflow/venv/lib/python3.11/site-packages/airflow/example_dags/example_short_circuit_operator.py took 0.157 seconds
[2024-11-06T10:56:43.496-1100] {processor.py:186} INFO - Started process (PID=223045) to work on /home/ouaillaamiri/Development/lsi_3/airflow/venv/lib/python3.11/site-packages/airflow/example_dags/example_short_circuit_operator.py
[2024-11-06T10:56:43.497-1100] {processor.py:914} INFO - Processing file /home/ouaillaamiri/Development/lsi_3/airflow/venv/lib/python3.11/site-packages/airflow/example_dags/example_short_circuit_operator.py for tasks to queue
[2024-11-06T10:56:43.502-1100] {logging_mixin.py:190} INFO - [2024-11-06T10:56:43.502-1100] {dagbag.py:588} INFO - Filling up the DagBag from /home/ouaillaamiri/Development/lsi_3/airflow/venv/lib/python3.11/site-packages/airflow/example_dags/example_short_circuit_operator.py
[2024-11-06T10:56:43.519-1100] {processor.py:925} INFO - DAG(s) 'example_short_circuit_operator' retrieved from /home/ouaillaamiri/Development/lsi_3/airflow/venv/lib/python3.11/site-packages/airflow/example_dags/example_short_circuit_operator.py
[2024-11-06T10:56:43.584-1100] {logging_mixin.py:190} INFO - [2024-11-06T10:56:43.584-1100] {dag.py:3239} INFO - Sync 1 DAGs
[2024-11-06T10:56:43.611-1100] {logging_mixin.py:190} INFO - [2024-11-06T10:56:43.610-1100] {dag.py:4180} INFO - Setting next_dagrun for example_short_circuit_operator to None, run_after=None
[2024-11-06T10:56:43.647-1100] {processor.py:208} INFO - Processing /home/ouaillaamiri/Development/lsi_3/airflow/venv/lib/python3.11/site-packages/airflow/example_dags/example_short_circuit_operator.py took 0.164 seconds
[2024-11-06T10:57:14.189-1100] {processor.py:186} INFO - Started process (PID=224201) to work on /home/ouaillaamiri/Development/lsi_3/airflow/venv/lib/python3.11/site-packages/airflow/example_dags/example_short_circuit_operator.py
[2024-11-06T10:57:14.191-1100] {processor.py:914} INFO - Processing file /home/ouaillaamiri/Development/lsi_3/airflow/venv/lib/python3.11/site-packages/airflow/example_dags/example_short_circuit_operator.py for tasks to queue
[2024-11-06T10:57:14.196-1100] {logging_mixin.py:190} INFO - [2024-11-06T10:57:14.196-1100] {dagbag.py:588} INFO - Filling up the DagBag from /home/ouaillaamiri/Development/lsi_3/airflow/venv/lib/python3.11/site-packages/airflow/example_dags/example_short_circuit_operator.py
[2024-11-06T10:57:14.214-1100] {processor.py:925} INFO - DAG(s) 'example_short_circuit_operator' retrieved from /home/ouaillaamiri/Development/lsi_3/airflow/venv/lib/python3.11/site-packages/airflow/example_dags/example_short_circuit_operator.py
[2024-11-06T10:57:14.282-1100] {logging_mixin.py:190} INFO - [2024-11-06T10:57:14.282-1100] {dag.py:3239} INFO - Sync 1 DAGs
[2024-11-06T10:57:14.311-1100] {logging_mixin.py:190} INFO - [2024-11-06T10:57:14.310-1100] {dag.py:4180} INFO - Setting next_dagrun for example_short_circuit_operator to None, run_after=None
[2024-11-06T10:57:14.352-1100] {processor.py:208} INFO - Processing /home/ouaillaamiri/Development/lsi_3/airflow/venv/lib/python3.11/site-packages/airflow/example_dags/example_short_circuit_operator.py took 0.176 seconds
[2024-11-06T10:57:44.501-1100] {processor.py:186} INFO - Started process (PID=224922) to work on /home/ouaillaamiri/Development/lsi_3/airflow/venv/lib/python3.11/site-packages/airflow/example_dags/example_short_circuit_operator.py
[2024-11-06T10:57:44.503-1100] {processor.py:914} INFO - Processing file /home/ouaillaamiri/Development/lsi_3/airflow/venv/lib/python3.11/site-packages/airflow/example_dags/example_short_circuit_operator.py for tasks to queue
[2024-11-06T10:57:44.508-1100] {logging_mixin.py:190} INFO - [2024-11-06T10:57:44.507-1100] {dagbag.py:588} INFO - Filling up the DagBag from /home/ouaillaamiri/Development/lsi_3/airflow/venv/lib/python3.11/site-packages/airflow/example_dags/example_short_circuit_operator.py
[2024-11-06T10:57:44.524-1100] {processor.py:925} INFO - DAG(s) 'example_short_circuit_operator' retrieved from /home/ouaillaamiri/Development/lsi_3/airflow/venv/lib/python3.11/site-packages/airflow/example_dags/example_short_circuit_operator.py
[2024-11-06T10:57:44.582-1100] {logging_mixin.py:190} INFO - [2024-11-06T10:57:44.582-1100] {dag.py:3239} INFO - Sync 1 DAGs
[2024-11-06T10:57:44.606-1100] {logging_mixin.py:190} INFO - [2024-11-06T10:57:44.606-1100] {dag.py:4180} INFO - Setting next_dagrun for example_short_circuit_operator to None, run_after=None
[2024-11-06T10:57:44.645-1100] {processor.py:208} INFO - Processing /home/ouaillaamiri/Development/lsi_3/airflow/venv/lib/python3.11/site-packages/airflow/example_dags/example_short_circuit_operator.py took 0.155 seconds
[2024-11-06T10:58:15.025-1100] {processor.py:186} INFO - Started process (PID=225630) to work on /home/ouaillaamiri/Development/lsi_3/airflow/venv/lib/python3.11/site-packages/airflow/example_dags/example_short_circuit_operator.py
[2024-11-06T10:58:15.027-1100] {processor.py:914} INFO - Processing file /home/ouaillaamiri/Development/lsi_3/airflow/venv/lib/python3.11/site-packages/airflow/example_dags/example_short_circuit_operator.py for tasks to queue
[2024-11-06T10:58:15.032-1100] {logging_mixin.py:190} INFO - [2024-11-06T10:58:15.031-1100] {dagbag.py:588} INFO - Filling up the DagBag from /home/ouaillaamiri/Development/lsi_3/airflow/venv/lib/python3.11/site-packages/airflow/example_dags/example_short_circuit_operator.py
[2024-11-06T10:58:15.049-1100] {processor.py:925} INFO - DAG(s) 'example_short_circuit_operator' retrieved from /home/ouaillaamiri/Development/lsi_3/airflow/venv/lib/python3.11/site-packages/airflow/example_dags/example_short_circuit_operator.py
[2024-11-06T10:58:15.122-1100] {logging_mixin.py:190} INFO - [2024-11-06T10:58:15.121-1100] {dag.py:3239} INFO - Sync 1 DAGs
[2024-11-06T10:58:15.147-1100] {logging_mixin.py:190} INFO - [2024-11-06T10:58:15.147-1100] {dag.py:4180} INFO - Setting next_dagrun for example_short_circuit_operator to None, run_after=None
[2024-11-06T10:58:15.188-1100] {processor.py:208} INFO - Processing /home/ouaillaamiri/Development/lsi_3/airflow/venv/lib/python3.11/site-packages/airflow/example_dags/example_short_circuit_operator.py took 0.174 seconds
[2024-11-06T10:58:45.557-1100] {processor.py:186} INFO - Started process (PID=226351) to work on /home/ouaillaamiri/Development/lsi_3/airflow/venv/lib/python3.11/site-packages/airflow/example_dags/example_short_circuit_operator.py
[2024-11-06T10:58:45.559-1100] {processor.py:914} INFO - Processing file /home/ouaillaamiri/Development/lsi_3/airflow/venv/lib/python3.11/site-packages/airflow/example_dags/example_short_circuit_operator.py for tasks to queue
[2024-11-06T10:58:45.563-1100] {logging_mixin.py:190} INFO - [2024-11-06T10:58:45.563-1100] {dagbag.py:588} INFO - Filling up the DagBag from /home/ouaillaamiri/Development/lsi_3/airflow/venv/lib/python3.11/site-packages/airflow/example_dags/example_short_circuit_operator.py
[2024-11-06T10:58:45.577-1100] {processor.py:925} INFO - DAG(s) 'example_short_circuit_operator' retrieved from /home/ouaillaamiri/Development/lsi_3/airflow/venv/lib/python3.11/site-packages/airflow/example_dags/example_short_circuit_operator.py
[2024-11-06T10:58:45.638-1100] {logging_mixin.py:190} INFO - [2024-11-06T10:58:45.637-1100] {dag.py:3239} INFO - Sync 1 DAGs
[2024-11-06T10:58:45.664-1100] {logging_mixin.py:190} INFO - [2024-11-06T10:58:45.664-1100] {dag.py:4180} INFO - Setting next_dagrun for example_short_circuit_operator to None, run_after=None
[2024-11-06T10:58:45.707-1100] {processor.py:208} INFO - Processing /home/ouaillaamiri/Development/lsi_3/airflow/venv/lib/python3.11/site-packages/airflow/example_dags/example_short_circuit_operator.py took 0.159 seconds
[2024-11-06T10:59:15.843-1100] {processor.py:186} INFO - Started process (PID=227054) to work on /home/ouaillaamiri/Development/lsi_3/airflow/venv/lib/python3.11/site-packages/airflow/example_dags/example_short_circuit_operator.py
[2024-11-06T10:59:15.845-1100] {processor.py:914} INFO - Processing file /home/ouaillaamiri/Development/lsi_3/airflow/venv/lib/python3.11/site-packages/airflow/example_dags/example_short_circuit_operator.py for tasks to queue
[2024-11-06T10:59:15.850-1100] {logging_mixin.py:190} INFO - [2024-11-06T10:59:15.849-1100] {dagbag.py:588} INFO - Filling up the DagBag from /home/ouaillaamiri/Development/lsi_3/airflow/venv/lib/python3.11/site-packages/airflow/example_dags/example_short_circuit_operator.py
[2024-11-06T10:59:15.868-1100] {processor.py:925} INFO - DAG(s) 'example_short_circuit_operator' retrieved from /home/ouaillaamiri/Development/lsi_3/airflow/venv/lib/python3.11/site-packages/airflow/example_dags/example_short_circuit_operator.py
[2024-11-06T10:59:15.948-1100] {logging_mixin.py:190} INFO - [2024-11-06T10:59:15.947-1100] {dag.py:3239} INFO - Sync 1 DAGs
[2024-11-06T10:59:15.982-1100] {logging_mixin.py:190} INFO - [2024-11-06T10:59:15.982-1100] {dag.py:4180} INFO - Setting next_dagrun for example_short_circuit_operator to None, run_after=None
[2024-11-06T10:59:16.024-1100] {processor.py:208} INFO - Processing /home/ouaillaamiri/Development/lsi_3/airflow/venv/lib/python3.11/site-packages/airflow/example_dags/example_short_circuit_operator.py took 0.200 seconds
[2024-11-06T10:59:46.212-1100] {processor.py:186} INFO - Started process (PID=227446) to work on /home/ouaillaamiri/Development/lsi_3/airflow/venv/lib/python3.11/site-packages/airflow/example_dags/example_short_circuit_operator.py
[2024-11-06T10:59:46.215-1100] {processor.py:914} INFO - Processing file /home/ouaillaamiri/Development/lsi_3/airflow/venv/lib/python3.11/site-packages/airflow/example_dags/example_short_circuit_operator.py for tasks to queue
[2024-11-06T10:59:46.223-1100] {logging_mixin.py:190} INFO - [2024-11-06T10:59:46.222-1100] {dagbag.py:588} INFO - Filling up the DagBag from /home/ouaillaamiri/Development/lsi_3/airflow/venv/lib/python3.11/site-packages/airflow/example_dags/example_short_circuit_operator.py
[2024-11-06T10:59:46.245-1100] {processor.py:925} INFO - DAG(s) 'example_short_circuit_operator' retrieved from /home/ouaillaamiri/Development/lsi_3/airflow/venv/lib/python3.11/site-packages/airflow/example_dags/example_short_circuit_operator.py
[2024-11-06T10:59:46.304-1100] {logging_mixin.py:190} INFO - [2024-11-06T10:59:46.303-1100] {dag.py:3239} INFO - Sync 1 DAGs
[2024-11-06T10:59:46.332-1100] {logging_mixin.py:190} INFO - [2024-11-06T10:59:46.331-1100] {dag.py:4180} INFO - Setting next_dagrun for example_short_circuit_operator to None, run_after=None
[2024-11-06T10:59:46.364-1100] {processor.py:208} INFO - Processing /home/ouaillaamiri/Development/lsi_3/airflow/venv/lib/python3.11/site-packages/airflow/example_dags/example_short_circuit_operator.py took 0.170 seconds
[2024-11-06T11:00:16.658-1100] {processor.py:186} INFO - Started process (PID=227860) to work on /home/ouaillaamiri/Development/lsi_3/airflow/venv/lib/python3.11/site-packages/airflow/example_dags/example_short_circuit_operator.py
[2024-11-06T11:00:16.660-1100] {processor.py:914} INFO - Processing file /home/ouaillaamiri/Development/lsi_3/airflow/venv/lib/python3.11/site-packages/airflow/example_dags/example_short_circuit_operator.py for tasks to queue
[2024-11-06T11:00:16.665-1100] {logging_mixin.py:190} INFO - [2024-11-06T11:00:16.665-1100] {dagbag.py:588} INFO - Filling up the DagBag from /home/ouaillaamiri/Development/lsi_3/airflow/venv/lib/python3.11/site-packages/airflow/example_dags/example_short_circuit_operator.py
[2024-11-06T11:00:16.686-1100] {processor.py:925} INFO - DAG(s) 'example_short_circuit_operator' retrieved from /home/ouaillaamiri/Development/lsi_3/airflow/venv/lib/python3.11/site-packages/airflow/example_dags/example_short_circuit_operator.py
[2024-11-06T11:00:16.741-1100] {logging_mixin.py:190} INFO - [2024-11-06T11:00:16.741-1100] {dag.py:3239} INFO - Sync 1 DAGs
[2024-11-06T11:00:16.766-1100] {logging_mixin.py:190} INFO - [2024-11-06T11:00:16.766-1100] {dag.py:4180} INFO - Setting next_dagrun for example_short_circuit_operator to None, run_after=None
[2024-11-06T11:00:16.802-1100] {processor.py:208} INFO - Processing /home/ouaillaamiri/Development/lsi_3/airflow/venv/lib/python3.11/site-packages/airflow/example_dags/example_short_circuit_operator.py took 0.157 seconds
[2024-11-06T11:00:54.951-1100] {processor.py:186} INFO - Started process (PID=228628) to work on /home/ouaillaamiri/Development/lsi_3/airflow/venv/lib/python3.11/site-packages/airflow/example_dags/example_short_circuit_operator.py
[2024-11-06T11:00:54.953-1100] {processor.py:914} INFO - Processing file /home/ouaillaamiri/Development/lsi_3/airflow/venv/lib/python3.11/site-packages/airflow/example_dags/example_short_circuit_operator.py for tasks to queue
[2024-11-06T11:00:54.957-1100] {logging_mixin.py:190} INFO - [2024-11-06T11:00:54.957-1100] {dagbag.py:588} INFO - Filling up the DagBag from /home/ouaillaamiri/Development/lsi_3/airflow/venv/lib/python3.11/site-packages/airflow/example_dags/example_short_circuit_operator.py
[2024-11-06T11:00:54.977-1100] {processor.py:925} INFO - DAG(s) 'example_short_circuit_operator' retrieved from /home/ouaillaamiri/Development/lsi_3/airflow/venv/lib/python3.11/site-packages/airflow/example_dags/example_short_circuit_operator.py
[2024-11-06T11:00:55.051-1100] {logging_mixin.py:190} INFO - [2024-11-06T11:00:55.050-1100] {dag.py:3239} INFO - Sync 1 DAGs
[2024-11-06T11:00:55.075-1100] {logging_mixin.py:190} INFO - [2024-11-06T11:00:55.074-1100] {dag.py:4180} INFO - Setting next_dagrun for example_short_circuit_operator to None, run_after=None
[2024-11-06T11:00:55.126-1100] {processor.py:208} INFO - Processing /home/ouaillaamiri/Development/lsi_3/airflow/venv/lib/python3.11/site-packages/airflow/example_dags/example_short_circuit_operator.py took 0.188 seconds
[2024-11-06T11:01:25.661-1100] {processor.py:186} INFO - Started process (PID=229233) to work on /home/ouaillaamiri/Development/lsi_3/airflow/venv/lib/python3.11/site-packages/airflow/example_dags/example_short_circuit_operator.py
[2024-11-06T11:01:25.663-1100] {processor.py:914} INFO - Processing file /home/ouaillaamiri/Development/lsi_3/airflow/venv/lib/python3.11/site-packages/airflow/example_dags/example_short_circuit_operator.py for tasks to queue
[2024-11-06T11:01:25.670-1100] {logging_mixin.py:190} INFO - [2024-11-06T11:01:25.669-1100] {dagbag.py:588} INFO - Filling up the DagBag from /home/ouaillaamiri/Development/lsi_3/airflow/venv/lib/python3.11/site-packages/airflow/example_dags/example_short_circuit_operator.py
[2024-11-06T11:01:25.695-1100] {processor.py:925} INFO - DAG(s) 'example_short_circuit_operator' retrieved from /home/ouaillaamiri/Development/lsi_3/airflow/venv/lib/python3.11/site-packages/airflow/example_dags/example_short_circuit_operator.py
[2024-11-06T11:01:25.781-1100] {logging_mixin.py:190} INFO - [2024-11-06T11:01:25.780-1100] {dag.py:3239} INFO - Sync 1 DAGs
[2024-11-06T11:01:25.815-1100] {logging_mixin.py:190} INFO - [2024-11-06T11:01:25.815-1100] {dag.py:4180} INFO - Setting next_dagrun for example_short_circuit_operator to None, run_after=None
[2024-11-06T11:01:25.853-1100] {processor.py:208} INFO - Processing /home/ouaillaamiri/Development/lsi_3/airflow/venv/lib/python3.11/site-packages/airflow/example_dags/example_short_circuit_operator.py took 0.208 seconds
[2024-11-06T11:01:56.026-1100] {processor.py:186} INFO - Started process (PID=229604) to work on /home/ouaillaamiri/Development/lsi_3/airflow/venv/lib/python3.11/site-packages/airflow/example_dags/example_short_circuit_operator.py
[2024-11-06T11:01:56.028-1100] {processor.py:914} INFO - Processing file /home/ouaillaamiri/Development/lsi_3/airflow/venv/lib/python3.11/site-packages/airflow/example_dags/example_short_circuit_operator.py for tasks to queue
[2024-11-06T11:01:56.033-1100] {logging_mixin.py:190} INFO - [2024-11-06T11:01:56.032-1100] {dagbag.py:588} INFO - Filling up the DagBag from /home/ouaillaamiri/Development/lsi_3/airflow/venv/lib/python3.11/site-packages/airflow/example_dags/example_short_circuit_operator.py
[2024-11-06T11:01:56.050-1100] {processor.py:925} INFO - DAG(s) 'example_short_circuit_operator' retrieved from /home/ouaillaamiri/Development/lsi_3/airflow/venv/lib/python3.11/site-packages/airflow/example_dags/example_short_circuit_operator.py
[2024-11-06T11:01:56.119-1100] {logging_mixin.py:190} INFO - [2024-11-06T11:01:56.119-1100] {dag.py:3239} INFO - Sync 1 DAGs
[2024-11-06T11:01:56.145-1100] {logging_mixin.py:190} INFO - [2024-11-06T11:01:56.144-1100] {dag.py:4180} INFO - Setting next_dagrun for example_short_circuit_operator to None, run_after=None
[2024-11-06T11:01:56.183-1100] {processor.py:208} INFO - Processing /home/ouaillaamiri/Development/lsi_3/airflow/venv/lib/python3.11/site-packages/airflow/example_dags/example_short_circuit_operator.py took 0.168 seconds
[2024-11-06T11:02:26.720-1100] {processor.py:186} INFO - Started process (PID=230198) to work on /home/ouaillaamiri/Development/lsi_3/airflow/venv/lib/python3.11/site-packages/airflow/example_dags/example_short_circuit_operator.py
[2024-11-06T11:02:26.722-1100] {processor.py:914} INFO - Processing file /home/ouaillaamiri/Development/lsi_3/airflow/venv/lib/python3.11/site-packages/airflow/example_dags/example_short_circuit_operator.py for tasks to queue
[2024-11-06T11:02:26.726-1100] {logging_mixin.py:190} INFO - [2024-11-06T11:02:26.726-1100] {dagbag.py:588} INFO - Filling up the DagBag from /home/ouaillaamiri/Development/lsi_3/airflow/venv/lib/python3.11/site-packages/airflow/example_dags/example_short_circuit_operator.py
[2024-11-06T11:02:26.742-1100] {processor.py:925} INFO - DAG(s) 'example_short_circuit_operator' retrieved from /home/ouaillaamiri/Development/lsi_3/airflow/venv/lib/python3.11/site-packages/airflow/example_dags/example_short_circuit_operator.py
[2024-11-06T11:02:26.805-1100] {logging_mixin.py:190} INFO - [2024-11-06T11:02:26.804-1100] {dag.py:3239} INFO - Sync 1 DAGs
[2024-11-06T11:02:26.831-1100] {logging_mixin.py:190} INFO - [2024-11-06T11:02:26.830-1100] {dag.py:4180} INFO - Setting next_dagrun for example_short_circuit_operator to None, run_after=None
[2024-11-06T11:02:26.867-1100] {processor.py:208} INFO - Processing /home/ouaillaamiri/Development/lsi_3/airflow/venv/lib/python3.11/site-packages/airflow/example_dags/example_short_circuit_operator.py took 0.157 seconds
[2024-11-06T11:02:57.435-1100] {processor.py:186} INFO - Started process (PID=231184) to work on /home/ouaillaamiri/Development/lsi_3/airflow/venv/lib/python3.11/site-packages/airflow/example_dags/example_short_circuit_operator.py
[2024-11-06T11:02:57.438-1100] {processor.py:914} INFO - Processing file /home/ouaillaamiri/Development/lsi_3/airflow/venv/lib/python3.11/site-packages/airflow/example_dags/example_short_circuit_operator.py for tasks to queue
[2024-11-06T11:02:57.442-1100] {logging_mixin.py:190} INFO - [2024-11-06T11:02:57.442-1100] {dagbag.py:588} INFO - Filling up the DagBag from /home/ouaillaamiri/Development/lsi_3/airflow/venv/lib/python3.11/site-packages/airflow/example_dags/example_short_circuit_operator.py
[2024-11-06T11:02:57.462-1100] {processor.py:925} INFO - DAG(s) 'example_short_circuit_operator' retrieved from /home/ouaillaamiri/Development/lsi_3/airflow/venv/lib/python3.11/site-packages/airflow/example_dags/example_short_circuit_operator.py
[2024-11-06T11:02:57.535-1100] {logging_mixin.py:190} INFO - [2024-11-06T11:02:57.535-1100] {dag.py:3239} INFO - Sync 1 DAGs
[2024-11-06T11:02:57.566-1100] {logging_mixin.py:190} INFO - [2024-11-06T11:02:57.566-1100] {dag.py:4180} INFO - Setting next_dagrun for example_short_circuit_operator to None, run_after=None
[2024-11-06T11:02:57.607-1100] {processor.py:208} INFO - Processing /home/ouaillaamiri/Development/lsi_3/airflow/venv/lib/python3.11/site-packages/airflow/example_dags/example_short_circuit_operator.py took 0.186 seconds
[2024-11-06T11:03:27.968-1100] {processor.py:186} INFO - Started process (PID=231545) to work on /home/ouaillaamiri/Development/lsi_3/airflow/venv/lib/python3.11/site-packages/airflow/example_dags/example_short_circuit_operator.py
[2024-11-06T11:03:27.970-1100] {processor.py:914} INFO - Processing file /home/ouaillaamiri/Development/lsi_3/airflow/venv/lib/python3.11/site-packages/airflow/example_dags/example_short_circuit_operator.py for tasks to queue
[2024-11-06T11:03:27.976-1100] {logging_mixin.py:190} INFO - [2024-11-06T11:03:27.975-1100] {dagbag.py:588} INFO - Filling up the DagBag from /home/ouaillaamiri/Development/lsi_3/airflow/venv/lib/python3.11/site-packages/airflow/example_dags/example_short_circuit_operator.py
[2024-11-06T11:03:27.994-1100] {processor.py:925} INFO - DAG(s) 'example_short_circuit_operator' retrieved from /home/ouaillaamiri/Development/lsi_3/airflow/venv/lib/python3.11/site-packages/airflow/example_dags/example_short_circuit_operator.py
[2024-11-06T11:03:28.074-1100] {logging_mixin.py:190} INFO - [2024-11-06T11:03:28.073-1100] {dag.py:3239} INFO - Sync 1 DAGs
[2024-11-06T11:03:28.106-1100] {logging_mixin.py:190} INFO - [2024-11-06T11:03:28.106-1100] {dag.py:4180} INFO - Setting next_dagrun for example_short_circuit_operator to None, run_after=None
[2024-11-06T11:03:28.149-1100] {processor.py:208} INFO - Processing /home/ouaillaamiri/Development/lsi_3/airflow/venv/lib/python3.11/site-packages/airflow/example_dags/example_short_circuit_operator.py took 0.194 seconds
[2024-11-06T11:03:58.720-1100] {processor.py:186} INFO - Started process (PID=232222) to work on /home/ouaillaamiri/Development/lsi_3/airflow/venv/lib/python3.11/site-packages/airflow/example_dags/example_short_circuit_operator.py
[2024-11-06T11:03:58.721-1100] {processor.py:914} INFO - Processing file /home/ouaillaamiri/Development/lsi_3/airflow/venv/lib/python3.11/site-packages/airflow/example_dags/example_short_circuit_operator.py for tasks to queue
[2024-11-06T11:03:58.725-1100] {logging_mixin.py:190} INFO - [2024-11-06T11:03:58.725-1100] {dagbag.py:588} INFO - Filling up the DagBag from /home/ouaillaamiri/Development/lsi_3/airflow/venv/lib/python3.11/site-packages/airflow/example_dags/example_short_circuit_operator.py
[2024-11-06T11:03:58.743-1100] {processor.py:925} INFO - DAG(s) 'example_short_circuit_operator' retrieved from /home/ouaillaamiri/Development/lsi_3/airflow/venv/lib/python3.11/site-packages/airflow/example_dags/example_short_circuit_operator.py
[2024-11-06T11:03:58.804-1100] {logging_mixin.py:190} INFO - [2024-11-06T11:03:58.804-1100] {dag.py:3239} INFO - Sync 1 DAGs
[2024-11-06T11:03:58.831-1100] {logging_mixin.py:190} INFO - [2024-11-06T11:03:58.830-1100] {dag.py:4180} INFO - Setting next_dagrun for example_short_circuit_operator to None, run_after=None
[2024-11-06T11:03:58.871-1100] {processor.py:208} INFO - Processing /home/ouaillaamiri/Development/lsi_3/airflow/venv/lib/python3.11/site-packages/airflow/example_dags/example_short_circuit_operator.py took 0.163 seconds
[2024-11-06T11:04:29.345-1100] {processor.py:186} INFO - Started process (PID=232593) to work on /home/ouaillaamiri/Development/lsi_3/airflow/venv/lib/python3.11/site-packages/airflow/example_dags/example_short_circuit_operator.py
[2024-11-06T11:04:29.348-1100] {processor.py:914} INFO - Processing file /home/ouaillaamiri/Development/lsi_3/airflow/venv/lib/python3.11/site-packages/airflow/example_dags/example_short_circuit_operator.py for tasks to queue
[2024-11-06T11:04:29.355-1100] {logging_mixin.py:190} INFO - [2024-11-06T11:04:29.354-1100] {dagbag.py:588} INFO - Filling up the DagBag from /home/ouaillaamiri/Development/lsi_3/airflow/venv/lib/python3.11/site-packages/airflow/example_dags/example_short_circuit_operator.py
[2024-11-06T11:04:29.376-1100] {processor.py:925} INFO - DAG(s) 'example_short_circuit_operator' retrieved from /home/ouaillaamiri/Development/lsi_3/airflow/venv/lib/python3.11/site-packages/airflow/example_dags/example_short_circuit_operator.py
[2024-11-06T11:04:29.450-1100] {logging_mixin.py:190} INFO - [2024-11-06T11:04:29.449-1100] {dag.py:3239} INFO - Sync 1 DAGs
[2024-11-06T11:04:29.484-1100] {logging_mixin.py:190} INFO - [2024-11-06T11:04:29.483-1100] {dag.py:4180} INFO - Setting next_dagrun for example_short_circuit_operator to None, run_after=None
[2024-11-06T11:04:29.525-1100] {processor.py:208} INFO - Processing /home/ouaillaamiri/Development/lsi_3/airflow/venv/lib/python3.11/site-packages/airflow/example_dags/example_short_circuit_operator.py took 0.196 seconds
