[2024-11-06T10:53:37.372-1100] {processor.py:186} INFO - Started process (PID=219616) to work on /home/ouaillaamiri/Development/lsi_3/airflow/venv/lib/python3.11/site-packages/airflow/example_dags/example_dynamic_task_mapping.py
[2024-11-06T10:53:37.374-1100] {processor.py:914} INFO - Processing file /home/ouaillaamiri/Development/lsi_3/airflow/venv/lib/python3.11/site-packages/airflow/example_dags/example_dynamic_task_mapping.py for tasks to queue
[2024-11-06T10:53:37.378-1100] {logging_mixin.py:190} INFO - [2024-11-06T10:53:37.377-1100] {dagbag.py:588} INFO - Filling up the DagBag from /home/ouaillaamiri/Development/lsi_3/airflow/venv/lib/python3.11/site-packages/airflow/example_dags/example_dynamic_task_mapping.py
[2024-11-06T10:53:37.393-1100] {processor.py:925} INFO - DAG(s) 'example_dynamic_task_mapping' retrieved from /home/ouaillaamiri/Development/lsi_3/airflow/venv/lib/python3.11/site-packages/airflow/example_dags/example_dynamic_task_mapping.py
[2024-11-06T10:53:37.594-1100] {logging_mixin.py:190} INFO - [2024-11-06T10:53:37.593-1100] {override.py:1911} INFO - Created Permission View: can edit on DAG:example_dynamic_task_mapping
[2024-11-06T10:53:37.618-1100] {logging_mixin.py:190} INFO - [2024-11-06T10:53:37.617-1100] {override.py:1911} INFO - Created Permission View: can delete on DAG:example_dynamic_task_mapping
[2024-11-06T10:53:37.631-1100] {logging_mixin.py:190} INFO - [2024-11-06T10:53:37.630-1100] {override.py:1911} INFO - Created Permission View: can read on DAG:example_dynamic_task_mapping
[2024-11-06T10:53:37.644-1100] {logging_mixin.py:190} INFO - [2024-11-06T10:53:37.644-1100] {override.py:1911} INFO - Created Permission View: can delete on DAG Run:example_dynamic_task_mapping
[2024-11-06T10:53:37.658-1100] {logging_mixin.py:190} INFO - [2024-11-06T10:53:37.658-1100] {override.py:1911} INFO - Created Permission View: can create on DAG Run:example_dynamic_task_mapping
[2024-11-06T10:53:37.677-1100] {logging_mixin.py:190} INFO - [2024-11-06T10:53:37.676-1100] {override.py:1911} INFO - Created Permission View: menu access on DAG Run:example_dynamic_task_mapping
[2024-11-06T10:53:37.691-1100] {logging_mixin.py:190} INFO - [2024-11-06T10:53:37.690-1100] {override.py:1911} INFO - Created Permission View: can read on DAG Run:example_dynamic_task_mapping
[2024-11-06T10:53:37.692-1100] {logging_mixin.py:190} INFO - [2024-11-06T10:53:37.692-1100] {dag.py:3239} INFO - Sync 1 DAGs
[2024-11-06T10:53:37.715-1100] {logging_mixin.py:190} INFO - [2024-11-06T10:53:37.713-1100] {dag.py:3262} INFO - Creating ORM DAG for example_dynamic_task_mapping
[2024-11-06T10:53:37.715-1100] {logging_mixin.py:190} INFO - [2024-11-06T10:53:37.715-1100] {dag.py:4180} INFO - Setting next_dagrun for example_dynamic_task_mapping to None, run_after=None
[2024-11-06T10:53:37.743-1100] {processor.py:208} INFO - Processing /home/ouaillaamiri/Development/lsi_3/airflow/venv/lib/python3.11/site-packages/airflow/example_dags/example_dynamic_task_mapping.py took 0.382 seconds
[2024-11-06T10:54:08.275-1100] {processor.py:186} INFO - Started process (PID=220342) to work on /home/ouaillaamiri/Development/lsi_3/airflow/venv/lib/python3.11/site-packages/airflow/example_dags/example_dynamic_task_mapping.py
[2024-11-06T10:54:08.277-1100] {processor.py:914} INFO - Processing file /home/ouaillaamiri/Development/lsi_3/airflow/venv/lib/python3.11/site-packages/airflow/example_dags/example_dynamic_task_mapping.py for tasks to queue
[2024-11-06T10:54:08.281-1100] {logging_mixin.py:190} INFO - [2024-11-06T10:54:08.280-1100] {dagbag.py:588} INFO - Filling up the DagBag from /home/ouaillaamiri/Development/lsi_3/airflow/venv/lib/python3.11/site-packages/airflow/example_dags/example_dynamic_task_mapping.py
[2024-11-06T10:54:08.296-1100] {processor.py:925} INFO - DAG(s) 'example_dynamic_task_mapping' retrieved from /home/ouaillaamiri/Development/lsi_3/airflow/venv/lib/python3.11/site-packages/airflow/example_dags/example_dynamic_task_mapping.py
[2024-11-06T10:54:08.354-1100] {logging_mixin.py:190} INFO - [2024-11-06T10:54:08.354-1100] {dag.py:3239} INFO - Sync 1 DAGs
[2024-11-06T10:54:08.391-1100] {logging_mixin.py:190} INFO - [2024-11-06T10:54:08.390-1100] {dag.py:4180} INFO - Setting next_dagrun for example_dynamic_task_mapping to None, run_after=None
[2024-11-06T10:54:08.432-1100] {processor.py:208} INFO - Processing /home/ouaillaamiri/Development/lsi_3/airflow/venv/lib/python3.11/site-packages/airflow/example_dags/example_dynamic_task_mapping.py took 0.166 seconds
[2024-11-06T10:54:38.743-1100] {processor.py:186} INFO - Started process (PID=220711) to work on /home/ouaillaamiri/Development/lsi_3/airflow/venv/lib/python3.11/site-packages/airflow/example_dags/example_dynamic_task_mapping.py
[2024-11-06T10:54:38.745-1100] {processor.py:914} INFO - Processing file /home/ouaillaamiri/Development/lsi_3/airflow/venv/lib/python3.11/site-packages/airflow/example_dags/example_dynamic_task_mapping.py for tasks to queue
[2024-11-06T10:54:38.749-1100] {logging_mixin.py:190} INFO - [2024-11-06T10:54:38.748-1100] {dagbag.py:588} INFO - Filling up the DagBag from /home/ouaillaamiri/Development/lsi_3/airflow/venv/lib/python3.11/site-packages/airflow/example_dags/example_dynamic_task_mapping.py
[2024-11-06T10:54:38.764-1100] {processor.py:925} INFO - DAG(s) 'example_dynamic_task_mapping' retrieved from /home/ouaillaamiri/Development/lsi_3/airflow/venv/lib/python3.11/site-packages/airflow/example_dags/example_dynamic_task_mapping.py
[2024-11-06T10:54:38.820-1100] {logging_mixin.py:190} INFO - [2024-11-06T10:54:38.819-1100] {dag.py:3239} INFO - Sync 1 DAGs
[2024-11-06T10:54:38.848-1100] {logging_mixin.py:190} INFO - [2024-11-06T10:54:38.847-1100] {dag.py:4180} INFO - Setting next_dagrun for example_dynamic_task_mapping to None, run_after=None
[2024-11-06T10:54:38.882-1100] {processor.py:208} INFO - Processing /home/ouaillaamiri/Development/lsi_3/airflow/venv/lib/python3.11/site-packages/airflow/example_dags/example_dynamic_task_mapping.py took 0.149 seconds
[2024-11-06T10:55:09.177-1100] {processor.py:186} INFO - Started process (PID=221410) to work on /home/ouaillaamiri/Development/lsi_3/airflow/venv/lib/python3.11/site-packages/airflow/example_dags/example_dynamic_task_mapping.py
[2024-11-06T10:55:09.179-1100] {processor.py:914} INFO - Processing file /home/ouaillaamiri/Development/lsi_3/airflow/venv/lib/python3.11/site-packages/airflow/example_dags/example_dynamic_task_mapping.py for tasks to queue
[2024-11-06T10:55:09.183-1100] {logging_mixin.py:190} INFO - [2024-11-06T10:55:09.182-1100] {dagbag.py:588} INFO - Filling up the DagBag from /home/ouaillaamiri/Development/lsi_3/airflow/venv/lib/python3.11/site-packages/airflow/example_dags/example_dynamic_task_mapping.py
[2024-11-06T10:55:09.203-1100] {processor.py:925} INFO - DAG(s) 'example_dynamic_task_mapping' retrieved from /home/ouaillaamiri/Development/lsi_3/airflow/venv/lib/python3.11/site-packages/airflow/example_dags/example_dynamic_task_mapping.py
[2024-11-06T10:55:09.272-1100] {logging_mixin.py:190} INFO - [2024-11-06T10:55:09.272-1100] {dag.py:3239} INFO - Sync 1 DAGs
[2024-11-06T10:55:09.304-1100] {logging_mixin.py:190} INFO - [2024-11-06T10:55:09.304-1100] {dag.py:4180} INFO - Setting next_dagrun for example_dynamic_task_mapping to None, run_after=None
[2024-11-06T10:55:09.346-1100] {processor.py:208} INFO - Processing /home/ouaillaamiri/Development/lsi_3/airflow/venv/lib/python3.11/site-packages/airflow/example_dags/example_dynamic_task_mapping.py took 0.181 seconds
[2024-11-06T10:55:39.785-1100] {processor.py:186} INFO - Started process (PID=221778) to work on /home/ouaillaamiri/Development/lsi_3/airflow/venv/lib/python3.11/site-packages/airflow/example_dags/example_dynamic_task_mapping.py
[2024-11-06T10:55:39.787-1100] {processor.py:914} INFO - Processing file /home/ouaillaamiri/Development/lsi_3/airflow/venv/lib/python3.11/site-packages/airflow/example_dags/example_dynamic_task_mapping.py for tasks to queue
[2024-11-06T10:55:39.791-1100] {logging_mixin.py:190} INFO - [2024-11-06T10:55:39.791-1100] {dagbag.py:588} INFO - Filling up the DagBag from /home/ouaillaamiri/Development/lsi_3/airflow/venv/lib/python3.11/site-packages/airflow/example_dags/example_dynamic_task_mapping.py
[2024-11-06T10:55:39.810-1100] {processor.py:925} INFO - DAG(s) 'example_dynamic_task_mapping' retrieved from /home/ouaillaamiri/Development/lsi_3/airflow/venv/lib/python3.11/site-packages/airflow/example_dags/example_dynamic_task_mapping.py
[2024-11-06T10:55:39.871-1100] {logging_mixin.py:190} INFO - [2024-11-06T10:55:39.871-1100] {dag.py:3239} INFO - Sync 1 DAGs
[2024-11-06T10:55:39.898-1100] {logging_mixin.py:190} INFO - [2024-11-06T10:55:39.898-1100] {dag.py:4180} INFO - Setting next_dagrun for example_dynamic_task_mapping to None, run_after=None
[2024-11-06T10:55:39.937-1100] {processor.py:208} INFO - Processing /home/ouaillaamiri/Development/lsi_3/airflow/venv/lib/python3.11/site-packages/airflow/example_dags/example_dynamic_task_mapping.py took 0.164 seconds
[2024-11-06T10:56:10.397-1100] {processor.py:186} INFO - Started process (PID=222161) to work on /home/ouaillaamiri/Development/lsi_3/airflow/venv/lib/python3.11/site-packages/airflow/example_dags/example_dynamic_task_mapping.py
[2024-11-06T10:56:10.399-1100] {processor.py:914} INFO - Processing file /home/ouaillaamiri/Development/lsi_3/airflow/venv/lib/python3.11/site-packages/airflow/example_dags/example_dynamic_task_mapping.py for tasks to queue
[2024-11-06T10:56:10.405-1100] {logging_mixin.py:190} INFO - [2024-11-06T10:56:10.404-1100] {dagbag.py:588} INFO - Filling up the DagBag from /home/ouaillaamiri/Development/lsi_3/airflow/venv/lib/python3.11/site-packages/airflow/example_dags/example_dynamic_task_mapping.py
[2024-11-06T10:56:10.423-1100] {processor.py:925} INFO - DAG(s) 'example_dynamic_task_mapping' retrieved from /home/ouaillaamiri/Development/lsi_3/airflow/venv/lib/python3.11/site-packages/airflow/example_dags/example_dynamic_task_mapping.py
[2024-11-06T10:56:10.485-1100] {logging_mixin.py:190} INFO - [2024-11-06T10:56:10.484-1100] {dag.py:3239} INFO - Sync 1 DAGs
[2024-11-06T10:56:10.510-1100] {logging_mixin.py:190} INFO - [2024-11-06T10:56:10.509-1100] {dag.py:4180} INFO - Setting next_dagrun for example_dynamic_task_mapping to None, run_after=None
[2024-11-06T10:56:10.545-1100] {processor.py:208} INFO - Processing /home/ouaillaamiri/Development/lsi_3/airflow/venv/lib/python3.11/site-packages/airflow/example_dags/example_dynamic_task_mapping.py took 0.159 seconds
[2024-11-06T10:56:47.548-1100] {processor.py:186} INFO - Started process (PID=223357) to work on /home/ouaillaamiri/Development/lsi_3/airflow/venv/lib/python3.11/site-packages/airflow/example_dags/example_dynamic_task_mapping.py
[2024-11-06T10:56:47.550-1100] {processor.py:914} INFO - Processing file /home/ouaillaamiri/Development/lsi_3/airflow/venv/lib/python3.11/site-packages/airflow/example_dags/example_dynamic_task_mapping.py for tasks to queue
[2024-11-06T10:56:47.554-1100] {logging_mixin.py:190} INFO - [2024-11-06T10:56:47.553-1100] {dagbag.py:588} INFO - Filling up the DagBag from /home/ouaillaamiri/Development/lsi_3/airflow/venv/lib/python3.11/site-packages/airflow/example_dags/example_dynamic_task_mapping.py
[2024-11-06T10:56:47.570-1100] {processor.py:925} INFO - DAG(s) 'example_dynamic_task_mapping' retrieved from /home/ouaillaamiri/Development/lsi_3/airflow/venv/lib/python3.11/site-packages/airflow/example_dags/example_dynamic_task_mapping.py
[2024-11-06T10:56:47.629-1100] {logging_mixin.py:190} INFO - [2024-11-06T10:56:47.628-1100] {dag.py:3239} INFO - Sync 1 DAGs
[2024-11-06T10:56:47.656-1100] {logging_mixin.py:190} INFO - [2024-11-06T10:56:47.656-1100] {dag.py:4180} INFO - Setting next_dagrun for example_dynamic_task_mapping to None, run_after=None
[2024-11-06T10:56:47.692-1100] {processor.py:208} INFO - Processing /home/ouaillaamiri/Development/lsi_3/airflow/venv/lib/python3.11/site-packages/airflow/example_dags/example_dynamic_task_mapping.py took 0.155 seconds
[2024-11-06T10:57:18.354-1100] {processor.py:186} INFO - Started process (PID=224467) to work on /home/ouaillaamiri/Development/lsi_3/airflow/venv/lib/python3.11/site-packages/airflow/example_dags/example_dynamic_task_mapping.py
[2024-11-06T10:57:18.356-1100] {processor.py:914} INFO - Processing file /home/ouaillaamiri/Development/lsi_3/airflow/venv/lib/python3.11/site-packages/airflow/example_dags/example_dynamic_task_mapping.py for tasks to queue
[2024-11-06T10:57:18.364-1100] {logging_mixin.py:190} INFO - [2024-11-06T10:57:18.363-1100] {dagbag.py:588} INFO - Filling up the DagBag from /home/ouaillaamiri/Development/lsi_3/airflow/venv/lib/python3.11/site-packages/airflow/example_dags/example_dynamic_task_mapping.py
[2024-11-06T10:57:18.391-1100] {processor.py:925} INFO - DAG(s) 'example_dynamic_task_mapping' retrieved from /home/ouaillaamiri/Development/lsi_3/airflow/venv/lib/python3.11/site-packages/airflow/example_dags/example_dynamic_task_mapping.py
[2024-11-06T10:57:18.465-1100] {logging_mixin.py:190} INFO - [2024-11-06T10:57:18.464-1100] {dag.py:3239} INFO - Sync 1 DAGs
[2024-11-06T10:57:18.492-1100] {logging_mixin.py:190} INFO - [2024-11-06T10:57:18.492-1100] {dag.py:4180} INFO - Setting next_dagrun for example_dynamic_task_mapping to None, run_after=None
[2024-11-06T10:57:18.546-1100] {processor.py:208} INFO - Processing /home/ouaillaamiri/Development/lsi_3/airflow/venv/lib/python3.11/site-packages/airflow/example_dags/example_dynamic_task_mapping.py took 0.213 seconds
[2024-11-06T10:57:48.777-1100] {processor.py:186} INFO - Started process (PID=225253) to work on /home/ouaillaamiri/Development/lsi_3/airflow/venv/lib/python3.11/site-packages/airflow/example_dags/example_dynamic_task_mapping.py
[2024-11-06T10:57:48.779-1100] {processor.py:914} INFO - Processing file /home/ouaillaamiri/Development/lsi_3/airflow/venv/lib/python3.11/site-packages/airflow/example_dags/example_dynamic_task_mapping.py for tasks to queue
[2024-11-06T10:57:48.783-1100] {logging_mixin.py:190} INFO - [2024-11-06T10:57:48.783-1100] {dagbag.py:588} INFO - Filling up the DagBag from /home/ouaillaamiri/Development/lsi_3/airflow/venv/lib/python3.11/site-packages/airflow/example_dags/example_dynamic_task_mapping.py
[2024-11-06T10:57:48.799-1100] {processor.py:925} INFO - DAG(s) 'example_dynamic_task_mapping' retrieved from /home/ouaillaamiri/Development/lsi_3/airflow/venv/lib/python3.11/site-packages/airflow/example_dags/example_dynamic_task_mapping.py
[2024-11-06T10:57:48.863-1100] {logging_mixin.py:190} INFO - [2024-11-06T10:57:48.862-1100] {dag.py:3239} INFO - Sync 1 DAGs
[2024-11-06T10:57:48.893-1100] {logging_mixin.py:190} INFO - [2024-11-06T10:57:48.892-1100] {dag.py:4180} INFO - Setting next_dagrun for example_dynamic_task_mapping to None, run_after=None
[2024-11-06T10:57:48.926-1100] {processor.py:208} INFO - Processing /home/ouaillaamiri/Development/lsi_3/airflow/venv/lib/python3.11/site-packages/airflow/example_dags/example_dynamic_task_mapping.py took 0.159 seconds
[2024-11-06T10:58:20.201-1100] {processor.py:186} INFO - Started process (PID=225803) to work on /home/ouaillaamiri/Development/lsi_3/airflow/venv/lib/python3.11/site-packages/airflow/example_dags/example_dynamic_task_mapping.py
[2024-11-06T10:58:20.203-1100] {processor.py:914} INFO - Processing file /home/ouaillaamiri/Development/lsi_3/airflow/venv/lib/python3.11/site-packages/airflow/example_dags/example_dynamic_task_mapping.py for tasks to queue
[2024-11-06T10:58:20.208-1100] {logging_mixin.py:190} INFO - [2024-11-06T10:58:20.207-1100] {dagbag.py:588} INFO - Filling up the DagBag from /home/ouaillaamiri/Development/lsi_3/airflow/venv/lib/python3.11/site-packages/airflow/example_dags/example_dynamic_task_mapping.py
[2024-11-06T10:58:20.227-1100] {processor.py:925} INFO - DAG(s) 'example_dynamic_task_mapping' retrieved from /home/ouaillaamiri/Development/lsi_3/airflow/venv/lib/python3.11/site-packages/airflow/example_dags/example_dynamic_task_mapping.py
[2024-11-06T10:58:20.293-1100] {logging_mixin.py:190} INFO - [2024-11-06T10:58:20.292-1100] {dag.py:3239} INFO - Sync 1 DAGs
[2024-11-06T10:58:20.323-1100] {logging_mixin.py:190} INFO - [2024-11-06T10:58:20.323-1100] {dag.py:4180} INFO - Setting next_dagrun for example_dynamic_task_mapping to None, run_after=None
[2024-11-06T10:58:20.363-1100] {processor.py:208} INFO - Processing /home/ouaillaamiri/Development/lsi_3/airflow/venv/lib/python3.11/site-packages/airflow/example_dags/example_dynamic_task_mapping.py took 0.175 seconds
[2024-11-06T10:58:50.531-1100] {processor.py:186} INFO - Started process (PID=226534) to work on /home/ouaillaamiri/Development/lsi_3/airflow/venv/lib/python3.11/site-packages/airflow/example_dags/example_dynamic_task_mapping.py
[2024-11-06T10:58:50.533-1100] {processor.py:914} INFO - Processing file /home/ouaillaamiri/Development/lsi_3/airflow/venv/lib/python3.11/site-packages/airflow/example_dags/example_dynamic_task_mapping.py for tasks to queue
[2024-11-06T10:58:50.537-1100] {logging_mixin.py:190} INFO - [2024-11-06T10:58:50.536-1100] {dagbag.py:588} INFO - Filling up the DagBag from /home/ouaillaamiri/Development/lsi_3/airflow/venv/lib/python3.11/site-packages/airflow/example_dags/example_dynamic_task_mapping.py
[2024-11-06T10:58:50.555-1100] {processor.py:925} INFO - DAG(s) 'example_dynamic_task_mapping' retrieved from /home/ouaillaamiri/Development/lsi_3/airflow/venv/lib/python3.11/site-packages/airflow/example_dags/example_dynamic_task_mapping.py
[2024-11-06T10:58:50.611-1100] {logging_mixin.py:190} INFO - [2024-11-06T10:58:50.611-1100] {dag.py:3239} INFO - Sync 1 DAGs
[2024-11-06T10:58:50.636-1100] {logging_mixin.py:190} INFO - [2024-11-06T10:58:50.636-1100] {dag.py:4180} INFO - Setting next_dagrun for example_dynamic_task_mapping to None, run_after=None
[2024-11-06T10:58:50.670-1100] {processor.py:208} INFO - Processing /home/ouaillaamiri/Development/lsi_3/airflow/venv/lib/python3.11/site-packages/airflow/example_dags/example_dynamic_task_mapping.py took 0.150 seconds
[2024-11-06T10:59:21.335-1100] {processor.py:186} INFO - Started process (PID=227227) to work on /home/ouaillaamiri/Development/lsi_3/airflow/venv/lib/python3.11/site-packages/airflow/example_dags/example_dynamic_task_mapping.py
[2024-11-06T10:59:21.339-1100] {processor.py:914} INFO - Processing file /home/ouaillaamiri/Development/lsi_3/airflow/venv/lib/python3.11/site-packages/airflow/example_dags/example_dynamic_task_mapping.py for tasks to queue
[2024-11-06T10:59:21.343-1100] {logging_mixin.py:190} INFO - [2024-11-06T10:59:21.342-1100] {dagbag.py:588} INFO - Filling up the DagBag from /home/ouaillaamiri/Development/lsi_3/airflow/venv/lib/python3.11/site-packages/airflow/example_dags/example_dynamic_task_mapping.py
[2024-11-06T10:59:21.368-1100] {processor.py:925} INFO - DAG(s) 'example_dynamic_task_mapping' retrieved from /home/ouaillaamiri/Development/lsi_3/airflow/venv/lib/python3.11/site-packages/airflow/example_dags/example_dynamic_task_mapping.py
[2024-11-06T10:59:21.441-1100] {logging_mixin.py:190} INFO - [2024-11-06T10:59:21.441-1100] {dag.py:3239} INFO - Sync 1 DAGs
[2024-11-06T10:59:21.471-1100] {logging_mixin.py:190} INFO - [2024-11-06T10:59:21.471-1100] {dag.py:4180} INFO - Setting next_dagrun for example_dynamic_task_mapping to None, run_after=None
[2024-11-06T10:59:21.509-1100] {processor.py:208} INFO - Processing /home/ouaillaamiri/Development/lsi_3/airflow/venv/lib/python3.11/site-packages/airflow/example_dags/example_dynamic_task_mapping.py took 0.187 seconds
[2024-11-06T10:59:52.656-1100] {processor.py:186} INFO - Started process (PID=227624) to work on /home/ouaillaamiri/Development/lsi_3/airflow/venv/lib/python3.11/site-packages/airflow/example_dags/example_dynamic_task_mapping.py
[2024-11-06T10:59:52.658-1100] {processor.py:914} INFO - Processing file /home/ouaillaamiri/Development/lsi_3/airflow/venv/lib/python3.11/site-packages/airflow/example_dags/example_dynamic_task_mapping.py for tasks to queue
[2024-11-06T10:59:52.661-1100] {logging_mixin.py:190} INFO - [2024-11-06T10:59:52.661-1100] {dagbag.py:588} INFO - Filling up the DagBag from /home/ouaillaamiri/Development/lsi_3/airflow/venv/lib/python3.11/site-packages/airflow/example_dags/example_dynamic_task_mapping.py
[2024-11-06T10:59:52.676-1100] {processor.py:925} INFO - DAG(s) 'example_dynamic_task_mapping' retrieved from /home/ouaillaamiri/Development/lsi_3/airflow/venv/lib/python3.11/site-packages/airflow/example_dags/example_dynamic_task_mapping.py
[2024-11-06T10:59:52.732-1100] {logging_mixin.py:190} INFO - [2024-11-06T10:59:52.732-1100] {dag.py:3239} INFO - Sync 1 DAGs
[2024-11-06T10:59:52.759-1100] {logging_mixin.py:190} INFO - [2024-11-06T10:59:52.758-1100] {dag.py:4180} INFO - Setting next_dagrun for example_dynamic_task_mapping to None, run_after=None
[2024-11-06T10:59:52.791-1100] {processor.py:208} INFO - Processing /home/ouaillaamiri/Development/lsi_3/airflow/venv/lib/python3.11/site-packages/airflow/example_dags/example_dynamic_task_mapping.py took 0.145 seconds
[2024-11-06T11:00:59.033-1100] {processor.py:186} INFO - Started process (PID=228862) to work on /home/ouaillaamiri/Development/lsi_3/airflow/venv/lib/python3.11/site-packages/airflow/example_dags/example_dynamic_task_mapping.py
[2024-11-06T11:00:59.035-1100] {processor.py:914} INFO - Processing file /home/ouaillaamiri/Development/lsi_3/airflow/venv/lib/python3.11/site-packages/airflow/example_dags/example_dynamic_task_mapping.py for tasks to queue
[2024-11-06T11:00:59.041-1100] {logging_mixin.py:190} INFO - [2024-11-06T11:00:59.040-1100] {dagbag.py:588} INFO - Filling up the DagBag from /home/ouaillaamiri/Development/lsi_3/airflow/venv/lib/python3.11/site-packages/airflow/example_dags/example_dynamic_task_mapping.py
[2024-11-06T11:00:59.062-1100] {processor.py:925} INFO - DAG(s) 'example_dynamic_task_mapping' retrieved from /home/ouaillaamiri/Development/lsi_3/airflow/venv/lib/python3.11/site-packages/airflow/example_dags/example_dynamic_task_mapping.py
[2024-11-06T11:00:59.142-1100] {logging_mixin.py:190} INFO - [2024-11-06T11:00:59.142-1100] {dag.py:3239} INFO - Sync 1 DAGs
[2024-11-06T11:00:59.176-1100] {logging_mixin.py:190} INFO - [2024-11-06T11:00:59.175-1100] {dag.py:4180} INFO - Setting next_dagrun for example_dynamic_task_mapping to None, run_after=None
[2024-11-06T11:00:59.217-1100] {processor.py:208} INFO - Processing /home/ouaillaamiri/Development/lsi_3/airflow/venv/lib/python3.11/site-packages/airflow/example_dags/example_dynamic_task_mapping.py took 0.197 seconds
[2024-11-06T11:01:30.074-1100] {processor.py:186} INFO - Started process (PID=229404) to work on /home/ouaillaamiri/Development/lsi_3/airflow/venv/lib/python3.11/site-packages/airflow/example_dags/example_dynamic_task_mapping.py
[2024-11-06T11:01:30.075-1100] {processor.py:914} INFO - Processing file /home/ouaillaamiri/Development/lsi_3/airflow/venv/lib/python3.11/site-packages/airflow/example_dags/example_dynamic_task_mapping.py for tasks to queue
[2024-11-06T11:01:30.079-1100] {logging_mixin.py:190} INFO - [2024-11-06T11:01:30.079-1100] {dagbag.py:588} INFO - Filling up the DagBag from /home/ouaillaamiri/Development/lsi_3/airflow/venv/lib/python3.11/site-packages/airflow/example_dags/example_dynamic_task_mapping.py
[2024-11-06T11:01:30.096-1100] {processor.py:925} INFO - DAG(s) 'example_dynamic_task_mapping' retrieved from /home/ouaillaamiri/Development/lsi_3/airflow/venv/lib/python3.11/site-packages/airflow/example_dags/example_dynamic_task_mapping.py
[2024-11-06T11:01:30.152-1100] {logging_mixin.py:190} INFO - [2024-11-06T11:01:30.151-1100] {dag.py:3239} INFO - Sync 1 DAGs
[2024-11-06T11:01:30.175-1100] {logging_mixin.py:190} INFO - [2024-11-06T11:01:30.175-1100] {dag.py:4180} INFO - Setting next_dagrun for example_dynamic_task_mapping to None, run_after=None
[2024-11-06T11:01:30.206-1100] {processor.py:208} INFO - Processing /home/ouaillaamiri/Development/lsi_3/airflow/venv/lib/python3.11/site-packages/airflow/example_dags/example_dynamic_task_mapping.py took 0.145 seconds
[2024-11-06T11:02:00.537-1100] {processor.py:186} INFO - Started process (PID=229779) to work on /home/ouaillaamiri/Development/lsi_3/airflow/venv/lib/python3.11/site-packages/airflow/example_dags/example_dynamic_task_mapping.py
[2024-11-06T11:02:00.539-1100] {processor.py:914} INFO - Processing file /home/ouaillaamiri/Development/lsi_3/airflow/venv/lib/python3.11/site-packages/airflow/example_dags/example_dynamic_task_mapping.py for tasks to queue
[2024-11-06T11:02:00.543-1100] {logging_mixin.py:190} INFO - [2024-11-06T11:02:00.543-1100] {dagbag.py:588} INFO - Filling up the DagBag from /home/ouaillaamiri/Development/lsi_3/airflow/venv/lib/python3.11/site-packages/airflow/example_dags/example_dynamic_task_mapping.py
[2024-11-06T11:02:00.561-1100] {processor.py:925} INFO - DAG(s) 'example_dynamic_task_mapping' retrieved from /home/ouaillaamiri/Development/lsi_3/airflow/venv/lib/python3.11/site-packages/airflow/example_dags/example_dynamic_task_mapping.py
[2024-11-06T11:02:00.631-1100] {logging_mixin.py:190} INFO - [2024-11-06T11:02:00.631-1100] {dag.py:3239} INFO - Sync 1 DAGs
[2024-11-06T11:02:00.664-1100] {logging_mixin.py:190} INFO - [2024-11-06T11:02:00.663-1100] {dag.py:4180} INFO - Setting next_dagrun for example_dynamic_task_mapping to None, run_after=None
[2024-11-06T11:02:00.709-1100] {processor.py:208} INFO - Processing /home/ouaillaamiri/Development/lsi_3/airflow/venv/lib/python3.11/site-packages/airflow/example_dags/example_dynamic_task_mapping.py took 0.186 seconds
[2024-11-06T11:02:30.905-1100] {processor.py:186} INFO - Started process (PID=230449) to work on /home/ouaillaamiri/Development/lsi_3/airflow/venv/lib/python3.11/site-packages/airflow/example_dags/example_dynamic_task_mapping.py
[2024-11-06T11:02:30.908-1100] {processor.py:914} INFO - Processing file /home/ouaillaamiri/Development/lsi_3/airflow/venv/lib/python3.11/site-packages/airflow/example_dags/example_dynamic_task_mapping.py for tasks to queue
[2024-11-06T11:02:30.913-1100] {logging_mixin.py:190} INFO - [2024-11-06T11:02:30.912-1100] {dagbag.py:588} INFO - Filling up the DagBag from /home/ouaillaamiri/Development/lsi_3/airflow/venv/lib/python3.11/site-packages/airflow/example_dags/example_dynamic_task_mapping.py
[2024-11-06T11:02:30.934-1100] {processor.py:925} INFO - DAG(s) 'example_dynamic_task_mapping' retrieved from /home/ouaillaamiri/Development/lsi_3/airflow/venv/lib/python3.11/site-packages/airflow/example_dags/example_dynamic_task_mapping.py
[2024-11-06T11:02:31.003-1100] {logging_mixin.py:190} INFO - [2024-11-06T11:02:31.002-1100] {dag.py:3239} INFO - Sync 1 DAGs
[2024-11-06T11:02:31.032-1100] {logging_mixin.py:190} INFO - [2024-11-06T11:02:31.031-1100] {dag.py:4180} INFO - Setting next_dagrun for example_dynamic_task_mapping to None, run_after=None
[2024-11-06T11:02:31.067-1100] {processor.py:208} INFO - Processing /home/ouaillaamiri/Development/lsi_3/airflow/venv/lib/python3.11/site-packages/airflow/example_dags/example_dynamic_task_mapping.py took 0.176 seconds
[2024-11-06T11:03:01.877-1100] {processor.py:186} INFO - Started process (PID=231356) to work on /home/ouaillaamiri/Development/lsi_3/airflow/venv/lib/python3.11/site-packages/airflow/example_dags/example_dynamic_task_mapping.py
[2024-11-06T11:03:01.879-1100] {processor.py:914} INFO - Processing file /home/ouaillaamiri/Development/lsi_3/airflow/venv/lib/python3.11/site-packages/airflow/example_dags/example_dynamic_task_mapping.py for tasks to queue
[2024-11-06T11:03:01.884-1100] {logging_mixin.py:190} INFO - [2024-11-06T11:03:01.883-1100] {dagbag.py:588} INFO - Filling up the DagBag from /home/ouaillaamiri/Development/lsi_3/airflow/venv/lib/python3.11/site-packages/airflow/example_dags/example_dynamic_task_mapping.py
[2024-11-06T11:03:01.904-1100] {processor.py:925} INFO - DAG(s) 'example_dynamic_task_mapping' retrieved from /home/ouaillaamiri/Development/lsi_3/airflow/venv/lib/python3.11/site-packages/airflow/example_dags/example_dynamic_task_mapping.py
[2024-11-06T11:03:01.993-1100] {logging_mixin.py:190} INFO - [2024-11-06T11:03:01.992-1100] {dag.py:3239} INFO - Sync 1 DAGs
[2024-11-06T11:03:02.034-1100] {logging_mixin.py:190} INFO - [2024-11-06T11:03:02.034-1100] {dag.py:4180} INFO - Setting next_dagrun for example_dynamic_task_mapping to None, run_after=None
[2024-11-06T11:03:02.086-1100] {processor.py:208} INFO - Processing /home/ouaillaamiri/Development/lsi_3/airflow/venv/lib/python3.11/site-packages/airflow/example_dags/example_dynamic_task_mapping.py took 0.222 seconds
[2024-11-06T11:03:33.529-1100] {processor.py:186} INFO - Started process (PID=231867) to work on /home/ouaillaamiri/Development/lsi_3/airflow/venv/lib/python3.11/site-packages/airflow/example_dags/example_dynamic_task_mapping.py
[2024-11-06T11:03:33.532-1100] {processor.py:914} INFO - Processing file /home/ouaillaamiri/Development/lsi_3/airflow/venv/lib/python3.11/site-packages/airflow/example_dags/example_dynamic_task_mapping.py for tasks to queue
[2024-11-06T11:03:33.540-1100] {logging_mixin.py:190} INFO - [2024-11-06T11:03:33.538-1100] {dagbag.py:588} INFO - Filling up the DagBag from /home/ouaillaamiri/Development/lsi_3/airflow/venv/lib/python3.11/site-packages/airflow/example_dags/example_dynamic_task_mapping.py
[2024-11-06T11:03:33.566-1100] {processor.py:925} INFO - DAG(s) 'example_dynamic_task_mapping' retrieved from /home/ouaillaamiri/Development/lsi_3/airflow/venv/lib/python3.11/site-packages/airflow/example_dags/example_dynamic_task_mapping.py
[2024-11-06T11:03:33.670-1100] {logging_mixin.py:190} INFO - [2024-11-06T11:03:33.670-1100] {dag.py:3239} INFO - Sync 1 DAGs
[2024-11-06T11:03:33.720-1100] {logging_mixin.py:190} INFO - [2024-11-06T11:03:33.719-1100] {dag.py:4180} INFO - Setting next_dagrun for example_dynamic_task_mapping to None, run_after=None
[2024-11-06T11:03:33.791-1100] {processor.py:208} INFO - Processing /home/ouaillaamiri/Development/lsi_3/airflow/venv/lib/python3.11/site-packages/airflow/example_dags/example_dynamic_task_mapping.py took 0.281 seconds
[2024-11-06T11:04:04.480-1100] {processor.py:186} INFO - Started process (PID=232396) to work on /home/ouaillaamiri/Development/lsi_3/airflow/venv/lib/python3.11/site-packages/airflow/example_dags/example_dynamic_task_mapping.py
[2024-11-06T11:04:04.482-1100] {processor.py:914} INFO - Processing file /home/ouaillaamiri/Development/lsi_3/airflow/venv/lib/python3.11/site-packages/airflow/example_dags/example_dynamic_task_mapping.py for tasks to queue
[2024-11-06T11:04:04.487-1100] {logging_mixin.py:190} INFO - [2024-11-06T11:04:04.487-1100] {dagbag.py:588} INFO - Filling up the DagBag from /home/ouaillaamiri/Development/lsi_3/airflow/venv/lib/python3.11/site-packages/airflow/example_dags/example_dynamic_task_mapping.py
[2024-11-06T11:04:04.508-1100] {processor.py:925} INFO - DAG(s) 'example_dynamic_task_mapping' retrieved from /home/ouaillaamiri/Development/lsi_3/airflow/venv/lib/python3.11/site-packages/airflow/example_dags/example_dynamic_task_mapping.py
[2024-11-06T11:04:04.577-1100] {logging_mixin.py:190} INFO - [2024-11-06T11:04:04.576-1100] {dag.py:3239} INFO - Sync 1 DAGs
[2024-11-06T11:04:04.603-1100] {logging_mixin.py:190} INFO - [2024-11-06T11:04:04.603-1100] {dag.py:4180} INFO - Setting next_dagrun for example_dynamic_task_mapping to None, run_after=None
[2024-11-06T11:04:04.641-1100] {processor.py:208} INFO - Processing /home/ouaillaamiri/Development/lsi_3/airflow/venv/lib/python3.11/site-packages/airflow/example_dags/example_dynamic_task_mapping.py took 0.177 seconds
[2024-11-06T11:04:34.877-1100] {processor.py:186} INFO - Started process (PID=232781) to work on /home/ouaillaamiri/Development/lsi_3/airflow/venv/lib/python3.11/site-packages/airflow/example_dags/example_dynamic_task_mapping.py
[2024-11-06T11:04:34.879-1100] {processor.py:914} INFO - Processing file /home/ouaillaamiri/Development/lsi_3/airflow/venv/lib/python3.11/site-packages/airflow/example_dags/example_dynamic_task_mapping.py for tasks to queue
[2024-11-06T11:04:34.883-1100] {logging_mixin.py:190} INFO - [2024-11-06T11:04:34.882-1100] {dagbag.py:588} INFO - Filling up the DagBag from /home/ouaillaamiri/Development/lsi_3/airflow/venv/lib/python3.11/site-packages/airflow/example_dags/example_dynamic_task_mapping.py
[2024-11-06T11:04:34.898-1100] {processor.py:925} INFO - DAG(s) 'example_dynamic_task_mapping' retrieved from /home/ouaillaamiri/Development/lsi_3/airflow/venv/lib/python3.11/site-packages/airflow/example_dags/example_dynamic_task_mapping.py
[2024-11-06T11:04:34.951-1100] {logging_mixin.py:190} INFO - [2024-11-06T11:04:34.950-1100] {dag.py:3239} INFO - Sync 1 DAGs
[2024-11-06T11:04:34.976-1100] {logging_mixin.py:190} INFO - [2024-11-06T11:04:34.975-1100] {dag.py:4180} INFO - Setting next_dagrun for example_dynamic_task_mapping to None, run_after=None
[2024-11-06T11:04:35.013-1100] {processor.py:208} INFO - Processing /home/ouaillaamiri/Development/lsi_3/airflow/venv/lib/python3.11/site-packages/airflow/example_dags/example_dynamic_task_mapping.py took 0.147 seconds
