[2024-11-06T10:53:32.583-1100] {processor.py:186} INFO - Started process (PID=219370) to work on /home/ouaillaamiri/Development/lsi_3/airflow/venv/lib/python3.11/site-packages/airflow/example_dags/example_subdag_operator.py
[2024-11-06T10:53:32.585-1100] {processor.py:914} INFO - Processing file /home/ouaillaamiri/Development/lsi_3/airflow/venv/lib/python3.11/site-packages/airflow/example_dags/example_subdag_operator.py for tasks to queue
[2024-11-06T10:53:32.590-1100] {logging_mixin.py:190} INFO - [2024-11-06T10:53:32.589-1100] {dagbag.py:588} INFO - Filling up the DagBag from /home/ouaillaamiri/Development/lsi_3/airflow/venv/lib/python3.11/site-packages/airflow/example_dags/example_subdag_operator.py
[2024-11-06T10:53:32.668-1100] {processor.py:925} INFO - DAG(s) 'example_subdag_operator.section-1', 'example_subdag_operator.section-2', 'example_subdag_operator' retrieved from /home/ouaillaamiri/Development/lsi_3/airflow/venv/lib/python3.11/site-packages/airflow/example_dags/example_subdag_operator.py
[2024-11-06T10:53:32.860-1100] {logging_mixin.py:190} INFO - [2024-11-06T10:53:32.858-1100] {override.py:1911} INFO - Created Permission View: can edit on DAG:example_subdag_operator
[2024-11-06T10:53:32.880-1100] {logging_mixin.py:190} INFO - [2024-11-06T10:53:32.880-1100] {override.py:1911} INFO - Created Permission View: can delete on DAG:example_subdag_operator
[2024-11-06T10:53:32.896-1100] {logging_mixin.py:190} INFO - [2024-11-06T10:53:32.895-1100] {override.py:1911} INFO - Created Permission View: can read on DAG:example_subdag_operator
[2024-11-06T10:53:32.911-1100] {logging_mixin.py:190} INFO - [2024-11-06T10:53:32.910-1100] {override.py:1911} INFO - Created Permission View: can delete on DAG Run:example_subdag_operator
[2024-11-06T10:53:32.927-1100] {logging_mixin.py:190} INFO - [2024-11-06T10:53:32.926-1100] {override.py:1911} INFO - Created Permission View: can create on DAG Run:example_subdag_operator
[2024-11-06T10:53:32.939-1100] {logging_mixin.py:190} INFO - [2024-11-06T10:53:32.938-1100] {override.py:1911} INFO - Created Permission View: menu access on DAG Run:example_subdag_operator
[2024-11-06T10:53:32.951-1100] {logging_mixin.py:190} INFO - [2024-11-06T10:53:32.951-1100] {override.py:1911} INFO - Created Permission View: can read on DAG Run:example_subdag_operator
[2024-11-06T10:53:32.952-1100] {logging_mixin.py:190} INFO - [2024-11-06T10:53:32.952-1100] {dag.py:3239} INFO - Sync 3 DAGs
[2024-11-06T10:53:32.978-1100] {logging_mixin.py:190} INFO - [2024-11-06T10:53:32.977-1100] {dag.py:3262} INFO - Creating ORM DAG for example_subdag_operator
[2024-11-06T10:53:32.980-1100] {logging_mixin.py:190} INFO - [2024-11-06T10:53:32.979-1100] {dag.py:3262} INFO - Creating ORM DAG for example_subdag_operator.section-1
[2024-11-06T10:53:32.981-1100] {logging_mixin.py:190} INFO - [2024-11-06T10:53:32.981-1100] {dag.py:3262} INFO - Creating ORM DAG for example_subdag_operator.section-2
[2024-11-06T10:53:33.005-1100] {logging_mixin.py:190} INFO - [2024-11-06T10:53:33.004-1100] {dag.py:4180} INFO - Setting next_dagrun for example_subdag_operator to 2022-01-01 00:00:00+00:00, run_after=2022-01-01 00:00:00+00:00
[2024-11-06T10:53:33.006-1100] {logging_mixin.py:190} INFO - [2024-11-06T10:53:33.006-1100] {dag.py:4180} INFO - Setting next_dagrun for example_subdag_operator.section-1 to None, run_after=None
[2024-11-06T10:53:33.007-1100] {logging_mixin.py:190} INFO - [2024-11-06T10:53:33.007-1100] {dag.py:4180} INFO - Setting next_dagrun for example_subdag_operator.section-2 to None, run_after=None
[2024-11-06T10:53:33.025-1100] {logging_mixin.py:190} INFO - [2024-11-06T10:53:33.024-1100] {dag.py:3239} INFO - Sync 2 DAGs
[2024-11-06T10:53:33.036-1100] {logging_mixin.py:190} INFO - [2024-11-06T10:53:33.036-1100] {dag.py:4180} INFO - Setting next_dagrun for example_subdag_operator.section-1 to None, run_after=None
[2024-11-06T10:53:33.042-1100] {logging_mixin.py:190} INFO - [2024-11-06T10:53:33.042-1100] {dag.py:4180} INFO - Setting next_dagrun for example_subdag_operator.section-2 to None, run_after=None
[2024-11-06T10:53:33.068-1100] {processor.py:208} INFO - Processing /home/ouaillaamiri/Development/lsi_3/airflow/venv/lib/python3.11/site-packages/airflow/example_dags/example_subdag_operator.py took 0.497 seconds
[2024-11-06T10:54:03.240-1100] {processor.py:186} INFO - Started process (PID=220093) to work on /home/ouaillaamiri/Development/lsi_3/airflow/venv/lib/python3.11/site-packages/airflow/example_dags/example_subdag_operator.py
[2024-11-06T10:54:03.242-1100] {processor.py:914} INFO - Processing file /home/ouaillaamiri/Development/lsi_3/airflow/venv/lib/python3.11/site-packages/airflow/example_dags/example_subdag_operator.py for tasks to queue
[2024-11-06T10:54:03.248-1100] {logging_mixin.py:190} INFO - [2024-11-06T10:54:03.247-1100] {dagbag.py:588} INFO - Filling up the DagBag from /home/ouaillaamiri/Development/lsi_3/airflow/venv/lib/python3.11/site-packages/airflow/example_dags/example_subdag_operator.py
[2024-11-06T10:54:03.328-1100] {processor.py:925} INFO - DAG(s) 'example_subdag_operator.section-1', 'example_subdag_operator.section-2', 'example_subdag_operator' retrieved from /home/ouaillaamiri/Development/lsi_3/airflow/venv/lib/python3.11/site-packages/airflow/example_dags/example_subdag_operator.py
[2024-11-06T10:54:03.358-1100] {logging_mixin.py:190} INFO - [2024-11-06T10:54:03.357-1100] {dag.py:3239} INFO - Sync 3 DAGs
[2024-11-06T10:54:03.405-1100] {logging_mixin.py:190} INFO - [2024-11-06T10:54:03.405-1100] {dag.py:4180} INFO - Setting next_dagrun for example_subdag_operator to 2022-01-01 00:00:00+00:00, run_after=2022-01-01 00:00:00+00:00
[2024-11-06T10:54:03.412-1100] {logging_mixin.py:190} INFO - [2024-11-06T10:54:03.412-1100] {dag.py:4180} INFO - Setting next_dagrun for example_subdag_operator.section-1 to None, run_after=None
[2024-11-06T10:54:03.416-1100] {logging_mixin.py:190} INFO - [2024-11-06T10:54:03.415-1100] {dag.py:4180} INFO - Setting next_dagrun for example_subdag_operator.section-2 to None, run_after=None
[2024-11-06T10:54:03.430-1100] {logging_mixin.py:190} INFO - [2024-11-06T10:54:03.430-1100] {dag.py:3239} INFO - Sync 2 DAGs
[2024-11-06T10:54:03.441-1100] {logging_mixin.py:190} INFO - [2024-11-06T10:54:03.441-1100] {dag.py:4180} INFO - Setting next_dagrun for example_subdag_operator.section-1 to None, run_after=None
[2024-11-06T10:54:03.442-1100] {logging_mixin.py:190} INFO - [2024-11-06T10:54:03.442-1100] {dag.py:4180} INFO - Setting next_dagrun for example_subdag_operator.section-2 to None, run_after=None
[2024-11-06T10:54:03.463-1100] {processor.py:208} INFO - Processing /home/ouaillaamiri/Development/lsi_3/airflow/venv/lib/python3.11/site-packages/airflow/example_dags/example_subdag_operator.py took 0.237 seconds
[2024-11-06T10:54:33.797-1100] {processor.py:186} INFO - Started process (PID=220616) to work on /home/ouaillaamiri/Development/lsi_3/airflow/venv/lib/python3.11/site-packages/airflow/example_dags/example_subdag_operator.py
[2024-11-06T10:54:33.799-1100] {processor.py:914} INFO - Processing file /home/ouaillaamiri/Development/lsi_3/airflow/venv/lib/python3.11/site-packages/airflow/example_dags/example_subdag_operator.py for tasks to queue
[2024-11-06T10:54:33.802-1100] {logging_mixin.py:190} INFO - [2024-11-06T10:54:33.802-1100] {dagbag.py:588} INFO - Filling up the DagBag from /home/ouaillaamiri/Development/lsi_3/airflow/venv/lib/python3.11/site-packages/airflow/example_dags/example_subdag_operator.py
[2024-11-06T10:54:33.867-1100] {processor.py:925} INFO - DAG(s) 'example_subdag_operator.section-1', 'example_subdag_operator.section-2', 'example_subdag_operator' retrieved from /home/ouaillaamiri/Development/lsi_3/airflow/venv/lib/python3.11/site-packages/airflow/example_dags/example_subdag_operator.py
[2024-11-06T10:54:33.897-1100] {logging_mixin.py:190} INFO - [2024-11-06T10:54:33.896-1100] {dag.py:3239} INFO - Sync 3 DAGs
[2024-11-06T10:54:33.973-1100] {logging_mixin.py:190} INFO - [2024-11-06T10:54:33.972-1100] {dag.py:4180} INFO - Setting next_dagrun for example_subdag_operator to 2022-01-01 00:00:00+00:00, run_after=2022-01-01 00:00:00+00:00
[2024-11-06T10:54:33.986-1100] {logging_mixin.py:190} INFO - [2024-11-06T10:54:33.986-1100] {dag.py:4180} INFO - Setting next_dagrun for example_subdag_operator.section-1 to None, run_after=None
[2024-11-06T10:54:33.991-1100] {logging_mixin.py:190} INFO - [2024-11-06T10:54:33.991-1100] {dag.py:4180} INFO - Setting next_dagrun for example_subdag_operator.section-2 to None, run_after=None
[2024-11-06T10:54:34.015-1100] {logging_mixin.py:190} INFO - [2024-11-06T10:54:34.014-1100] {dag.py:3239} INFO - Sync 2 DAGs
[2024-11-06T10:54:34.028-1100] {logging_mixin.py:190} INFO - [2024-11-06T10:54:34.027-1100] {dag.py:4180} INFO - Setting next_dagrun for example_subdag_operator.section-1 to None, run_after=None
[2024-11-06T10:54:34.029-1100] {logging_mixin.py:190} INFO - [2024-11-06T10:54:34.029-1100] {dag.py:4180} INFO - Setting next_dagrun for example_subdag_operator.section-2 to None, run_after=None
[2024-11-06T10:54:34.074-1100] {processor.py:208} INFO - Processing /home/ouaillaamiri/Development/lsi_3/airflow/venv/lib/python3.11/site-packages/airflow/example_dags/example_subdag_operator.py took 0.289 seconds
[2024-11-06T10:55:04.763-1100] {processor.py:186} INFO - Started process (PID=221153) to work on /home/ouaillaamiri/Development/lsi_3/airflow/venv/lib/python3.11/site-packages/airflow/example_dags/example_subdag_operator.py
[2024-11-06T10:55:04.765-1100] {processor.py:914} INFO - Processing file /home/ouaillaamiri/Development/lsi_3/airflow/venv/lib/python3.11/site-packages/airflow/example_dags/example_subdag_operator.py for tasks to queue
[2024-11-06T10:55:04.770-1100] {logging_mixin.py:190} INFO - [2024-11-06T10:55:04.769-1100] {dagbag.py:588} INFO - Filling up the DagBag from /home/ouaillaamiri/Development/lsi_3/airflow/venv/lib/python3.11/site-packages/airflow/example_dags/example_subdag_operator.py
[2024-11-06T10:55:04.843-1100] {processor.py:925} INFO - DAG(s) 'example_subdag_operator.section-1', 'example_subdag_operator.section-2', 'example_subdag_operator' retrieved from /home/ouaillaamiri/Development/lsi_3/airflow/venv/lib/python3.11/site-packages/airflow/example_dags/example_subdag_operator.py
[2024-11-06T10:55:04.870-1100] {logging_mixin.py:190} INFO - [2024-11-06T10:55:04.870-1100] {dag.py:3239} INFO - Sync 3 DAGs
[2024-11-06T10:55:04.915-1100] {logging_mixin.py:190} INFO - [2024-11-06T10:55:04.914-1100] {dag.py:4180} INFO - Setting next_dagrun for example_subdag_operator to 2022-01-01 00:00:00+00:00, run_after=2022-01-01 00:00:00+00:00
[2024-11-06T10:55:04.922-1100] {logging_mixin.py:190} INFO - [2024-11-06T10:55:04.922-1100] {dag.py:4180} INFO - Setting next_dagrun for example_subdag_operator.section-1 to None, run_after=None
[2024-11-06T10:55:04.926-1100] {logging_mixin.py:190} INFO - [2024-11-06T10:55:04.925-1100] {dag.py:4180} INFO - Setting next_dagrun for example_subdag_operator.section-2 to None, run_after=None
[2024-11-06T10:55:04.940-1100] {logging_mixin.py:190} INFO - [2024-11-06T10:55:04.939-1100] {dag.py:3239} INFO - Sync 2 DAGs
[2024-11-06T10:55:04.952-1100] {logging_mixin.py:190} INFO - [2024-11-06T10:55:04.952-1100] {dag.py:4180} INFO - Setting next_dagrun for example_subdag_operator.section-1 to None, run_after=None
[2024-11-06T10:55:04.953-1100] {logging_mixin.py:190} INFO - [2024-11-06T10:55:04.953-1100] {dag.py:4180} INFO - Setting next_dagrun for example_subdag_operator.section-2 to None, run_after=None
[2024-11-06T10:55:04.977-1100] {processor.py:208} INFO - Processing /home/ouaillaamiri/Development/lsi_3/airflow/venv/lib/python3.11/site-packages/airflow/example_dags/example_subdag_operator.py took 0.226 seconds
[2024-11-06T10:55:35.398-1100] {processor.py:186} INFO - Started process (PID=221681) to work on /home/ouaillaamiri/Development/lsi_3/airflow/venv/lib/python3.11/site-packages/airflow/example_dags/example_subdag_operator.py
[2024-11-06T10:55:35.400-1100] {processor.py:914} INFO - Processing file /home/ouaillaamiri/Development/lsi_3/airflow/venv/lib/python3.11/site-packages/airflow/example_dags/example_subdag_operator.py for tasks to queue
[2024-11-06T10:55:35.403-1100] {logging_mixin.py:190} INFO - [2024-11-06T10:55:35.402-1100] {dagbag.py:588} INFO - Filling up the DagBag from /home/ouaillaamiri/Development/lsi_3/airflow/venv/lib/python3.11/site-packages/airflow/example_dags/example_subdag_operator.py
[2024-11-06T10:55:35.464-1100] {processor.py:925} INFO - DAG(s) 'example_subdag_operator.section-1', 'example_subdag_operator.section-2', 'example_subdag_operator' retrieved from /home/ouaillaamiri/Development/lsi_3/airflow/venv/lib/python3.11/site-packages/airflow/example_dags/example_subdag_operator.py
[2024-11-06T10:55:35.491-1100] {logging_mixin.py:190} INFO - [2024-11-06T10:55:35.490-1100] {dag.py:3239} INFO - Sync 3 DAGs
[2024-11-06T10:55:35.534-1100] {logging_mixin.py:190} INFO - [2024-11-06T10:55:35.533-1100] {dag.py:4180} INFO - Setting next_dagrun for example_subdag_operator to 2022-01-01 00:00:00+00:00, run_after=2022-01-01 00:00:00+00:00
[2024-11-06T10:55:35.541-1100] {logging_mixin.py:190} INFO - [2024-11-06T10:55:35.540-1100] {dag.py:4180} INFO - Setting next_dagrun for example_subdag_operator.section-1 to None, run_after=None
[2024-11-06T10:55:35.544-1100] {logging_mixin.py:190} INFO - [2024-11-06T10:55:35.543-1100] {dag.py:4180} INFO - Setting next_dagrun for example_subdag_operator.section-2 to None, run_after=None
[2024-11-06T10:55:35.560-1100] {logging_mixin.py:190} INFO - [2024-11-06T10:55:35.559-1100] {dag.py:3239} INFO - Sync 2 DAGs
[2024-11-06T10:55:35.574-1100] {logging_mixin.py:190} INFO - [2024-11-06T10:55:35.574-1100] {dag.py:4180} INFO - Setting next_dagrun for example_subdag_operator.section-1 to None, run_after=None
[2024-11-06T10:55:35.575-1100] {logging_mixin.py:190} INFO - [2024-11-06T10:55:35.575-1100] {dag.py:4180} INFO - Setting next_dagrun for example_subdag_operator.section-2 to None, run_after=None
[2024-11-06T10:55:35.597-1100] {processor.py:208} INFO - Processing /home/ouaillaamiri/Development/lsi_3/airflow/venv/lib/python3.11/site-packages/airflow/example_dags/example_subdag_operator.py took 0.213 seconds
[2024-11-06T10:56:05.838-1100] {processor.py:186} INFO - Started process (PID=222061) to work on /home/ouaillaamiri/Development/lsi_3/airflow/venv/lib/python3.11/site-packages/airflow/example_dags/example_subdag_operator.py
[2024-11-06T10:56:05.840-1100] {processor.py:914} INFO - Processing file /home/ouaillaamiri/Development/lsi_3/airflow/venv/lib/python3.11/site-packages/airflow/example_dags/example_subdag_operator.py for tasks to queue
[2024-11-06T10:56:05.846-1100] {logging_mixin.py:190} INFO - [2024-11-06T10:56:05.845-1100] {dagbag.py:588} INFO - Filling up the DagBag from /home/ouaillaamiri/Development/lsi_3/airflow/venv/lib/python3.11/site-packages/airflow/example_dags/example_subdag_operator.py
[2024-11-06T10:56:05.926-1100] {processor.py:925} INFO - DAG(s) 'example_subdag_operator.section-1', 'example_subdag_operator.section-2', 'example_subdag_operator' retrieved from /home/ouaillaamiri/Development/lsi_3/airflow/venv/lib/python3.11/site-packages/airflow/example_dags/example_subdag_operator.py
[2024-11-06T10:56:05.960-1100] {logging_mixin.py:190} INFO - [2024-11-06T10:56:05.959-1100] {dag.py:3239} INFO - Sync 3 DAGs
[2024-11-06T10:56:06.007-1100] {logging_mixin.py:190} INFO - [2024-11-06T10:56:06.006-1100] {dag.py:4180} INFO - Setting next_dagrun for example_subdag_operator to 2022-01-01 00:00:00+00:00, run_after=2022-01-01 00:00:00+00:00
[2024-11-06T10:56:06.014-1100] {logging_mixin.py:190} INFO - [2024-11-06T10:56:06.014-1100] {dag.py:4180} INFO - Setting next_dagrun for example_subdag_operator.section-1 to None, run_after=None
[2024-11-06T10:56:06.017-1100] {logging_mixin.py:190} INFO - [2024-11-06T10:56:06.017-1100] {dag.py:4180} INFO - Setting next_dagrun for example_subdag_operator.section-2 to None, run_after=None
[2024-11-06T10:56:06.032-1100] {logging_mixin.py:190} INFO - [2024-11-06T10:56:06.032-1100] {dag.py:3239} INFO - Sync 2 DAGs
[2024-11-06T10:56:06.048-1100] {logging_mixin.py:190} INFO - [2024-11-06T10:56:06.047-1100] {dag.py:4180} INFO - Setting next_dagrun for example_subdag_operator.section-1 to None, run_after=None
[2024-11-06T10:56:06.049-1100] {logging_mixin.py:190} INFO - [2024-11-06T10:56:06.049-1100] {dag.py:4180} INFO - Setting next_dagrun for example_subdag_operator.section-2 to None, run_after=None
[2024-11-06T10:56:06.081-1100] {processor.py:208} INFO - Processing /home/ouaillaamiri/Development/lsi_3/airflow/venv/lib/python3.11/site-packages/airflow/example_dags/example_subdag_operator.py took 0.256 seconds
[2024-11-06T10:56:45.018-1100] {processor.py:186} INFO - Started process (PID=223172) to work on /home/ouaillaamiri/Development/lsi_3/airflow/venv/lib/python3.11/site-packages/airflow/example_dags/example_subdag_operator.py
[2024-11-06T10:56:45.020-1100] {processor.py:914} INFO - Processing file /home/ouaillaamiri/Development/lsi_3/airflow/venv/lib/python3.11/site-packages/airflow/example_dags/example_subdag_operator.py for tasks to queue
[2024-11-06T10:56:45.023-1100] {logging_mixin.py:190} INFO - [2024-11-06T10:56:45.023-1100] {dagbag.py:588} INFO - Filling up the DagBag from /home/ouaillaamiri/Development/lsi_3/airflow/venv/lib/python3.11/site-packages/airflow/example_dags/example_subdag_operator.py
[2024-11-06T10:56:45.092-1100] {processor.py:925} INFO - DAG(s) 'example_subdag_operator.section-1', 'example_subdag_operator.section-2', 'example_subdag_operator' retrieved from /home/ouaillaamiri/Development/lsi_3/airflow/venv/lib/python3.11/site-packages/airflow/example_dags/example_subdag_operator.py
[2024-11-06T10:56:45.120-1100] {logging_mixin.py:190} INFO - [2024-11-06T10:56:45.119-1100] {dag.py:3239} INFO - Sync 3 DAGs
[2024-11-06T10:56:45.162-1100] {logging_mixin.py:190} INFO - [2024-11-06T10:56:45.162-1100] {dag.py:4180} INFO - Setting next_dagrun for example_subdag_operator to 2022-01-01 00:00:00+00:00, run_after=2022-01-01 00:00:00+00:00
[2024-11-06T10:56:45.172-1100] {logging_mixin.py:190} INFO - [2024-11-06T10:56:45.171-1100] {dag.py:4180} INFO - Setting next_dagrun for example_subdag_operator.section-1 to None, run_after=None
[2024-11-06T10:56:45.174-1100] {logging_mixin.py:190} INFO - [2024-11-06T10:56:45.174-1100] {dag.py:4180} INFO - Setting next_dagrun for example_subdag_operator.section-2 to None, run_after=None
[2024-11-06T10:56:45.188-1100] {logging_mixin.py:190} INFO - [2024-11-06T10:56:45.188-1100] {dag.py:3239} INFO - Sync 2 DAGs
[2024-11-06T10:56:45.202-1100] {logging_mixin.py:190} INFO - [2024-11-06T10:56:45.201-1100] {dag.py:4180} INFO - Setting next_dagrun for example_subdag_operator.section-1 to None, run_after=None
[2024-11-06T10:56:45.202-1100] {logging_mixin.py:190} INFO - [2024-11-06T10:56:45.202-1100] {dag.py:4180} INFO - Setting next_dagrun for example_subdag_operator.section-2 to None, run_after=None
[2024-11-06T10:56:45.224-1100] {processor.py:208} INFO - Processing /home/ouaillaamiri/Development/lsi_3/airflow/venv/lib/python3.11/site-packages/airflow/example_dags/example_subdag_operator.py took 0.216 seconds
[2024-11-06T10:57:15.905-1100] {processor.py:186} INFO - Started process (PID=224293) to work on /home/ouaillaamiri/Development/lsi_3/airflow/venv/lib/python3.11/site-packages/airflow/example_dags/example_subdag_operator.py
[2024-11-06T10:57:15.906-1100] {processor.py:914} INFO - Processing file /home/ouaillaamiri/Development/lsi_3/airflow/venv/lib/python3.11/site-packages/airflow/example_dags/example_subdag_operator.py for tasks to queue
[2024-11-06T10:57:15.910-1100] {logging_mixin.py:190} INFO - [2024-11-06T10:57:15.910-1100] {dagbag.py:588} INFO - Filling up the DagBag from /home/ouaillaamiri/Development/lsi_3/airflow/venv/lib/python3.11/site-packages/airflow/example_dags/example_subdag_operator.py
[2024-11-06T10:57:15.979-1100] {processor.py:925} INFO - DAG(s) 'example_subdag_operator.section-1', 'example_subdag_operator.section-2', 'example_subdag_operator' retrieved from /home/ouaillaamiri/Development/lsi_3/airflow/venv/lib/python3.11/site-packages/airflow/example_dags/example_subdag_operator.py
[2024-11-06T10:57:16.005-1100] {logging_mixin.py:190} INFO - [2024-11-06T10:57:16.004-1100] {dag.py:3239} INFO - Sync 3 DAGs
[2024-11-06T10:57:16.052-1100] {logging_mixin.py:190} INFO - [2024-11-06T10:57:16.051-1100] {dag.py:4180} INFO - Setting next_dagrun for example_subdag_operator to 2022-01-01 00:00:00+00:00, run_after=2022-01-01 00:00:00+00:00
[2024-11-06T10:57:16.060-1100] {logging_mixin.py:190} INFO - [2024-11-06T10:57:16.059-1100] {dag.py:4180} INFO - Setting next_dagrun for example_subdag_operator.section-1 to None, run_after=None
[2024-11-06T10:57:16.063-1100] {logging_mixin.py:190} INFO - [2024-11-06T10:57:16.062-1100] {dag.py:4180} INFO - Setting next_dagrun for example_subdag_operator.section-2 to None, run_after=None
[2024-11-06T10:57:16.079-1100] {logging_mixin.py:190} INFO - [2024-11-06T10:57:16.079-1100] {dag.py:3239} INFO - Sync 2 DAGs
[2024-11-06T10:57:16.090-1100] {logging_mixin.py:190} INFO - [2024-11-06T10:57:16.090-1100] {dag.py:4180} INFO - Setting next_dagrun for example_subdag_operator.section-1 to None, run_after=None
[2024-11-06T10:57:16.090-1100] {logging_mixin.py:190} INFO - [2024-11-06T10:57:16.090-1100] {dag.py:4180} INFO - Setting next_dagrun for example_subdag_operator.section-2 to None, run_after=None
[2024-11-06T10:57:16.114-1100] {processor.py:208} INFO - Processing /home/ouaillaamiri/Development/lsi_3/airflow/venv/lib/python3.11/site-packages/airflow/example_dags/example_subdag_operator.py took 0.220 seconds
[2024-11-06T10:57:46.686-1100] {processor.py:186} INFO - Started process (PID=225061) to work on /home/ouaillaamiri/Development/lsi_3/airflow/venv/lib/python3.11/site-packages/airflow/example_dags/example_subdag_operator.py
[2024-11-06T10:57:46.689-1100] {processor.py:914} INFO - Processing file /home/ouaillaamiri/Development/lsi_3/airflow/venv/lib/python3.11/site-packages/airflow/example_dags/example_subdag_operator.py for tasks to queue
[2024-11-06T10:57:46.693-1100] {logging_mixin.py:190} INFO - [2024-11-06T10:57:46.692-1100] {dagbag.py:588} INFO - Filling up the DagBag from /home/ouaillaamiri/Development/lsi_3/airflow/venv/lib/python3.11/site-packages/airflow/example_dags/example_subdag_operator.py
[2024-11-06T10:57:46.774-1100] {processor.py:925} INFO - DAG(s) 'example_subdag_operator.section-1', 'example_subdag_operator.section-2', 'example_subdag_operator' retrieved from /home/ouaillaamiri/Development/lsi_3/airflow/venv/lib/python3.11/site-packages/airflow/example_dags/example_subdag_operator.py
[2024-11-06T10:57:46.805-1100] {logging_mixin.py:190} INFO - [2024-11-06T10:57:46.805-1100] {dag.py:3239} INFO - Sync 3 DAGs
[2024-11-06T10:57:46.848-1100] {logging_mixin.py:190} INFO - [2024-11-06T10:57:46.847-1100] {dag.py:4180} INFO - Setting next_dagrun for example_subdag_operator to 2022-01-01 00:00:00+00:00, run_after=2022-01-01 00:00:00+00:00
[2024-11-06T10:57:46.856-1100] {logging_mixin.py:190} INFO - [2024-11-06T10:57:46.855-1100] {dag.py:4180} INFO - Setting next_dagrun for example_subdag_operator.section-1 to None, run_after=None
[2024-11-06T10:57:46.858-1100] {logging_mixin.py:190} INFO - [2024-11-06T10:57:46.858-1100] {dag.py:4180} INFO - Setting next_dagrun for example_subdag_operator.section-2 to None, run_after=None
[2024-11-06T10:57:46.872-1100] {logging_mixin.py:190} INFO - [2024-11-06T10:57:46.872-1100] {dag.py:3239} INFO - Sync 2 DAGs
[2024-11-06T10:57:46.883-1100] {logging_mixin.py:190} INFO - [2024-11-06T10:57:46.882-1100] {dag.py:4180} INFO - Setting next_dagrun for example_subdag_operator.section-1 to None, run_after=None
[2024-11-06T10:57:46.884-1100] {logging_mixin.py:190} INFO - [2024-11-06T10:57:46.883-1100] {dag.py:4180} INFO - Setting next_dagrun for example_subdag_operator.section-2 to None, run_after=None
[2024-11-06T10:57:46.907-1100] {processor.py:208} INFO - Processing /home/ouaillaamiri/Development/lsi_3/airflow/venv/lib/python3.11/site-packages/airflow/example_dags/example_subdag_operator.py took 0.233 seconds
[2024-11-06T10:58:17.622-1100] {processor.py:186} INFO - Started process (PID=225705) to work on /home/ouaillaamiri/Development/lsi_3/airflow/venv/lib/python3.11/site-packages/airflow/example_dags/example_subdag_operator.py
[2024-11-06T10:58:17.624-1100] {processor.py:914} INFO - Processing file /home/ouaillaamiri/Development/lsi_3/airflow/venv/lib/python3.11/site-packages/airflow/example_dags/example_subdag_operator.py for tasks to queue
[2024-11-06T10:58:17.627-1100] {logging_mixin.py:190} INFO - [2024-11-06T10:58:17.627-1100] {dagbag.py:588} INFO - Filling up the DagBag from /home/ouaillaamiri/Development/lsi_3/airflow/venv/lib/python3.11/site-packages/airflow/example_dags/example_subdag_operator.py
[2024-11-06T10:58:17.710-1100] {processor.py:925} INFO - DAG(s) 'example_subdag_operator.section-1', 'example_subdag_operator.section-2', 'example_subdag_operator' retrieved from /home/ouaillaamiri/Development/lsi_3/airflow/venv/lib/python3.11/site-packages/airflow/example_dags/example_subdag_operator.py
[2024-11-06T10:58:17.736-1100] {logging_mixin.py:190} INFO - [2024-11-06T10:58:17.735-1100] {dag.py:3239} INFO - Sync 3 DAGs
[2024-11-06T10:58:17.783-1100] {logging_mixin.py:190} INFO - [2024-11-06T10:58:17.783-1100] {dag.py:4180} INFO - Setting next_dagrun for example_subdag_operator to 2022-01-01 00:00:00+00:00, run_after=2022-01-01 00:00:00+00:00
[2024-11-06T10:58:17.790-1100] {logging_mixin.py:190} INFO - [2024-11-06T10:58:17.790-1100] {dag.py:4180} INFO - Setting next_dagrun for example_subdag_operator.section-1 to None, run_after=None
[2024-11-06T10:58:17.793-1100] {logging_mixin.py:190} INFO - [2024-11-06T10:58:17.793-1100] {dag.py:4180} INFO - Setting next_dagrun for example_subdag_operator.section-2 to None, run_after=None
[2024-11-06T10:58:17.808-1100] {logging_mixin.py:190} INFO - [2024-11-06T10:58:17.808-1100] {dag.py:3239} INFO - Sync 2 DAGs
[2024-11-06T10:58:17.821-1100] {logging_mixin.py:190} INFO - [2024-11-06T10:58:17.820-1100] {dag.py:4180} INFO - Setting next_dagrun for example_subdag_operator.section-1 to None, run_after=None
[2024-11-06T10:58:17.821-1100] {logging_mixin.py:190} INFO - [2024-11-06T10:58:17.821-1100] {dag.py:4180} INFO - Setting next_dagrun for example_subdag_operator.section-2 to None, run_after=None
[2024-11-06T10:58:17.851-1100] {processor.py:208} INFO - Processing /home/ouaillaamiri/Development/lsi_3/airflow/venv/lib/python3.11/site-packages/airflow/example_dags/example_subdag_operator.py took 0.243 seconds
[2024-11-06T10:58:48.322-1100] {processor.py:186} INFO - Started process (PID=226426) to work on /home/ouaillaamiri/Development/lsi_3/airflow/venv/lib/python3.11/site-packages/airflow/example_dags/example_subdag_operator.py
[2024-11-06T10:58:48.324-1100] {processor.py:914} INFO - Processing file /home/ouaillaamiri/Development/lsi_3/airflow/venv/lib/python3.11/site-packages/airflow/example_dags/example_subdag_operator.py for tasks to queue
[2024-11-06T10:58:48.330-1100] {logging_mixin.py:190} INFO - [2024-11-06T10:58:48.329-1100] {dagbag.py:588} INFO - Filling up the DagBag from /home/ouaillaamiri/Development/lsi_3/airflow/venv/lib/python3.11/site-packages/airflow/example_dags/example_subdag_operator.py
[2024-11-06T10:58:48.402-1100] {processor.py:925} INFO - DAG(s) 'example_subdag_operator.section-1', 'example_subdag_operator.section-2', 'example_subdag_operator' retrieved from /home/ouaillaamiri/Development/lsi_3/airflow/venv/lib/python3.11/site-packages/airflow/example_dags/example_subdag_operator.py
[2024-11-06T10:58:48.430-1100] {logging_mixin.py:190} INFO - [2024-11-06T10:58:48.429-1100] {dag.py:3239} INFO - Sync 3 DAGs
[2024-11-06T10:58:48.472-1100] {logging_mixin.py:190} INFO - [2024-11-06T10:58:48.472-1100] {dag.py:4180} INFO - Setting next_dagrun for example_subdag_operator to 2022-01-01 00:00:00+00:00, run_after=2022-01-01 00:00:00+00:00
[2024-11-06T10:58:48.478-1100] {logging_mixin.py:190} INFO - [2024-11-06T10:58:48.478-1100] {dag.py:4180} INFO - Setting next_dagrun for example_subdag_operator.section-1 to None, run_after=None
[2024-11-06T10:58:48.481-1100] {logging_mixin.py:190} INFO - [2024-11-06T10:58:48.481-1100] {dag.py:4180} INFO - Setting next_dagrun for example_subdag_operator.section-2 to None, run_after=None
[2024-11-06T10:58:48.495-1100] {logging_mixin.py:190} INFO - [2024-11-06T10:58:48.495-1100] {dag.py:3239} INFO - Sync 2 DAGs
[2024-11-06T10:58:48.507-1100] {logging_mixin.py:190} INFO - [2024-11-06T10:58:48.507-1100] {dag.py:4180} INFO - Setting next_dagrun for example_subdag_operator.section-1 to None, run_after=None
[2024-11-06T10:58:48.508-1100] {logging_mixin.py:190} INFO - [2024-11-06T10:58:48.508-1100] {dag.py:4180} INFO - Setting next_dagrun for example_subdag_operator.section-2 to None, run_after=None
[2024-11-06T10:58:48.530-1100] {processor.py:208} INFO - Processing /home/ouaillaamiri/Development/lsi_3/airflow/venv/lib/python3.11/site-packages/airflow/example_dags/example_subdag_operator.py took 0.223 seconds
[2024-11-06T10:59:18.807-1100] {processor.py:186} INFO - Started process (PID=227128) to work on /home/ouaillaamiri/Development/lsi_3/airflow/venv/lib/python3.11/site-packages/airflow/example_dags/example_subdag_operator.py
[2024-11-06T10:59:18.809-1100] {processor.py:914} INFO - Processing file /home/ouaillaamiri/Development/lsi_3/airflow/venv/lib/python3.11/site-packages/airflow/example_dags/example_subdag_operator.py for tasks to queue
[2024-11-06T10:59:18.813-1100] {logging_mixin.py:190} INFO - [2024-11-06T10:59:18.812-1100] {dagbag.py:588} INFO - Filling up the DagBag from /home/ouaillaamiri/Development/lsi_3/airflow/venv/lib/python3.11/site-packages/airflow/example_dags/example_subdag_operator.py
[2024-11-06T10:59:18.898-1100] {processor.py:925} INFO - DAG(s) 'example_subdag_operator.section-1', 'example_subdag_operator.section-2', 'example_subdag_operator' retrieved from /home/ouaillaamiri/Development/lsi_3/airflow/venv/lib/python3.11/site-packages/airflow/example_dags/example_subdag_operator.py
[2024-11-06T10:59:18.927-1100] {logging_mixin.py:190} INFO - [2024-11-06T10:59:18.927-1100] {dag.py:3239} INFO - Sync 3 DAGs
[2024-11-06T10:59:18.973-1100] {logging_mixin.py:190} INFO - [2024-11-06T10:59:18.972-1100] {dag.py:4180} INFO - Setting next_dagrun for example_subdag_operator to 2022-01-01 00:00:00+00:00, run_after=2022-01-01 00:00:00+00:00
[2024-11-06T10:59:18.981-1100] {logging_mixin.py:190} INFO - [2024-11-06T10:59:18.980-1100] {dag.py:4180} INFO - Setting next_dagrun for example_subdag_operator.section-1 to None, run_after=None
[2024-11-06T10:59:18.984-1100] {logging_mixin.py:190} INFO - [2024-11-06T10:59:18.984-1100] {dag.py:4180} INFO - Setting next_dagrun for example_subdag_operator.section-2 to None, run_after=None
[2024-11-06T10:59:18.999-1100] {logging_mixin.py:190} INFO - [2024-11-06T10:59:18.999-1100] {dag.py:3239} INFO - Sync 2 DAGs
[2024-11-06T10:59:19.012-1100] {logging_mixin.py:190} INFO - [2024-11-06T10:59:19.011-1100] {dag.py:4180} INFO - Setting next_dagrun for example_subdag_operator.section-1 to None, run_after=None
[2024-11-06T10:59:19.013-1100] {logging_mixin.py:190} INFO - [2024-11-06T10:59:19.012-1100] {dag.py:4180} INFO - Setting next_dagrun for example_subdag_operator.section-2 to None, run_after=None
[2024-11-06T10:59:19.036-1100] {processor.py:208} INFO - Processing /home/ouaillaamiri/Development/lsi_3/airflow/venv/lib/python3.11/site-packages/airflow/example_dags/example_subdag_operator.py took 0.239 seconds
[2024-11-06T10:59:50.101-1100] {processor.py:186} INFO - Started process (PID=227524) to work on /home/ouaillaamiri/Development/lsi_3/airflow/venv/lib/python3.11/site-packages/airflow/example_dags/example_subdag_operator.py
[2024-11-06T10:59:50.103-1100] {processor.py:914} INFO - Processing file /home/ouaillaamiri/Development/lsi_3/airflow/venv/lib/python3.11/site-packages/airflow/example_dags/example_subdag_operator.py for tasks to queue
[2024-11-06T10:59:50.108-1100] {logging_mixin.py:190} INFO - [2024-11-06T10:59:50.107-1100] {dagbag.py:588} INFO - Filling up the DagBag from /home/ouaillaamiri/Development/lsi_3/airflow/venv/lib/python3.11/site-packages/airflow/example_dags/example_subdag_operator.py
[2024-11-06T10:59:50.187-1100] {processor.py:925} INFO - DAG(s) 'example_subdag_operator.section-1', 'example_subdag_operator.section-2', 'example_subdag_operator' retrieved from /home/ouaillaamiri/Development/lsi_3/airflow/venv/lib/python3.11/site-packages/airflow/example_dags/example_subdag_operator.py
[2024-11-06T10:59:50.211-1100] {logging_mixin.py:190} INFO - [2024-11-06T10:59:50.210-1100] {dag.py:3239} INFO - Sync 3 DAGs
[2024-11-06T10:59:50.252-1100] {logging_mixin.py:190} INFO - [2024-11-06T10:59:50.252-1100] {dag.py:4180} INFO - Setting next_dagrun for example_subdag_operator to 2022-01-01 00:00:00+00:00, run_after=2022-01-01 00:00:00+00:00
[2024-11-06T10:59:50.259-1100] {logging_mixin.py:190} INFO - [2024-11-06T10:59:50.258-1100] {dag.py:4180} INFO - Setting next_dagrun for example_subdag_operator.section-1 to None, run_after=None
[2024-11-06T10:59:50.262-1100] {logging_mixin.py:190} INFO - [2024-11-06T10:59:50.261-1100] {dag.py:4180} INFO - Setting next_dagrun for example_subdag_operator.section-2 to None, run_after=None
[2024-11-06T10:59:50.276-1100] {logging_mixin.py:190} INFO - [2024-11-06T10:59:50.276-1100] {dag.py:3239} INFO - Sync 2 DAGs
[2024-11-06T10:59:50.289-1100] {logging_mixin.py:190} INFO - [2024-11-06T10:59:50.289-1100] {dag.py:4180} INFO - Setting next_dagrun for example_subdag_operator.section-1 to None, run_after=None
[2024-11-06T10:59:50.290-1100] {logging_mixin.py:190} INFO - [2024-11-06T10:59:50.289-1100] {dag.py:4180} INFO - Setting next_dagrun for example_subdag_operator.section-2 to None, run_after=None
[2024-11-06T10:59:50.314-1100] {processor.py:208} INFO - Processing /home/ouaillaamiri/Development/lsi_3/airflow/venv/lib/python3.11/site-packages/airflow/example_dags/example_subdag_operator.py took 0.225 seconds
[2024-11-06T11:00:56.647-1100] {processor.py:186} INFO - Started process (PID=228704) to work on /home/ouaillaamiri/Development/lsi_3/airflow/venv/lib/python3.11/site-packages/airflow/example_dags/example_subdag_operator.py
[2024-11-06T11:00:56.649-1100] {processor.py:914} INFO - Processing file /home/ouaillaamiri/Development/lsi_3/airflow/venv/lib/python3.11/site-packages/airflow/example_dags/example_subdag_operator.py for tasks to queue
[2024-11-06T11:00:56.654-1100] {logging_mixin.py:190} INFO - [2024-11-06T11:00:56.653-1100] {dagbag.py:588} INFO - Filling up the DagBag from /home/ouaillaamiri/Development/lsi_3/airflow/venv/lib/python3.11/site-packages/airflow/example_dags/example_subdag_operator.py
[2024-11-06T11:00:56.733-1100] {processor.py:925} INFO - DAG(s) 'example_subdag_operator.section-1', 'example_subdag_operator.section-2', 'example_subdag_operator' retrieved from /home/ouaillaamiri/Development/lsi_3/airflow/venv/lib/python3.11/site-packages/airflow/example_dags/example_subdag_operator.py
[2024-11-06T11:00:56.769-1100] {logging_mixin.py:190} INFO - [2024-11-06T11:00:56.768-1100] {dag.py:3239} INFO - Sync 3 DAGs
[2024-11-06T11:00:56.824-1100] {logging_mixin.py:190} INFO - [2024-11-06T11:00:56.823-1100] {dag.py:4180} INFO - Setting next_dagrun for example_subdag_operator to 2022-01-01 00:00:00+00:00, run_after=2022-01-01 00:00:00+00:00
[2024-11-06T11:00:56.834-1100] {logging_mixin.py:190} INFO - [2024-11-06T11:00:56.834-1100] {dag.py:4180} INFO - Setting next_dagrun for example_subdag_operator.section-1 to None, run_after=None
[2024-11-06T11:00:56.838-1100] {logging_mixin.py:190} INFO - [2024-11-06T11:00:56.837-1100] {dag.py:4180} INFO - Setting next_dagrun for example_subdag_operator.section-2 to None, run_after=None
[2024-11-06T11:00:56.856-1100] {logging_mixin.py:190} INFO - [2024-11-06T11:00:56.856-1100] {dag.py:3239} INFO - Sync 2 DAGs
[2024-11-06T11:00:56.874-1100] {logging_mixin.py:190} INFO - [2024-11-06T11:00:56.873-1100] {dag.py:4180} INFO - Setting next_dagrun for example_subdag_operator.section-1 to None, run_after=None
[2024-11-06T11:00:56.876-1100] {logging_mixin.py:190} INFO - [2024-11-06T11:00:56.875-1100] {dag.py:4180} INFO - Setting next_dagrun for example_subdag_operator.section-2 to None, run_after=None
[2024-11-06T11:00:56.906-1100] {processor.py:208} INFO - Processing /home/ouaillaamiri/Development/lsi_3/airflow/venv/lib/python3.11/site-packages/airflow/example_dags/example_subdag_operator.py took 0.271 seconds
[2024-11-06T11:01:27.263-1100] {processor.py:186} INFO - Started process (PID=229307) to work on /home/ouaillaamiri/Development/lsi_3/airflow/venv/lib/python3.11/site-packages/airflow/example_dags/example_subdag_operator.py
[2024-11-06T11:01:27.265-1100] {processor.py:914} INFO - Processing file /home/ouaillaamiri/Development/lsi_3/airflow/venv/lib/python3.11/site-packages/airflow/example_dags/example_subdag_operator.py for tasks to queue
[2024-11-06T11:01:27.270-1100] {logging_mixin.py:190} INFO - [2024-11-06T11:01:27.269-1100] {dagbag.py:588} INFO - Filling up the DagBag from /home/ouaillaamiri/Development/lsi_3/airflow/venv/lib/python3.11/site-packages/airflow/example_dags/example_subdag_operator.py
[2024-11-06T11:01:27.347-1100] {processor.py:925} INFO - DAG(s) 'example_subdag_operator.section-1', 'example_subdag_operator.section-2', 'example_subdag_operator' retrieved from /home/ouaillaamiri/Development/lsi_3/airflow/venv/lib/python3.11/site-packages/airflow/example_dags/example_subdag_operator.py
[2024-11-06T11:01:27.390-1100] {logging_mixin.py:190} INFO - [2024-11-06T11:01:27.389-1100] {dag.py:3239} INFO - Sync 3 DAGs
[2024-11-06T11:01:27.449-1100] {logging_mixin.py:190} INFO - [2024-11-06T11:01:27.448-1100] {dag.py:4180} INFO - Setting next_dagrun for example_subdag_operator to 2022-01-01 00:00:00+00:00, run_after=2022-01-01 00:00:00+00:00
[2024-11-06T11:01:27.459-1100] {logging_mixin.py:190} INFO - [2024-11-06T11:01:27.458-1100] {dag.py:4180} INFO - Setting next_dagrun for example_subdag_operator.section-1 to None, run_after=None
[2024-11-06T11:01:27.461-1100] {logging_mixin.py:190} INFO - [2024-11-06T11:01:27.461-1100] {dag.py:4180} INFO - Setting next_dagrun for example_subdag_operator.section-2 to None, run_after=None
[2024-11-06T11:01:27.485-1100] {logging_mixin.py:190} INFO - [2024-11-06T11:01:27.484-1100] {dag.py:3239} INFO - Sync 2 DAGs
[2024-11-06T11:01:27.501-1100] {logging_mixin.py:190} INFO - [2024-11-06T11:01:27.500-1100] {dag.py:4180} INFO - Setting next_dagrun for example_subdag_operator.section-1 to None, run_after=None
[2024-11-06T11:01:27.502-1100] {logging_mixin.py:190} INFO - [2024-11-06T11:01:27.502-1100] {dag.py:4180} INFO - Setting next_dagrun for example_subdag_operator.section-2 to None, run_after=None
[2024-11-06T11:01:27.535-1100] {processor.py:208} INFO - Processing /home/ouaillaamiri/Development/lsi_3/airflow/venv/lib/python3.11/site-packages/airflow/example_dags/example_subdag_operator.py took 0.284 seconds
[2024-11-06T11:01:57.832-1100] {processor.py:186} INFO - Started process (PID=229680) to work on /home/ouaillaamiri/Development/lsi_3/airflow/venv/lib/python3.11/site-packages/airflow/example_dags/example_subdag_operator.py
[2024-11-06T11:01:57.834-1100] {processor.py:914} INFO - Processing file /home/ouaillaamiri/Development/lsi_3/airflow/venv/lib/python3.11/site-packages/airflow/example_dags/example_subdag_operator.py for tasks to queue
[2024-11-06T11:01:57.838-1100] {logging_mixin.py:190} INFO - [2024-11-06T11:01:57.837-1100] {dagbag.py:588} INFO - Filling up the DagBag from /home/ouaillaamiri/Development/lsi_3/airflow/venv/lib/python3.11/site-packages/airflow/example_dags/example_subdag_operator.py
[2024-11-06T11:01:57.917-1100] {processor.py:925} INFO - DAG(s) 'example_subdag_operator.section-1', 'example_subdag_operator.section-2', 'example_subdag_operator' retrieved from /home/ouaillaamiri/Development/lsi_3/airflow/venv/lib/python3.11/site-packages/airflow/example_dags/example_subdag_operator.py
[2024-11-06T11:01:57.952-1100] {logging_mixin.py:190} INFO - [2024-11-06T11:01:57.952-1100] {dag.py:3239} INFO - Sync 3 DAGs
[2024-11-06T11:01:57.997-1100] {logging_mixin.py:190} INFO - [2024-11-06T11:01:57.996-1100] {dag.py:4180} INFO - Setting next_dagrun for example_subdag_operator to 2022-01-01 00:00:00+00:00, run_after=2022-01-01 00:00:00+00:00
[2024-11-06T11:01:58.004-1100] {logging_mixin.py:190} INFO - [2024-11-06T11:01:58.003-1100] {dag.py:4180} INFO - Setting next_dagrun for example_subdag_operator.section-1 to None, run_after=None
[2024-11-06T11:01:58.007-1100] {logging_mixin.py:190} INFO - [2024-11-06T11:01:58.006-1100] {dag.py:4180} INFO - Setting next_dagrun for example_subdag_operator.section-2 to None, run_after=None
[2024-11-06T11:01:58.023-1100] {logging_mixin.py:190} INFO - [2024-11-06T11:01:58.022-1100] {dag.py:3239} INFO - Sync 2 DAGs
[2024-11-06T11:01:58.035-1100] {logging_mixin.py:190} INFO - [2024-11-06T11:01:58.035-1100] {dag.py:4180} INFO - Setting next_dagrun for example_subdag_operator.section-1 to None, run_after=None
[2024-11-06T11:01:58.036-1100] {logging_mixin.py:190} INFO - [2024-11-06T11:01:58.036-1100] {dag.py:4180} INFO - Setting next_dagrun for example_subdag_operator.section-2 to None, run_after=None
[2024-11-06T11:01:58.061-1100] {processor.py:208} INFO - Processing /home/ouaillaamiri/Development/lsi_3/airflow/venv/lib/python3.11/site-packages/airflow/example_dags/example_subdag_operator.py took 0.239 seconds
[2024-11-06T11:02:28.401-1100] {processor.py:186} INFO - Started process (PID=230273) to work on /home/ouaillaamiri/Development/lsi_3/airflow/venv/lib/python3.11/site-packages/airflow/example_dags/example_subdag_operator.py
[2024-11-06T11:02:28.403-1100] {processor.py:914} INFO - Processing file /home/ouaillaamiri/Development/lsi_3/airflow/venv/lib/python3.11/site-packages/airflow/example_dags/example_subdag_operator.py for tasks to queue
[2024-11-06T11:02:28.407-1100] {logging_mixin.py:190} INFO - [2024-11-06T11:02:28.406-1100] {dagbag.py:588} INFO - Filling up the DagBag from /home/ouaillaamiri/Development/lsi_3/airflow/venv/lib/python3.11/site-packages/airflow/example_dags/example_subdag_operator.py
[2024-11-06T11:02:28.477-1100] {processor.py:925} INFO - DAG(s) 'example_subdag_operator.section-1', 'example_subdag_operator.section-2', 'example_subdag_operator' retrieved from /home/ouaillaamiri/Development/lsi_3/airflow/venv/lib/python3.11/site-packages/airflow/example_dags/example_subdag_operator.py
[2024-11-06T11:02:28.510-1100] {logging_mixin.py:190} INFO - [2024-11-06T11:02:28.510-1100] {dag.py:3239} INFO - Sync 3 DAGs
[2024-11-06T11:02:28.555-1100] {logging_mixin.py:190} INFO - [2024-11-06T11:02:28.554-1100] {dag.py:4180} INFO - Setting next_dagrun for example_subdag_operator to 2022-01-01 00:00:00+00:00, run_after=2022-01-01 00:00:00+00:00
[2024-11-06T11:02:28.561-1100] {logging_mixin.py:190} INFO - [2024-11-06T11:02:28.561-1100] {dag.py:4180} INFO - Setting next_dagrun for example_subdag_operator.section-1 to None, run_after=None
[2024-11-06T11:02:28.566-1100] {logging_mixin.py:190} INFO - [2024-11-06T11:02:28.565-1100] {dag.py:4180} INFO - Setting next_dagrun for example_subdag_operator.section-2 to None, run_after=None
[2024-11-06T11:02:28.583-1100] {logging_mixin.py:190} INFO - [2024-11-06T11:02:28.582-1100] {dag.py:3239} INFO - Sync 2 DAGs
[2024-11-06T11:02:28.595-1100] {logging_mixin.py:190} INFO - [2024-11-06T11:02:28.595-1100] {dag.py:4180} INFO - Setting next_dagrun for example_subdag_operator.section-1 to None, run_after=None
[2024-11-06T11:02:28.596-1100] {logging_mixin.py:190} INFO - [2024-11-06T11:02:28.596-1100] {dag.py:4180} INFO - Setting next_dagrun for example_subdag_operator.section-2 to None, run_after=None
[2024-11-06T11:02:28.622-1100] {processor.py:208} INFO - Processing /home/ouaillaamiri/Development/lsi_3/airflow/venv/lib/python3.11/site-packages/airflow/example_dags/example_subdag_operator.py took 0.231 seconds
[2024-11-06T11:02:59.243-1100] {processor.py:186} INFO - Started process (PID=231260) to work on /home/ouaillaamiri/Development/lsi_3/airflow/venv/lib/python3.11/site-packages/airflow/example_dags/example_subdag_operator.py
[2024-11-06T11:02:59.247-1100] {processor.py:914} INFO - Processing file /home/ouaillaamiri/Development/lsi_3/airflow/venv/lib/python3.11/site-packages/airflow/example_dags/example_subdag_operator.py for tasks to queue
[2024-11-06T11:02:59.252-1100] {logging_mixin.py:190} INFO - [2024-11-06T11:02:59.251-1100] {dagbag.py:588} INFO - Filling up the DagBag from /home/ouaillaamiri/Development/lsi_3/airflow/venv/lib/python3.11/site-packages/airflow/example_dags/example_subdag_operator.py
[2024-11-06T11:02:59.328-1100] {processor.py:925} INFO - DAG(s) 'example_subdag_operator.section-1', 'example_subdag_operator.section-2', 'example_subdag_operator' retrieved from /home/ouaillaamiri/Development/lsi_3/airflow/venv/lib/python3.11/site-packages/airflow/example_dags/example_subdag_operator.py
[2024-11-06T11:02:59.359-1100] {logging_mixin.py:190} INFO - [2024-11-06T11:02:59.359-1100] {dag.py:3239} INFO - Sync 3 DAGs
[2024-11-06T11:02:59.406-1100] {logging_mixin.py:190} INFO - [2024-11-06T11:02:59.405-1100] {dag.py:4180} INFO - Setting next_dagrun for example_subdag_operator to 2022-01-01 00:00:00+00:00, run_after=2022-01-01 00:00:00+00:00
[2024-11-06T11:02:59.413-1100] {logging_mixin.py:190} INFO - [2024-11-06T11:02:59.413-1100] {dag.py:4180} INFO - Setting next_dagrun for example_subdag_operator.section-1 to None, run_after=None
[2024-11-06T11:02:59.418-1100] {logging_mixin.py:190} INFO - [2024-11-06T11:02:59.418-1100] {dag.py:4180} INFO - Setting next_dagrun for example_subdag_operator.section-2 to None, run_after=None
[2024-11-06T11:02:59.435-1100] {logging_mixin.py:190} INFO - [2024-11-06T11:02:59.435-1100] {dag.py:3239} INFO - Sync 2 DAGs
[2024-11-06T11:02:59.450-1100] {logging_mixin.py:190} INFO - [2024-11-06T11:02:59.450-1100] {dag.py:4180} INFO - Setting next_dagrun for example_subdag_operator.section-1 to None, run_after=None
[2024-11-06T11:02:59.450-1100] {logging_mixin.py:190} INFO - [2024-11-06T11:02:59.450-1100] {dag.py:4180} INFO - Setting next_dagrun for example_subdag_operator.section-2 to None, run_after=None
[2024-11-06T11:02:59.476-1100] {processor.py:208} INFO - Processing /home/ouaillaamiri/Development/lsi_3/airflow/venv/lib/python3.11/site-packages/airflow/example_dags/example_subdag_operator.py took 0.244 seconds
[2024-11-06T11:03:30.148-1100] {processor.py:186} INFO - Started process (PID=231622) to work on /home/ouaillaamiri/Development/lsi_3/airflow/venv/lib/python3.11/site-packages/airflow/example_dags/example_subdag_operator.py
[2024-11-06T11:03:30.151-1100] {processor.py:914} INFO - Processing file /home/ouaillaamiri/Development/lsi_3/airflow/venv/lib/python3.11/site-packages/airflow/example_dags/example_subdag_operator.py for tasks to queue
[2024-11-06T11:03:30.157-1100] {logging_mixin.py:190} INFO - [2024-11-06T11:03:30.156-1100] {dagbag.py:588} INFO - Filling up the DagBag from /home/ouaillaamiri/Development/lsi_3/airflow/venv/lib/python3.11/site-packages/airflow/example_dags/example_subdag_operator.py
[2024-11-06T11:03:30.266-1100] {processor.py:925} INFO - DAG(s) 'example_subdag_operator.section-1', 'example_subdag_operator.section-2', 'example_subdag_operator' retrieved from /home/ouaillaamiri/Development/lsi_3/airflow/venv/lib/python3.11/site-packages/airflow/example_dags/example_subdag_operator.py
[2024-11-06T11:03:30.307-1100] {logging_mixin.py:190} INFO - [2024-11-06T11:03:30.306-1100] {dag.py:3239} INFO - Sync 3 DAGs
[2024-11-06T11:03:30.376-1100] {logging_mixin.py:190} INFO - [2024-11-06T11:03:30.376-1100] {dag.py:4180} INFO - Setting next_dagrun for example_subdag_operator to 2022-01-01 00:00:00+00:00, run_after=2022-01-01 00:00:00+00:00
[2024-11-06T11:03:30.385-1100] {logging_mixin.py:190} INFO - [2024-11-06T11:03:30.385-1100] {dag.py:4180} INFO - Setting next_dagrun for example_subdag_operator.section-1 to None, run_after=None
[2024-11-06T11:03:30.390-1100] {logging_mixin.py:190} INFO - [2024-11-06T11:03:30.389-1100] {dag.py:4180} INFO - Setting next_dagrun for example_subdag_operator.section-2 to None, run_after=None
[2024-11-06T11:03:30.409-1100] {logging_mixin.py:190} INFO - [2024-11-06T11:03:30.409-1100] {dag.py:3239} INFO - Sync 2 DAGs
[2024-11-06T11:03:30.427-1100] {logging_mixin.py:190} INFO - [2024-11-06T11:03:30.425-1100] {dag.py:4180} INFO - Setting next_dagrun for example_subdag_operator.section-1 to None, run_after=None
[2024-11-06T11:03:30.430-1100] {logging_mixin.py:190} INFO - [2024-11-06T11:03:30.429-1100] {dag.py:4180} INFO - Setting next_dagrun for example_subdag_operator.section-2 to None, run_after=None
[2024-11-06T11:03:30.474-1100] {processor.py:208} INFO - Processing /home/ouaillaamiri/Development/lsi_3/airflow/venv/lib/python3.11/site-packages/airflow/example_dags/example_subdag_operator.py took 0.343 seconds
[2024-11-06T11:04:01.146-1100] {processor.py:186} INFO - Started process (PID=232297) to work on /home/ouaillaamiri/Development/lsi_3/airflow/venv/lib/python3.11/site-packages/airflow/example_dags/example_subdag_operator.py
[2024-11-06T11:04:01.148-1100] {processor.py:914} INFO - Processing file /home/ouaillaamiri/Development/lsi_3/airflow/venv/lib/python3.11/site-packages/airflow/example_dags/example_subdag_operator.py for tasks to queue
[2024-11-06T11:04:01.152-1100] {logging_mixin.py:190} INFO - [2024-11-06T11:04:01.151-1100] {dagbag.py:588} INFO - Filling up the DagBag from /home/ouaillaamiri/Development/lsi_3/airflow/venv/lib/python3.11/site-packages/airflow/example_dags/example_subdag_operator.py
[2024-11-06T11:04:01.218-1100] {processor.py:925} INFO - DAG(s) 'example_subdag_operator.section-1', 'example_subdag_operator.section-2', 'example_subdag_operator' retrieved from /home/ouaillaamiri/Development/lsi_3/airflow/venv/lib/python3.11/site-packages/airflow/example_dags/example_subdag_operator.py
[2024-11-06T11:04:01.242-1100] {logging_mixin.py:190} INFO - [2024-11-06T11:04:01.242-1100] {dag.py:3239} INFO - Sync 3 DAGs
[2024-11-06T11:04:01.284-1100] {logging_mixin.py:190} INFO - [2024-11-06T11:04:01.283-1100] {dag.py:4180} INFO - Setting next_dagrun for example_subdag_operator to 2022-01-01 00:00:00+00:00, run_after=2022-01-01 00:00:00+00:00
[2024-11-06T11:04:01.290-1100] {logging_mixin.py:190} INFO - [2024-11-06T11:04:01.289-1100] {dag.py:4180} INFO - Setting next_dagrun for example_subdag_operator.section-1 to None, run_after=None
[2024-11-06T11:04:01.293-1100] {logging_mixin.py:190} INFO - [2024-11-06T11:04:01.292-1100] {dag.py:4180} INFO - Setting next_dagrun for example_subdag_operator.section-2 to None, run_after=None
[2024-11-06T11:04:01.308-1100] {logging_mixin.py:190} INFO - [2024-11-06T11:04:01.307-1100] {dag.py:3239} INFO - Sync 2 DAGs
[2024-11-06T11:04:01.319-1100] {logging_mixin.py:190} INFO - [2024-11-06T11:04:01.318-1100] {dag.py:4180} INFO - Setting next_dagrun for example_subdag_operator.section-1 to None, run_after=None
[2024-11-06T11:04:01.319-1100] {logging_mixin.py:190} INFO - [2024-11-06T11:04:01.319-1100] {dag.py:4180} INFO - Setting next_dagrun for example_subdag_operator.section-2 to None, run_after=None
[2024-11-06T11:04:01.341-1100] {processor.py:208} INFO - Processing /home/ouaillaamiri/Development/lsi_3/airflow/venv/lib/python3.11/site-packages/airflow/example_dags/example_subdag_operator.py took 0.205 seconds
[2024-11-06T11:04:32.140-1100] {processor.py:186} INFO - Started process (PID=232670) to work on /home/ouaillaamiri/Development/lsi_3/airflow/venv/lib/python3.11/site-packages/airflow/example_dags/example_subdag_operator.py
[2024-11-06T11:04:32.145-1100] {processor.py:914} INFO - Processing file /home/ouaillaamiri/Development/lsi_3/airflow/venv/lib/python3.11/site-packages/airflow/example_dags/example_subdag_operator.py for tasks to queue
[2024-11-06T11:04:32.151-1100] {logging_mixin.py:190} INFO - [2024-11-06T11:04:32.150-1100] {dagbag.py:588} INFO - Filling up the DagBag from /home/ouaillaamiri/Development/lsi_3/airflow/venv/lib/python3.11/site-packages/airflow/example_dags/example_subdag_operator.py
[2024-11-06T11:04:32.246-1100] {processor.py:925} INFO - DAG(s) 'example_subdag_operator.section-1', 'example_subdag_operator.section-2', 'example_subdag_operator' retrieved from /home/ouaillaamiri/Development/lsi_3/airflow/venv/lib/python3.11/site-packages/airflow/example_dags/example_subdag_operator.py
[2024-11-06T11:04:32.281-1100] {logging_mixin.py:190} INFO - [2024-11-06T11:04:32.280-1100] {dag.py:3239} INFO - Sync 3 DAGs
[2024-11-06T11:04:32.352-1100] {logging_mixin.py:190} INFO - [2024-11-06T11:04:32.352-1100] {dag.py:4180} INFO - Setting next_dagrun for example_subdag_operator to 2022-01-01 00:00:00+00:00, run_after=2022-01-01 00:00:00+00:00
[2024-11-06T11:04:32.361-1100] {logging_mixin.py:190} INFO - [2024-11-06T11:04:32.360-1100] {dag.py:4180} INFO - Setting next_dagrun for example_subdag_operator.section-1 to None, run_after=None
[2024-11-06T11:04:32.365-1100] {logging_mixin.py:190} INFO - [2024-11-06T11:04:32.365-1100] {dag.py:4180} INFO - Setting next_dagrun for example_subdag_operator.section-2 to None, run_after=None
[2024-11-06T11:04:32.385-1100] {logging_mixin.py:190} INFO - [2024-11-06T11:04:32.385-1100] {dag.py:3239} INFO - Sync 2 DAGs
[2024-11-06T11:04:32.402-1100] {logging_mixin.py:190} INFO - [2024-11-06T11:04:32.401-1100] {dag.py:4180} INFO - Setting next_dagrun for example_subdag_operator.section-1 to None, run_after=None
[2024-11-06T11:04:32.404-1100] {logging_mixin.py:190} INFO - [2024-11-06T11:04:32.403-1100] {dag.py:4180} INFO - Setting next_dagrun for example_subdag_operator.section-2 to None, run_after=None
[2024-11-06T11:04:32.437-1100] {processor.py:208} INFO - Processing /home/ouaillaamiri/Development/lsi_3/airflow/venv/lib/python3.11/site-packages/airflow/example_dags/example_subdag_operator.py took 0.316 seconds
