[2024-11-06T10:53:32.757-1100] {processor.py:186} INFO - Started process (PID=219376) to work on /home/ouaillaamiri/Development/lsi_3/airflow/venv/lib/python3.11/site-packages/airflow/example_dags/example_outlet_event_extra.py
[2024-11-06T10:53:32.758-1100] {processor.py:914} INFO - Processing file /home/ouaillaamiri/Development/lsi_3/airflow/venv/lib/python3.11/site-packages/airflow/example_dags/example_outlet_event_extra.py for tasks to queue
[2024-11-06T10:53:32.763-1100] {logging_mixin.py:190} INFO - [2024-11-06T10:53:32.762-1100] {dagbag.py:588} INFO - Filling up the DagBag from /home/ouaillaamiri/Development/lsi_3/airflow/venv/lib/python3.11/site-packages/airflow/example_dags/example_outlet_event_extra.py
[2024-11-06T10:53:32.791-1100] {processor.py:925} INFO - DAG(s) 'dataset_with_extra_from_classic_operator', 'dataset_with_extra_by_context', 'dataset_with_extra_by_yield' retrieved from /home/ouaillaamiri/Development/lsi_3/airflow/venv/lib/python3.11/site-packages/airflow/example_dags/example_outlet_event_extra.py
[2024-11-06T10:53:33.030-1100] {logging_mixin.py:190} INFO - [2024-11-06T10:53:33.029-1100] {override.py:1911} INFO - Created Permission View: can edit on DAG:dataset_with_extra_from_classic_operator
[2024-11-06T10:53:33.051-1100] {logging_mixin.py:190} INFO - [2024-11-06T10:53:33.050-1100] {override.py:1911} INFO - Created Permission View: can delete on DAG:dataset_with_extra_from_classic_operator
[2024-11-06T10:53:33.067-1100] {logging_mixin.py:190} INFO - [2024-11-06T10:53:33.066-1100] {override.py:1911} INFO - Created Permission View: can read on DAG:dataset_with_extra_from_classic_operator
[2024-11-06T10:53:33.082-1100] {logging_mixin.py:190} INFO - [2024-11-06T10:53:33.081-1100] {override.py:1911} INFO - Created Permission View: can delete on DAG Run:dataset_with_extra_from_classic_operator
[2024-11-06T10:53:33.096-1100] {logging_mixin.py:190} INFO - [2024-11-06T10:53:33.094-1100] {override.py:1911} INFO - Created Permission View: can create on DAG Run:dataset_with_extra_from_classic_operator
[2024-11-06T10:53:33.109-1100] {logging_mixin.py:190} INFO - [2024-11-06T10:53:33.108-1100] {override.py:1911} INFO - Created Permission View: menu access on DAG Run:dataset_with_extra_from_classic_operator
[2024-11-06T10:53:33.123-1100] {logging_mixin.py:190} INFO - [2024-11-06T10:53:33.123-1100] {override.py:1911} INFO - Created Permission View: can read on DAG Run:dataset_with_extra_from_classic_operator
[2024-11-06T10:53:33.152-1100] {logging_mixin.py:190} INFO - [2024-11-06T10:53:33.151-1100] {override.py:1911} INFO - Created Permission View: can edit on DAG:dataset_with_extra_by_context
[2024-11-06T10:53:33.167-1100] {logging_mixin.py:190} INFO - [2024-11-06T10:53:33.166-1100] {override.py:1911} INFO - Created Permission View: can delete on DAG:dataset_with_extra_by_context
[2024-11-06T10:53:33.190-1100] {logging_mixin.py:190} INFO - [2024-11-06T10:53:33.189-1100] {override.py:1911} INFO - Created Permission View: can read on DAG:dataset_with_extra_by_context
[2024-11-06T10:53:33.204-1100] {logging_mixin.py:190} INFO - [2024-11-06T10:53:33.204-1100] {override.py:1911} INFO - Created Permission View: can delete on DAG Run:dataset_with_extra_by_context
[2024-11-06T10:53:33.216-1100] {logging_mixin.py:190} INFO - [2024-11-06T10:53:33.215-1100] {override.py:1911} INFO - Created Permission View: can create on DAG Run:dataset_with_extra_by_context
[2024-11-06T10:53:33.231-1100] {logging_mixin.py:190} INFO - [2024-11-06T10:53:33.230-1100] {override.py:1911} INFO - Created Permission View: menu access on DAG Run:dataset_with_extra_by_context
[2024-11-06T10:53:33.245-1100] {logging_mixin.py:190} INFO - [2024-11-06T10:53:33.244-1100] {override.py:1911} INFO - Created Permission View: can read on DAG Run:dataset_with_extra_by_context
[2024-11-06T10:53:33.269-1100] {logging_mixin.py:190} INFO - [2024-11-06T10:53:33.269-1100] {override.py:1911} INFO - Created Permission View: can edit on DAG:dataset_with_extra_by_yield
[2024-11-06T10:53:33.283-1100] {logging_mixin.py:190} INFO - [2024-11-06T10:53:33.283-1100] {override.py:1911} INFO - Created Permission View: can delete on DAG:dataset_with_extra_by_yield
[2024-11-06T10:53:33.299-1100] {logging_mixin.py:190} INFO - [2024-11-06T10:53:33.298-1100] {override.py:1911} INFO - Created Permission View: can read on DAG:dataset_with_extra_by_yield
[2024-11-06T10:53:33.315-1100] {logging_mixin.py:190} INFO - [2024-11-06T10:53:33.314-1100] {override.py:1911} INFO - Created Permission View: can delete on DAG Run:dataset_with_extra_by_yield
[2024-11-06T10:53:33.329-1100] {logging_mixin.py:190} INFO - [2024-11-06T10:53:33.328-1100] {override.py:1911} INFO - Created Permission View: can create on DAG Run:dataset_with_extra_by_yield
[2024-11-06T10:53:33.344-1100] {logging_mixin.py:190} INFO - [2024-11-06T10:53:33.343-1100] {override.py:1911} INFO - Created Permission View: menu access on DAG Run:dataset_with_extra_by_yield
[2024-11-06T10:53:33.359-1100] {logging_mixin.py:190} INFO - [2024-11-06T10:53:33.358-1100] {override.py:1911} INFO - Created Permission View: can read on DAG Run:dataset_with_extra_by_yield
[2024-11-06T10:53:33.360-1100] {logging_mixin.py:190} INFO - [2024-11-06T10:53:33.359-1100] {dag.py:3239} INFO - Sync 3 DAGs
[2024-11-06T10:53:33.391-1100] {logging_mixin.py:190} INFO - [2024-11-06T10:53:33.390-1100] {dag.py:3262} INFO - Creating ORM DAG for dataset_with_extra_from_classic_operator
[2024-11-06T10:53:33.392-1100] {logging_mixin.py:190} INFO - [2024-11-06T10:53:33.391-1100] {dag.py:3262} INFO - Creating ORM DAG for dataset_with_extra_by_context
[2024-11-06T10:53:33.393-1100] {logging_mixin.py:190} INFO - [2024-11-06T10:53:33.393-1100] {dag.py:3262} INFO - Creating ORM DAG for dataset_with_extra_by_yield
[2024-11-06T10:53:33.415-1100] {logging_mixin.py:190} INFO - [2024-11-06T10:53:33.415-1100] {dag.py:4180} INFO - Setting next_dagrun for dataset_with_extra_by_context to 2024-11-05 00:00:00+00:00, run_after=2024-11-06 00:00:00+00:00
[2024-11-06T10:53:33.419-1100] {logging_mixin.py:190} INFO - [2024-11-06T10:53:33.419-1100] {dag.py:4180} INFO - Setting next_dagrun for dataset_with_extra_by_yield to 2024-11-05 00:00:00+00:00, run_after=2024-11-06 00:00:00+00:00
[2024-11-06T10:53:33.422-1100] {logging_mixin.py:190} INFO - [2024-11-06T10:53:33.422-1100] {dag.py:4180} INFO - Setting next_dagrun for dataset_with_extra_from_classic_operator to 2024-11-05 00:00:00+00:00, run_after=2024-11-06 00:00:00+00:00
[2024-11-06T10:53:33.475-1100] {processor.py:208} INFO - Processing /home/ouaillaamiri/Development/lsi_3/airflow/venv/lib/python3.11/site-packages/airflow/example_dags/example_outlet_event_extra.py took 0.732 seconds
[2024-11-06T10:54:04.294-1100] {processor.py:186} INFO - Started process (PID=220156) to work on /home/ouaillaamiri/Development/lsi_3/airflow/venv/lib/python3.11/site-packages/airflow/example_dags/example_outlet_event_extra.py
[2024-11-06T10:54:04.295-1100] {processor.py:914} INFO - Processing file /home/ouaillaamiri/Development/lsi_3/airflow/venv/lib/python3.11/site-packages/airflow/example_dags/example_outlet_event_extra.py for tasks to queue
[2024-11-06T10:54:04.300-1100] {logging_mixin.py:190} INFO - [2024-11-06T10:54:04.299-1100] {dagbag.py:588} INFO - Filling up the DagBag from /home/ouaillaamiri/Development/lsi_3/airflow/venv/lib/python3.11/site-packages/airflow/example_dags/example_outlet_event_extra.py
[2024-11-06T10:54:04.332-1100] {processor.py:925} INFO - DAG(s) 'dataset_with_extra_by_yield', 'dataset_with_extra_from_classic_operator', 'dataset_with_extra_by_context' retrieved from /home/ouaillaamiri/Development/lsi_3/airflow/venv/lib/python3.11/site-packages/airflow/example_dags/example_outlet_event_extra.py
[2024-11-06T10:54:04.408-1100] {logging_mixin.py:190} INFO - [2024-11-06T10:54:04.406-1100] {dag.py:3239} INFO - Sync 3 DAGs
[2024-11-06T10:54:04.474-1100] {logging_mixin.py:190} INFO - [2024-11-06T10:54:04.473-1100] {dag.py:4180} INFO - Setting next_dagrun for dataset_with_extra_by_context to 2024-11-05 00:00:00+00:00, run_after=2024-11-06 00:00:00+00:00
[2024-11-06T10:54:04.486-1100] {logging_mixin.py:190} INFO - [2024-11-06T10:54:04.485-1100] {dag.py:4180} INFO - Setting next_dagrun for dataset_with_extra_by_yield to 2024-11-05 00:00:00+00:00, run_after=2024-11-06 00:00:00+00:00
[2024-11-06T10:54:04.491-1100] {logging_mixin.py:190} INFO - [2024-11-06T10:54:04.490-1100] {dag.py:4180} INFO - Setting next_dagrun for dataset_with_extra_from_classic_operator to 2024-11-05 00:00:00+00:00, run_after=2024-11-06 00:00:00+00:00
[2024-11-06T10:54:04.536-1100] {processor.py:208} INFO - Processing /home/ouaillaamiri/Development/lsi_3/airflow/venv/lib/python3.11/site-packages/airflow/example_dags/example_outlet_event_extra.py took 0.255 seconds
[2024-11-06T10:54:34.857-1100] {processor.py:186} INFO - Started process (PID=220622) to work on /home/ouaillaamiri/Development/lsi_3/airflow/venv/lib/python3.11/site-packages/airflow/example_dags/example_outlet_event_extra.py
[2024-11-06T10:54:34.859-1100] {processor.py:914} INFO - Processing file /home/ouaillaamiri/Development/lsi_3/airflow/venv/lib/python3.11/site-packages/airflow/example_dags/example_outlet_event_extra.py for tasks to queue
[2024-11-06T10:54:34.864-1100] {logging_mixin.py:190} INFO - [2024-11-06T10:54:34.864-1100] {dagbag.py:588} INFO - Filling up the DagBag from /home/ouaillaamiri/Development/lsi_3/airflow/venv/lib/python3.11/site-packages/airflow/example_dags/example_outlet_event_extra.py
[2024-11-06T10:54:34.891-1100] {processor.py:925} INFO - DAG(s) 'dataset_with_extra_by_yield', 'dataset_with_extra_from_classic_operator', 'dataset_with_extra_by_context' retrieved from /home/ouaillaamiri/Development/lsi_3/airflow/venv/lib/python3.11/site-packages/airflow/example_dags/example_outlet_event_extra.py
[2024-11-06T10:54:34.965-1100] {logging_mixin.py:190} INFO - [2024-11-06T10:54:34.964-1100] {dag.py:3239} INFO - Sync 3 DAGs
[2024-11-06T10:54:35.015-1100] {logging_mixin.py:190} INFO - [2024-11-06T10:54:35.014-1100] {dag.py:4180} INFO - Setting next_dagrun for dataset_with_extra_by_context to 2024-11-05 00:00:00+00:00, run_after=2024-11-06 00:00:00+00:00
[2024-11-06T10:54:35.026-1100] {logging_mixin.py:190} INFO - [2024-11-06T10:54:35.025-1100] {dag.py:4180} INFO - Setting next_dagrun for dataset_with_extra_by_yield to 2024-11-05 00:00:00+00:00, run_after=2024-11-06 00:00:00+00:00
[2024-11-06T10:54:35.031-1100] {logging_mixin.py:190} INFO - [2024-11-06T10:54:35.030-1100] {dag.py:4180} INFO - Setting next_dagrun for dataset_with_extra_from_classic_operator to 2024-11-05 00:00:00+00:00, run_after=2024-11-06 00:00:00+00:00
[2024-11-06T10:54:35.076-1100] {processor.py:208} INFO - Processing /home/ouaillaamiri/Development/lsi_3/airflow/venv/lib/python3.11/site-packages/airflow/example_dags/example_outlet_event_extra.py took 0.232 seconds
[2024-11-06T10:55:05.883-1100] {processor.py:186} INFO - Started process (PID=221162) to work on /home/ouaillaamiri/Development/lsi_3/airflow/venv/lib/python3.11/site-packages/airflow/example_dags/example_outlet_event_extra.py
[2024-11-06T10:55:05.887-1100] {processor.py:914} INFO - Processing file /home/ouaillaamiri/Development/lsi_3/airflow/venv/lib/python3.11/site-packages/airflow/example_dags/example_outlet_event_extra.py for tasks to queue
[2024-11-06T10:55:05.891-1100] {logging_mixin.py:190} INFO - [2024-11-06T10:55:05.890-1100] {dagbag.py:588} INFO - Filling up the DagBag from /home/ouaillaamiri/Development/lsi_3/airflow/venv/lib/python3.11/site-packages/airflow/example_dags/example_outlet_event_extra.py
[2024-11-06T10:55:05.919-1100] {processor.py:925} INFO - DAG(s) 'dataset_with_extra_by_context', 'dataset_with_extra_by_yield', 'dataset_with_extra_from_classic_operator' retrieved from /home/ouaillaamiri/Development/lsi_3/airflow/venv/lib/python3.11/site-packages/airflow/example_dags/example_outlet_event_extra.py
[2024-11-06T10:55:06.016-1100] {logging_mixin.py:190} INFO - [2024-11-06T10:55:06.015-1100] {dag.py:3239} INFO - Sync 3 DAGs
[2024-11-06T10:55:06.074-1100] {logging_mixin.py:190} INFO - [2024-11-06T10:55:06.074-1100] {dag.py:4180} INFO - Setting next_dagrun for dataset_with_extra_by_context to 2024-11-05 00:00:00+00:00, run_after=2024-11-06 00:00:00+00:00
[2024-11-06T10:55:06.084-1100] {logging_mixin.py:190} INFO - [2024-11-06T10:55:06.083-1100] {dag.py:4180} INFO - Setting next_dagrun for dataset_with_extra_by_yield to 2024-11-05 00:00:00+00:00, run_after=2024-11-06 00:00:00+00:00
[2024-11-06T10:55:06.089-1100] {logging_mixin.py:190} INFO - [2024-11-06T10:55:06.088-1100] {dag.py:4180} INFO - Setting next_dagrun for dataset_with_extra_from_classic_operator to 2024-11-05 00:00:00+00:00, run_after=2024-11-06 00:00:00+00:00
[2024-11-06T10:55:06.136-1100] {processor.py:208} INFO - Processing /home/ouaillaamiri/Development/lsi_3/airflow/venv/lib/python3.11/site-packages/airflow/example_dags/example_outlet_event_extra.py took 0.263 seconds
[2024-11-06T10:55:36.441-1100] {processor.py:186} INFO - Started process (PID=221688) to work on /home/ouaillaamiri/Development/lsi_3/airflow/venv/lib/python3.11/site-packages/airflow/example_dags/example_outlet_event_extra.py
[2024-11-06T10:55:36.443-1100] {processor.py:914} INFO - Processing file /home/ouaillaamiri/Development/lsi_3/airflow/venv/lib/python3.11/site-packages/airflow/example_dags/example_outlet_event_extra.py for tasks to queue
[2024-11-06T10:55:36.448-1100] {logging_mixin.py:190} INFO - [2024-11-06T10:55:36.447-1100] {dagbag.py:588} INFO - Filling up the DagBag from /home/ouaillaamiri/Development/lsi_3/airflow/venv/lib/python3.11/site-packages/airflow/example_dags/example_outlet_event_extra.py
[2024-11-06T10:55:36.478-1100] {processor.py:925} INFO - DAG(s) 'dataset_with_extra_by_context', 'dataset_with_extra_from_classic_operator', 'dataset_with_extra_by_yield' retrieved from /home/ouaillaamiri/Development/lsi_3/airflow/venv/lib/python3.11/site-packages/airflow/example_dags/example_outlet_event_extra.py
[2024-11-06T10:55:36.556-1100] {logging_mixin.py:190} INFO - [2024-11-06T10:55:36.555-1100] {dag.py:3239} INFO - Sync 3 DAGs
[2024-11-06T10:55:36.607-1100] {logging_mixin.py:190} INFO - [2024-11-06T10:55:36.607-1100] {dag.py:4180} INFO - Setting next_dagrun for dataset_with_extra_by_context to 2024-11-05 00:00:00+00:00, run_after=2024-11-06 00:00:00+00:00
[2024-11-06T10:55:36.618-1100] {logging_mixin.py:190} INFO - [2024-11-06T10:55:36.617-1100] {dag.py:4180} INFO - Setting next_dagrun for dataset_with_extra_by_yield to 2024-11-05 00:00:00+00:00, run_after=2024-11-06 00:00:00+00:00
[2024-11-06T10:55:36.623-1100] {logging_mixin.py:190} INFO - [2024-11-06T10:55:36.623-1100] {dag.py:4180} INFO - Setting next_dagrun for dataset_with_extra_from_classic_operator to 2024-11-05 00:00:00+00:00, run_after=2024-11-06 00:00:00+00:00
[2024-11-06T10:55:36.667-1100] {processor.py:208} INFO - Processing /home/ouaillaamiri/Development/lsi_3/airflow/venv/lib/python3.11/site-packages/airflow/example_dags/example_outlet_event_extra.py took 0.240 seconds
[2024-11-06T10:56:06.928-1100] {processor.py:186} INFO - Started process (PID=222070) to work on /home/ouaillaamiri/Development/lsi_3/airflow/venv/lib/python3.11/site-packages/airflow/example_dags/example_outlet_event_extra.py
[2024-11-06T10:56:06.932-1100] {processor.py:914} INFO - Processing file /home/ouaillaamiri/Development/lsi_3/airflow/venv/lib/python3.11/site-packages/airflow/example_dags/example_outlet_event_extra.py for tasks to queue
[2024-11-06T10:56:06.938-1100] {logging_mixin.py:190} INFO - [2024-11-06T10:56:06.937-1100] {dagbag.py:588} INFO - Filling up the DagBag from /home/ouaillaamiri/Development/lsi_3/airflow/venv/lib/python3.11/site-packages/airflow/example_dags/example_outlet_event_extra.py
[2024-11-06T10:56:06.967-1100] {processor.py:925} INFO - DAG(s) 'dataset_with_extra_from_classic_operator', 'dataset_with_extra_by_yield', 'dataset_with_extra_by_context' retrieved from /home/ouaillaamiri/Development/lsi_3/airflow/venv/lib/python3.11/site-packages/airflow/example_dags/example_outlet_event_extra.py
[2024-11-06T10:56:07.044-1100] {logging_mixin.py:190} INFO - [2024-11-06T10:56:07.043-1100] {dag.py:3239} INFO - Sync 3 DAGs
[2024-11-06T10:56:07.097-1100] {logging_mixin.py:190} INFO - [2024-11-06T10:56:07.097-1100] {dag.py:4180} INFO - Setting next_dagrun for dataset_with_extra_by_context to 2024-11-05 00:00:00+00:00, run_after=2024-11-06 00:00:00+00:00
[2024-11-06T10:56:07.106-1100] {logging_mixin.py:190} INFO - [2024-11-06T10:56:07.105-1100] {dag.py:4180} INFO - Setting next_dagrun for dataset_with_extra_by_yield to 2024-11-05 00:00:00+00:00, run_after=2024-11-06 00:00:00+00:00
[2024-11-06T10:56:07.111-1100] {logging_mixin.py:190} INFO - [2024-11-06T10:56:07.110-1100] {dag.py:4180} INFO - Setting next_dagrun for dataset_with_extra_from_classic_operator to 2024-11-05 00:00:00+00:00, run_after=2024-11-06 00:00:00+00:00
[2024-11-06T10:56:07.153-1100] {processor.py:208} INFO - Processing /home/ouaillaamiri/Development/lsi_3/airflow/venv/lib/python3.11/site-packages/airflow/example_dags/example_outlet_event_extra.py took 0.243 seconds
[2024-11-06T10:56:45.204-1100] {processor.py:186} INFO - Started process (PID=223179) to work on /home/ouaillaamiri/Development/lsi_3/airflow/venv/lib/python3.11/site-packages/airflow/example_dags/example_outlet_event_extra.py
[2024-11-06T10:56:45.206-1100] {processor.py:914} INFO - Processing file /home/ouaillaamiri/Development/lsi_3/airflow/venv/lib/python3.11/site-packages/airflow/example_dags/example_outlet_event_extra.py for tasks to queue
[2024-11-06T10:56:45.210-1100] {logging_mixin.py:190} INFO - [2024-11-06T10:56:45.209-1100] {dagbag.py:588} INFO - Filling up the DagBag from /home/ouaillaamiri/Development/lsi_3/airflow/venv/lib/python3.11/site-packages/airflow/example_dags/example_outlet_event_extra.py
[2024-11-06T10:56:45.234-1100] {processor.py:925} INFO - DAG(s) 'dataset_with_extra_from_classic_operator', 'dataset_with_extra_by_context', 'dataset_with_extra_by_yield' retrieved from /home/ouaillaamiri/Development/lsi_3/airflow/venv/lib/python3.11/site-packages/airflow/example_dags/example_outlet_event_extra.py
[2024-11-06T10:56:45.302-1100] {logging_mixin.py:190} INFO - [2024-11-06T10:56:45.302-1100] {dag.py:3239} INFO - Sync 3 DAGs
[2024-11-06T10:56:45.346-1100] {logging_mixin.py:190} INFO - [2024-11-06T10:56:45.345-1100] {dag.py:4180} INFO - Setting next_dagrun for dataset_with_extra_by_context to 2024-11-05 00:00:00+00:00, run_after=2024-11-06 00:00:00+00:00
[2024-11-06T10:56:45.358-1100] {logging_mixin.py:190} INFO - [2024-11-06T10:56:45.358-1100] {dag.py:4180} INFO - Setting next_dagrun for dataset_with_extra_by_yield to 2024-11-05 00:00:00+00:00, run_after=2024-11-06 00:00:00+00:00
[2024-11-06T10:56:45.363-1100] {logging_mixin.py:190} INFO - [2024-11-06T10:56:45.363-1100] {dag.py:4180} INFO - Setting next_dagrun for dataset_with_extra_from_classic_operator to 2024-11-05 00:00:00+00:00, run_after=2024-11-06 00:00:00+00:00
[2024-11-06T10:56:45.405-1100] {processor.py:208} INFO - Processing /home/ouaillaamiri/Development/lsi_3/airflow/venv/lib/python3.11/site-packages/airflow/example_dags/example_outlet_event_extra.py took 0.210 seconds
[2024-11-06T10:57:16.013-1100] {processor.py:186} INFO - Started process (PID=224299) to work on /home/ouaillaamiri/Development/lsi_3/airflow/venv/lib/python3.11/site-packages/airflow/example_dags/example_outlet_event_extra.py
[2024-11-06T10:57:16.015-1100] {processor.py:914} INFO - Processing file /home/ouaillaamiri/Development/lsi_3/airflow/venv/lib/python3.11/site-packages/airflow/example_dags/example_outlet_event_extra.py for tasks to queue
[2024-11-06T10:57:16.018-1100] {logging_mixin.py:190} INFO - [2024-11-06T10:57:16.018-1100] {dagbag.py:588} INFO - Filling up the DagBag from /home/ouaillaamiri/Development/lsi_3/airflow/venv/lib/python3.11/site-packages/airflow/example_dags/example_outlet_event_extra.py
[2024-11-06T10:57:16.043-1100] {processor.py:925} INFO - DAG(s) 'dataset_with_extra_from_classic_operator', 'dataset_with_extra_by_yield', 'dataset_with_extra_by_context' retrieved from /home/ouaillaamiri/Development/lsi_3/airflow/venv/lib/python3.11/site-packages/airflow/example_dags/example_outlet_event_extra.py
[2024-11-06T10:57:16.109-1100] {logging_mixin.py:190} INFO - [2024-11-06T10:57:16.109-1100] {dag.py:3239} INFO - Sync 3 DAGs
[2024-11-06T10:57:16.179-1100] {logging_mixin.py:190} INFO - [2024-11-06T10:57:16.179-1100] {dag.py:4180} INFO - Setting next_dagrun for dataset_with_extra_by_context to 2024-11-05 00:00:00+00:00, run_after=2024-11-06 00:00:00+00:00
[2024-11-06T10:57:16.193-1100] {logging_mixin.py:190} INFO - [2024-11-06T10:57:16.192-1100] {dag.py:4180} INFO - Setting next_dagrun for dataset_with_extra_by_yield to 2024-11-05 00:00:00+00:00, run_after=2024-11-06 00:00:00+00:00
[2024-11-06T10:57:16.200-1100] {logging_mixin.py:190} INFO - [2024-11-06T10:57:16.199-1100] {dag.py:4180} INFO - Setting next_dagrun for dataset_with_extra_from_classic_operator to 2024-11-05 00:00:00+00:00, run_after=2024-11-06 00:00:00+00:00
[2024-11-06T10:57:16.264-1100] {processor.py:208} INFO - Processing /home/ouaillaamiri/Development/lsi_3/airflow/venv/lib/python3.11/site-packages/airflow/example_dags/example_outlet_event_extra.py took 0.260 seconds
[2024-11-06T10:57:46.816-1100] {processor.py:186} INFO - Started process (PID=225069) to work on /home/ouaillaamiri/Development/lsi_3/airflow/venv/lib/python3.11/site-packages/airflow/example_dags/example_outlet_event_extra.py
[2024-11-06T10:57:46.818-1100] {processor.py:914} INFO - Processing file /home/ouaillaamiri/Development/lsi_3/airflow/venv/lib/python3.11/site-packages/airflow/example_dags/example_outlet_event_extra.py for tasks to queue
[2024-11-06T10:57:46.822-1100] {logging_mixin.py:190} INFO - [2024-11-06T10:57:46.821-1100] {dagbag.py:588} INFO - Filling up the DagBag from /home/ouaillaamiri/Development/lsi_3/airflow/venv/lib/python3.11/site-packages/airflow/example_dags/example_outlet_event_extra.py
[2024-11-06T10:57:46.849-1100] {processor.py:925} INFO - DAG(s) 'dataset_with_extra_by_yield', 'dataset_with_extra_from_classic_operator', 'dataset_with_extra_by_context' retrieved from /home/ouaillaamiri/Development/lsi_3/airflow/venv/lib/python3.11/site-packages/airflow/example_dags/example_outlet_event_extra.py
[2024-11-06T10:57:46.922-1100] {logging_mixin.py:190} INFO - [2024-11-06T10:57:46.921-1100] {dag.py:3239} INFO - Sync 3 DAGs
[2024-11-06T10:57:46.966-1100] {logging_mixin.py:190} INFO - [2024-11-06T10:57:46.965-1100] {dag.py:4180} INFO - Setting next_dagrun for dataset_with_extra_by_context to 2024-11-05 00:00:00+00:00, run_after=2024-11-06 00:00:00+00:00
[2024-11-06T10:57:46.975-1100] {logging_mixin.py:190} INFO - [2024-11-06T10:57:46.974-1100] {dag.py:4180} INFO - Setting next_dagrun for dataset_with_extra_by_yield to 2024-11-05 00:00:00+00:00, run_after=2024-11-06 00:00:00+00:00
[2024-11-06T10:57:46.979-1100] {logging_mixin.py:190} INFO - [2024-11-06T10:57:46.979-1100] {dag.py:4180} INFO - Setting next_dagrun for dataset_with_extra_from_classic_operator to 2024-11-05 00:00:00+00:00, run_after=2024-11-06 00:00:00+00:00
[2024-11-06T10:57:47.025-1100] {processor.py:208} INFO - Processing /home/ouaillaamiri/Development/lsi_3/airflow/venv/lib/python3.11/site-packages/airflow/example_dags/example_outlet_event_extra.py took 0.220 seconds
[2024-11-06T10:58:17.836-1100] {processor.py:186} INFO - Started process (PID=225712) to work on /home/ouaillaamiri/Development/lsi_3/airflow/venv/lib/python3.11/site-packages/airflow/example_dags/example_outlet_event_extra.py
[2024-11-06T10:58:17.839-1100] {processor.py:914} INFO - Processing file /home/ouaillaamiri/Development/lsi_3/airflow/venv/lib/python3.11/site-packages/airflow/example_dags/example_outlet_event_extra.py for tasks to queue
[2024-11-06T10:58:17.847-1100] {logging_mixin.py:190} INFO - [2024-11-06T10:58:17.846-1100] {dagbag.py:588} INFO - Filling up the DagBag from /home/ouaillaamiri/Development/lsi_3/airflow/venv/lib/python3.11/site-packages/airflow/example_dags/example_outlet_event_extra.py
[2024-11-06T10:58:17.876-1100] {processor.py:925} INFO - DAG(s) 'dataset_with_extra_from_classic_operator', 'dataset_with_extra_by_yield', 'dataset_with_extra_by_context' retrieved from /home/ouaillaamiri/Development/lsi_3/airflow/venv/lib/python3.11/site-packages/airflow/example_dags/example_outlet_event_extra.py
[2024-11-06T10:58:17.944-1100] {logging_mixin.py:190} INFO - [2024-11-06T10:58:17.943-1100] {dag.py:3239} INFO - Sync 3 DAGs
[2024-11-06T10:58:17.992-1100] {logging_mixin.py:190} INFO - [2024-11-06T10:58:17.991-1100] {dag.py:4180} INFO - Setting next_dagrun for dataset_with_extra_by_context to 2024-11-05 00:00:00+00:00, run_after=2024-11-06 00:00:00+00:00
[2024-11-06T10:58:18.002-1100] {logging_mixin.py:190} INFO - [2024-11-06T10:58:18.002-1100] {dag.py:4180} INFO - Setting next_dagrun for dataset_with_extra_by_yield to 2024-11-05 00:00:00+00:00, run_after=2024-11-06 00:00:00+00:00
[2024-11-06T10:58:18.008-1100] {logging_mixin.py:190} INFO - [2024-11-06T10:58:18.007-1100] {dag.py:4180} INFO - Setting next_dagrun for dataset_with_extra_from_classic_operator to 2024-11-05 00:00:00+00:00, run_after=2024-11-06 00:00:00+00:00
[2024-11-06T10:58:18.053-1100] {processor.py:208} INFO - Processing /home/ouaillaamiri/Development/lsi_3/airflow/venv/lib/python3.11/site-packages/airflow/example_dags/example_outlet_event_extra.py took 0.240 seconds
[2024-11-06T10:58:48.414-1100] {processor.py:186} INFO - Started process (PID=226432) to work on /home/ouaillaamiri/Development/lsi_3/airflow/venv/lib/python3.11/site-packages/airflow/example_dags/example_outlet_event_extra.py
[2024-11-06T10:58:48.416-1100] {processor.py:914} INFO - Processing file /home/ouaillaamiri/Development/lsi_3/airflow/venv/lib/python3.11/site-packages/airflow/example_dags/example_outlet_event_extra.py for tasks to queue
[2024-11-06T10:58:48.419-1100] {logging_mixin.py:190} INFO - [2024-11-06T10:58:48.419-1100] {dagbag.py:588} INFO - Filling up the DagBag from /home/ouaillaamiri/Development/lsi_3/airflow/venv/lib/python3.11/site-packages/airflow/example_dags/example_outlet_event_extra.py
[2024-11-06T10:58:48.444-1100] {processor.py:925} INFO - DAG(s) 'dataset_with_extra_from_classic_operator', 'dataset_with_extra_by_yield', 'dataset_with_extra_by_context' retrieved from /home/ouaillaamiri/Development/lsi_3/airflow/venv/lib/python3.11/site-packages/airflow/example_dags/example_outlet_event_extra.py
[2024-11-06T10:58:48.513-1100] {logging_mixin.py:190} INFO - [2024-11-06T10:58:48.512-1100] {dag.py:3239} INFO - Sync 3 DAGs
[2024-11-06T10:58:48.558-1100] {logging_mixin.py:190} INFO - [2024-11-06T10:58:48.557-1100] {dag.py:4180} INFO - Setting next_dagrun for dataset_with_extra_by_context to 2024-11-05 00:00:00+00:00, run_after=2024-11-06 00:00:00+00:00
[2024-11-06T10:58:48.566-1100] {logging_mixin.py:190} INFO - [2024-11-06T10:58:48.566-1100] {dag.py:4180} INFO - Setting next_dagrun for dataset_with_extra_by_yield to 2024-11-05 00:00:00+00:00, run_after=2024-11-06 00:00:00+00:00
[2024-11-06T10:58:48.571-1100] {logging_mixin.py:190} INFO - [2024-11-06T10:58:48.571-1100] {dag.py:4180} INFO - Setting next_dagrun for dataset_with_extra_from_classic_operator to 2024-11-05 00:00:00+00:00, run_after=2024-11-06 00:00:00+00:00
[2024-11-06T10:58:48.611-1100] {processor.py:208} INFO - Processing /home/ouaillaamiri/Development/lsi_3/airflow/venv/lib/python3.11/site-packages/airflow/example_dags/example_outlet_event_extra.py took 0.210 seconds
[2024-11-06T10:59:19.013-1100] {processor.py:186} INFO - Started process (PID=227135) to work on /home/ouaillaamiri/Development/lsi_3/airflow/venv/lib/python3.11/site-packages/airflow/example_dags/example_outlet_event_extra.py
[2024-11-06T10:59:19.015-1100] {processor.py:914} INFO - Processing file /home/ouaillaamiri/Development/lsi_3/airflow/venv/lib/python3.11/site-packages/airflow/example_dags/example_outlet_event_extra.py for tasks to queue
[2024-11-06T10:59:19.019-1100] {logging_mixin.py:190} INFO - [2024-11-06T10:59:19.019-1100] {dagbag.py:588} INFO - Filling up the DagBag from /home/ouaillaamiri/Development/lsi_3/airflow/venv/lib/python3.11/site-packages/airflow/example_dags/example_outlet_event_extra.py
[2024-11-06T10:59:19.050-1100] {processor.py:925} INFO - DAG(s) 'dataset_with_extra_by_context', 'dataset_with_extra_by_yield', 'dataset_with_extra_from_classic_operator' retrieved from /home/ouaillaamiri/Development/lsi_3/airflow/venv/lib/python3.11/site-packages/airflow/example_dags/example_outlet_event_extra.py
[2024-11-06T10:59:19.127-1100] {logging_mixin.py:190} INFO - [2024-11-06T10:59:19.126-1100] {dag.py:3239} INFO - Sync 3 DAGs
[2024-11-06T10:59:19.176-1100] {logging_mixin.py:190} INFO - [2024-11-06T10:59:19.175-1100] {dag.py:4180} INFO - Setting next_dagrun for dataset_with_extra_by_context to 2024-11-05 00:00:00+00:00, run_after=2024-11-06 00:00:00+00:00
[2024-11-06T10:59:19.185-1100] {logging_mixin.py:190} INFO - [2024-11-06T10:59:19.184-1100] {dag.py:4180} INFO - Setting next_dagrun for dataset_with_extra_by_yield to 2024-11-05 00:00:00+00:00, run_after=2024-11-06 00:00:00+00:00
[2024-11-06T10:59:19.190-1100] {logging_mixin.py:190} INFO - [2024-11-06T10:59:19.189-1100] {dag.py:4180} INFO - Setting next_dagrun for dataset_with_extra_from_classic_operator to 2024-11-05 00:00:00+00:00, run_after=2024-11-06 00:00:00+00:00
[2024-11-06T10:59:19.240-1100] {processor.py:208} INFO - Processing /home/ouaillaamiri/Development/lsi_3/airflow/venv/lib/python3.11/site-packages/airflow/example_dags/example_outlet_event_extra.py took 0.239 seconds
[2024-11-06T10:59:50.116-1100] {processor.py:186} INFO - Started process (PID=227527) to work on /home/ouaillaamiri/Development/lsi_3/airflow/venv/lib/python3.11/site-packages/airflow/example_dags/example_outlet_event_extra.py
[2024-11-06T10:59:50.118-1100] {processor.py:914} INFO - Processing file /home/ouaillaamiri/Development/lsi_3/airflow/venv/lib/python3.11/site-packages/airflow/example_dags/example_outlet_event_extra.py for tasks to queue
[2024-11-06T10:59:50.121-1100] {logging_mixin.py:190} INFO - [2024-11-06T10:59:50.121-1100] {dagbag.py:588} INFO - Filling up the DagBag from /home/ouaillaamiri/Development/lsi_3/airflow/venv/lib/python3.11/site-packages/airflow/example_dags/example_outlet_event_extra.py
[2024-11-06T10:59:50.145-1100] {processor.py:925} INFO - DAG(s) 'dataset_with_extra_by_yield', 'dataset_with_extra_from_classic_operator', 'dataset_with_extra_by_context' retrieved from /home/ouaillaamiri/Development/lsi_3/airflow/venv/lib/python3.11/site-packages/airflow/example_dags/example_outlet_event_extra.py
[2024-11-06T10:59:50.217-1100] {logging_mixin.py:190} INFO - [2024-11-06T10:59:50.216-1100] {dag.py:3239} INFO - Sync 3 DAGs
[2024-11-06T10:59:50.259-1100] {logging_mixin.py:190} INFO - [2024-11-06T10:59:50.259-1100] {dag.py:4180} INFO - Setting next_dagrun for dataset_with_extra_by_context to 2024-11-05 00:00:00+00:00, run_after=2024-11-06 00:00:00+00:00
[2024-11-06T10:59:50.267-1100] {logging_mixin.py:190} INFO - [2024-11-06T10:59:50.267-1100] {dag.py:4180} INFO - Setting next_dagrun for dataset_with_extra_by_yield to 2024-11-05 00:00:00+00:00, run_after=2024-11-06 00:00:00+00:00
[2024-11-06T10:59:50.272-1100] {logging_mixin.py:190} INFO - [2024-11-06T10:59:50.272-1100] {dag.py:4180} INFO - Setting next_dagrun for dataset_with_extra_from_classic_operator to 2024-11-05 00:00:00+00:00, run_after=2024-11-06 00:00:00+00:00
[2024-11-06T10:59:50.314-1100] {processor.py:208} INFO - Processing /home/ouaillaamiri/Development/lsi_3/airflow/venv/lib/python3.11/site-packages/airflow/example_dags/example_outlet_event_extra.py took 0.207 seconds
[2024-11-06T11:00:56.756-1100] {processor.py:186} INFO - Started process (PID=228710) to work on /home/ouaillaamiri/Development/lsi_3/airflow/venv/lib/python3.11/site-packages/airflow/example_dags/example_outlet_event_extra.py
[2024-11-06T11:00:56.758-1100] {processor.py:914} INFO - Processing file /home/ouaillaamiri/Development/lsi_3/airflow/venv/lib/python3.11/site-packages/airflow/example_dags/example_outlet_event_extra.py for tasks to queue
[2024-11-06T11:00:56.763-1100] {logging_mixin.py:190} INFO - [2024-11-06T11:00:56.762-1100] {dagbag.py:588} INFO - Filling up the DagBag from /home/ouaillaamiri/Development/lsi_3/airflow/venv/lib/python3.11/site-packages/airflow/example_dags/example_outlet_event_extra.py
[2024-11-06T11:00:56.794-1100] {processor.py:925} INFO - DAG(s) 'dataset_with_extra_by_yield', 'dataset_with_extra_by_context', 'dataset_with_extra_from_classic_operator' retrieved from /home/ouaillaamiri/Development/lsi_3/airflow/venv/lib/python3.11/site-packages/airflow/example_dags/example_outlet_event_extra.py
[2024-11-06T11:00:56.891-1100] {logging_mixin.py:190} INFO - [2024-11-06T11:00:56.890-1100] {dag.py:3239} INFO - Sync 3 DAGs
[2024-11-06T11:00:56.960-1100] {logging_mixin.py:190} INFO - [2024-11-06T11:00:56.959-1100] {dag.py:4180} INFO - Setting next_dagrun for dataset_with_extra_by_context to 2024-11-05 00:00:00+00:00, run_after=2024-11-06 00:00:00+00:00
[2024-11-06T11:00:56.980-1100] {logging_mixin.py:190} INFO - [2024-11-06T11:00:56.980-1100] {dag.py:4180} INFO - Setting next_dagrun for dataset_with_extra_by_yield to 2024-11-05 00:00:00+00:00, run_after=2024-11-06 00:00:00+00:00
[2024-11-06T11:00:56.989-1100] {logging_mixin.py:190} INFO - [2024-11-06T11:00:56.988-1100] {dag.py:4180} INFO - Setting next_dagrun for dataset_with_extra_from_classic_operator to 2024-11-05 00:00:00+00:00, run_after=2024-11-06 00:00:00+00:00
[2024-11-06T11:00:57.045-1100] {processor.py:208} INFO - Processing /home/ouaillaamiri/Development/lsi_3/airflow/venv/lib/python3.11/site-packages/airflow/example_dags/example_outlet_event_extra.py took 0.300 seconds
[2024-11-06T11:01:27.320-1100] {processor.py:186} INFO - Started process (PID=229311) to work on /home/ouaillaamiri/Development/lsi_3/airflow/venv/lib/python3.11/site-packages/airflow/example_dags/example_outlet_event_extra.py
[2024-11-06T11:01:27.321-1100] {processor.py:914} INFO - Processing file /home/ouaillaamiri/Development/lsi_3/airflow/venv/lib/python3.11/site-packages/airflow/example_dags/example_outlet_event_extra.py for tasks to queue
[2024-11-06T11:01:27.326-1100] {logging_mixin.py:190} INFO - [2024-11-06T11:01:27.325-1100] {dagbag.py:588} INFO - Filling up the DagBag from /home/ouaillaamiri/Development/lsi_3/airflow/venv/lib/python3.11/site-packages/airflow/example_dags/example_outlet_event_extra.py
[2024-11-06T11:01:27.362-1100] {processor.py:925} INFO - DAG(s) 'dataset_with_extra_by_context', 'dataset_with_extra_from_classic_operator', 'dataset_with_extra_by_yield' retrieved from /home/ouaillaamiri/Development/lsi_3/airflow/venv/lib/python3.11/site-packages/airflow/example_dags/example_outlet_event_extra.py
[2024-11-06T11:01:27.461-1100] {logging_mixin.py:190} INFO - [2024-11-06T11:01:27.460-1100] {dag.py:3239} INFO - Sync 3 DAGs
[2024-11-06T11:01:27.532-1100] {logging_mixin.py:190} INFO - [2024-11-06T11:01:27.531-1100] {dag.py:4180} INFO - Setting next_dagrun for dataset_with_extra_by_context to 2024-11-05 00:00:00+00:00, run_after=2024-11-06 00:00:00+00:00
[2024-11-06T11:01:27.547-1100] {logging_mixin.py:190} INFO - [2024-11-06T11:01:27.546-1100] {dag.py:4180} INFO - Setting next_dagrun for dataset_with_extra_by_yield to 2024-11-05 00:00:00+00:00, run_after=2024-11-06 00:00:00+00:00
[2024-11-06T11:01:27.555-1100] {logging_mixin.py:190} INFO - [2024-11-06T11:01:27.555-1100] {dag.py:4180} INFO - Setting next_dagrun for dataset_with_extra_from_classic_operator to 2024-11-05 00:00:00+00:00, run_after=2024-11-06 00:00:00+00:00
[2024-11-06T11:01:27.632-1100] {processor.py:208} INFO - Processing /home/ouaillaamiri/Development/lsi_3/airflow/venv/lib/python3.11/site-packages/airflow/example_dags/example_outlet_event_extra.py took 0.323 seconds
[2024-11-06T11:01:58.147-1100] {processor.py:186} INFO - Started process (PID=229686) to work on /home/ouaillaamiri/Development/lsi_3/airflow/venv/lib/python3.11/site-packages/airflow/example_dags/example_outlet_event_extra.py
[2024-11-06T11:01:58.149-1100] {processor.py:914} INFO - Processing file /home/ouaillaamiri/Development/lsi_3/airflow/venv/lib/python3.11/site-packages/airflow/example_dags/example_outlet_event_extra.py for tasks to queue
[2024-11-06T11:01:58.152-1100] {logging_mixin.py:190} INFO - [2024-11-06T11:01:58.152-1100] {dagbag.py:588} INFO - Filling up the DagBag from /home/ouaillaamiri/Development/lsi_3/airflow/venv/lib/python3.11/site-packages/airflow/example_dags/example_outlet_event_extra.py
[2024-11-06T11:01:58.178-1100] {processor.py:925} INFO - DAG(s) 'dataset_with_extra_by_context', 'dataset_with_extra_by_yield', 'dataset_with_extra_from_classic_operator' retrieved from /home/ouaillaamiri/Development/lsi_3/airflow/venv/lib/python3.11/site-packages/airflow/example_dags/example_outlet_event_extra.py
[2024-11-06T11:01:58.257-1100] {logging_mixin.py:190} INFO - [2024-11-06T11:01:58.256-1100] {dag.py:3239} INFO - Sync 3 DAGs
[2024-11-06T11:01:58.308-1100] {logging_mixin.py:190} INFO - [2024-11-06T11:01:58.307-1100] {dag.py:4180} INFO - Setting next_dagrun for dataset_with_extra_by_context to 2024-11-05 00:00:00+00:00, run_after=2024-11-06 00:00:00+00:00
[2024-11-06T11:01:58.317-1100] {logging_mixin.py:190} INFO - [2024-11-06T11:01:58.316-1100] {dag.py:4180} INFO - Setting next_dagrun for dataset_with_extra_by_yield to 2024-11-05 00:00:00+00:00, run_after=2024-11-06 00:00:00+00:00
[2024-11-06T11:01:58.322-1100] {logging_mixin.py:190} INFO - [2024-11-06T11:01:58.322-1100] {dag.py:4180} INFO - Setting next_dagrun for dataset_with_extra_from_classic_operator to 2024-11-05 00:00:00+00:00, run_after=2024-11-06 00:00:00+00:00
[2024-11-06T11:01:58.366-1100] {processor.py:208} INFO - Processing /home/ouaillaamiri/Development/lsi_3/airflow/venv/lib/python3.11/site-packages/airflow/example_dags/example_outlet_event_extra.py took 0.230 seconds
[2024-11-06T11:02:28.694-1100] {processor.py:186} INFO - Started process (PID=230279) to work on /home/ouaillaamiri/Development/lsi_3/airflow/venv/lib/python3.11/site-packages/airflow/example_dags/example_outlet_event_extra.py
[2024-11-06T11:02:28.696-1100] {processor.py:914} INFO - Processing file /home/ouaillaamiri/Development/lsi_3/airflow/venv/lib/python3.11/site-packages/airflow/example_dags/example_outlet_event_extra.py for tasks to queue
[2024-11-06T11:02:28.700-1100] {logging_mixin.py:190} INFO - [2024-11-06T11:02:28.699-1100] {dagbag.py:588} INFO - Filling up the DagBag from /home/ouaillaamiri/Development/lsi_3/airflow/venv/lib/python3.11/site-packages/airflow/example_dags/example_outlet_event_extra.py
[2024-11-06T11:02:28.724-1100] {processor.py:925} INFO - DAG(s) 'dataset_with_extra_from_classic_operator', 'dataset_with_extra_by_context', 'dataset_with_extra_by_yield' retrieved from /home/ouaillaamiri/Development/lsi_3/airflow/venv/lib/python3.11/site-packages/airflow/example_dags/example_outlet_event_extra.py
[2024-11-06T11:02:28.788-1100] {logging_mixin.py:190} INFO - [2024-11-06T11:02:28.788-1100] {dag.py:3239} INFO - Sync 3 DAGs
[2024-11-06T11:02:28.831-1100] {logging_mixin.py:190} INFO - [2024-11-06T11:02:28.831-1100] {dag.py:4180} INFO - Setting next_dagrun for dataset_with_extra_by_context to 2024-11-05 00:00:00+00:00, run_after=2024-11-06 00:00:00+00:00
[2024-11-06T11:02:28.840-1100] {logging_mixin.py:190} INFO - [2024-11-06T11:02:28.840-1100] {dag.py:4180} INFO - Setting next_dagrun for dataset_with_extra_by_yield to 2024-11-05 00:00:00+00:00, run_after=2024-11-06 00:00:00+00:00
[2024-11-06T11:02:28.845-1100] {logging_mixin.py:190} INFO - [2024-11-06T11:02:28.845-1100] {dag.py:4180} INFO - Setting next_dagrun for dataset_with_extra_from_classic_operator to 2024-11-05 00:00:00+00:00, run_after=2024-11-06 00:00:00+00:00
[2024-11-06T11:02:28.887-1100] {processor.py:208} INFO - Processing /home/ouaillaamiri/Development/lsi_3/airflow/venv/lib/python3.11/site-packages/airflow/example_dags/example_outlet_event_extra.py took 0.204 seconds
[2024-11-06T11:02:59.270-1100] {processor.py:186} INFO - Started process (PID=231263) to work on /home/ouaillaamiri/Development/lsi_3/airflow/venv/lib/python3.11/site-packages/airflow/example_dags/example_outlet_event_extra.py
[2024-11-06T11:02:59.271-1100] {processor.py:914} INFO - Processing file /home/ouaillaamiri/Development/lsi_3/airflow/venv/lib/python3.11/site-packages/airflow/example_dags/example_outlet_event_extra.py for tasks to queue
[2024-11-06T11:02:59.275-1100] {logging_mixin.py:190} INFO - [2024-11-06T11:02:59.275-1100] {dagbag.py:588} INFO - Filling up the DagBag from /home/ouaillaamiri/Development/lsi_3/airflow/venv/lib/python3.11/site-packages/airflow/example_dags/example_outlet_event_extra.py
[2024-11-06T11:02:59.304-1100] {processor.py:925} INFO - DAG(s) 'dataset_with_extra_by_context', 'dataset_with_extra_from_classic_operator', 'dataset_with_extra_by_yield' retrieved from /home/ouaillaamiri/Development/lsi_3/airflow/venv/lib/python3.11/site-packages/airflow/example_dags/example_outlet_event_extra.py
[2024-11-06T11:02:59.383-1100] {logging_mixin.py:190} INFO - [2024-11-06T11:02:59.383-1100] {dag.py:3239} INFO - Sync 3 DAGs
[2024-11-06T11:02:59.438-1100] {logging_mixin.py:190} INFO - [2024-11-06T11:02:59.438-1100] {dag.py:4180} INFO - Setting next_dagrun for dataset_with_extra_by_context to 2024-11-05 00:00:00+00:00, run_after=2024-11-06 00:00:00+00:00
[2024-11-06T11:02:59.449-1100] {logging_mixin.py:190} INFO - [2024-11-06T11:02:59.449-1100] {dag.py:4180} INFO - Setting next_dagrun for dataset_with_extra_by_yield to 2024-11-05 00:00:00+00:00, run_after=2024-11-06 00:00:00+00:00
[2024-11-06T11:02:59.456-1100] {logging_mixin.py:190} INFO - [2024-11-06T11:02:59.455-1100] {dag.py:4180} INFO - Setting next_dagrun for dataset_with_extra_from_classic_operator to 2024-11-05 00:00:00+00:00, run_after=2024-11-06 00:00:00+00:00
[2024-11-06T11:02:59.502-1100] {processor.py:208} INFO - Processing /home/ouaillaamiri/Development/lsi_3/airflow/venv/lib/python3.11/site-packages/airflow/example_dags/example_outlet_event_extra.py took 0.246 seconds
[2024-11-06T11:03:30.192-1100] {processor.py:186} INFO - Started process (PID=231625) to work on /home/ouaillaamiri/Development/lsi_3/airflow/venv/lib/python3.11/site-packages/airflow/example_dags/example_outlet_event_extra.py
[2024-11-06T11:03:30.195-1100] {processor.py:914} INFO - Processing file /home/ouaillaamiri/Development/lsi_3/airflow/venv/lib/python3.11/site-packages/airflow/example_dags/example_outlet_event_extra.py for tasks to queue
[2024-11-06T11:03:30.201-1100] {logging_mixin.py:190} INFO - [2024-11-06T11:03:30.200-1100] {dagbag.py:588} INFO - Filling up the DagBag from /home/ouaillaamiri/Development/lsi_3/airflow/venv/lib/python3.11/site-packages/airflow/example_dags/example_outlet_event_extra.py
[2024-11-06T11:03:30.244-1100] {processor.py:925} INFO - DAG(s) 'dataset_with_extra_by_context', 'dataset_with_extra_from_classic_operator', 'dataset_with_extra_by_yield' retrieved from /home/ouaillaamiri/Development/lsi_3/airflow/venv/lib/python3.11/site-packages/airflow/example_dags/example_outlet_event_extra.py
[2024-11-06T11:03:30.339-1100] {logging_mixin.py:190} INFO - [2024-11-06T11:03:30.339-1100] {dag.py:3239} INFO - Sync 3 DAGs
[2024-11-06T11:03:30.406-1100] {logging_mixin.py:190} INFO - [2024-11-06T11:03:30.405-1100] {dag.py:4180} INFO - Setting next_dagrun for dataset_with_extra_by_context to 2024-11-05 00:00:00+00:00, run_after=2024-11-06 00:00:00+00:00
[2024-11-06T11:03:30.417-1100] {logging_mixin.py:190} INFO - [2024-11-06T11:03:30.416-1100] {dag.py:4180} INFO - Setting next_dagrun for dataset_with_extra_by_yield to 2024-11-05 00:00:00+00:00, run_after=2024-11-06 00:00:00+00:00
[2024-11-06T11:03:30.424-1100] {logging_mixin.py:190} INFO - [2024-11-06T11:03:30.423-1100] {dag.py:4180} INFO - Setting next_dagrun for dataset_with_extra_from_classic_operator to 2024-11-05 00:00:00+00:00, run_after=2024-11-06 00:00:00+00:00
[2024-11-06T11:03:30.521-1100] {processor.py:208} INFO - Processing /home/ouaillaamiri/Development/lsi_3/airflow/venv/lib/python3.11/site-packages/airflow/example_dags/example_outlet_event_extra.py took 0.355 seconds
[2024-11-06T11:04:01.174-1100] {processor.py:186} INFO - Started process (PID=232300) to work on /home/ouaillaamiri/Development/lsi_3/airflow/venv/lib/python3.11/site-packages/airflow/example_dags/example_outlet_event_extra.py
[2024-11-06T11:04:01.177-1100] {processor.py:914} INFO - Processing file /home/ouaillaamiri/Development/lsi_3/airflow/venv/lib/python3.11/site-packages/airflow/example_dags/example_outlet_event_extra.py for tasks to queue
[2024-11-06T11:04:01.182-1100] {logging_mixin.py:190} INFO - [2024-11-06T11:04:01.182-1100] {dagbag.py:588} INFO - Filling up the DagBag from /home/ouaillaamiri/Development/lsi_3/airflow/venv/lib/python3.11/site-packages/airflow/example_dags/example_outlet_event_extra.py
[2024-11-06T11:04:01.213-1100] {processor.py:925} INFO - DAG(s) 'dataset_with_extra_by_context', 'dataset_with_extra_by_yield', 'dataset_with_extra_from_classic_operator' retrieved from /home/ouaillaamiri/Development/lsi_3/airflow/venv/lib/python3.11/site-packages/airflow/example_dags/example_outlet_event_extra.py
[2024-11-06T11:04:01.289-1100] {logging_mixin.py:190} INFO - [2024-11-06T11:04:01.289-1100] {dag.py:3239} INFO - Sync 3 DAGs
[2024-11-06T11:04:01.339-1100] {logging_mixin.py:190} INFO - [2024-11-06T11:04:01.339-1100] {dag.py:4180} INFO - Setting next_dagrun for dataset_with_extra_by_context to 2024-11-05 00:00:00+00:00, run_after=2024-11-06 00:00:00+00:00
[2024-11-06T11:04:01.350-1100] {logging_mixin.py:190} INFO - [2024-11-06T11:04:01.349-1100] {dag.py:4180} INFO - Setting next_dagrun for dataset_with_extra_by_yield to 2024-11-05 00:00:00+00:00, run_after=2024-11-06 00:00:00+00:00
[2024-11-06T11:04:01.355-1100] {logging_mixin.py:190} INFO - [2024-11-06T11:04:01.354-1100] {dag.py:4180} INFO - Setting next_dagrun for dataset_with_extra_from_classic_operator to 2024-11-05 00:00:00+00:00, run_after=2024-11-06 00:00:00+00:00
[2024-11-06T11:04:01.395-1100] {processor.py:208} INFO - Processing /home/ouaillaamiri/Development/lsi_3/airflow/venv/lib/python3.11/site-packages/airflow/example_dags/example_outlet_event_extra.py took 0.238 seconds
[2024-11-06T11:04:32.158-1100] {processor.py:186} INFO - Started process (PID=232673) to work on /home/ouaillaamiri/Development/lsi_3/airflow/venv/lib/python3.11/site-packages/airflow/example_dags/example_outlet_event_extra.py
[2024-11-06T11:04:32.161-1100] {processor.py:914} INFO - Processing file /home/ouaillaamiri/Development/lsi_3/airflow/venv/lib/python3.11/site-packages/airflow/example_dags/example_outlet_event_extra.py for tasks to queue
[2024-11-06T11:04:32.166-1100] {logging_mixin.py:190} INFO - [2024-11-06T11:04:32.165-1100] {dagbag.py:588} INFO - Filling up the DagBag from /home/ouaillaamiri/Development/lsi_3/airflow/venv/lib/python3.11/site-packages/airflow/example_dags/example_outlet_event_extra.py
[2024-11-06T11:04:32.203-1100] {processor.py:925} INFO - DAG(s) 'dataset_with_extra_from_classic_operator', 'dataset_with_extra_by_yield', 'dataset_with_extra_by_context' retrieved from /home/ouaillaamiri/Development/lsi_3/airflow/venv/lib/python3.11/site-packages/airflow/example_dags/example_outlet_event_extra.py
[2024-11-06T11:04:32.293-1100] {logging_mixin.py:190} INFO - [2024-11-06T11:04:32.293-1100] {dag.py:3239} INFO - Sync 3 DAGs
[2024-11-06T11:04:32.360-1100] {logging_mixin.py:190} INFO - [2024-11-06T11:04:32.359-1100] {dag.py:4180} INFO - Setting next_dagrun for dataset_with_extra_by_context to 2024-11-05 00:00:00+00:00, run_after=2024-11-06 00:00:00+00:00
[2024-11-06T11:04:32.374-1100] {logging_mixin.py:190} INFO - [2024-11-06T11:04:32.373-1100] {dag.py:4180} INFO - Setting next_dagrun for dataset_with_extra_by_yield to 2024-11-05 00:00:00+00:00, run_after=2024-11-06 00:00:00+00:00
[2024-11-06T11:04:32.383-1100] {logging_mixin.py:190} INFO - [2024-11-06T11:04:32.382-1100] {dag.py:4180} INFO - Setting next_dagrun for dataset_with_extra_from_classic_operator to 2024-11-05 00:00:00+00:00, run_after=2024-11-06 00:00:00+00:00
[2024-11-06T11:04:32.442-1100] {processor.py:208} INFO - Processing /home/ouaillaamiri/Development/lsi_3/airflow/venv/lib/python3.11/site-packages/airflow/example_dags/example_outlet_event_extra.py took 0.298 seconds
