[2024-11-06T10:53:35.900-1100] {processor.py:186} INFO - Started process (PID=219584) to work on /home/ouaillaamiri/Development/lsi_3/airflow/venv/lib/python3.11/site-packages/airflow/example_dags/example_external_task_marker_dag.py
[2024-11-06T10:53:35.902-1100] {processor.py:914} INFO - Processing file /home/ouaillaamiri/Development/lsi_3/airflow/venv/lib/python3.11/site-packages/airflow/example_dags/example_external_task_marker_dag.py for tasks to queue
[2024-11-06T10:53:35.906-1100] {logging_mixin.py:190} INFO - [2024-11-06T10:53:35.906-1100] {dagbag.py:588} INFO - Filling up the DagBag from /home/ouaillaamiri/Development/lsi_3/airflow/venv/lib/python3.11/site-packages/airflow/example_dags/example_external_task_marker_dag.py
[2024-11-06T10:53:35.921-1100] {processor.py:925} INFO - DAG(s) 'example_external_task_marker_child', 'example_external_task_marker_parent' retrieved from /home/ouaillaamiri/Development/lsi_3/airflow/venv/lib/python3.11/site-packages/airflow/example_dags/example_external_task_marker_dag.py
[2024-11-06T10:53:36.118-1100] {logging_mixin.py:190} INFO - [2024-11-06T10:53:36.117-1100] {override.py:1911} INFO - Created Permission View: can edit on DAG:example_external_task_marker_child
[2024-11-06T10:53:36.141-1100] {logging_mixin.py:190} INFO - [2024-11-06T10:53:36.140-1100] {override.py:1911} INFO - Created Permission View: can delete on DAG:example_external_task_marker_child
[2024-11-06T10:53:36.152-1100] {logging_mixin.py:190} INFO - [2024-11-06T10:53:36.152-1100] {override.py:1911} INFO - Created Permission View: can read on DAG:example_external_task_marker_child
[2024-11-06T10:53:36.166-1100] {logging_mixin.py:190} INFO - [2024-11-06T10:53:36.165-1100] {override.py:1911} INFO - Created Permission View: can delete on DAG Run:example_external_task_marker_child
[2024-11-06T10:53:36.180-1100] {logging_mixin.py:190} INFO - [2024-11-06T10:53:36.179-1100] {override.py:1911} INFO - Created Permission View: can create on DAG Run:example_external_task_marker_child
[2024-11-06T10:53:36.193-1100] {logging_mixin.py:190} INFO - [2024-11-06T10:53:36.193-1100] {override.py:1911} INFO - Created Permission View: menu access on DAG Run:example_external_task_marker_child
[2024-11-06T10:53:36.207-1100] {logging_mixin.py:190} INFO - [2024-11-06T10:53:36.206-1100] {override.py:1911} INFO - Created Permission View: can read on DAG Run:example_external_task_marker_child
[2024-11-06T10:53:36.228-1100] {logging_mixin.py:190} INFO - [2024-11-06T10:53:36.228-1100] {override.py:1911} INFO - Created Permission View: can edit on DAG:example_external_task_marker_parent
[2024-11-06T10:53:36.241-1100] {logging_mixin.py:190} INFO - [2024-11-06T10:53:36.240-1100] {override.py:1911} INFO - Created Permission View: can delete on DAG:example_external_task_marker_parent
[2024-11-06T10:53:36.257-1100] {logging_mixin.py:190} INFO - [2024-11-06T10:53:36.256-1100] {override.py:1911} INFO - Created Permission View: can read on DAG:example_external_task_marker_parent
[2024-11-06T10:53:36.270-1100] {logging_mixin.py:190} INFO - [2024-11-06T10:53:36.269-1100] {override.py:1911} INFO - Created Permission View: can delete on DAG Run:example_external_task_marker_parent
[2024-11-06T10:53:36.284-1100] {logging_mixin.py:190} INFO - [2024-11-06T10:53:36.284-1100] {override.py:1911} INFO - Created Permission View: can create on DAG Run:example_external_task_marker_parent
[2024-11-06T10:53:36.297-1100] {logging_mixin.py:190} INFO - [2024-11-06T10:53:36.297-1100] {override.py:1911} INFO - Created Permission View: menu access on DAG Run:example_external_task_marker_parent
[2024-11-06T10:53:36.308-1100] {logging_mixin.py:190} INFO - [2024-11-06T10:53:36.307-1100] {override.py:1911} INFO - Created Permission View: can read on DAG Run:example_external_task_marker_parent
[2024-11-06T10:53:36.309-1100] {logging_mixin.py:190} INFO - [2024-11-06T10:53:36.308-1100] {dag.py:3239} INFO - Sync 2 DAGs
[2024-11-06T10:53:36.336-1100] {logging_mixin.py:190} INFO - [2024-11-06T10:53:36.335-1100] {dag.py:3262} INFO - Creating ORM DAG for example_external_task_marker_parent
[2024-11-06T10:53:36.337-1100] {logging_mixin.py:190} INFO - [2024-11-06T10:53:36.337-1100] {dag.py:3262} INFO - Creating ORM DAG for example_external_task_marker_child
[2024-11-06T10:53:36.338-1100] {logging_mixin.py:190} INFO - [2024-11-06T10:53:36.338-1100] {dag.py:4180} INFO - Setting next_dagrun for example_external_task_marker_child to None, run_after=None
[2024-11-06T10:53:36.339-1100] {logging_mixin.py:190} INFO - [2024-11-06T10:53:36.339-1100] {dag.py:4180} INFO - Setting next_dagrun for example_external_task_marker_parent to None, run_after=None
[2024-11-06T10:53:36.373-1100] {processor.py:208} INFO - Processing /home/ouaillaamiri/Development/lsi_3/airflow/venv/lib/python3.11/site-packages/airflow/example_dags/example_external_task_marker_dag.py took 0.484 seconds
[2024-11-06T10:54:06.724-1100] {processor.py:186} INFO - Started process (PID=220310) to work on /home/ouaillaamiri/Development/lsi_3/airflow/venv/lib/python3.11/site-packages/airflow/example_dags/example_external_task_marker_dag.py
[2024-11-06T10:54:06.725-1100] {processor.py:914} INFO - Processing file /home/ouaillaamiri/Development/lsi_3/airflow/venv/lib/python3.11/site-packages/airflow/example_dags/example_external_task_marker_dag.py for tasks to queue
[2024-11-06T10:54:06.729-1100] {logging_mixin.py:190} INFO - [2024-11-06T10:54:06.729-1100] {dagbag.py:588} INFO - Filling up the DagBag from /home/ouaillaamiri/Development/lsi_3/airflow/venv/lib/python3.11/site-packages/airflow/example_dags/example_external_task_marker_dag.py
[2024-11-06T10:54:06.744-1100] {processor.py:925} INFO - DAG(s) 'example_external_task_marker_child', 'example_external_task_marker_parent' retrieved from /home/ouaillaamiri/Development/lsi_3/airflow/venv/lib/python3.11/site-packages/airflow/example_dags/example_external_task_marker_dag.py
[2024-11-06T10:54:06.802-1100] {logging_mixin.py:190} INFO - [2024-11-06T10:54:06.801-1100] {dag.py:3239} INFO - Sync 2 DAGs
[2024-11-06T10:54:06.826-1100] {logging_mixin.py:190} INFO - [2024-11-06T10:54:06.825-1100] {dag.py:4180} INFO - Setting next_dagrun for example_external_task_marker_child to None, run_after=None
[2024-11-06T10:54:06.832-1100] {logging_mixin.py:190} INFO - [2024-11-06T10:54:06.832-1100] {dag.py:4180} INFO - Setting next_dagrun for example_external_task_marker_parent to None, run_after=None
[2024-11-06T10:54:06.865-1100] {processor.py:208} INFO - Processing /home/ouaillaamiri/Development/lsi_3/airflow/venv/lib/python3.11/site-packages/airflow/example_dags/example_external_task_marker_dag.py took 0.152 seconds
[2024-11-06T10:54:37.065-1100] {processor.py:186} INFO - Started process (PID=220680) to work on /home/ouaillaamiri/Development/lsi_3/airflow/venv/lib/python3.11/site-packages/airflow/example_dags/example_external_task_marker_dag.py
[2024-11-06T10:54:37.067-1100] {processor.py:914} INFO - Processing file /home/ouaillaamiri/Development/lsi_3/airflow/venv/lib/python3.11/site-packages/airflow/example_dags/example_external_task_marker_dag.py for tasks to queue
[2024-11-06T10:54:37.071-1100] {logging_mixin.py:190} INFO - [2024-11-06T10:54:37.070-1100] {dagbag.py:588} INFO - Filling up the DagBag from /home/ouaillaamiri/Development/lsi_3/airflow/venv/lib/python3.11/site-packages/airflow/example_dags/example_external_task_marker_dag.py
[2024-11-06T10:54:37.087-1100] {processor.py:925} INFO - DAG(s) 'example_external_task_marker_child', 'example_external_task_marker_parent' retrieved from /home/ouaillaamiri/Development/lsi_3/airflow/venv/lib/python3.11/site-packages/airflow/example_dags/example_external_task_marker_dag.py
[2024-11-06T10:54:37.160-1100] {logging_mixin.py:190} INFO - [2024-11-06T10:54:37.160-1100] {dag.py:3239} INFO - Sync 2 DAGs
[2024-11-06T10:54:37.188-1100] {logging_mixin.py:190} INFO - [2024-11-06T10:54:37.187-1100] {dag.py:4180} INFO - Setting next_dagrun for example_external_task_marker_child to None, run_after=None
[2024-11-06T10:54:37.194-1100] {logging_mixin.py:190} INFO - [2024-11-06T10:54:37.194-1100] {dag.py:4180} INFO - Setting next_dagrun for example_external_task_marker_parent to None, run_after=None
[2024-11-06T10:54:37.225-1100] {processor.py:208} INFO - Processing /home/ouaillaamiri/Development/lsi_3/airflow/venv/lib/python3.11/site-packages/airflow/example_dags/example_external_task_marker_dag.py took 0.172 seconds
[2024-11-06T10:55:07.404-1100] {processor.py:186} INFO - Started process (PID=221220) to work on /home/ouaillaamiri/Development/lsi_3/airflow/venv/lib/python3.11/site-packages/airflow/example_dags/example_external_task_marker_dag.py
[2024-11-06T10:55:07.406-1100] {processor.py:914} INFO - Processing file /home/ouaillaamiri/Development/lsi_3/airflow/venv/lib/python3.11/site-packages/airflow/example_dags/example_external_task_marker_dag.py for tasks to queue
[2024-11-06T10:55:07.411-1100] {logging_mixin.py:190} INFO - [2024-11-06T10:55:07.410-1100] {dagbag.py:588} INFO - Filling up the DagBag from /home/ouaillaamiri/Development/lsi_3/airflow/venv/lib/python3.11/site-packages/airflow/example_dags/example_external_task_marker_dag.py
[2024-11-06T10:55:07.428-1100] {processor.py:925} INFO - DAG(s) 'example_external_task_marker_parent', 'example_external_task_marker_child' retrieved from /home/ouaillaamiri/Development/lsi_3/airflow/venv/lib/python3.11/site-packages/airflow/example_dags/example_external_task_marker_dag.py
[2024-11-06T10:55:07.496-1100] {logging_mixin.py:190} INFO - [2024-11-06T10:55:07.495-1100] {dag.py:3239} INFO - Sync 2 DAGs
[2024-11-06T10:55:07.525-1100] {logging_mixin.py:190} INFO - [2024-11-06T10:55:07.524-1100] {dag.py:4180} INFO - Setting next_dagrun for example_external_task_marker_child to None, run_after=None
[2024-11-06T10:55:07.532-1100] {logging_mixin.py:190} INFO - [2024-11-06T10:55:07.532-1100] {dag.py:4180} INFO - Setting next_dagrun for example_external_task_marker_parent to None, run_after=None
[2024-11-06T10:55:07.571-1100] {processor.py:208} INFO - Processing /home/ouaillaamiri/Development/lsi_3/airflow/venv/lib/python3.11/site-packages/airflow/example_dags/example_external_task_marker_dag.py took 0.181 seconds
[2024-11-06T10:55:37.655-1100] {processor.py:186} INFO - Started process (PID=221744) to work on /home/ouaillaamiri/Development/lsi_3/airflow/venv/lib/python3.11/site-packages/airflow/example_dags/example_external_task_marker_dag.py
[2024-11-06T10:55:37.657-1100] {processor.py:914} INFO - Processing file /home/ouaillaamiri/Development/lsi_3/airflow/venv/lib/python3.11/site-packages/airflow/example_dags/example_external_task_marker_dag.py for tasks to queue
[2024-11-06T10:55:37.661-1100] {logging_mixin.py:190} INFO - [2024-11-06T10:55:37.660-1100] {dagbag.py:588} INFO - Filling up the DagBag from /home/ouaillaamiri/Development/lsi_3/airflow/venv/lib/python3.11/site-packages/airflow/example_dags/example_external_task_marker_dag.py
[2024-11-06T10:55:37.679-1100] {processor.py:925} INFO - DAG(s) 'example_external_task_marker_parent', 'example_external_task_marker_child' retrieved from /home/ouaillaamiri/Development/lsi_3/airflow/venv/lib/python3.11/site-packages/airflow/example_dags/example_external_task_marker_dag.py
[2024-11-06T10:55:37.742-1100] {logging_mixin.py:190} INFO - [2024-11-06T10:55:37.741-1100] {dag.py:3239} INFO - Sync 2 DAGs
[2024-11-06T10:55:37.766-1100] {logging_mixin.py:190} INFO - [2024-11-06T10:55:37.765-1100] {dag.py:4180} INFO - Setting next_dagrun for example_external_task_marker_child to None, run_after=None
[2024-11-06T10:55:37.772-1100] {logging_mixin.py:190} INFO - [2024-11-06T10:55:37.772-1100] {dag.py:4180} INFO - Setting next_dagrun for example_external_task_marker_parent to None, run_after=None
[2024-11-06T10:55:37.802-1100] {processor.py:208} INFO - Processing /home/ouaillaamiri/Development/lsi_3/airflow/venv/lib/python3.11/site-packages/airflow/example_dags/example_external_task_marker_dag.py took 0.159 seconds
[2024-11-06T10:56:08.180-1100] {processor.py:186} INFO - Started process (PID=222123) to work on /home/ouaillaamiri/Development/lsi_3/airflow/venv/lib/python3.11/site-packages/airflow/example_dags/example_external_task_marker_dag.py
[2024-11-06T10:56:08.182-1100] {processor.py:914} INFO - Processing file /home/ouaillaamiri/Development/lsi_3/airflow/venv/lib/python3.11/site-packages/airflow/example_dags/example_external_task_marker_dag.py for tasks to queue
[2024-11-06T10:56:08.187-1100] {logging_mixin.py:190} INFO - [2024-11-06T10:56:08.186-1100] {dagbag.py:588} INFO - Filling up the DagBag from /home/ouaillaamiri/Development/lsi_3/airflow/venv/lib/python3.11/site-packages/airflow/example_dags/example_external_task_marker_dag.py
[2024-11-06T10:56:08.208-1100] {processor.py:925} INFO - DAG(s) 'example_external_task_marker_child', 'example_external_task_marker_parent' retrieved from /home/ouaillaamiri/Development/lsi_3/airflow/venv/lib/python3.11/site-packages/airflow/example_dags/example_external_task_marker_dag.py
[2024-11-06T10:56:08.290-1100] {logging_mixin.py:190} INFO - [2024-11-06T10:56:08.289-1100] {dag.py:3239} INFO - Sync 2 DAGs
[2024-11-06T10:56:08.317-1100] {logging_mixin.py:190} INFO - [2024-11-06T10:56:08.316-1100] {dag.py:4180} INFO - Setting next_dagrun for example_external_task_marker_child to None, run_after=None
[2024-11-06T10:56:08.324-1100] {logging_mixin.py:190} INFO - [2024-11-06T10:56:08.323-1100] {dag.py:4180} INFO - Setting next_dagrun for example_external_task_marker_parent to None, run_after=None
[2024-11-06T10:56:08.359-1100] {processor.py:208} INFO - Processing /home/ouaillaamiri/Development/lsi_3/airflow/venv/lib/python3.11/site-packages/airflow/example_dags/example_external_task_marker_dag.py took 0.194 seconds
[2024-11-06T10:56:46.900-1100] {processor.py:186} INFO - Started process (PID=223328) to work on /home/ouaillaamiri/Development/lsi_3/airflow/venv/lib/python3.11/site-packages/airflow/example_dags/example_external_task_marker_dag.py
[2024-11-06T10:56:46.904-1100] {processor.py:914} INFO - Processing file /home/ouaillaamiri/Development/lsi_3/airflow/venv/lib/python3.11/site-packages/airflow/example_dags/example_external_task_marker_dag.py for tasks to queue
[2024-11-06T10:56:46.909-1100] {logging_mixin.py:190} INFO - [2024-11-06T10:56:46.908-1100] {dagbag.py:588} INFO - Filling up the DagBag from /home/ouaillaamiri/Development/lsi_3/airflow/venv/lib/python3.11/site-packages/airflow/example_dags/example_external_task_marker_dag.py
[2024-11-06T10:56:46.927-1100] {processor.py:925} INFO - DAG(s) 'example_external_task_marker_parent', 'example_external_task_marker_child' retrieved from /home/ouaillaamiri/Development/lsi_3/airflow/venv/lib/python3.11/site-packages/airflow/example_dags/example_external_task_marker_dag.py
[2024-11-06T10:56:46.997-1100] {logging_mixin.py:190} INFO - [2024-11-06T10:56:46.997-1100] {dag.py:3239} INFO - Sync 2 DAGs
[2024-11-06T10:56:47.028-1100] {logging_mixin.py:190} INFO - [2024-11-06T10:56:47.027-1100] {dag.py:4180} INFO - Setting next_dagrun for example_external_task_marker_child to None, run_after=None
[2024-11-06T10:56:47.035-1100] {logging_mixin.py:190} INFO - [2024-11-06T10:56:47.035-1100] {dag.py:4180} INFO - Setting next_dagrun for example_external_task_marker_parent to None, run_after=None
[2024-11-06T10:56:47.077-1100] {processor.py:208} INFO - Processing /home/ouaillaamiri/Development/lsi_3/airflow/venv/lib/python3.11/site-packages/airflow/example_dags/example_external_task_marker_dag.py took 0.190 seconds
[2024-11-06T10:57:17.607-1100] {processor.py:186} INFO - Started process (PID=224423) to work on /home/ouaillaamiri/Development/lsi_3/airflow/venv/lib/python3.11/site-packages/airflow/example_dags/example_external_task_marker_dag.py
[2024-11-06T10:57:17.609-1100] {processor.py:914} INFO - Processing file /home/ouaillaamiri/Development/lsi_3/airflow/venv/lib/python3.11/site-packages/airflow/example_dags/example_external_task_marker_dag.py for tasks to queue
[2024-11-06T10:57:17.614-1100] {logging_mixin.py:190} INFO - [2024-11-06T10:57:17.614-1100] {dagbag.py:588} INFO - Filling up the DagBag from /home/ouaillaamiri/Development/lsi_3/airflow/venv/lib/python3.11/site-packages/airflow/example_dags/example_external_task_marker_dag.py
[2024-11-06T10:57:17.635-1100] {processor.py:925} INFO - DAG(s) 'example_external_task_marker_parent', 'example_external_task_marker_child' retrieved from /home/ouaillaamiri/Development/lsi_3/airflow/venv/lib/python3.11/site-packages/airflow/example_dags/example_external_task_marker_dag.py
[2024-11-06T10:57:17.720-1100] {logging_mixin.py:190} INFO - [2024-11-06T10:57:17.720-1100] {dag.py:3239} INFO - Sync 2 DAGs
[2024-11-06T10:57:17.758-1100] {logging_mixin.py:190} INFO - [2024-11-06T10:57:17.758-1100] {dag.py:4180} INFO - Setting next_dagrun for example_external_task_marker_child to None, run_after=None
[2024-11-06T10:57:17.766-1100] {logging_mixin.py:190} INFO - [2024-11-06T10:57:17.765-1100] {dag.py:4180} INFO - Setting next_dagrun for example_external_task_marker_parent to None, run_after=None
[2024-11-06T10:57:17.803-1100] {processor.py:208} INFO - Processing /home/ouaillaamiri/Development/lsi_3/airflow/venv/lib/python3.11/site-packages/airflow/example_dags/example_external_task_marker_dag.py took 0.211 seconds
[2024-11-06T10:57:48.125-1100] {processor.py:186} INFO - Started process (PID=225223) to work on /home/ouaillaamiri/Development/lsi_3/airflow/venv/lib/python3.11/site-packages/airflow/example_dags/example_external_task_marker_dag.py
[2024-11-06T10:57:48.127-1100] {processor.py:914} INFO - Processing file /home/ouaillaamiri/Development/lsi_3/airflow/venv/lib/python3.11/site-packages/airflow/example_dags/example_external_task_marker_dag.py for tasks to queue
[2024-11-06T10:57:48.131-1100] {logging_mixin.py:190} INFO - [2024-11-06T10:57:48.130-1100] {dagbag.py:588} INFO - Filling up the DagBag from /home/ouaillaamiri/Development/lsi_3/airflow/venv/lib/python3.11/site-packages/airflow/example_dags/example_external_task_marker_dag.py
[2024-11-06T10:57:48.145-1100] {processor.py:925} INFO - DAG(s) 'example_external_task_marker_child', 'example_external_task_marker_parent' retrieved from /home/ouaillaamiri/Development/lsi_3/airflow/venv/lib/python3.11/site-packages/airflow/example_dags/example_external_task_marker_dag.py
[2024-11-06T10:57:48.235-1100] {logging_mixin.py:190} INFO - [2024-11-06T10:57:48.235-1100] {dag.py:3239} INFO - Sync 2 DAGs
[2024-11-06T10:57:48.266-1100] {logging_mixin.py:190} INFO - [2024-11-06T10:57:48.266-1100] {dag.py:4180} INFO - Setting next_dagrun for example_external_task_marker_child to None, run_after=None
[2024-11-06T10:57:48.272-1100] {logging_mixin.py:190} INFO - [2024-11-06T10:57:48.272-1100] {dag.py:4180} INFO - Setting next_dagrun for example_external_task_marker_parent to None, run_after=None
[2024-11-06T10:57:48.308-1100] {processor.py:208} INFO - Processing /home/ouaillaamiri/Development/lsi_3/airflow/venv/lib/python3.11/site-packages/airflow/example_dags/example_external_task_marker_dag.py took 0.193 seconds
[2024-11-06T10:58:19.303-1100] {processor.py:186} INFO - Started process (PID=225771) to work on /home/ouaillaamiri/Development/lsi_3/airflow/venv/lib/python3.11/site-packages/airflow/example_dags/example_external_task_marker_dag.py
[2024-11-06T10:58:19.305-1100] {processor.py:914} INFO - Processing file /home/ouaillaamiri/Development/lsi_3/airflow/venv/lib/python3.11/site-packages/airflow/example_dags/example_external_task_marker_dag.py for tasks to queue
[2024-11-06T10:58:19.309-1100] {logging_mixin.py:190} INFO - [2024-11-06T10:58:19.308-1100] {dagbag.py:588} INFO - Filling up the DagBag from /home/ouaillaamiri/Development/lsi_3/airflow/venv/lib/python3.11/site-packages/airflow/example_dags/example_external_task_marker_dag.py
[2024-11-06T10:58:19.323-1100] {processor.py:925} INFO - DAG(s) 'example_external_task_marker_parent', 'example_external_task_marker_child' retrieved from /home/ouaillaamiri/Development/lsi_3/airflow/venv/lib/python3.11/site-packages/airflow/example_dags/example_external_task_marker_dag.py
[2024-11-06T10:58:19.386-1100] {logging_mixin.py:190} INFO - [2024-11-06T10:58:19.385-1100] {dag.py:3239} INFO - Sync 2 DAGs
[2024-11-06T10:58:19.411-1100] {logging_mixin.py:190} INFO - [2024-11-06T10:58:19.411-1100] {dag.py:4180} INFO - Setting next_dagrun for example_external_task_marker_child to None, run_after=None
[2024-11-06T10:58:19.418-1100] {logging_mixin.py:190} INFO - [2024-11-06T10:58:19.418-1100] {dag.py:4180} INFO - Setting next_dagrun for example_external_task_marker_parent to None, run_after=None
[2024-11-06T10:58:19.449-1100] {processor.py:208} INFO - Processing /home/ouaillaamiri/Development/lsi_3/airflow/venv/lib/python3.11/site-packages/airflow/example_dags/example_external_task_marker_dag.py took 0.157 seconds
[2024-11-06T10:58:49.721-1100] {processor.py:186} INFO - Started process (PID=226503) to work on /home/ouaillaamiri/Development/lsi_3/airflow/venv/lib/python3.11/site-packages/airflow/example_dags/example_external_task_marker_dag.py
[2024-11-06T10:58:49.723-1100] {processor.py:914} INFO - Processing file /home/ouaillaamiri/Development/lsi_3/airflow/venv/lib/python3.11/site-packages/airflow/example_dags/example_external_task_marker_dag.py for tasks to queue
[2024-11-06T10:58:49.727-1100] {logging_mixin.py:190} INFO - [2024-11-06T10:58:49.726-1100] {dagbag.py:588} INFO - Filling up the DagBag from /home/ouaillaamiri/Development/lsi_3/airflow/venv/lib/python3.11/site-packages/airflow/example_dags/example_external_task_marker_dag.py
[2024-11-06T10:58:49.742-1100] {processor.py:925} INFO - DAG(s) 'example_external_task_marker_child', 'example_external_task_marker_parent' retrieved from /home/ouaillaamiri/Development/lsi_3/airflow/venv/lib/python3.11/site-packages/airflow/example_dags/example_external_task_marker_dag.py
[2024-11-06T10:58:49.803-1100] {logging_mixin.py:190} INFO - [2024-11-06T10:58:49.803-1100] {dag.py:3239} INFO - Sync 2 DAGs
[2024-11-06T10:58:49.829-1100] {logging_mixin.py:190} INFO - [2024-11-06T10:58:49.828-1100] {dag.py:4180} INFO - Setting next_dagrun for example_external_task_marker_child to None, run_after=None
[2024-11-06T10:58:49.837-1100] {logging_mixin.py:190} INFO - [2024-11-06T10:58:49.837-1100] {dag.py:4180} INFO - Setting next_dagrun for example_external_task_marker_parent to None, run_after=None
[2024-11-06T10:58:49.871-1100] {processor.py:208} INFO - Processing /home/ouaillaamiri/Development/lsi_3/airflow/venv/lib/python3.11/site-packages/airflow/example_dags/example_external_task_marker_dag.py took 0.161 seconds
[2024-11-06T10:59:20.731-1100] {processor.py:186} INFO - Started process (PID=227197) to work on /home/ouaillaamiri/Development/lsi_3/airflow/venv/lib/python3.11/site-packages/airflow/example_dags/example_external_task_marker_dag.py
[2024-11-06T10:59:20.735-1100] {processor.py:914} INFO - Processing file /home/ouaillaamiri/Development/lsi_3/airflow/venv/lib/python3.11/site-packages/airflow/example_dags/example_external_task_marker_dag.py for tasks to queue
[2024-11-06T10:59:20.739-1100] {logging_mixin.py:190} INFO - [2024-11-06T10:59:20.738-1100] {dagbag.py:588} INFO - Filling up the DagBag from /home/ouaillaamiri/Development/lsi_3/airflow/venv/lib/python3.11/site-packages/airflow/example_dags/example_external_task_marker_dag.py
[2024-11-06T10:59:20.754-1100] {processor.py:925} INFO - DAG(s) 'example_external_task_marker_child', 'example_external_task_marker_parent' retrieved from /home/ouaillaamiri/Development/lsi_3/airflow/venv/lib/python3.11/site-packages/airflow/example_dags/example_external_task_marker_dag.py
[2024-11-06T10:59:20.830-1100] {logging_mixin.py:190} INFO - [2024-11-06T10:59:20.830-1100] {dag.py:3239} INFO - Sync 2 DAGs
[2024-11-06T10:59:20.857-1100] {logging_mixin.py:190} INFO - [2024-11-06T10:59:20.857-1100] {dag.py:4180} INFO - Setting next_dagrun for example_external_task_marker_child to None, run_after=None
[2024-11-06T10:59:20.865-1100] {logging_mixin.py:190} INFO - [2024-11-06T10:59:20.864-1100] {dag.py:4180} INFO - Setting next_dagrun for example_external_task_marker_parent to None, run_after=None
[2024-11-06T10:59:20.896-1100] {processor.py:208} INFO - Processing /home/ouaillaamiri/Development/lsi_3/airflow/venv/lib/python3.11/site-packages/airflow/example_dags/example_external_task_marker_dag.py took 0.176 seconds
[2024-11-06T10:59:52.111-1100] {processor.py:186} INFO - Started process (PID=227595) to work on /home/ouaillaamiri/Development/lsi_3/airflow/venv/lib/python3.11/site-packages/airflow/example_dags/example_external_task_marker_dag.py
[2024-11-06T10:59:52.113-1100] {processor.py:914} INFO - Processing file /home/ouaillaamiri/Development/lsi_3/airflow/venv/lib/python3.11/site-packages/airflow/example_dags/example_external_task_marker_dag.py for tasks to queue
[2024-11-06T10:59:52.116-1100] {logging_mixin.py:190} INFO - [2024-11-06T10:59:52.116-1100] {dagbag.py:588} INFO - Filling up the DagBag from /home/ouaillaamiri/Development/lsi_3/airflow/venv/lib/python3.11/site-packages/airflow/example_dags/example_external_task_marker_dag.py
[2024-11-06T10:59:52.132-1100] {processor.py:925} INFO - DAG(s) 'example_external_task_marker_child', 'example_external_task_marker_parent' retrieved from /home/ouaillaamiri/Development/lsi_3/airflow/venv/lib/python3.11/site-packages/airflow/example_dags/example_external_task_marker_dag.py
[2024-11-06T10:59:52.215-1100] {logging_mixin.py:190} INFO - [2024-11-06T10:59:52.215-1100] {dag.py:3239} INFO - Sync 2 DAGs
[2024-11-06T10:59:52.245-1100] {logging_mixin.py:190} INFO - [2024-11-06T10:59:52.244-1100] {dag.py:4180} INFO - Setting next_dagrun for example_external_task_marker_child to None, run_after=None
[2024-11-06T10:59:52.251-1100] {logging_mixin.py:190} INFO - [2024-11-06T10:59:52.250-1100] {dag.py:4180} INFO - Setting next_dagrun for example_external_task_marker_parent to None, run_after=None
[2024-11-06T10:59:52.281-1100] {processor.py:208} INFO - Processing /home/ouaillaamiri/Development/lsi_3/airflow/venv/lib/python3.11/site-packages/airflow/example_dags/example_external_task_marker_dag.py took 0.180 seconds
[2024-11-06T11:00:58.349-1100] {processor.py:186} INFO - Started process (PID=228782) to work on /home/ouaillaamiri/Development/lsi_3/airflow/venv/lib/python3.11/site-packages/airflow/example_dags/example_external_task_marker_dag.py
[2024-11-06T11:00:58.351-1100] {processor.py:914} INFO - Processing file /home/ouaillaamiri/Development/lsi_3/airflow/venv/lib/python3.11/site-packages/airflow/example_dags/example_external_task_marker_dag.py for tasks to queue
[2024-11-06T11:00:58.358-1100] {logging_mixin.py:190} INFO - [2024-11-06T11:00:58.357-1100] {dagbag.py:588} INFO - Filling up the DagBag from /home/ouaillaamiri/Development/lsi_3/airflow/venv/lib/python3.11/site-packages/airflow/example_dags/example_external_task_marker_dag.py
[2024-11-06T11:00:58.379-1100] {processor.py:925} INFO - DAG(s) 'example_external_task_marker_child', 'example_external_task_marker_parent' retrieved from /home/ouaillaamiri/Development/lsi_3/airflow/venv/lib/python3.11/site-packages/airflow/example_dags/example_external_task_marker_dag.py
[2024-11-06T11:00:58.466-1100] {logging_mixin.py:190} INFO - [2024-11-06T11:00:58.465-1100] {dag.py:3239} INFO - Sync 2 DAGs
[2024-11-06T11:00:58.498-1100] {logging_mixin.py:190} INFO - [2024-11-06T11:00:58.498-1100] {dag.py:4180} INFO - Setting next_dagrun for example_external_task_marker_child to None, run_after=None
[2024-11-06T11:00:58.506-1100] {logging_mixin.py:190} INFO - [2024-11-06T11:00:58.505-1100] {dag.py:4180} INFO - Setting next_dagrun for example_external_task_marker_parent to None, run_after=None
[2024-11-06T11:00:58.544-1100] {processor.py:208} INFO - Processing /home/ouaillaamiri/Development/lsi_3/airflow/venv/lib/python3.11/site-packages/airflow/example_dags/example_external_task_marker_dag.py took 0.211 seconds
[2024-11-06T11:01:29.214-1100] {processor.py:186} INFO - Started process (PID=229372) to work on /home/ouaillaamiri/Development/lsi_3/airflow/venv/lib/python3.11/site-packages/airflow/example_dags/example_external_task_marker_dag.py
[2024-11-06T11:01:29.216-1100] {processor.py:914} INFO - Processing file /home/ouaillaamiri/Development/lsi_3/airflow/venv/lib/python3.11/site-packages/airflow/example_dags/example_external_task_marker_dag.py for tasks to queue
[2024-11-06T11:01:29.220-1100] {logging_mixin.py:190} INFO - [2024-11-06T11:01:29.220-1100] {dagbag.py:588} INFO - Filling up the DagBag from /home/ouaillaamiri/Development/lsi_3/airflow/venv/lib/python3.11/site-packages/airflow/example_dags/example_external_task_marker_dag.py
[2024-11-06T11:01:29.236-1100] {processor.py:925} INFO - DAG(s) 'example_external_task_marker_parent', 'example_external_task_marker_child' retrieved from /home/ouaillaamiri/Development/lsi_3/airflow/venv/lib/python3.11/site-packages/airflow/example_dags/example_external_task_marker_dag.py
[2024-11-06T11:01:29.310-1100] {logging_mixin.py:190} INFO - [2024-11-06T11:01:29.309-1100] {dag.py:3239} INFO - Sync 2 DAGs
[2024-11-06T11:01:29.345-1100] {logging_mixin.py:190} INFO - [2024-11-06T11:01:29.345-1100] {dag.py:4180} INFO - Setting next_dagrun for example_external_task_marker_child to None, run_after=None
[2024-11-06T11:01:29.353-1100] {logging_mixin.py:190} INFO - [2024-11-06T11:01:29.353-1100] {dag.py:4180} INFO - Setting next_dagrun for example_external_task_marker_parent to None, run_after=None
[2024-11-06T11:01:29.390-1100] {processor.py:208} INFO - Processing /home/ouaillaamiri/Development/lsi_3/airflow/venv/lib/python3.11/site-packages/airflow/example_dags/example_external_task_marker_dag.py took 0.187 seconds
[2024-11-06T11:01:59.578-1100] {processor.py:186} INFO - Started process (PID=229747) to work on /home/ouaillaamiri/Development/lsi_3/airflow/venv/lib/python3.11/site-packages/airflow/example_dags/example_external_task_marker_dag.py
[2024-11-06T11:01:59.580-1100] {processor.py:914} INFO - Processing file /home/ouaillaamiri/Development/lsi_3/airflow/venv/lib/python3.11/site-packages/airflow/example_dags/example_external_task_marker_dag.py for tasks to queue
[2024-11-06T11:01:59.583-1100] {logging_mixin.py:190} INFO - [2024-11-06T11:01:59.583-1100] {dagbag.py:588} INFO - Filling up the DagBag from /home/ouaillaamiri/Development/lsi_3/airflow/venv/lib/python3.11/site-packages/airflow/example_dags/example_external_task_marker_dag.py
[2024-11-06T11:01:59.596-1100] {processor.py:925} INFO - DAG(s) 'example_external_task_marker_child', 'example_external_task_marker_parent' retrieved from /home/ouaillaamiri/Development/lsi_3/airflow/venv/lib/python3.11/site-packages/airflow/example_dags/example_external_task_marker_dag.py
[2024-11-06T11:01:59.682-1100] {logging_mixin.py:190} INFO - [2024-11-06T11:01:59.681-1100] {dag.py:3239} INFO - Sync 2 DAGs
[2024-11-06T11:01:59.719-1100] {logging_mixin.py:190} INFO - [2024-11-06T11:01:59.718-1100] {dag.py:4180} INFO - Setting next_dagrun for example_external_task_marker_child to None, run_after=None
[2024-11-06T11:01:59.729-1100] {logging_mixin.py:190} INFO - [2024-11-06T11:01:59.729-1100] {dag.py:4180} INFO - Setting next_dagrun for example_external_task_marker_parent to None, run_after=None
[2024-11-06T11:01:59.768-1100] {processor.py:208} INFO - Processing /home/ouaillaamiri/Development/lsi_3/airflow/venv/lib/python3.11/site-packages/airflow/example_dags/example_external_task_marker_dag.py took 0.200 seconds
[2024-11-06T11:02:30.044-1100] {processor.py:186} INFO - Started process (PID=230392) to work on /home/ouaillaamiri/Development/lsi_3/airflow/venv/lib/python3.11/site-packages/airflow/example_dags/example_external_task_marker_dag.py
[2024-11-06T11:02:30.046-1100] {processor.py:914} INFO - Processing file /home/ouaillaamiri/Development/lsi_3/airflow/venv/lib/python3.11/site-packages/airflow/example_dags/example_external_task_marker_dag.py for tasks to queue
[2024-11-06T11:02:30.051-1100] {logging_mixin.py:190} INFO - [2024-11-06T11:02:30.051-1100] {dagbag.py:588} INFO - Filling up the DagBag from /home/ouaillaamiri/Development/lsi_3/airflow/venv/lib/python3.11/site-packages/airflow/example_dags/example_external_task_marker_dag.py
[2024-11-06T11:02:30.069-1100] {processor.py:925} INFO - DAG(s) 'example_external_task_marker_parent', 'example_external_task_marker_child' retrieved from /home/ouaillaamiri/Development/lsi_3/airflow/venv/lib/python3.11/site-packages/airflow/example_dags/example_external_task_marker_dag.py
[2024-11-06T11:02:30.139-1100] {logging_mixin.py:190} INFO - [2024-11-06T11:02:30.138-1100] {dag.py:3239} INFO - Sync 2 DAGs
[2024-11-06T11:02:30.167-1100] {logging_mixin.py:190} INFO - [2024-11-06T11:02:30.167-1100] {dag.py:4180} INFO - Setting next_dagrun for example_external_task_marker_child to None, run_after=None
[2024-11-06T11:02:30.175-1100] {logging_mixin.py:190} INFO - [2024-11-06T11:02:30.174-1100] {dag.py:4180} INFO - Setting next_dagrun for example_external_task_marker_parent to None, run_after=None
[2024-11-06T11:02:30.209-1100] {processor.py:208} INFO - Processing /home/ouaillaamiri/Development/lsi_3/airflow/venv/lib/python3.11/site-packages/airflow/example_dags/example_external_task_marker_dag.py took 0.175 seconds
[2024-11-06T11:03:00.990-1100] {processor.py:186} INFO - Started process (PID=231324) to work on /home/ouaillaamiri/Development/lsi_3/airflow/venv/lib/python3.11/site-packages/airflow/example_dags/example_external_task_marker_dag.py
[2024-11-06T11:03:00.992-1100] {processor.py:914} INFO - Processing file /home/ouaillaamiri/Development/lsi_3/airflow/venv/lib/python3.11/site-packages/airflow/example_dags/example_external_task_marker_dag.py for tasks to queue
[2024-11-06T11:03:00.996-1100] {logging_mixin.py:190} INFO - [2024-11-06T11:03:00.996-1100] {dagbag.py:588} INFO - Filling up the DagBag from /home/ouaillaamiri/Development/lsi_3/airflow/venv/lib/python3.11/site-packages/airflow/example_dags/example_external_task_marker_dag.py
[2024-11-06T11:03:01.014-1100] {processor.py:925} INFO - DAG(s) 'example_external_task_marker_parent', 'example_external_task_marker_child' retrieved from /home/ouaillaamiri/Development/lsi_3/airflow/venv/lib/python3.11/site-packages/airflow/example_dags/example_external_task_marker_dag.py
[2024-11-06T11:03:01.077-1100] {logging_mixin.py:190} INFO - [2024-11-06T11:03:01.077-1100] {dag.py:3239} INFO - Sync 2 DAGs
[2024-11-06T11:03:01.104-1100] {logging_mixin.py:190} INFO - [2024-11-06T11:03:01.103-1100] {dag.py:4180} INFO - Setting next_dagrun for example_external_task_marker_child to None, run_after=None
[2024-11-06T11:03:01.111-1100] {logging_mixin.py:190} INFO - [2024-11-06T11:03:01.110-1100] {dag.py:4180} INFO - Setting next_dagrun for example_external_task_marker_parent to None, run_after=None
[2024-11-06T11:03:01.146-1100] {processor.py:208} INFO - Processing /home/ouaillaamiri/Development/lsi_3/airflow/venv/lib/python3.11/site-packages/airflow/example_dags/example_external_task_marker_dag.py took 0.167 seconds
[2024-11-06T11:03:32.498-1100] {processor.py:186} INFO - Started process (PID=231826) to work on /home/ouaillaamiri/Development/lsi_3/airflow/venv/lib/python3.11/site-packages/airflow/example_dags/example_external_task_marker_dag.py
[2024-11-06T11:03:32.502-1100] {processor.py:914} INFO - Processing file /home/ouaillaamiri/Development/lsi_3/airflow/venv/lib/python3.11/site-packages/airflow/example_dags/example_external_task_marker_dag.py for tasks to queue
[2024-11-06T11:03:32.506-1100] {logging_mixin.py:190} INFO - [2024-11-06T11:03:32.506-1100] {dagbag.py:588} INFO - Filling up the DagBag from /home/ouaillaamiri/Development/lsi_3/airflow/venv/lib/python3.11/site-packages/airflow/example_dags/example_external_task_marker_dag.py
[2024-11-06T11:03:32.523-1100] {processor.py:925} INFO - DAG(s) 'example_external_task_marker_parent', 'example_external_task_marker_child' retrieved from /home/ouaillaamiri/Development/lsi_3/airflow/venv/lib/python3.11/site-packages/airflow/example_dags/example_external_task_marker_dag.py
[2024-11-06T11:03:32.602-1100] {logging_mixin.py:190} INFO - [2024-11-06T11:03:32.601-1100] {dag.py:3239} INFO - Sync 2 DAGs
[2024-11-06T11:03:32.648-1100] {logging_mixin.py:190} INFO - [2024-11-06T11:03:32.648-1100] {dag.py:4180} INFO - Setting next_dagrun for example_external_task_marker_child to None, run_after=None
[2024-11-06T11:03:32.657-1100] {logging_mixin.py:190} INFO - [2024-11-06T11:03:32.656-1100] {dag.py:4180} INFO - Setting next_dagrun for example_external_task_marker_parent to None, run_after=None
[2024-11-06T11:03:32.721-1100] {processor.py:208} INFO - Processing /home/ouaillaamiri/Development/lsi_3/airflow/venv/lib/python3.11/site-packages/airflow/example_dags/example_external_task_marker_dag.py took 0.235 seconds
[2024-11-06T11:04:02.825-1100] {processor.py:186} INFO - Started process (PID=232365) to work on /home/ouaillaamiri/Development/lsi_3/airflow/venv/lib/python3.11/site-packages/airflow/example_dags/example_external_task_marker_dag.py
[2024-11-06T11:04:02.827-1100] {processor.py:914} INFO - Processing file /home/ouaillaamiri/Development/lsi_3/airflow/venv/lib/python3.11/site-packages/airflow/example_dags/example_external_task_marker_dag.py for tasks to queue
[2024-11-06T11:04:02.831-1100] {logging_mixin.py:190} INFO - [2024-11-06T11:04:02.830-1100] {dagbag.py:588} INFO - Filling up the DagBag from /home/ouaillaamiri/Development/lsi_3/airflow/venv/lib/python3.11/site-packages/airflow/example_dags/example_external_task_marker_dag.py
[2024-11-06T11:04:02.845-1100] {processor.py:925} INFO - DAG(s) 'example_external_task_marker_child', 'example_external_task_marker_parent' retrieved from /home/ouaillaamiri/Development/lsi_3/airflow/venv/lib/python3.11/site-packages/airflow/example_dags/example_external_task_marker_dag.py
[2024-11-06T11:04:02.904-1100] {logging_mixin.py:190} INFO - [2024-11-06T11:04:02.903-1100] {dag.py:3239} INFO - Sync 2 DAGs
[2024-11-06T11:04:02.931-1100] {logging_mixin.py:190} INFO - [2024-11-06T11:04:02.931-1100] {dag.py:4180} INFO - Setting next_dagrun for example_external_task_marker_child to None, run_after=None
[2024-11-06T11:04:02.940-1100] {logging_mixin.py:190} INFO - [2024-11-06T11:04:02.939-1100] {dag.py:4180} INFO - Setting next_dagrun for example_external_task_marker_parent to None, run_after=None
[2024-11-06T11:04:02.973-1100] {processor.py:208} INFO - Processing /home/ouaillaamiri/Development/lsi_3/airflow/venv/lib/python3.11/site-packages/airflow/example_dags/example_external_task_marker_dag.py took 0.159 seconds
[2024-11-06T11:04:34.100-1100] {processor.py:186} INFO - Started process (PID=232742) to work on /home/ouaillaamiri/Development/lsi_3/airflow/venv/lib/python3.11/site-packages/airflow/example_dags/example_external_task_marker_dag.py
[2024-11-06T11:04:34.102-1100] {processor.py:914} INFO - Processing file /home/ouaillaamiri/Development/lsi_3/airflow/venv/lib/python3.11/site-packages/airflow/example_dags/example_external_task_marker_dag.py for tasks to queue
[2024-11-06T11:04:34.107-1100] {logging_mixin.py:190} INFO - [2024-11-06T11:04:34.106-1100] {dagbag.py:588} INFO - Filling up the DagBag from /home/ouaillaamiri/Development/lsi_3/airflow/venv/lib/python3.11/site-packages/airflow/example_dags/example_external_task_marker_dag.py
[2024-11-06T11:04:34.124-1100] {processor.py:925} INFO - DAG(s) 'example_external_task_marker_parent', 'example_external_task_marker_child' retrieved from /home/ouaillaamiri/Development/lsi_3/airflow/venv/lib/python3.11/site-packages/airflow/example_dags/example_external_task_marker_dag.py
[2024-11-06T11:04:34.196-1100] {logging_mixin.py:190} INFO - [2024-11-06T11:04:34.196-1100] {dag.py:3239} INFO - Sync 2 DAGs
[2024-11-06T11:04:34.230-1100] {logging_mixin.py:190} INFO - [2024-11-06T11:04:34.230-1100] {dag.py:4180} INFO - Setting next_dagrun for example_external_task_marker_child to None, run_after=None
[2024-11-06T11:04:34.239-1100] {logging_mixin.py:190} INFO - [2024-11-06T11:04:34.238-1100] {dag.py:4180} INFO - Setting next_dagrun for example_external_task_marker_parent to None, run_after=None
[2024-11-06T11:04:34.279-1100] {processor.py:208} INFO - Processing /home/ouaillaamiri/Development/lsi_3/airflow/venv/lib/python3.11/site-packages/airflow/example_dags/example_external_task_marker_dag.py took 0.191 seconds
