[2024-11-06T10:53:23.483-1100] {processor.py:186} INFO - Started process (PID=218955) to work on /home/ouaillaamiri/Development/lsi_3/airflow/venv/lib/python3.11/site-packages/airflow/example_dags/example_trigger_controller_dag.py
[2024-11-06T10:53:23.485-1100] {processor.py:914} INFO - Processing file /home/ouaillaamiri/Development/lsi_3/airflow/venv/lib/python3.11/site-packages/airflow/example_dags/example_trigger_controller_dag.py for tasks to queue
[2024-11-06T10:53:23.492-1100] {logging_mixin.py:190} INFO - [2024-11-06T10:53:23.491-1100] {dagbag.py:588} INFO - Filling up the DagBag from /home/ouaillaamiri/Development/lsi_3/airflow/venv/lib/python3.11/site-packages/airflow/example_dags/example_trigger_controller_dag.py
[2024-11-06T10:53:23.986-1100] {processor.py:925} INFO - DAG(s) 'example_trigger_controller_dag' retrieved from /home/ouaillaamiri/Development/lsi_3/airflow/venv/lib/python3.11/site-packages/airflow/example_dags/example_trigger_controller_dag.py
[2024-11-06T10:53:24.285-1100] {logging_mixin.py:190} INFO - [2024-11-06T10:53:24.284-1100] {override.py:1911} INFO - Created Permission View: can edit on DAG:example_trigger_controller_dag
[2024-11-06T10:53:24.316-1100] {logging_mixin.py:190} INFO - [2024-11-06T10:53:24.315-1100] {override.py:1911} INFO - Created Permission View: can delete on DAG:example_trigger_controller_dag
[2024-11-06T10:53:24.334-1100] {logging_mixin.py:190} INFO - [2024-11-06T10:53:24.333-1100] {override.py:1911} INFO - Created Permission View: can read on DAG:example_trigger_controller_dag
[2024-11-06T10:53:24.353-1100] {logging_mixin.py:190} INFO - [2024-11-06T10:53:24.351-1100] {override.py:1911} INFO - Created Permission View: can delete on DAG Run:example_trigger_controller_dag
[2024-11-06T10:53:24.375-1100] {logging_mixin.py:190} INFO - [2024-11-06T10:53:24.374-1100] {override.py:1911} INFO - Created Permission View: can create on DAG Run:example_trigger_controller_dag
[2024-11-06T10:53:24.396-1100] {logging_mixin.py:190} INFO - [2024-11-06T10:53:24.395-1100] {override.py:1911} INFO - Created Permission View: menu access on DAG Run:example_trigger_controller_dag
[2024-11-06T10:53:24.417-1100] {logging_mixin.py:190} INFO - [2024-11-06T10:53:24.417-1100] {override.py:1911} INFO - Created Permission View: can read on DAG Run:example_trigger_controller_dag
[2024-11-06T10:53:24.418-1100] {logging_mixin.py:190} INFO - [2024-11-06T10:53:24.418-1100] {dag.py:3239} INFO - Sync 1 DAGs
[2024-11-06T10:53:24.452-1100] {logging_mixin.py:190} INFO - [2024-11-06T10:53:24.452-1100] {dag.py:3262} INFO - Creating ORM DAG for example_trigger_controller_dag
[2024-11-06T10:53:24.479-1100] {logging_mixin.py:190} INFO - [2024-11-06T10:53:24.479-1100] {dag.py:4180} INFO - Setting next_dagrun for example_trigger_controller_dag to 2021-01-01 00:00:00+00:00, run_after=2021-01-01 00:00:00+00:00
[2024-11-06T10:53:24.539-1100] {processor.py:208} INFO - Processing /home/ouaillaamiri/Development/lsi_3/airflow/venv/lib/python3.11/site-packages/airflow/example_dags/example_trigger_controller_dag.py took 1.071 seconds
[2024-11-06T10:53:54.909-1100] {processor.py:186} INFO - Started process (PID=219780) to work on /home/ouaillaamiri/Development/lsi_3/airflow/venv/lib/python3.11/site-packages/airflow/example_dags/example_trigger_controller_dag.py
[2024-11-06T10:53:54.913-1100] {processor.py:914} INFO - Processing file /home/ouaillaamiri/Development/lsi_3/airflow/venv/lib/python3.11/site-packages/airflow/example_dags/example_trigger_controller_dag.py for tasks to queue
[2024-11-06T10:53:54.918-1100] {logging_mixin.py:190} INFO - [2024-11-06T10:53:54.917-1100] {dagbag.py:588} INFO - Filling up the DagBag from /home/ouaillaamiri/Development/lsi_3/airflow/venv/lib/python3.11/site-packages/airflow/example_dags/example_trigger_controller_dag.py
[2024-11-06T10:53:54.933-1100] {processor.py:925} INFO - DAG(s) 'example_trigger_controller_dag' retrieved from /home/ouaillaamiri/Development/lsi_3/airflow/venv/lib/python3.11/site-packages/airflow/example_dags/example_trigger_controller_dag.py
[2024-11-06T10:53:54.997-1100] {logging_mixin.py:190} INFO - [2024-11-06T10:53:54.996-1100] {dag.py:3239} INFO - Sync 1 DAGs
[2024-11-06T10:53:55.043-1100] {logging_mixin.py:190} INFO - [2024-11-06T10:53:55.042-1100] {dag.py:4180} INFO - Setting next_dagrun for example_trigger_controller_dag to 2021-01-01 00:00:00+00:00, run_after=2021-01-01 00:00:00+00:00
[2024-11-06T10:53:55.083-1100] {processor.py:208} INFO - Processing /home/ouaillaamiri/Development/lsi_3/airflow/venv/lib/python3.11/site-packages/airflow/example_dags/example_trigger_controller_dag.py took 0.194 seconds
[2024-11-06T10:54:25.570-1100] {processor.py:186} INFO - Started process (PID=220493) to work on /home/ouaillaamiri/Development/lsi_3/airflow/venv/lib/python3.11/site-packages/airflow/example_dags/example_trigger_controller_dag.py
[2024-11-06T10:54:25.572-1100] {processor.py:914} INFO - Processing file /home/ouaillaamiri/Development/lsi_3/airflow/venv/lib/python3.11/site-packages/airflow/example_dags/example_trigger_controller_dag.py for tasks to queue
[2024-11-06T10:54:25.579-1100] {logging_mixin.py:190} INFO - [2024-11-06T10:54:25.579-1100] {dagbag.py:588} INFO - Filling up the DagBag from /home/ouaillaamiri/Development/lsi_3/airflow/venv/lib/python3.11/site-packages/airflow/example_dags/example_trigger_controller_dag.py
[2024-11-06T10:54:25.590-1100] {processor.py:925} INFO - DAG(s) 'example_trigger_controller_dag' retrieved from /home/ouaillaamiri/Development/lsi_3/airflow/venv/lib/python3.11/site-packages/airflow/example_dags/example_trigger_controller_dag.py
[2024-11-06T10:54:25.643-1100] {logging_mixin.py:190} INFO - [2024-11-06T10:54:25.642-1100] {dag.py:3239} INFO - Sync 1 DAGs
[2024-11-06T10:54:25.682-1100] {logging_mixin.py:190} INFO - [2024-11-06T10:54:25.682-1100] {dag.py:4180} INFO - Setting next_dagrun for example_trigger_controller_dag to 2021-01-01 00:00:00+00:00, run_after=2021-01-01 00:00:00+00:00
[2024-11-06T10:54:25.719-1100] {processor.py:208} INFO - Processing /home/ouaillaamiri/Development/lsi_3/airflow/venv/lib/python3.11/site-packages/airflow/example_dags/example_trigger_controller_dag.py took 0.164 seconds
[2024-11-06T10:54:56.377-1100] {processor.py:186} INFO - Started process (PID=220856) to work on /home/ouaillaamiri/Development/lsi_3/airflow/venv/lib/python3.11/site-packages/airflow/example_dags/example_trigger_controller_dag.py
[2024-11-06T10:54:56.382-1100] {processor.py:914} INFO - Processing file /home/ouaillaamiri/Development/lsi_3/airflow/venv/lib/python3.11/site-packages/airflow/example_dags/example_trigger_controller_dag.py for tasks to queue
[2024-11-06T10:54:56.392-1100] {logging_mixin.py:190} INFO - [2024-11-06T10:54:56.391-1100] {dagbag.py:588} INFO - Filling up the DagBag from /home/ouaillaamiri/Development/lsi_3/airflow/venv/lib/python3.11/site-packages/airflow/example_dags/example_trigger_controller_dag.py
[2024-11-06T10:54:56.415-1100] {processor.py:925} INFO - DAG(s) 'example_trigger_controller_dag' retrieved from /home/ouaillaamiri/Development/lsi_3/airflow/venv/lib/python3.11/site-packages/airflow/example_dags/example_trigger_controller_dag.py
[2024-11-06T10:54:56.509-1100] {logging_mixin.py:190} INFO - [2024-11-06T10:54:56.508-1100] {dag.py:3239} INFO - Sync 1 DAGs
[2024-11-06T10:54:56.590-1100] {logging_mixin.py:190} INFO - [2024-11-06T10:54:56.588-1100] {dag.py:4180} INFO - Setting next_dagrun for example_trigger_controller_dag to 2021-01-01 00:00:00+00:00, run_after=2021-01-01 00:00:00+00:00
[2024-11-06T10:54:56.654-1100] {processor.py:208} INFO - Processing /home/ouaillaamiri/Development/lsi_3/airflow/venv/lib/python3.11/site-packages/airflow/example_dags/example_trigger_controller_dag.py took 0.298 seconds
[2024-11-06T10:55:26.787-1100] {processor.py:186} INFO - Started process (PID=221552) to work on /home/ouaillaamiri/Development/lsi_3/airflow/venv/lib/python3.11/site-packages/airflow/example_dags/example_trigger_controller_dag.py
[2024-11-06T10:55:26.791-1100] {processor.py:914} INFO - Processing file /home/ouaillaamiri/Development/lsi_3/airflow/venv/lib/python3.11/site-packages/airflow/example_dags/example_trigger_controller_dag.py for tasks to queue
[2024-11-06T10:55:26.798-1100] {logging_mixin.py:190} INFO - [2024-11-06T10:55:26.797-1100] {dagbag.py:588} INFO - Filling up the DagBag from /home/ouaillaamiri/Development/lsi_3/airflow/venv/lib/python3.11/site-packages/airflow/example_dags/example_trigger_controller_dag.py
[2024-11-06T10:55:26.814-1100] {processor.py:925} INFO - DAG(s) 'example_trigger_controller_dag' retrieved from /home/ouaillaamiri/Development/lsi_3/airflow/venv/lib/python3.11/site-packages/airflow/example_dags/example_trigger_controller_dag.py
[2024-11-06T10:55:26.866-1100] {logging_mixin.py:190} INFO - [2024-11-06T10:55:26.865-1100] {dag.py:3239} INFO - Sync 1 DAGs
[2024-11-06T10:55:26.906-1100] {logging_mixin.py:190} INFO - [2024-11-06T10:55:26.905-1100] {dag.py:4180} INFO - Setting next_dagrun for example_trigger_controller_dag to 2021-01-01 00:00:00+00:00, run_after=2021-01-01 00:00:00+00:00
[2024-11-06T10:55:26.944-1100] {processor.py:208} INFO - Processing /home/ouaillaamiri/Development/lsi_3/airflow/venv/lib/python3.11/site-packages/airflow/example_dags/example_trigger_controller_dag.py took 0.172 seconds
[2024-11-06T10:55:57.357-1100] {processor.py:186} INFO - Started process (PID=221921) to work on /home/ouaillaamiri/Development/lsi_3/airflow/venv/lib/python3.11/site-packages/airflow/example_dags/example_trigger_controller_dag.py
[2024-11-06T10:55:57.361-1100] {processor.py:914} INFO - Processing file /home/ouaillaamiri/Development/lsi_3/airflow/venv/lib/python3.11/site-packages/airflow/example_dags/example_trigger_controller_dag.py for tasks to queue
[2024-11-06T10:55:57.366-1100] {logging_mixin.py:190} INFO - [2024-11-06T10:55:57.365-1100] {dagbag.py:588} INFO - Filling up the DagBag from /home/ouaillaamiri/Development/lsi_3/airflow/venv/lib/python3.11/site-packages/airflow/example_dags/example_trigger_controller_dag.py
[2024-11-06T10:55:57.380-1100] {processor.py:925} INFO - DAG(s) 'example_trigger_controller_dag' retrieved from /home/ouaillaamiri/Development/lsi_3/airflow/venv/lib/python3.11/site-packages/airflow/example_dags/example_trigger_controller_dag.py
[2024-11-06T10:55:57.441-1100] {logging_mixin.py:190} INFO - [2024-11-06T10:55:57.441-1100] {dag.py:3239} INFO - Sync 1 DAGs
[2024-11-06T10:55:57.497-1100] {logging_mixin.py:190} INFO - [2024-11-06T10:55:57.496-1100] {dag.py:4180} INFO - Setting next_dagrun for example_trigger_controller_dag to 2021-01-01 00:00:00+00:00, run_after=2021-01-01 00:00:00+00:00
[2024-11-06T10:55:57.540-1100] {processor.py:208} INFO - Processing /home/ouaillaamiri/Development/lsi_3/airflow/venv/lib/python3.11/site-packages/airflow/example_dags/example_trigger_controller_dag.py took 0.200 seconds
[2024-11-06T10:56:42.386-1100] {processor.py:186} INFO - Started process (PID=222999) to work on /home/ouaillaamiri/Development/lsi_3/airflow/venv/lib/python3.11/site-packages/airflow/example_dags/example_trigger_controller_dag.py
[2024-11-06T10:56:42.388-1100] {processor.py:914} INFO - Processing file /home/ouaillaamiri/Development/lsi_3/airflow/venv/lib/python3.11/site-packages/airflow/example_dags/example_trigger_controller_dag.py for tasks to queue
[2024-11-06T10:56:42.394-1100] {logging_mixin.py:190} INFO - [2024-11-06T10:56:42.393-1100] {dagbag.py:588} INFO - Filling up the DagBag from /home/ouaillaamiri/Development/lsi_3/airflow/venv/lib/python3.11/site-packages/airflow/example_dags/example_trigger_controller_dag.py
[2024-11-06T10:56:42.408-1100] {processor.py:925} INFO - DAG(s) 'example_trigger_controller_dag' retrieved from /home/ouaillaamiri/Development/lsi_3/airflow/venv/lib/python3.11/site-packages/airflow/example_dags/example_trigger_controller_dag.py
[2024-11-06T10:56:42.489-1100] {logging_mixin.py:190} INFO - [2024-11-06T10:56:42.489-1100] {dag.py:3239} INFO - Sync 1 DAGs
[2024-11-06T10:56:42.546-1100] {logging_mixin.py:190} INFO - [2024-11-06T10:56:42.545-1100] {dag.py:4180} INFO - Setting next_dagrun for example_trigger_controller_dag to 2021-01-01 00:00:00+00:00, run_after=2021-01-01 00:00:00+00:00
[2024-11-06T10:56:42.592-1100] {processor.py:208} INFO - Processing /home/ouaillaamiri/Development/lsi_3/airflow/venv/lib/python3.11/site-packages/airflow/example_dags/example_trigger_controller_dag.py took 0.219 seconds
[2024-11-06T10:57:13.138-1100] {processor.py:186} INFO - Started process (PID=224141) to work on /home/ouaillaamiri/Development/lsi_3/airflow/venv/lib/python3.11/site-packages/airflow/example_dags/example_trigger_controller_dag.py
[2024-11-06T10:57:13.140-1100] {processor.py:914} INFO - Processing file /home/ouaillaamiri/Development/lsi_3/airflow/venv/lib/python3.11/site-packages/airflow/example_dags/example_trigger_controller_dag.py for tasks to queue
[2024-11-06T10:57:13.144-1100] {logging_mixin.py:190} INFO - [2024-11-06T10:57:13.144-1100] {dagbag.py:588} INFO - Filling up the DagBag from /home/ouaillaamiri/Development/lsi_3/airflow/venv/lib/python3.11/site-packages/airflow/example_dags/example_trigger_controller_dag.py
[2024-11-06T10:57:13.158-1100] {processor.py:925} INFO - DAG(s) 'example_trigger_controller_dag' retrieved from /home/ouaillaamiri/Development/lsi_3/airflow/venv/lib/python3.11/site-packages/airflow/example_dags/example_trigger_controller_dag.py
[2024-11-06T10:57:13.217-1100] {logging_mixin.py:190} INFO - [2024-11-06T10:57:13.217-1100] {dag.py:3239} INFO - Sync 1 DAGs
[2024-11-06T10:57:13.262-1100] {logging_mixin.py:190} INFO - [2024-11-06T10:57:13.261-1100] {dag.py:4180} INFO - Setting next_dagrun for example_trigger_controller_dag to 2021-01-01 00:00:00+00:00, run_after=2021-01-01 00:00:00+00:00
[2024-11-06T10:57:13.301-1100] {processor.py:208} INFO - Processing /home/ouaillaamiri/Development/lsi_3/airflow/venv/lib/python3.11/site-packages/airflow/example_dags/example_trigger_controller_dag.py took 0.174 seconds
[2024-11-06T10:57:43.390-1100] {processor.py:186} INFO - Started process (PID=224874) to work on /home/ouaillaamiri/Development/lsi_3/airflow/venv/lib/python3.11/site-packages/airflow/example_dags/example_trigger_controller_dag.py
[2024-11-06T10:57:43.392-1100] {processor.py:914} INFO - Processing file /home/ouaillaamiri/Development/lsi_3/airflow/venv/lib/python3.11/site-packages/airflow/example_dags/example_trigger_controller_dag.py for tasks to queue
[2024-11-06T10:57:43.396-1100] {logging_mixin.py:190} INFO - [2024-11-06T10:57:43.395-1100] {dagbag.py:588} INFO - Filling up the DagBag from /home/ouaillaamiri/Development/lsi_3/airflow/venv/lib/python3.11/site-packages/airflow/example_dags/example_trigger_controller_dag.py
[2024-11-06T10:57:43.411-1100] {processor.py:925} INFO - DAG(s) 'example_trigger_controller_dag' retrieved from /home/ouaillaamiri/Development/lsi_3/airflow/venv/lib/python3.11/site-packages/airflow/example_dags/example_trigger_controller_dag.py
[2024-11-06T10:57:43.483-1100] {logging_mixin.py:190} INFO - [2024-11-06T10:57:43.483-1100] {dag.py:3239} INFO - Sync 1 DAGs
[2024-11-06T10:57:43.529-1100] {logging_mixin.py:190} INFO - [2024-11-06T10:57:43.528-1100] {dag.py:4180} INFO - Setting next_dagrun for example_trigger_controller_dag to 2021-01-01 00:00:00+00:00, run_after=2021-01-01 00:00:00+00:00
[2024-11-06T10:57:43.581-1100] {processor.py:208} INFO - Processing /home/ouaillaamiri/Development/lsi_3/airflow/venv/lib/python3.11/site-packages/airflow/example_dags/example_trigger_controller_dag.py took 0.202 seconds
[2024-11-06T10:58:13.895-1100] {processor.py:186} INFO - Started process (PID=225579) to work on /home/ouaillaamiri/Development/lsi_3/airflow/venv/lib/python3.11/site-packages/airflow/example_dags/example_trigger_controller_dag.py
[2024-11-06T10:58:13.898-1100] {processor.py:914} INFO - Processing file /home/ouaillaamiri/Development/lsi_3/airflow/venv/lib/python3.11/site-packages/airflow/example_dags/example_trigger_controller_dag.py for tasks to queue
[2024-11-06T10:58:13.904-1100] {logging_mixin.py:190} INFO - [2024-11-06T10:58:13.903-1100] {dagbag.py:588} INFO - Filling up the DagBag from /home/ouaillaamiri/Development/lsi_3/airflow/venv/lib/python3.11/site-packages/airflow/example_dags/example_trigger_controller_dag.py
[2024-11-06T10:58:13.926-1100] {processor.py:925} INFO - DAG(s) 'example_trigger_controller_dag' retrieved from /home/ouaillaamiri/Development/lsi_3/airflow/venv/lib/python3.11/site-packages/airflow/example_dags/example_trigger_controller_dag.py
[2024-11-06T10:58:13.995-1100] {logging_mixin.py:190} INFO - [2024-11-06T10:58:13.994-1100] {dag.py:3239} INFO - Sync 1 DAGs
[2024-11-06T10:58:14.042-1100] {logging_mixin.py:190} INFO - [2024-11-06T10:58:14.042-1100] {dag.py:4180} INFO - Setting next_dagrun for example_trigger_controller_dag to 2021-01-01 00:00:00+00:00, run_after=2021-01-01 00:00:00+00:00
[2024-11-06T10:58:14.088-1100] {processor.py:208} INFO - Processing /home/ouaillaamiri/Development/lsi_3/airflow/venv/lib/python3.11/site-packages/airflow/example_dags/example_trigger_controller_dag.py took 0.212 seconds
[2024-11-06T10:58:44.190-1100] {processor.py:186} INFO - Started process (PID=226290) to work on /home/ouaillaamiri/Development/lsi_3/airflow/venv/lib/python3.11/site-packages/airflow/example_dags/example_trigger_controller_dag.py
[2024-11-06T10:58:44.193-1100] {processor.py:914} INFO - Processing file /home/ouaillaamiri/Development/lsi_3/airflow/venv/lib/python3.11/site-packages/airflow/example_dags/example_trigger_controller_dag.py for tasks to queue
[2024-11-06T10:58:44.198-1100] {logging_mixin.py:190} INFO - [2024-11-06T10:58:44.197-1100] {dagbag.py:588} INFO - Filling up the DagBag from /home/ouaillaamiri/Development/lsi_3/airflow/venv/lib/python3.11/site-packages/airflow/example_dags/example_trigger_controller_dag.py
[2024-11-06T10:58:44.216-1100] {processor.py:925} INFO - DAG(s) 'example_trigger_controller_dag' retrieved from /home/ouaillaamiri/Development/lsi_3/airflow/venv/lib/python3.11/site-packages/airflow/example_dags/example_trigger_controller_dag.py
[2024-11-06T10:58:44.303-1100] {logging_mixin.py:190} INFO - [2024-11-06T10:58:44.301-1100] {dag.py:3239} INFO - Sync 1 DAGs
[2024-11-06T10:58:44.378-1100] {logging_mixin.py:190} INFO - [2024-11-06T10:58:44.377-1100] {dag.py:4180} INFO - Setting next_dagrun for example_trigger_controller_dag to 2021-01-01 00:00:00+00:00, run_after=2021-01-01 00:00:00+00:00
[2024-11-06T10:58:44.422-1100] {processor.py:208} INFO - Processing /home/ouaillaamiri/Development/lsi_3/airflow/venv/lib/python3.11/site-packages/airflow/example_dags/example_trigger_controller_dag.py took 0.246 seconds
[2024-11-06T10:59:14.570-1100] {processor.py:186} INFO - Started process (PID=227002) to work on /home/ouaillaamiri/Development/lsi_3/airflow/venv/lib/python3.11/site-packages/airflow/example_dags/example_trigger_controller_dag.py
[2024-11-06T10:59:14.574-1100] {processor.py:914} INFO - Processing file /home/ouaillaamiri/Development/lsi_3/airflow/venv/lib/python3.11/site-packages/airflow/example_dags/example_trigger_controller_dag.py for tasks to queue
[2024-11-06T10:59:14.579-1100] {logging_mixin.py:190} INFO - [2024-11-06T10:59:14.578-1100] {dagbag.py:588} INFO - Filling up the DagBag from /home/ouaillaamiri/Development/lsi_3/airflow/venv/lib/python3.11/site-packages/airflow/example_dags/example_trigger_controller_dag.py
[2024-11-06T10:59:14.597-1100] {processor.py:925} INFO - DAG(s) 'example_trigger_controller_dag' retrieved from /home/ouaillaamiri/Development/lsi_3/airflow/venv/lib/python3.11/site-packages/airflow/example_dags/example_trigger_controller_dag.py
[2024-11-06T10:59:14.661-1100] {logging_mixin.py:190} INFO - [2024-11-06T10:59:14.660-1100] {dag.py:3239} INFO - Sync 1 DAGs
[2024-11-06T10:59:14.705-1100] {logging_mixin.py:190} INFO - [2024-11-06T10:59:14.704-1100] {dag.py:4180} INFO - Setting next_dagrun for example_trigger_controller_dag to 2021-01-01 00:00:00+00:00, run_after=2021-01-01 00:00:00+00:00
[2024-11-06T10:59:14.744-1100] {processor.py:208} INFO - Processing /home/ouaillaamiri/Development/lsi_3/airflow/venv/lib/python3.11/site-packages/airflow/example_dags/example_trigger_controller_dag.py took 0.191 seconds
[2024-11-06T10:59:44.909-1100] {processor.py:186} INFO - Started process (PID=227389) to work on /home/ouaillaamiri/Development/lsi_3/airflow/venv/lib/python3.11/site-packages/airflow/example_dags/example_trigger_controller_dag.py
[2024-11-06T10:59:44.911-1100] {processor.py:914} INFO - Processing file /home/ouaillaamiri/Development/lsi_3/airflow/venv/lib/python3.11/site-packages/airflow/example_dags/example_trigger_controller_dag.py for tasks to queue
[2024-11-06T10:59:44.916-1100] {logging_mixin.py:190} INFO - [2024-11-06T10:59:44.915-1100] {dagbag.py:588} INFO - Filling up the DagBag from /home/ouaillaamiri/Development/lsi_3/airflow/venv/lib/python3.11/site-packages/airflow/example_dags/example_trigger_controller_dag.py
[2024-11-06T10:59:44.931-1100] {processor.py:925} INFO - DAG(s) 'example_trigger_controller_dag' retrieved from /home/ouaillaamiri/Development/lsi_3/airflow/venv/lib/python3.11/site-packages/airflow/example_dags/example_trigger_controller_dag.py
[2024-11-06T10:59:44.995-1100] {logging_mixin.py:190} INFO - [2024-11-06T10:59:44.994-1100] {dag.py:3239} INFO - Sync 1 DAGs
[2024-11-06T10:59:45.036-1100] {logging_mixin.py:190} INFO - [2024-11-06T10:59:45.036-1100] {dag.py:4180} INFO - Setting next_dagrun for example_trigger_controller_dag to 2021-01-01 00:00:00+00:00, run_after=2021-01-01 00:00:00+00:00
[2024-11-06T10:59:45.071-1100] {processor.py:208} INFO - Processing /home/ouaillaamiri/Development/lsi_3/airflow/venv/lib/python3.11/site-packages/airflow/example_dags/example_trigger_controller_dag.py took 0.175 seconds
[2024-11-06T11:00:15.265-1100] {processor.py:186} INFO - Started process (PID=227803) to work on /home/ouaillaamiri/Development/lsi_3/airflow/venv/lib/python3.11/site-packages/airflow/example_dags/example_trigger_controller_dag.py
[2024-11-06T11:00:15.267-1100] {processor.py:914} INFO - Processing file /home/ouaillaamiri/Development/lsi_3/airflow/venv/lib/python3.11/site-packages/airflow/example_dags/example_trigger_controller_dag.py for tasks to queue
[2024-11-06T11:00:15.271-1100] {logging_mixin.py:190} INFO - [2024-11-06T11:00:15.271-1100] {dagbag.py:588} INFO - Filling up the DagBag from /home/ouaillaamiri/Development/lsi_3/airflow/venv/lib/python3.11/site-packages/airflow/example_dags/example_trigger_controller_dag.py
[2024-11-06T11:00:15.282-1100] {processor.py:925} INFO - DAG(s) 'example_trigger_controller_dag' retrieved from /home/ouaillaamiri/Development/lsi_3/airflow/venv/lib/python3.11/site-packages/airflow/example_dags/example_trigger_controller_dag.py
[2024-11-06T11:00:15.333-1100] {logging_mixin.py:190} INFO - [2024-11-06T11:00:15.333-1100] {dag.py:3239} INFO - Sync 1 DAGs
[2024-11-06T11:00:15.370-1100] {logging_mixin.py:190} INFO - [2024-11-06T11:00:15.370-1100] {dag.py:4180} INFO - Setting next_dagrun for example_trigger_controller_dag to 2021-01-01 00:00:00+00:00, run_after=2021-01-01 00:00:00+00:00
[2024-11-06T11:00:15.407-1100] {processor.py:208} INFO - Processing /home/ouaillaamiri/Development/lsi_3/airflow/venv/lib/python3.11/site-packages/airflow/example_dags/example_trigger_controller_dag.py took 0.153 seconds
[2024-11-06T11:00:53.765-1100] {processor.py:186} INFO - Started process (PID=228499) to work on /home/ouaillaamiri/Development/lsi_3/airflow/venv/lib/python3.11/site-packages/airflow/example_dags/example_trigger_controller_dag.py
[2024-11-06T11:00:53.766-1100] {processor.py:914} INFO - Processing file /home/ouaillaamiri/Development/lsi_3/airflow/venv/lib/python3.11/site-packages/airflow/example_dags/example_trigger_controller_dag.py for tasks to queue
[2024-11-06T11:00:53.771-1100] {logging_mixin.py:190} INFO - [2024-11-06T11:00:53.770-1100] {dagbag.py:588} INFO - Filling up the DagBag from /home/ouaillaamiri/Development/lsi_3/airflow/venv/lib/python3.11/site-packages/airflow/example_dags/example_trigger_controller_dag.py
[2024-11-06T11:00:53.782-1100] {processor.py:925} INFO - DAG(s) 'example_trigger_controller_dag' retrieved from /home/ouaillaamiri/Development/lsi_3/airflow/venv/lib/python3.11/site-packages/airflow/example_dags/example_trigger_controller_dag.py
[2024-11-06T11:00:53.839-1100] {logging_mixin.py:190} INFO - [2024-11-06T11:00:53.838-1100] {dag.py:3239} INFO - Sync 1 DAGs
[2024-11-06T11:00:53.879-1100] {logging_mixin.py:190} INFO - [2024-11-06T11:00:53.878-1100] {dag.py:4180} INFO - Setting next_dagrun for example_trigger_controller_dag to 2021-01-01 00:00:00+00:00, run_after=2021-01-01 00:00:00+00:00
[2024-11-06T11:00:53.915-1100] {processor.py:208} INFO - Processing /home/ouaillaamiri/Development/lsi_3/airflow/venv/lib/python3.11/site-packages/airflow/example_dags/example_trigger_controller_dag.py took 0.163 seconds
[2024-11-06T11:01:24.510-1100] {processor.py:186} INFO - Started process (PID=229184) to work on /home/ouaillaamiri/Development/lsi_3/airflow/venv/lib/python3.11/site-packages/airflow/example_dags/example_trigger_controller_dag.py
[2024-11-06T11:01:24.512-1100] {processor.py:914} INFO - Processing file /home/ouaillaamiri/Development/lsi_3/airflow/venv/lib/python3.11/site-packages/airflow/example_dags/example_trigger_controller_dag.py for tasks to queue
[2024-11-06T11:01:24.516-1100] {logging_mixin.py:190} INFO - [2024-11-06T11:01:24.515-1100] {dagbag.py:588} INFO - Filling up the DagBag from /home/ouaillaamiri/Development/lsi_3/airflow/venv/lib/python3.11/site-packages/airflow/example_dags/example_trigger_controller_dag.py
[2024-11-06T11:01:24.530-1100] {processor.py:925} INFO - DAG(s) 'example_trigger_controller_dag' retrieved from /home/ouaillaamiri/Development/lsi_3/airflow/venv/lib/python3.11/site-packages/airflow/example_dags/example_trigger_controller_dag.py
[2024-11-06T11:01:24.599-1100] {logging_mixin.py:190} INFO - [2024-11-06T11:01:24.598-1100] {dag.py:3239} INFO - Sync 1 DAGs
[2024-11-06T11:01:24.649-1100] {logging_mixin.py:190} INFO - [2024-11-06T11:01:24.649-1100] {dag.py:4180} INFO - Setting next_dagrun for example_trigger_controller_dag to 2021-01-01 00:00:00+00:00, run_after=2021-01-01 00:00:00+00:00
[2024-11-06T11:01:24.692-1100] {processor.py:208} INFO - Processing /home/ouaillaamiri/Development/lsi_3/airflow/venv/lib/python3.11/site-packages/airflow/example_dags/example_trigger_controller_dag.py took 0.194 seconds
[2024-11-06T11:01:54.943-1100] {processor.py:186} INFO - Started process (PID=229555) to work on /home/ouaillaamiri/Development/lsi_3/airflow/venv/lib/python3.11/site-packages/airflow/example_dags/example_trigger_controller_dag.py
[2024-11-06T11:01:54.944-1100] {processor.py:914} INFO - Processing file /home/ouaillaamiri/Development/lsi_3/airflow/venv/lib/python3.11/site-packages/airflow/example_dags/example_trigger_controller_dag.py for tasks to queue
[2024-11-06T11:01:54.948-1100] {logging_mixin.py:190} INFO - [2024-11-06T11:01:54.947-1100] {dagbag.py:588} INFO - Filling up the DagBag from /home/ouaillaamiri/Development/lsi_3/airflow/venv/lib/python3.11/site-packages/airflow/example_dags/example_trigger_controller_dag.py
[2024-11-06T11:01:54.959-1100] {processor.py:925} INFO - DAG(s) 'example_trigger_controller_dag' retrieved from /home/ouaillaamiri/Development/lsi_3/airflow/venv/lib/python3.11/site-packages/airflow/example_dags/example_trigger_controller_dag.py
[2024-11-06T11:01:55.019-1100] {logging_mixin.py:190} INFO - [2024-11-06T11:01:55.019-1100] {dag.py:3239} INFO - Sync 1 DAGs
[2024-11-06T11:01:55.060-1100] {logging_mixin.py:190} INFO - [2024-11-06T11:01:55.059-1100] {dag.py:4180} INFO - Setting next_dagrun for example_trigger_controller_dag to 2021-01-01 00:00:00+00:00, run_after=2021-01-01 00:00:00+00:00
[2024-11-06T11:01:55.100-1100] {processor.py:208} INFO - Processing /home/ouaillaamiri/Development/lsi_3/airflow/venv/lib/python3.11/site-packages/airflow/example_dags/example_trigger_controller_dag.py took 0.167 seconds
[2024-11-06T11:02:25.475-1100] {processor.py:186} INFO - Started process (PID=230049) to work on /home/ouaillaamiri/Development/lsi_3/airflow/venv/lib/python3.11/site-packages/airflow/example_dags/example_trigger_controller_dag.py
[2024-11-06T11:02:25.477-1100] {processor.py:914} INFO - Processing file /home/ouaillaamiri/Development/lsi_3/airflow/venv/lib/python3.11/site-packages/airflow/example_dags/example_trigger_controller_dag.py for tasks to queue
[2024-11-06T11:02:25.483-1100] {logging_mixin.py:190} INFO - [2024-11-06T11:02:25.482-1100] {dagbag.py:588} INFO - Filling up the DagBag from /home/ouaillaamiri/Development/lsi_3/airflow/venv/lib/python3.11/site-packages/airflow/example_dags/example_trigger_controller_dag.py
[2024-11-06T11:02:25.495-1100] {processor.py:925} INFO - DAG(s) 'example_trigger_controller_dag' retrieved from /home/ouaillaamiri/Development/lsi_3/airflow/venv/lib/python3.11/site-packages/airflow/example_dags/example_trigger_controller_dag.py
[2024-11-06T11:02:25.566-1100] {logging_mixin.py:190} INFO - [2024-11-06T11:02:25.565-1100] {dag.py:3239} INFO - Sync 1 DAGs
[2024-11-06T11:02:25.621-1100] {logging_mixin.py:190} INFO - [2024-11-06T11:02:25.620-1100] {dag.py:4180} INFO - Setting next_dagrun for example_trigger_controller_dag to 2021-01-01 00:00:00+00:00, run_after=2021-01-01 00:00:00+00:00
[2024-11-06T11:02:25.669-1100] {processor.py:208} INFO - Processing /home/ouaillaamiri/Development/lsi_3/airflow/venv/lib/python3.11/site-packages/airflow/example_dags/example_trigger_controller_dag.py took 0.215 seconds
[2024-11-06T11:02:55.953-1100] {processor.py:186} INFO - Started process (PID=231130) to work on /home/ouaillaamiri/Development/lsi_3/airflow/venv/lib/python3.11/site-packages/airflow/example_dags/example_trigger_controller_dag.py
[2024-11-06T11:02:55.955-1100] {processor.py:914} INFO - Processing file /home/ouaillaamiri/Development/lsi_3/airflow/venv/lib/python3.11/site-packages/airflow/example_dags/example_trigger_controller_dag.py for tasks to queue
[2024-11-06T11:02:55.959-1100] {logging_mixin.py:190} INFO - [2024-11-06T11:02:55.958-1100] {dagbag.py:588} INFO - Filling up the DagBag from /home/ouaillaamiri/Development/lsi_3/airflow/venv/lib/python3.11/site-packages/airflow/example_dags/example_trigger_controller_dag.py
[2024-11-06T11:02:55.972-1100] {processor.py:925} INFO - DAG(s) 'example_trigger_controller_dag' retrieved from /home/ouaillaamiri/Development/lsi_3/airflow/venv/lib/python3.11/site-packages/airflow/example_dags/example_trigger_controller_dag.py
[2024-11-06T11:02:56.029-1100] {logging_mixin.py:190} INFO - [2024-11-06T11:02:56.028-1100] {dag.py:3239} INFO - Sync 1 DAGs
[2024-11-06T11:02:56.069-1100] {logging_mixin.py:190} INFO - [2024-11-06T11:02:56.069-1100] {dag.py:4180} INFO - Setting next_dagrun for example_trigger_controller_dag to 2021-01-01 00:00:00+00:00, run_after=2021-01-01 00:00:00+00:00
[2024-11-06T11:02:56.112-1100] {processor.py:208} INFO - Processing /home/ouaillaamiri/Development/lsi_3/airflow/venv/lib/python3.11/site-packages/airflow/example_dags/example_trigger_controller_dag.py took 0.171 seconds
[2024-11-06T11:03:26.504-1100] {processor.py:186} INFO - Started process (PID=231496) to work on /home/ouaillaamiri/Development/lsi_3/airflow/venv/lib/python3.11/site-packages/airflow/example_dags/example_trigger_controller_dag.py
[2024-11-06T11:03:26.505-1100] {processor.py:914} INFO - Processing file /home/ouaillaamiri/Development/lsi_3/airflow/venv/lib/python3.11/site-packages/airflow/example_dags/example_trigger_controller_dag.py for tasks to queue
[2024-11-06T11:03:26.511-1100] {logging_mixin.py:190} INFO - [2024-11-06T11:03:26.510-1100] {dagbag.py:588} INFO - Filling up the DagBag from /home/ouaillaamiri/Development/lsi_3/airflow/venv/lib/python3.11/site-packages/airflow/example_dags/example_trigger_controller_dag.py
[2024-11-06T11:03:26.528-1100] {processor.py:925} INFO - DAG(s) 'example_trigger_controller_dag' retrieved from /home/ouaillaamiri/Development/lsi_3/airflow/venv/lib/python3.11/site-packages/airflow/example_dags/example_trigger_controller_dag.py
[2024-11-06T11:03:26.611-1100] {logging_mixin.py:190} INFO - [2024-11-06T11:03:26.610-1100] {dag.py:3239} INFO - Sync 1 DAGs
[2024-11-06T11:03:26.668-1100] {logging_mixin.py:190} INFO - [2024-11-06T11:03:26.667-1100] {dag.py:4180} INFO - Setting next_dagrun for example_trigger_controller_dag to 2021-01-01 00:00:00+00:00, run_after=2021-01-01 00:00:00+00:00
[2024-11-06T11:03:26.715-1100] {processor.py:208} INFO - Processing /home/ouaillaamiri/Development/lsi_3/airflow/venv/lib/python3.11/site-packages/airflow/example_dags/example_trigger_controller_dag.py took 0.226 seconds
[2024-11-06T11:03:57.621-1100] {processor.py:186} INFO - Started process (PID=232172) to work on /home/ouaillaamiri/Development/lsi_3/airflow/venv/lib/python3.11/site-packages/airflow/example_dags/example_trigger_controller_dag.py
[2024-11-06T11:03:57.623-1100] {processor.py:914} INFO - Processing file /home/ouaillaamiri/Development/lsi_3/airflow/venv/lib/python3.11/site-packages/airflow/example_dags/example_trigger_controller_dag.py for tasks to queue
[2024-11-06T11:03:57.628-1100] {logging_mixin.py:190} INFO - [2024-11-06T11:03:57.627-1100] {dagbag.py:588} INFO - Filling up the DagBag from /home/ouaillaamiri/Development/lsi_3/airflow/venv/lib/python3.11/site-packages/airflow/example_dags/example_trigger_controller_dag.py
[2024-11-06T11:03:57.640-1100] {processor.py:925} INFO - DAG(s) 'example_trigger_controller_dag' retrieved from /home/ouaillaamiri/Development/lsi_3/airflow/venv/lib/python3.11/site-packages/airflow/example_dags/example_trigger_controller_dag.py
[2024-11-06T11:03:57.696-1100] {logging_mixin.py:190} INFO - [2024-11-06T11:03:57.696-1100] {dag.py:3239} INFO - Sync 1 DAGs
[2024-11-06T11:03:57.739-1100] {logging_mixin.py:190} INFO - [2024-11-06T11:03:57.738-1100] {dag.py:4180} INFO - Setting next_dagrun for example_trigger_controller_dag to 2021-01-01 00:00:00+00:00, run_after=2021-01-01 00:00:00+00:00
[2024-11-06T11:03:57.780-1100] {processor.py:208} INFO - Processing /home/ouaillaamiri/Development/lsi_3/airflow/venv/lib/python3.11/site-packages/airflow/example_dags/example_trigger_controller_dag.py took 0.169 seconds
[2024-11-06T11:04:28.188-1100] {processor.py:186} INFO - Started process (PID=232541) to work on /home/ouaillaamiri/Development/lsi_3/airflow/venv/lib/python3.11/site-packages/airflow/example_dags/example_trigger_controller_dag.py
[2024-11-06T11:04:28.189-1100] {processor.py:914} INFO - Processing file /home/ouaillaamiri/Development/lsi_3/airflow/venv/lib/python3.11/site-packages/airflow/example_dags/example_trigger_controller_dag.py for tasks to queue
[2024-11-06T11:04:28.194-1100] {logging_mixin.py:190} INFO - [2024-11-06T11:04:28.193-1100] {dagbag.py:588} INFO - Filling up the DagBag from /home/ouaillaamiri/Development/lsi_3/airflow/venv/lib/python3.11/site-packages/airflow/example_dags/example_trigger_controller_dag.py
[2024-11-06T11:04:28.205-1100] {processor.py:925} INFO - DAG(s) 'example_trigger_controller_dag' retrieved from /home/ouaillaamiri/Development/lsi_3/airflow/venv/lib/python3.11/site-packages/airflow/example_dags/example_trigger_controller_dag.py
[2024-11-06T11:04:28.259-1100] {logging_mixin.py:190} INFO - [2024-11-06T11:04:28.258-1100] {dag.py:3239} INFO - Sync 1 DAGs
[2024-11-06T11:04:28.301-1100] {logging_mixin.py:190} INFO - [2024-11-06T11:04:28.300-1100] {dag.py:4180} INFO - Setting next_dagrun for example_trigger_controller_dag to 2021-01-01 00:00:00+00:00, run_after=2021-01-01 00:00:00+00:00
[2024-11-06T11:04:28.341-1100] {processor.py:208} INFO - Processing /home/ouaillaamiri/Development/lsi_3/airflow/venv/lib/python3.11/site-packages/airflow/example_dags/example_trigger_controller_dag.py took 0.165 seconds
