[2024-11-06T10:53:28.468-1100] {processor.py:186} INFO - Started process (PID=219158) to work on /home/ouaillaamiri/Development/lsi_3/airflow/venv/lib/python3.11/site-packages/airflow/example_dags/example_short_circuit_decorator.py
[2024-11-06T10:53:28.470-1100] {processor.py:914} INFO - Processing file /home/ouaillaamiri/Development/lsi_3/airflow/venv/lib/python3.11/site-packages/airflow/example_dags/example_short_circuit_decorator.py for tasks to queue
[2024-11-06T10:53:28.477-1100] {logging_mixin.py:190} INFO - [2024-11-06T10:53:28.476-1100] {dagbag.py:588} INFO - Filling up the DagBag from /home/ouaillaamiri/Development/lsi_3/airflow/venv/lib/python3.11/site-packages/airflow/example_dags/example_short_circuit_decorator.py
[2024-11-06T10:53:28.520-1100] {processor.py:925} INFO - DAG(s) 'example_short_circuit_decorator' retrieved from /home/ouaillaamiri/Development/lsi_3/airflow/venv/lib/python3.11/site-packages/airflow/example_dags/example_short_circuit_decorator.py
[2024-11-06T10:53:28.995-1100] {logging_mixin.py:190} INFO - [2024-11-06T10:53:28.993-1100] {override.py:1911} INFO - Created Permission View: can edit on DAG:example_short_circuit_decorator
[2024-11-06T10:53:29.051-1100] {logging_mixin.py:190} INFO - [2024-11-06T10:53:29.050-1100] {override.py:1911} INFO - Created Permission View: can delete on DAG:example_short_circuit_decorator
[2024-11-06T10:53:29.089-1100] {logging_mixin.py:190} INFO - [2024-11-06T10:53:29.088-1100] {override.py:1911} INFO - Created Permission View: can read on DAG:example_short_circuit_decorator
[2024-11-06T10:53:29.119-1100] {logging_mixin.py:190} INFO - [2024-11-06T10:53:29.118-1100] {override.py:1911} INFO - Created Permission View: can delete on DAG Run:example_short_circuit_decorator
[2024-11-06T10:53:29.151-1100] {logging_mixin.py:190} INFO - [2024-11-06T10:53:29.150-1100] {override.py:1911} INFO - Created Permission View: can create on DAG Run:example_short_circuit_decorator
[2024-11-06T10:53:29.184-1100] {logging_mixin.py:190} INFO - [2024-11-06T10:53:29.183-1100] {override.py:1911} INFO - Created Permission View: menu access on DAG Run:example_short_circuit_decorator
[2024-11-06T10:53:29.217-1100] {logging_mixin.py:190} INFO - [2024-11-06T10:53:29.216-1100] {override.py:1911} INFO - Created Permission View: can read on DAG Run:example_short_circuit_decorator
[2024-11-06T10:53:29.218-1100] {logging_mixin.py:190} INFO - [2024-11-06T10:53:29.217-1100] {dag.py:3239} INFO - Sync 1 DAGs
[2024-11-06T10:53:29.266-1100] {logging_mixin.py:190} INFO - [2024-11-06T10:53:29.266-1100] {dag.py:3262} INFO - Creating ORM DAG for example_short_circuit_decorator
[2024-11-06T10:53:29.268-1100] {logging_mixin.py:190} INFO - [2024-11-06T10:53:29.268-1100] {dag.py:4180} INFO - Setting next_dagrun for example_short_circuit_decorator to None, run_after=None
[2024-11-06T10:53:29.336-1100] {processor.py:208} INFO - Processing /home/ouaillaamiri/Development/lsi_3/airflow/venv/lib/python3.11/site-packages/airflow/example_dags/example_short_circuit_decorator.py took 0.888 seconds
[2024-11-06T10:54:00.055-1100] {processor.py:186} INFO - Started process (PID=220030) to work on /home/ouaillaamiri/Development/lsi_3/airflow/venv/lib/python3.11/site-packages/airflow/example_dags/example_short_circuit_decorator.py
[2024-11-06T10:54:00.059-1100] {processor.py:914} INFO - Processing file /home/ouaillaamiri/Development/lsi_3/airflow/venv/lib/python3.11/site-packages/airflow/example_dags/example_short_circuit_decorator.py for tasks to queue
[2024-11-06T10:54:00.065-1100] {logging_mixin.py:190} INFO - [2024-11-06T10:54:00.064-1100] {dagbag.py:588} INFO - Filling up the DagBag from /home/ouaillaamiri/Development/lsi_3/airflow/venv/lib/python3.11/site-packages/airflow/example_dags/example_short_circuit_decorator.py
[2024-11-06T10:54:00.090-1100] {processor.py:925} INFO - DAG(s) 'example_short_circuit_decorator' retrieved from /home/ouaillaamiri/Development/lsi_3/airflow/venv/lib/python3.11/site-packages/airflow/example_dags/example_short_circuit_decorator.py
[2024-11-06T10:54:00.173-1100] {logging_mixin.py:190} INFO - [2024-11-06T10:54:00.172-1100] {dag.py:3239} INFO - Sync 1 DAGs
[2024-11-06T10:54:00.201-1100] {logging_mixin.py:190} INFO - [2024-11-06T10:54:00.200-1100] {dag.py:4180} INFO - Setting next_dagrun for example_short_circuit_decorator to None, run_after=None
[2024-11-06T10:54:00.241-1100] {processor.py:208} INFO - Processing /home/ouaillaamiri/Development/lsi_3/airflow/venv/lib/python3.11/site-packages/airflow/example_dags/example_short_circuit_decorator.py took 0.199 seconds
[2024-11-06T10:54:30.592-1100] {processor.py:186} INFO - Started process (PID=220553) to work on /home/ouaillaamiri/Development/lsi_3/airflow/venv/lib/python3.11/site-packages/airflow/example_dags/example_short_circuit_decorator.py
[2024-11-06T10:54:30.597-1100] {processor.py:914} INFO - Processing file /home/ouaillaamiri/Development/lsi_3/airflow/venv/lib/python3.11/site-packages/airflow/example_dags/example_short_circuit_decorator.py for tasks to queue
[2024-11-06T10:54:30.603-1100] {logging_mixin.py:190} INFO - [2024-11-06T10:54:30.601-1100] {dagbag.py:588} INFO - Filling up the DagBag from /home/ouaillaamiri/Development/lsi_3/airflow/venv/lib/python3.11/site-packages/airflow/example_dags/example_short_circuit_decorator.py
[2024-11-06T10:54:30.629-1100] {processor.py:925} INFO - DAG(s) 'example_short_circuit_decorator' retrieved from /home/ouaillaamiri/Development/lsi_3/airflow/venv/lib/python3.11/site-packages/airflow/example_dags/example_short_circuit_decorator.py
[2024-11-06T10:54:30.689-1100] {logging_mixin.py:190} INFO - [2024-11-06T10:54:30.689-1100] {dag.py:3239} INFO - Sync 1 DAGs
[2024-11-06T10:54:30.713-1100] {logging_mixin.py:190} INFO - [2024-11-06T10:54:30.713-1100] {dag.py:4180} INFO - Setting next_dagrun for example_short_circuit_decorator to None, run_after=None
[2024-11-06T10:54:30.747-1100] {processor.py:208} INFO - Processing /home/ouaillaamiri/Development/lsi_3/airflow/venv/lib/python3.11/site-packages/airflow/example_dags/example_short_circuit_decorator.py took 0.170 seconds
[2024-11-06T10:55:01.588-1100] {processor.py:186} INFO - Started process (PID=220931) to work on /home/ouaillaamiri/Development/lsi_3/airflow/venv/lib/python3.11/site-packages/airflow/example_dags/example_short_circuit_decorator.py
[2024-11-06T10:55:01.595-1100] {processor.py:914} INFO - Processing file /home/ouaillaamiri/Development/lsi_3/airflow/venv/lib/python3.11/site-packages/airflow/example_dags/example_short_circuit_decorator.py for tasks to queue
[2024-11-06T10:55:01.601-1100] {logging_mixin.py:190} INFO - [2024-11-06T10:55:01.600-1100] {dagbag.py:588} INFO - Filling up the DagBag from /home/ouaillaamiri/Development/lsi_3/airflow/venv/lib/python3.11/site-packages/airflow/example_dags/example_short_circuit_decorator.py
[2024-11-06T10:55:01.636-1100] {processor.py:925} INFO - DAG(s) 'example_short_circuit_decorator' retrieved from /home/ouaillaamiri/Development/lsi_3/airflow/venv/lib/python3.11/site-packages/airflow/example_dags/example_short_circuit_decorator.py
[2024-11-06T10:55:01.746-1100] {logging_mixin.py:190} INFO - [2024-11-06T10:55:01.746-1100] {dag.py:3239} INFO - Sync 1 DAGs
[2024-11-06T10:55:01.792-1100] {logging_mixin.py:190} INFO - [2024-11-06T10:55:01.791-1100] {dag.py:4180} INFO - Setting next_dagrun for example_short_circuit_decorator to None, run_after=None
[2024-11-06T10:55:01.849-1100] {processor.py:208} INFO - Processing /home/ouaillaamiri/Development/lsi_3/airflow/venv/lib/python3.11/site-packages/airflow/example_dags/example_short_circuit_decorator.py took 0.276 seconds
[2024-11-06T10:55:32.069-1100] {processor.py:186} INFO - Started process (PID=221616) to work on /home/ouaillaamiri/Development/lsi_3/airflow/venv/lib/python3.11/site-packages/airflow/example_dags/example_short_circuit_decorator.py
[2024-11-06T10:55:32.071-1100] {processor.py:914} INFO - Processing file /home/ouaillaamiri/Development/lsi_3/airflow/venv/lib/python3.11/site-packages/airflow/example_dags/example_short_circuit_decorator.py for tasks to queue
[2024-11-06T10:55:32.075-1100] {logging_mixin.py:190} INFO - [2024-11-06T10:55:32.074-1100] {dagbag.py:588} INFO - Filling up the DagBag from /home/ouaillaamiri/Development/lsi_3/airflow/venv/lib/python3.11/site-packages/airflow/example_dags/example_short_circuit_decorator.py
[2024-11-06T10:55:32.097-1100] {processor.py:925} INFO - DAG(s) 'example_short_circuit_decorator' retrieved from /home/ouaillaamiri/Development/lsi_3/airflow/venv/lib/python3.11/site-packages/airflow/example_dags/example_short_circuit_decorator.py
[2024-11-06T10:55:32.169-1100] {logging_mixin.py:190} INFO - [2024-11-06T10:55:32.169-1100] {dag.py:3239} INFO - Sync 1 DAGs
[2024-11-06T10:55:32.204-1100] {logging_mixin.py:190} INFO - [2024-11-06T10:55:32.204-1100] {dag.py:4180} INFO - Setting next_dagrun for example_short_circuit_decorator to None, run_after=None
[2024-11-06T10:55:32.252-1100] {processor.py:208} INFO - Processing /home/ouaillaamiri/Development/lsi_3/airflow/venv/lib/python3.11/site-packages/airflow/example_dags/example_short_circuit_decorator.py took 0.194 seconds
[2024-11-06T10:56:02.350-1100] {processor.py:186} INFO - Started process (PID=221995) to work on /home/ouaillaamiri/Development/lsi_3/airflow/venv/lib/python3.11/site-packages/airflow/example_dags/example_short_circuit_decorator.py
[2024-11-06T10:56:02.354-1100] {processor.py:914} INFO - Processing file /home/ouaillaamiri/Development/lsi_3/airflow/venv/lib/python3.11/site-packages/airflow/example_dags/example_short_circuit_decorator.py for tasks to queue
[2024-11-06T10:56:02.359-1100] {logging_mixin.py:190} INFO - [2024-11-06T10:56:02.358-1100] {dagbag.py:588} INFO - Filling up the DagBag from /home/ouaillaamiri/Development/lsi_3/airflow/venv/lib/python3.11/site-packages/airflow/example_dags/example_short_circuit_decorator.py
[2024-11-06T10:56:02.382-1100] {processor.py:925} INFO - DAG(s) 'example_short_circuit_decorator' retrieved from /home/ouaillaamiri/Development/lsi_3/airflow/venv/lib/python3.11/site-packages/airflow/example_dags/example_short_circuit_decorator.py
[2024-11-06T10:56:02.438-1100] {logging_mixin.py:190} INFO - [2024-11-06T10:56:02.438-1100] {dag.py:3239} INFO - Sync 1 DAGs
[2024-11-06T10:56:02.464-1100] {logging_mixin.py:190} INFO - [2024-11-06T10:56:02.464-1100] {dag.py:4180} INFO - Setting next_dagrun for example_short_circuit_decorator to None, run_after=None
[2024-11-06T10:56:02.501-1100] {processor.py:208} INFO - Processing /home/ouaillaamiri/Development/lsi_3/airflow/venv/lib/python3.11/site-packages/airflow/example_dags/example_short_circuit_decorator.py took 0.164 seconds
[2024-11-06T10:56:43.732-1100] {processor.py:186} INFO - Started process (PID=223057) to work on /home/ouaillaamiri/Development/lsi_3/airflow/venv/lib/python3.11/site-packages/airflow/example_dags/example_short_circuit_decorator.py
[2024-11-06T10:56:43.734-1100] {processor.py:914} INFO - Processing file /home/ouaillaamiri/Development/lsi_3/airflow/venv/lib/python3.11/site-packages/airflow/example_dags/example_short_circuit_decorator.py for tasks to queue
[2024-11-06T10:56:43.738-1100] {logging_mixin.py:190} INFO - [2024-11-06T10:56:43.737-1100] {dagbag.py:588} INFO - Filling up the DagBag from /home/ouaillaamiri/Development/lsi_3/airflow/venv/lib/python3.11/site-packages/airflow/example_dags/example_short_circuit_decorator.py
[2024-11-06T10:56:43.760-1100] {processor.py:925} INFO - DAG(s) 'example_short_circuit_decorator' retrieved from /home/ouaillaamiri/Development/lsi_3/airflow/venv/lib/python3.11/site-packages/airflow/example_dags/example_short_circuit_decorator.py
[2024-11-06T10:56:43.830-1100] {logging_mixin.py:190} INFO - [2024-11-06T10:56:43.829-1100] {dag.py:3239} INFO - Sync 1 DAGs
[2024-11-06T10:56:43.862-1100] {logging_mixin.py:190} INFO - [2024-11-06T10:56:43.862-1100] {dag.py:4180} INFO - Setting next_dagrun for example_short_circuit_decorator to None, run_after=None
[2024-11-06T10:56:43.906-1100] {processor.py:208} INFO - Processing /home/ouaillaamiri/Development/lsi_3/airflow/venv/lib/python3.11/site-packages/airflow/example_dags/example_short_circuit_decorator.py took 0.184 seconds
[2024-11-06T10:57:14.663-1100] {processor.py:186} INFO - Started process (PID=224235) to work on /home/ouaillaamiri/Development/lsi_3/airflow/venv/lib/python3.11/site-packages/airflow/example_dags/example_short_circuit_decorator.py
[2024-11-06T10:57:14.665-1100] {processor.py:914} INFO - Processing file /home/ouaillaamiri/Development/lsi_3/airflow/venv/lib/python3.11/site-packages/airflow/example_dags/example_short_circuit_decorator.py for tasks to queue
[2024-11-06T10:57:14.669-1100] {logging_mixin.py:190} INFO - [2024-11-06T10:57:14.669-1100] {dagbag.py:588} INFO - Filling up the DagBag from /home/ouaillaamiri/Development/lsi_3/airflow/venv/lib/python3.11/site-packages/airflow/example_dags/example_short_circuit_decorator.py
[2024-11-06T10:57:14.693-1100] {processor.py:925} INFO - DAG(s) 'example_short_circuit_decorator' retrieved from /home/ouaillaamiri/Development/lsi_3/airflow/venv/lib/python3.11/site-packages/airflow/example_dags/example_short_circuit_decorator.py
[2024-11-06T10:57:14.756-1100] {logging_mixin.py:190} INFO - [2024-11-06T10:57:14.756-1100] {dag.py:3239} INFO - Sync 1 DAGs
[2024-11-06T10:57:14.784-1100] {logging_mixin.py:190} INFO - [2024-11-06T10:57:14.783-1100] {dag.py:4180} INFO - Setting next_dagrun for example_short_circuit_decorator to None, run_after=None
[2024-11-06T10:57:14.819-1100] {processor.py:208} INFO - Processing /home/ouaillaamiri/Development/lsi_3/airflow/venv/lib/python3.11/site-packages/airflow/example_dags/example_short_circuit_decorator.py took 0.169 seconds
[2024-11-06T10:57:44.975-1100] {processor.py:186} INFO - Started process (PID=224937) to work on /home/ouaillaamiri/Development/lsi_3/airflow/venv/lib/python3.11/site-packages/airflow/example_dags/example_short_circuit_decorator.py
[2024-11-06T10:57:44.977-1100] {processor.py:914} INFO - Processing file /home/ouaillaamiri/Development/lsi_3/airflow/venv/lib/python3.11/site-packages/airflow/example_dags/example_short_circuit_decorator.py for tasks to queue
[2024-11-06T10:57:44.981-1100] {logging_mixin.py:190} INFO - [2024-11-06T10:57:44.980-1100] {dagbag.py:588} INFO - Filling up the DagBag from /home/ouaillaamiri/Development/lsi_3/airflow/venv/lib/python3.11/site-packages/airflow/example_dags/example_short_circuit_decorator.py
[2024-11-06T10:57:44.999-1100] {processor.py:925} INFO - DAG(s) 'example_short_circuit_decorator' retrieved from /home/ouaillaamiri/Development/lsi_3/airflow/venv/lib/python3.11/site-packages/airflow/example_dags/example_short_circuit_decorator.py
[2024-11-06T10:57:45.066-1100] {logging_mixin.py:190} INFO - [2024-11-06T10:57:45.065-1100] {dag.py:3239} INFO - Sync 1 DAGs
[2024-11-06T10:57:45.093-1100] {logging_mixin.py:190} INFO - [2024-11-06T10:57:45.092-1100] {dag.py:4180} INFO - Setting next_dagrun for example_short_circuit_decorator to None, run_after=None
[2024-11-06T10:57:45.132-1100] {processor.py:208} INFO - Processing /home/ouaillaamiri/Development/lsi_3/airflow/venv/lib/python3.11/site-packages/airflow/example_dags/example_short_circuit_decorator.py took 0.167 seconds
[2024-11-06T10:58:15.271-1100] {processor.py:186} INFO - Started process (PID=225643) to work on /home/ouaillaamiri/Development/lsi_3/airflow/venv/lib/python3.11/site-packages/airflow/example_dags/example_short_circuit_decorator.py
[2024-11-06T10:58:15.275-1100] {processor.py:914} INFO - Processing file /home/ouaillaamiri/Development/lsi_3/airflow/venv/lib/python3.11/site-packages/airflow/example_dags/example_short_circuit_decorator.py for tasks to queue
[2024-11-06T10:58:15.278-1100] {logging_mixin.py:190} INFO - [2024-11-06T10:58:15.278-1100] {dagbag.py:588} INFO - Filling up the DagBag from /home/ouaillaamiri/Development/lsi_3/airflow/venv/lib/python3.11/site-packages/airflow/example_dags/example_short_circuit_decorator.py
[2024-11-06T10:58:15.299-1100] {processor.py:925} INFO - DAG(s) 'example_short_circuit_decorator' retrieved from /home/ouaillaamiri/Development/lsi_3/airflow/venv/lib/python3.11/site-packages/airflow/example_dags/example_short_circuit_decorator.py
[2024-11-06T10:58:15.374-1100] {logging_mixin.py:190} INFO - [2024-11-06T10:58:15.374-1100] {dag.py:3239} INFO - Sync 1 DAGs
[2024-11-06T10:58:15.409-1100] {logging_mixin.py:190} INFO - [2024-11-06T10:58:15.408-1100] {dag.py:4180} INFO - Setting next_dagrun for example_short_circuit_decorator to None, run_after=None
[2024-11-06T10:58:15.465-1100] {processor.py:208} INFO - Processing /home/ouaillaamiri/Development/lsi_3/airflow/venv/lib/python3.11/site-packages/airflow/example_dags/example_short_circuit_decorator.py took 0.204 seconds
[2024-11-06T10:58:45.802-1100] {processor.py:186} INFO - Started process (PID=226360) to work on /home/ouaillaamiri/Development/lsi_3/airflow/venv/lib/python3.11/site-packages/airflow/example_dags/example_short_circuit_decorator.py
[2024-11-06T10:58:45.804-1100] {processor.py:914} INFO - Processing file /home/ouaillaamiri/Development/lsi_3/airflow/venv/lib/python3.11/site-packages/airflow/example_dags/example_short_circuit_decorator.py for tasks to queue
[2024-11-06T10:58:45.809-1100] {logging_mixin.py:190} INFO - [2024-11-06T10:58:45.807-1100] {dagbag.py:588} INFO - Filling up the DagBag from /home/ouaillaamiri/Development/lsi_3/airflow/venv/lib/python3.11/site-packages/airflow/example_dags/example_short_circuit_decorator.py
[2024-11-06T10:58:45.834-1100] {processor.py:925} INFO - DAG(s) 'example_short_circuit_decorator' retrieved from /home/ouaillaamiri/Development/lsi_3/airflow/venv/lib/python3.11/site-packages/airflow/example_dags/example_short_circuit_decorator.py
[2024-11-06T10:58:45.926-1100] {logging_mixin.py:190} INFO - [2024-11-06T10:58:45.925-1100] {dag.py:3239} INFO - Sync 1 DAGs
[2024-11-06T10:58:45.973-1100] {logging_mixin.py:190} INFO - [2024-11-06T10:58:45.973-1100] {dag.py:4180} INFO - Setting next_dagrun for example_short_circuit_decorator to None, run_after=None
[2024-11-06T10:58:46.027-1100] {processor.py:208} INFO - Processing /home/ouaillaamiri/Development/lsi_3/airflow/venv/lib/python3.11/site-packages/airflow/example_dags/example_short_circuit_decorator.py took 0.236 seconds
[2024-11-06T10:59:17.123-1100] {processor.py:186} INFO - Started process (PID=227067) to work on /home/ouaillaamiri/Development/lsi_3/airflow/venv/lib/python3.11/site-packages/airflow/example_dags/example_short_circuit_decorator.py
[2024-11-06T10:59:17.124-1100] {processor.py:914} INFO - Processing file /home/ouaillaamiri/Development/lsi_3/airflow/venv/lib/python3.11/site-packages/airflow/example_dags/example_short_circuit_decorator.py for tasks to queue
[2024-11-06T10:59:17.128-1100] {logging_mixin.py:190} INFO - [2024-11-06T10:59:17.127-1100] {dagbag.py:588} INFO - Filling up the DagBag from /home/ouaillaamiri/Development/lsi_3/airflow/venv/lib/python3.11/site-packages/airflow/example_dags/example_short_circuit_decorator.py
[2024-11-06T10:59:17.146-1100] {processor.py:925} INFO - DAG(s) 'example_short_circuit_decorator' retrieved from /home/ouaillaamiri/Development/lsi_3/airflow/venv/lib/python3.11/site-packages/airflow/example_dags/example_short_circuit_decorator.py
[2024-11-06T10:59:17.205-1100] {logging_mixin.py:190} INFO - [2024-11-06T10:59:17.204-1100] {dag.py:3239} INFO - Sync 1 DAGs
[2024-11-06T10:59:17.235-1100] {logging_mixin.py:190} INFO - [2024-11-06T10:59:17.235-1100] {dag.py:4180} INFO - Setting next_dagrun for example_short_circuit_decorator to None, run_after=None
[2024-11-06T10:59:17.275-1100] {processor.py:208} INFO - Processing /home/ouaillaamiri/Development/lsi_3/airflow/venv/lib/python3.11/site-packages/airflow/example_dags/example_short_circuit_decorator.py took 0.165 seconds
[2024-11-06T10:59:47.431-1100] {processor.py:186} INFO - Started process (PID=227459) to work on /home/ouaillaamiri/Development/lsi_3/airflow/venv/lib/python3.11/site-packages/airflow/example_dags/example_short_circuit_decorator.py
[2024-11-06T10:59:47.433-1100] {processor.py:914} INFO - Processing file /home/ouaillaamiri/Development/lsi_3/airflow/venv/lib/python3.11/site-packages/airflow/example_dags/example_short_circuit_decorator.py for tasks to queue
[2024-11-06T10:59:47.438-1100] {logging_mixin.py:190} INFO - [2024-11-06T10:59:47.438-1100] {dagbag.py:588} INFO - Filling up the DagBag from /home/ouaillaamiri/Development/lsi_3/airflow/venv/lib/python3.11/site-packages/airflow/example_dags/example_short_circuit_decorator.py
[2024-11-06T10:59:47.464-1100] {processor.py:925} INFO - DAG(s) 'example_short_circuit_decorator' retrieved from /home/ouaillaamiri/Development/lsi_3/airflow/venv/lib/python3.11/site-packages/airflow/example_dags/example_short_circuit_decorator.py
[2024-11-06T10:59:47.534-1100] {logging_mixin.py:190} INFO - [2024-11-06T10:59:47.533-1100] {dag.py:3239} INFO - Sync 1 DAGs
[2024-11-06T10:59:47.564-1100] {logging_mixin.py:190} INFO - [2024-11-06T10:59:47.564-1100] {dag.py:4180} INFO - Setting next_dagrun for example_short_circuit_decorator to None, run_after=None
[2024-11-06T10:59:47.607-1100] {processor.py:208} INFO - Processing /home/ouaillaamiri/Development/lsi_3/airflow/venv/lib/python3.11/site-packages/airflow/example_dags/example_short_circuit_decorator.py took 0.191 seconds
[2024-11-06T11:00:17.823-1100] {processor.py:186} INFO - Started process (PID=227945) to work on /home/ouaillaamiri/Development/lsi_3/airflow/venv/lib/python3.11/site-packages/airflow/example_dags/example_short_circuit_decorator.py
[2024-11-06T11:00:17.825-1100] {processor.py:914} INFO - Processing file /home/ouaillaamiri/Development/lsi_3/airflow/venv/lib/python3.11/site-packages/airflow/example_dags/example_short_circuit_decorator.py for tasks to queue
[2024-11-06T11:00:17.831-1100] {logging_mixin.py:190} INFO - [2024-11-06T11:00:17.830-1100] {dagbag.py:588} INFO - Filling up the DagBag from /home/ouaillaamiri/Development/lsi_3/airflow/venv/lib/python3.11/site-packages/airflow/example_dags/example_short_circuit_decorator.py
[2024-11-06T11:00:17.886-1100] {processor.py:925} INFO - DAG(s) 'example_short_circuit_decorator' retrieved from /home/ouaillaamiri/Development/lsi_3/airflow/venv/lib/python3.11/site-packages/airflow/example_dags/example_short_circuit_decorator.py
[2024-11-06T11:00:17.978-1100] {logging_mixin.py:190} INFO - [2024-11-06T11:00:17.978-1100] {dag.py:3239} INFO - Sync 1 DAGs
[2024-11-06T11:00:18.042-1100] {logging_mixin.py:190} INFO - [2024-11-06T11:00:18.041-1100] {dag.py:4180} INFO - Setting next_dagrun for example_short_circuit_decorator to None, run_after=None
[2024-11-06T11:00:18.142-1100] {processor.py:208} INFO - Processing /home/ouaillaamiri/Development/lsi_3/airflow/venv/lib/python3.11/site-packages/airflow/example_dags/example_short_circuit_decorator.py took 0.336 seconds
[2024-11-06T11:00:55.224-1100] {processor.py:186} INFO - Started process (PID=228639) to work on /home/ouaillaamiri/Development/lsi_3/airflow/venv/lib/python3.11/site-packages/airflow/example_dags/example_short_circuit_decorator.py
[2024-11-06T11:00:55.226-1100] {processor.py:914} INFO - Processing file /home/ouaillaamiri/Development/lsi_3/airflow/venv/lib/python3.11/site-packages/airflow/example_dags/example_short_circuit_decorator.py for tasks to queue
[2024-11-06T11:00:55.232-1100] {logging_mixin.py:190} INFO - [2024-11-06T11:00:55.231-1100] {dagbag.py:588} INFO - Filling up the DagBag from /home/ouaillaamiri/Development/lsi_3/airflow/venv/lib/python3.11/site-packages/airflow/example_dags/example_short_circuit_decorator.py
[2024-11-06T11:00:55.263-1100] {processor.py:925} INFO - DAG(s) 'example_short_circuit_decorator' retrieved from /home/ouaillaamiri/Development/lsi_3/airflow/venv/lib/python3.11/site-packages/airflow/example_dags/example_short_circuit_decorator.py
[2024-11-06T11:00:55.348-1100] {logging_mixin.py:190} INFO - [2024-11-06T11:00:55.347-1100] {dag.py:3239} INFO - Sync 1 DAGs
[2024-11-06T11:00:55.373-1100] {logging_mixin.py:190} INFO - [2024-11-06T11:00:55.372-1100] {dag.py:4180} INFO - Setting next_dagrun for example_short_circuit_decorator to None, run_after=None
[2024-11-06T11:00:55.414-1100] {processor.py:208} INFO - Processing /home/ouaillaamiri/Development/lsi_3/airflow/venv/lib/python3.11/site-packages/airflow/example_dags/example_short_circuit_decorator.py took 0.204 seconds
[2024-11-06T11:01:25.935-1100] {processor.py:186} INFO - Started process (PID=229245) to work on /home/ouaillaamiri/Development/lsi_3/airflow/venv/lib/python3.11/site-packages/airflow/example_dags/example_short_circuit_decorator.py
[2024-11-06T11:01:25.937-1100] {processor.py:914} INFO - Processing file /home/ouaillaamiri/Development/lsi_3/airflow/venv/lib/python3.11/site-packages/airflow/example_dags/example_short_circuit_decorator.py for tasks to queue
[2024-11-06T11:01:25.941-1100] {logging_mixin.py:190} INFO - [2024-11-06T11:01:25.940-1100] {dagbag.py:588} INFO - Filling up the DagBag from /home/ouaillaamiri/Development/lsi_3/airflow/venv/lib/python3.11/site-packages/airflow/example_dags/example_short_circuit_decorator.py
[2024-11-06T11:01:25.961-1100] {processor.py:925} INFO - DAG(s) 'example_short_circuit_decorator' retrieved from /home/ouaillaamiri/Development/lsi_3/airflow/venv/lib/python3.11/site-packages/airflow/example_dags/example_short_circuit_decorator.py
[2024-11-06T11:01:26.026-1100] {logging_mixin.py:190} INFO - [2024-11-06T11:01:26.026-1100] {dag.py:3239} INFO - Sync 1 DAGs
[2024-11-06T11:01:26.056-1100] {logging_mixin.py:190} INFO - [2024-11-06T11:01:26.056-1100] {dag.py:4180} INFO - Setting next_dagrun for example_short_circuit_decorator to None, run_after=None
[2024-11-06T11:01:26.095-1100] {processor.py:208} INFO - Processing /home/ouaillaamiri/Development/lsi_3/airflow/venv/lib/python3.11/site-packages/airflow/example_dags/example_short_circuit_decorator.py took 0.171 seconds
[2024-11-06T11:01:56.262-1100] {processor.py:186} INFO - Started process (PID=229616) to work on /home/ouaillaamiri/Development/lsi_3/airflow/venv/lib/python3.11/site-packages/airflow/example_dags/example_short_circuit_decorator.py
[2024-11-06T11:01:56.264-1100] {processor.py:914} INFO - Processing file /home/ouaillaamiri/Development/lsi_3/airflow/venv/lib/python3.11/site-packages/airflow/example_dags/example_short_circuit_decorator.py for tasks to queue
[2024-11-06T11:01:56.268-1100] {logging_mixin.py:190} INFO - [2024-11-06T11:01:56.267-1100] {dagbag.py:588} INFO - Filling up the DagBag from /home/ouaillaamiri/Development/lsi_3/airflow/venv/lib/python3.11/site-packages/airflow/example_dags/example_short_circuit_decorator.py
[2024-11-06T11:01:56.287-1100] {processor.py:925} INFO - DAG(s) 'example_short_circuit_decorator' retrieved from /home/ouaillaamiri/Development/lsi_3/airflow/venv/lib/python3.11/site-packages/airflow/example_dags/example_short_circuit_decorator.py
[2024-11-06T11:01:56.348-1100] {logging_mixin.py:190} INFO - [2024-11-06T11:01:56.347-1100] {dag.py:3239} INFO - Sync 1 DAGs
[2024-11-06T11:01:56.378-1100] {logging_mixin.py:190} INFO - [2024-11-06T11:01:56.378-1100] {dag.py:4180} INFO - Setting next_dagrun for example_short_circuit_decorator to None, run_after=None
[2024-11-06T11:01:56.419-1100] {processor.py:208} INFO - Processing /home/ouaillaamiri/Development/lsi_3/airflow/venv/lib/python3.11/site-packages/airflow/example_dags/example_short_circuit_decorator.py took 0.168 seconds
[2024-11-06T11:02:26.943-1100] {processor.py:186} INFO - Started process (PID=230210) to work on /home/ouaillaamiri/Development/lsi_3/airflow/venv/lib/python3.11/site-packages/airflow/example_dags/example_short_circuit_decorator.py
[2024-11-06T11:02:26.945-1100] {processor.py:914} INFO - Processing file /home/ouaillaamiri/Development/lsi_3/airflow/venv/lib/python3.11/site-packages/airflow/example_dags/example_short_circuit_decorator.py for tasks to queue
[2024-11-06T11:02:26.949-1100] {logging_mixin.py:190} INFO - [2024-11-06T11:02:26.949-1100] {dagbag.py:588} INFO - Filling up the DagBag from /home/ouaillaamiri/Development/lsi_3/airflow/venv/lib/python3.11/site-packages/airflow/example_dags/example_short_circuit_decorator.py
[2024-11-06T11:02:26.969-1100] {processor.py:925} INFO - DAG(s) 'example_short_circuit_decorator' retrieved from /home/ouaillaamiri/Development/lsi_3/airflow/venv/lib/python3.11/site-packages/airflow/example_dags/example_short_circuit_decorator.py
[2024-11-06T11:02:27.034-1100] {logging_mixin.py:190} INFO - [2024-11-06T11:02:27.033-1100] {dag.py:3239} INFO - Sync 1 DAGs
[2024-11-06T11:02:27.065-1100] {logging_mixin.py:190} INFO - [2024-11-06T11:02:27.065-1100] {dag.py:4180} INFO - Setting next_dagrun for example_short_circuit_decorator to None, run_after=None
[2024-11-06T11:02:27.105-1100] {processor.py:208} INFO - Processing /home/ouaillaamiri/Development/lsi_3/airflow/venv/lib/python3.11/site-packages/airflow/example_dags/example_short_circuit_decorator.py took 0.174 seconds
[2024-11-06T11:02:57.695-1100] {processor.py:186} INFO - Started process (PID=231196) to work on /home/ouaillaamiri/Development/lsi_3/airflow/venv/lib/python3.11/site-packages/airflow/example_dags/example_short_circuit_decorator.py
[2024-11-06T11:02:57.699-1100] {processor.py:914} INFO - Processing file /home/ouaillaamiri/Development/lsi_3/airflow/venv/lib/python3.11/site-packages/airflow/example_dags/example_short_circuit_decorator.py for tasks to queue
[2024-11-06T11:02:57.704-1100] {logging_mixin.py:190} INFO - [2024-11-06T11:02:57.704-1100] {dagbag.py:588} INFO - Filling up the DagBag from /home/ouaillaamiri/Development/lsi_3/airflow/venv/lib/python3.11/site-packages/airflow/example_dags/example_short_circuit_decorator.py
[2024-11-06T11:02:57.730-1100] {processor.py:925} INFO - DAG(s) 'example_short_circuit_decorator' retrieved from /home/ouaillaamiri/Development/lsi_3/airflow/venv/lib/python3.11/site-packages/airflow/example_dags/example_short_circuit_decorator.py
[2024-11-06T11:02:57.797-1100] {logging_mixin.py:190} INFO - [2024-11-06T11:02:57.796-1100] {dag.py:3239} INFO - Sync 1 DAGs
[2024-11-06T11:02:57.825-1100] {logging_mixin.py:190} INFO - [2024-11-06T11:02:57.825-1100] {dag.py:4180} INFO - Setting next_dagrun for example_short_circuit_decorator to None, run_after=None
[2024-11-06T11:02:57.864-1100] {processor.py:208} INFO - Processing /home/ouaillaamiri/Development/lsi_3/airflow/venv/lib/python3.11/site-packages/airflow/example_dags/example_short_circuit_decorator.py took 0.184 seconds
[2024-11-06T11:03:28.231-1100] {processor.py:186} INFO - Started process (PID=231557) to work on /home/ouaillaamiri/Development/lsi_3/airflow/venv/lib/python3.11/site-packages/airflow/example_dags/example_short_circuit_decorator.py
[2024-11-06T11:03:28.233-1100] {processor.py:914} INFO - Processing file /home/ouaillaamiri/Development/lsi_3/airflow/venv/lib/python3.11/site-packages/airflow/example_dags/example_short_circuit_decorator.py for tasks to queue
[2024-11-06T11:03:28.237-1100] {logging_mixin.py:190} INFO - [2024-11-06T11:03:28.237-1100] {dagbag.py:588} INFO - Filling up the DagBag from /home/ouaillaamiri/Development/lsi_3/airflow/venv/lib/python3.11/site-packages/airflow/example_dags/example_short_circuit_decorator.py
[2024-11-06T11:03:28.259-1100] {processor.py:925} INFO - DAG(s) 'example_short_circuit_decorator' retrieved from /home/ouaillaamiri/Development/lsi_3/airflow/venv/lib/python3.11/site-packages/airflow/example_dags/example_short_circuit_decorator.py
[2024-11-06T11:03:28.327-1100] {logging_mixin.py:190} INFO - [2024-11-06T11:03:28.325-1100] {dag.py:3239} INFO - Sync 1 DAGs
[2024-11-06T11:03:28.369-1100] {logging_mixin.py:190} INFO - [2024-11-06T11:03:28.368-1100] {dag.py:4180} INFO - Setting next_dagrun for example_short_circuit_decorator to None, run_after=None
[2024-11-06T11:03:28.418-1100] {processor.py:208} INFO - Processing /home/ouaillaamiri/Development/lsi_3/airflow/venv/lib/python3.11/site-packages/airflow/example_dags/example_short_circuit_decorator.py took 0.200 seconds
[2024-11-06T11:03:58.952-1100] {processor.py:186} INFO - Started process (PID=232234) to work on /home/ouaillaamiri/Development/lsi_3/airflow/venv/lib/python3.11/site-packages/airflow/example_dags/example_short_circuit_decorator.py
[2024-11-06T11:03:58.954-1100] {processor.py:914} INFO - Processing file /home/ouaillaamiri/Development/lsi_3/airflow/venv/lib/python3.11/site-packages/airflow/example_dags/example_short_circuit_decorator.py for tasks to queue
[2024-11-06T11:03:58.958-1100] {logging_mixin.py:190} INFO - [2024-11-06T11:03:58.958-1100] {dagbag.py:588} INFO - Filling up the DagBag from /home/ouaillaamiri/Development/lsi_3/airflow/venv/lib/python3.11/site-packages/airflow/example_dags/example_short_circuit_decorator.py
[2024-11-06T11:03:58.978-1100] {processor.py:925} INFO - DAG(s) 'example_short_circuit_decorator' retrieved from /home/ouaillaamiri/Development/lsi_3/airflow/venv/lib/python3.11/site-packages/airflow/example_dags/example_short_circuit_decorator.py
[2024-11-06T11:03:59.035-1100] {logging_mixin.py:190} INFO - [2024-11-06T11:03:59.034-1100] {dag.py:3239} INFO - Sync 1 DAGs
[2024-11-06T11:03:59.061-1100] {logging_mixin.py:190} INFO - [2024-11-06T11:03:59.060-1100] {dag.py:4180} INFO - Setting next_dagrun for example_short_circuit_decorator to None, run_after=None
[2024-11-06T11:03:59.099-1100] {processor.py:208} INFO - Processing /home/ouaillaamiri/Development/lsi_3/airflow/venv/lib/python3.11/site-packages/airflow/example_dags/example_short_circuit_decorator.py took 0.158 seconds
[2024-11-06T11:04:29.601-1100] {processor.py:186} INFO - Started process (PID=232606) to work on /home/ouaillaamiri/Development/lsi_3/airflow/venv/lib/python3.11/site-packages/airflow/example_dags/example_short_circuit_decorator.py
[2024-11-06T11:04:29.603-1100] {processor.py:914} INFO - Processing file /home/ouaillaamiri/Development/lsi_3/airflow/venv/lib/python3.11/site-packages/airflow/example_dags/example_short_circuit_decorator.py for tasks to queue
[2024-11-06T11:04:29.607-1100] {logging_mixin.py:190} INFO - [2024-11-06T11:04:29.606-1100] {dagbag.py:588} INFO - Filling up the DagBag from /home/ouaillaamiri/Development/lsi_3/airflow/venv/lib/python3.11/site-packages/airflow/example_dags/example_short_circuit_decorator.py
[2024-11-06T11:04:29.626-1100] {processor.py:925} INFO - DAG(s) 'example_short_circuit_decorator' retrieved from /home/ouaillaamiri/Development/lsi_3/airflow/venv/lib/python3.11/site-packages/airflow/example_dags/example_short_circuit_decorator.py
[2024-11-06T11:04:29.697-1100] {logging_mixin.py:190} INFO - [2024-11-06T11:04:29.697-1100] {dag.py:3239} INFO - Sync 1 DAGs
[2024-11-06T11:04:29.725-1100] {logging_mixin.py:190} INFO - [2024-11-06T11:04:29.725-1100] {dag.py:4180} INFO - Setting next_dagrun for example_short_circuit_decorator to None, run_after=None
[2024-11-06T11:04:29.774-1100] {processor.py:208} INFO - Processing /home/ouaillaamiri/Development/lsi_3/airflow/venv/lib/python3.11/site-packages/airflow/example_dags/example_short_circuit_decorator.py took 0.184 seconds
