[2024-11-06T10:53:36.186-1100] {processor.py:186} INFO - Started process (PID=219590) to work on /home/ouaillaamiri/Development/lsi_3/airflow/venv/lib/python3.11/site-packages/airflow/example_dags/example_dataset_alias.py
[2024-11-06T10:53:36.188-1100] {processor.py:914} INFO - Processing file /home/ouaillaamiri/Development/lsi_3/airflow/venv/lib/python3.11/site-packages/airflow/example_dags/example_dataset_alias.py for tasks to queue
[2024-11-06T10:53:36.192-1100] {logging_mixin.py:190} INFO - [2024-11-06T10:53:36.191-1100] {dagbag.py:588} INFO - Filling up the DagBag from /home/ouaillaamiri/Development/lsi_3/airflow/venv/lib/python3.11/site-packages/airflow/example_dags/example_dataset_alias.py
[2024-11-06T10:53:36.254-1100] {processor.py:925} INFO - DAG(s) 'dataset_alias_example_alias_consumer', 'dataset_alias_example_alias_producer', 'dataset_s3_bucket_producer', 'dataset_s3_bucket_consumer' retrieved from /home/ouaillaamiri/Development/lsi_3/airflow/venv/lib/python3.11/site-packages/airflow/example_dags/example_dataset_alias.py
[2024-11-06T10:53:36.414-1100] {logging_mixin.py:190} INFO - [2024-11-06T10:53:36.412-1100] {override.py:1911} INFO - Created Permission View: can edit on DAG:dataset_alias_example_alias_consumer
[2024-11-06T10:53:36.434-1100] {logging_mixin.py:190} INFO - [2024-11-06T10:53:36.433-1100] {override.py:1911} INFO - Created Permission View: can delete on DAG:dataset_alias_example_alias_consumer
[2024-11-06T10:53:36.449-1100] {logging_mixin.py:190} INFO - [2024-11-06T10:53:36.448-1100] {override.py:1911} INFO - Created Permission View: can read on DAG:dataset_alias_example_alias_consumer
[2024-11-06T10:53:36.463-1100] {logging_mixin.py:190} INFO - [2024-11-06T10:53:36.462-1100] {override.py:1911} INFO - Created Permission View: can delete on DAG Run:dataset_alias_example_alias_consumer
[2024-11-06T10:53:36.478-1100] {logging_mixin.py:190} INFO - [2024-11-06T10:53:36.477-1100] {override.py:1911} INFO - Created Permission View: can create on DAG Run:dataset_alias_example_alias_consumer
[2024-11-06T10:53:36.489-1100] {logging_mixin.py:190} INFO - [2024-11-06T10:53:36.488-1100] {override.py:1911} INFO - Created Permission View: menu access on DAG Run:dataset_alias_example_alias_consumer
[2024-11-06T10:53:36.501-1100] {logging_mixin.py:190} INFO - [2024-11-06T10:53:36.500-1100] {override.py:1911} INFO - Created Permission View: can read on DAG Run:dataset_alias_example_alias_consumer
[2024-11-06T10:53:36.529-1100] {logging_mixin.py:190} INFO - [2024-11-06T10:53:36.529-1100] {override.py:1911} INFO - Created Permission View: can edit on DAG:dataset_alias_example_alias_producer
[2024-11-06T10:53:36.542-1100] {logging_mixin.py:190} INFO - [2024-11-06T10:53:36.541-1100] {override.py:1911} INFO - Created Permission View: can delete on DAG:dataset_alias_example_alias_producer
[2024-11-06T10:53:36.556-1100] {logging_mixin.py:190} INFO - [2024-11-06T10:53:36.555-1100] {override.py:1911} INFO - Created Permission View: can read on DAG:dataset_alias_example_alias_producer
[2024-11-06T10:53:36.570-1100] {logging_mixin.py:190} INFO - [2024-11-06T10:53:36.569-1100] {override.py:1911} INFO - Created Permission View: can delete on DAG Run:dataset_alias_example_alias_producer
[2024-11-06T10:53:36.587-1100] {logging_mixin.py:190} INFO - [2024-11-06T10:53:36.586-1100] {override.py:1911} INFO - Created Permission View: can create on DAG Run:dataset_alias_example_alias_producer
[2024-11-06T10:53:36.602-1100] {logging_mixin.py:190} INFO - [2024-11-06T10:53:36.602-1100] {override.py:1911} INFO - Created Permission View: menu access on DAG Run:dataset_alias_example_alias_producer
[2024-11-06T10:53:36.621-1100] {logging_mixin.py:190} INFO - [2024-11-06T10:53:36.620-1100] {override.py:1911} INFO - Created Permission View: can read on DAG Run:dataset_alias_example_alias_producer
[2024-11-06T10:53:36.644-1100] {logging_mixin.py:190} INFO - [2024-11-06T10:53:36.643-1100] {override.py:1911} INFO - Created Permission View: can edit on DAG:dataset_s3_bucket_producer
[2024-11-06T10:53:36.655-1100] {logging_mixin.py:190} INFO - [2024-11-06T10:53:36.654-1100] {override.py:1911} INFO - Created Permission View: can delete on DAG:dataset_s3_bucket_producer
[2024-11-06T10:53:36.667-1100] {logging_mixin.py:190} INFO - [2024-11-06T10:53:36.667-1100] {override.py:1911} INFO - Created Permission View: can read on DAG:dataset_s3_bucket_producer
[2024-11-06T10:53:36.683-1100] {logging_mixin.py:190} INFO - [2024-11-06T10:53:36.682-1100] {override.py:1911} INFO - Created Permission View: can delete on DAG Run:dataset_s3_bucket_producer
[2024-11-06T10:53:36.700-1100] {logging_mixin.py:190} INFO - [2024-11-06T10:53:36.699-1100] {override.py:1911} INFO - Created Permission View: can create on DAG Run:dataset_s3_bucket_producer
[2024-11-06T10:53:36.715-1100] {logging_mixin.py:190} INFO - [2024-11-06T10:53:36.715-1100] {override.py:1911} INFO - Created Permission View: menu access on DAG Run:dataset_s3_bucket_producer
[2024-11-06T10:53:36.730-1100] {logging_mixin.py:190} INFO - [2024-11-06T10:53:36.730-1100] {override.py:1911} INFO - Created Permission View: can read on DAG Run:dataset_s3_bucket_producer
[2024-11-06T10:53:36.759-1100] {logging_mixin.py:190} INFO - [2024-11-06T10:53:36.759-1100] {override.py:1911} INFO - Created Permission View: can edit on DAG:dataset_s3_bucket_consumer
[2024-11-06T10:53:36.776-1100] {logging_mixin.py:190} INFO - [2024-11-06T10:53:36.775-1100] {override.py:1911} INFO - Created Permission View: can delete on DAG:dataset_s3_bucket_consumer
[2024-11-06T10:53:36.790-1100] {logging_mixin.py:190} INFO - [2024-11-06T10:53:36.790-1100] {override.py:1911} INFO - Created Permission View: can read on DAG:dataset_s3_bucket_consumer
[2024-11-06T10:53:36.809-1100] {logging_mixin.py:190} INFO - [2024-11-06T10:53:36.808-1100] {override.py:1911} INFO - Created Permission View: can delete on DAG Run:dataset_s3_bucket_consumer
[2024-11-06T10:53:36.824-1100] {logging_mixin.py:190} INFO - [2024-11-06T10:53:36.824-1100] {override.py:1911} INFO - Created Permission View: can create on DAG Run:dataset_s3_bucket_consumer
[2024-11-06T10:53:36.842-1100] {logging_mixin.py:190} INFO - [2024-11-06T10:53:36.841-1100] {override.py:1911} INFO - Created Permission View: menu access on DAG Run:dataset_s3_bucket_consumer
[2024-11-06T10:53:36.856-1100] {logging_mixin.py:190} INFO - [2024-11-06T10:53:36.856-1100] {override.py:1911} INFO - Created Permission View: can read on DAG Run:dataset_s3_bucket_consumer
[2024-11-06T10:53:36.857-1100] {logging_mixin.py:190} INFO - [2024-11-06T10:53:36.857-1100] {dag.py:3239} INFO - Sync 4 DAGs
[2024-11-06T10:53:36.892-1100] {logging_mixin.py:190} INFO - [2024-11-06T10:53:36.891-1100] {dag.py:3262} INFO - Creating ORM DAG for dataset_alias_example_alias_consumer
[2024-11-06T10:53:36.894-1100] {logging_mixin.py:190} INFO - [2024-11-06T10:53:36.893-1100] {dag.py:3262} INFO - Creating ORM DAG for dataset_alias_example_alias_producer
[2024-11-06T10:53:36.896-1100] {logging_mixin.py:190} INFO - [2024-11-06T10:53:36.895-1100] {dag.py:3262} INFO - Creating ORM DAG for dataset_s3_bucket_producer
[2024-11-06T10:53:36.897-1100] {logging_mixin.py:190} INFO - [2024-11-06T10:53:36.897-1100] {dag.py:3262} INFO - Creating ORM DAG for dataset_s3_bucket_consumer
[2024-11-06T10:53:36.921-1100] {logging_mixin.py:190} INFO - [2024-11-06T10:53:36.920-1100] {dag.py:4180} INFO - Setting next_dagrun for dataset_alias_example_alias_consumer to None, run_after=None
[2024-11-06T10:53:36.924-1100] {logging_mixin.py:190} INFO - [2024-11-06T10:53:36.923-1100] {dag.py:4180} INFO - Setting next_dagrun for dataset_alias_example_alias_producer to None, run_after=None
[2024-11-06T10:53:36.925-1100] {logging_mixin.py:190} INFO - [2024-11-06T10:53:36.925-1100] {dag.py:4180} INFO - Setting next_dagrun for dataset_s3_bucket_consumer to None, run_after=None
[2024-11-06T10:53:36.927-1100] {logging_mixin.py:190} INFO - [2024-11-06T10:53:36.926-1100] {dag.py:4180} INFO - Setting next_dagrun for dataset_s3_bucket_producer to None, run_after=None
[2024-11-06T10:53:37.004-1100] {processor.py:208} INFO - Processing /home/ouaillaamiri/Development/lsi_3/airflow/venv/lib/python3.11/site-packages/airflow/example_dags/example_dataset_alias.py took 0.828 seconds
[2024-11-06T10:54:07.840-1100] {processor.py:186} INFO - Started process (PID=220321) to work on /home/ouaillaamiri/Development/lsi_3/airflow/venv/lib/python3.11/site-packages/airflow/example_dags/example_dataset_alias.py
[2024-11-06T10:54:07.844-1100] {processor.py:914} INFO - Processing file /home/ouaillaamiri/Development/lsi_3/airflow/venv/lib/python3.11/site-packages/airflow/example_dags/example_dataset_alias.py for tasks to queue
[2024-11-06T10:54:07.848-1100] {logging_mixin.py:190} INFO - [2024-11-06T10:54:07.847-1100] {dagbag.py:588} INFO - Filling up the DagBag from /home/ouaillaamiri/Development/lsi_3/airflow/venv/lib/python3.11/site-packages/airflow/example_dags/example_dataset_alias.py
[2024-11-06T10:54:07.920-1100] {processor.py:925} INFO - DAG(s) 'dataset_alias_example_alias_consumer', 'dataset_s3_bucket_producer', 'dataset_alias_example_alias_producer', 'dataset_s3_bucket_consumer' retrieved from /home/ouaillaamiri/Development/lsi_3/airflow/venv/lib/python3.11/site-packages/airflow/example_dags/example_dataset_alias.py
[2024-11-06T10:54:07.964-1100] {logging_mixin.py:190} INFO - [2024-11-06T10:54:07.964-1100] {dag.py:3239} INFO - Sync 4 DAGs
[2024-11-06T10:54:08.016-1100] {logging_mixin.py:190} INFO - [2024-11-06T10:54:08.015-1100] {dag.py:4180} INFO - Setting next_dagrun for dataset_alias_example_alias_consumer to None, run_after=None
[2024-11-06T10:54:08.022-1100] {logging_mixin.py:190} INFO - [2024-11-06T10:54:08.022-1100] {dag.py:4180} INFO - Setting next_dagrun for dataset_alias_example_alias_producer to None, run_after=None
[2024-11-06T10:54:08.026-1100] {logging_mixin.py:190} INFO - [2024-11-06T10:54:08.025-1100] {dag.py:4180} INFO - Setting next_dagrun for dataset_s3_bucket_consumer to None, run_after=None
[2024-11-06T10:54:08.029-1100] {logging_mixin.py:190} INFO - [2024-11-06T10:54:08.028-1100] {dag.py:4180} INFO - Setting next_dagrun for dataset_s3_bucket_producer to None, run_after=None
[2024-11-06T10:54:08.071-1100] {processor.py:208} INFO - Processing /home/ouaillaamiri/Development/lsi_3/airflow/venv/lib/python3.11/site-packages/airflow/example_dags/example_dataset_alias.py took 0.240 seconds
[2024-11-06T10:54:38.312-1100] {processor.py:186} INFO - Started process (PID=220690) to work on /home/ouaillaamiri/Development/lsi_3/airflow/venv/lib/python3.11/site-packages/airflow/example_dags/example_dataset_alias.py
[2024-11-06T10:54:38.316-1100] {processor.py:914} INFO - Processing file /home/ouaillaamiri/Development/lsi_3/airflow/venv/lib/python3.11/site-packages/airflow/example_dags/example_dataset_alias.py for tasks to queue
[2024-11-06T10:54:38.322-1100] {logging_mixin.py:190} INFO - [2024-11-06T10:54:38.321-1100] {dagbag.py:588} INFO - Filling up the DagBag from /home/ouaillaamiri/Development/lsi_3/airflow/venv/lib/python3.11/site-packages/airflow/example_dags/example_dataset_alias.py
[2024-11-06T10:54:38.398-1100] {processor.py:925} INFO - DAG(s) 'dataset_s3_bucket_consumer', 'dataset_alias_example_alias_producer', 'dataset_alias_example_alias_consumer', 'dataset_s3_bucket_producer' retrieved from /home/ouaillaamiri/Development/lsi_3/airflow/venv/lib/python3.11/site-packages/airflow/example_dags/example_dataset_alias.py
[2024-11-06T10:54:38.438-1100] {logging_mixin.py:190} INFO - [2024-11-06T10:54:38.438-1100] {dag.py:3239} INFO - Sync 4 DAGs
[2024-11-06T10:54:38.480-1100] {logging_mixin.py:190} INFO - [2024-11-06T10:54:38.480-1100] {dag.py:4180} INFO - Setting next_dagrun for dataset_alias_example_alias_consumer to None, run_after=None
[2024-11-06T10:54:38.485-1100] {logging_mixin.py:190} INFO - [2024-11-06T10:54:38.485-1100] {dag.py:4180} INFO - Setting next_dagrun for dataset_alias_example_alias_producer to None, run_after=None
[2024-11-06T10:54:38.488-1100] {logging_mixin.py:190} INFO - [2024-11-06T10:54:38.488-1100] {dag.py:4180} INFO - Setting next_dagrun for dataset_s3_bucket_consumer to None, run_after=None
[2024-11-06T10:54:38.491-1100] {logging_mixin.py:190} INFO - [2024-11-06T10:54:38.490-1100] {dag.py:4180} INFO - Setting next_dagrun for dataset_s3_bucket_producer to None, run_after=None
[2024-11-06T10:54:38.529-1100] {processor.py:208} INFO - Processing /home/ouaillaamiri/Development/lsi_3/airflow/venv/lib/python3.11/site-packages/airflow/example_dags/example_dataset_alias.py took 0.231 seconds
[2024-11-06T10:55:08.666-1100] {processor.py:186} INFO - Started process (PID=221292) to work on /home/ouaillaamiri/Development/lsi_3/airflow/venv/lib/python3.11/site-packages/airflow/example_dags/example_dataset_alias.py
[2024-11-06T10:55:08.671-1100] {processor.py:914} INFO - Processing file /home/ouaillaamiri/Development/lsi_3/airflow/venv/lib/python3.11/site-packages/airflow/example_dags/example_dataset_alias.py for tasks to queue
[2024-11-06T10:55:08.677-1100] {logging_mixin.py:190} INFO - [2024-11-06T10:55:08.676-1100] {dagbag.py:588} INFO - Filling up the DagBag from /home/ouaillaamiri/Development/lsi_3/airflow/venv/lib/python3.11/site-packages/airflow/example_dags/example_dataset_alias.py
[2024-11-06T10:55:08.760-1100] {processor.py:925} INFO - DAG(s) 'dataset_alias_example_alias_consumer', 'dataset_s3_bucket_consumer', 'dataset_alias_example_alias_producer', 'dataset_s3_bucket_producer' retrieved from /home/ouaillaamiri/Development/lsi_3/airflow/venv/lib/python3.11/site-packages/airflow/example_dags/example_dataset_alias.py
[2024-11-06T10:55:08.816-1100] {logging_mixin.py:190} INFO - [2024-11-06T10:55:08.816-1100] {dag.py:3239} INFO - Sync 4 DAGs
[2024-11-06T10:55:08.860-1100] {logging_mixin.py:190} INFO - [2024-11-06T10:55:08.859-1100] {dag.py:4180} INFO - Setting next_dagrun for dataset_alias_example_alias_consumer to None, run_after=None
[2024-11-06T10:55:08.865-1100] {logging_mixin.py:190} INFO - [2024-11-06T10:55:08.865-1100] {dag.py:4180} INFO - Setting next_dagrun for dataset_alias_example_alias_producer to None, run_after=None
[2024-11-06T10:55:08.871-1100] {logging_mixin.py:190} INFO - [2024-11-06T10:55:08.870-1100] {dag.py:4180} INFO - Setting next_dagrun for dataset_s3_bucket_consumer to None, run_after=None
[2024-11-06T10:55:08.874-1100] {logging_mixin.py:190} INFO - [2024-11-06T10:55:08.873-1100] {dag.py:4180} INFO - Setting next_dagrun for dataset_s3_bucket_producer to None, run_after=None
[2024-11-06T10:55:08.925-1100] {processor.py:208} INFO - Processing /home/ouaillaamiri/Development/lsi_3/airflow/venv/lib/python3.11/site-packages/airflow/example_dags/example_dataset_alias.py took 0.274 seconds
[2024-11-06T10:55:39.260-1100] {processor.py:186} INFO - Started process (PID=221757) to work on /home/ouaillaamiri/Development/lsi_3/airflow/venv/lib/python3.11/site-packages/airflow/example_dags/example_dataset_alias.py
[2024-11-06T10:55:39.262-1100] {processor.py:914} INFO - Processing file /home/ouaillaamiri/Development/lsi_3/airflow/venv/lib/python3.11/site-packages/airflow/example_dags/example_dataset_alias.py for tasks to queue
[2024-11-06T10:55:39.267-1100] {logging_mixin.py:190} INFO - [2024-11-06T10:55:39.266-1100] {dagbag.py:588} INFO - Filling up the DagBag from /home/ouaillaamiri/Development/lsi_3/airflow/venv/lib/python3.11/site-packages/airflow/example_dags/example_dataset_alias.py
[2024-11-06T10:55:39.366-1100] {processor.py:925} INFO - DAG(s) 'dataset_s3_bucket_producer', 'dataset_s3_bucket_consumer', 'dataset_alias_example_alias_producer', 'dataset_alias_example_alias_consumer' retrieved from /home/ouaillaamiri/Development/lsi_3/airflow/venv/lib/python3.11/site-packages/airflow/example_dags/example_dataset_alias.py
[2024-11-06T10:55:39.418-1100] {logging_mixin.py:190} INFO - [2024-11-06T10:55:39.417-1100] {dag.py:3239} INFO - Sync 4 DAGs
[2024-11-06T10:55:39.473-1100] {logging_mixin.py:190} INFO - [2024-11-06T10:55:39.472-1100] {dag.py:4180} INFO - Setting next_dagrun for dataset_alias_example_alias_consumer to None, run_after=None
[2024-11-06T10:55:39.482-1100] {logging_mixin.py:190} INFO - [2024-11-06T10:55:39.481-1100] {dag.py:4180} INFO - Setting next_dagrun for dataset_alias_example_alias_producer to None, run_after=None
[2024-11-06T10:55:39.487-1100] {logging_mixin.py:190} INFO - [2024-11-06T10:55:39.487-1100] {dag.py:4180} INFO - Setting next_dagrun for dataset_s3_bucket_consumer to None, run_after=None
[2024-11-06T10:55:39.492-1100] {logging_mixin.py:190} INFO - [2024-11-06T10:55:39.491-1100] {dag.py:4180} INFO - Setting next_dagrun for dataset_s3_bucket_producer to None, run_after=None
[2024-11-06T10:55:39.548-1100] {processor.py:208} INFO - Processing /home/ouaillaamiri/Development/lsi_3/airflow/venv/lib/python3.11/site-packages/airflow/example_dags/example_dataset_alias.py took 0.299 seconds
[2024-11-06T10:56:09.894-1100] {processor.py:186} INFO - Started process (PID=222140) to work on /home/ouaillaamiri/Development/lsi_3/airflow/venv/lib/python3.11/site-packages/airflow/example_dags/example_dataset_alias.py
[2024-11-06T10:56:09.898-1100] {processor.py:914} INFO - Processing file /home/ouaillaamiri/Development/lsi_3/airflow/venv/lib/python3.11/site-packages/airflow/example_dags/example_dataset_alias.py for tasks to queue
[2024-11-06T10:56:09.904-1100] {logging_mixin.py:190} INFO - [2024-11-06T10:56:09.902-1100] {dagbag.py:588} INFO - Filling up the DagBag from /home/ouaillaamiri/Development/lsi_3/airflow/venv/lib/python3.11/site-packages/airflow/example_dags/example_dataset_alias.py
[2024-11-06T10:56:09.994-1100] {processor.py:925} INFO - DAG(s) 'dataset_alias_example_alias_consumer', 'dataset_s3_bucket_consumer', 'dataset_s3_bucket_producer', 'dataset_alias_example_alias_producer' retrieved from /home/ouaillaamiri/Development/lsi_3/airflow/venv/lib/python3.11/site-packages/airflow/example_dags/example_dataset_alias.py
[2024-11-06T10:56:10.046-1100] {logging_mixin.py:190} INFO - [2024-11-06T10:56:10.045-1100] {dag.py:3239} INFO - Sync 4 DAGs
[2024-11-06T10:56:10.097-1100] {logging_mixin.py:190} INFO - [2024-11-06T10:56:10.096-1100] {dag.py:4180} INFO - Setting next_dagrun for dataset_alias_example_alias_consumer to None, run_after=None
[2024-11-06T10:56:10.104-1100] {logging_mixin.py:190} INFO - [2024-11-06T10:56:10.103-1100] {dag.py:4180} INFO - Setting next_dagrun for dataset_alias_example_alias_producer to None, run_after=None
[2024-11-06T10:56:10.107-1100] {logging_mixin.py:190} INFO - [2024-11-06T10:56:10.107-1100] {dag.py:4180} INFO - Setting next_dagrun for dataset_s3_bucket_consumer to None, run_after=None
[2024-11-06T10:56:10.110-1100] {logging_mixin.py:190} INFO - [2024-11-06T10:56:10.110-1100] {dag.py:4180} INFO - Setting next_dagrun for dataset_s3_bucket_producer to None, run_after=None
[2024-11-06T10:56:10.164-1100] {processor.py:208} INFO - Processing /home/ouaillaamiri/Development/lsi_3/airflow/venv/lib/python3.11/site-packages/airflow/example_dags/example_dataset_alias.py took 0.285 seconds
[2024-11-06T10:56:46.928-1100] {processor.py:186} INFO - Started process (PID=223331) to work on /home/ouaillaamiri/Development/lsi_3/airflow/venv/lib/python3.11/site-packages/airflow/example_dags/example_dataset_alias.py
[2024-11-06T10:56:46.930-1100] {processor.py:914} INFO - Processing file /home/ouaillaamiri/Development/lsi_3/airflow/venv/lib/python3.11/site-packages/airflow/example_dags/example_dataset_alias.py for tasks to queue
[2024-11-06T10:56:46.938-1100] {logging_mixin.py:190} INFO - [2024-11-06T10:56:46.937-1100] {dagbag.py:588} INFO - Filling up the DagBag from /home/ouaillaamiri/Development/lsi_3/airflow/venv/lib/python3.11/site-packages/airflow/example_dags/example_dataset_alias.py
[2024-11-06T10:56:47.019-1100] {processor.py:925} INFO - DAG(s) 'dataset_s3_bucket_consumer', 'dataset_alias_example_alias_consumer', 'dataset_alias_example_alias_producer', 'dataset_s3_bucket_producer' retrieved from /home/ouaillaamiri/Development/lsi_3/airflow/venv/lib/python3.11/site-packages/airflow/example_dags/example_dataset_alias.py
[2024-11-06T10:56:47.076-1100] {logging_mixin.py:190} INFO - [2024-11-06T10:56:47.075-1100] {dag.py:3239} INFO - Sync 4 DAGs
[2024-11-06T10:56:47.125-1100] {logging_mixin.py:190} INFO - [2024-11-06T10:56:47.125-1100] {dag.py:4180} INFO - Setting next_dagrun for dataset_alias_example_alias_consumer to None, run_after=None
[2024-11-06T10:56:47.131-1100] {logging_mixin.py:190} INFO - [2024-11-06T10:56:47.130-1100] {dag.py:4180} INFO - Setting next_dagrun for dataset_alias_example_alias_producer to None, run_after=None
[2024-11-06T10:56:47.134-1100] {logging_mixin.py:190} INFO - [2024-11-06T10:56:47.133-1100] {dag.py:4180} INFO - Setting next_dagrun for dataset_s3_bucket_consumer to None, run_after=None
[2024-11-06T10:56:47.138-1100] {logging_mixin.py:190} INFO - [2024-11-06T10:56:47.137-1100] {dag.py:4180} INFO - Setting next_dagrun for dataset_s3_bucket_producer to None, run_after=None
[2024-11-06T10:56:47.182-1100] {processor.py:208} INFO - Processing /home/ouaillaamiri/Development/lsi_3/airflow/venv/lib/python3.11/site-packages/airflow/example_dags/example_dataset_alias.py took 0.270 seconds
[2024-11-06T10:57:17.787-1100] {processor.py:186} INFO - Started process (PID=224429) to work on /home/ouaillaamiri/Development/lsi_3/airflow/venv/lib/python3.11/site-packages/airflow/example_dags/example_dataset_alias.py
[2024-11-06T10:57:17.790-1100] {processor.py:914} INFO - Processing file /home/ouaillaamiri/Development/lsi_3/airflow/venv/lib/python3.11/site-packages/airflow/example_dags/example_dataset_alias.py for tasks to queue
[2024-11-06T10:57:17.794-1100] {logging_mixin.py:190} INFO - [2024-11-06T10:57:17.794-1100] {dagbag.py:588} INFO - Filling up the DagBag from /home/ouaillaamiri/Development/lsi_3/airflow/venv/lib/python3.11/site-packages/airflow/example_dags/example_dataset_alias.py
[2024-11-06T10:57:17.874-1100] {processor.py:925} INFO - DAG(s) 'dataset_s3_bucket_consumer', 'dataset_alias_example_alias_consumer', 'dataset_s3_bucket_producer', 'dataset_alias_example_alias_producer' retrieved from /home/ouaillaamiri/Development/lsi_3/airflow/venv/lib/python3.11/site-packages/airflow/example_dags/example_dataset_alias.py
[2024-11-06T10:57:17.918-1100] {logging_mixin.py:190} INFO - [2024-11-06T10:57:17.918-1100] {dag.py:3239} INFO - Sync 4 DAGs
[2024-11-06T10:57:17.970-1100] {logging_mixin.py:190} INFO - [2024-11-06T10:57:17.970-1100] {dag.py:4180} INFO - Setting next_dagrun for dataset_alias_example_alias_consumer to None, run_after=None
[2024-11-06T10:57:17.976-1100] {logging_mixin.py:190} INFO - [2024-11-06T10:57:17.975-1100] {dag.py:4180} INFO - Setting next_dagrun for dataset_alias_example_alias_producer to None, run_after=None
[2024-11-06T10:57:17.979-1100] {logging_mixin.py:190} INFO - [2024-11-06T10:57:17.978-1100] {dag.py:4180} INFO - Setting next_dagrun for dataset_s3_bucket_consumer to None, run_after=None
[2024-11-06T10:57:17.982-1100] {logging_mixin.py:190} INFO - [2024-11-06T10:57:17.981-1100] {dag.py:4180} INFO - Setting next_dagrun for dataset_s3_bucket_producer to None, run_after=None
[2024-11-06T10:57:18.026-1100] {processor.py:208} INFO - Processing /home/ouaillaamiri/Development/lsi_3/airflow/venv/lib/python3.11/site-packages/airflow/example_dags/example_dataset_alias.py took 0.251 seconds
[2024-11-06T10:57:48.383-1100] {processor.py:186} INFO - Started process (PID=225235) to work on /home/ouaillaamiri/Development/lsi_3/airflow/venv/lib/python3.11/site-packages/airflow/example_dags/example_dataset_alias.py
[2024-11-06T10:57:48.385-1100] {processor.py:914} INFO - Processing file /home/ouaillaamiri/Development/lsi_3/airflow/venv/lib/python3.11/site-packages/airflow/example_dags/example_dataset_alias.py for tasks to queue
[2024-11-06T10:57:48.389-1100] {logging_mixin.py:190} INFO - [2024-11-06T10:57:48.388-1100] {dagbag.py:588} INFO - Filling up the DagBag from /home/ouaillaamiri/Development/lsi_3/airflow/venv/lib/python3.11/site-packages/airflow/example_dags/example_dataset_alias.py
[2024-11-06T10:57:48.457-1100] {processor.py:925} INFO - DAG(s) 'dataset_s3_bucket_consumer', 'dataset_alias_example_alias_consumer', 'dataset_s3_bucket_producer', 'dataset_alias_example_alias_producer' retrieved from /home/ouaillaamiri/Development/lsi_3/airflow/venv/lib/python3.11/site-packages/airflow/example_dags/example_dataset_alias.py
[2024-11-06T10:57:48.500-1100] {logging_mixin.py:190} INFO - [2024-11-06T10:57:48.500-1100] {dag.py:3239} INFO - Sync 4 DAGs
[2024-11-06T10:57:48.544-1100] {logging_mixin.py:190} INFO - [2024-11-06T10:57:48.543-1100] {dag.py:4180} INFO - Setting next_dagrun for dataset_alias_example_alias_consumer to None, run_after=None
[2024-11-06T10:57:48.549-1100] {logging_mixin.py:190} INFO - [2024-11-06T10:57:48.549-1100] {dag.py:4180} INFO - Setting next_dagrun for dataset_alias_example_alias_producer to None, run_after=None
[2024-11-06T10:57:48.553-1100] {logging_mixin.py:190} INFO - [2024-11-06T10:57:48.553-1100] {dag.py:4180} INFO - Setting next_dagrun for dataset_s3_bucket_consumer to None, run_after=None
[2024-11-06T10:57:48.557-1100] {logging_mixin.py:190} INFO - [2024-11-06T10:57:48.556-1100] {dag.py:4180} INFO - Setting next_dagrun for dataset_s3_bucket_producer to None, run_after=None
[2024-11-06T10:57:48.611-1100] {processor.py:208} INFO - Processing /home/ouaillaamiri/Development/lsi_3/airflow/venv/lib/python3.11/site-packages/airflow/example_dags/example_dataset_alias.py took 0.238 seconds
[2024-11-06T10:58:19.527-1100] {processor.py:186} INFO - Started process (PID=225780) to work on /home/ouaillaamiri/Development/lsi_3/airflow/venv/lib/python3.11/site-packages/airflow/example_dags/example_dataset_alias.py
[2024-11-06T10:58:19.529-1100] {processor.py:914} INFO - Processing file /home/ouaillaamiri/Development/lsi_3/airflow/venv/lib/python3.11/site-packages/airflow/example_dags/example_dataset_alias.py for tasks to queue
[2024-11-06T10:58:19.532-1100] {logging_mixin.py:190} INFO - [2024-11-06T10:58:19.531-1100] {dagbag.py:588} INFO - Filling up the DagBag from /home/ouaillaamiri/Development/lsi_3/airflow/venv/lib/python3.11/site-packages/airflow/example_dags/example_dataset_alias.py
[2024-11-06T10:58:19.611-1100] {processor.py:925} INFO - DAG(s) 'dataset_s3_bucket_producer', 'dataset_s3_bucket_consumer', 'dataset_alias_example_alias_consumer', 'dataset_alias_example_alias_producer' retrieved from /home/ouaillaamiri/Development/lsi_3/airflow/venv/lib/python3.11/site-packages/airflow/example_dags/example_dataset_alias.py
[2024-11-06T10:58:19.647-1100] {logging_mixin.py:190} INFO - [2024-11-06T10:58:19.647-1100] {dag.py:3239} INFO - Sync 4 DAGs
[2024-11-06T10:58:19.685-1100] {logging_mixin.py:190} INFO - [2024-11-06T10:58:19.684-1100] {dag.py:4180} INFO - Setting next_dagrun for dataset_alias_example_alias_consumer to None, run_after=None
[2024-11-06T10:58:19.690-1100] {logging_mixin.py:190} INFO - [2024-11-06T10:58:19.689-1100] {dag.py:4180} INFO - Setting next_dagrun for dataset_alias_example_alias_producer to None, run_after=None
[2024-11-06T10:58:19.693-1100] {logging_mixin.py:190} INFO - [2024-11-06T10:58:19.692-1100] {dag.py:4180} INFO - Setting next_dagrun for dataset_s3_bucket_consumer to None, run_after=None
[2024-11-06T10:58:19.695-1100] {logging_mixin.py:190} INFO - [2024-11-06T10:58:19.695-1100] {dag.py:4180} INFO - Setting next_dagrun for dataset_s3_bucket_producer to None, run_after=None
[2024-11-06T10:58:19.738-1100] {processor.py:208} INFO - Processing /home/ouaillaamiri/Development/lsi_3/airflow/venv/lib/python3.11/site-packages/airflow/example_dags/example_dataset_alias.py took 0.221 seconds
[2024-11-06T10:58:49.874-1100] {processor.py:186} INFO - Started process (PID=226509) to work on /home/ouaillaamiri/Development/lsi_3/airflow/venv/lib/python3.11/site-packages/airflow/example_dags/example_dataset_alias.py
[2024-11-06T10:58:49.875-1100] {processor.py:914} INFO - Processing file /home/ouaillaamiri/Development/lsi_3/airflow/venv/lib/python3.11/site-packages/airflow/example_dags/example_dataset_alias.py for tasks to queue
[2024-11-06T10:58:49.879-1100] {logging_mixin.py:190} INFO - [2024-11-06T10:58:49.878-1100] {dagbag.py:588} INFO - Filling up the DagBag from /home/ouaillaamiri/Development/lsi_3/airflow/venv/lib/python3.11/site-packages/airflow/example_dags/example_dataset_alias.py
[2024-11-06T10:58:49.947-1100] {processor.py:925} INFO - DAG(s) 'dataset_s3_bucket_consumer', 'dataset_s3_bucket_producer', 'dataset_alias_example_alias_consumer', 'dataset_alias_example_alias_producer' retrieved from /home/ouaillaamiri/Development/lsi_3/airflow/venv/lib/python3.11/site-packages/airflow/example_dags/example_dataset_alias.py
[2024-11-06T10:58:49.986-1100] {logging_mixin.py:190} INFO - [2024-11-06T10:58:49.986-1100] {dag.py:3239} INFO - Sync 4 DAGs
[2024-11-06T10:58:50.028-1100] {logging_mixin.py:190} INFO - [2024-11-06T10:58:50.028-1100] {dag.py:4180} INFO - Setting next_dagrun for dataset_alias_example_alias_consumer to None, run_after=None
[2024-11-06T10:58:50.034-1100] {logging_mixin.py:190} INFO - [2024-11-06T10:58:50.033-1100] {dag.py:4180} INFO - Setting next_dagrun for dataset_alias_example_alias_producer to None, run_after=None
[2024-11-06T10:58:50.036-1100] {logging_mixin.py:190} INFO - [2024-11-06T10:58:50.036-1100] {dag.py:4180} INFO - Setting next_dagrun for dataset_s3_bucket_consumer to None, run_after=None
[2024-11-06T10:58:50.039-1100] {logging_mixin.py:190} INFO - [2024-11-06T10:58:50.039-1100] {dag.py:4180} INFO - Setting next_dagrun for dataset_s3_bucket_producer to None, run_after=None
[2024-11-06T10:58:50.079-1100] {processor.py:208} INFO - Processing /home/ouaillaamiri/Development/lsi_3/airflow/venv/lib/python3.11/site-packages/airflow/example_dags/example_dataset_alias.py took 0.217 seconds
[2024-11-06T10:59:20.867-1100] {processor.py:186} INFO - Started process (PID=227203) to work on /home/ouaillaamiri/Development/lsi_3/airflow/venv/lib/python3.11/site-packages/airflow/example_dags/example_dataset_alias.py
[2024-11-06T10:59:20.868-1100] {processor.py:914} INFO - Processing file /home/ouaillaamiri/Development/lsi_3/airflow/venv/lib/python3.11/site-packages/airflow/example_dags/example_dataset_alias.py for tasks to queue
[2024-11-06T10:59:20.872-1100] {logging_mixin.py:190} INFO - [2024-11-06T10:59:20.871-1100] {dagbag.py:588} INFO - Filling up the DagBag from /home/ouaillaamiri/Development/lsi_3/airflow/venv/lib/python3.11/site-packages/airflow/example_dags/example_dataset_alias.py
[2024-11-06T10:59:20.939-1100] {processor.py:925} INFO - DAG(s) 'dataset_s3_bucket_producer', 'dataset_s3_bucket_consumer', 'dataset_alias_example_alias_producer', 'dataset_alias_example_alias_consumer' retrieved from /home/ouaillaamiri/Development/lsi_3/airflow/venv/lib/python3.11/site-packages/airflow/example_dags/example_dataset_alias.py
[2024-11-06T10:59:20.981-1100] {logging_mixin.py:190} INFO - [2024-11-06T10:59:20.980-1100] {dag.py:3239} INFO - Sync 4 DAGs
[2024-11-06T10:59:21.021-1100] {logging_mixin.py:190} INFO - [2024-11-06T10:59:21.021-1100] {dag.py:4180} INFO - Setting next_dagrun for dataset_alias_example_alias_consumer to None, run_after=None
[2024-11-06T10:59:21.026-1100] {logging_mixin.py:190} INFO - [2024-11-06T10:59:21.025-1100] {dag.py:4180} INFO - Setting next_dagrun for dataset_alias_example_alias_producer to None, run_after=None
[2024-11-06T10:59:21.029-1100] {logging_mixin.py:190} INFO - [2024-11-06T10:59:21.028-1100] {dag.py:4180} INFO - Setting next_dagrun for dataset_s3_bucket_consumer to None, run_after=None
[2024-11-06T10:59:21.031-1100] {logging_mixin.py:190} INFO - [2024-11-06T10:59:21.031-1100] {dag.py:4180} INFO - Setting next_dagrun for dataset_s3_bucket_producer to None, run_after=None
[2024-11-06T10:59:21.073-1100] {processor.py:208} INFO - Processing /home/ouaillaamiri/Development/lsi_3/airflow/venv/lib/python3.11/site-packages/airflow/example_dags/example_dataset_alias.py took 0.216 seconds
[2024-11-06T10:59:52.131-1100] {processor.py:186} INFO - Started process (PID=227598) to work on /home/ouaillaamiri/Development/lsi_3/airflow/venv/lib/python3.11/site-packages/airflow/example_dags/example_dataset_alias.py
[2024-11-06T10:59:52.132-1100] {processor.py:914} INFO - Processing file /home/ouaillaamiri/Development/lsi_3/airflow/venv/lib/python3.11/site-packages/airflow/example_dags/example_dataset_alias.py for tasks to queue
[2024-11-06T10:59:52.136-1100] {logging_mixin.py:190} INFO - [2024-11-06T10:59:52.135-1100] {dagbag.py:588} INFO - Filling up the DagBag from /home/ouaillaamiri/Development/lsi_3/airflow/venv/lib/python3.11/site-packages/airflow/example_dags/example_dataset_alias.py
[2024-11-06T10:59:52.215-1100] {processor.py:925} INFO - DAG(s) 'dataset_alias_example_alias_consumer', 'dataset_s3_bucket_producer', 'dataset_alias_example_alias_producer', 'dataset_s3_bucket_consumer' retrieved from /home/ouaillaamiri/Development/lsi_3/airflow/venv/lib/python3.11/site-packages/airflow/example_dags/example_dataset_alias.py
[2024-11-06T10:59:52.260-1100] {logging_mixin.py:190} INFO - [2024-11-06T10:59:52.260-1100] {dag.py:3239} INFO - Sync 4 DAGs
[2024-11-06T10:59:52.299-1100] {logging_mixin.py:190} INFO - [2024-11-06T10:59:52.299-1100] {dag.py:4180} INFO - Setting next_dagrun for dataset_alias_example_alias_consumer to None, run_after=None
[2024-11-06T10:59:52.304-1100] {logging_mixin.py:190} INFO - [2024-11-06T10:59:52.304-1100] {dag.py:4180} INFO - Setting next_dagrun for dataset_alias_example_alias_producer to None, run_after=None
[2024-11-06T10:59:52.307-1100] {logging_mixin.py:190} INFO - [2024-11-06T10:59:52.306-1100] {dag.py:4180} INFO - Setting next_dagrun for dataset_s3_bucket_consumer to None, run_after=None
[2024-11-06T10:59:52.310-1100] {logging_mixin.py:190} INFO - [2024-11-06T10:59:52.309-1100] {dag.py:4180} INFO - Setting next_dagrun for dataset_s3_bucket_producer to None, run_after=None
[2024-11-06T10:59:52.355-1100] {processor.py:208} INFO - Processing /home/ouaillaamiri/Development/lsi_3/airflow/venv/lib/python3.11/site-packages/airflow/example_dags/example_dataset_alias.py took 0.234 seconds
[2024-11-06T11:00:58.533-1100] {processor.py:186} INFO - Started process (PID=228832) to work on /home/ouaillaamiri/Development/lsi_3/airflow/venv/lib/python3.11/site-packages/airflow/example_dags/example_dataset_alias.py
[2024-11-06T11:00:58.535-1100] {processor.py:914} INFO - Processing file /home/ouaillaamiri/Development/lsi_3/airflow/venv/lib/python3.11/site-packages/airflow/example_dags/example_dataset_alias.py for tasks to queue
[2024-11-06T11:00:58.542-1100] {logging_mixin.py:190} INFO - [2024-11-06T11:00:58.541-1100] {dagbag.py:588} INFO - Filling up the DagBag from /home/ouaillaamiri/Development/lsi_3/airflow/venv/lib/python3.11/site-packages/airflow/example_dags/example_dataset_alias.py
[2024-11-06T11:00:58.617-1100] {processor.py:925} INFO - DAG(s) 'dataset_s3_bucket_producer', 'dataset_alias_example_alias_consumer', 'dataset_alias_example_alias_producer', 'dataset_s3_bucket_consumer' retrieved from /home/ouaillaamiri/Development/lsi_3/airflow/venv/lib/python3.11/site-packages/airflow/example_dags/example_dataset_alias.py
[2024-11-06T11:00:58.674-1100] {logging_mixin.py:190} INFO - [2024-11-06T11:00:58.673-1100] {dag.py:3239} INFO - Sync 4 DAGs
[2024-11-06T11:00:58.726-1100] {logging_mixin.py:190} INFO - [2024-11-06T11:00:58.726-1100] {dag.py:4180} INFO - Setting next_dagrun for dataset_alias_example_alias_consumer to None, run_after=None
[2024-11-06T11:00:58.733-1100] {logging_mixin.py:190} INFO - [2024-11-06T11:00:58.733-1100] {dag.py:4180} INFO - Setting next_dagrun for dataset_alias_example_alias_producer to None, run_after=None
[2024-11-06T11:00:58.737-1100] {logging_mixin.py:190} INFO - [2024-11-06T11:00:58.736-1100] {dag.py:4180} INFO - Setting next_dagrun for dataset_s3_bucket_consumer to None, run_after=None
[2024-11-06T11:00:58.740-1100] {logging_mixin.py:190} INFO - [2024-11-06T11:00:58.740-1100] {dag.py:4180} INFO - Setting next_dagrun for dataset_s3_bucket_producer to None, run_after=None
[2024-11-06T11:00:58.791-1100] {processor.py:208} INFO - Processing /home/ouaillaamiri/Development/lsi_3/airflow/venv/lib/python3.11/site-packages/airflow/example_dags/example_dataset_alias.py took 0.272 seconds
[2024-11-06T11:01:29.455-1100] {processor.py:186} INFO - Started process (PID=229381) to work on /home/ouaillaamiri/Development/lsi_3/airflow/venv/lib/python3.11/site-packages/airflow/example_dags/example_dataset_alias.py
[2024-11-06T11:01:29.456-1100] {processor.py:914} INFO - Processing file /home/ouaillaamiri/Development/lsi_3/airflow/venv/lib/python3.11/site-packages/airflow/example_dags/example_dataset_alias.py for tasks to queue
[2024-11-06T11:01:29.460-1100] {logging_mixin.py:190} INFO - [2024-11-06T11:01:29.460-1100] {dagbag.py:588} INFO - Filling up the DagBag from /home/ouaillaamiri/Development/lsi_3/airflow/venv/lib/python3.11/site-packages/airflow/example_dags/example_dataset_alias.py
[2024-11-06T11:01:29.534-1100] {processor.py:925} INFO - DAG(s) 'dataset_s3_bucket_producer', 'dataset_alias_example_alias_producer', 'dataset_s3_bucket_consumer', 'dataset_alias_example_alias_consumer' retrieved from /home/ouaillaamiri/Development/lsi_3/airflow/venv/lib/python3.11/site-packages/airflow/example_dags/example_dataset_alias.py
[2024-11-06T11:01:29.573-1100] {logging_mixin.py:190} INFO - [2024-11-06T11:01:29.572-1100] {dag.py:3239} INFO - Sync 4 DAGs
[2024-11-06T11:01:29.615-1100] {logging_mixin.py:190} INFO - [2024-11-06T11:01:29.615-1100] {dag.py:4180} INFO - Setting next_dagrun for dataset_alias_example_alias_consumer to None, run_after=None
[2024-11-06T11:01:29.622-1100] {logging_mixin.py:190} INFO - [2024-11-06T11:01:29.621-1100] {dag.py:4180} INFO - Setting next_dagrun for dataset_alias_example_alias_producer to None, run_after=None
[2024-11-06T11:01:29.625-1100] {logging_mixin.py:190} INFO - [2024-11-06T11:01:29.625-1100] {dag.py:4180} INFO - Setting next_dagrun for dataset_s3_bucket_consumer to None, run_after=None
[2024-11-06T11:01:29.628-1100] {logging_mixin.py:190} INFO - [2024-11-06T11:01:29.628-1100] {dag.py:4180} INFO - Setting next_dagrun for dataset_s3_bucket_producer to None, run_after=None
[2024-11-06T11:01:29.679-1100] {processor.py:208} INFO - Processing /home/ouaillaamiri/Development/lsi_3/airflow/venv/lib/python3.11/site-packages/airflow/example_dags/example_dataset_alias.py took 0.234 seconds
[2024-11-06T11:01:59.837-1100] {processor.py:186} INFO - Started process (PID=229756) to work on /home/ouaillaamiri/Development/lsi_3/airflow/venv/lib/python3.11/site-packages/airflow/example_dags/example_dataset_alias.py
[2024-11-06T11:01:59.839-1100] {processor.py:914} INFO - Processing file /home/ouaillaamiri/Development/lsi_3/airflow/venv/lib/python3.11/site-packages/airflow/example_dags/example_dataset_alias.py for tasks to queue
[2024-11-06T11:01:59.844-1100] {logging_mixin.py:190} INFO - [2024-11-06T11:01:59.843-1100] {dagbag.py:588} INFO - Filling up the DagBag from /home/ouaillaamiri/Development/lsi_3/airflow/venv/lib/python3.11/site-packages/airflow/example_dags/example_dataset_alias.py
[2024-11-06T11:01:59.922-1100] {processor.py:925} INFO - DAG(s) 'dataset_alias_example_alias_consumer', 'dataset_s3_bucket_consumer', 'dataset_s3_bucket_producer', 'dataset_alias_example_alias_producer' retrieved from /home/ouaillaamiri/Development/lsi_3/airflow/venv/lib/python3.11/site-packages/airflow/example_dags/example_dataset_alias.py
[2024-11-06T11:01:59.973-1100] {logging_mixin.py:190} INFO - [2024-11-06T11:01:59.972-1100] {dag.py:3239} INFO - Sync 4 DAGs
[2024-11-06T11:02:00.017-1100] {logging_mixin.py:190} INFO - [2024-11-06T11:02:00.017-1100] {dag.py:4180} INFO - Setting next_dagrun for dataset_alias_example_alias_consumer to None, run_after=None
[2024-11-06T11:02:00.023-1100] {logging_mixin.py:190} INFO - [2024-11-06T11:02:00.023-1100] {dag.py:4180} INFO - Setting next_dagrun for dataset_alias_example_alias_producer to None, run_after=None
[2024-11-06T11:02:00.027-1100] {logging_mixin.py:190} INFO - [2024-11-06T11:02:00.027-1100] {dag.py:4180} INFO - Setting next_dagrun for dataset_s3_bucket_consumer to None, run_after=None
[2024-11-06T11:02:00.030-1100] {logging_mixin.py:190} INFO - [2024-11-06T11:02:00.030-1100] {dag.py:4180} INFO - Setting next_dagrun for dataset_s3_bucket_producer to None, run_after=None
[2024-11-06T11:02:00.079-1100] {processor.py:208} INFO - Processing /home/ouaillaamiri/Development/lsi_3/airflow/venv/lib/python3.11/site-packages/airflow/example_dags/example_dataset_alias.py took 0.254 seconds
[2024-11-06T11:02:30.195-1100] {processor.py:186} INFO - Started process (PID=230398) to work on /home/ouaillaamiri/Development/lsi_3/airflow/venv/lib/python3.11/site-packages/airflow/example_dags/example_dataset_alias.py
[2024-11-06T11:02:30.196-1100] {processor.py:914} INFO - Processing file /home/ouaillaamiri/Development/lsi_3/airflow/venv/lib/python3.11/site-packages/airflow/example_dags/example_dataset_alias.py for tasks to queue
[2024-11-06T11:02:30.200-1100] {logging_mixin.py:190} INFO - [2024-11-06T11:02:30.200-1100] {dagbag.py:588} INFO - Filling up the DagBag from /home/ouaillaamiri/Development/lsi_3/airflow/venv/lib/python3.11/site-packages/airflow/example_dags/example_dataset_alias.py
[2024-11-06T11:02:30.274-1100] {processor.py:925} INFO - DAG(s) 'dataset_alias_example_alias_producer', 'dataset_alias_example_alias_consumer', 'dataset_s3_bucket_producer', 'dataset_s3_bucket_consumer' retrieved from /home/ouaillaamiri/Development/lsi_3/airflow/venv/lib/python3.11/site-packages/airflow/example_dags/example_dataset_alias.py
[2024-11-06T11:02:30.314-1100] {logging_mixin.py:190} INFO - [2024-11-06T11:02:30.313-1100] {dag.py:3239} INFO - Sync 4 DAGs
[2024-11-06T11:02:30.356-1100] {logging_mixin.py:190} INFO - [2024-11-06T11:02:30.355-1100] {dag.py:4180} INFO - Setting next_dagrun for dataset_alias_example_alias_consumer to None, run_after=None
[2024-11-06T11:02:30.361-1100] {logging_mixin.py:190} INFO - [2024-11-06T11:02:30.361-1100] {dag.py:4180} INFO - Setting next_dagrun for dataset_alias_example_alias_producer to None, run_after=None
[2024-11-06T11:02:30.364-1100] {logging_mixin.py:190} INFO - [2024-11-06T11:02:30.363-1100] {dag.py:4180} INFO - Setting next_dagrun for dataset_s3_bucket_consumer to None, run_after=None
[2024-11-06T11:02:30.367-1100] {logging_mixin.py:190} INFO - [2024-11-06T11:02:30.366-1100] {dag.py:4180} INFO - Setting next_dagrun for dataset_s3_bucket_producer to None, run_after=None
[2024-11-06T11:02:30.417-1100] {processor.py:208} INFO - Processing /home/ouaillaamiri/Development/lsi_3/airflow/venv/lib/python3.11/site-packages/airflow/example_dags/example_dataset_alias.py took 0.235 seconds
[2024-11-06T11:03:01.224-1100] {processor.py:186} INFO - Started process (PID=231333) to work on /home/ouaillaamiri/Development/lsi_3/airflow/venv/lib/python3.11/site-packages/airflow/example_dags/example_dataset_alias.py
[2024-11-06T11:03:01.226-1100] {processor.py:914} INFO - Processing file /home/ouaillaamiri/Development/lsi_3/airflow/venv/lib/python3.11/site-packages/airflow/example_dags/example_dataset_alias.py for tasks to queue
[2024-11-06T11:03:01.229-1100] {logging_mixin.py:190} INFO - [2024-11-06T11:03:01.229-1100] {dagbag.py:588} INFO - Filling up the DagBag from /home/ouaillaamiri/Development/lsi_3/airflow/venv/lib/python3.11/site-packages/airflow/example_dags/example_dataset_alias.py
[2024-11-06T11:03:01.308-1100] {processor.py:925} INFO - DAG(s) 'dataset_alias_example_alias_consumer', 'dataset_alias_example_alias_producer', 'dataset_s3_bucket_consumer', 'dataset_s3_bucket_producer' retrieved from /home/ouaillaamiri/Development/lsi_3/airflow/venv/lib/python3.11/site-packages/airflow/example_dags/example_dataset_alias.py
[2024-11-06T11:03:01.362-1100] {logging_mixin.py:190} INFO - [2024-11-06T11:03:01.361-1100] {dag.py:3239} INFO - Sync 4 DAGs
[2024-11-06T11:03:01.411-1100] {logging_mixin.py:190} INFO - [2024-11-06T11:03:01.411-1100] {dag.py:4180} INFO - Setting next_dagrun for dataset_alias_example_alias_consumer to None, run_after=None
[2024-11-06T11:03:01.416-1100] {logging_mixin.py:190} INFO - [2024-11-06T11:03:01.416-1100] {dag.py:4180} INFO - Setting next_dagrun for dataset_alias_example_alias_producer to None, run_after=None
[2024-11-06T11:03:01.420-1100] {logging_mixin.py:190} INFO - [2024-11-06T11:03:01.419-1100] {dag.py:4180} INFO - Setting next_dagrun for dataset_s3_bucket_consumer to None, run_after=None
[2024-11-06T11:03:01.424-1100] {logging_mixin.py:190} INFO - [2024-11-06T11:03:01.423-1100] {dag.py:4180} INFO - Setting next_dagrun for dataset_s3_bucket_producer to None, run_after=None
[2024-11-06T11:03:01.474-1100] {processor.py:208} INFO - Processing /home/ouaillaamiri/Development/lsi_3/airflow/venv/lib/python3.11/site-packages/airflow/example_dags/example_dataset_alias.py took 0.261 seconds
[2024-11-06T11:03:32.817-1100] {processor.py:186} INFO - Started process (PID=231845) to work on /home/ouaillaamiri/Development/lsi_3/airflow/venv/lib/python3.11/site-packages/airflow/example_dags/example_dataset_alias.py
[2024-11-06T11:03:32.819-1100] {processor.py:914} INFO - Processing file /home/ouaillaamiri/Development/lsi_3/airflow/venv/lib/python3.11/site-packages/airflow/example_dags/example_dataset_alias.py for tasks to queue
[2024-11-06T11:03:32.825-1100] {logging_mixin.py:190} INFO - [2024-11-06T11:03:32.824-1100] {dagbag.py:588} INFO - Filling up the DagBag from /home/ouaillaamiri/Development/lsi_3/airflow/venv/lib/python3.11/site-packages/airflow/example_dags/example_dataset_alias.py
[2024-11-06T11:03:32.951-1100] {processor.py:925} INFO - DAG(s) 'dataset_s3_bucket_consumer', 'dataset_alias_example_alias_consumer', 'dataset_s3_bucket_producer', 'dataset_alias_example_alias_producer' retrieved from /home/ouaillaamiri/Development/lsi_3/airflow/venv/lib/python3.11/site-packages/airflow/example_dags/example_dataset_alias.py
[2024-11-06T11:03:33.034-1100] {logging_mixin.py:190} INFO - [2024-11-06T11:03:33.033-1100] {dag.py:3239} INFO - Sync 4 DAGs
[2024-11-06T11:03:33.094-1100] {logging_mixin.py:190} INFO - [2024-11-06T11:03:33.094-1100] {dag.py:4180} INFO - Setting next_dagrun for dataset_alias_example_alias_consumer to None, run_after=None
[2024-11-06T11:03:33.100-1100] {logging_mixin.py:190} INFO - [2024-11-06T11:03:33.100-1100] {dag.py:4180} INFO - Setting next_dagrun for dataset_alias_example_alias_producer to None, run_after=None
[2024-11-06T11:03:33.105-1100] {logging_mixin.py:190} INFO - [2024-11-06T11:03:33.104-1100] {dag.py:4180} INFO - Setting next_dagrun for dataset_s3_bucket_consumer to None, run_after=None
[2024-11-06T11:03:33.110-1100] {logging_mixin.py:190} INFO - [2024-11-06T11:03:33.109-1100] {dag.py:4180} INFO - Setting next_dagrun for dataset_s3_bucket_producer to None, run_after=None
[2024-11-06T11:03:33.174-1100] {processor.py:208} INFO - Processing /home/ouaillaamiri/Development/lsi_3/airflow/venv/lib/python3.11/site-packages/airflow/example_dags/example_dataset_alias.py took 0.373 seconds
[2024-11-06T11:04:03.859-1100] {processor.py:186} INFO - Started process (PID=232372) to work on /home/ouaillaamiri/Development/lsi_3/airflow/venv/lib/python3.11/site-packages/airflow/example_dags/example_dataset_alias.py
[2024-11-06T11:04:03.860-1100] {processor.py:914} INFO - Processing file /home/ouaillaamiri/Development/lsi_3/airflow/venv/lib/python3.11/site-packages/airflow/example_dags/example_dataset_alias.py for tasks to queue
[2024-11-06T11:04:03.864-1100] {logging_mixin.py:190} INFO - [2024-11-06T11:04:03.863-1100] {dagbag.py:588} INFO - Filling up the DagBag from /home/ouaillaamiri/Development/lsi_3/airflow/venv/lib/python3.11/site-packages/airflow/example_dags/example_dataset_alias.py
[2024-11-06T11:04:03.934-1100] {processor.py:925} INFO - DAG(s) 'dataset_alias_example_alias_consumer', 'dataset_s3_bucket_consumer', 'dataset_alias_example_alias_producer', 'dataset_s3_bucket_producer' retrieved from /home/ouaillaamiri/Development/lsi_3/airflow/venv/lib/python3.11/site-packages/airflow/example_dags/example_dataset_alias.py
[2024-11-06T11:04:03.977-1100] {logging_mixin.py:190} INFO - [2024-11-06T11:04:03.976-1100] {dag.py:3239} INFO - Sync 4 DAGs
[2024-11-06T11:04:04.028-1100] {logging_mixin.py:190} INFO - [2024-11-06T11:04:04.027-1100] {dag.py:4180} INFO - Setting next_dagrun for dataset_alias_example_alias_consumer to None, run_after=None
[2024-11-06T11:04:04.034-1100] {logging_mixin.py:190} INFO - [2024-11-06T11:04:04.033-1100] {dag.py:4180} INFO - Setting next_dagrun for dataset_alias_example_alias_producer to None, run_after=None
[2024-11-06T11:04:04.036-1100] {logging_mixin.py:190} INFO - [2024-11-06T11:04:04.036-1100] {dag.py:4180} INFO - Setting next_dagrun for dataset_s3_bucket_consumer to None, run_after=None
[2024-11-06T11:04:04.039-1100] {logging_mixin.py:190} INFO - [2024-11-06T11:04:04.039-1100] {dag.py:4180} INFO - Setting next_dagrun for dataset_s3_bucket_producer to None, run_after=None
[2024-11-06T11:04:04.083-1100] {processor.py:208} INFO - Processing /home/ouaillaamiri/Development/lsi_3/airflow/venv/lib/python3.11/site-packages/airflow/example_dags/example_dataset_alias.py took 0.237 seconds
[2024-11-06T11:04:34.297-1100] {processor.py:186} INFO - Started process (PID=232749) to work on /home/ouaillaamiri/Development/lsi_3/airflow/venv/lib/python3.11/site-packages/airflow/example_dags/example_dataset_alias.py
[2024-11-06T11:04:34.300-1100] {processor.py:914} INFO - Processing file /home/ouaillaamiri/Development/lsi_3/airflow/venv/lib/python3.11/site-packages/airflow/example_dags/example_dataset_alias.py for tasks to queue
[2024-11-06T11:04:34.304-1100] {logging_mixin.py:190} INFO - [2024-11-06T11:04:34.303-1100] {dagbag.py:588} INFO - Filling up the DagBag from /home/ouaillaamiri/Development/lsi_3/airflow/venv/lib/python3.11/site-packages/airflow/example_dags/example_dataset_alias.py
[2024-11-06T11:04:34.375-1100] {processor.py:925} INFO - DAG(s) 'dataset_s3_bucket_consumer', 'dataset_s3_bucket_producer', 'dataset_alias_example_alias_producer', 'dataset_alias_example_alias_consumer' retrieved from /home/ouaillaamiri/Development/lsi_3/airflow/venv/lib/python3.11/site-packages/airflow/example_dags/example_dataset_alias.py
[2024-11-06T11:04:34.420-1100] {logging_mixin.py:190} INFO - [2024-11-06T11:04:34.420-1100] {dag.py:3239} INFO - Sync 4 DAGs
[2024-11-06T11:04:34.469-1100] {logging_mixin.py:190} INFO - [2024-11-06T11:04:34.468-1100] {dag.py:4180} INFO - Setting next_dagrun for dataset_alias_example_alias_consumer to None, run_after=None
[2024-11-06T11:04:34.474-1100] {logging_mixin.py:190} INFO - [2024-11-06T11:04:34.474-1100] {dag.py:4180} INFO - Setting next_dagrun for dataset_alias_example_alias_producer to None, run_after=None
[2024-11-06T11:04:34.477-1100] {logging_mixin.py:190} INFO - [2024-11-06T11:04:34.476-1100] {dag.py:4180} INFO - Setting next_dagrun for dataset_s3_bucket_consumer to None, run_after=None
[2024-11-06T11:04:34.480-1100] {logging_mixin.py:190} INFO - [2024-11-06T11:04:34.479-1100] {dag.py:4180} INFO - Setting next_dagrun for dataset_s3_bucket_producer to None, run_after=None
[2024-11-06T11:04:34.523-1100] {processor.py:208} INFO - Processing /home/ouaillaamiri/Development/lsi_3/airflow/venv/lib/python3.11/site-packages/airflow/example_dags/example_dataset_alias.py took 0.237 seconds
