[2024-11-06T10:53:25.753-1100] {processor.py:186} INFO - Started process (PID=219116) to work on /home/ouaillaamiri/Development/lsi_3/airflow/venv/lib/python3.11/site-packages/airflow/example_dags/example_xcom.py
[2024-11-06T10:53:25.756-1100] {processor.py:914} INFO - Processing file /home/ouaillaamiri/Development/lsi_3/airflow/venv/lib/python3.11/site-packages/airflow/example_dags/example_xcom.py for tasks to queue
[2024-11-06T10:53:26.103-1100] {logging_mixin.py:190} INFO - [2024-11-06T10:53:26.102-1100] {dagbag.py:588} INFO - Filling up the DagBag from /home/ouaillaamiri/Development/lsi_3/airflow/venv/lib/python3.11/site-packages/airflow/example_dags/example_xcom.py
[2024-11-06T10:53:26.122-1100] {processor.py:925} INFO - DAG(s) 'example_xcom' retrieved from /home/ouaillaamiri/Development/lsi_3/airflow/venv/lib/python3.11/site-packages/airflow/example_dags/example_xcom.py
[2024-11-06T10:53:26.456-1100] {logging_mixin.py:190} INFO - [2024-11-06T10:53:26.455-1100] {override.py:1911} INFO - Created Permission View: can edit on DAG:example_xcom
[2024-11-06T10:53:26.513-1100] {logging_mixin.py:190} INFO - [2024-11-06T10:53:26.511-1100] {override.py:1911} INFO - Created Permission View: can delete on DAG:example_xcom
[2024-11-06T10:53:26.533-1100] {logging_mixin.py:190} INFO - [2024-11-06T10:53:26.532-1100] {override.py:1911} INFO - Created Permission View: can read on DAG:example_xcom
[2024-11-06T10:53:26.553-1100] {logging_mixin.py:190} INFO - [2024-11-06T10:53:26.552-1100] {override.py:1911} INFO - Created Permission View: can delete on DAG Run:example_xcom
[2024-11-06T10:53:26.576-1100] {logging_mixin.py:190} INFO - [2024-11-06T10:53:26.574-1100] {override.py:1911} INFO - Created Permission View: can create on DAG Run:example_xcom
[2024-11-06T10:53:26.602-1100] {logging_mixin.py:190} INFO - [2024-11-06T10:53:26.601-1100] {override.py:1911} INFO - Created Permission View: menu access on DAG Run:example_xcom
[2024-11-06T10:53:26.625-1100] {logging_mixin.py:190} INFO - [2024-11-06T10:53:26.624-1100] {override.py:1911} INFO - Created Permission View: can read on DAG Run:example_xcom
[2024-11-06T10:53:26.626-1100] {logging_mixin.py:190} INFO - [2024-11-06T10:53:26.626-1100] {dag.py:3239} INFO - Sync 1 DAGs
[2024-11-06T10:53:26.653-1100] {logging_mixin.py:190} INFO - [2024-11-06T10:53:26.653-1100] {dag.py:3262} INFO - Creating ORM DAG for example_xcom
[2024-11-06T10:53:26.672-1100] {logging_mixin.py:190} INFO - [2024-11-06T10:53:26.671-1100] {dag.py:4180} INFO - Setting next_dagrun for example_xcom to 2021-01-01 00:00:00+00:00, run_after=2021-01-01 00:00:00+00:00
[2024-11-06T10:53:26.712-1100] {processor.py:208} INFO - Processing /home/ouaillaamiri/Development/lsi_3/airflow/venv/lib/python3.11/site-packages/airflow/example_dags/example_xcom.py took 0.974 seconds
[2024-11-06T10:53:57.240-1100] {processor.py:186} INFO - Started process (PID=219805) to work on /home/ouaillaamiri/Development/lsi_3/airflow/venv/lib/python3.11/site-packages/airflow/example_dags/example_xcom.py
[2024-11-06T10:53:57.241-1100] {processor.py:914} INFO - Processing file /home/ouaillaamiri/Development/lsi_3/airflow/venv/lib/python3.11/site-packages/airflow/example_dags/example_xcom.py for tasks to queue
[2024-11-06T10:53:57.247-1100] {logging_mixin.py:190} INFO - [2024-11-06T10:53:57.246-1100] {dagbag.py:588} INFO - Filling up the DagBag from /home/ouaillaamiri/Development/lsi_3/airflow/venv/lib/python3.11/site-packages/airflow/example_dags/example_xcom.py
[2024-11-06T10:53:57.266-1100] {processor.py:925} INFO - DAG(s) 'example_xcom' retrieved from /home/ouaillaamiri/Development/lsi_3/airflow/venv/lib/python3.11/site-packages/airflow/example_dags/example_xcom.py
[2024-11-06T10:53:57.331-1100] {logging_mixin.py:190} INFO - [2024-11-06T10:53:57.330-1100] {dag.py:3239} INFO - Sync 1 DAGs
[2024-11-06T10:53:57.398-1100] {logging_mixin.py:190} INFO - [2024-11-06T10:53:57.397-1100] {dag.py:4180} INFO - Setting next_dagrun for example_xcom to 2021-01-01 00:00:00+00:00, run_after=2021-01-01 00:00:00+00:00
[2024-11-06T10:53:57.443-1100] {processor.py:208} INFO - Processing /home/ouaillaamiri/Development/lsi_3/airflow/venv/lib/python3.11/site-packages/airflow/example_dags/example_xcom.py took 0.214 seconds
[2024-11-06T10:54:27.870-1100] {processor.py:186} INFO - Started process (PID=220517) to work on /home/ouaillaamiri/Development/lsi_3/airflow/venv/lib/python3.11/site-packages/airflow/example_dags/example_xcom.py
[2024-11-06T10:54:27.874-1100] {processor.py:914} INFO - Processing file /home/ouaillaamiri/Development/lsi_3/airflow/venv/lib/python3.11/site-packages/airflow/example_dags/example_xcom.py for tasks to queue
[2024-11-06T10:54:27.880-1100] {logging_mixin.py:190} INFO - [2024-11-06T10:54:27.879-1100] {dagbag.py:588} INFO - Filling up the DagBag from /home/ouaillaamiri/Development/lsi_3/airflow/venv/lib/python3.11/site-packages/airflow/example_dags/example_xcom.py
[2024-11-06T10:54:27.912-1100] {processor.py:925} INFO - DAG(s) 'example_xcom' retrieved from /home/ouaillaamiri/Development/lsi_3/airflow/venv/lib/python3.11/site-packages/airflow/example_dags/example_xcom.py
[2024-11-06T10:54:27.989-1100] {logging_mixin.py:190} INFO - [2024-11-06T10:54:27.988-1100] {dag.py:3239} INFO - Sync 1 DAGs
[2024-11-06T10:54:28.045-1100] {logging_mixin.py:190} INFO - [2024-11-06T10:54:28.044-1100] {dag.py:4180} INFO - Setting next_dagrun for example_xcom to 2021-01-01 00:00:00+00:00, run_after=2021-01-01 00:00:00+00:00
[2024-11-06T10:54:28.096-1100] {processor.py:208} INFO - Processing /home/ouaillaamiri/Development/lsi_3/airflow/venv/lib/python3.11/site-packages/airflow/example_dags/example_xcom.py took 0.237 seconds
[2024-11-06T10:54:58.887-1100] {processor.py:186} INFO - Started process (PID=220890) to work on /home/ouaillaamiri/Development/lsi_3/airflow/venv/lib/python3.11/site-packages/airflow/example_dags/example_xcom.py
[2024-11-06T10:54:58.889-1100] {processor.py:914} INFO - Processing file /home/ouaillaamiri/Development/lsi_3/airflow/venv/lib/python3.11/site-packages/airflow/example_dags/example_xcom.py for tasks to queue
[2024-11-06T10:54:58.895-1100] {logging_mixin.py:190} INFO - [2024-11-06T10:54:58.894-1100] {dagbag.py:588} INFO - Filling up the DagBag from /home/ouaillaamiri/Development/lsi_3/airflow/venv/lib/python3.11/site-packages/airflow/example_dags/example_xcom.py
[2024-11-06T10:54:58.921-1100] {processor.py:925} INFO - DAG(s) 'example_xcom' retrieved from /home/ouaillaamiri/Development/lsi_3/airflow/venv/lib/python3.11/site-packages/airflow/example_dags/example_xcom.py
[2024-11-06T10:54:58.992-1100] {logging_mixin.py:190} INFO - [2024-11-06T10:54:58.990-1100] {dag.py:3239} INFO - Sync 1 DAGs
[2024-11-06T10:54:59.050-1100] {logging_mixin.py:190} INFO - [2024-11-06T10:54:59.049-1100] {dag.py:4180} INFO - Setting next_dagrun for example_xcom to 2021-01-01 00:00:00+00:00, run_after=2021-01-01 00:00:00+00:00
[2024-11-06T10:54:59.099-1100] {processor.py:208} INFO - Processing /home/ouaillaamiri/Development/lsi_3/airflow/venv/lib/python3.11/site-packages/airflow/example_dags/example_xcom.py took 0.228 seconds
[2024-11-06T10:55:29.263-1100] {processor.py:186} INFO - Started process (PID=221580) to work on /home/ouaillaamiri/Development/lsi_3/airflow/venv/lib/python3.11/site-packages/airflow/example_dags/example_xcom.py
[2024-11-06T10:55:29.265-1100] {processor.py:914} INFO - Processing file /home/ouaillaamiri/Development/lsi_3/airflow/venv/lib/python3.11/site-packages/airflow/example_dags/example_xcom.py for tasks to queue
[2024-11-06T10:55:29.269-1100] {logging_mixin.py:190} INFO - [2024-11-06T10:55:29.268-1100] {dagbag.py:588} INFO - Filling up the DagBag from /home/ouaillaamiri/Development/lsi_3/airflow/venv/lib/python3.11/site-packages/airflow/example_dags/example_xcom.py
[2024-11-06T10:55:29.288-1100] {processor.py:925} INFO - DAG(s) 'example_xcom' retrieved from /home/ouaillaamiri/Development/lsi_3/airflow/venv/lib/python3.11/site-packages/airflow/example_dags/example_xcom.py
[2024-11-06T10:55:29.354-1100] {logging_mixin.py:190} INFO - [2024-11-06T10:55:29.353-1100] {dag.py:3239} INFO - Sync 1 DAGs
[2024-11-06T10:55:29.415-1100] {logging_mixin.py:190} INFO - [2024-11-06T10:55:29.415-1100] {dag.py:4180} INFO - Setting next_dagrun for example_xcom to 2021-01-01 00:00:00+00:00, run_after=2021-01-01 00:00:00+00:00
[2024-11-06T10:55:29.471-1100] {processor.py:208} INFO - Processing /home/ouaillaamiri/Development/lsi_3/airflow/venv/lib/python3.11/site-packages/airflow/example_dags/example_xcom.py took 0.219 seconds
[2024-11-06T10:55:59.706-1100] {processor.py:186} INFO - Started process (PID=221957) to work on /home/ouaillaamiri/Development/lsi_3/airflow/venv/lib/python3.11/site-packages/airflow/example_dags/example_xcom.py
[2024-11-06T10:55:59.711-1100] {processor.py:914} INFO - Processing file /home/ouaillaamiri/Development/lsi_3/airflow/venv/lib/python3.11/site-packages/airflow/example_dags/example_xcom.py for tasks to queue
[2024-11-06T10:55:59.717-1100] {logging_mixin.py:190} INFO - [2024-11-06T10:55:59.716-1100] {dagbag.py:588} INFO - Filling up the DagBag from /home/ouaillaamiri/Development/lsi_3/airflow/venv/lib/python3.11/site-packages/airflow/example_dags/example_xcom.py
[2024-11-06T10:55:59.744-1100] {processor.py:925} INFO - DAG(s) 'example_xcom' retrieved from /home/ouaillaamiri/Development/lsi_3/airflow/venv/lib/python3.11/site-packages/airflow/example_dags/example_xcom.py
[2024-11-06T10:55:59.809-1100] {logging_mixin.py:190} INFO - [2024-11-06T10:55:59.808-1100] {dag.py:3239} INFO - Sync 1 DAGs
[2024-11-06T10:55:59.855-1100] {logging_mixin.py:190} INFO - [2024-11-06T10:55:59.855-1100] {dag.py:4180} INFO - Setting next_dagrun for example_xcom to 2021-01-01 00:00:00+00:00, run_after=2021-01-01 00:00:00+00:00
[2024-11-06T10:55:59.894-1100] {processor.py:208} INFO - Processing /home/ouaillaamiri/Development/lsi_3/airflow/venv/lib/python3.11/site-packages/airflow/example_dags/example_xcom.py took 0.204 seconds
[2024-11-06T10:56:43.078-1100] {processor.py:186} INFO - Started process (PID=223023) to work on /home/ouaillaamiri/Development/lsi_3/airflow/venv/lib/python3.11/site-packages/airflow/example_dags/example_xcom.py
[2024-11-06T10:56:43.080-1100] {processor.py:914} INFO - Processing file /home/ouaillaamiri/Development/lsi_3/airflow/venv/lib/python3.11/site-packages/airflow/example_dags/example_xcom.py for tasks to queue
[2024-11-06T10:56:43.084-1100] {logging_mixin.py:190} INFO - [2024-11-06T10:56:43.083-1100] {dagbag.py:588} INFO - Filling up the DagBag from /home/ouaillaamiri/Development/lsi_3/airflow/venv/lib/python3.11/site-packages/airflow/example_dags/example_xcom.py
[2024-11-06T10:56:43.099-1100] {processor.py:925} INFO - DAG(s) 'example_xcom' retrieved from /home/ouaillaamiri/Development/lsi_3/airflow/venv/lib/python3.11/site-packages/airflow/example_dags/example_xcom.py
[2024-11-06T10:56:43.170-1100] {logging_mixin.py:190} INFO - [2024-11-06T10:56:43.170-1100] {dag.py:3239} INFO - Sync 1 DAGs
[2024-11-06T10:56:43.214-1100] {logging_mixin.py:190} INFO - [2024-11-06T10:56:43.214-1100] {dag.py:4180} INFO - Setting next_dagrun for example_xcom to 2021-01-01 00:00:00+00:00, run_after=2021-01-01 00:00:00+00:00
[2024-11-06T10:56:43.253-1100] {processor.py:208} INFO - Processing /home/ouaillaamiri/Development/lsi_3/airflow/venv/lib/python3.11/site-packages/airflow/example_dags/example_xcom.py took 0.184 seconds
[2024-11-06T10:57:13.629-1100] {processor.py:186} INFO - Started process (PID=224168) to work on /home/ouaillaamiri/Development/lsi_3/airflow/venv/lib/python3.11/site-packages/airflow/example_dags/example_xcom.py
[2024-11-06T10:57:13.631-1100] {processor.py:914} INFO - Processing file /home/ouaillaamiri/Development/lsi_3/airflow/venv/lib/python3.11/site-packages/airflow/example_dags/example_xcom.py for tasks to queue
[2024-11-06T10:57:13.636-1100] {logging_mixin.py:190} INFO - [2024-11-06T10:57:13.636-1100] {dagbag.py:588} INFO - Filling up the DagBag from /home/ouaillaamiri/Development/lsi_3/airflow/venv/lib/python3.11/site-packages/airflow/example_dags/example_xcom.py
[2024-11-06T10:57:13.656-1100] {processor.py:925} INFO - DAG(s) 'example_xcom' retrieved from /home/ouaillaamiri/Development/lsi_3/airflow/venv/lib/python3.11/site-packages/airflow/example_dags/example_xcom.py
[2024-11-06T10:57:13.726-1100] {logging_mixin.py:190} INFO - [2024-11-06T10:57:13.725-1100] {dag.py:3239} INFO - Sync 1 DAGs
[2024-11-06T10:57:13.784-1100] {logging_mixin.py:190} INFO - [2024-11-06T10:57:13.783-1100] {dag.py:4180} INFO - Setting next_dagrun for example_xcom to 2021-01-01 00:00:00+00:00, run_after=2021-01-01 00:00:00+00:00
[2024-11-06T10:57:13.836-1100] {processor.py:208} INFO - Processing /home/ouaillaamiri/Development/lsi_3/airflow/venv/lib/python3.11/site-packages/airflow/example_dags/example_xcom.py took 0.219 seconds
[2024-11-06T10:57:43.955-1100] {processor.py:186} INFO - Started process (PID=224898) to work on /home/ouaillaamiri/Development/lsi_3/airflow/venv/lib/python3.11/site-packages/airflow/example_dags/example_xcom.py
[2024-11-06T10:57:43.957-1100] {processor.py:914} INFO - Processing file /home/ouaillaamiri/Development/lsi_3/airflow/venv/lib/python3.11/site-packages/airflow/example_dags/example_xcom.py for tasks to queue
[2024-11-06T10:57:43.962-1100] {logging_mixin.py:190} INFO - [2024-11-06T10:57:43.961-1100] {dagbag.py:588} INFO - Filling up the DagBag from /home/ouaillaamiri/Development/lsi_3/airflow/venv/lib/python3.11/site-packages/airflow/example_dags/example_xcom.py
[2024-11-06T10:57:43.982-1100] {processor.py:925} INFO - DAG(s) 'example_xcom' retrieved from /home/ouaillaamiri/Development/lsi_3/airflow/venv/lib/python3.11/site-packages/airflow/example_dags/example_xcom.py
[2024-11-06T10:57:44.054-1100] {logging_mixin.py:190} INFO - [2024-11-06T10:57:44.054-1100] {dag.py:3239} INFO - Sync 1 DAGs
[2024-11-06T10:57:44.104-1100] {logging_mixin.py:190} INFO - [2024-11-06T10:57:44.103-1100] {dag.py:4180} INFO - Setting next_dagrun for example_xcom to 2021-01-01 00:00:00+00:00, run_after=2021-01-01 00:00:00+00:00
[2024-11-06T10:57:44.142-1100] {processor.py:208} INFO - Processing /home/ouaillaamiri/Development/lsi_3/airflow/venv/lib/python3.11/site-packages/airflow/example_dags/example_xcom.py took 0.198 seconds
[2024-11-06T10:58:14.662-1100] {processor.py:186} INFO - Started process (PID=225608) to work on /home/ouaillaamiri/Development/lsi_3/airflow/venv/lib/python3.11/site-packages/airflow/example_dags/example_xcom.py
[2024-11-06T10:58:14.664-1100] {processor.py:914} INFO - Processing file /home/ouaillaamiri/Development/lsi_3/airflow/venv/lib/python3.11/site-packages/airflow/example_dags/example_xcom.py for tasks to queue
[2024-11-06T10:58:14.670-1100] {logging_mixin.py:190} INFO - [2024-11-06T10:58:14.669-1100] {dagbag.py:588} INFO - Filling up the DagBag from /home/ouaillaamiri/Development/lsi_3/airflow/venv/lib/python3.11/site-packages/airflow/example_dags/example_xcom.py
[2024-11-06T10:58:14.688-1100] {processor.py:925} INFO - DAG(s) 'example_xcom' retrieved from /home/ouaillaamiri/Development/lsi_3/airflow/venv/lib/python3.11/site-packages/airflow/example_dags/example_xcom.py
[2024-11-06T10:58:14.756-1100] {logging_mixin.py:190} INFO - [2024-11-06T10:58:14.755-1100] {dag.py:3239} INFO - Sync 1 DAGs
[2024-11-06T10:58:14.802-1100] {logging_mixin.py:190} INFO - [2024-11-06T10:58:14.801-1100] {dag.py:4180} INFO - Setting next_dagrun for example_xcom to 2021-01-01 00:00:00+00:00, run_after=2021-01-01 00:00:00+00:00
[2024-11-06T10:58:14.838-1100] {processor.py:208} INFO - Processing /home/ouaillaamiri/Development/lsi_3/airflow/venv/lib/python3.11/site-packages/airflow/example_dags/example_xcom.py took 0.187 seconds
[2024-11-06T10:58:45.073-1100] {processor.py:186} INFO - Started process (PID=226333) to work on /home/ouaillaamiri/Development/lsi_3/airflow/venv/lib/python3.11/site-packages/airflow/example_dags/example_xcom.py
[2024-11-06T10:58:45.075-1100] {processor.py:914} INFO - Processing file /home/ouaillaamiri/Development/lsi_3/airflow/venv/lib/python3.11/site-packages/airflow/example_dags/example_xcom.py for tasks to queue
[2024-11-06T10:58:45.079-1100] {logging_mixin.py:190} INFO - [2024-11-06T10:58:45.078-1100] {dagbag.py:588} INFO - Filling up the DagBag from /home/ouaillaamiri/Development/lsi_3/airflow/venv/lib/python3.11/site-packages/airflow/example_dags/example_xcom.py
[2024-11-06T10:58:45.097-1100] {processor.py:925} INFO - DAG(s) 'example_xcom' retrieved from /home/ouaillaamiri/Development/lsi_3/airflow/venv/lib/python3.11/site-packages/airflow/example_dags/example_xcom.py
[2024-11-06T10:58:45.155-1100] {logging_mixin.py:190} INFO - [2024-11-06T10:58:45.155-1100] {dag.py:3239} INFO - Sync 1 DAGs
[2024-11-06T10:58:45.204-1100] {logging_mixin.py:190} INFO - [2024-11-06T10:58:45.204-1100] {dag.py:4180} INFO - Setting next_dagrun for example_xcom to 2021-01-01 00:00:00+00:00, run_after=2021-01-01 00:00:00+00:00
[2024-11-06T10:58:45.243-1100] {processor.py:208} INFO - Processing /home/ouaillaamiri/Development/lsi_3/airflow/venv/lib/python3.11/site-packages/airflow/example_dags/example_xcom.py took 0.181 seconds
[2024-11-06T10:59:15.528-1100] {processor.py:186} INFO - Started process (PID=227037) to work on /home/ouaillaamiri/Development/lsi_3/airflow/venv/lib/python3.11/site-packages/airflow/example_dags/example_xcom.py
[2024-11-06T10:59:15.529-1100] {processor.py:914} INFO - Processing file /home/ouaillaamiri/Development/lsi_3/airflow/venv/lib/python3.11/site-packages/airflow/example_dags/example_xcom.py for tasks to queue
[2024-11-06T10:59:15.534-1100] {logging_mixin.py:190} INFO - [2024-11-06T10:59:15.534-1100] {dagbag.py:588} INFO - Filling up the DagBag from /home/ouaillaamiri/Development/lsi_3/airflow/venv/lib/python3.11/site-packages/airflow/example_dags/example_xcom.py
[2024-11-06T10:59:15.553-1100] {processor.py:925} INFO - DAG(s) 'example_xcom' retrieved from /home/ouaillaamiri/Development/lsi_3/airflow/venv/lib/python3.11/site-packages/airflow/example_dags/example_xcom.py
[2024-11-06T10:59:15.618-1100] {logging_mixin.py:190} INFO - [2024-11-06T10:59:15.617-1100] {dag.py:3239} INFO - Sync 1 DAGs
[2024-11-06T10:59:15.663-1100] {logging_mixin.py:190} INFO - [2024-11-06T10:59:15.663-1100] {dag.py:4180} INFO - Setting next_dagrun for example_xcom to 2021-01-01 00:00:00+00:00, run_after=2021-01-01 00:00:00+00:00
[2024-11-06T10:59:15.701-1100] {processor.py:208} INFO - Processing /home/ouaillaamiri/Development/lsi_3/airflow/venv/lib/python3.11/site-packages/airflow/example_dags/example_xcom.py took 0.185 seconds
[2024-11-06T10:59:45.866-1100] {processor.py:186} INFO - Started process (PID=227429) to work on /home/ouaillaamiri/Development/lsi_3/airflow/venv/lib/python3.11/site-packages/airflow/example_dags/example_xcom.py
[2024-11-06T10:59:45.869-1100] {processor.py:914} INFO - Processing file /home/ouaillaamiri/Development/lsi_3/airflow/venv/lib/python3.11/site-packages/airflow/example_dags/example_xcom.py for tasks to queue
[2024-11-06T10:59:45.880-1100] {logging_mixin.py:190} INFO - [2024-11-06T10:59:45.879-1100] {dagbag.py:588} INFO - Filling up the DagBag from /home/ouaillaamiri/Development/lsi_3/airflow/venv/lib/python3.11/site-packages/airflow/example_dags/example_xcom.py
[2024-11-06T10:59:45.914-1100] {processor.py:925} INFO - DAG(s) 'example_xcom' retrieved from /home/ouaillaamiri/Development/lsi_3/airflow/venv/lib/python3.11/site-packages/airflow/example_dags/example_xcom.py
[2024-11-06T10:59:45.986-1100] {logging_mixin.py:190} INFO - [2024-11-06T10:59:45.985-1100] {dag.py:3239} INFO - Sync 1 DAGs
[2024-11-06T10:59:46.028-1100] {logging_mixin.py:190} INFO - [2024-11-06T10:59:46.028-1100] {dag.py:4180} INFO - Setting next_dagrun for example_xcom to 2021-01-01 00:00:00+00:00, run_after=2021-01-01 00:00:00+00:00
[2024-11-06T10:59:46.069-1100] {processor.py:208} INFO - Processing /home/ouaillaamiri/Development/lsi_3/airflow/venv/lib/python3.11/site-packages/airflow/example_dags/example_xcom.py took 0.224 seconds
[2024-11-06T11:00:16.270-1100] {processor.py:186} INFO - Started process (PID=227842) to work on /home/ouaillaamiri/Development/lsi_3/airflow/venv/lib/python3.11/site-packages/airflow/example_dags/example_xcom.py
[2024-11-06T11:00:16.272-1100] {processor.py:914} INFO - Processing file /home/ouaillaamiri/Development/lsi_3/airflow/venv/lib/python3.11/site-packages/airflow/example_dags/example_xcom.py for tasks to queue
[2024-11-06T11:00:16.276-1100] {logging_mixin.py:190} INFO - [2024-11-06T11:00:16.275-1100] {dagbag.py:588} INFO - Filling up the DagBag from /home/ouaillaamiri/Development/lsi_3/airflow/venv/lib/python3.11/site-packages/airflow/example_dags/example_xcom.py
[2024-11-06T11:00:16.292-1100] {processor.py:925} INFO - DAG(s) 'example_xcom' retrieved from /home/ouaillaamiri/Development/lsi_3/airflow/venv/lib/python3.11/site-packages/airflow/example_dags/example_xcom.py
[2024-11-06T11:00:16.350-1100] {logging_mixin.py:190} INFO - [2024-11-06T11:00:16.349-1100] {dag.py:3239} INFO - Sync 1 DAGs
[2024-11-06T11:00:16.387-1100] {logging_mixin.py:190} INFO - [2024-11-06T11:00:16.386-1100] {dag.py:4180} INFO - Setting next_dagrun for example_xcom to 2021-01-01 00:00:00+00:00, run_after=2021-01-01 00:00:00+00:00
[2024-11-06T11:00:16.422-1100] {processor.py:208} INFO - Processing /home/ouaillaamiri/Development/lsi_3/airflow/venv/lib/python3.11/site-packages/airflow/example_dags/example_xcom.py took 0.161 seconds
[2024-11-06T11:00:54.548-1100] {processor.py:186} INFO - Started process (PID=228524) to work on /home/ouaillaamiri/Development/lsi_3/airflow/venv/lib/python3.11/site-packages/airflow/example_dags/example_xcom.py
[2024-11-06T11:00:54.551-1100] {processor.py:914} INFO - Processing file /home/ouaillaamiri/Development/lsi_3/airflow/venv/lib/python3.11/site-packages/airflow/example_dags/example_xcom.py for tasks to queue
[2024-11-06T11:00:54.565-1100] {logging_mixin.py:190} INFO - [2024-11-06T11:00:54.563-1100] {dagbag.py:588} INFO - Filling up the DagBag from /home/ouaillaamiri/Development/lsi_3/airflow/venv/lib/python3.11/site-packages/airflow/example_dags/example_xcom.py
[2024-11-06T11:00:54.603-1100] {processor.py:925} INFO - DAG(s) 'example_xcom' retrieved from /home/ouaillaamiri/Development/lsi_3/airflow/venv/lib/python3.11/site-packages/airflow/example_dags/example_xcom.py
[2024-11-06T11:00:54.687-1100] {logging_mixin.py:190} INFO - [2024-11-06T11:00:54.686-1100] {dag.py:3239} INFO - Sync 1 DAGs
[2024-11-06T11:00:54.740-1100] {logging_mixin.py:190} INFO - [2024-11-06T11:00:54.739-1100] {dag.py:4180} INFO - Setting next_dagrun for example_xcom to 2021-01-01 00:00:00+00:00, run_after=2021-01-01 00:00:00+00:00
[2024-11-06T11:00:54.785-1100] {processor.py:208} INFO - Processing /home/ouaillaamiri/Development/lsi_3/airflow/venv/lib/python3.11/site-packages/airflow/example_dags/example_xcom.py took 0.289 seconds
[2024-11-06T11:01:25.082-1100] {processor.py:186} INFO - Started process (PID=229208) to work on /home/ouaillaamiri/Development/lsi_3/airflow/venv/lib/python3.11/site-packages/airflow/example_dags/example_xcom.py
[2024-11-06T11:01:25.084-1100] {processor.py:914} INFO - Processing file /home/ouaillaamiri/Development/lsi_3/airflow/venv/lib/python3.11/site-packages/airflow/example_dags/example_xcom.py for tasks to queue
[2024-11-06T11:01:25.089-1100] {logging_mixin.py:190} INFO - [2024-11-06T11:01:25.089-1100] {dagbag.py:588} INFO - Filling up the DagBag from /home/ouaillaamiri/Development/lsi_3/airflow/venv/lib/python3.11/site-packages/airflow/example_dags/example_xcom.py
[2024-11-06T11:01:25.110-1100] {processor.py:925} INFO - DAG(s) 'example_xcom' retrieved from /home/ouaillaamiri/Development/lsi_3/airflow/venv/lib/python3.11/site-packages/airflow/example_dags/example_xcom.py
[2024-11-06T11:01:25.184-1100] {logging_mixin.py:190} INFO - [2024-11-06T11:01:25.183-1100] {dag.py:3239} INFO - Sync 1 DAGs
[2024-11-06T11:01:25.241-1100] {logging_mixin.py:190} INFO - [2024-11-06T11:01:25.240-1100] {dag.py:4180} INFO - Setting next_dagrun for example_xcom to 2021-01-01 00:00:00+00:00, run_after=2021-01-01 00:00:00+00:00
[2024-11-06T11:01:25.289-1100] {processor.py:208} INFO - Processing /home/ouaillaamiri/Development/lsi_3/airflow/venv/lib/python3.11/site-packages/airflow/example_dags/example_xcom.py took 0.219 seconds
[2024-11-06T11:01:55.492-1100] {processor.py:186} INFO - Started process (PID=229580) to work on /home/ouaillaamiri/Development/lsi_3/airflow/venv/lib/python3.11/site-packages/airflow/example_dags/example_xcom.py
[2024-11-06T11:01:55.494-1100] {processor.py:914} INFO - Processing file /home/ouaillaamiri/Development/lsi_3/airflow/venv/lib/python3.11/site-packages/airflow/example_dags/example_xcom.py for tasks to queue
[2024-11-06T11:01:55.500-1100] {logging_mixin.py:190} INFO - [2024-11-06T11:01:55.499-1100] {dagbag.py:588} INFO - Filling up the DagBag from /home/ouaillaamiri/Development/lsi_3/airflow/venv/lib/python3.11/site-packages/airflow/example_dags/example_xcom.py
[2024-11-06T11:01:55.520-1100] {processor.py:925} INFO - DAG(s) 'example_xcom' retrieved from /home/ouaillaamiri/Development/lsi_3/airflow/venv/lib/python3.11/site-packages/airflow/example_dags/example_xcom.py
[2024-11-06T11:01:55.594-1100] {logging_mixin.py:190} INFO - [2024-11-06T11:01:55.593-1100] {dag.py:3239} INFO - Sync 1 DAGs
[2024-11-06T11:01:55.662-1100] {logging_mixin.py:190} INFO - [2024-11-06T11:01:55.662-1100] {dag.py:4180} INFO - Setting next_dagrun for example_xcom to 2021-01-01 00:00:00+00:00, run_after=2021-01-01 00:00:00+00:00
[2024-11-06T11:01:55.719-1100] {processor.py:208} INFO - Processing /home/ouaillaamiri/Development/lsi_3/airflow/venv/lib/python3.11/site-packages/airflow/example_dags/example_xcom.py took 0.240 seconds
[2024-11-06T11:02:26.233-1100] {processor.py:186} INFO - Started process (PID=230176) to work on /home/ouaillaamiri/Development/lsi_3/airflow/venv/lib/python3.11/site-packages/airflow/example_dags/example_xcom.py
[2024-11-06T11:02:26.235-1100] {processor.py:914} INFO - Processing file /home/ouaillaamiri/Development/lsi_3/airflow/venv/lib/python3.11/site-packages/airflow/example_dags/example_xcom.py for tasks to queue
[2024-11-06T11:02:26.243-1100] {logging_mixin.py:190} INFO - [2024-11-06T11:02:26.242-1100] {dagbag.py:588} INFO - Filling up the DagBag from /home/ouaillaamiri/Development/lsi_3/airflow/venv/lib/python3.11/site-packages/airflow/example_dags/example_xcom.py
[2024-11-06T11:02:26.268-1100] {processor.py:925} INFO - DAG(s) 'example_xcom' retrieved from /home/ouaillaamiri/Development/lsi_3/airflow/venv/lib/python3.11/site-packages/airflow/example_dags/example_xcom.py
[2024-11-06T11:02:26.327-1100] {logging_mixin.py:190} INFO - [2024-11-06T11:02:26.326-1100] {dag.py:3239} INFO - Sync 1 DAGs
[2024-11-06T11:02:26.369-1100] {logging_mixin.py:190} INFO - [2024-11-06T11:02:26.369-1100] {dag.py:4180} INFO - Setting next_dagrun for example_xcom to 2021-01-01 00:00:00+00:00, run_after=2021-01-01 00:00:00+00:00
[2024-11-06T11:02:26.404-1100] {processor.py:208} INFO - Processing /home/ouaillaamiri/Development/lsi_3/airflow/venv/lib/python3.11/site-packages/airflow/example_dags/example_xcom.py took 0.186 seconds
[2024-11-06T11:02:57.007-1100] {processor.py:186} INFO - Started process (PID=231162) to work on /home/ouaillaamiri/Development/lsi_3/airflow/venv/lib/python3.11/site-packages/airflow/example_dags/example_xcom.py
[2024-11-06T11:02:57.010-1100] {processor.py:914} INFO - Processing file /home/ouaillaamiri/Development/lsi_3/airflow/venv/lib/python3.11/site-packages/airflow/example_dags/example_xcom.py for tasks to queue
[2024-11-06T11:02:57.017-1100] {logging_mixin.py:190} INFO - [2024-11-06T11:02:57.016-1100] {dagbag.py:588} INFO - Filling up the DagBag from /home/ouaillaamiri/Development/lsi_3/airflow/venv/lib/python3.11/site-packages/airflow/example_dags/example_xcom.py
[2024-11-06T11:02:57.041-1100] {processor.py:925} INFO - DAG(s) 'example_xcom' retrieved from /home/ouaillaamiri/Development/lsi_3/airflow/venv/lib/python3.11/site-packages/airflow/example_dags/example_xcom.py
[2024-11-06T11:02:57.110-1100] {logging_mixin.py:190} INFO - [2024-11-06T11:02:57.109-1100] {dag.py:3239} INFO - Sync 1 DAGs
[2024-11-06T11:02:57.158-1100] {logging_mixin.py:190} INFO - [2024-11-06T11:02:57.158-1100] {dag.py:4180} INFO - Setting next_dagrun for example_xcom to 2021-01-01 00:00:00+00:00, run_after=2021-01-01 00:00:00+00:00
[2024-11-06T11:02:57.207-1100] {processor.py:208} INFO - Processing /home/ouaillaamiri/Development/lsi_3/airflow/venv/lib/python3.11/site-packages/airflow/example_dags/example_xcom.py took 0.215 seconds
[2024-11-06T11:03:27.381-1100] {processor.py:186} INFO - Started process (PID=231529) to work on /home/ouaillaamiri/Development/lsi_3/airflow/venv/lib/python3.11/site-packages/airflow/example_dags/example_xcom.py
[2024-11-06T11:03:27.383-1100] {processor.py:914} INFO - Processing file /home/ouaillaamiri/Development/lsi_3/airflow/venv/lib/python3.11/site-packages/airflow/example_dags/example_xcom.py for tasks to queue
[2024-11-06T11:03:27.388-1100] {logging_mixin.py:190} INFO - [2024-11-06T11:03:27.387-1100] {dagbag.py:588} INFO - Filling up the DagBag from /home/ouaillaamiri/Development/lsi_3/airflow/venv/lib/python3.11/site-packages/airflow/example_dags/example_xcom.py
[2024-11-06T11:03:27.413-1100] {processor.py:925} INFO - DAG(s) 'example_xcom' retrieved from /home/ouaillaamiri/Development/lsi_3/airflow/venv/lib/python3.11/site-packages/airflow/example_dags/example_xcom.py
[2024-11-06T11:03:27.507-1100] {logging_mixin.py:190} INFO - [2024-11-06T11:03:27.506-1100] {dag.py:3239} INFO - Sync 1 DAGs
[2024-11-06T11:03:27.559-1100] {logging_mixin.py:190} INFO - [2024-11-06T11:03:27.558-1100] {dag.py:4180} INFO - Setting next_dagrun for example_xcom to 2021-01-01 00:00:00+00:00, run_after=2021-01-01 00:00:00+00:00
[2024-11-06T11:03:27.607-1100] {processor.py:208} INFO - Processing /home/ouaillaamiri/Development/lsi_3/airflow/venv/lib/python3.11/site-packages/airflow/example_dags/example_xcom.py took 0.241 seconds
[2024-11-06T11:03:58.274-1100] {processor.py:186} INFO - Started process (PID=232206) to work on /home/ouaillaamiri/Development/lsi_3/airflow/venv/lib/python3.11/site-packages/airflow/example_dags/example_xcom.py
[2024-11-06T11:03:58.276-1100] {processor.py:914} INFO - Processing file /home/ouaillaamiri/Development/lsi_3/airflow/venv/lib/python3.11/site-packages/airflow/example_dags/example_xcom.py for tasks to queue
[2024-11-06T11:03:58.280-1100] {logging_mixin.py:190} INFO - [2024-11-06T11:03:58.280-1100] {dagbag.py:588} INFO - Filling up the DagBag from /home/ouaillaamiri/Development/lsi_3/airflow/venv/lib/python3.11/site-packages/airflow/example_dags/example_xcom.py
[2024-11-06T11:03:58.296-1100] {processor.py:925} INFO - DAG(s) 'example_xcom' retrieved from /home/ouaillaamiri/Development/lsi_3/airflow/venv/lib/python3.11/site-packages/airflow/example_dags/example_xcom.py
[2024-11-06T11:03:58.353-1100] {logging_mixin.py:190} INFO - [2024-11-06T11:03:58.353-1100] {dag.py:3239} INFO - Sync 1 DAGs
[2024-11-06T11:03:58.393-1100] {logging_mixin.py:190} INFO - [2024-11-06T11:03:58.393-1100] {dag.py:4180} INFO - Setting next_dagrun for example_xcom to 2021-01-01 00:00:00+00:00, run_after=2021-01-01 00:00:00+00:00
[2024-11-06T11:03:58.427-1100] {processor.py:208} INFO - Processing /home/ouaillaamiri/Development/lsi_3/airflow/venv/lib/python3.11/site-packages/airflow/example_dags/example_xcom.py took 0.164 seconds
[2024-11-06T11:04:28.862-1100] {processor.py:186} INFO - Started process (PID=232568) to work on /home/ouaillaamiri/Development/lsi_3/airflow/venv/lib/python3.11/site-packages/airflow/example_dags/example_xcom.py
[2024-11-06T11:04:28.864-1100] {processor.py:914} INFO - Processing file /home/ouaillaamiri/Development/lsi_3/airflow/venv/lib/python3.11/site-packages/airflow/example_dags/example_xcom.py for tasks to queue
[2024-11-06T11:04:28.869-1100] {logging_mixin.py:190} INFO - [2024-11-06T11:04:28.868-1100] {dagbag.py:588} INFO - Filling up the DagBag from /home/ouaillaamiri/Development/lsi_3/airflow/venv/lib/python3.11/site-packages/airflow/example_dags/example_xcom.py
[2024-11-06T11:04:28.884-1100] {processor.py:925} INFO - DAG(s) 'example_xcom' retrieved from /home/ouaillaamiri/Development/lsi_3/airflow/venv/lib/python3.11/site-packages/airflow/example_dags/example_xcom.py
[2024-11-06T11:04:28.949-1100] {logging_mixin.py:190} INFO - [2024-11-06T11:04:28.948-1100] {dag.py:3239} INFO - Sync 1 DAGs
[2024-11-06T11:04:28.999-1100] {logging_mixin.py:190} INFO - [2024-11-06T11:04:28.998-1100] {dag.py:4180} INFO - Setting next_dagrun for example_xcom to 2021-01-01 00:00:00+00:00, run_after=2021-01-01 00:00:00+00:00
[2024-11-06T11:04:29.060-1100] {processor.py:208} INFO - Processing /home/ouaillaamiri/Development/lsi_3/airflow/venv/lib/python3.11/site-packages/airflow/example_dags/example_xcom.py took 0.209 seconds
