[2024-11-06T10:53:38.313-1100] {processor.py:186} INFO - Started process (PID=219640) to work on /home/ouaillaamiri/Development/lsi_3/airflow/venv/lib/python3.11/site-packages/airflow/example_dags/example_latest_only_with_trigger.py
[2024-11-06T10:53:38.315-1100] {processor.py:914} INFO - Processing file /home/ouaillaamiri/Development/lsi_3/airflow/venv/lib/python3.11/site-packages/airflow/example_dags/example_latest_only_with_trigger.py for tasks to queue
[2024-11-06T10:53:38.320-1100] {logging_mixin.py:190} INFO - [2024-11-06T10:53:38.320-1100] {dagbag.py:588} INFO - Filling up the DagBag from /home/ouaillaamiri/Development/lsi_3/airflow/venv/lib/python3.11/site-packages/airflow/example_dags/example_latest_only_with_trigger.py
[2024-11-06T10:53:38.338-1100] {processor.py:925} INFO - DAG(s) 'latest_only_with_trigger' retrieved from /home/ouaillaamiri/Development/lsi_3/airflow/venv/lib/python3.11/site-packages/airflow/example_dags/example_latest_only_with_trigger.py
[2024-11-06T10:53:38.543-1100] {logging_mixin.py:190} INFO - [2024-11-06T10:53:38.542-1100] {override.py:1911} INFO - Created Permission View: can edit on DAG:latest_only_with_trigger
[2024-11-06T10:53:38.563-1100] {logging_mixin.py:190} INFO - [2024-11-06T10:53:38.563-1100] {override.py:1911} INFO - Created Permission View: can delete on DAG:latest_only_with_trigger
[2024-11-06T10:53:38.578-1100] {logging_mixin.py:190} INFO - [2024-11-06T10:53:38.577-1100] {override.py:1911} INFO - Created Permission View: can read on DAG:latest_only_with_trigger
[2024-11-06T10:53:38.591-1100] {logging_mixin.py:190} INFO - [2024-11-06T10:53:38.591-1100] {override.py:1911} INFO - Created Permission View: can delete on DAG Run:latest_only_with_trigger
[2024-11-06T10:53:38.606-1100] {logging_mixin.py:190} INFO - [2024-11-06T10:53:38.605-1100] {override.py:1911} INFO - Created Permission View: can create on DAG Run:latest_only_with_trigger
[2024-11-06T10:53:38.618-1100] {logging_mixin.py:190} INFO - [2024-11-06T10:53:38.618-1100] {override.py:1911} INFO - Created Permission View: menu access on DAG Run:latest_only_with_trigger
[2024-11-06T10:53:38.630-1100] {logging_mixin.py:190} INFO - [2024-11-06T10:53:38.630-1100] {override.py:1911} INFO - Created Permission View: can read on DAG Run:latest_only_with_trigger
[2024-11-06T10:53:38.631-1100] {logging_mixin.py:190} INFO - [2024-11-06T10:53:38.631-1100] {dag.py:3239} INFO - Sync 1 DAGs
[2024-11-06T10:53:38.654-1100] {logging_mixin.py:190} INFO - [2024-11-06T10:53:38.653-1100] {dag.py:3262} INFO - Creating ORM DAG for latest_only_with_trigger
[2024-11-06T10:53:38.672-1100] {logging_mixin.py:190} INFO - [2024-11-06T10:53:38.672-1100] {dag.py:4180} INFO - Setting next_dagrun for latest_only_with_trigger to 2024-11-06 16:00:00+00:00, run_after=2024-11-06 20:00:00+00:00
[2024-11-06T10:53:38.706-1100] {processor.py:208} INFO - Processing /home/ouaillaamiri/Development/lsi_3/airflow/venv/lib/python3.11/site-packages/airflow/example_dags/example_latest_only_with_trigger.py took 0.408 seconds
[2024-11-06T10:54:08.865-1100] {processor.py:186} INFO - Started process (PID=220366) to work on /home/ouaillaamiri/Development/lsi_3/airflow/venv/lib/python3.11/site-packages/airflow/example_dags/example_latest_only_with_trigger.py
[2024-11-06T10:54:08.866-1100] {processor.py:914} INFO - Processing file /home/ouaillaamiri/Development/lsi_3/airflow/venv/lib/python3.11/site-packages/airflow/example_dags/example_latest_only_with_trigger.py for tasks to queue
[2024-11-06T10:54:08.870-1100] {logging_mixin.py:190} INFO - [2024-11-06T10:54:08.870-1100] {dagbag.py:588} INFO - Filling up the DagBag from /home/ouaillaamiri/Development/lsi_3/airflow/venv/lib/python3.11/site-packages/airflow/example_dags/example_latest_only_with_trigger.py
[2024-11-06T10:54:08.884-1100] {processor.py:925} INFO - DAG(s) 'latest_only_with_trigger' retrieved from /home/ouaillaamiri/Development/lsi_3/airflow/venv/lib/python3.11/site-packages/airflow/example_dags/example_latest_only_with_trigger.py
[2024-11-06T10:54:08.939-1100] {logging_mixin.py:190} INFO - [2024-11-06T10:54:08.939-1100] {dag.py:3239} INFO - Sync 1 DAGs
[2024-11-06T10:54:08.980-1100] {logging_mixin.py:190} INFO - [2024-11-06T10:54:08.979-1100] {dag.py:4180} INFO - Setting next_dagrun for latest_only_with_trigger to 2024-11-06 16:00:00+00:00, run_after=2024-11-06 20:00:00+00:00
[2024-11-06T10:54:09.011-1100] {processor.py:208} INFO - Processing /home/ouaillaamiri/Development/lsi_3/airflow/venv/lib/python3.11/site-packages/airflow/example_dags/example_latest_only_with_trigger.py took 0.157 seconds
[2024-11-06T10:54:39.178-1100] {processor.py:186} INFO - Started process (PID=220736) to work on /home/ouaillaamiri/Development/lsi_3/airflow/venv/lib/python3.11/site-packages/airflow/example_dags/example_latest_only_with_trigger.py
[2024-11-06T10:54:39.180-1100] {processor.py:914} INFO - Processing file /home/ouaillaamiri/Development/lsi_3/airflow/venv/lib/python3.11/site-packages/airflow/example_dags/example_latest_only_with_trigger.py for tasks to queue
[2024-11-06T10:54:39.184-1100] {logging_mixin.py:190} INFO - [2024-11-06T10:54:39.183-1100] {dagbag.py:588} INFO - Filling up the DagBag from /home/ouaillaamiri/Development/lsi_3/airflow/venv/lib/python3.11/site-packages/airflow/example_dags/example_latest_only_with_trigger.py
[2024-11-06T10:54:39.198-1100] {processor.py:925} INFO - DAG(s) 'latest_only_with_trigger' retrieved from /home/ouaillaamiri/Development/lsi_3/airflow/venv/lib/python3.11/site-packages/airflow/example_dags/example_latest_only_with_trigger.py
[2024-11-06T10:54:39.253-1100] {logging_mixin.py:190} INFO - [2024-11-06T10:54:39.252-1100] {dag.py:3239} INFO - Sync 1 DAGs
[2024-11-06T10:54:39.291-1100] {logging_mixin.py:190} INFO - [2024-11-06T10:54:39.291-1100] {dag.py:4180} INFO - Setting next_dagrun for latest_only_with_trigger to 2024-11-06 16:00:00+00:00, run_after=2024-11-06 20:00:00+00:00
[2024-11-06T10:54:39.321-1100] {processor.py:208} INFO - Processing /home/ouaillaamiri/Development/lsi_3/airflow/venv/lib/python3.11/site-packages/airflow/example_dags/example_latest_only_with_trigger.py took 0.154 seconds
[2024-11-06T10:55:09.800-1100] {processor.py:186} INFO - Started process (PID=221437) to work on /home/ouaillaamiri/Development/lsi_3/airflow/venv/lib/python3.11/site-packages/airflow/example_dags/example_latest_only_with_trigger.py
[2024-11-06T10:55:09.802-1100] {processor.py:914} INFO - Processing file /home/ouaillaamiri/Development/lsi_3/airflow/venv/lib/python3.11/site-packages/airflow/example_dags/example_latest_only_with_trigger.py for tasks to queue
[2024-11-06T10:55:09.807-1100] {logging_mixin.py:190} INFO - [2024-11-06T10:55:09.806-1100] {dagbag.py:588} INFO - Filling up the DagBag from /home/ouaillaamiri/Development/lsi_3/airflow/venv/lib/python3.11/site-packages/airflow/example_dags/example_latest_only_with_trigger.py
[2024-11-06T10:55:09.825-1100] {processor.py:925} INFO - DAG(s) 'latest_only_with_trigger' retrieved from /home/ouaillaamiri/Development/lsi_3/airflow/venv/lib/python3.11/site-packages/airflow/example_dags/example_latest_only_with_trigger.py
[2024-11-06T10:55:09.887-1100] {logging_mixin.py:190} INFO - [2024-11-06T10:55:09.886-1100] {dag.py:3239} INFO - Sync 1 DAGs
[2024-11-06T10:55:09.930-1100] {logging_mixin.py:190} INFO - [2024-11-06T10:55:09.930-1100] {dag.py:4180} INFO - Setting next_dagrun for latest_only_with_trigger to 2024-11-06 16:00:00+00:00, run_after=2024-11-06 20:00:00+00:00
[2024-11-06T10:55:09.973-1100] {processor.py:208} INFO - Processing /home/ouaillaamiri/Development/lsi_3/airflow/venv/lib/python3.11/site-packages/airflow/example_dags/example_latest_only_with_trigger.py took 0.185 seconds
[2024-11-06T10:55:40.551-1100] {processor.py:186} INFO - Started process (PID=221806) to work on /home/ouaillaamiri/Development/lsi_3/airflow/venv/lib/python3.11/site-packages/airflow/example_dags/example_latest_only_with_trigger.py
[2024-11-06T10:55:40.554-1100] {processor.py:914} INFO - Processing file /home/ouaillaamiri/Development/lsi_3/airflow/venv/lib/python3.11/site-packages/airflow/example_dags/example_latest_only_with_trigger.py for tasks to queue
[2024-11-06T10:55:40.559-1100] {logging_mixin.py:190} INFO - [2024-11-06T10:55:40.558-1100] {dagbag.py:588} INFO - Filling up the DagBag from /home/ouaillaamiri/Development/lsi_3/airflow/venv/lib/python3.11/site-packages/airflow/example_dags/example_latest_only_with_trigger.py
[2024-11-06T10:55:40.582-1100] {processor.py:925} INFO - DAG(s) 'latest_only_with_trigger' retrieved from /home/ouaillaamiri/Development/lsi_3/airflow/venv/lib/python3.11/site-packages/airflow/example_dags/example_latest_only_with_trigger.py
[2024-11-06T10:55:40.665-1100] {logging_mixin.py:190} INFO - [2024-11-06T10:55:40.664-1100] {dag.py:3239} INFO - Sync 1 DAGs
[2024-11-06T10:55:40.724-1100] {logging_mixin.py:190} INFO - [2024-11-06T10:55:40.724-1100] {dag.py:4180} INFO - Setting next_dagrun for latest_only_with_trigger to 2024-11-06 16:00:00+00:00, run_after=2024-11-06 20:00:00+00:00
[2024-11-06T10:55:40.771-1100] {processor.py:208} INFO - Processing /home/ouaillaamiri/Development/lsi_3/airflow/venv/lib/python3.11/site-packages/airflow/example_dags/example_latest_only_with_trigger.py took 0.235 seconds
[2024-11-06T10:56:11.084-1100] {processor.py:186} INFO - Started process (PID=222189) to work on /home/ouaillaamiri/Development/lsi_3/airflow/venv/lib/python3.11/site-packages/airflow/example_dags/example_latest_only_with_trigger.py
[2024-11-06T10:56:11.086-1100] {processor.py:914} INFO - Processing file /home/ouaillaamiri/Development/lsi_3/airflow/venv/lib/python3.11/site-packages/airflow/example_dags/example_latest_only_with_trigger.py for tasks to queue
[2024-11-06T10:56:11.092-1100] {logging_mixin.py:190} INFO - [2024-11-06T10:56:11.091-1100] {dagbag.py:588} INFO - Filling up the DagBag from /home/ouaillaamiri/Development/lsi_3/airflow/venv/lib/python3.11/site-packages/airflow/example_dags/example_latest_only_with_trigger.py
[2024-11-06T10:56:11.108-1100] {processor.py:925} INFO - DAG(s) 'latest_only_with_trigger' retrieved from /home/ouaillaamiri/Development/lsi_3/airflow/venv/lib/python3.11/site-packages/airflow/example_dags/example_latest_only_with_trigger.py
[2024-11-06T10:56:11.164-1100] {logging_mixin.py:190} INFO - [2024-11-06T10:56:11.164-1100] {dag.py:3239} INFO - Sync 1 DAGs
[2024-11-06T10:56:11.208-1100] {logging_mixin.py:190} INFO - [2024-11-06T10:56:11.207-1100] {dag.py:4180} INFO - Setting next_dagrun for latest_only_with_trigger to 2024-11-06 16:00:00+00:00, run_after=2024-11-06 20:00:00+00:00
[2024-11-06T10:56:11.251-1100] {processor.py:208} INFO - Processing /home/ouaillaamiri/Development/lsi_3/airflow/venv/lib/python3.11/site-packages/airflow/example_dags/example_latest_only_with_trigger.py took 0.184 seconds
[2024-11-06T10:56:47.980-1100] {processor.py:186} INFO - Started process (PID=223381) to work on /home/ouaillaamiri/Development/lsi_3/airflow/venv/lib/python3.11/site-packages/airflow/example_dags/example_latest_only_with_trigger.py
[2024-11-06T10:56:47.982-1100] {processor.py:914} INFO - Processing file /home/ouaillaamiri/Development/lsi_3/airflow/venv/lib/python3.11/site-packages/airflow/example_dags/example_latest_only_with_trigger.py for tasks to queue
[2024-11-06T10:56:47.986-1100] {logging_mixin.py:190} INFO - [2024-11-06T10:56:47.985-1100] {dagbag.py:588} INFO - Filling up the DagBag from /home/ouaillaamiri/Development/lsi_3/airflow/venv/lib/python3.11/site-packages/airflow/example_dags/example_latest_only_with_trigger.py
[2024-11-06T10:56:48.003-1100] {processor.py:925} INFO - DAG(s) 'latest_only_with_trigger' retrieved from /home/ouaillaamiri/Development/lsi_3/airflow/venv/lib/python3.11/site-packages/airflow/example_dags/example_latest_only_with_trigger.py
[2024-11-06T10:56:48.064-1100] {logging_mixin.py:190} INFO - [2024-11-06T10:56:48.063-1100] {dag.py:3239} INFO - Sync 1 DAGs
[2024-11-06T10:56:48.109-1100] {logging_mixin.py:190} INFO - [2024-11-06T10:56:48.109-1100] {dag.py:4180} INFO - Setting next_dagrun for latest_only_with_trigger to 2024-11-06 16:00:00+00:00, run_after=2024-11-06 20:00:00+00:00
[2024-11-06T10:56:48.151-1100] {processor.py:208} INFO - Processing /home/ouaillaamiri/Development/lsi_3/airflow/venv/lib/python3.11/site-packages/airflow/example_dags/example_latest_only_with_trigger.py took 0.182 seconds
[2024-11-06T10:57:18.904-1100] {processor.py:186} INFO - Started process (PID=224584) to work on /home/ouaillaamiri/Development/lsi_3/airflow/venv/lib/python3.11/site-packages/airflow/example_dags/example_latest_only_with_trigger.py
[2024-11-06T10:57:18.906-1100] {processor.py:914} INFO - Processing file /home/ouaillaamiri/Development/lsi_3/airflow/venv/lib/python3.11/site-packages/airflow/example_dags/example_latest_only_with_trigger.py for tasks to queue
[2024-11-06T10:57:18.910-1100] {logging_mixin.py:190} INFO - [2024-11-06T10:57:18.910-1100] {dagbag.py:588} INFO - Filling up the DagBag from /home/ouaillaamiri/Development/lsi_3/airflow/venv/lib/python3.11/site-packages/airflow/example_dags/example_latest_only_with_trigger.py
[2024-11-06T10:57:18.926-1100] {processor.py:925} INFO - DAG(s) 'latest_only_with_trigger' retrieved from /home/ouaillaamiri/Development/lsi_3/airflow/venv/lib/python3.11/site-packages/airflow/example_dags/example_latest_only_with_trigger.py
[2024-11-06T10:57:18.986-1100] {logging_mixin.py:190} INFO - [2024-11-06T10:57:18.986-1100] {dag.py:3239} INFO - Sync 1 DAGs
[2024-11-06T10:57:19.034-1100] {logging_mixin.py:190} INFO - [2024-11-06T10:57:19.034-1100] {dag.py:4180} INFO - Setting next_dagrun for latest_only_with_trigger to 2024-11-06 16:00:00+00:00, run_after=2024-11-06 20:00:00+00:00
[2024-11-06T10:57:19.072-1100] {processor.py:208} INFO - Processing /home/ouaillaamiri/Development/lsi_3/airflow/venv/lib/python3.11/site-packages/airflow/example_dags/example_latest_only_with_trigger.py took 0.180 seconds
[2024-11-06T10:57:49.242-1100] {processor.py:186} INFO - Started process (PID=225276) to work on /home/ouaillaamiri/Development/lsi_3/airflow/venv/lib/python3.11/site-packages/airflow/example_dags/example_latest_only_with_trigger.py
[2024-11-06T10:57:49.244-1100] {processor.py:914} INFO - Processing file /home/ouaillaamiri/Development/lsi_3/airflow/venv/lib/python3.11/site-packages/airflow/example_dags/example_latest_only_with_trigger.py for tasks to queue
[2024-11-06T10:57:49.249-1100] {logging_mixin.py:190} INFO - [2024-11-06T10:57:49.248-1100] {dagbag.py:588} INFO - Filling up the DagBag from /home/ouaillaamiri/Development/lsi_3/airflow/venv/lib/python3.11/site-packages/airflow/example_dags/example_latest_only_with_trigger.py
[2024-11-06T10:57:49.270-1100] {processor.py:925} INFO - DAG(s) 'latest_only_with_trigger' retrieved from /home/ouaillaamiri/Development/lsi_3/airflow/venv/lib/python3.11/site-packages/airflow/example_dags/example_latest_only_with_trigger.py
[2024-11-06T10:57:49.325-1100] {logging_mixin.py:190} INFO - [2024-11-06T10:57:49.325-1100] {dag.py:3239} INFO - Sync 1 DAGs
[2024-11-06T10:57:49.367-1100] {logging_mixin.py:190} INFO - [2024-11-06T10:57:49.367-1100] {dag.py:4180} INFO - Setting next_dagrun for latest_only_with_trigger to 2024-11-06 16:00:00+00:00, run_after=2024-11-06 20:00:00+00:00
[2024-11-06T10:57:49.401-1100] {processor.py:208} INFO - Processing /home/ouaillaamiri/Development/lsi_3/airflow/venv/lib/python3.11/site-packages/airflow/example_dags/example_latest_only_with_trigger.py took 0.174 seconds
[2024-11-06T10:58:20.668-1100] {processor.py:186} INFO - Started process (PID=225826) to work on /home/ouaillaamiri/Development/lsi_3/airflow/venv/lib/python3.11/site-packages/airflow/example_dags/example_latest_only_with_trigger.py
[2024-11-06T10:58:20.670-1100] {processor.py:914} INFO - Processing file /home/ouaillaamiri/Development/lsi_3/airflow/venv/lib/python3.11/site-packages/airflow/example_dags/example_latest_only_with_trigger.py for tasks to queue
[2024-11-06T10:58:20.674-1100] {logging_mixin.py:190} INFO - [2024-11-06T10:58:20.673-1100] {dagbag.py:588} INFO - Filling up the DagBag from /home/ouaillaamiri/Development/lsi_3/airflow/venv/lib/python3.11/site-packages/airflow/example_dags/example_latest_only_with_trigger.py
[2024-11-06T10:58:20.690-1100] {processor.py:925} INFO - DAG(s) 'latest_only_with_trigger' retrieved from /home/ouaillaamiri/Development/lsi_3/airflow/venv/lib/python3.11/site-packages/airflow/example_dags/example_latest_only_with_trigger.py
[2024-11-06T10:58:20.762-1100] {logging_mixin.py:190} INFO - [2024-11-06T10:58:20.761-1100] {dag.py:3239} INFO - Sync 1 DAGs
[2024-11-06T10:58:20.813-1100] {logging_mixin.py:190} INFO - [2024-11-06T10:58:20.813-1100] {dag.py:4180} INFO - Setting next_dagrun for latest_only_with_trigger to 2024-11-06 16:00:00+00:00, run_after=2024-11-06 20:00:00+00:00
[2024-11-06T10:58:20.863-1100] {processor.py:208} INFO - Processing /home/ouaillaamiri/Development/lsi_3/airflow/venv/lib/python3.11/site-packages/airflow/example_dags/example_latest_only_with_trigger.py took 0.206 seconds
[2024-11-06T10:58:51.171-1100] {processor.py:186} INFO - Started process (PID=226560) to work on /home/ouaillaamiri/Development/lsi_3/airflow/venv/lib/python3.11/site-packages/airflow/example_dags/example_latest_only_with_trigger.py
[2024-11-06T10:58:51.173-1100] {processor.py:914} INFO - Processing file /home/ouaillaamiri/Development/lsi_3/airflow/venv/lib/python3.11/site-packages/airflow/example_dags/example_latest_only_with_trigger.py for tasks to queue
[2024-11-06T10:58:51.177-1100] {logging_mixin.py:190} INFO - [2024-11-06T10:58:51.176-1100] {dagbag.py:588} INFO - Filling up the DagBag from /home/ouaillaamiri/Development/lsi_3/airflow/venv/lib/python3.11/site-packages/airflow/example_dags/example_latest_only_with_trigger.py
[2024-11-06T10:58:51.195-1100] {processor.py:925} INFO - DAG(s) 'latest_only_with_trigger' retrieved from /home/ouaillaamiri/Development/lsi_3/airflow/venv/lib/python3.11/site-packages/airflow/example_dags/example_latest_only_with_trigger.py
[2024-11-06T10:58:51.274-1100] {logging_mixin.py:190} INFO - [2024-11-06T10:58:51.274-1100] {dag.py:3239} INFO - Sync 1 DAGs
[2024-11-06T10:58:51.324-1100] {logging_mixin.py:190} INFO - [2024-11-06T10:58:51.324-1100] {dag.py:4180} INFO - Setting next_dagrun for latest_only_with_trigger to 2024-11-06 16:00:00+00:00, run_after=2024-11-06 20:00:00+00:00
[2024-11-06T10:58:51.362-1100] {processor.py:208} INFO - Processing /home/ouaillaamiri/Development/lsi_3/airflow/venv/lib/python3.11/site-packages/airflow/example_dags/example_latest_only_with_trigger.py took 0.203 seconds
[2024-11-06T10:59:21.785-1100] {processor.py:186} INFO - Started process (PID=227253) to work on /home/ouaillaamiri/Development/lsi_3/airflow/venv/lib/python3.11/site-packages/airflow/example_dags/example_latest_only_with_trigger.py
[2024-11-06T10:59:21.787-1100] {processor.py:914} INFO - Processing file /home/ouaillaamiri/Development/lsi_3/airflow/venv/lib/python3.11/site-packages/airflow/example_dags/example_latest_only_with_trigger.py for tasks to queue
[2024-11-06T10:59:21.790-1100] {logging_mixin.py:190} INFO - [2024-11-06T10:59:21.790-1100] {dagbag.py:588} INFO - Filling up the DagBag from /home/ouaillaamiri/Development/lsi_3/airflow/venv/lib/python3.11/site-packages/airflow/example_dags/example_latest_only_with_trigger.py
[2024-11-06T10:59:21.805-1100] {processor.py:925} INFO - DAG(s) 'latest_only_with_trigger' retrieved from /home/ouaillaamiri/Development/lsi_3/airflow/venv/lib/python3.11/site-packages/airflow/example_dags/example_latest_only_with_trigger.py
[2024-11-06T10:59:21.880-1100] {logging_mixin.py:190} INFO - [2024-11-06T10:59:21.879-1100] {dag.py:3239} INFO - Sync 1 DAGs
[2024-11-06T10:59:21.923-1100] {logging_mixin.py:190} INFO - [2024-11-06T10:59:21.923-1100] {dag.py:4180} INFO - Setting next_dagrun for latest_only_with_trigger to 2024-11-06 16:00:00+00:00, run_after=2024-11-06 20:00:00+00:00
[2024-11-06T10:59:21.956-1100] {processor.py:208} INFO - Processing /home/ouaillaamiri/Development/lsi_3/airflow/venv/lib/python3.11/site-packages/airflow/example_dags/example_latest_only_with_trigger.py took 0.181 seconds
[2024-11-06T10:59:53.095-1100] {processor.py:186} INFO - Started process (PID=227648) to work on /home/ouaillaamiri/Development/lsi_3/airflow/venv/lib/python3.11/site-packages/airflow/example_dags/example_latest_only_with_trigger.py
[2024-11-06T10:59:53.097-1100] {processor.py:914} INFO - Processing file /home/ouaillaamiri/Development/lsi_3/airflow/venv/lib/python3.11/site-packages/airflow/example_dags/example_latest_only_with_trigger.py for tasks to queue
[2024-11-06T10:59:53.100-1100] {logging_mixin.py:190} INFO - [2024-11-06T10:59:53.100-1100] {dagbag.py:588} INFO - Filling up the DagBag from /home/ouaillaamiri/Development/lsi_3/airflow/venv/lib/python3.11/site-packages/airflow/example_dags/example_latest_only_with_trigger.py
[2024-11-06T10:59:53.113-1100] {processor.py:925} INFO - DAG(s) 'latest_only_with_trigger' retrieved from /home/ouaillaamiri/Development/lsi_3/airflow/venv/lib/python3.11/site-packages/airflow/example_dags/example_latest_only_with_trigger.py
[2024-11-06T10:59:53.174-1100] {logging_mixin.py:190} INFO - [2024-11-06T10:59:53.174-1100] {dag.py:3239} INFO - Sync 1 DAGs
[2024-11-06T10:59:53.216-1100] {logging_mixin.py:190} INFO - [2024-11-06T10:59:53.216-1100] {dag.py:4180} INFO - Setting next_dagrun for latest_only_with_trigger to 2024-11-06 16:00:00+00:00, run_after=2024-11-06 20:00:00+00:00
[2024-11-06T10:59:53.251-1100] {processor.py:208} INFO - Processing /home/ouaillaamiri/Development/lsi_3/airflow/venv/lib/python3.11/site-packages/airflow/example_dags/example_latest_only_with_trigger.py took 0.165 seconds
[2024-11-06T11:00:59.634-1100] {processor.py:186} INFO - Started process (PID=228905) to work on /home/ouaillaamiri/Development/lsi_3/airflow/venv/lib/python3.11/site-packages/airflow/example_dags/example_latest_only_with_trigger.py
[2024-11-06T11:00:59.637-1100] {processor.py:914} INFO - Processing file /home/ouaillaamiri/Development/lsi_3/airflow/venv/lib/python3.11/site-packages/airflow/example_dags/example_latest_only_with_trigger.py for tasks to queue
[2024-11-06T11:00:59.643-1100] {logging_mixin.py:190} INFO - [2024-11-06T11:00:59.642-1100] {dagbag.py:588} INFO - Filling up the DagBag from /home/ouaillaamiri/Development/lsi_3/airflow/venv/lib/python3.11/site-packages/airflow/example_dags/example_latest_only_with_trigger.py
[2024-11-06T11:00:59.667-1100] {processor.py:925} INFO - DAG(s) 'latest_only_with_trigger' retrieved from /home/ouaillaamiri/Development/lsi_3/airflow/venv/lib/python3.11/site-packages/airflow/example_dags/example_latest_only_with_trigger.py
[2024-11-06T11:00:59.766-1100] {logging_mixin.py:190} INFO - [2024-11-06T11:00:59.765-1100] {dag.py:3239} INFO - Sync 1 DAGs
[2024-11-06T11:00:59.844-1100] {logging_mixin.py:190} INFO - [2024-11-06T11:00:59.843-1100] {dag.py:4180} INFO - Setting next_dagrun for latest_only_with_trigger to 2024-11-06 16:00:00+00:00, run_after=2024-11-06 20:00:00+00:00
[2024-11-06T11:00:59.912-1100] {processor.py:208} INFO - Processing /home/ouaillaamiri/Development/lsi_3/airflow/venv/lib/python3.11/site-packages/airflow/example_dags/example_latest_only_with_trigger.py took 0.295 seconds
[2024-11-06T11:01:30.730-1100] {processor.py:186} INFO - Started process (PID=229430) to work on /home/ouaillaamiri/Development/lsi_3/airflow/venv/lib/python3.11/site-packages/airflow/example_dags/example_latest_only_with_trigger.py
[2024-11-06T11:01:30.733-1100] {processor.py:914} INFO - Processing file /home/ouaillaamiri/Development/lsi_3/airflow/venv/lib/python3.11/site-packages/airflow/example_dags/example_latest_only_with_trigger.py for tasks to queue
[2024-11-06T11:01:30.739-1100] {logging_mixin.py:190} INFO - [2024-11-06T11:01:30.738-1100] {dagbag.py:588} INFO - Filling up the DagBag from /home/ouaillaamiri/Development/lsi_3/airflow/venv/lib/python3.11/site-packages/airflow/example_dags/example_latest_only_with_trigger.py
[2024-11-06T11:01:30.762-1100] {processor.py:925} INFO - DAG(s) 'latest_only_with_trigger' retrieved from /home/ouaillaamiri/Development/lsi_3/airflow/venv/lib/python3.11/site-packages/airflow/example_dags/example_latest_only_with_trigger.py
[2024-11-06T11:01:30.843-1100] {logging_mixin.py:190} INFO - [2024-11-06T11:01:30.843-1100] {dag.py:3239} INFO - Sync 1 DAGs
[2024-11-06T11:01:30.894-1100] {logging_mixin.py:190} INFO - [2024-11-06T11:01:30.893-1100] {dag.py:4180} INFO - Setting next_dagrun for latest_only_with_trigger to 2024-11-06 16:00:00+00:00, run_after=2024-11-06 20:00:00+00:00
[2024-11-06T11:01:30.937-1100] {processor.py:208} INFO - Processing /home/ouaillaamiri/Development/lsi_3/airflow/venv/lib/python3.11/site-packages/airflow/example_dags/example_latest_only_with_trigger.py took 0.221 seconds
[2024-11-06T11:02:01.069-1100] {processor.py:186} INFO - Started process (PID=229802) to work on /home/ouaillaamiri/Development/lsi_3/airflow/venv/lib/python3.11/site-packages/airflow/example_dags/example_latest_only_with_trigger.py
[2024-11-06T11:02:01.071-1100] {processor.py:914} INFO - Processing file /home/ouaillaamiri/Development/lsi_3/airflow/venv/lib/python3.11/site-packages/airflow/example_dags/example_latest_only_with_trigger.py for tasks to queue
[2024-11-06T11:02:01.077-1100] {logging_mixin.py:190} INFO - [2024-11-06T11:02:01.076-1100] {dagbag.py:588} INFO - Filling up the DagBag from /home/ouaillaamiri/Development/lsi_3/airflow/venv/lib/python3.11/site-packages/airflow/example_dags/example_latest_only_with_trigger.py
[2024-11-06T11:02:01.096-1100] {processor.py:925} INFO - DAG(s) 'latest_only_with_trigger' retrieved from /home/ouaillaamiri/Development/lsi_3/airflow/venv/lib/python3.11/site-packages/airflow/example_dags/example_latest_only_with_trigger.py
[2024-11-06T11:02:01.183-1100] {logging_mixin.py:190} INFO - [2024-11-06T11:02:01.183-1100] {dag.py:3239} INFO - Sync 1 DAGs
[2024-11-06T11:02:01.255-1100] {logging_mixin.py:190} INFO - [2024-11-06T11:02:01.254-1100] {dag.py:4180} INFO - Setting next_dagrun for latest_only_with_trigger to 2024-11-06 16:00:00+00:00, run_after=2024-11-06 20:00:00+00:00
[2024-11-06T11:02:01.315-1100] {processor.py:208} INFO - Processing /home/ouaillaamiri/Development/lsi_3/airflow/venv/lib/python3.11/site-packages/airflow/example_dags/example_latest_only_with_trigger.py took 0.259 seconds
[2024-11-06T11:02:31.573-1100] {processor.py:186} INFO - Started process (PID=230541) to work on /home/ouaillaamiri/Development/lsi_3/airflow/venv/lib/python3.11/site-packages/airflow/example_dags/example_latest_only_with_trigger.py
[2024-11-06T11:02:31.575-1100] {processor.py:914} INFO - Processing file /home/ouaillaamiri/Development/lsi_3/airflow/venv/lib/python3.11/site-packages/airflow/example_dags/example_latest_only_with_trigger.py for tasks to queue
[2024-11-06T11:02:31.580-1100] {logging_mixin.py:190} INFO - [2024-11-06T11:02:31.579-1100] {dagbag.py:588} INFO - Filling up the DagBag from /home/ouaillaamiri/Development/lsi_3/airflow/venv/lib/python3.11/site-packages/airflow/example_dags/example_latest_only_with_trigger.py
[2024-11-06T11:02:31.595-1100] {processor.py:925} INFO - DAG(s) 'latest_only_with_trigger' retrieved from /home/ouaillaamiri/Development/lsi_3/airflow/venv/lib/python3.11/site-packages/airflow/example_dags/example_latest_only_with_trigger.py
[2024-11-06T11:02:31.671-1100] {logging_mixin.py:190} INFO - [2024-11-06T11:02:31.670-1100] {dag.py:3239} INFO - Sync 1 DAGs
[2024-11-06T11:02:31.732-1100] {logging_mixin.py:190} INFO - [2024-11-06T11:02:31.731-1100] {dag.py:4180} INFO - Setting next_dagrun for latest_only_with_trigger to 2024-11-06 16:00:00+00:00, run_after=2024-11-06 20:00:00+00:00
[2024-11-06T11:02:31.790-1100] {processor.py:208} INFO - Processing /home/ouaillaamiri/Development/lsi_3/airflow/venv/lib/python3.11/site-packages/airflow/example_dags/example_latest_only_with_trigger.py took 0.228 seconds
[2024-11-06T11:03:02.418-1100] {processor.py:186} INFO - Started process (PID=231380) to work on /home/ouaillaamiri/Development/lsi_3/airflow/venv/lib/python3.11/site-packages/airflow/example_dags/example_latest_only_with_trigger.py
[2024-11-06T11:03:02.420-1100] {processor.py:914} INFO - Processing file /home/ouaillaamiri/Development/lsi_3/airflow/venv/lib/python3.11/site-packages/airflow/example_dags/example_latest_only_with_trigger.py for tasks to queue
[2024-11-06T11:03:02.426-1100] {logging_mixin.py:190} INFO - [2024-11-06T11:03:02.425-1100] {dagbag.py:588} INFO - Filling up the DagBag from /home/ouaillaamiri/Development/lsi_3/airflow/venv/lib/python3.11/site-packages/airflow/example_dags/example_latest_only_with_trigger.py
[2024-11-06T11:03:02.444-1100] {processor.py:925} INFO - DAG(s) 'latest_only_with_trigger' retrieved from /home/ouaillaamiri/Development/lsi_3/airflow/venv/lib/python3.11/site-packages/airflow/example_dags/example_latest_only_with_trigger.py
[2024-11-06T11:03:02.519-1100] {logging_mixin.py:190} INFO - [2024-11-06T11:03:02.518-1100] {dag.py:3239} INFO - Sync 1 DAGs
[2024-11-06T11:03:02.598-1100] {logging_mixin.py:190} INFO - [2024-11-06T11:03:02.597-1100] {dag.py:4180} INFO - Setting next_dagrun for latest_only_with_trigger to 2024-11-06 16:00:00+00:00, run_after=2024-11-06 20:00:00+00:00
[2024-11-06T11:03:02.666-1100] {processor.py:208} INFO - Processing /home/ouaillaamiri/Development/lsi_3/airflow/venv/lib/python3.11/site-packages/airflow/example_dags/example_latest_only_with_trigger.py took 0.263 seconds
[2024-11-06T11:03:34.417-1100] {processor.py:186} INFO - Started process (PID=231897) to work on /home/ouaillaamiri/Development/lsi_3/airflow/venv/lib/python3.11/site-packages/airflow/example_dags/example_latest_only_with_trigger.py
[2024-11-06T11:03:34.419-1100] {processor.py:914} INFO - Processing file /home/ouaillaamiri/Development/lsi_3/airflow/venv/lib/python3.11/site-packages/airflow/example_dags/example_latest_only_with_trigger.py for tasks to queue
[2024-11-06T11:03:34.425-1100] {logging_mixin.py:190} INFO - [2024-11-06T11:03:34.424-1100] {dagbag.py:588} INFO - Filling up the DagBag from /home/ouaillaamiri/Development/lsi_3/airflow/venv/lib/python3.11/site-packages/airflow/example_dags/example_latest_only_with_trigger.py
[2024-11-06T11:03:34.444-1100] {processor.py:925} INFO - DAG(s) 'latest_only_with_trigger' retrieved from /home/ouaillaamiri/Development/lsi_3/airflow/venv/lib/python3.11/site-packages/airflow/example_dags/example_latest_only_with_trigger.py
[2024-11-06T11:03:34.536-1100] {logging_mixin.py:190} INFO - [2024-11-06T11:03:34.535-1100] {dag.py:3239} INFO - Sync 1 DAGs
[2024-11-06T11:03:34.592-1100] {logging_mixin.py:190} INFO - [2024-11-06T11:03:34.592-1100] {dag.py:4180} INFO - Setting next_dagrun for latest_only_with_trigger to 2024-11-06 16:00:00+00:00, run_after=2024-11-06 20:00:00+00:00
[2024-11-06T11:03:34.649-1100] {processor.py:208} INFO - Processing /home/ouaillaamiri/Development/lsi_3/airflow/venv/lib/python3.11/site-packages/airflow/example_dags/example_latest_only_with_trigger.py took 0.246 seconds
[2024-11-06T11:04:04.832-1100] {processor.py:186} INFO - Started process (PID=232418) to work on /home/ouaillaamiri/Development/lsi_3/airflow/venv/lib/python3.11/site-packages/airflow/example_dags/example_latest_only_with_trigger.py
[2024-11-06T11:04:04.834-1100] {processor.py:914} INFO - Processing file /home/ouaillaamiri/Development/lsi_3/airflow/venv/lib/python3.11/site-packages/airflow/example_dags/example_latest_only_with_trigger.py for tasks to queue
[2024-11-06T11:04:04.838-1100] {logging_mixin.py:190} INFO - [2024-11-06T11:04:04.838-1100] {dagbag.py:588} INFO - Filling up the DagBag from /home/ouaillaamiri/Development/lsi_3/airflow/venv/lib/python3.11/site-packages/airflow/example_dags/example_latest_only_with_trigger.py
[2024-11-06T11:04:04.853-1100] {processor.py:925} INFO - DAG(s) 'latest_only_with_trigger' retrieved from /home/ouaillaamiri/Development/lsi_3/airflow/venv/lib/python3.11/site-packages/airflow/example_dags/example_latest_only_with_trigger.py
[2024-11-06T11:04:04.917-1100] {logging_mixin.py:190} INFO - [2024-11-06T11:04:04.916-1100] {dag.py:3239} INFO - Sync 1 DAGs
[2024-11-06T11:04:04.962-1100] {logging_mixin.py:190} INFO - [2024-11-06T11:04:04.962-1100] {dag.py:4180} INFO - Setting next_dagrun for latest_only_with_trigger to 2024-11-06 16:00:00+00:00, run_after=2024-11-06 20:00:00+00:00
[2024-11-06T11:04:04.997-1100] {processor.py:208} INFO - Processing /home/ouaillaamiri/Development/lsi_3/airflow/venv/lib/python3.11/site-packages/airflow/example_dags/example_latest_only_with_trigger.py took 0.175 seconds
[2024-11-06T11:04:35.319-1100] {processor.py:186} INFO - Started process (PID=232796) to work on /home/ouaillaamiri/Development/lsi_3/airflow/venv/lib/python3.11/site-packages/airflow/example_dags/example_latest_only_with_trigger.py
[2024-11-06T11:04:35.321-1100] {processor.py:914} INFO - Processing file /home/ouaillaamiri/Development/lsi_3/airflow/venv/lib/python3.11/site-packages/airflow/example_dags/example_latest_only_with_trigger.py for tasks to queue
[2024-11-06T11:04:35.327-1100] {logging_mixin.py:190} INFO - [2024-11-06T11:04:35.326-1100] {dagbag.py:588} INFO - Filling up the DagBag from /home/ouaillaamiri/Development/lsi_3/airflow/venv/lib/python3.11/site-packages/airflow/example_dags/example_latest_only_with_trigger.py
[2024-11-06T11:04:35.348-1100] {processor.py:925} INFO - DAG(s) 'latest_only_with_trigger' retrieved from /home/ouaillaamiri/Development/lsi_3/airflow/venv/lib/python3.11/site-packages/airflow/example_dags/example_latest_only_with_trigger.py
[2024-11-06T11:04:35.407-1100] {logging_mixin.py:190} INFO - [2024-11-06T11:04:35.406-1100] {dag.py:3239} INFO - Sync 1 DAGs
[2024-11-06T11:04:35.454-1100] {logging_mixin.py:190} INFO - [2024-11-06T11:04:35.454-1100] {dag.py:4180} INFO - Setting next_dagrun for latest_only_with_trigger to 2024-11-06 16:00:00+00:00, run_after=2024-11-06 20:00:00+00:00
[2024-11-06T11:04:35.488-1100] {processor.py:208} INFO - Processing /home/ouaillaamiri/Development/lsi_3/airflow/venv/lib/python3.11/site-packages/airflow/example_dags/example_latest_only_with_trigger.py took 0.186 seconds
