[2024-11-06T10:53:27.101-1100] {processor.py:186} INFO - Started process (PID=219128) to work on /home/ouaillaamiri/Development/lsi_3/airflow/venv/lib/python3.11/site-packages/airflow/example_dags/example_time_delta_sensor_async.py
[2024-11-06T10:53:27.102-1100] {processor.py:914} INFO - Processing file /home/ouaillaamiri/Development/lsi_3/airflow/venv/lib/python3.11/site-packages/airflow/example_dags/example_time_delta_sensor_async.py for tasks to queue
[2024-11-06T10:53:27.104-1100] {logging_mixin.py:190} INFO - [2024-11-06T10:53:27.104-1100] {dagbag.py:588} INFO - Filling up the DagBag from /home/ouaillaamiri/Development/lsi_3/airflow/venv/lib/python3.11/site-packages/airflow/example_dags/example_time_delta_sensor_async.py
[2024-11-06T10:53:27.113-1100] {processor.py:925} INFO - DAG(s) 'example_time_delta_sensor_async' retrieved from /home/ouaillaamiri/Development/lsi_3/airflow/venv/lib/python3.11/site-packages/airflow/example_dags/example_time_delta_sensor_async.py
[2024-11-06T10:53:27.337-1100] {logging_mixin.py:190} INFO - [2024-11-06T10:53:27.335-1100] {override.py:1911} INFO - Created Permission View: can edit on DAG:example_time_delta_sensor_async
[2024-11-06T10:53:27.360-1100] {logging_mixin.py:190} INFO - [2024-11-06T10:53:27.359-1100] {override.py:1911} INFO - Created Permission View: can delete on DAG:example_time_delta_sensor_async
[2024-11-06T10:53:27.378-1100] {logging_mixin.py:190} INFO - [2024-11-06T10:53:27.377-1100] {override.py:1911} INFO - Created Permission View: can read on DAG:example_time_delta_sensor_async
[2024-11-06T10:53:27.399-1100] {logging_mixin.py:190} INFO - [2024-11-06T10:53:27.398-1100] {override.py:1911} INFO - Created Permission View: can delete on DAG Run:example_time_delta_sensor_async
[2024-11-06T10:53:27.419-1100] {logging_mixin.py:190} INFO - [2024-11-06T10:53:27.418-1100] {override.py:1911} INFO - Created Permission View: can create on DAG Run:example_time_delta_sensor_async
[2024-11-06T10:53:27.436-1100] {logging_mixin.py:190} INFO - [2024-11-06T10:53:27.435-1100] {override.py:1911} INFO - Created Permission View: menu access on DAG Run:example_time_delta_sensor_async
[2024-11-06T10:53:27.455-1100] {logging_mixin.py:190} INFO - [2024-11-06T10:53:27.454-1100] {override.py:1911} INFO - Created Permission View: can read on DAG Run:example_time_delta_sensor_async
[2024-11-06T10:53:27.456-1100] {logging_mixin.py:190} INFO - [2024-11-06T10:53:27.456-1100] {dag.py:3239} INFO - Sync 1 DAGs
[2024-11-06T10:53:27.485-1100] {logging_mixin.py:190} INFO - [2024-11-06T10:53:27.485-1100] {dag.py:3262} INFO - Creating ORM DAG for example_time_delta_sensor_async
[2024-11-06T10:53:27.486-1100] {logging_mixin.py:190} INFO - [2024-11-06T10:53:27.486-1100] {dag.py:4180} INFO - Setting next_dagrun for example_time_delta_sensor_async to None, run_after=None
[2024-11-06T10:53:27.524-1100] {processor.py:208} INFO - Processing /home/ouaillaamiri/Development/lsi_3/airflow/venv/lib/python3.11/site-packages/airflow/example_dags/example_time_delta_sensor_async.py took 0.806 seconds
[2024-11-06T10:53:58.441-1100] {processor.py:186} INFO - Started process (PID=219832) to work on /home/ouaillaamiri/Development/lsi_3/airflow/venv/lib/python3.11/site-packages/airflow/example_dags/example_time_delta_sensor_async.py
[2024-11-06T10:53:58.443-1100] {processor.py:914} INFO - Processing file /home/ouaillaamiri/Development/lsi_3/airflow/venv/lib/python3.11/site-packages/airflow/example_dags/example_time_delta_sensor_async.py for tasks to queue
[2024-11-06T10:53:58.449-1100] {logging_mixin.py:190} INFO - [2024-11-06T10:53:58.448-1100] {dagbag.py:588} INFO - Filling up the DagBag from /home/ouaillaamiri/Development/lsi_3/airflow/venv/lib/python3.11/site-packages/airflow/example_dags/example_time_delta_sensor_async.py
[2024-11-06T10:53:58.466-1100] {processor.py:925} INFO - DAG(s) 'example_time_delta_sensor_async' retrieved from /home/ouaillaamiri/Development/lsi_3/airflow/venv/lib/python3.11/site-packages/airflow/example_dags/example_time_delta_sensor_async.py
[2024-11-06T10:53:58.550-1100] {logging_mixin.py:190} INFO - [2024-11-06T10:53:58.549-1100] {dag.py:3239} INFO - Sync 1 DAGs
[2024-11-06T10:53:58.590-1100] {logging_mixin.py:190} INFO - [2024-11-06T10:53:58.590-1100] {dag.py:4180} INFO - Setting next_dagrun for example_time_delta_sensor_async to None, run_after=None
[2024-11-06T10:53:58.654-1100] {processor.py:208} INFO - Processing /home/ouaillaamiri/Development/lsi_3/airflow/venv/lib/python3.11/site-packages/airflow/example_dags/example_time_delta_sensor_async.py took 0.226 seconds
[2024-11-06T10:54:29.070-1100] {processor.py:186} INFO - Started process (PID=220529) to work on /home/ouaillaamiri/Development/lsi_3/airflow/venv/lib/python3.11/site-packages/airflow/example_dags/example_time_delta_sensor_async.py
[2024-11-06T10:54:29.074-1100] {processor.py:914} INFO - Processing file /home/ouaillaamiri/Development/lsi_3/airflow/venv/lib/python3.11/site-packages/airflow/example_dags/example_time_delta_sensor_async.py for tasks to queue
[2024-11-06T10:54:29.078-1100] {logging_mixin.py:190} INFO - [2024-11-06T10:54:29.078-1100] {dagbag.py:588} INFO - Filling up the DagBag from /home/ouaillaamiri/Development/lsi_3/airflow/venv/lib/python3.11/site-packages/airflow/example_dags/example_time_delta_sensor_async.py
[2024-11-06T10:54:29.096-1100] {processor.py:925} INFO - DAG(s) 'example_time_delta_sensor_async' retrieved from /home/ouaillaamiri/Development/lsi_3/airflow/venv/lib/python3.11/site-packages/airflow/example_dags/example_time_delta_sensor_async.py
[2024-11-06T10:54:29.177-1100] {logging_mixin.py:190} INFO - [2024-11-06T10:54:29.176-1100] {dag.py:3239} INFO - Sync 1 DAGs
[2024-11-06T10:54:29.212-1100] {logging_mixin.py:190} INFO - [2024-11-06T10:54:29.211-1100] {dag.py:4180} INFO - Setting next_dagrun for example_time_delta_sensor_async to None, run_after=None
[2024-11-06T10:54:29.261-1100] {processor.py:208} INFO - Processing /home/ouaillaamiri/Development/lsi_3/airflow/venv/lib/python3.11/site-packages/airflow/example_dags/example_time_delta_sensor_async.py took 0.209 seconds
[2024-11-06T10:55:00.069-1100] {processor.py:186} INFO - Started process (PID=220906) to work on /home/ouaillaamiri/Development/lsi_3/airflow/venv/lib/python3.11/site-packages/airflow/example_dags/example_time_delta_sensor_async.py
[2024-11-06T10:55:00.073-1100] {processor.py:914} INFO - Processing file /home/ouaillaamiri/Development/lsi_3/airflow/venv/lib/python3.11/site-packages/airflow/example_dags/example_time_delta_sensor_async.py for tasks to queue
[2024-11-06T10:55:00.078-1100] {logging_mixin.py:190} INFO - [2024-11-06T10:55:00.077-1100] {dagbag.py:588} INFO - Filling up the DagBag from /home/ouaillaamiri/Development/lsi_3/airflow/venv/lib/python3.11/site-packages/airflow/example_dags/example_time_delta_sensor_async.py
[2024-11-06T10:55:00.099-1100] {processor.py:925} INFO - DAG(s) 'example_time_delta_sensor_async' retrieved from /home/ouaillaamiri/Development/lsi_3/airflow/venv/lib/python3.11/site-packages/airflow/example_dags/example_time_delta_sensor_async.py
[2024-11-06T10:55:00.163-1100] {logging_mixin.py:190} INFO - [2024-11-06T10:55:00.162-1100] {dag.py:3239} INFO - Sync 1 DAGs
[2024-11-06T10:55:00.196-1100] {logging_mixin.py:190} INFO - [2024-11-06T10:55:00.196-1100] {dag.py:4180} INFO - Setting next_dagrun for example_time_delta_sensor_async to None, run_after=None
[2024-11-06T10:55:00.246-1100] {processor.py:208} INFO - Processing /home/ouaillaamiri/Development/lsi_3/airflow/venv/lib/python3.11/site-packages/airflow/example_dags/example_time_delta_sensor_async.py took 0.189 seconds
[2024-11-06T10:55:30.476-1100] {processor.py:186} INFO - Started process (PID=221592) to work on /home/ouaillaamiri/Development/lsi_3/airflow/venv/lib/python3.11/site-packages/airflow/example_dags/example_time_delta_sensor_async.py
[2024-11-06T10:55:30.479-1100] {processor.py:914} INFO - Processing file /home/ouaillaamiri/Development/lsi_3/airflow/venv/lib/python3.11/site-packages/airflow/example_dags/example_time_delta_sensor_async.py for tasks to queue
[2024-11-06T10:55:30.487-1100] {logging_mixin.py:190} INFO - [2024-11-06T10:55:30.485-1100] {dagbag.py:588} INFO - Filling up the DagBag from /home/ouaillaamiri/Development/lsi_3/airflow/venv/lib/python3.11/site-packages/airflow/example_dags/example_time_delta_sensor_async.py
[2024-11-06T10:55:30.509-1100] {processor.py:925} INFO - DAG(s) 'example_time_delta_sensor_async' retrieved from /home/ouaillaamiri/Development/lsi_3/airflow/venv/lib/python3.11/site-packages/airflow/example_dags/example_time_delta_sensor_async.py
[2024-11-06T10:55:30.591-1100] {logging_mixin.py:190} INFO - [2024-11-06T10:55:30.590-1100] {dag.py:3239} INFO - Sync 1 DAGs
[2024-11-06T10:55:30.622-1100] {logging_mixin.py:190} INFO - [2024-11-06T10:55:30.622-1100] {dag.py:4180} INFO - Setting next_dagrun for example_time_delta_sensor_async to None, run_after=None
[2024-11-06T10:55:30.667-1100] {processor.py:208} INFO - Processing /home/ouaillaamiri/Development/lsi_3/airflow/venv/lib/python3.11/site-packages/airflow/example_dags/example_time_delta_sensor_async.py took 0.211 seconds
[2024-11-06T10:56:00.873-1100] {processor.py:186} INFO - Started process (PID=221969) to work on /home/ouaillaamiri/Development/lsi_3/airflow/venv/lib/python3.11/site-packages/airflow/example_dags/example_time_delta_sensor_async.py
[2024-11-06T10:56:00.877-1100] {processor.py:914} INFO - Processing file /home/ouaillaamiri/Development/lsi_3/airflow/venv/lib/python3.11/site-packages/airflow/example_dags/example_time_delta_sensor_async.py for tasks to queue
[2024-11-06T10:56:00.882-1100] {logging_mixin.py:190} INFO - [2024-11-06T10:56:00.881-1100] {dagbag.py:588} INFO - Filling up the DagBag from /home/ouaillaamiri/Development/lsi_3/airflow/venv/lib/python3.11/site-packages/airflow/example_dags/example_time_delta_sensor_async.py
[2024-11-06T10:56:00.898-1100] {processor.py:925} INFO - DAG(s) 'example_time_delta_sensor_async' retrieved from /home/ouaillaamiri/Development/lsi_3/airflow/venv/lib/python3.11/site-packages/airflow/example_dags/example_time_delta_sensor_async.py
[2024-11-06T10:56:00.966-1100] {logging_mixin.py:190} INFO - [2024-11-06T10:56:00.966-1100] {dag.py:3239} INFO - Sync 1 DAGs
[2024-11-06T10:56:00.994-1100] {logging_mixin.py:190} INFO - [2024-11-06T10:56:00.994-1100] {dag.py:4180} INFO - Setting next_dagrun for example_time_delta_sensor_async to None, run_after=None
[2024-11-06T10:56:01.030-1100] {processor.py:208} INFO - Processing /home/ouaillaamiri/Development/lsi_3/airflow/venv/lib/python3.11/site-packages/airflow/example_dags/example_time_delta_sensor_async.py took 0.170 seconds
[2024-11-06T10:56:43.236-1100] {processor.py:186} INFO - Started process (PID=223033) to work on /home/ouaillaamiri/Development/lsi_3/airflow/venv/lib/python3.11/site-packages/airflow/example_dags/example_time_delta_sensor_async.py
[2024-11-06T10:56:43.238-1100] {processor.py:914} INFO - Processing file /home/ouaillaamiri/Development/lsi_3/airflow/venv/lib/python3.11/site-packages/airflow/example_dags/example_time_delta_sensor_async.py for tasks to queue
[2024-11-06T10:56:43.242-1100] {logging_mixin.py:190} INFO - [2024-11-06T10:56:43.241-1100] {dagbag.py:588} INFO - Filling up the DagBag from /home/ouaillaamiri/Development/lsi_3/airflow/venv/lib/python3.11/site-packages/airflow/example_dags/example_time_delta_sensor_async.py
[2024-11-06T10:56:43.255-1100] {processor.py:925} INFO - DAG(s) 'example_time_delta_sensor_async' retrieved from /home/ouaillaamiri/Development/lsi_3/airflow/venv/lib/python3.11/site-packages/airflow/example_dags/example_time_delta_sensor_async.py
[2024-11-06T10:56:43.335-1100] {logging_mixin.py:190} INFO - [2024-11-06T10:56:43.335-1100] {dag.py:3239} INFO - Sync 1 DAGs
[2024-11-06T10:56:43.374-1100] {logging_mixin.py:190} INFO - [2024-11-06T10:56:43.373-1100] {dag.py:4180} INFO - Setting next_dagrun for example_time_delta_sensor_async to None, run_after=None
[2024-11-06T10:56:43.415-1100] {processor.py:208} INFO - Processing /home/ouaillaamiri/Development/lsi_3/airflow/venv/lib/python3.11/site-packages/airflow/example_dags/example_time_delta_sensor_async.py took 0.189 seconds
[2024-11-06T10:57:13.920-1100] {processor.py:186} INFO - Started process (PID=224183) to work on /home/ouaillaamiri/Development/lsi_3/airflow/venv/lib/python3.11/site-packages/airflow/example_dags/example_time_delta_sensor_async.py
[2024-11-06T10:57:13.922-1100] {processor.py:914} INFO - Processing file /home/ouaillaamiri/Development/lsi_3/airflow/venv/lib/python3.11/site-packages/airflow/example_dags/example_time_delta_sensor_async.py for tasks to queue
[2024-11-06T10:57:13.927-1100] {logging_mixin.py:190} INFO - [2024-11-06T10:57:13.926-1100] {dagbag.py:588} INFO - Filling up the DagBag from /home/ouaillaamiri/Development/lsi_3/airflow/venv/lib/python3.11/site-packages/airflow/example_dags/example_time_delta_sensor_async.py
[2024-11-06T10:57:13.941-1100] {processor.py:925} INFO - DAG(s) 'example_time_delta_sensor_async' retrieved from /home/ouaillaamiri/Development/lsi_3/airflow/venv/lib/python3.11/site-packages/airflow/example_dags/example_time_delta_sensor_async.py
[2024-11-06T10:57:14.007-1100] {logging_mixin.py:190} INFO - [2024-11-06T10:57:14.006-1100] {dag.py:3239} INFO - Sync 1 DAGs
[2024-11-06T10:57:14.040-1100] {logging_mixin.py:190} INFO - [2024-11-06T10:57:14.039-1100] {dag.py:4180} INFO - Setting next_dagrun for example_time_delta_sensor_async to None, run_after=None
[2024-11-06T10:57:14.085-1100] {processor.py:208} INFO - Processing /home/ouaillaamiri/Development/lsi_3/airflow/venv/lib/python3.11/site-packages/airflow/example_dags/example_time_delta_sensor_async.py took 0.178 seconds
[2024-11-06T10:57:44.257-1100] {processor.py:186} INFO - Started process (PID=224911) to work on /home/ouaillaamiri/Development/lsi_3/airflow/venv/lib/python3.11/site-packages/airflow/example_dags/example_time_delta_sensor_async.py
[2024-11-06T10:57:44.260-1100] {processor.py:914} INFO - Processing file /home/ouaillaamiri/Development/lsi_3/airflow/venv/lib/python3.11/site-packages/airflow/example_dags/example_time_delta_sensor_async.py for tasks to queue
[2024-11-06T10:57:44.266-1100] {logging_mixin.py:190} INFO - [2024-11-06T10:57:44.265-1100] {dagbag.py:588} INFO - Filling up the DagBag from /home/ouaillaamiri/Development/lsi_3/airflow/venv/lib/python3.11/site-packages/airflow/example_dags/example_time_delta_sensor_async.py
[2024-11-06T10:57:44.282-1100] {processor.py:925} INFO - DAG(s) 'example_time_delta_sensor_async' retrieved from /home/ouaillaamiri/Development/lsi_3/airflow/venv/lib/python3.11/site-packages/airflow/example_dags/example_time_delta_sensor_async.py
[2024-11-06T10:57:44.343-1100] {logging_mixin.py:190} INFO - [2024-11-06T10:57:44.342-1100] {dag.py:3239} INFO - Sync 1 DAGs
[2024-11-06T10:57:44.371-1100] {logging_mixin.py:190} INFO - [2024-11-06T10:57:44.370-1100] {dag.py:4180} INFO - Setting next_dagrun for example_time_delta_sensor_async to None, run_after=None
[2024-11-06T10:57:44.408-1100] {processor.py:208} INFO - Processing /home/ouaillaamiri/Development/lsi_3/airflow/venv/lib/python3.11/site-packages/airflow/example_dags/example_time_delta_sensor_async.py took 0.168 seconds
[2024-11-06T10:58:14.822-1100] {processor.py:186} INFO - Started process (PID=225618) to work on /home/ouaillaamiri/Development/lsi_3/airflow/venv/lib/python3.11/site-packages/airflow/example_dags/example_time_delta_sensor_async.py
[2024-11-06T10:58:14.823-1100] {processor.py:914} INFO - Processing file /home/ouaillaamiri/Development/lsi_3/airflow/venv/lib/python3.11/site-packages/airflow/example_dags/example_time_delta_sensor_async.py for tasks to queue
[2024-11-06T10:58:14.828-1100] {logging_mixin.py:190} INFO - [2024-11-06T10:58:14.827-1100] {dagbag.py:588} INFO - Filling up the DagBag from /home/ouaillaamiri/Development/lsi_3/airflow/venv/lib/python3.11/site-packages/airflow/example_dags/example_time_delta_sensor_async.py
[2024-11-06T10:58:14.839-1100] {processor.py:925} INFO - DAG(s) 'example_time_delta_sensor_async' retrieved from /home/ouaillaamiri/Development/lsi_3/airflow/venv/lib/python3.11/site-packages/airflow/example_dags/example_time_delta_sensor_async.py
[2024-11-06T10:58:14.890-1100] {logging_mixin.py:190} INFO - [2024-11-06T10:58:14.889-1100] {dag.py:3239} INFO - Sync 1 DAGs
[2024-11-06T10:58:14.915-1100] {logging_mixin.py:190} INFO - [2024-11-06T10:58:14.914-1100] {dag.py:4180} INFO - Setting next_dagrun for example_time_delta_sensor_async to None, run_after=None
[2024-11-06T10:58:14.949-1100] {processor.py:208} INFO - Processing /home/ouaillaamiri/Development/lsi_3/airflow/venv/lib/python3.11/site-packages/airflow/example_dags/example_time_delta_sensor_async.py took 0.137 seconds
[2024-11-06T10:58:45.111-1100] {processor.py:186} INFO - Started process (PID=226336) to work on /home/ouaillaamiri/Development/lsi_3/airflow/venv/lib/python3.11/site-packages/airflow/example_dags/example_time_delta_sensor_async.py
[2024-11-06T10:58:45.113-1100] {processor.py:914} INFO - Processing file /home/ouaillaamiri/Development/lsi_3/airflow/venv/lib/python3.11/site-packages/airflow/example_dags/example_time_delta_sensor_async.py for tasks to queue
[2024-11-06T10:58:45.117-1100] {logging_mixin.py:190} INFO - [2024-11-06T10:58:45.117-1100] {dagbag.py:588} INFO - Filling up the DagBag from /home/ouaillaamiri/Development/lsi_3/airflow/venv/lib/python3.11/site-packages/airflow/example_dags/example_time_delta_sensor_async.py
[2024-11-06T10:58:45.130-1100] {processor.py:925} INFO - DAG(s) 'example_time_delta_sensor_async' retrieved from /home/ouaillaamiri/Development/lsi_3/airflow/venv/lib/python3.11/site-packages/airflow/example_dags/example_time_delta_sensor_async.py
[2024-11-06T10:58:45.193-1100] {logging_mixin.py:190} INFO - [2024-11-06T10:58:45.192-1100] {dag.py:3239} INFO - Sync 1 DAGs
[2024-11-06T10:58:45.221-1100] {logging_mixin.py:190} INFO - [2024-11-06T10:58:45.220-1100] {dag.py:4180} INFO - Setting next_dagrun for example_time_delta_sensor_async to None, run_after=None
[2024-11-06T10:58:45.257-1100] {processor.py:208} INFO - Processing /home/ouaillaamiri/Development/lsi_3/airflow/venv/lib/python3.11/site-packages/airflow/example_dags/example_time_delta_sensor_async.py took 0.158 seconds
[2024-11-06T10:59:15.602-1100] {processor.py:186} INFO - Started process (PID=227043) to work on /home/ouaillaamiri/Development/lsi_3/airflow/venv/lib/python3.11/site-packages/airflow/example_dags/example_time_delta_sensor_async.py
[2024-11-06T10:59:15.604-1100] {processor.py:914} INFO - Processing file /home/ouaillaamiri/Development/lsi_3/airflow/venv/lib/python3.11/site-packages/airflow/example_dags/example_time_delta_sensor_async.py for tasks to queue
[2024-11-06T10:59:15.609-1100] {logging_mixin.py:190} INFO - [2024-11-06T10:59:15.608-1100] {dagbag.py:588} INFO - Filling up the DagBag from /home/ouaillaamiri/Development/lsi_3/airflow/venv/lib/python3.11/site-packages/airflow/example_dags/example_time_delta_sensor_async.py
[2024-11-06T10:59:15.622-1100] {processor.py:925} INFO - DAG(s) 'example_time_delta_sensor_async' retrieved from /home/ouaillaamiri/Development/lsi_3/airflow/venv/lib/python3.11/site-packages/airflow/example_dags/example_time_delta_sensor_async.py
[2024-11-06T10:59:15.683-1100] {logging_mixin.py:190} INFO - [2024-11-06T10:59:15.683-1100] {dag.py:3239} INFO - Sync 1 DAGs
[2024-11-06T10:59:15.712-1100] {logging_mixin.py:190} INFO - [2024-11-06T10:59:15.711-1100] {dag.py:4180} INFO - Setting next_dagrun for example_time_delta_sensor_async to None, run_after=None
[2024-11-06T10:59:15.753-1100] {processor.py:208} INFO - Processing /home/ouaillaamiri/Development/lsi_3/airflow/venv/lib/python3.11/site-packages/airflow/example_dags/example_time_delta_sensor_async.py took 0.163 seconds
[2024-11-06T10:59:45.989-1100] {processor.py:186} INFO - Started process (PID=227435) to work on /home/ouaillaamiri/Development/lsi_3/airflow/venv/lib/python3.11/site-packages/airflow/example_dags/example_time_delta_sensor_async.py
[2024-11-06T10:59:45.993-1100] {processor.py:914} INFO - Processing file /home/ouaillaamiri/Development/lsi_3/airflow/venv/lib/python3.11/site-packages/airflow/example_dags/example_time_delta_sensor_async.py for tasks to queue
[2024-11-06T10:59:45.998-1100] {logging_mixin.py:190} INFO - [2024-11-06T10:59:45.997-1100] {dagbag.py:588} INFO - Filling up the DagBag from /home/ouaillaamiri/Development/lsi_3/airflow/venv/lib/python3.11/site-packages/airflow/example_dags/example_time_delta_sensor_async.py
[2024-11-06T10:59:46.011-1100] {processor.py:925} INFO - DAG(s) 'example_time_delta_sensor_async' retrieved from /home/ouaillaamiri/Development/lsi_3/airflow/venv/lib/python3.11/site-packages/airflow/example_dags/example_time_delta_sensor_async.py
[2024-11-06T10:59:46.070-1100] {logging_mixin.py:190} INFO - [2024-11-06T10:59:46.070-1100] {dag.py:3239} INFO - Sync 1 DAGs
[2024-11-06T10:59:46.098-1100] {logging_mixin.py:190} INFO - [2024-11-06T10:59:46.097-1100] {dag.py:4180} INFO - Setting next_dagrun for example_time_delta_sensor_async to None, run_after=None
[2024-11-06T10:59:46.132-1100] {processor.py:208} INFO - Processing /home/ouaillaamiri/Development/lsi_3/airflow/venv/lib/python3.11/site-packages/airflow/example_dags/example_time_delta_sensor_async.py took 0.153 seconds
[2024-11-06T11:00:16.420-1100] {processor.py:186} INFO - Started process (PID=227848) to work on /home/ouaillaamiri/Development/lsi_3/airflow/venv/lib/python3.11/site-packages/airflow/example_dags/example_time_delta_sensor_async.py
[2024-11-06T11:00:16.422-1100] {processor.py:914} INFO - Processing file /home/ouaillaamiri/Development/lsi_3/airflow/venv/lib/python3.11/site-packages/airflow/example_dags/example_time_delta_sensor_async.py for tasks to queue
[2024-11-06T11:00:16.428-1100] {logging_mixin.py:190} INFO - [2024-11-06T11:00:16.427-1100] {dagbag.py:588} INFO - Filling up the DagBag from /home/ouaillaamiri/Development/lsi_3/airflow/venv/lib/python3.11/site-packages/airflow/example_dags/example_time_delta_sensor_async.py
[2024-11-06T11:00:16.444-1100] {processor.py:925} INFO - DAG(s) 'example_time_delta_sensor_async' retrieved from /home/ouaillaamiri/Development/lsi_3/airflow/venv/lib/python3.11/site-packages/airflow/example_dags/example_time_delta_sensor_async.py
[2024-11-06T11:00:16.513-1100] {logging_mixin.py:190} INFO - [2024-11-06T11:00:16.512-1100] {dag.py:3239} INFO - Sync 1 DAGs
[2024-11-06T11:00:16.543-1100] {logging_mixin.py:190} INFO - [2024-11-06T11:00:16.542-1100] {dag.py:4180} INFO - Setting next_dagrun for example_time_delta_sensor_async to None, run_after=None
[2024-11-06T11:00:16.577-1100] {processor.py:208} INFO - Processing /home/ouaillaamiri/Development/lsi_3/airflow/venv/lib/python3.11/site-packages/airflow/example_dags/example_time_delta_sensor_async.py took 0.171 seconds
[2024-11-06T11:00:54.698-1100] {processor.py:186} INFO - Started process (PID=228601) to work on /home/ouaillaamiri/Development/lsi_3/airflow/venv/lib/python3.11/site-packages/airflow/example_dags/example_time_delta_sensor_async.py
[2024-11-06T11:00:54.700-1100] {processor.py:914} INFO - Processing file /home/ouaillaamiri/Development/lsi_3/airflow/venv/lib/python3.11/site-packages/airflow/example_dags/example_time_delta_sensor_async.py for tasks to queue
[2024-11-06T11:00:54.705-1100] {logging_mixin.py:190} INFO - [2024-11-06T11:00:54.705-1100] {dagbag.py:588} INFO - Filling up the DagBag from /home/ouaillaamiri/Development/lsi_3/airflow/venv/lib/python3.11/site-packages/airflow/example_dags/example_time_delta_sensor_async.py
[2024-11-06T11:00:54.720-1100] {processor.py:925} INFO - DAG(s) 'example_time_delta_sensor_async' retrieved from /home/ouaillaamiri/Development/lsi_3/airflow/venv/lib/python3.11/site-packages/airflow/example_dags/example_time_delta_sensor_async.py
[2024-11-06T11:00:54.794-1100] {logging_mixin.py:190} INFO - [2024-11-06T11:00:54.793-1100] {dag.py:3239} INFO - Sync 1 DAGs
[2024-11-06T11:00:54.823-1100] {logging_mixin.py:190} INFO - [2024-11-06T11:00:54.822-1100] {dag.py:4180} INFO - Setting next_dagrun for example_time_delta_sensor_async to None, run_after=None
[2024-11-06T11:00:54.865-1100] {processor.py:208} INFO - Processing /home/ouaillaamiri/Development/lsi_3/airflow/venv/lib/python3.11/site-packages/airflow/example_dags/example_time_delta_sensor_async.py took 0.186 seconds
[2024-11-06T11:01:25.378-1100] {processor.py:186} INFO - Started process (PID=229221) to work on /home/ouaillaamiri/Development/lsi_3/airflow/venv/lib/python3.11/site-packages/airflow/example_dags/example_time_delta_sensor_async.py
[2024-11-06T11:01:25.380-1100] {processor.py:914} INFO - Processing file /home/ouaillaamiri/Development/lsi_3/airflow/venv/lib/python3.11/site-packages/airflow/example_dags/example_time_delta_sensor_async.py for tasks to queue
[2024-11-06T11:01:25.385-1100] {logging_mixin.py:190} INFO - [2024-11-06T11:01:25.384-1100] {dagbag.py:588} INFO - Filling up the DagBag from /home/ouaillaamiri/Development/lsi_3/airflow/venv/lib/python3.11/site-packages/airflow/example_dags/example_time_delta_sensor_async.py
[2024-11-06T11:01:25.405-1100] {processor.py:925} INFO - DAG(s) 'example_time_delta_sensor_async' retrieved from /home/ouaillaamiri/Development/lsi_3/airflow/venv/lib/python3.11/site-packages/airflow/example_dags/example_time_delta_sensor_async.py
[2024-11-06T11:01:25.482-1100] {logging_mixin.py:190} INFO - [2024-11-06T11:01:25.482-1100] {dag.py:3239} INFO - Sync 1 DAGs
[2024-11-06T11:01:25.521-1100] {logging_mixin.py:190} INFO - [2024-11-06T11:01:25.520-1100] {dag.py:4180} INFO - Setting next_dagrun for example_time_delta_sensor_async to None, run_after=None
[2024-11-06T11:01:25.568-1100] {processor.py:208} INFO - Processing /home/ouaillaamiri/Development/lsi_3/airflow/venv/lib/python3.11/site-packages/airflow/example_dags/example_time_delta_sensor_async.py took 0.202 seconds
[2024-11-06T11:01:55.803-1100] {processor.py:186} INFO - Started process (PID=229592) to work on /home/ouaillaamiri/Development/lsi_3/airflow/venv/lib/python3.11/site-packages/airflow/example_dags/example_time_delta_sensor_async.py
[2024-11-06T11:01:55.805-1100] {processor.py:914} INFO - Processing file /home/ouaillaamiri/Development/lsi_3/airflow/venv/lib/python3.11/site-packages/airflow/example_dags/example_time_delta_sensor_async.py for tasks to queue
[2024-11-06T11:01:55.812-1100] {logging_mixin.py:190} INFO - [2024-11-06T11:01:55.811-1100] {dagbag.py:588} INFO - Filling up the DagBag from /home/ouaillaamiri/Development/lsi_3/airflow/venv/lib/python3.11/site-packages/airflow/example_dags/example_time_delta_sensor_async.py
[2024-11-06T11:01:55.827-1100] {processor.py:925} INFO - DAG(s) 'example_time_delta_sensor_async' retrieved from /home/ouaillaamiri/Development/lsi_3/airflow/venv/lib/python3.11/site-packages/airflow/example_dags/example_time_delta_sensor_async.py
[2024-11-06T11:01:55.885-1100] {logging_mixin.py:190} INFO - [2024-11-06T11:01:55.884-1100] {dag.py:3239} INFO - Sync 1 DAGs
[2024-11-06T11:01:55.911-1100] {logging_mixin.py:190} INFO - [2024-11-06T11:01:55.910-1100] {dag.py:4180} INFO - Setting next_dagrun for example_time_delta_sensor_async to None, run_after=None
[2024-11-06T11:01:55.947-1100] {processor.py:208} INFO - Processing /home/ouaillaamiri/Development/lsi_3/airflow/venv/lib/python3.11/site-packages/airflow/example_dags/example_time_delta_sensor_async.py took 0.155 seconds
[2024-11-06T11:02:26.497-1100] {processor.py:186} INFO - Started process (PID=230185) to work on /home/ouaillaamiri/Development/lsi_3/airflow/venv/lib/python3.11/site-packages/airflow/example_dags/example_time_delta_sensor_async.py
[2024-11-06T11:02:26.499-1100] {processor.py:914} INFO - Processing file /home/ouaillaamiri/Development/lsi_3/airflow/venv/lib/python3.11/site-packages/airflow/example_dags/example_time_delta_sensor_async.py for tasks to queue
[2024-11-06T11:02:26.503-1100] {logging_mixin.py:190} INFO - [2024-11-06T11:02:26.502-1100] {dagbag.py:588} INFO - Filling up the DagBag from /home/ouaillaamiri/Development/lsi_3/airflow/venv/lib/python3.11/site-packages/airflow/example_dags/example_time_delta_sensor_async.py
[2024-11-06T11:02:26.515-1100] {processor.py:925} INFO - DAG(s) 'example_time_delta_sensor_async' retrieved from /home/ouaillaamiri/Development/lsi_3/airflow/venv/lib/python3.11/site-packages/airflow/example_dags/example_time_delta_sensor_async.py
[2024-11-06T11:02:26.568-1100] {logging_mixin.py:190} INFO - [2024-11-06T11:02:26.567-1100] {dag.py:3239} INFO - Sync 1 DAGs
[2024-11-06T11:02:26.598-1100] {logging_mixin.py:190} INFO - [2024-11-06T11:02:26.597-1100] {dag.py:4180} INFO - Setting next_dagrun for example_time_delta_sensor_async to None, run_after=None
[2024-11-06T11:02:26.645-1100] {processor.py:208} INFO - Processing /home/ouaillaamiri/Development/lsi_3/airflow/venv/lib/python3.11/site-packages/airflow/example_dags/example_time_delta_sensor_async.py took 0.160 seconds
[2024-11-06T11:02:57.186-1100] {processor.py:186} INFO - Started process (PID=231172) to work on /home/ouaillaamiri/Development/lsi_3/airflow/venv/lib/python3.11/site-packages/airflow/example_dags/example_time_delta_sensor_async.py
[2024-11-06T11:02:57.188-1100] {processor.py:914} INFO - Processing file /home/ouaillaamiri/Development/lsi_3/airflow/venv/lib/python3.11/site-packages/airflow/example_dags/example_time_delta_sensor_async.py for tasks to queue
[2024-11-06T11:02:57.194-1100] {logging_mixin.py:190} INFO - [2024-11-06T11:02:57.193-1100] {dagbag.py:588} INFO - Filling up the DagBag from /home/ouaillaamiri/Development/lsi_3/airflow/venv/lib/python3.11/site-packages/airflow/example_dags/example_time_delta_sensor_async.py
[2024-11-06T11:02:57.211-1100] {processor.py:925} INFO - DAG(s) 'example_time_delta_sensor_async' retrieved from /home/ouaillaamiri/Development/lsi_3/airflow/venv/lib/python3.11/site-packages/airflow/example_dags/example_time_delta_sensor_async.py
[2024-11-06T11:02:57.279-1100] {logging_mixin.py:190} INFO - [2024-11-06T11:02:57.279-1100] {dag.py:3239} INFO - Sync 1 DAGs
[2024-11-06T11:02:57.311-1100] {logging_mixin.py:190} INFO - [2024-11-06T11:02:57.310-1100] {dag.py:4180} INFO - Setting next_dagrun for example_time_delta_sensor_async to None, run_after=None
[2024-11-06T11:02:57.353-1100] {processor.py:208} INFO - Processing /home/ouaillaamiri/Development/lsi_3/airflow/venv/lib/python3.11/site-packages/airflow/example_dags/example_time_delta_sensor_async.py took 0.181 seconds
[2024-11-06T11:03:27.708-1100] {processor.py:186} INFO - Started process (PID=231535) to work on /home/ouaillaamiri/Development/lsi_3/airflow/venv/lib/python3.11/site-packages/airflow/example_dags/example_time_delta_sensor_async.py
[2024-11-06T11:03:27.710-1100] {processor.py:914} INFO - Processing file /home/ouaillaamiri/Development/lsi_3/airflow/venv/lib/python3.11/site-packages/airflow/example_dags/example_time_delta_sensor_async.py for tasks to queue
[2024-11-06T11:03:27.716-1100] {logging_mixin.py:190} INFO - [2024-11-06T11:03:27.715-1100] {dagbag.py:588} INFO - Filling up the DagBag from /home/ouaillaamiri/Development/lsi_3/airflow/venv/lib/python3.11/site-packages/airflow/example_dags/example_time_delta_sensor_async.py
[2024-11-06T11:03:27.731-1100] {processor.py:925} INFO - DAG(s) 'example_time_delta_sensor_async' retrieved from /home/ouaillaamiri/Development/lsi_3/airflow/venv/lib/python3.11/site-packages/airflow/example_dags/example_time_delta_sensor_async.py
[2024-11-06T11:03:27.802-1100] {logging_mixin.py:190} INFO - [2024-11-06T11:03:27.802-1100] {dag.py:3239} INFO - Sync 1 DAGs
[2024-11-06T11:03:27.834-1100] {logging_mixin.py:190} INFO - [2024-11-06T11:03:27.833-1100] {dag.py:4180} INFO - Setting next_dagrun for example_time_delta_sensor_async to None, run_after=None
[2024-11-06T11:03:27.883-1100] {processor.py:208} INFO - Processing /home/ouaillaamiri/Development/lsi_3/airflow/venv/lib/python3.11/site-packages/airflow/example_dags/example_time_delta_sensor_async.py took 0.187 seconds
[2024-11-06T11:03:58.504-1100] {processor.py:186} INFO - Started process (PID=232212) to work on /home/ouaillaamiri/Development/lsi_3/airflow/venv/lib/python3.11/site-packages/airflow/example_dags/example_time_delta_sensor_async.py
[2024-11-06T11:03:58.506-1100] {processor.py:914} INFO - Processing file /home/ouaillaamiri/Development/lsi_3/airflow/venv/lib/python3.11/site-packages/airflow/example_dags/example_time_delta_sensor_async.py for tasks to queue
[2024-11-06T11:03:58.510-1100] {logging_mixin.py:190} INFO - [2024-11-06T11:03:58.509-1100] {dagbag.py:588} INFO - Filling up the DagBag from /home/ouaillaamiri/Development/lsi_3/airflow/venv/lib/python3.11/site-packages/airflow/example_dags/example_time_delta_sensor_async.py
[2024-11-06T11:03:58.522-1100] {processor.py:925} INFO - DAG(s) 'example_time_delta_sensor_async' retrieved from /home/ouaillaamiri/Development/lsi_3/airflow/venv/lib/python3.11/site-packages/airflow/example_dags/example_time_delta_sensor_async.py
[2024-11-06T11:03:58.577-1100] {logging_mixin.py:190} INFO - [2024-11-06T11:03:58.577-1100] {dag.py:3239} INFO - Sync 1 DAGs
[2024-11-06T11:03:58.603-1100] {logging_mixin.py:190} INFO - [2024-11-06T11:03:58.603-1100] {dag.py:4180} INFO - Setting next_dagrun for example_time_delta_sensor_async to None, run_after=None
[2024-11-06T11:03:58.639-1100] {processor.py:208} INFO - Processing /home/ouaillaamiri/Development/lsi_3/airflow/venv/lib/python3.11/site-packages/airflow/example_dags/example_time_delta_sensor_async.py took 0.145 seconds
[2024-11-06T11:04:29.058-1100] {processor.py:186} INFO - Started process (PID=232578) to work on /home/ouaillaamiri/Development/lsi_3/airflow/venv/lib/python3.11/site-packages/airflow/example_dags/example_time_delta_sensor_async.py
[2024-11-06T11:04:29.061-1100] {processor.py:914} INFO - Processing file /home/ouaillaamiri/Development/lsi_3/airflow/venv/lib/python3.11/site-packages/airflow/example_dags/example_time_delta_sensor_async.py for tasks to queue
[2024-11-06T11:04:29.068-1100] {logging_mixin.py:190} INFO - [2024-11-06T11:04:29.067-1100] {dagbag.py:588} INFO - Filling up the DagBag from /home/ouaillaamiri/Development/lsi_3/airflow/venv/lib/python3.11/site-packages/airflow/example_dags/example_time_delta_sensor_async.py
[2024-11-06T11:04:29.085-1100] {processor.py:925} INFO - DAG(s) 'example_time_delta_sensor_async' retrieved from /home/ouaillaamiri/Development/lsi_3/airflow/venv/lib/python3.11/site-packages/airflow/example_dags/example_time_delta_sensor_async.py
[2024-11-06T11:04:29.151-1100] {logging_mixin.py:190} INFO - [2024-11-06T11:04:29.150-1100] {dag.py:3239} INFO - Sync 1 DAGs
[2024-11-06T11:04:29.183-1100] {logging_mixin.py:190} INFO - [2024-11-06T11:04:29.183-1100] {dag.py:4180} INFO - Setting next_dagrun for example_time_delta_sensor_async to None, run_after=None
[2024-11-06T11:04:29.238-1100] {processor.py:208} INFO - Processing /home/ouaillaamiri/Development/lsi_3/airflow/venv/lib/python3.11/site-packages/airflow/example_dags/example_time_delta_sensor_async.py took 0.195 seconds
