[2024-11-06T10:53:40.177-1100] {processor.py:186} INFO - Started process (PID=219681) to work on /home/ouaillaamiri/Development/lsi_3/airflow/venv/lib/python3.11/site-packages/airflow/example_dags/example_branch_datetime_operator.py
[2024-11-06T10:53:40.179-1100] {processor.py:914} INFO - Processing file /home/ouaillaamiri/Development/lsi_3/airflow/venv/lib/python3.11/site-packages/airflow/example_dags/example_branch_datetime_operator.py for tasks to queue
[2024-11-06T10:53:40.186-1100] {logging_mixin.py:190} INFO - [2024-11-06T10:53:40.185-1100] {dagbag.py:588} INFO - Filling up the DagBag from /home/ouaillaamiri/Development/lsi_3/airflow/venv/lib/python3.11/site-packages/airflow/example_dags/example_branch_datetime_operator.py
[2024-11-06T10:53:40.212-1100] {processor.py:925} INFO - DAG(s) 'example_branch_datetime_operator_2', 'example_branch_datetime_operator', 'example_branch_datetime_operator_3' retrieved from /home/ouaillaamiri/Development/lsi_3/airflow/venv/lib/python3.11/site-packages/airflow/example_dags/example_branch_datetime_operator.py
[2024-11-06T10:53:40.412-1100] {logging_mixin.py:190} INFO - [2024-11-06T10:53:40.411-1100] {override.py:1911} INFO - Created Permission View: can edit on DAG:example_branch_datetime_operator_2
[2024-11-06T10:53:40.430-1100] {logging_mixin.py:190} INFO - [2024-11-06T10:53:40.429-1100] {override.py:1911} INFO - Created Permission View: can delete on DAG:example_branch_datetime_operator_2
[2024-11-06T10:53:40.445-1100] {logging_mixin.py:190} INFO - [2024-11-06T10:53:40.445-1100] {override.py:1911} INFO - Created Permission View: can read on DAG:example_branch_datetime_operator_2
[2024-11-06T10:53:40.462-1100] {logging_mixin.py:190} INFO - [2024-11-06T10:53:40.461-1100] {override.py:1911} INFO - Created Permission View: can delete on DAG Run:example_branch_datetime_operator_2
[2024-11-06T10:53:40.474-1100] {logging_mixin.py:190} INFO - [2024-11-06T10:53:40.474-1100] {override.py:1911} INFO - Created Permission View: can create on DAG Run:example_branch_datetime_operator_2
[2024-11-06T10:53:40.489-1100] {logging_mixin.py:190} INFO - [2024-11-06T10:53:40.488-1100] {override.py:1911} INFO - Created Permission View: menu access on DAG Run:example_branch_datetime_operator_2
[2024-11-06T10:53:40.499-1100] {logging_mixin.py:190} INFO - [2024-11-06T10:53:40.498-1100] {override.py:1911} INFO - Created Permission View: can read on DAG Run:example_branch_datetime_operator_2
[2024-11-06T10:53:40.521-1100] {logging_mixin.py:190} INFO - [2024-11-06T10:53:40.520-1100] {override.py:1911} INFO - Created Permission View: can edit on DAG:example_branch_datetime_operator
[2024-11-06T10:53:40.533-1100] {logging_mixin.py:190} INFO - [2024-11-06T10:53:40.533-1100] {override.py:1911} INFO - Created Permission View: can delete on DAG:example_branch_datetime_operator
[2024-11-06T10:53:40.543-1100] {logging_mixin.py:190} INFO - [2024-11-06T10:53:40.543-1100] {override.py:1911} INFO - Created Permission View: can read on DAG:example_branch_datetime_operator
[2024-11-06T10:53:40.555-1100] {logging_mixin.py:190} INFO - [2024-11-06T10:53:40.554-1100] {override.py:1911} INFO - Created Permission View: can delete on DAG Run:example_branch_datetime_operator
[2024-11-06T10:53:40.571-1100] {logging_mixin.py:190} INFO - [2024-11-06T10:53:40.570-1100] {override.py:1911} INFO - Created Permission View: can create on DAG Run:example_branch_datetime_operator
[2024-11-06T10:53:40.585-1100] {logging_mixin.py:190} INFO - [2024-11-06T10:53:40.584-1100] {override.py:1911} INFO - Created Permission View: menu access on DAG Run:example_branch_datetime_operator
[2024-11-06T10:53:40.596-1100] {logging_mixin.py:190} INFO - [2024-11-06T10:53:40.596-1100] {override.py:1911} INFO - Created Permission View: can read on DAG Run:example_branch_datetime_operator
[2024-11-06T10:53:40.621-1100] {logging_mixin.py:190} INFO - [2024-11-06T10:53:40.620-1100] {override.py:1911} INFO - Created Permission View: can edit on DAG:example_branch_datetime_operator_3
[2024-11-06T10:53:40.636-1100] {logging_mixin.py:190} INFO - [2024-11-06T10:53:40.635-1100] {override.py:1911} INFO - Created Permission View: can delete on DAG:example_branch_datetime_operator_3
[2024-11-06T10:53:40.654-1100] {logging_mixin.py:190} INFO - [2024-11-06T10:53:40.652-1100] {override.py:1911} INFO - Created Permission View: can read on DAG:example_branch_datetime_operator_3
[2024-11-06T10:53:40.668-1100] {logging_mixin.py:190} INFO - [2024-11-06T10:53:40.667-1100] {override.py:1911} INFO - Created Permission View: can delete on DAG Run:example_branch_datetime_operator_3
[2024-11-06T10:53:40.682-1100] {logging_mixin.py:190} INFO - [2024-11-06T10:53:40.681-1100] {override.py:1911} INFO - Created Permission View: can create on DAG Run:example_branch_datetime_operator_3
[2024-11-06T10:53:40.694-1100] {logging_mixin.py:190} INFO - [2024-11-06T10:53:40.693-1100] {override.py:1911} INFO - Created Permission View: menu access on DAG Run:example_branch_datetime_operator_3
[2024-11-06T10:53:40.710-1100] {logging_mixin.py:190} INFO - [2024-11-06T10:53:40.710-1100] {override.py:1911} INFO - Created Permission View: can read on DAG Run:example_branch_datetime_operator_3
[2024-11-06T10:53:40.711-1100] {logging_mixin.py:190} INFO - [2024-11-06T10:53:40.711-1100] {dag.py:3239} INFO - Sync 3 DAGs
[2024-11-06T10:53:40.740-1100] {logging_mixin.py:190} INFO - [2024-11-06T10:53:40.739-1100] {dag.py:3262} INFO - Creating ORM DAG for example_branch_datetime_operator
[2024-11-06T10:53:40.741-1100] {logging_mixin.py:190} INFO - [2024-11-06T10:53:40.741-1100] {dag.py:3262} INFO - Creating ORM DAG for example_branch_datetime_operator_2
[2024-11-06T10:53:40.742-1100] {logging_mixin.py:190} INFO - [2024-11-06T10:53:40.742-1100] {dag.py:3262} INFO - Creating ORM DAG for example_branch_datetime_operator_3
[2024-11-06T10:53:40.766-1100] {logging_mixin.py:190} INFO - [2024-11-06T10:53:40.766-1100] {dag.py:4180} INFO - Setting next_dagrun for example_branch_datetime_operator to 2024-11-05 00:00:00+00:00, run_after=2024-11-06 00:00:00+00:00
[2024-11-06T10:53:40.771-1100] {logging_mixin.py:190} INFO - [2024-11-06T10:53:40.771-1100] {dag.py:4180} INFO - Setting next_dagrun for example_branch_datetime_operator_2 to 2024-11-05 00:00:00+00:00, run_after=2024-11-06 00:00:00+00:00
[2024-11-06T10:53:40.774-1100] {logging_mixin.py:190} INFO - [2024-11-06T10:53:40.774-1100] {dag.py:4180} INFO - Setting next_dagrun for example_branch_datetime_operator_3 to 2024-11-05 00:00:00+00:00, run_after=2024-11-06 00:00:00+00:00
[2024-11-06T10:53:40.813-1100] {processor.py:208} INFO - Processing /home/ouaillaamiri/Development/lsi_3/airflow/venv/lib/python3.11/site-packages/airflow/example_dags/example_branch_datetime_operator.py took 0.648 seconds
[2024-11-06T10:54:11.585-1100] {processor.py:186} INFO - Started process (PID=220407) to work on /home/ouaillaamiri/Development/lsi_3/airflow/venv/lib/python3.11/site-packages/airflow/example_dags/example_branch_datetime_operator.py
[2024-11-06T10:54:11.589-1100] {processor.py:914} INFO - Processing file /home/ouaillaamiri/Development/lsi_3/airflow/venv/lib/python3.11/site-packages/airflow/example_dags/example_branch_datetime_operator.py for tasks to queue
[2024-11-06T10:54:11.595-1100] {logging_mixin.py:190} INFO - [2024-11-06T10:54:11.594-1100] {dagbag.py:588} INFO - Filling up the DagBag from /home/ouaillaamiri/Development/lsi_3/airflow/venv/lib/python3.11/site-packages/airflow/example_dags/example_branch_datetime_operator.py
[2024-11-06T10:54:11.621-1100] {processor.py:925} INFO - DAG(s) 'example_branch_datetime_operator_2', 'example_branch_datetime_operator', 'example_branch_datetime_operator_3' retrieved from /home/ouaillaamiri/Development/lsi_3/airflow/venv/lib/python3.11/site-packages/airflow/example_dags/example_branch_datetime_operator.py
[2024-11-06T10:54:11.685-1100] {logging_mixin.py:190} INFO - [2024-11-06T10:54:11.685-1100] {dag.py:3239} INFO - Sync 3 DAGs
[2024-11-06T10:54:11.734-1100] {logging_mixin.py:190} INFO - [2024-11-06T10:54:11.733-1100] {dag.py:4180} INFO - Setting next_dagrun for example_branch_datetime_operator to 2024-11-05 00:00:00+00:00, run_after=2024-11-06 00:00:00+00:00
[2024-11-06T10:54:11.742-1100] {logging_mixin.py:190} INFO - [2024-11-06T10:54:11.742-1100] {dag.py:4180} INFO - Setting next_dagrun for example_branch_datetime_operator_2 to 2024-11-05 00:00:00+00:00, run_after=2024-11-06 00:00:00+00:00
[2024-11-06T10:54:11.746-1100] {logging_mixin.py:190} INFO - [2024-11-06T10:54:11.746-1100] {dag.py:4180} INFO - Setting next_dagrun for example_branch_datetime_operator_3 to 2024-11-05 00:00:00+00:00, run_after=2024-11-06 00:00:00+00:00
[2024-11-06T10:54:11.777-1100] {processor.py:208} INFO - Processing /home/ouaillaamiri/Development/lsi_3/airflow/venv/lib/python3.11/site-packages/airflow/example_dags/example_branch_datetime_operator.py took 0.205 seconds
[2024-11-06T10:54:42.118-1100] {processor.py:186} INFO - Started process (PID=220778) to work on /home/ouaillaamiri/Development/lsi_3/airflow/venv/lib/python3.11/site-packages/airflow/example_dags/example_branch_datetime_operator.py
[2024-11-06T10:54:42.119-1100] {processor.py:914} INFO - Processing file /home/ouaillaamiri/Development/lsi_3/airflow/venv/lib/python3.11/site-packages/airflow/example_dags/example_branch_datetime_operator.py for tasks to queue
[2024-11-06T10:54:42.123-1100] {logging_mixin.py:190} INFO - [2024-11-06T10:54:42.123-1100] {dagbag.py:588} INFO - Filling up the DagBag from /home/ouaillaamiri/Development/lsi_3/airflow/venv/lib/python3.11/site-packages/airflow/example_dags/example_branch_datetime_operator.py
[2024-11-06T10:54:42.144-1100] {processor.py:925} INFO - DAG(s) 'example_branch_datetime_operator_3', 'example_branch_datetime_operator', 'example_branch_datetime_operator_2' retrieved from /home/ouaillaamiri/Development/lsi_3/airflow/venv/lib/python3.11/site-packages/airflow/example_dags/example_branch_datetime_operator.py
[2024-11-06T10:54:42.211-1100] {logging_mixin.py:190} INFO - [2024-11-06T10:54:42.211-1100] {dag.py:3239} INFO - Sync 3 DAGs
[2024-11-06T10:54:42.256-1100] {logging_mixin.py:190} INFO - [2024-11-06T10:54:42.256-1100] {dag.py:4180} INFO - Setting next_dagrun for example_branch_datetime_operator to 2024-11-05 00:00:00+00:00, run_after=2024-11-06 00:00:00+00:00
[2024-11-06T10:54:42.266-1100] {logging_mixin.py:190} INFO - [2024-11-06T10:54:42.265-1100] {dag.py:4180} INFO - Setting next_dagrun for example_branch_datetime_operator_2 to 2024-11-05 00:00:00+00:00, run_after=2024-11-06 00:00:00+00:00
[2024-11-06T10:54:42.272-1100] {logging_mixin.py:190} INFO - [2024-11-06T10:54:42.271-1100] {dag.py:4180} INFO - Setting next_dagrun for example_branch_datetime_operator_3 to 2024-11-05 00:00:00+00:00, run_after=2024-11-06 00:00:00+00:00
[2024-11-06T10:54:42.312-1100] {processor.py:208} INFO - Processing /home/ouaillaamiri/Development/lsi_3/airflow/venv/lib/python3.11/site-packages/airflow/example_dags/example_branch_datetime_operator.py took 0.205 seconds
[2024-11-06T10:55:12.675-1100] {processor.py:186} INFO - Started process (PID=221475) to work on /home/ouaillaamiri/Development/lsi_3/airflow/venv/lib/python3.11/site-packages/airflow/example_dags/example_branch_datetime_operator.py
[2024-11-06T10:55:12.680-1100] {processor.py:914} INFO - Processing file /home/ouaillaamiri/Development/lsi_3/airflow/venv/lib/python3.11/site-packages/airflow/example_dags/example_branch_datetime_operator.py for tasks to queue
[2024-11-06T10:55:12.687-1100] {logging_mixin.py:190} INFO - [2024-11-06T10:55:12.686-1100] {dagbag.py:588} INFO - Filling up the DagBag from /home/ouaillaamiri/Development/lsi_3/airflow/venv/lib/python3.11/site-packages/airflow/example_dags/example_branch_datetime_operator.py
[2024-11-06T10:55:12.716-1100] {processor.py:925} INFO - DAG(s) 'example_branch_datetime_operator_3', 'example_branch_datetime_operator', 'example_branch_datetime_operator_2' retrieved from /home/ouaillaamiri/Development/lsi_3/airflow/venv/lib/python3.11/site-packages/airflow/example_dags/example_branch_datetime_operator.py
[2024-11-06T10:55:12.815-1100] {logging_mixin.py:190} INFO - [2024-11-06T10:55:12.814-1100] {dag.py:3239} INFO - Sync 3 DAGs
[2024-11-06T10:55:12.865-1100] {logging_mixin.py:190} INFO - [2024-11-06T10:55:12.864-1100] {dag.py:4180} INFO - Setting next_dagrun for example_branch_datetime_operator to 2024-11-05 00:00:00+00:00, run_after=2024-11-06 00:00:00+00:00
[2024-11-06T10:55:12.873-1100] {logging_mixin.py:190} INFO - [2024-11-06T10:55:12.873-1100] {dag.py:4180} INFO - Setting next_dagrun for example_branch_datetime_operator_2 to 2024-11-05 00:00:00+00:00, run_after=2024-11-06 00:00:00+00:00
[2024-11-06T10:55:12.878-1100] {logging_mixin.py:190} INFO - [2024-11-06T10:55:12.878-1100] {dag.py:4180} INFO - Setting next_dagrun for example_branch_datetime_operator_3 to 2024-11-05 00:00:00+00:00, run_after=2024-11-06 00:00:00+00:00
[2024-11-06T10:55:12.914-1100] {processor.py:208} INFO - Processing /home/ouaillaamiri/Development/lsi_3/airflow/venv/lib/python3.11/site-packages/airflow/example_dags/example_branch_datetime_operator.py took 0.253 seconds
[2024-11-06T10:55:43.334-1100] {processor.py:186} INFO - Started process (PID=221844) to work on /home/ouaillaamiri/Development/lsi_3/airflow/venv/lib/python3.11/site-packages/airflow/example_dags/example_branch_datetime_operator.py
[2024-11-06T10:55:43.335-1100] {processor.py:914} INFO - Processing file /home/ouaillaamiri/Development/lsi_3/airflow/venv/lib/python3.11/site-packages/airflow/example_dags/example_branch_datetime_operator.py for tasks to queue
[2024-11-06T10:55:43.339-1100] {logging_mixin.py:190} INFO - [2024-11-06T10:55:43.339-1100] {dagbag.py:588} INFO - Filling up the DagBag from /home/ouaillaamiri/Development/lsi_3/airflow/venv/lib/python3.11/site-packages/airflow/example_dags/example_branch_datetime_operator.py
[2024-11-06T10:55:43.358-1100] {processor.py:925} INFO - DAG(s) 'example_branch_datetime_operator_3', 'example_branch_datetime_operator_2', 'example_branch_datetime_operator' retrieved from /home/ouaillaamiri/Development/lsi_3/airflow/venv/lib/python3.11/site-packages/airflow/example_dags/example_branch_datetime_operator.py
[2024-11-06T10:55:43.427-1100] {logging_mixin.py:190} INFO - [2024-11-06T10:55:43.426-1100] {dag.py:3239} INFO - Sync 3 DAGs
[2024-11-06T10:55:43.470-1100] {logging_mixin.py:190} INFO - [2024-11-06T10:55:43.470-1100] {dag.py:4180} INFO - Setting next_dagrun for example_branch_datetime_operator to 2024-11-05 00:00:00+00:00, run_after=2024-11-06 00:00:00+00:00
[2024-11-06T10:55:43.479-1100] {logging_mixin.py:190} INFO - [2024-11-06T10:55:43.478-1100] {dag.py:4180} INFO - Setting next_dagrun for example_branch_datetime_operator_2 to 2024-11-05 00:00:00+00:00, run_after=2024-11-06 00:00:00+00:00
[2024-11-06T10:55:43.484-1100] {logging_mixin.py:190} INFO - [2024-11-06T10:55:43.483-1100] {dag.py:4180} INFO - Setting next_dagrun for example_branch_datetime_operator_3 to 2024-11-05 00:00:00+00:00, run_after=2024-11-06 00:00:00+00:00
[2024-11-06T10:55:43.525-1100] {processor.py:208} INFO - Processing /home/ouaillaamiri/Development/lsi_3/airflow/venv/lib/python3.11/site-packages/airflow/example_dags/example_branch_datetime_operator.py took 0.201 seconds
[2024-11-06T10:56:13.851-1100] {processor.py:186} INFO - Started process (PID=222226) to work on /home/ouaillaamiri/Development/lsi_3/airflow/venv/lib/python3.11/site-packages/airflow/example_dags/example_branch_datetime_operator.py
[2024-11-06T10:56:13.855-1100] {processor.py:914} INFO - Processing file /home/ouaillaamiri/Development/lsi_3/airflow/venv/lib/python3.11/site-packages/airflow/example_dags/example_branch_datetime_operator.py for tasks to queue
[2024-11-06T10:56:13.861-1100] {logging_mixin.py:190} INFO - [2024-11-06T10:56:13.860-1100] {dagbag.py:588} INFO - Filling up the DagBag from /home/ouaillaamiri/Development/lsi_3/airflow/venv/lib/python3.11/site-packages/airflow/example_dags/example_branch_datetime_operator.py
[2024-11-06T10:56:13.884-1100] {processor.py:925} INFO - DAG(s) 'example_branch_datetime_operator_2', 'example_branch_datetime_operator', 'example_branch_datetime_operator_3' retrieved from /home/ouaillaamiri/Development/lsi_3/airflow/venv/lib/python3.11/site-packages/airflow/example_dags/example_branch_datetime_operator.py
[2024-11-06T10:56:13.958-1100] {logging_mixin.py:190} INFO - [2024-11-06T10:56:13.957-1100] {dag.py:3239} INFO - Sync 3 DAGs
[2024-11-06T10:56:14.002-1100] {logging_mixin.py:190} INFO - [2024-11-06T10:56:14.002-1100] {dag.py:4180} INFO - Setting next_dagrun for example_branch_datetime_operator to 2024-11-05 00:00:00+00:00, run_after=2024-11-06 00:00:00+00:00
[2024-11-06T10:56:14.011-1100] {logging_mixin.py:190} INFO - [2024-11-06T10:56:14.011-1100] {dag.py:4180} INFO - Setting next_dagrun for example_branch_datetime_operator_2 to 2024-11-05 00:00:00+00:00, run_after=2024-11-06 00:00:00+00:00
[2024-11-06T10:56:14.016-1100] {logging_mixin.py:190} INFO - [2024-11-06T10:56:14.016-1100] {dag.py:4180} INFO - Setting next_dagrun for example_branch_datetime_operator_3 to 2024-11-05 00:00:00+00:00, run_after=2024-11-06 00:00:00+00:00
[2024-11-06T10:56:14.051-1100] {processor.py:208} INFO - Processing /home/ouaillaamiri/Development/lsi_3/airflow/venv/lib/python3.11/site-packages/airflow/example_dags/example_branch_datetime_operator.py took 0.210 seconds
[2024-11-06T10:56:48.905-1100] {processor.py:186} INFO - Started process (PID=223417) to work on /home/ouaillaamiri/Development/lsi_3/airflow/venv/lib/python3.11/site-packages/airflow/example_dags/example_branch_datetime_operator.py
[2024-11-06T10:56:48.907-1100] {processor.py:914} INFO - Processing file /home/ouaillaamiri/Development/lsi_3/airflow/venv/lib/python3.11/site-packages/airflow/example_dags/example_branch_datetime_operator.py for tasks to queue
[2024-11-06T10:56:48.912-1100] {logging_mixin.py:190} INFO - [2024-11-06T10:56:48.911-1100] {dagbag.py:588} INFO - Filling up the DagBag from /home/ouaillaamiri/Development/lsi_3/airflow/venv/lib/python3.11/site-packages/airflow/example_dags/example_branch_datetime_operator.py
[2024-11-06T10:56:48.936-1100] {processor.py:925} INFO - DAG(s) 'example_branch_datetime_operator_2', 'example_branch_datetime_operator_3', 'example_branch_datetime_operator' retrieved from /home/ouaillaamiri/Development/lsi_3/airflow/venv/lib/python3.11/site-packages/airflow/example_dags/example_branch_datetime_operator.py
[2024-11-06T10:56:48.996-1100] {logging_mixin.py:190} INFO - [2024-11-06T10:56:48.996-1100] {dag.py:3239} INFO - Sync 3 DAGs
[2024-11-06T10:56:49.040-1100] {logging_mixin.py:190} INFO - [2024-11-06T10:56:49.040-1100] {dag.py:4180} INFO - Setting next_dagrun for example_branch_datetime_operator to 2024-11-05 00:00:00+00:00, run_after=2024-11-06 00:00:00+00:00
[2024-11-06T10:56:49.050-1100] {logging_mixin.py:190} INFO - [2024-11-06T10:56:49.049-1100] {dag.py:4180} INFO - Setting next_dagrun for example_branch_datetime_operator_2 to 2024-11-05 00:00:00+00:00, run_after=2024-11-06 00:00:00+00:00
[2024-11-06T10:56:49.055-1100] {logging_mixin.py:190} INFO - [2024-11-06T10:56:49.054-1100] {dag.py:4180} INFO - Setting next_dagrun for example_branch_datetime_operator_3 to 2024-11-05 00:00:00+00:00, run_after=2024-11-06 00:00:00+00:00
[2024-11-06T10:56:49.087-1100] {processor.py:208} INFO - Processing /home/ouaillaamiri/Development/lsi_3/airflow/venv/lib/python3.11/site-packages/airflow/example_dags/example_branch_datetime_operator.py took 0.198 seconds
[2024-11-06T10:57:19.863-1100] {processor.py:186} INFO - Started process (PID=224621) to work on /home/ouaillaamiri/Development/lsi_3/airflow/venv/lib/python3.11/site-packages/airflow/example_dags/example_branch_datetime_operator.py
[2024-11-06T10:57:19.864-1100] {processor.py:914} INFO - Processing file /home/ouaillaamiri/Development/lsi_3/airflow/venv/lib/python3.11/site-packages/airflow/example_dags/example_branch_datetime_operator.py for tasks to queue
[2024-11-06T10:57:19.868-1100] {logging_mixin.py:190} INFO - [2024-11-06T10:57:19.867-1100] {dagbag.py:588} INFO - Filling up the DagBag from /home/ouaillaamiri/Development/lsi_3/airflow/venv/lib/python3.11/site-packages/airflow/example_dags/example_branch_datetime_operator.py
[2024-11-06T10:57:19.890-1100] {processor.py:925} INFO - DAG(s) 'example_branch_datetime_operator_2', 'example_branch_datetime_operator', 'example_branch_datetime_operator_3' retrieved from /home/ouaillaamiri/Development/lsi_3/airflow/venv/lib/python3.11/site-packages/airflow/example_dags/example_branch_datetime_operator.py
[2024-11-06T10:57:19.970-1100] {logging_mixin.py:190} INFO - [2024-11-06T10:57:19.969-1100] {dag.py:3239} INFO - Sync 3 DAGs
[2024-11-06T10:57:20.038-1100] {logging_mixin.py:190} INFO - [2024-11-06T10:57:20.037-1100] {dag.py:4180} INFO - Setting next_dagrun for example_branch_datetime_operator to 2024-11-05 00:00:00+00:00, run_after=2024-11-06 00:00:00+00:00
[2024-11-06T10:57:20.053-1100] {logging_mixin.py:190} INFO - [2024-11-06T10:57:20.052-1100] {dag.py:4180} INFO - Setting next_dagrun for example_branch_datetime_operator_2 to 2024-11-05 00:00:00+00:00, run_after=2024-11-06 00:00:00+00:00
[2024-11-06T10:57:20.060-1100] {logging_mixin.py:190} INFO - [2024-11-06T10:57:20.059-1100] {dag.py:4180} INFO - Setting next_dagrun for example_branch_datetime_operator_3 to 2024-11-05 00:00:00+00:00, run_after=2024-11-06 00:00:00+00:00
[2024-11-06T10:57:20.096-1100] {processor.py:208} INFO - Processing /home/ouaillaamiri/Development/lsi_3/airflow/venv/lib/python3.11/site-packages/airflow/example_dags/example_branch_datetime_operator.py took 0.242 seconds
[2024-11-06T10:57:50.198-1100] {processor.py:186} INFO - Started process (PID=225313) to work on /home/ouaillaamiri/Development/lsi_3/airflow/venv/lib/python3.11/site-packages/airflow/example_dags/example_branch_datetime_operator.py
[2024-11-06T10:57:50.201-1100] {processor.py:914} INFO - Processing file /home/ouaillaamiri/Development/lsi_3/airflow/venv/lib/python3.11/site-packages/airflow/example_dags/example_branch_datetime_operator.py for tasks to queue
[2024-11-06T10:57:50.207-1100] {logging_mixin.py:190} INFO - [2024-11-06T10:57:50.206-1100] {dagbag.py:588} INFO - Filling up the DagBag from /home/ouaillaamiri/Development/lsi_3/airflow/venv/lib/python3.11/site-packages/airflow/example_dags/example_branch_datetime_operator.py
[2024-11-06T10:57:50.243-1100] {processor.py:925} INFO - DAG(s) 'example_branch_datetime_operator_3', 'example_branch_datetime_operator_2', 'example_branch_datetime_operator' retrieved from /home/ouaillaamiri/Development/lsi_3/airflow/venv/lib/python3.11/site-packages/airflow/example_dags/example_branch_datetime_operator.py
[2024-11-06T10:57:50.327-1100] {logging_mixin.py:190} INFO - [2024-11-06T10:57:50.326-1100] {dag.py:3239} INFO - Sync 3 DAGs
[2024-11-06T10:57:50.391-1100] {logging_mixin.py:190} INFO - [2024-11-06T10:57:50.390-1100] {dag.py:4180} INFO - Setting next_dagrun for example_branch_datetime_operator to 2024-11-05 00:00:00+00:00, run_after=2024-11-06 00:00:00+00:00
[2024-11-06T10:57:50.403-1100] {logging_mixin.py:190} INFO - [2024-11-06T10:57:50.402-1100] {dag.py:4180} INFO - Setting next_dagrun for example_branch_datetime_operator_2 to 2024-11-05 00:00:00+00:00, run_after=2024-11-06 00:00:00+00:00
[2024-11-06T10:57:50.409-1100] {logging_mixin.py:190} INFO - [2024-11-06T10:57:50.408-1100] {dag.py:4180} INFO - Setting next_dagrun for example_branch_datetime_operator_3 to 2024-11-05 00:00:00+00:00, run_after=2024-11-06 00:00:00+00:00
[2024-11-06T10:57:50.450-1100] {processor.py:208} INFO - Processing /home/ouaillaamiri/Development/lsi_3/airflow/venv/lib/python3.11/site-packages/airflow/example_dags/example_branch_datetime_operator.py took 0.267 seconds
[2024-11-06T10:58:21.763-1100] {processor.py:186} INFO - Started process (PID=225863) to work on /home/ouaillaamiri/Development/lsi_3/airflow/venv/lib/python3.11/site-packages/airflow/example_dags/example_branch_datetime_operator.py
[2024-11-06T10:58:21.765-1100] {processor.py:914} INFO - Processing file /home/ouaillaamiri/Development/lsi_3/airflow/venv/lib/python3.11/site-packages/airflow/example_dags/example_branch_datetime_operator.py for tasks to queue
[2024-11-06T10:58:21.768-1100] {logging_mixin.py:190} INFO - [2024-11-06T10:58:21.768-1100] {dagbag.py:588} INFO - Filling up the DagBag from /home/ouaillaamiri/Development/lsi_3/airflow/venv/lib/python3.11/site-packages/airflow/example_dags/example_branch_datetime_operator.py
[2024-11-06T10:58:21.795-1100] {processor.py:925} INFO - DAG(s) 'example_branch_datetime_operator_3', 'example_branch_datetime_operator_2', 'example_branch_datetime_operator' retrieved from /home/ouaillaamiri/Development/lsi_3/airflow/venv/lib/python3.11/site-packages/airflow/example_dags/example_branch_datetime_operator.py
[2024-11-06T10:58:21.868-1100] {logging_mixin.py:190} INFO - [2024-11-06T10:58:21.868-1100] {dag.py:3239} INFO - Sync 3 DAGs
[2024-11-06T10:58:21.912-1100] {logging_mixin.py:190} INFO - [2024-11-06T10:58:21.912-1100] {dag.py:4180} INFO - Setting next_dagrun for example_branch_datetime_operator to 2024-11-05 00:00:00+00:00, run_after=2024-11-06 00:00:00+00:00
[2024-11-06T10:58:21.920-1100] {logging_mixin.py:190} INFO - [2024-11-06T10:58:21.920-1100] {dag.py:4180} INFO - Setting next_dagrun for example_branch_datetime_operator_2 to 2024-11-05 00:00:00+00:00, run_after=2024-11-06 00:00:00+00:00
[2024-11-06T10:58:21.926-1100] {logging_mixin.py:190} INFO - [2024-11-06T10:58:21.925-1100] {dag.py:4180} INFO - Setting next_dagrun for example_branch_datetime_operator_3 to 2024-11-05 00:00:00+00:00, run_after=2024-11-06 00:00:00+00:00
[2024-11-06T10:58:21.964-1100] {processor.py:208} INFO - Processing /home/ouaillaamiri/Development/lsi_3/airflow/venv/lib/python3.11/site-packages/airflow/example_dags/example_branch_datetime_operator.py took 0.212 seconds
[2024-11-06T10:58:53.028-1100] {processor.py:186} INFO - Started process (PID=226653) to work on /home/ouaillaamiri/Development/lsi_3/airflow/venv/lib/python3.11/site-packages/airflow/example_dags/example_branch_datetime_operator.py
[2024-11-06T10:58:53.032-1100] {processor.py:914} INFO - Processing file /home/ouaillaamiri/Development/lsi_3/airflow/venv/lib/python3.11/site-packages/airflow/example_dags/example_branch_datetime_operator.py for tasks to queue
[2024-11-06T10:58:53.036-1100] {logging_mixin.py:190} INFO - [2024-11-06T10:58:53.036-1100] {dagbag.py:588} INFO - Filling up the DagBag from /home/ouaillaamiri/Development/lsi_3/airflow/venv/lib/python3.11/site-packages/airflow/example_dags/example_branch_datetime_operator.py
[2024-11-06T10:58:53.062-1100] {processor.py:925} INFO - DAG(s) 'example_branch_datetime_operator_3', 'example_branch_datetime_operator', 'example_branch_datetime_operator_2' retrieved from /home/ouaillaamiri/Development/lsi_3/airflow/venv/lib/python3.11/site-packages/airflow/example_dags/example_branch_datetime_operator.py
[2024-11-06T10:58:53.151-1100] {logging_mixin.py:190} INFO - [2024-11-06T10:58:53.150-1100] {dag.py:3239} INFO - Sync 3 DAGs
[2024-11-06T10:58:53.204-1100] {logging_mixin.py:190} INFO - [2024-11-06T10:58:53.204-1100] {dag.py:4180} INFO - Setting next_dagrun for example_branch_datetime_operator to 2024-11-05 00:00:00+00:00, run_after=2024-11-06 00:00:00+00:00
[2024-11-06T10:58:53.214-1100] {logging_mixin.py:190} INFO - [2024-11-06T10:58:53.214-1100] {dag.py:4180} INFO - Setting next_dagrun for example_branch_datetime_operator_2 to 2024-11-05 00:00:00+00:00, run_after=2024-11-06 00:00:00+00:00
[2024-11-06T10:58:53.219-1100] {logging_mixin.py:190} INFO - [2024-11-06T10:58:53.219-1100] {dag.py:4180} INFO - Setting next_dagrun for example_branch_datetime_operator_3 to 2024-11-05 00:00:00+00:00, run_after=2024-11-06 00:00:00+00:00
[2024-11-06T10:58:53.256-1100] {processor.py:208} INFO - Processing /home/ouaillaamiri/Development/lsi_3/airflow/venv/lib/python3.11/site-packages/airflow/example_dags/example_branch_datetime_operator.py took 0.242 seconds
[2024-11-06T10:59:23.599-1100] {processor.py:186} INFO - Started process (PID=227290) to work on /home/ouaillaamiri/Development/lsi_3/airflow/venv/lib/python3.11/site-packages/airflow/example_dags/example_branch_datetime_operator.py
[2024-11-06T10:59:23.601-1100] {processor.py:914} INFO - Processing file /home/ouaillaamiri/Development/lsi_3/airflow/venv/lib/python3.11/site-packages/airflow/example_dags/example_branch_datetime_operator.py for tasks to queue
[2024-11-06T10:59:23.604-1100] {logging_mixin.py:190} INFO - [2024-11-06T10:59:23.604-1100] {dagbag.py:588} INFO - Filling up the DagBag from /home/ouaillaamiri/Development/lsi_3/airflow/venv/lib/python3.11/site-packages/airflow/example_dags/example_branch_datetime_operator.py
[2024-11-06T10:59:23.628-1100] {processor.py:925} INFO - DAG(s) 'example_branch_datetime_operator_3', 'example_branch_datetime_operator', 'example_branch_datetime_operator_2' retrieved from /home/ouaillaamiri/Development/lsi_3/airflow/venv/lib/python3.11/site-packages/airflow/example_dags/example_branch_datetime_operator.py
[2024-11-06T10:59:23.716-1100] {logging_mixin.py:190} INFO - [2024-11-06T10:59:23.716-1100] {dag.py:3239} INFO - Sync 3 DAGs
[2024-11-06T10:59:23.765-1100] {logging_mixin.py:190} INFO - [2024-11-06T10:59:23.765-1100] {dag.py:4180} INFO - Setting next_dagrun for example_branch_datetime_operator to 2024-11-05 00:00:00+00:00, run_after=2024-11-06 00:00:00+00:00
[2024-11-06T10:59:23.774-1100] {logging_mixin.py:190} INFO - [2024-11-06T10:59:23.774-1100] {dag.py:4180} INFO - Setting next_dagrun for example_branch_datetime_operator_2 to 2024-11-05 00:00:00+00:00, run_after=2024-11-06 00:00:00+00:00
[2024-11-06T10:59:23.780-1100] {logging_mixin.py:190} INFO - [2024-11-06T10:59:23.779-1100] {dag.py:4180} INFO - Setting next_dagrun for example_branch_datetime_operator_3 to 2024-11-05 00:00:00+00:00, run_after=2024-11-06 00:00:00+00:00
[2024-11-06T10:59:23.816-1100] {processor.py:208} INFO - Processing /home/ouaillaamiri/Development/lsi_3/airflow/venv/lib/python3.11/site-packages/airflow/example_dags/example_branch_datetime_operator.py took 0.227 seconds
[2024-11-06T10:59:53.944-1100] {processor.py:186} INFO - Started process (PID=227684) to work on /home/ouaillaamiri/Development/lsi_3/airflow/venv/lib/python3.11/site-packages/airflow/example_dags/example_branch_datetime_operator.py
[2024-11-06T10:59:53.947-1100] {processor.py:914} INFO - Processing file /home/ouaillaamiri/Development/lsi_3/airflow/venv/lib/python3.11/site-packages/airflow/example_dags/example_branch_datetime_operator.py for tasks to queue
[2024-11-06T10:59:53.953-1100] {logging_mixin.py:190} INFO - [2024-11-06T10:59:53.952-1100] {dagbag.py:588} INFO - Filling up the DagBag from /home/ouaillaamiri/Development/lsi_3/airflow/venv/lib/python3.11/site-packages/airflow/example_dags/example_branch_datetime_operator.py
[2024-11-06T10:59:53.981-1100] {processor.py:925} INFO - DAG(s) 'example_branch_datetime_operator', 'example_branch_datetime_operator_2', 'example_branch_datetime_operator_3' retrieved from /home/ouaillaamiri/Development/lsi_3/airflow/venv/lib/python3.11/site-packages/airflow/example_dags/example_branch_datetime_operator.py
[2024-11-06T10:59:54.048-1100] {logging_mixin.py:190} INFO - [2024-11-06T10:59:54.048-1100] {dag.py:3239} INFO - Sync 3 DAGs
[2024-11-06T10:59:54.101-1100] {logging_mixin.py:190} INFO - [2024-11-06T10:59:54.100-1100] {dag.py:4180} INFO - Setting next_dagrun for example_branch_datetime_operator to 2024-11-05 00:00:00+00:00, run_after=2024-11-06 00:00:00+00:00
[2024-11-06T10:59:54.112-1100] {logging_mixin.py:190} INFO - [2024-11-06T10:59:54.111-1100] {dag.py:4180} INFO - Setting next_dagrun for example_branch_datetime_operator_2 to 2024-11-05 00:00:00+00:00, run_after=2024-11-06 00:00:00+00:00
[2024-11-06T10:59:54.118-1100] {logging_mixin.py:190} INFO - [2024-11-06T10:59:54.117-1100] {dag.py:4180} INFO - Setting next_dagrun for example_branch_datetime_operator_3 to 2024-11-05 00:00:00+00:00, run_after=2024-11-06 00:00:00+00:00
[2024-11-06T10:59:54.155-1100] {processor.py:208} INFO - Processing /home/ouaillaamiri/Development/lsi_3/airflow/venv/lib/python3.11/site-packages/airflow/example_dags/example_branch_datetime_operator.py took 0.228 seconds
[2024-11-06T11:01:00.941-1100] {processor.py:186} INFO - Started process (PID=229021) to work on /home/ouaillaamiri/Development/lsi_3/airflow/venv/lib/python3.11/site-packages/airflow/example_dags/example_branch_datetime_operator.py
[2024-11-06T11:01:00.945-1100] {processor.py:914} INFO - Processing file /home/ouaillaamiri/Development/lsi_3/airflow/venv/lib/python3.11/site-packages/airflow/example_dags/example_branch_datetime_operator.py for tasks to queue
[2024-11-06T11:01:00.950-1100] {logging_mixin.py:190} INFO - [2024-11-06T11:01:00.949-1100] {dagbag.py:588} INFO - Filling up the DagBag from /home/ouaillaamiri/Development/lsi_3/airflow/venv/lib/python3.11/site-packages/airflow/example_dags/example_branch_datetime_operator.py
[2024-11-06T11:01:00.977-1100] {processor.py:925} INFO - DAG(s) 'example_branch_datetime_operator_2', 'example_branch_datetime_operator_3', 'example_branch_datetime_operator' retrieved from /home/ouaillaamiri/Development/lsi_3/airflow/venv/lib/python3.11/site-packages/airflow/example_dags/example_branch_datetime_operator.py
[2024-11-06T11:01:01.078-1100] {logging_mixin.py:190} INFO - [2024-11-06T11:01:01.077-1100] {dag.py:3239} INFO - Sync 3 DAGs
[2024-11-06T11:01:01.121-1100] {logging_mixin.py:190} INFO - [2024-11-06T11:01:01.121-1100] {dag.py:4180} INFO - Setting next_dagrun for example_branch_datetime_operator to 2024-11-05 00:00:00+00:00, run_after=2024-11-06 00:00:00+00:00
[2024-11-06T11:01:01.131-1100] {logging_mixin.py:190} INFO - [2024-11-06T11:01:01.131-1100] {dag.py:4180} INFO - Setting next_dagrun for example_branch_datetime_operator_2 to 2024-11-05 00:00:00+00:00, run_after=2024-11-06 00:00:00+00:00
[2024-11-06T11:01:01.138-1100] {logging_mixin.py:190} INFO - [2024-11-06T11:01:01.137-1100] {dag.py:4180} INFO - Setting next_dagrun for example_branch_datetime_operator_3 to 2024-11-05 00:00:00+00:00, run_after=2024-11-06 00:00:00+00:00
[2024-11-06T11:01:01.180-1100] {processor.py:208} INFO - Processing /home/ouaillaamiri/Development/lsi_3/airflow/venv/lib/python3.11/site-packages/airflow/example_dags/example_branch_datetime_operator.py took 0.252 seconds
[2024-11-06T11:01:31.588-1100] {processor.py:186} INFO - Started process (PID=229465) to work on /home/ouaillaamiri/Development/lsi_3/airflow/venv/lib/python3.11/site-packages/airflow/example_dags/example_branch_datetime_operator.py
[2024-11-06T11:01:31.590-1100] {processor.py:914} INFO - Processing file /home/ouaillaamiri/Development/lsi_3/airflow/venv/lib/python3.11/site-packages/airflow/example_dags/example_branch_datetime_operator.py for tasks to queue
[2024-11-06T11:01:31.594-1100] {logging_mixin.py:190} INFO - [2024-11-06T11:01:31.593-1100] {dagbag.py:588} INFO - Filling up the DagBag from /home/ouaillaamiri/Development/lsi_3/airflow/venv/lib/python3.11/site-packages/airflow/example_dags/example_branch_datetime_operator.py
[2024-11-06T11:01:31.621-1100] {processor.py:925} INFO - DAG(s) 'example_branch_datetime_operator_2', 'example_branch_datetime_operator', 'example_branch_datetime_operator_3' retrieved from /home/ouaillaamiri/Development/lsi_3/airflow/venv/lib/python3.11/site-packages/airflow/example_dags/example_branch_datetime_operator.py
[2024-11-06T11:01:31.697-1100] {logging_mixin.py:190} INFO - [2024-11-06T11:01:31.696-1100] {dag.py:3239} INFO - Sync 3 DAGs
[2024-11-06T11:01:31.738-1100] {logging_mixin.py:190} INFO - [2024-11-06T11:01:31.738-1100] {dag.py:4180} INFO - Setting next_dagrun for example_branch_datetime_operator to 2024-11-05 00:00:00+00:00, run_after=2024-11-06 00:00:00+00:00
[2024-11-06T11:01:31.746-1100] {logging_mixin.py:190} INFO - [2024-11-06T11:01:31.746-1100] {dag.py:4180} INFO - Setting next_dagrun for example_branch_datetime_operator_2 to 2024-11-05 00:00:00+00:00, run_after=2024-11-06 00:00:00+00:00
[2024-11-06T11:01:31.751-1100] {logging_mixin.py:190} INFO - [2024-11-06T11:01:31.751-1100] {dag.py:4180} INFO - Setting next_dagrun for example_branch_datetime_operator_3 to 2024-11-05 00:00:00+00:00, run_after=2024-11-06 00:00:00+00:00
[2024-11-06T11:01:31.782-1100] {processor.py:208} INFO - Processing /home/ouaillaamiri/Development/lsi_3/airflow/venv/lib/python3.11/site-packages/airflow/example_dags/example_branch_datetime_operator.py took 0.209 seconds
[2024-11-06T11:02:02.051-1100] {processor.py:186} INFO - Started process (PID=229841) to work on /home/ouaillaamiri/Development/lsi_3/airflow/venv/lib/python3.11/site-packages/airflow/example_dags/example_branch_datetime_operator.py
[2024-11-06T11:02:02.053-1100] {processor.py:914} INFO - Processing file /home/ouaillaamiri/Development/lsi_3/airflow/venv/lib/python3.11/site-packages/airflow/example_dags/example_branch_datetime_operator.py for tasks to queue
[2024-11-06T11:02:02.059-1100] {logging_mixin.py:190} INFO - [2024-11-06T11:02:02.058-1100] {dagbag.py:588} INFO - Filling up the DagBag from /home/ouaillaamiri/Development/lsi_3/airflow/venv/lib/python3.11/site-packages/airflow/example_dags/example_branch_datetime_operator.py
[2024-11-06T11:02:02.084-1100] {processor.py:925} INFO - DAG(s) 'example_branch_datetime_operator_2', 'example_branch_datetime_operator', 'example_branch_datetime_operator_3' retrieved from /home/ouaillaamiri/Development/lsi_3/airflow/venv/lib/python3.11/site-packages/airflow/example_dags/example_branch_datetime_operator.py
[2024-11-06T11:02:02.175-1100] {logging_mixin.py:190} INFO - [2024-11-06T11:02:02.174-1100] {dag.py:3239} INFO - Sync 3 DAGs
[2024-11-06T11:02:02.230-1100] {logging_mixin.py:190} INFO - [2024-11-06T11:02:02.230-1100] {dag.py:4180} INFO - Setting next_dagrun for example_branch_datetime_operator to 2024-11-05 00:00:00+00:00, run_after=2024-11-06 00:00:00+00:00
[2024-11-06T11:02:02.240-1100] {logging_mixin.py:190} INFO - [2024-11-06T11:02:02.240-1100] {dag.py:4180} INFO - Setting next_dagrun for example_branch_datetime_operator_2 to 2024-11-05 00:00:00+00:00, run_after=2024-11-06 00:00:00+00:00
[2024-11-06T11:02:02.246-1100] {logging_mixin.py:190} INFO - [2024-11-06T11:02:02.246-1100] {dag.py:4180} INFO - Setting next_dagrun for example_branch_datetime_operator_3 to 2024-11-05 00:00:00+00:00, run_after=2024-11-06 00:00:00+00:00
[2024-11-06T11:02:02.284-1100] {processor.py:208} INFO - Processing /home/ouaillaamiri/Development/lsi_3/airflow/venv/lib/python3.11/site-packages/airflow/example_dags/example_branch_datetime_operator.py took 0.247 seconds
[2024-11-06T11:02:32.633-1100] {processor.py:186} INFO - Started process (PID=230583) to work on /home/ouaillaamiri/Development/lsi_3/airflow/venv/lib/python3.11/site-packages/airflow/example_dags/example_branch_datetime_operator.py
[2024-11-06T11:02:32.635-1100] {processor.py:914} INFO - Processing file /home/ouaillaamiri/Development/lsi_3/airflow/venv/lib/python3.11/site-packages/airflow/example_dags/example_branch_datetime_operator.py for tasks to queue
[2024-11-06T11:02:32.640-1100] {logging_mixin.py:190} INFO - [2024-11-06T11:02:32.639-1100] {dagbag.py:588} INFO - Filling up the DagBag from /home/ouaillaamiri/Development/lsi_3/airflow/venv/lib/python3.11/site-packages/airflow/example_dags/example_branch_datetime_operator.py
[2024-11-06T11:02:32.676-1100] {processor.py:925} INFO - DAG(s) 'example_branch_datetime_operator_3', 'example_branch_datetime_operator', 'example_branch_datetime_operator_2' retrieved from /home/ouaillaamiri/Development/lsi_3/airflow/venv/lib/python3.11/site-packages/airflow/example_dags/example_branch_datetime_operator.py
[2024-11-06T11:02:32.775-1100] {logging_mixin.py:190} INFO - [2024-11-06T11:02:32.775-1100] {dag.py:3239} INFO - Sync 3 DAGs
[2024-11-06T11:02:32.827-1100] {logging_mixin.py:190} INFO - [2024-11-06T11:02:32.827-1100] {dag.py:4180} INFO - Setting next_dagrun for example_branch_datetime_operator to 2024-11-05 00:00:00+00:00, run_after=2024-11-06 00:00:00+00:00
[2024-11-06T11:02:32.839-1100] {logging_mixin.py:190} INFO - [2024-11-06T11:02:32.838-1100] {dag.py:4180} INFO - Setting next_dagrun for example_branch_datetime_operator_2 to 2024-11-05 00:00:00+00:00, run_after=2024-11-06 00:00:00+00:00
[2024-11-06T11:02:32.847-1100] {logging_mixin.py:190} INFO - [2024-11-06T11:02:32.847-1100] {dag.py:4180} INFO - Setting next_dagrun for example_branch_datetime_operator_3 to 2024-11-05 00:00:00+00:00, run_after=2024-11-06 00:00:00+00:00
[2024-11-06T11:02:32.889-1100] {processor.py:208} INFO - Processing /home/ouaillaamiri/Development/lsi_3/airflow/venv/lib/python3.11/site-packages/airflow/example_dags/example_branch_datetime_operator.py took 0.273 seconds
[2024-11-06T11:03:03.966-1100] {processor.py:186} INFO - Started process (PID=231420) to work on /home/ouaillaamiri/Development/lsi_3/airflow/venv/lib/python3.11/site-packages/airflow/example_dags/example_branch_datetime_operator.py
[2024-11-06T11:03:03.968-1100] {processor.py:914} INFO - Processing file /home/ouaillaamiri/Development/lsi_3/airflow/venv/lib/python3.11/site-packages/airflow/example_dags/example_branch_datetime_operator.py for tasks to queue
[2024-11-06T11:03:03.972-1100] {logging_mixin.py:190} INFO - [2024-11-06T11:03:03.971-1100] {dagbag.py:588} INFO - Filling up the DagBag from /home/ouaillaamiri/Development/lsi_3/airflow/venv/lib/python3.11/site-packages/airflow/example_dags/example_branch_datetime_operator.py
[2024-11-06T11:03:04.003-1100] {processor.py:925} INFO - DAG(s) 'example_branch_datetime_operator_3', 'example_branch_datetime_operator_2', 'example_branch_datetime_operator' retrieved from /home/ouaillaamiri/Development/lsi_3/airflow/venv/lib/python3.11/site-packages/airflow/example_dags/example_branch_datetime_operator.py
[2024-11-06T11:03:04.107-1100] {logging_mixin.py:190} INFO - [2024-11-06T11:03:04.107-1100] {dag.py:3239} INFO - Sync 3 DAGs
[2024-11-06T11:03:04.179-1100] {logging_mixin.py:190} INFO - [2024-11-06T11:03:04.178-1100] {dag.py:4180} INFO - Setting next_dagrun for example_branch_datetime_operator to 2024-11-05 00:00:00+00:00, run_after=2024-11-06 00:00:00+00:00
[2024-11-06T11:03:04.192-1100] {logging_mixin.py:190} INFO - [2024-11-06T11:03:04.191-1100] {dag.py:4180} INFO - Setting next_dagrun for example_branch_datetime_operator_2 to 2024-11-05 00:00:00+00:00, run_after=2024-11-06 00:00:00+00:00
[2024-11-06T11:03:04.197-1100] {logging_mixin.py:190} INFO - [2024-11-06T11:03:04.197-1100] {dag.py:4180} INFO - Setting next_dagrun for example_branch_datetime_operator_3 to 2024-11-05 00:00:00+00:00, run_after=2024-11-06 00:00:00+00:00
[2024-11-06T11:03:04.236-1100] {processor.py:208} INFO - Processing /home/ouaillaamiri/Development/lsi_3/airflow/venv/lib/python3.11/site-packages/airflow/example_dags/example_branch_datetime_operator.py took 0.282 seconds
[2024-11-06T11:03:35.473-1100] {processor.py:186} INFO - Started process (PID=231932) to work on /home/ouaillaamiri/Development/lsi_3/airflow/venv/lib/python3.11/site-packages/airflow/example_dags/example_branch_datetime_operator.py
[2024-11-06T11:03:35.475-1100] {processor.py:914} INFO - Processing file /home/ouaillaamiri/Development/lsi_3/airflow/venv/lib/python3.11/site-packages/airflow/example_dags/example_branch_datetime_operator.py for tasks to queue
[2024-11-06T11:03:35.479-1100] {logging_mixin.py:190} INFO - [2024-11-06T11:03:35.478-1100] {dagbag.py:588} INFO - Filling up the DagBag from /home/ouaillaamiri/Development/lsi_3/airflow/venv/lib/python3.11/site-packages/airflow/example_dags/example_branch_datetime_operator.py
[2024-11-06T11:03:35.506-1100] {processor.py:925} INFO - DAG(s) 'example_branch_datetime_operator_3', 'example_branch_datetime_operator', 'example_branch_datetime_operator_2' retrieved from /home/ouaillaamiri/Development/lsi_3/airflow/venv/lib/python3.11/site-packages/airflow/example_dags/example_branch_datetime_operator.py
[2024-11-06T11:03:35.581-1100] {logging_mixin.py:190} INFO - [2024-11-06T11:03:35.581-1100] {dag.py:3239} INFO - Sync 3 DAGs
[2024-11-06T11:03:35.635-1100] {logging_mixin.py:190} INFO - [2024-11-06T11:03:35.634-1100] {dag.py:4180} INFO - Setting next_dagrun for example_branch_datetime_operator to 2024-11-05 00:00:00+00:00, run_after=2024-11-06 00:00:00+00:00
[2024-11-06T11:03:35.646-1100] {logging_mixin.py:190} INFO - [2024-11-06T11:03:35.645-1100] {dag.py:4180} INFO - Setting next_dagrun for example_branch_datetime_operator_2 to 2024-11-05 00:00:00+00:00, run_after=2024-11-06 00:00:00+00:00
[2024-11-06T11:03:35.652-1100] {logging_mixin.py:190} INFO - [2024-11-06T11:03:35.652-1100] {dag.py:4180} INFO - Setting next_dagrun for example_branch_datetime_operator_3 to 2024-11-05 00:00:00+00:00, run_after=2024-11-06 00:00:00+00:00
[2024-11-06T11:03:35.694-1100] {processor.py:208} INFO - Processing /home/ouaillaamiri/Development/lsi_3/airflow/venv/lib/python3.11/site-packages/airflow/example_dags/example_branch_datetime_operator.py took 0.233 seconds
[2024-11-06T11:04:06.032-1100] {processor.py:186} INFO - Started process (PID=232458) to work on /home/ouaillaamiri/Development/lsi_3/airflow/venv/lib/python3.11/site-packages/airflow/example_dags/example_branch_datetime_operator.py
[2024-11-06T11:04:06.034-1100] {processor.py:914} INFO - Processing file /home/ouaillaamiri/Development/lsi_3/airflow/venv/lib/python3.11/site-packages/airflow/example_dags/example_branch_datetime_operator.py for tasks to queue
[2024-11-06T11:04:06.038-1100] {logging_mixin.py:190} INFO - [2024-11-06T11:04:06.037-1100] {dagbag.py:588} INFO - Filling up the DagBag from /home/ouaillaamiri/Development/lsi_3/airflow/venv/lib/python3.11/site-packages/airflow/example_dags/example_branch_datetime_operator.py
[2024-11-06T11:04:06.057-1100] {processor.py:925} INFO - DAG(s) 'example_branch_datetime_operator_2', 'example_branch_datetime_operator', 'example_branch_datetime_operator_3' retrieved from /home/ouaillaamiri/Development/lsi_3/airflow/venv/lib/python3.11/site-packages/airflow/example_dags/example_branch_datetime_operator.py
[2024-11-06T11:04:06.128-1100] {logging_mixin.py:190} INFO - [2024-11-06T11:04:06.127-1100] {dag.py:3239} INFO - Sync 3 DAGs
[2024-11-06T11:04:06.170-1100] {logging_mixin.py:190} INFO - [2024-11-06T11:04:06.169-1100] {dag.py:4180} INFO - Setting next_dagrun for example_branch_datetime_operator to 2024-11-05 00:00:00+00:00, run_after=2024-11-06 00:00:00+00:00
[2024-11-06T11:04:06.178-1100] {logging_mixin.py:190} INFO - [2024-11-06T11:04:06.178-1100] {dag.py:4180} INFO - Setting next_dagrun for example_branch_datetime_operator_2 to 2024-11-05 00:00:00+00:00, run_after=2024-11-06 00:00:00+00:00
[2024-11-06T11:04:06.183-1100] {logging_mixin.py:190} INFO - [2024-11-06T11:04:06.182-1100] {dag.py:4180} INFO - Setting next_dagrun for example_branch_datetime_operator_3 to 2024-11-05 00:00:00+00:00, run_after=2024-11-06 00:00:00+00:00
[2024-11-06T11:04:06.212-1100] {processor.py:208} INFO - Processing /home/ouaillaamiri/Development/lsi_3/airflow/venv/lib/python3.11/site-packages/airflow/example_dags/example_branch_datetime_operator.py took 0.190 seconds
[2024-11-06T11:04:37.173-1100] {processor.py:186} INFO - Started process (PID=232834) to work on /home/ouaillaamiri/Development/lsi_3/airflow/venv/lib/python3.11/site-packages/airflow/example_dags/example_branch_datetime_operator.py
[2024-11-06T11:04:37.174-1100] {processor.py:914} INFO - Processing file /home/ouaillaamiri/Development/lsi_3/airflow/venv/lib/python3.11/site-packages/airflow/example_dags/example_branch_datetime_operator.py for tasks to queue
[2024-11-06T11:04:37.179-1100] {logging_mixin.py:190} INFO - [2024-11-06T11:04:37.179-1100] {dagbag.py:588} INFO - Filling up the DagBag from /home/ouaillaamiri/Development/lsi_3/airflow/venv/lib/python3.11/site-packages/airflow/example_dags/example_branch_datetime_operator.py
[2024-11-06T11:04:37.204-1100] {processor.py:925} INFO - DAG(s) 'example_branch_datetime_operator_3', 'example_branch_datetime_operator', 'example_branch_datetime_operator_2' retrieved from /home/ouaillaamiri/Development/lsi_3/airflow/venv/lib/python3.11/site-packages/airflow/example_dags/example_branch_datetime_operator.py
[2024-11-06T11:04:37.295-1100] {logging_mixin.py:190} INFO - [2024-11-06T11:04:37.295-1100] {dag.py:3239} INFO - Sync 3 DAGs
[2024-11-06T11:04:37.360-1100] {logging_mixin.py:190} INFO - [2024-11-06T11:04:37.359-1100] {dag.py:4180} INFO - Setting next_dagrun for example_branch_datetime_operator to 2024-11-05 00:00:00+00:00, run_after=2024-11-06 00:00:00+00:00
[2024-11-06T11:04:37.374-1100] {logging_mixin.py:190} INFO - [2024-11-06T11:04:37.374-1100] {dag.py:4180} INFO - Setting next_dagrun for example_branch_datetime_operator_2 to 2024-11-05 00:00:00+00:00, run_after=2024-11-06 00:00:00+00:00
[2024-11-06T11:04:37.386-1100] {logging_mixin.py:190} INFO - [2024-11-06T11:04:37.385-1100] {dag.py:4180} INFO - Setting next_dagrun for example_branch_datetime_operator_3 to 2024-11-05 00:00:00+00:00, run_after=2024-11-06 00:00:00+00:00
[2024-11-06T11:04:37.429-1100] {processor.py:208} INFO - Processing /home/ouaillaamiri/Development/lsi_3/airflow/venv/lib/python3.11/site-packages/airflow/example_dags/example_branch_datetime_operator.py took 0.267 seconds
