[2024-11-06T10:53:36.444-1100] {processor.py:186} INFO - Started process (PID=219597) to work on /home/ouaillaamiri/Development/lsi_3/airflow/venv/lib/python3.11/site-packages/airflow/example_dags/example_dataset_alias_with_no_taskflow.py
[2024-11-06T10:53:36.446-1100] {processor.py:914} INFO - Processing file /home/ouaillaamiri/Development/lsi_3/airflow/venv/lib/python3.11/site-packages/airflow/example_dags/example_dataset_alias_with_no_taskflow.py for tasks to queue
[2024-11-06T10:53:36.450-1100] {logging_mixin.py:190} INFO - [2024-11-06T10:53:36.450-1100] {dagbag.py:588} INFO - Filling up the DagBag from /home/ouaillaamiri/Development/lsi_3/airflow/venv/lib/python3.11/site-packages/airflow/example_dags/example_dataset_alias_with_no_taskflow.py
[2024-11-06T10:53:36.517-1100] {processor.py:925} INFO - DAG(s) 'dataset_s3_bucket_consumer_with_no_taskflow', 'dataset_alias_example_alias_consumer_with_no_taskflow', 'dataset_s3_bucket_producer_with_no_taskflow', 'dataset_alias_example_alias_producer_with_no_taskflow' retrieved from /home/ouaillaamiri/Development/lsi_3/airflow/venv/lib/python3.11/site-packages/airflow/example_dags/example_dataset_alias_with_no_taskflow.py
[2024-11-06T10:53:36.686-1100] {logging_mixin.py:190} INFO - [2024-11-06T10:53:36.684-1100] {override.py:1911} INFO - Created Permission View: can edit on DAG:dataset_s3_bucket_consumer_with_no_taskflow
[2024-11-06T10:53:36.710-1100] {logging_mixin.py:190} INFO - [2024-11-06T10:53:36.709-1100] {override.py:1911} INFO - Created Permission View: can delete on DAG:dataset_s3_bucket_consumer_with_no_taskflow
[2024-11-06T10:53:36.727-1100] {logging_mixin.py:190} INFO - [2024-11-06T10:53:36.727-1100] {override.py:1911} INFO - Created Permission View: can read on DAG:dataset_s3_bucket_consumer_with_no_taskflow
[2024-11-06T10:53:36.744-1100] {logging_mixin.py:190} INFO - [2024-11-06T10:53:36.743-1100] {override.py:1911} INFO - Created Permission View: can delete on DAG Run:dataset_s3_bucket_consumer_with_no_taskflow
[2024-11-06T10:53:36.759-1100] {logging_mixin.py:190} INFO - [2024-11-06T10:53:36.759-1100] {override.py:1911} INFO - Created Permission View: can create on DAG Run:dataset_s3_bucket_consumer_with_no_taskflow
[2024-11-06T10:53:36.776-1100] {logging_mixin.py:190} INFO - [2024-11-06T10:53:36.776-1100] {override.py:1911} INFO - Created Permission View: menu access on DAG Run:dataset_s3_bucket_consumer_with_no_taskflow
[2024-11-06T10:53:36.791-1100] {logging_mixin.py:190} INFO - [2024-11-06T10:53:36.791-1100] {override.py:1911} INFO - Created Permission View: can read on DAG Run:dataset_s3_bucket_consumer_with_no_taskflow
[2024-11-06T10:53:36.820-1100] {logging_mixin.py:190} INFO - [2024-11-06T10:53:36.819-1100] {override.py:1911} INFO - Created Permission View: can edit on DAG:dataset_alias_example_alias_consumer_with_no_taskflow
[2024-11-06T10:53:36.835-1100] {logging_mixin.py:190} INFO - [2024-11-06T10:53:36.834-1100] {override.py:1911} INFO - Created Permission View: can delete on DAG:dataset_alias_example_alias_consumer_with_no_taskflow
[2024-11-06T10:53:36.851-1100] {logging_mixin.py:190} INFO - [2024-11-06T10:53:36.851-1100] {override.py:1911} INFO - Created Permission View: can read on DAG:dataset_alias_example_alias_consumer_with_no_taskflow
[2024-11-06T10:53:36.866-1100] {logging_mixin.py:190} INFO - [2024-11-06T10:53:36.865-1100] {override.py:1911} INFO - Created Permission View: can delete on DAG Run:dataset_alias_example_alias_consumer_with_no_taskflow
[2024-11-06T10:53:36.891-1100] {logging_mixin.py:190} INFO - [2024-11-06T10:53:36.890-1100] {override.py:1911} INFO - Created Permission View: can create on DAG Run:dataset_alias_example_alias_consumer_with_no_taskflow
[2024-11-06T10:53:36.908-1100] {logging_mixin.py:190} INFO - [2024-11-06T10:53:36.907-1100] {override.py:1911} INFO - Created Permission View: menu access on DAG Run:dataset_alias_example_alias_consumer_with_no_taskflow
[2024-11-06T10:53:36.929-1100] {logging_mixin.py:190} INFO - [2024-11-06T10:53:36.928-1100] {override.py:1911} INFO - Created Permission View: can read on DAG Run:dataset_alias_example_alias_consumer_with_no_taskflow
[2024-11-06T10:53:36.963-1100] {logging_mixin.py:190} INFO - [2024-11-06T10:53:36.962-1100] {override.py:1911} INFO - Created Permission View: can edit on DAG:dataset_s3_bucket_producer_with_no_taskflow
[2024-11-06T10:53:36.982-1100] {logging_mixin.py:190} INFO - [2024-11-06T10:53:36.981-1100] {override.py:1911} INFO - Created Permission View: can delete on DAG:dataset_s3_bucket_producer_with_no_taskflow
[2024-11-06T10:53:37.002-1100] {logging_mixin.py:190} INFO - [2024-11-06T10:53:37.002-1100] {override.py:1911} INFO - Created Permission View: can read on DAG:dataset_s3_bucket_producer_with_no_taskflow
[2024-11-06T10:53:37.018-1100] {logging_mixin.py:190} INFO - [2024-11-06T10:53:37.018-1100] {override.py:1911} INFO - Created Permission View: can delete on DAG Run:dataset_s3_bucket_producer_with_no_taskflow
[2024-11-06T10:53:37.034-1100] {logging_mixin.py:190} INFO - [2024-11-06T10:53:37.033-1100] {override.py:1911} INFO - Created Permission View: can create on DAG Run:dataset_s3_bucket_producer_with_no_taskflow
[2024-11-06T10:53:37.049-1100] {logging_mixin.py:190} INFO - [2024-11-06T10:53:37.048-1100] {override.py:1911} INFO - Created Permission View: menu access on DAG Run:dataset_s3_bucket_producer_with_no_taskflow
[2024-11-06T10:53:37.062-1100] {logging_mixin.py:190} INFO - [2024-11-06T10:53:37.061-1100] {override.py:1911} INFO - Created Permission View: can read on DAG Run:dataset_s3_bucket_producer_with_no_taskflow
[2024-11-06T10:53:37.093-1100] {logging_mixin.py:190} INFO - [2024-11-06T10:53:37.092-1100] {override.py:1911} INFO - Created Permission View: can edit on DAG:dataset_alias_example_alias_producer_with_no_taskflow
[2024-11-06T10:53:37.109-1100] {logging_mixin.py:190} INFO - [2024-11-06T10:53:37.108-1100] {override.py:1911} INFO - Created Permission View: can delete on DAG:dataset_alias_example_alias_producer_with_no_taskflow
[2024-11-06T10:53:37.123-1100] {logging_mixin.py:190} INFO - [2024-11-06T10:53:37.123-1100] {override.py:1911} INFO - Created Permission View: can read on DAG:dataset_alias_example_alias_producer_with_no_taskflow
[2024-11-06T10:53:37.139-1100] {logging_mixin.py:190} INFO - [2024-11-06T10:53:37.138-1100] {override.py:1911} INFO - Created Permission View: can delete on DAG Run:dataset_alias_example_alias_producer_with_no_taskflow
[2024-11-06T10:53:37.154-1100] {logging_mixin.py:190} INFO - [2024-11-06T10:53:37.154-1100] {override.py:1911} INFO - Created Permission View: can create on DAG Run:dataset_alias_example_alias_producer_with_no_taskflow
[2024-11-06T10:53:37.170-1100] {logging_mixin.py:190} INFO - [2024-11-06T10:53:37.170-1100] {override.py:1911} INFO - Created Permission View: menu access on DAG Run:dataset_alias_example_alias_producer_with_no_taskflow
[2024-11-06T10:53:37.184-1100] {logging_mixin.py:190} INFO - [2024-11-06T10:53:37.184-1100] {override.py:1911} INFO - Created Permission View: can read on DAG Run:dataset_alias_example_alias_producer_with_no_taskflow
[2024-11-06T10:53:37.185-1100] {logging_mixin.py:190} INFO - [2024-11-06T10:53:37.185-1100] {dag.py:3239} INFO - Sync 4 DAGs
[2024-11-06T10:53:37.210-1100] {logging_mixin.py:190} INFO - [2024-11-06T10:53:37.210-1100] {dag.py:3262} INFO - Creating ORM DAG for dataset_alias_example_alias_producer_with_no_taskflow
[2024-11-06T10:53:37.212-1100] {logging_mixin.py:190} INFO - [2024-11-06T10:53:37.211-1100] {dag.py:3262} INFO - Creating ORM DAG for dataset_alias_example_alias_consumer_with_no_taskflow
[2024-11-06T10:53:37.213-1100] {logging_mixin.py:190} INFO - [2024-11-06T10:53:37.212-1100] {dag.py:3262} INFO - Creating ORM DAG for dataset_s3_bucket_consumer_with_no_taskflow
[2024-11-06T10:53:37.213-1100] {logging_mixin.py:190} INFO - [2024-11-06T10:53:37.213-1100] {dag.py:3262} INFO - Creating ORM DAG for dataset_s3_bucket_producer_with_no_taskflow
[2024-11-06T10:53:37.231-1100] {logging_mixin.py:190} INFO - [2024-11-06T10:53:37.231-1100] {dag.py:4180} INFO - Setting next_dagrun for dataset_alias_example_alias_consumer_with_no_taskflow to None, run_after=None
[2024-11-06T10:53:37.233-1100] {logging_mixin.py:190} INFO - [2024-11-06T10:53:37.232-1100] {dag.py:4180} INFO - Setting next_dagrun for dataset_alias_example_alias_producer_with_no_taskflow to None, run_after=None
[2024-11-06T10:53:37.234-1100] {logging_mixin.py:190} INFO - [2024-11-06T10:53:37.234-1100] {dag.py:4180} INFO - Setting next_dagrun for dataset_s3_bucket_consumer_with_no_taskflow to None, run_after=None
[2024-11-06T10:53:37.236-1100] {logging_mixin.py:190} INFO - [2024-11-06T10:53:37.236-1100] {dag.py:4180} INFO - Setting next_dagrun for dataset_s3_bucket_producer_with_no_taskflow to None, run_after=None
[2024-11-06T10:53:37.295-1100] {processor.py:208} INFO - Processing /home/ouaillaamiri/Development/lsi_3/airflow/venv/lib/python3.11/site-packages/airflow/example_dags/example_dataset_alias_with_no_taskflow.py took 0.862 seconds
[2024-11-06T10:54:07.864-1100] {processor.py:186} INFO - Started process (PID=220324) to work on /home/ouaillaamiri/Development/lsi_3/airflow/venv/lib/python3.11/site-packages/airflow/example_dags/example_dataset_alias_with_no_taskflow.py
[2024-11-06T10:54:07.866-1100] {processor.py:914} INFO - Processing file /home/ouaillaamiri/Development/lsi_3/airflow/venv/lib/python3.11/site-packages/airflow/example_dags/example_dataset_alias_with_no_taskflow.py for tasks to queue
[2024-11-06T10:54:07.870-1100] {logging_mixin.py:190} INFO - [2024-11-06T10:54:07.869-1100] {dagbag.py:588} INFO - Filling up the DagBag from /home/ouaillaamiri/Development/lsi_3/airflow/venv/lib/python3.11/site-packages/airflow/example_dags/example_dataset_alias_with_no_taskflow.py
[2024-11-06T10:54:07.946-1100] {processor.py:925} INFO - DAG(s) 'dataset_s3_bucket_consumer_with_no_taskflow', 'dataset_s3_bucket_producer_with_no_taskflow', 'dataset_alias_example_alias_consumer_with_no_taskflow', 'dataset_alias_example_alias_producer_with_no_taskflow' retrieved from /home/ouaillaamiri/Development/lsi_3/airflow/venv/lib/python3.11/site-packages/airflow/example_dags/example_dataset_alias_with_no_taskflow.py
[2024-11-06T10:54:07.991-1100] {logging_mixin.py:190} INFO - [2024-11-06T10:54:07.990-1100] {dag.py:3239} INFO - Sync 4 DAGs
[2024-11-06T10:54:08.039-1100] {logging_mixin.py:190} INFO - [2024-11-06T10:54:08.039-1100] {dag.py:4180} INFO - Setting next_dagrun for dataset_alias_example_alias_consumer_with_no_taskflow to None, run_after=None
[2024-11-06T10:54:08.045-1100] {logging_mixin.py:190} INFO - [2024-11-06T10:54:08.045-1100] {dag.py:4180} INFO - Setting next_dagrun for dataset_alias_example_alias_producer_with_no_taskflow to None, run_after=None
[2024-11-06T10:54:08.048-1100] {logging_mixin.py:190} INFO - [2024-11-06T10:54:08.047-1100] {dag.py:4180} INFO - Setting next_dagrun for dataset_s3_bucket_consumer_with_no_taskflow to None, run_after=None
[2024-11-06T10:54:08.050-1100] {logging_mixin.py:190} INFO - [2024-11-06T10:54:08.050-1100] {dag.py:4180} INFO - Setting next_dagrun for dataset_s3_bucket_producer_with_no_taskflow to None, run_after=None
[2024-11-06T10:54:08.091-1100] {processor.py:208} INFO - Processing /home/ouaillaamiri/Development/lsi_3/airflow/venv/lib/python3.11/site-packages/airflow/example_dags/example_dataset_alias_with_no_taskflow.py took 0.237 seconds
[2024-11-06T10:54:38.324-1100] {processor.py:186} INFO - Started process (PID=220693) to work on /home/ouaillaamiri/Development/lsi_3/airflow/venv/lib/python3.11/site-packages/airflow/example_dags/example_dataset_alias_with_no_taskflow.py
[2024-11-06T10:54:38.326-1100] {processor.py:914} INFO - Processing file /home/ouaillaamiri/Development/lsi_3/airflow/venv/lib/python3.11/site-packages/airflow/example_dags/example_dataset_alias_with_no_taskflow.py for tasks to queue
[2024-11-06T10:54:38.329-1100] {logging_mixin.py:190} INFO - [2024-11-06T10:54:38.329-1100] {dagbag.py:588} INFO - Filling up the DagBag from /home/ouaillaamiri/Development/lsi_3/airflow/venv/lib/python3.11/site-packages/airflow/example_dags/example_dataset_alias_with_no_taskflow.py
[2024-11-06T10:54:38.395-1100] {processor.py:925} INFO - DAG(s) 'dataset_s3_bucket_consumer_with_no_taskflow', 'dataset_alias_example_alias_producer_with_no_taskflow', 'dataset_s3_bucket_producer_with_no_taskflow', 'dataset_alias_example_alias_consumer_with_no_taskflow' retrieved from /home/ouaillaamiri/Development/lsi_3/airflow/venv/lib/python3.11/site-packages/airflow/example_dags/example_dataset_alias_with_no_taskflow.py
[2024-11-06T10:54:38.436-1100] {logging_mixin.py:190} INFO - [2024-11-06T10:54:38.435-1100] {dag.py:3239} INFO - Sync 4 DAGs
[2024-11-06T10:54:38.478-1100] {logging_mixin.py:190} INFO - [2024-11-06T10:54:38.477-1100] {dag.py:4180} INFO - Setting next_dagrun for dataset_alias_example_alias_consumer_with_no_taskflow to None, run_after=None
[2024-11-06T10:54:38.483-1100] {logging_mixin.py:190} INFO - [2024-11-06T10:54:38.482-1100] {dag.py:4180} INFO - Setting next_dagrun for dataset_alias_example_alias_producer_with_no_taskflow to None, run_after=None
[2024-11-06T10:54:38.485-1100] {logging_mixin.py:190} INFO - [2024-11-06T10:54:38.485-1100] {dag.py:4180} INFO - Setting next_dagrun for dataset_s3_bucket_consumer_with_no_taskflow to None, run_after=None
[2024-11-06T10:54:38.488-1100] {logging_mixin.py:190} INFO - [2024-11-06T10:54:38.488-1100] {dag.py:4180} INFO - Setting next_dagrun for dataset_s3_bucket_producer_with_no_taskflow to None, run_after=None
[2024-11-06T10:54:38.529-1100] {processor.py:208} INFO - Processing /home/ouaillaamiri/Development/lsi_3/airflow/venv/lib/python3.11/site-packages/airflow/example_dags/example_dataset_alias_with_no_taskflow.py took 0.215 seconds
[2024-11-06T10:55:08.681-1100] {processor.py:186} INFO - Started process (PID=221295) to work on /home/ouaillaamiri/Development/lsi_3/airflow/venv/lib/python3.11/site-packages/airflow/example_dags/example_dataset_alias_with_no_taskflow.py
[2024-11-06T10:55:08.682-1100] {processor.py:914} INFO - Processing file /home/ouaillaamiri/Development/lsi_3/airflow/venv/lib/python3.11/site-packages/airflow/example_dags/example_dataset_alias_with_no_taskflow.py for tasks to queue
[2024-11-06T10:55:08.686-1100] {logging_mixin.py:190} INFO - [2024-11-06T10:55:08.686-1100] {dagbag.py:588} INFO - Filling up the DagBag from /home/ouaillaamiri/Development/lsi_3/airflow/venv/lib/python3.11/site-packages/airflow/example_dags/example_dataset_alias_with_no_taskflow.py
[2024-11-06T10:55:08.767-1100] {processor.py:925} INFO - DAG(s) 'dataset_s3_bucket_producer_with_no_taskflow', 'dataset_s3_bucket_consumer_with_no_taskflow', 'dataset_alias_example_alias_consumer_with_no_taskflow', 'dataset_alias_example_alias_producer_with_no_taskflow' retrieved from /home/ouaillaamiri/Development/lsi_3/airflow/venv/lib/python3.11/site-packages/airflow/example_dags/example_dataset_alias_with_no_taskflow.py
[2024-11-06T10:55:08.819-1100] {logging_mixin.py:190} INFO - [2024-11-06T10:55:08.818-1100] {dag.py:3239} INFO - Sync 4 DAGs
[2024-11-06T10:55:08.860-1100] {logging_mixin.py:190} INFO - [2024-11-06T10:55:08.859-1100] {dag.py:4180} INFO - Setting next_dagrun for dataset_alias_example_alias_consumer_with_no_taskflow to None, run_after=None
[2024-11-06T10:55:08.865-1100] {logging_mixin.py:190} INFO - [2024-11-06T10:55:08.865-1100] {dag.py:4180} INFO - Setting next_dagrun for dataset_alias_example_alias_producer_with_no_taskflow to None, run_after=None
[2024-11-06T10:55:08.871-1100] {logging_mixin.py:190} INFO - [2024-11-06T10:55:08.870-1100] {dag.py:4180} INFO - Setting next_dagrun for dataset_s3_bucket_consumer_with_no_taskflow to None, run_after=None
[2024-11-06T10:55:08.874-1100] {logging_mixin.py:190} INFO - [2024-11-06T10:55:08.873-1100] {dag.py:4180} INFO - Setting next_dagrun for dataset_s3_bucket_producer_with_no_taskflow to None, run_after=None
[2024-11-06T10:55:08.925-1100] {processor.py:208} INFO - Processing /home/ouaillaamiri/Development/lsi_3/airflow/venv/lib/python3.11/site-packages/airflow/example_dags/example_dataset_alias_with_no_taskflow.py took 0.256 seconds
[2024-11-06T10:55:39.279-1100] {processor.py:186} INFO - Started process (PID=221760) to work on /home/ouaillaamiri/Development/lsi_3/airflow/venv/lib/python3.11/site-packages/airflow/example_dags/example_dataset_alias_with_no_taskflow.py
[2024-11-06T10:55:39.281-1100] {processor.py:914} INFO - Processing file /home/ouaillaamiri/Development/lsi_3/airflow/venv/lib/python3.11/site-packages/airflow/example_dags/example_dataset_alias_with_no_taskflow.py for tasks to queue
[2024-11-06T10:55:39.286-1100] {logging_mixin.py:190} INFO - [2024-11-06T10:55:39.285-1100] {dagbag.py:588} INFO - Filling up the DagBag from /home/ouaillaamiri/Development/lsi_3/airflow/venv/lib/python3.11/site-packages/airflow/example_dags/example_dataset_alias_with_no_taskflow.py
[2024-11-06T10:55:39.383-1100] {processor.py:925} INFO - DAG(s) 'dataset_alias_example_alias_producer_with_no_taskflow', 'dataset_s3_bucket_producer_with_no_taskflow', 'dataset_s3_bucket_consumer_with_no_taskflow', 'dataset_alias_example_alias_consumer_with_no_taskflow' retrieved from /home/ouaillaamiri/Development/lsi_3/airflow/venv/lib/python3.11/site-packages/airflow/example_dags/example_dataset_alias_with_no_taskflow.py
[2024-11-06T10:55:39.434-1100] {logging_mixin.py:190} INFO - [2024-11-06T10:55:39.434-1100] {dag.py:3239} INFO - Sync 4 DAGs
[2024-11-06T10:55:39.498-1100] {logging_mixin.py:190} INFO - [2024-11-06T10:55:39.497-1100] {dag.py:4180} INFO - Setting next_dagrun for dataset_alias_example_alias_consumer_with_no_taskflow to None, run_after=None
[2024-11-06T10:55:39.505-1100] {logging_mixin.py:190} INFO - [2024-11-06T10:55:39.505-1100] {dag.py:4180} INFO - Setting next_dagrun for dataset_alias_example_alias_producer_with_no_taskflow to None, run_after=None
[2024-11-06T10:55:39.508-1100] {logging_mixin.py:190} INFO - [2024-11-06T10:55:39.508-1100] {dag.py:4180} INFO - Setting next_dagrun for dataset_s3_bucket_consumer_with_no_taskflow to None, run_after=None
[2024-11-06T10:55:39.512-1100] {logging_mixin.py:190} INFO - [2024-11-06T10:55:39.511-1100] {dag.py:4180} INFO - Setting next_dagrun for dataset_s3_bucket_producer_with_no_taskflow to None, run_after=None
[2024-11-06T10:55:39.565-1100] {processor.py:208} INFO - Processing /home/ouaillaamiri/Development/lsi_3/airflow/venv/lib/python3.11/site-packages/airflow/example_dags/example_dataset_alias_with_no_taskflow.py took 0.300 seconds
[2024-11-06T10:56:09.916-1100] {processor.py:186} INFO - Started process (PID=222143) to work on /home/ouaillaamiri/Development/lsi_3/airflow/venv/lib/python3.11/site-packages/airflow/example_dags/example_dataset_alias_with_no_taskflow.py
[2024-11-06T10:56:09.920-1100] {processor.py:914} INFO - Processing file /home/ouaillaamiri/Development/lsi_3/airflow/venv/lib/python3.11/site-packages/airflow/example_dags/example_dataset_alias_with_no_taskflow.py for tasks to queue
[2024-11-06T10:56:09.926-1100] {logging_mixin.py:190} INFO - [2024-11-06T10:56:09.925-1100] {dagbag.py:588} INFO - Filling up the DagBag from /home/ouaillaamiri/Development/lsi_3/airflow/venv/lib/python3.11/site-packages/airflow/example_dags/example_dataset_alias_with_no_taskflow.py
[2024-11-06T10:56:10.010-1100] {processor.py:925} INFO - DAG(s) 'dataset_alias_example_alias_producer_with_no_taskflow', 'dataset_s3_bucket_consumer_with_no_taskflow', 'dataset_alias_example_alias_consumer_with_no_taskflow', 'dataset_s3_bucket_producer_with_no_taskflow' retrieved from /home/ouaillaamiri/Development/lsi_3/airflow/venv/lib/python3.11/site-packages/airflow/example_dags/example_dataset_alias_with_no_taskflow.py
[2024-11-06T10:56:10.062-1100] {logging_mixin.py:190} INFO - [2024-11-06T10:56:10.061-1100] {dag.py:3239} INFO - Sync 4 DAGs
[2024-11-06T10:56:10.110-1100] {logging_mixin.py:190} INFO - [2024-11-06T10:56:10.110-1100] {dag.py:4180} INFO - Setting next_dagrun for dataset_alias_example_alias_consumer_with_no_taskflow to None, run_after=None
[2024-11-06T10:56:10.117-1100] {logging_mixin.py:190} INFO - [2024-11-06T10:56:10.117-1100] {dag.py:4180} INFO - Setting next_dagrun for dataset_alias_example_alias_producer_with_no_taskflow to None, run_after=None
[2024-11-06T10:56:10.121-1100] {logging_mixin.py:190} INFO - [2024-11-06T10:56:10.121-1100] {dag.py:4180} INFO - Setting next_dagrun for dataset_s3_bucket_consumer_with_no_taskflow to None, run_after=None
[2024-11-06T10:56:10.125-1100] {logging_mixin.py:190} INFO - [2024-11-06T10:56:10.124-1100] {dag.py:4180} INFO - Setting next_dagrun for dataset_s3_bucket_producer_with_no_taskflow to None, run_after=None
[2024-11-06T10:56:10.173-1100] {processor.py:208} INFO - Processing /home/ouaillaamiri/Development/lsi_3/airflow/venv/lib/python3.11/site-packages/airflow/example_dags/example_dataset_alias_with_no_taskflow.py took 0.271 seconds
[2024-11-06T10:56:47.153-1100] {processor.py:186} INFO - Started process (PID=223338) to work on /home/ouaillaamiri/Development/lsi_3/airflow/venv/lib/python3.11/site-packages/airflow/example_dags/example_dataset_alias_with_no_taskflow.py
[2024-11-06T10:56:47.155-1100] {processor.py:914} INFO - Processing file /home/ouaillaamiri/Development/lsi_3/airflow/venv/lib/python3.11/site-packages/airflow/example_dags/example_dataset_alias_with_no_taskflow.py for tasks to queue
[2024-11-06T10:56:47.160-1100] {logging_mixin.py:190} INFO - [2024-11-06T10:56:47.159-1100] {dagbag.py:588} INFO - Filling up the DagBag from /home/ouaillaamiri/Development/lsi_3/airflow/venv/lib/python3.11/site-packages/airflow/example_dags/example_dataset_alias_with_no_taskflow.py
[2024-11-06T10:56:47.233-1100] {processor.py:925} INFO - DAG(s) 'dataset_s3_bucket_consumer_with_no_taskflow', 'dataset_alias_example_alias_consumer_with_no_taskflow', 'dataset_s3_bucket_producer_with_no_taskflow', 'dataset_alias_example_alias_producer_with_no_taskflow' retrieved from /home/ouaillaamiri/Development/lsi_3/airflow/venv/lib/python3.11/site-packages/airflow/example_dags/example_dataset_alias_with_no_taskflow.py
[2024-11-06T10:56:47.279-1100] {logging_mixin.py:190} INFO - [2024-11-06T10:56:47.278-1100] {dag.py:3239} INFO - Sync 4 DAGs
[2024-11-06T10:56:47.329-1100] {logging_mixin.py:190} INFO - [2024-11-06T10:56:47.328-1100] {dag.py:4180} INFO - Setting next_dagrun for dataset_alias_example_alias_consumer_with_no_taskflow to None, run_after=None
[2024-11-06T10:56:47.339-1100] {logging_mixin.py:190} INFO - [2024-11-06T10:56:47.339-1100] {dag.py:4180} INFO - Setting next_dagrun for dataset_alias_example_alias_producer_with_no_taskflow to None, run_after=None
[2024-11-06T10:56:47.344-1100] {logging_mixin.py:190} INFO - [2024-11-06T10:56:47.343-1100] {dag.py:4180} INFO - Setting next_dagrun for dataset_s3_bucket_consumer_with_no_taskflow to None, run_after=None
[2024-11-06T10:56:47.361-1100] {logging_mixin.py:190} INFO - [2024-11-06T10:56:47.361-1100] {dag.py:4180} INFO - Setting next_dagrun for dataset_s3_bucket_producer_with_no_taskflow to None, run_after=None
[2024-11-06T10:56:47.455-1100] {processor.py:208} INFO - Processing /home/ouaillaamiri/Development/lsi_3/airflow/venv/lib/python3.11/site-packages/airflow/example_dags/example_dataset_alias_with_no_taskflow.py took 0.313 seconds
[2024-11-06T10:57:18.020-1100] {processor.py:186} INFO - Started process (PID=224449) to work on /home/ouaillaamiri/Development/lsi_3/airflow/venv/lib/python3.11/site-packages/airflow/example_dags/example_dataset_alias_with_no_taskflow.py
[2024-11-06T10:57:18.022-1100] {processor.py:914} INFO - Processing file /home/ouaillaamiri/Development/lsi_3/airflow/venv/lib/python3.11/site-packages/airflow/example_dags/example_dataset_alias_with_no_taskflow.py for tasks to queue
[2024-11-06T10:57:18.025-1100] {logging_mixin.py:190} INFO - [2024-11-06T10:57:18.025-1100] {dagbag.py:588} INFO - Filling up the DagBag from /home/ouaillaamiri/Development/lsi_3/airflow/venv/lib/python3.11/site-packages/airflow/example_dags/example_dataset_alias_with_no_taskflow.py
[2024-11-06T10:57:18.098-1100] {processor.py:925} INFO - DAG(s) 'dataset_s3_bucket_producer_with_no_taskflow', 'dataset_s3_bucket_consumer_with_no_taskflow', 'dataset_alias_example_alias_consumer_with_no_taskflow', 'dataset_alias_example_alias_producer_with_no_taskflow' retrieved from /home/ouaillaamiri/Development/lsi_3/airflow/venv/lib/python3.11/site-packages/airflow/example_dags/example_dataset_alias_with_no_taskflow.py
[2024-11-06T10:57:18.146-1100] {logging_mixin.py:190} INFO - [2024-11-06T10:57:18.145-1100] {dag.py:3239} INFO - Sync 4 DAGs
[2024-11-06T10:57:18.196-1100] {logging_mixin.py:190} INFO - [2024-11-06T10:57:18.195-1100] {dag.py:4180} INFO - Setting next_dagrun for dataset_alias_example_alias_consumer_with_no_taskflow to None, run_after=None
[2024-11-06T10:57:18.202-1100] {logging_mixin.py:190} INFO - [2024-11-06T10:57:18.201-1100] {dag.py:4180} INFO - Setting next_dagrun for dataset_alias_example_alias_producer_with_no_taskflow to None, run_after=None
[2024-11-06T10:57:18.205-1100] {logging_mixin.py:190} INFO - [2024-11-06T10:57:18.204-1100] {dag.py:4180} INFO - Setting next_dagrun for dataset_s3_bucket_consumer_with_no_taskflow to None, run_after=None
[2024-11-06T10:57:18.208-1100] {logging_mixin.py:190} INFO - [2024-11-06T10:57:18.207-1100] {dag.py:4180} INFO - Setting next_dagrun for dataset_s3_bucket_producer_with_no_taskflow to None, run_after=None
[2024-11-06T10:57:18.263-1100] {processor.py:208} INFO - Processing /home/ouaillaamiri/Development/lsi_3/airflow/venv/lib/python3.11/site-packages/airflow/example_dags/example_dataset_alias_with_no_taskflow.py took 0.255 seconds
[2024-11-06T10:57:48.446-1100] {processor.py:186} INFO - Started process (PID=225241) to work on /home/ouaillaamiri/Development/lsi_3/airflow/venv/lib/python3.11/site-packages/airflow/example_dags/example_dataset_alias_with_no_taskflow.py
[2024-11-06T10:57:48.448-1100] {processor.py:914} INFO - Processing file /home/ouaillaamiri/Development/lsi_3/airflow/venv/lib/python3.11/site-packages/airflow/example_dags/example_dataset_alias_with_no_taskflow.py for tasks to queue
[2024-11-06T10:57:48.454-1100] {logging_mixin.py:190} INFO - [2024-11-06T10:57:48.453-1100] {dagbag.py:588} INFO - Filling up the DagBag from /home/ouaillaamiri/Development/lsi_3/airflow/venv/lib/python3.11/site-packages/airflow/example_dags/example_dataset_alias_with_no_taskflow.py
[2024-11-06T10:57:48.529-1100] {processor.py:925} INFO - DAG(s) 'dataset_alias_example_alias_producer_with_no_taskflow', 'dataset_alias_example_alias_consumer_with_no_taskflow', 'dataset_s3_bucket_producer_with_no_taskflow', 'dataset_s3_bucket_consumer_with_no_taskflow' retrieved from /home/ouaillaamiri/Development/lsi_3/airflow/venv/lib/python3.11/site-packages/airflow/example_dags/example_dataset_alias_with_no_taskflow.py
[2024-11-06T10:57:48.584-1100] {logging_mixin.py:190} INFO - [2024-11-06T10:57:48.583-1100] {dag.py:3239} INFO - Sync 4 DAGs
[2024-11-06T10:57:48.636-1100] {logging_mixin.py:190} INFO - [2024-11-06T10:57:48.635-1100] {dag.py:4180} INFO - Setting next_dagrun for dataset_alias_example_alias_consumer_with_no_taskflow to None, run_after=None
[2024-11-06T10:57:48.641-1100] {logging_mixin.py:190} INFO - [2024-11-06T10:57:48.641-1100] {dag.py:4180} INFO - Setting next_dagrun for dataset_alias_example_alias_producer_with_no_taskflow to None, run_after=None
[2024-11-06T10:57:48.644-1100] {logging_mixin.py:190} INFO - [2024-11-06T10:57:48.643-1100] {dag.py:4180} INFO - Setting next_dagrun for dataset_s3_bucket_consumer_with_no_taskflow to None, run_after=None
[2024-11-06T10:57:48.646-1100] {logging_mixin.py:190} INFO - [2024-11-06T10:57:48.646-1100] {dag.py:4180} INFO - Setting next_dagrun for dataset_s3_bucket_producer_with_no_taskflow to None, run_after=None
[2024-11-06T10:57:48.691-1100] {processor.py:208} INFO - Processing /home/ouaillaamiri/Development/lsi_3/airflow/venv/lib/python3.11/site-packages/airflow/example_dags/example_dataset_alias_with_no_taskflow.py took 0.262 seconds
[2024-11-06T10:58:19.821-1100] {processor.py:186} INFO - Started process (PID=225786) to work on /home/ouaillaamiri/Development/lsi_3/airflow/venv/lib/python3.11/site-packages/airflow/example_dags/example_dataset_alias_with_no_taskflow.py
[2024-11-06T10:58:19.823-1100] {processor.py:914} INFO - Processing file /home/ouaillaamiri/Development/lsi_3/airflow/venv/lib/python3.11/site-packages/airflow/example_dags/example_dataset_alias_with_no_taskflow.py for tasks to queue
[2024-11-06T10:58:19.828-1100] {logging_mixin.py:190} INFO - [2024-11-06T10:58:19.827-1100] {dagbag.py:588} INFO - Filling up the DagBag from /home/ouaillaamiri/Development/lsi_3/airflow/venv/lib/python3.11/site-packages/airflow/example_dags/example_dataset_alias_with_no_taskflow.py
[2024-11-06T10:58:19.935-1100] {processor.py:925} INFO - DAG(s) 'dataset_alias_example_alias_producer_with_no_taskflow', 'dataset_s3_bucket_producer_with_no_taskflow', 'dataset_s3_bucket_consumer_with_no_taskflow', 'dataset_alias_example_alias_consumer_with_no_taskflow' retrieved from /home/ouaillaamiri/Development/lsi_3/airflow/venv/lib/python3.11/site-packages/airflow/example_dags/example_dataset_alias_with_no_taskflow.py
[2024-11-06T10:58:19.988-1100] {logging_mixin.py:190} INFO - [2024-11-06T10:58:19.987-1100] {dag.py:3239} INFO - Sync 4 DAGs
[2024-11-06T10:58:20.040-1100] {logging_mixin.py:190} INFO - [2024-11-06T10:58:20.039-1100] {dag.py:4180} INFO - Setting next_dagrun for dataset_alias_example_alias_consumer_with_no_taskflow to None, run_after=None
[2024-11-06T10:58:20.046-1100] {logging_mixin.py:190} INFO - [2024-11-06T10:58:20.045-1100] {dag.py:4180} INFO - Setting next_dagrun for dataset_alias_example_alias_producer_with_no_taskflow to None, run_after=None
[2024-11-06T10:58:20.049-1100] {logging_mixin.py:190} INFO - [2024-11-06T10:58:20.049-1100] {dag.py:4180} INFO - Setting next_dagrun for dataset_s3_bucket_consumer_with_no_taskflow to None, run_after=None
[2024-11-06T10:58:20.053-1100] {logging_mixin.py:190} INFO - [2024-11-06T10:58:20.052-1100] {dag.py:4180} INFO - Setting next_dagrun for dataset_s3_bucket_producer_with_no_taskflow to None, run_after=None
[2024-11-06T10:58:20.107-1100] {processor.py:208} INFO - Processing /home/ouaillaamiri/Development/lsi_3/airflow/venv/lib/python3.11/site-packages/airflow/example_dags/example_dataset_alias_with_no_taskflow.py took 0.300 seconds
[2024-11-06T10:58:50.287-1100] {processor.py:186} INFO - Started process (PID=226524) to work on /home/ouaillaamiri/Development/lsi_3/airflow/venv/lib/python3.11/site-packages/airflow/example_dags/example_dataset_alias_with_no_taskflow.py
[2024-11-06T10:58:50.292-1100] {processor.py:914} INFO - Processing file /home/ouaillaamiri/Development/lsi_3/airflow/venv/lib/python3.11/site-packages/airflow/example_dags/example_dataset_alias_with_no_taskflow.py for tasks to queue
[2024-11-06T10:58:50.295-1100] {logging_mixin.py:190} INFO - [2024-11-06T10:58:50.295-1100] {dagbag.py:588} INFO - Filling up the DagBag from /home/ouaillaamiri/Development/lsi_3/airflow/venv/lib/python3.11/site-packages/airflow/example_dags/example_dataset_alias_with_no_taskflow.py
[2024-11-06T10:58:50.370-1100] {processor.py:925} INFO - DAG(s) 'dataset_s3_bucket_producer_with_no_taskflow', 'dataset_alias_example_alias_consumer_with_no_taskflow', 'dataset_s3_bucket_consumer_with_no_taskflow', 'dataset_alias_example_alias_producer_with_no_taskflow' retrieved from /home/ouaillaamiri/Development/lsi_3/airflow/venv/lib/python3.11/site-packages/airflow/example_dags/example_dataset_alias_with_no_taskflow.py
[2024-11-06T10:58:50.413-1100] {logging_mixin.py:190} INFO - [2024-11-06T10:58:50.413-1100] {dag.py:3239} INFO - Sync 4 DAGs
[2024-11-06T10:58:50.454-1100] {logging_mixin.py:190} INFO - [2024-11-06T10:58:50.453-1100] {dag.py:4180} INFO - Setting next_dagrun for dataset_alias_example_alias_consumer_with_no_taskflow to None, run_after=None
[2024-11-06T10:58:50.460-1100] {logging_mixin.py:190} INFO - [2024-11-06T10:58:50.460-1100] {dag.py:4180} INFO - Setting next_dagrun for dataset_alias_example_alias_producer_with_no_taskflow to None, run_after=None
[2024-11-06T10:58:50.463-1100] {logging_mixin.py:190} INFO - [2024-11-06T10:58:50.463-1100] {dag.py:4180} INFO - Setting next_dagrun for dataset_s3_bucket_consumer_with_no_taskflow to None, run_after=None
[2024-11-06T10:58:50.467-1100] {logging_mixin.py:190} INFO - [2024-11-06T10:58:50.467-1100] {dag.py:4180} INFO - Setting next_dagrun for dataset_s3_bucket_producer_with_no_taskflow to None, run_after=None
[2024-11-06T10:58:50.515-1100] {processor.py:208} INFO - Processing /home/ouaillaamiri/Development/lsi_3/airflow/venv/lib/python3.11/site-packages/airflow/example_dags/example_dataset_alias_with_no_taskflow.py took 0.238 seconds
[2024-11-06T10:59:21.174-1100] {processor.py:186} INFO - Started process (PID=227221) to work on /home/ouaillaamiri/Development/lsi_3/airflow/venv/lib/python3.11/site-packages/airflow/example_dags/example_dataset_alias_with_no_taskflow.py
[2024-11-06T10:59:21.177-1100] {processor.py:914} INFO - Processing file /home/ouaillaamiri/Development/lsi_3/airflow/venv/lib/python3.11/site-packages/airflow/example_dags/example_dataset_alias_with_no_taskflow.py for tasks to queue
[2024-11-06T10:59:21.182-1100] {logging_mixin.py:190} INFO - [2024-11-06T10:59:21.181-1100] {dagbag.py:588} INFO - Filling up the DagBag from /home/ouaillaamiri/Development/lsi_3/airflow/venv/lib/python3.11/site-packages/airflow/example_dags/example_dataset_alias_with_no_taskflow.py
[2024-11-06T10:59:21.268-1100] {processor.py:925} INFO - DAG(s) 'dataset_alias_example_alias_producer_with_no_taskflow', 'dataset_s3_bucket_consumer_with_no_taskflow', 'dataset_s3_bucket_producer_with_no_taskflow', 'dataset_alias_example_alias_consumer_with_no_taskflow' retrieved from /home/ouaillaamiri/Development/lsi_3/airflow/venv/lib/python3.11/site-packages/airflow/example_dags/example_dataset_alias_with_no_taskflow.py
[2024-11-06T10:59:21.316-1100] {logging_mixin.py:190} INFO - [2024-11-06T10:59:21.315-1100] {dag.py:3239} INFO - Sync 4 DAGs
[2024-11-06T10:59:21.364-1100] {logging_mixin.py:190} INFO - [2024-11-06T10:59:21.363-1100] {dag.py:4180} INFO - Setting next_dagrun for dataset_alias_example_alias_consumer_with_no_taskflow to None, run_after=None
[2024-11-06T10:59:21.370-1100] {logging_mixin.py:190} INFO - [2024-11-06T10:59:21.370-1100] {dag.py:4180} INFO - Setting next_dagrun for dataset_alias_example_alias_producer_with_no_taskflow to None, run_after=None
[2024-11-06T10:59:21.374-1100] {logging_mixin.py:190} INFO - [2024-11-06T10:59:21.373-1100] {dag.py:4180} INFO - Setting next_dagrun for dataset_s3_bucket_consumer_with_no_taskflow to None, run_after=None
[2024-11-06T10:59:21.378-1100] {logging_mixin.py:190} INFO - [2024-11-06T10:59:21.377-1100] {dag.py:4180} INFO - Setting next_dagrun for dataset_s3_bucket_producer_with_no_taskflow to None, run_after=None
[2024-11-06T10:59:21.427-1100] {processor.py:208} INFO - Processing /home/ouaillaamiri/Development/lsi_3/airflow/venv/lib/python3.11/site-packages/airflow/example_dags/example_dataset_alias_with_no_taskflow.py took 0.268 seconds
[2024-11-06T10:59:52.357-1100] {processor.py:186} INFO - Started process (PID=227605) to work on /home/ouaillaamiri/Development/lsi_3/airflow/venv/lib/python3.11/site-packages/airflow/example_dags/example_dataset_alias_with_no_taskflow.py
[2024-11-06T10:59:52.359-1100] {processor.py:914} INFO - Processing file /home/ouaillaamiri/Development/lsi_3/airflow/venv/lib/python3.11/site-packages/airflow/example_dags/example_dataset_alias_with_no_taskflow.py for tasks to queue
[2024-11-06T10:59:52.363-1100] {logging_mixin.py:190} INFO - [2024-11-06T10:59:52.362-1100] {dagbag.py:588} INFO - Filling up the DagBag from /home/ouaillaamiri/Development/lsi_3/airflow/venv/lib/python3.11/site-packages/airflow/example_dags/example_dataset_alias_with_no_taskflow.py
[2024-11-06T10:59:52.433-1100] {processor.py:925} INFO - DAG(s) 'dataset_s3_bucket_producer_with_no_taskflow', 'dataset_alias_example_alias_consumer_with_no_taskflow', 'dataset_alias_example_alias_producer_with_no_taskflow', 'dataset_s3_bucket_consumer_with_no_taskflow' retrieved from /home/ouaillaamiri/Development/lsi_3/airflow/venv/lib/python3.11/site-packages/airflow/example_dags/example_dataset_alias_with_no_taskflow.py
[2024-11-06T10:59:52.478-1100] {logging_mixin.py:190} INFO - [2024-11-06T10:59:52.478-1100] {dag.py:3239} INFO - Sync 4 DAGs
[2024-11-06T10:59:52.525-1100] {logging_mixin.py:190} INFO - [2024-11-06T10:59:52.524-1100] {dag.py:4180} INFO - Setting next_dagrun for dataset_alias_example_alias_consumer_with_no_taskflow to None, run_after=None
[2024-11-06T10:59:52.530-1100] {logging_mixin.py:190} INFO - [2024-11-06T10:59:52.530-1100] {dag.py:4180} INFO - Setting next_dagrun for dataset_alias_example_alias_producer_with_no_taskflow to None, run_after=None
[2024-11-06T10:59:52.533-1100] {logging_mixin.py:190} INFO - [2024-11-06T10:59:52.533-1100] {dag.py:4180} INFO - Setting next_dagrun for dataset_s3_bucket_consumer_with_no_taskflow to None, run_after=None
[2024-11-06T10:59:52.536-1100] {logging_mixin.py:190} INFO - [2024-11-06T10:59:52.535-1100] {dag.py:4180} INFO - Setting next_dagrun for dataset_s3_bucket_producer_with_no_taskflow to None, run_after=None
[2024-11-06T10:59:52.582-1100] {processor.py:208} INFO - Processing /home/ouaillaamiri/Development/lsi_3/airflow/venv/lib/python3.11/site-packages/airflow/example_dags/example_dataset_alias_with_no_taskflow.py took 0.235 seconds
[2024-11-06T11:00:58.623-1100] {processor.py:186} INFO - Started process (PID=228844) to work on /home/ouaillaamiri/Development/lsi_3/airflow/venv/lib/python3.11/site-packages/airflow/example_dags/example_dataset_alias_with_no_taskflow.py
[2024-11-06T11:00:58.626-1100] {processor.py:914} INFO - Processing file /home/ouaillaamiri/Development/lsi_3/airflow/venv/lib/python3.11/site-packages/airflow/example_dags/example_dataset_alias_with_no_taskflow.py for tasks to queue
[2024-11-06T11:00:58.630-1100] {logging_mixin.py:190} INFO - [2024-11-06T11:00:58.630-1100] {dagbag.py:588} INFO - Filling up the DagBag from /home/ouaillaamiri/Development/lsi_3/airflow/venv/lib/python3.11/site-packages/airflow/example_dags/example_dataset_alias_with_no_taskflow.py
[2024-11-06T11:00:58.712-1100] {processor.py:925} INFO - DAG(s) 'dataset_s3_bucket_producer_with_no_taskflow', 'dataset_alias_example_alias_producer_with_no_taskflow', 'dataset_alias_example_alias_consumer_with_no_taskflow', 'dataset_s3_bucket_consumer_with_no_taskflow' retrieved from /home/ouaillaamiri/Development/lsi_3/airflow/venv/lib/python3.11/site-packages/airflow/example_dags/example_dataset_alias_with_no_taskflow.py
[2024-11-06T11:00:58.760-1100] {logging_mixin.py:190} INFO - [2024-11-06T11:00:58.760-1100] {dag.py:3239} INFO - Sync 4 DAGs
[2024-11-06T11:00:58.814-1100] {logging_mixin.py:190} INFO - [2024-11-06T11:00:58.814-1100] {dag.py:4180} INFO - Setting next_dagrun for dataset_alias_example_alias_consumer_with_no_taskflow to None, run_after=None
[2024-11-06T11:00:58.821-1100] {logging_mixin.py:190} INFO - [2024-11-06T11:00:58.820-1100] {dag.py:4180} INFO - Setting next_dagrun for dataset_alias_example_alias_producer_with_no_taskflow to None, run_after=None
[2024-11-06T11:00:58.824-1100] {logging_mixin.py:190} INFO - [2024-11-06T11:00:58.824-1100] {dag.py:4180} INFO - Setting next_dagrun for dataset_s3_bucket_consumer_with_no_taskflow to None, run_after=None
[2024-11-06T11:00:58.827-1100] {logging_mixin.py:190} INFO - [2024-11-06T11:00:58.827-1100] {dag.py:4180} INFO - Setting next_dagrun for dataset_s3_bucket_producer_with_no_taskflow to None, run_after=None
[2024-11-06T11:00:58.875-1100] {processor.py:208} INFO - Processing /home/ouaillaamiri/Development/lsi_3/airflow/venv/lib/python3.11/site-packages/airflow/example_dags/example_dataset_alias_with_no_taskflow.py took 0.266 seconds
[2024-11-06T11:01:29.763-1100] {processor.py:186} INFO - Started process (PID=229388) to work on /home/ouaillaamiri/Development/lsi_3/airflow/venv/lib/python3.11/site-packages/airflow/example_dags/example_dataset_alias_with_no_taskflow.py
[2024-11-06T11:01:29.766-1100] {processor.py:914} INFO - Processing file /home/ouaillaamiri/Development/lsi_3/airflow/venv/lib/python3.11/site-packages/airflow/example_dags/example_dataset_alias_with_no_taskflow.py for tasks to queue
[2024-11-06T11:01:29.773-1100] {logging_mixin.py:190} INFO - [2024-11-06T11:01:29.772-1100] {dagbag.py:588} INFO - Filling up the DagBag from /home/ouaillaamiri/Development/lsi_3/airflow/venv/lib/python3.11/site-packages/airflow/example_dags/example_dataset_alias_with_no_taskflow.py
[2024-11-06T11:01:29.849-1100] {processor.py:925} INFO - DAG(s) 'dataset_alias_example_alias_consumer_with_no_taskflow', 'dataset_s3_bucket_producer_with_no_taskflow', 'dataset_alias_example_alias_producer_with_no_taskflow', 'dataset_s3_bucket_consumer_with_no_taskflow' retrieved from /home/ouaillaamiri/Development/lsi_3/airflow/venv/lib/python3.11/site-packages/airflow/example_dags/example_dataset_alias_with_no_taskflow.py
[2024-11-06T11:01:29.892-1100] {logging_mixin.py:190} INFO - [2024-11-06T11:01:29.892-1100] {dag.py:3239} INFO - Sync 4 DAGs
[2024-11-06T11:01:29.942-1100] {logging_mixin.py:190} INFO - [2024-11-06T11:01:29.941-1100] {dag.py:4180} INFO - Setting next_dagrun for dataset_alias_example_alias_consumer_with_no_taskflow to None, run_after=None
[2024-11-06T11:01:29.947-1100] {logging_mixin.py:190} INFO - [2024-11-06T11:01:29.946-1100] {dag.py:4180} INFO - Setting next_dagrun for dataset_alias_example_alias_producer_with_no_taskflow to None, run_after=None
[2024-11-06T11:01:29.950-1100] {logging_mixin.py:190} INFO - [2024-11-06T11:01:29.949-1100] {dag.py:4180} INFO - Setting next_dagrun for dataset_s3_bucket_consumer_with_no_taskflow to None, run_after=None
[2024-11-06T11:01:29.952-1100] {logging_mixin.py:190} INFO - [2024-11-06T11:01:29.952-1100] {dag.py:4180} INFO - Setting next_dagrun for dataset_s3_bucket_producer_with_no_taskflow to None, run_after=None
[2024-11-06T11:01:29.994-1100] {processor.py:208} INFO - Processing /home/ouaillaamiri/Development/lsi_3/airflow/venv/lib/python3.11/site-packages/airflow/example_dags/example_dataset_alias_with_no_taskflow.py took 0.245 seconds
[2024-11-06T11:02:00.155-1100] {processor.py:186} INFO - Started process (PID=229762) to work on /home/ouaillaamiri/Development/lsi_3/airflow/venv/lib/python3.11/site-packages/airflow/example_dags/example_dataset_alias_with_no_taskflow.py
[2024-11-06T11:02:00.158-1100] {processor.py:914} INFO - Processing file /home/ouaillaamiri/Development/lsi_3/airflow/venv/lib/python3.11/site-packages/airflow/example_dags/example_dataset_alias_with_no_taskflow.py for tasks to queue
[2024-11-06T11:02:00.162-1100] {logging_mixin.py:190} INFO - [2024-11-06T11:02:00.161-1100] {dagbag.py:588} INFO - Filling up the DagBag from /home/ouaillaamiri/Development/lsi_3/airflow/venv/lib/python3.11/site-packages/airflow/example_dags/example_dataset_alias_with_no_taskflow.py
[2024-11-06T11:02:00.255-1100] {processor.py:925} INFO - DAG(s) 'dataset_s3_bucket_consumer_with_no_taskflow', 'dataset_alias_example_alias_consumer_with_no_taskflow', 'dataset_s3_bucket_producer_with_no_taskflow', 'dataset_alias_example_alias_producer_with_no_taskflow' retrieved from /home/ouaillaamiri/Development/lsi_3/airflow/venv/lib/python3.11/site-packages/airflow/example_dags/example_dataset_alias_with_no_taskflow.py
[2024-11-06T11:02:00.313-1100] {logging_mixin.py:190} INFO - [2024-11-06T11:02:00.312-1100] {dag.py:3239} INFO - Sync 4 DAGs
[2024-11-06T11:02:00.373-1100] {logging_mixin.py:190} INFO - [2024-11-06T11:02:00.373-1100] {dag.py:4180} INFO - Setting next_dagrun for dataset_alias_example_alias_consumer_with_no_taskflow to None, run_after=None
[2024-11-06T11:02:00.380-1100] {logging_mixin.py:190} INFO - [2024-11-06T11:02:00.379-1100] {dag.py:4180} INFO - Setting next_dagrun for dataset_alias_example_alias_producer_with_no_taskflow to None, run_after=None
[2024-11-06T11:02:00.385-1100] {logging_mixin.py:190} INFO - [2024-11-06T11:02:00.384-1100] {dag.py:4180} INFO - Setting next_dagrun for dataset_s3_bucket_consumer_with_no_taskflow to None, run_after=None
[2024-11-06T11:02:00.389-1100] {logging_mixin.py:190} INFO - [2024-11-06T11:02:00.388-1100] {dag.py:4180} INFO - Setting next_dagrun for dataset_s3_bucket_producer_with_no_taskflow to None, run_after=None
[2024-11-06T11:02:00.449-1100] {processor.py:208} INFO - Processing /home/ouaillaamiri/Development/lsi_3/airflow/venv/lib/python3.11/site-packages/airflow/example_dags/example_dataset_alias_with_no_taskflow.py took 0.306 seconds
[2024-11-06T11:02:30.649-1100] {processor.py:186} INFO - Started process (PID=230412) to work on /home/ouaillaamiri/Development/lsi_3/airflow/venv/lib/python3.11/site-packages/airflow/example_dags/example_dataset_alias_with_no_taskflow.py
[2024-11-06T11:02:30.651-1100] {processor.py:914} INFO - Processing file /home/ouaillaamiri/Development/lsi_3/airflow/venv/lib/python3.11/site-packages/airflow/example_dags/example_dataset_alias_with_no_taskflow.py for tasks to queue
[2024-11-06T11:02:30.655-1100] {logging_mixin.py:190} INFO - [2024-11-06T11:02:30.654-1100] {dagbag.py:588} INFO - Filling up the DagBag from /home/ouaillaamiri/Development/lsi_3/airflow/venv/lib/python3.11/site-packages/airflow/example_dags/example_dataset_alias_with_no_taskflow.py
[2024-11-06T11:02:30.727-1100] {processor.py:925} INFO - DAG(s) 'dataset_s3_bucket_consumer_with_no_taskflow', 'dataset_alias_example_alias_producer_with_no_taskflow', 'dataset_s3_bucket_producer_with_no_taskflow', 'dataset_alias_example_alias_consumer_with_no_taskflow' retrieved from /home/ouaillaamiri/Development/lsi_3/airflow/venv/lib/python3.11/site-packages/airflow/example_dags/example_dataset_alias_with_no_taskflow.py
[2024-11-06T11:02:30.772-1100] {logging_mixin.py:190} INFO - [2024-11-06T11:02:30.771-1100] {dag.py:3239} INFO - Sync 4 DAGs
[2024-11-06T11:02:30.820-1100] {logging_mixin.py:190} INFO - [2024-11-06T11:02:30.820-1100] {dag.py:4180} INFO - Setting next_dagrun for dataset_alias_example_alias_consumer_with_no_taskflow to None, run_after=None
[2024-11-06T11:02:30.826-1100] {logging_mixin.py:190} INFO - [2024-11-06T11:02:30.826-1100] {dag.py:4180} INFO - Setting next_dagrun for dataset_alias_example_alias_producer_with_no_taskflow to None, run_after=None
[2024-11-06T11:02:30.839-1100] {logging_mixin.py:190} INFO - [2024-11-06T11:02:30.838-1100] {dag.py:4180} INFO - Setting next_dagrun for dataset_s3_bucket_consumer_with_no_taskflow to None, run_after=None
[2024-11-06T11:02:30.848-1100] {logging_mixin.py:190} INFO - [2024-11-06T11:02:30.847-1100] {dag.py:4180} INFO - Setting next_dagrun for dataset_s3_bucket_producer_with_no_taskflow to None, run_after=None
[2024-11-06T11:02:30.909-1100] {processor.py:208} INFO - Processing /home/ouaillaamiri/Development/lsi_3/airflow/venv/lib/python3.11/site-packages/airflow/example_dags/example_dataset_alias_with_no_taskflow.py took 0.271 seconds
[2024-11-06T11:03:01.548-1100] {processor.py:186} INFO - Started process (PID=231339) to work on /home/ouaillaamiri/Development/lsi_3/airflow/venv/lib/python3.11/site-packages/airflow/example_dags/example_dataset_alias_with_no_taskflow.py
[2024-11-06T11:03:01.550-1100] {processor.py:914} INFO - Processing file /home/ouaillaamiri/Development/lsi_3/airflow/venv/lib/python3.11/site-packages/airflow/example_dags/example_dataset_alias_with_no_taskflow.py for tasks to queue
[2024-11-06T11:03:01.555-1100] {logging_mixin.py:190} INFO - [2024-11-06T11:03:01.554-1100] {dagbag.py:588} INFO - Filling up the DagBag from /home/ouaillaamiri/Development/lsi_3/airflow/venv/lib/python3.11/site-packages/airflow/example_dags/example_dataset_alias_with_no_taskflow.py
[2024-11-06T11:03:01.634-1100] {processor.py:925} INFO - DAG(s) 'dataset_s3_bucket_producer_with_no_taskflow', 'dataset_alias_example_alias_producer_with_no_taskflow', 'dataset_s3_bucket_consumer_with_no_taskflow', 'dataset_alias_example_alias_consumer_with_no_taskflow' retrieved from /home/ouaillaamiri/Development/lsi_3/airflow/venv/lib/python3.11/site-packages/airflow/example_dags/example_dataset_alias_with_no_taskflow.py
[2024-11-06T11:03:01.684-1100] {logging_mixin.py:190} INFO - [2024-11-06T11:03:01.683-1100] {dag.py:3239} INFO - Sync 4 DAGs
[2024-11-06T11:03:01.730-1100] {logging_mixin.py:190} INFO - [2024-11-06T11:03:01.730-1100] {dag.py:4180} INFO - Setting next_dagrun for dataset_alias_example_alias_consumer_with_no_taskflow to None, run_after=None
[2024-11-06T11:03:01.737-1100] {logging_mixin.py:190} INFO - [2024-11-06T11:03:01.737-1100] {dag.py:4180} INFO - Setting next_dagrun for dataset_alias_example_alias_producer_with_no_taskflow to None, run_after=None
[2024-11-06T11:03:01.741-1100] {logging_mixin.py:190} INFO - [2024-11-06T11:03:01.741-1100] {dag.py:4180} INFO - Setting next_dagrun for dataset_s3_bucket_consumer_with_no_taskflow to None, run_after=None
[2024-11-06T11:03:01.745-1100] {logging_mixin.py:190} INFO - [2024-11-06T11:03:01.745-1100] {dag.py:4180} INFO - Setting next_dagrun for dataset_s3_bucket_producer_with_no_taskflow to None, run_after=None
[2024-11-06T11:03:01.792-1100] {processor.py:208} INFO - Processing /home/ouaillaamiri/Development/lsi_3/airflow/venv/lib/python3.11/site-packages/airflow/example_dags/example_dataset_alias_with_no_taskflow.py took 0.257 seconds
[2024-11-06T11:03:32.847-1100] {processor.py:186} INFO - Started process (PID=231849) to work on /home/ouaillaamiri/Development/lsi_3/airflow/venv/lib/python3.11/site-packages/airflow/example_dags/example_dataset_alias_with_no_taskflow.py
[2024-11-06T11:03:32.849-1100] {processor.py:914} INFO - Processing file /home/ouaillaamiri/Development/lsi_3/airflow/venv/lib/python3.11/site-packages/airflow/example_dags/example_dataset_alias_with_no_taskflow.py for tasks to queue
[2024-11-06T11:03:32.855-1100] {logging_mixin.py:190} INFO - [2024-11-06T11:03:32.854-1100] {dagbag.py:588} INFO - Filling up the DagBag from /home/ouaillaamiri/Development/lsi_3/airflow/venv/lib/python3.11/site-packages/airflow/example_dags/example_dataset_alias_with_no_taskflow.py
[2024-11-06T11:03:32.977-1100] {processor.py:925} INFO - DAG(s) 'dataset_alias_example_alias_producer_with_no_taskflow', 'dataset_s3_bucket_producer_with_no_taskflow', 'dataset_alias_example_alias_consumer_with_no_taskflow', 'dataset_s3_bucket_consumer_with_no_taskflow' retrieved from /home/ouaillaamiri/Development/lsi_3/airflow/venv/lib/python3.11/site-packages/airflow/example_dags/example_dataset_alias_with_no_taskflow.py
[2024-11-06T11:03:33.053-1100] {logging_mixin.py:190} INFO - [2024-11-06T11:03:33.053-1100] {dag.py:3239} INFO - Sync 4 DAGs
[2024-11-06T11:03:33.104-1100] {logging_mixin.py:190} INFO - [2024-11-06T11:03:33.103-1100] {dag.py:4180} INFO - Setting next_dagrun for dataset_alias_example_alias_consumer_with_no_taskflow to None, run_after=None
[2024-11-06T11:03:33.112-1100] {logging_mixin.py:190} INFO - [2024-11-06T11:03:33.111-1100] {dag.py:4180} INFO - Setting next_dagrun for dataset_alias_example_alias_producer_with_no_taskflow to None, run_after=None
[2024-11-06T11:03:33.116-1100] {logging_mixin.py:190} INFO - [2024-11-06T11:03:33.115-1100] {dag.py:4180} INFO - Setting next_dagrun for dataset_s3_bucket_consumer_with_no_taskflow to None, run_after=None
[2024-11-06T11:03:33.121-1100] {logging_mixin.py:190} INFO - [2024-11-06T11:03:33.120-1100] {dag.py:4180} INFO - Setting next_dagrun for dataset_s3_bucket_producer_with_no_taskflow to None, run_after=None
[2024-11-06T11:03:33.183-1100] {processor.py:208} INFO - Processing /home/ouaillaamiri/Development/lsi_3/airflow/venv/lib/python3.11/site-packages/airflow/example_dags/example_dataset_alias_with_no_taskflow.py took 0.354 seconds
[2024-11-06T11:04:03.878-1100] {processor.py:186} INFO - Started process (PID=232375) to work on /home/ouaillaamiri/Development/lsi_3/airflow/venv/lib/python3.11/site-packages/airflow/example_dags/example_dataset_alias_with_no_taskflow.py
[2024-11-06T11:04:03.880-1100] {processor.py:914} INFO - Processing file /home/ouaillaamiri/Development/lsi_3/airflow/venv/lib/python3.11/site-packages/airflow/example_dags/example_dataset_alias_with_no_taskflow.py for tasks to queue
[2024-11-06T11:04:03.884-1100] {logging_mixin.py:190} INFO - [2024-11-06T11:04:03.883-1100] {dagbag.py:588} INFO - Filling up the DagBag from /home/ouaillaamiri/Development/lsi_3/airflow/venv/lib/python3.11/site-packages/airflow/example_dags/example_dataset_alias_with_no_taskflow.py
[2024-11-06T11:04:03.950-1100] {processor.py:925} INFO - DAG(s) 'dataset_s3_bucket_consumer_with_no_taskflow', 'dataset_s3_bucket_producer_with_no_taskflow', 'dataset_alias_example_alias_consumer_with_no_taskflow', 'dataset_alias_example_alias_producer_with_no_taskflow' retrieved from /home/ouaillaamiri/Development/lsi_3/airflow/venv/lib/python3.11/site-packages/airflow/example_dags/example_dataset_alias_with_no_taskflow.py
[2024-11-06T11:04:03.994-1100] {logging_mixin.py:190} INFO - [2024-11-06T11:04:03.994-1100] {dag.py:3239} INFO - Sync 4 DAGs
[2024-11-06T11:04:04.041-1100] {logging_mixin.py:190} INFO - [2024-11-06T11:04:04.041-1100] {dag.py:4180} INFO - Setting next_dagrun for dataset_alias_example_alias_consumer_with_no_taskflow to None, run_after=None
[2024-11-06T11:04:04.046-1100] {logging_mixin.py:190} INFO - [2024-11-06T11:04:04.046-1100] {dag.py:4180} INFO - Setting next_dagrun for dataset_alias_example_alias_producer_with_no_taskflow to None, run_after=None
[2024-11-06T11:04:04.049-1100] {logging_mixin.py:190} INFO - [2024-11-06T11:04:04.049-1100] {dag.py:4180} INFO - Setting next_dagrun for dataset_s3_bucket_consumer_with_no_taskflow to None, run_after=None
[2024-11-06T11:04:04.052-1100] {logging_mixin.py:190} INFO - [2024-11-06T11:04:04.052-1100] {dag.py:4180} INFO - Setting next_dagrun for dataset_s3_bucket_producer_with_no_taskflow to None, run_after=None
[2024-11-06T11:04:04.094-1100] {processor.py:208} INFO - Processing /home/ouaillaamiri/Development/lsi_3/airflow/venv/lib/python3.11/site-packages/airflow/example_dags/example_dataset_alias_with_no_taskflow.py took 0.226 seconds
[2024-11-06T11:04:34.347-1100] {processor.py:186} INFO - Started process (PID=232755) to work on /home/ouaillaamiri/Development/lsi_3/airflow/venv/lib/python3.11/site-packages/airflow/example_dags/example_dataset_alias_with_no_taskflow.py
[2024-11-06T11:04:34.348-1100] {processor.py:914} INFO - Processing file /home/ouaillaamiri/Development/lsi_3/airflow/venv/lib/python3.11/site-packages/airflow/example_dags/example_dataset_alias_with_no_taskflow.py for tasks to queue
[2024-11-06T11:04:34.352-1100] {logging_mixin.py:190} INFO - [2024-11-06T11:04:34.351-1100] {dagbag.py:588} INFO - Filling up the DagBag from /home/ouaillaamiri/Development/lsi_3/airflow/venv/lib/python3.11/site-packages/airflow/example_dags/example_dataset_alias_with_no_taskflow.py
[2024-11-06T11:04:34.430-1100] {processor.py:925} INFO - DAG(s) 'dataset_alias_example_alias_producer_with_no_taskflow', 'dataset_s3_bucket_consumer_with_no_taskflow', 'dataset_alias_example_alias_consumer_with_no_taskflow', 'dataset_s3_bucket_producer_with_no_taskflow' retrieved from /home/ouaillaamiri/Development/lsi_3/airflow/venv/lib/python3.11/site-packages/airflow/example_dags/example_dataset_alias_with_no_taskflow.py
[2024-11-06T11:04:34.475-1100] {logging_mixin.py:190} INFO - [2024-11-06T11:04:34.475-1100] {dag.py:3239} INFO - Sync 4 DAGs
[2024-11-06T11:04:34.515-1100] {logging_mixin.py:190} INFO - [2024-11-06T11:04:34.515-1100] {dag.py:4180} INFO - Setting next_dagrun for dataset_alias_example_alias_consumer_with_no_taskflow to None, run_after=None
[2024-11-06T11:04:34.520-1100] {logging_mixin.py:190} INFO - [2024-11-06T11:04:34.520-1100] {dag.py:4180} INFO - Setting next_dagrun for dataset_alias_example_alias_producer_with_no_taskflow to None, run_after=None
[2024-11-06T11:04:34.523-1100] {logging_mixin.py:190} INFO - [2024-11-06T11:04:34.522-1100] {dag.py:4180} INFO - Setting next_dagrun for dataset_s3_bucket_consumer_with_no_taskflow to None, run_after=None
[2024-11-06T11:04:34.526-1100] {logging_mixin.py:190} INFO - [2024-11-06T11:04:34.526-1100] {dag.py:4180} INFO - Setting next_dagrun for dataset_s3_bucket_producer_with_no_taskflow to None, run_after=None
[2024-11-06T11:04:34.573-1100] {processor.py:208} INFO - Processing /home/ouaillaamiri/Development/lsi_3/airflow/venv/lib/python3.11/site-packages/airflow/example_dags/example_dataset_alias_with_no_taskflow.py took 0.236 seconds
