[2024-11-06T10:53:29.518-1100] {processor.py:186} INFO - Started process (PID=219221) to work on /home/ouaillaamiri/Development/lsi_3/airflow/venv/lib/python3.11/site-packages/airflow/example_dags/example_sensor_decorator.py
[2024-11-06T10:53:29.522-1100] {processor.py:914} INFO - Processing file /home/ouaillaamiri/Development/lsi_3/airflow/venv/lib/python3.11/site-packages/airflow/example_dags/example_sensor_decorator.py for tasks to queue
[2024-11-06T10:53:29.536-1100] {logging_mixin.py:190} INFO - [2024-11-06T10:53:29.535-1100] {dagbag.py:588} INFO - Filling up the DagBag from /home/ouaillaamiri/Development/lsi_3/airflow/venv/lib/python3.11/site-packages/airflow/example_dags/example_sensor_decorator.py
[2024-11-06T10:53:29.568-1100] {processor.py:925} INFO - DAG(s) 'example_sensor_decorator' retrieved from /home/ouaillaamiri/Development/lsi_3/airflow/venv/lib/python3.11/site-packages/airflow/example_dags/example_sensor_decorator.py
[2024-11-06T10:53:30.003-1100] {logging_mixin.py:190} INFO - [2024-11-06T10:53:29.998-1100] {override.py:1911} INFO - Created Permission View: can edit on DAG:example_sensor_decorator
[2024-11-06T10:53:30.045-1100] {logging_mixin.py:190} INFO - [2024-11-06T10:53:30.043-1100] {override.py:1911} INFO - Created Permission View: can delete on DAG:example_sensor_decorator
[2024-11-06T10:53:30.079-1100] {logging_mixin.py:190} INFO - [2024-11-06T10:53:30.078-1100] {override.py:1911} INFO - Created Permission View: can read on DAG:example_sensor_decorator
[2024-11-06T10:53:30.108-1100] {logging_mixin.py:190} INFO - [2024-11-06T10:53:30.107-1100] {override.py:1911} INFO - Created Permission View: can delete on DAG Run:example_sensor_decorator
[2024-11-06T10:53:30.136-1100] {logging_mixin.py:190} INFO - [2024-11-06T10:53:30.134-1100] {override.py:1911} INFO - Created Permission View: can create on DAG Run:example_sensor_decorator
[2024-11-06T10:53:30.161-1100] {logging_mixin.py:190} INFO - [2024-11-06T10:53:30.160-1100] {override.py:1911} INFO - Created Permission View: menu access on DAG Run:example_sensor_decorator
[2024-11-06T10:53:30.185-1100] {logging_mixin.py:190} INFO - [2024-11-06T10:53:30.183-1100] {override.py:1911} INFO - Created Permission View: can read on DAG Run:example_sensor_decorator
[2024-11-06T10:53:30.186-1100] {logging_mixin.py:190} INFO - [2024-11-06T10:53:30.186-1100] {dag.py:3239} INFO - Sync 1 DAGs
[2024-11-06T10:53:30.234-1100] {logging_mixin.py:190} INFO - [2024-11-06T10:53:30.233-1100] {dag.py:3262} INFO - Creating ORM DAG for example_sensor_decorator
[2024-11-06T10:53:30.238-1100] {logging_mixin.py:190} INFO - [2024-11-06T10:53:30.237-1100] {dag.py:4180} INFO - Setting next_dagrun for example_sensor_decorator to None, run_after=None
[2024-11-06T10:53:30.309-1100] {processor.py:208} INFO - Processing /home/ouaillaamiri/Development/lsi_3/airflow/venv/lib/python3.11/site-packages/airflow/example_dags/example_sensor_decorator.py took 0.834 seconds
[2024-11-06T10:54:01.335-1100] {processor.py:186} INFO - Started process (PID=220044) to work on /home/ouaillaamiri/Development/lsi_3/airflow/venv/lib/python3.11/site-packages/airflow/example_dags/example_sensor_decorator.py
[2024-11-06T10:54:01.339-1100] {processor.py:914} INFO - Processing file /home/ouaillaamiri/Development/lsi_3/airflow/venv/lib/python3.11/site-packages/airflow/example_dags/example_sensor_decorator.py for tasks to queue
[2024-11-06T10:54:01.344-1100] {logging_mixin.py:190} INFO - [2024-11-06T10:54:01.343-1100] {dagbag.py:588} INFO - Filling up the DagBag from /home/ouaillaamiri/Development/lsi_3/airflow/venv/lib/python3.11/site-packages/airflow/example_dags/example_sensor_decorator.py
[2024-11-06T10:54:01.359-1100] {processor.py:925} INFO - DAG(s) 'example_sensor_decorator' retrieved from /home/ouaillaamiri/Development/lsi_3/airflow/venv/lib/python3.11/site-packages/airflow/example_dags/example_sensor_decorator.py
[2024-11-06T10:54:01.423-1100] {logging_mixin.py:190} INFO - [2024-11-06T10:54:01.422-1100] {dag.py:3239} INFO - Sync 1 DAGs
[2024-11-06T10:54:01.451-1100] {logging_mixin.py:190} INFO - [2024-11-06T10:54:01.450-1100] {dag.py:4180} INFO - Setting next_dagrun for example_sensor_decorator to None, run_after=None
[2024-11-06T10:54:01.486-1100] {processor.py:208} INFO - Processing /home/ouaillaamiri/Development/lsi_3/airflow/venv/lib/python3.11/site-packages/airflow/example_dags/example_sensor_decorator.py took 0.162 seconds
[2024-11-06T10:54:31.842-1100] {processor.py:186} INFO - Started process (PID=220566) to work on /home/ouaillaamiri/Development/lsi_3/airflow/venv/lib/python3.11/site-packages/airflow/example_dags/example_sensor_decorator.py
[2024-11-06T10:54:31.846-1100] {processor.py:914} INFO - Processing file /home/ouaillaamiri/Development/lsi_3/airflow/venv/lib/python3.11/site-packages/airflow/example_dags/example_sensor_decorator.py for tasks to queue
[2024-11-06T10:54:31.851-1100] {logging_mixin.py:190} INFO - [2024-11-06T10:54:31.850-1100] {dagbag.py:588} INFO - Filling up the DagBag from /home/ouaillaamiri/Development/lsi_3/airflow/venv/lib/python3.11/site-packages/airflow/example_dags/example_sensor_decorator.py
[2024-11-06T10:54:31.871-1100] {processor.py:925} INFO - DAG(s) 'example_sensor_decorator' retrieved from /home/ouaillaamiri/Development/lsi_3/airflow/venv/lib/python3.11/site-packages/airflow/example_dags/example_sensor_decorator.py
[2024-11-06T10:54:31.937-1100] {logging_mixin.py:190} INFO - [2024-11-06T10:54:31.936-1100] {dag.py:3239} INFO - Sync 1 DAGs
[2024-11-06T10:54:31.964-1100] {logging_mixin.py:190} INFO - [2024-11-06T10:54:31.964-1100] {dag.py:4180} INFO - Setting next_dagrun for example_sensor_decorator to None, run_after=None
[2024-11-06T10:54:32.011-1100] {processor.py:208} INFO - Processing /home/ouaillaamiri/Development/lsi_3/airflow/venv/lib/python3.11/site-packages/airflow/example_dags/example_sensor_decorator.py took 0.182 seconds
[2024-11-06T10:55:02.716-1100] {processor.py:186} INFO - Started process (PID=220954) to work on /home/ouaillaamiri/Development/lsi_3/airflow/venv/lib/python3.11/site-packages/airflow/example_dags/example_sensor_decorator.py
[2024-11-06T10:55:02.721-1100] {processor.py:914} INFO - Processing file /home/ouaillaamiri/Development/lsi_3/airflow/venv/lib/python3.11/site-packages/airflow/example_dags/example_sensor_decorator.py for tasks to queue
[2024-11-06T10:55:02.727-1100] {logging_mixin.py:190} INFO - [2024-11-06T10:55:02.726-1100] {dagbag.py:588} INFO - Filling up the DagBag from /home/ouaillaamiri/Development/lsi_3/airflow/venv/lib/python3.11/site-packages/airflow/example_dags/example_sensor_decorator.py
[2024-11-06T10:55:02.753-1100] {processor.py:925} INFO - DAG(s) 'example_sensor_decorator' retrieved from /home/ouaillaamiri/Development/lsi_3/airflow/venv/lib/python3.11/site-packages/airflow/example_dags/example_sensor_decorator.py
[2024-11-06T10:55:02.837-1100] {logging_mixin.py:190} INFO - [2024-11-06T10:55:02.837-1100] {dag.py:3239} INFO - Sync 1 DAGs
[2024-11-06T10:55:02.885-1100] {logging_mixin.py:190} INFO - [2024-11-06T10:55:02.884-1100] {dag.py:4180} INFO - Setting next_dagrun for example_sensor_decorator to None, run_after=None
[2024-11-06T10:55:02.942-1100] {processor.py:208} INFO - Processing /home/ouaillaamiri/Development/lsi_3/airflow/venv/lib/python3.11/site-packages/airflow/example_dags/example_sensor_decorator.py took 0.241 seconds
[2024-11-06T10:55:33.344-1100] {processor.py:186} INFO - Started process (PID=221632) to work on /home/ouaillaamiri/Development/lsi_3/airflow/venv/lib/python3.11/site-packages/airflow/example_dags/example_sensor_decorator.py
[2024-11-06T10:55:33.346-1100] {processor.py:914} INFO - Processing file /home/ouaillaamiri/Development/lsi_3/airflow/venv/lib/python3.11/site-packages/airflow/example_dags/example_sensor_decorator.py for tasks to queue
[2024-11-06T10:55:33.352-1100] {logging_mixin.py:190} INFO - [2024-11-06T10:55:33.351-1100] {dagbag.py:588} INFO - Filling up the DagBag from /home/ouaillaamiri/Development/lsi_3/airflow/venv/lib/python3.11/site-packages/airflow/example_dags/example_sensor_decorator.py
[2024-11-06T10:55:33.372-1100] {processor.py:925} INFO - DAG(s) 'example_sensor_decorator' retrieved from /home/ouaillaamiri/Development/lsi_3/airflow/venv/lib/python3.11/site-packages/airflow/example_dags/example_sensor_decorator.py
[2024-11-06T10:55:33.437-1100] {logging_mixin.py:190} INFO - [2024-11-06T10:55:33.437-1100] {dag.py:3239} INFO - Sync 1 DAGs
[2024-11-06T10:55:33.468-1100] {logging_mixin.py:190} INFO - [2024-11-06T10:55:33.467-1100] {dag.py:4180} INFO - Setting next_dagrun for example_sensor_decorator to None, run_after=None
[2024-11-06T10:55:33.512-1100] {processor.py:208} INFO - Processing /home/ouaillaamiri/Development/lsi_3/airflow/venv/lib/python3.11/site-packages/airflow/example_dags/example_sensor_decorator.py took 0.186 seconds
[2024-11-06T10:56:03.801-1100] {processor.py:186} INFO - Started process (PID=222014) to work on /home/ouaillaamiri/Development/lsi_3/airflow/venv/lib/python3.11/site-packages/airflow/example_dags/example_sensor_decorator.py
[2024-11-06T10:56:03.803-1100] {processor.py:914} INFO - Processing file /home/ouaillaamiri/Development/lsi_3/airflow/venv/lib/python3.11/site-packages/airflow/example_dags/example_sensor_decorator.py for tasks to queue
[2024-11-06T10:56:03.807-1100] {logging_mixin.py:190} INFO - [2024-11-06T10:56:03.807-1100] {dagbag.py:588} INFO - Filling up the DagBag from /home/ouaillaamiri/Development/lsi_3/airflow/venv/lib/python3.11/site-packages/airflow/example_dags/example_sensor_decorator.py
[2024-11-06T10:56:03.824-1100] {processor.py:925} INFO - DAG(s) 'example_sensor_decorator' retrieved from /home/ouaillaamiri/Development/lsi_3/airflow/venv/lib/python3.11/site-packages/airflow/example_dags/example_sensor_decorator.py
[2024-11-06T10:56:03.888-1100] {logging_mixin.py:190} INFO - [2024-11-06T10:56:03.886-1100] {dag.py:3239} INFO - Sync 1 DAGs
[2024-11-06T10:56:03.916-1100] {logging_mixin.py:190} INFO - [2024-11-06T10:56:03.915-1100] {dag.py:4180} INFO - Setting next_dagrun for example_sensor_decorator to None, run_after=None
[2024-11-06T10:56:03.952-1100] {processor.py:208} INFO - Processing /home/ouaillaamiri/Development/lsi_3/airflow/venv/lib/python3.11/site-packages/airflow/example_dags/example_sensor_decorator.py took 0.163 seconds
[2024-11-06T10:56:43.985-1100] {processor.py:186} INFO - Started process (PID=223072) to work on /home/ouaillaamiri/Development/lsi_3/airflow/venv/lib/python3.11/site-packages/airflow/example_dags/example_sensor_decorator.py
[2024-11-06T10:56:43.987-1100] {processor.py:914} INFO - Processing file /home/ouaillaamiri/Development/lsi_3/airflow/venv/lib/python3.11/site-packages/airflow/example_dags/example_sensor_decorator.py for tasks to queue
[2024-11-06T10:56:43.992-1100] {logging_mixin.py:190} INFO - [2024-11-06T10:56:43.991-1100] {dagbag.py:588} INFO - Filling up the DagBag from /home/ouaillaamiri/Development/lsi_3/airflow/venv/lib/python3.11/site-packages/airflow/example_dags/example_sensor_decorator.py
[2024-11-06T10:56:44.013-1100] {processor.py:925} INFO - DAG(s) 'example_sensor_decorator' retrieved from /home/ouaillaamiri/Development/lsi_3/airflow/venv/lib/python3.11/site-packages/airflow/example_dags/example_sensor_decorator.py
[2024-11-06T10:56:44.083-1100] {logging_mixin.py:190} INFO - [2024-11-06T10:56:44.082-1100] {dag.py:3239} INFO - Sync 1 DAGs
[2024-11-06T10:56:44.118-1100] {logging_mixin.py:190} INFO - [2024-11-06T10:56:44.117-1100] {dag.py:4180} INFO - Setting next_dagrun for example_sensor_decorator to None, run_after=None
[2024-11-06T10:56:44.163-1100] {processor.py:208} INFO - Processing /home/ouaillaamiri/Development/lsi_3/airflow/venv/lib/python3.11/site-packages/airflow/example_dags/example_sensor_decorator.py took 0.191 seconds
[2024-11-06T10:57:14.894-1100] {processor.py:186} INFO - Started process (PID=224247) to work on /home/ouaillaamiri/Development/lsi_3/airflow/venv/lib/python3.11/site-packages/airflow/example_dags/example_sensor_decorator.py
[2024-11-06T10:57:14.895-1100] {processor.py:914} INFO - Processing file /home/ouaillaamiri/Development/lsi_3/airflow/venv/lib/python3.11/site-packages/airflow/example_dags/example_sensor_decorator.py for tasks to queue
[2024-11-06T10:57:14.899-1100] {logging_mixin.py:190} INFO - [2024-11-06T10:57:14.898-1100] {dagbag.py:588} INFO - Filling up the DagBag from /home/ouaillaamiri/Development/lsi_3/airflow/venv/lib/python3.11/site-packages/airflow/example_dags/example_sensor_decorator.py
[2024-11-06T10:57:14.914-1100] {processor.py:925} INFO - DAG(s) 'example_sensor_decorator' retrieved from /home/ouaillaamiri/Development/lsi_3/airflow/venv/lib/python3.11/site-packages/airflow/example_dags/example_sensor_decorator.py
[2024-11-06T10:57:14.980-1100] {logging_mixin.py:190} INFO - [2024-11-06T10:57:14.980-1100] {dag.py:3239} INFO - Sync 1 DAGs
[2024-11-06T10:57:15.006-1100] {logging_mixin.py:190} INFO - [2024-11-06T10:57:15.005-1100] {dag.py:4180} INFO - Setting next_dagrun for example_sensor_decorator to None, run_after=None
[2024-11-06T10:57:15.045-1100] {processor.py:208} INFO - Processing /home/ouaillaamiri/Development/lsi_3/airflow/venv/lib/python3.11/site-packages/airflow/example_dags/example_sensor_decorator.py took 0.160 seconds
[2024-11-06T10:57:45.225-1100] {processor.py:186} INFO - Started process (PID=224949) to work on /home/ouaillaamiri/Development/lsi_3/airflow/venv/lib/python3.11/site-packages/airflow/example_dags/example_sensor_decorator.py
[2024-11-06T10:57:45.227-1100] {processor.py:914} INFO - Processing file /home/ouaillaamiri/Development/lsi_3/airflow/venv/lib/python3.11/site-packages/airflow/example_dags/example_sensor_decorator.py for tasks to queue
[2024-11-06T10:57:45.231-1100] {logging_mixin.py:190} INFO - [2024-11-06T10:57:45.230-1100] {dagbag.py:588} INFO - Filling up the DagBag from /home/ouaillaamiri/Development/lsi_3/airflow/venv/lib/python3.11/site-packages/airflow/example_dags/example_sensor_decorator.py
[2024-11-06T10:57:45.247-1100] {processor.py:925} INFO - DAG(s) 'example_sensor_decorator' retrieved from /home/ouaillaamiri/Development/lsi_3/airflow/venv/lib/python3.11/site-packages/airflow/example_dags/example_sensor_decorator.py
[2024-11-06T10:57:45.314-1100] {logging_mixin.py:190} INFO - [2024-11-06T10:57:45.313-1100] {dag.py:3239} INFO - Sync 1 DAGs
[2024-11-06T10:57:45.354-1100] {logging_mixin.py:190} INFO - [2024-11-06T10:57:45.353-1100] {dag.py:4180} INFO - Setting next_dagrun for example_sensor_decorator to None, run_after=None
[2024-11-06T10:57:45.400-1100] {processor.py:208} INFO - Processing /home/ouaillaamiri/Development/lsi_3/airflow/venv/lib/python3.11/site-packages/airflow/example_dags/example_sensor_decorator.py took 0.187 seconds
[2024-11-06T10:58:15.557-1100] {processor.py:186} INFO - Started process (PID=225655) to work on /home/ouaillaamiri/Development/lsi_3/airflow/venv/lib/python3.11/site-packages/airflow/example_dags/example_sensor_decorator.py
[2024-11-06T10:58:15.559-1100] {processor.py:914} INFO - Processing file /home/ouaillaamiri/Development/lsi_3/airflow/venv/lib/python3.11/site-packages/airflow/example_dags/example_sensor_decorator.py for tasks to queue
[2024-11-06T10:58:15.564-1100] {logging_mixin.py:190} INFO - [2024-11-06T10:58:15.563-1100] {dagbag.py:588} INFO - Filling up the DagBag from /home/ouaillaamiri/Development/lsi_3/airflow/venv/lib/python3.11/site-packages/airflow/example_dags/example_sensor_decorator.py
[2024-11-06T10:58:15.584-1100] {processor.py:925} INFO - DAG(s) 'example_sensor_decorator' retrieved from /home/ouaillaamiri/Development/lsi_3/airflow/venv/lib/python3.11/site-packages/airflow/example_dags/example_sensor_decorator.py
[2024-11-06T10:58:15.645-1100] {logging_mixin.py:190} INFO - [2024-11-06T10:58:15.645-1100] {dag.py:3239} INFO - Sync 1 DAGs
[2024-11-06T10:58:15.674-1100] {logging_mixin.py:190} INFO - [2024-11-06T10:58:15.674-1100] {dag.py:4180} INFO - Setting next_dagrun for example_sensor_decorator to None, run_after=None
[2024-11-06T10:58:15.707-1100] {processor.py:208} INFO - Processing /home/ouaillaamiri/Development/lsi_3/airflow/venv/lib/python3.11/site-packages/airflow/example_dags/example_sensor_decorator.py took 0.163 seconds
[2024-11-06T10:58:46.326-1100] {processor.py:186} INFO - Started process (PID=226375) to work on /home/ouaillaamiri/Development/lsi_3/airflow/venv/lib/python3.11/site-packages/airflow/example_dags/example_sensor_decorator.py
[2024-11-06T10:58:46.328-1100] {processor.py:914} INFO - Processing file /home/ouaillaamiri/Development/lsi_3/airflow/venv/lib/python3.11/site-packages/airflow/example_dags/example_sensor_decorator.py for tasks to queue
[2024-11-06T10:58:46.331-1100] {logging_mixin.py:190} INFO - [2024-11-06T10:58:46.330-1100] {dagbag.py:588} INFO - Filling up the DagBag from /home/ouaillaamiri/Development/lsi_3/airflow/venv/lib/python3.11/site-packages/airflow/example_dags/example_sensor_decorator.py
[2024-11-06T10:58:46.346-1100] {processor.py:925} INFO - DAG(s) 'example_sensor_decorator' retrieved from /home/ouaillaamiri/Development/lsi_3/airflow/venv/lib/python3.11/site-packages/airflow/example_dags/example_sensor_decorator.py
[2024-11-06T10:58:46.409-1100] {logging_mixin.py:190} INFO - [2024-11-06T10:58:46.409-1100] {dag.py:3239} INFO - Sync 1 DAGs
[2024-11-06T10:58:46.437-1100] {logging_mixin.py:190} INFO - [2024-11-06T10:58:46.437-1100] {dag.py:4180} INFO - Setting next_dagrun for example_sensor_decorator to None, run_after=None
[2024-11-06T10:58:46.493-1100] {processor.py:208} INFO - Processing /home/ouaillaamiri/Development/lsi_3/airflow/venv/lib/python3.11/site-packages/airflow/example_dags/example_sensor_decorator.py took 0.177 seconds
[2024-11-06T10:59:17.599-1100] {processor.py:186} INFO - Started process (PID=227083) to work on /home/ouaillaamiri/Development/lsi_3/airflow/venv/lib/python3.11/site-packages/airflow/example_dags/example_sensor_decorator.py
[2024-11-06T10:59:17.604-1100] {processor.py:914} INFO - Processing file /home/ouaillaamiri/Development/lsi_3/airflow/venv/lib/python3.11/site-packages/airflow/example_dags/example_sensor_decorator.py for tasks to queue
[2024-11-06T10:59:17.609-1100] {logging_mixin.py:190} INFO - [2024-11-06T10:59:17.608-1100] {dagbag.py:588} INFO - Filling up the DagBag from /home/ouaillaamiri/Development/lsi_3/airflow/venv/lib/python3.11/site-packages/airflow/example_dags/example_sensor_decorator.py
[2024-11-06T10:59:17.631-1100] {processor.py:925} INFO - DAG(s) 'example_sensor_decorator' retrieved from /home/ouaillaamiri/Development/lsi_3/airflow/venv/lib/python3.11/site-packages/airflow/example_dags/example_sensor_decorator.py
[2024-11-06T10:59:17.707-1100] {logging_mixin.py:190} INFO - [2024-11-06T10:59:17.707-1100] {dag.py:3239} INFO - Sync 1 DAGs
[2024-11-06T10:59:17.734-1100] {logging_mixin.py:190} INFO - [2024-11-06T10:59:17.734-1100] {dag.py:4180} INFO - Setting next_dagrun for example_sensor_decorator to None, run_after=None
[2024-11-06T10:59:17.773-1100] {processor.py:208} INFO - Processing /home/ouaillaamiri/Development/lsi_3/airflow/venv/lib/python3.11/site-packages/airflow/example_dags/example_sensor_decorator.py took 0.190 seconds
[2024-11-06T10:59:47.903-1100] {processor.py:186} INFO - Started process (PID=227474) to work on /home/ouaillaamiri/Development/lsi_3/airflow/venv/lib/python3.11/site-packages/airflow/example_dags/example_sensor_decorator.py
[2024-11-06T10:59:47.905-1100] {processor.py:914} INFO - Processing file /home/ouaillaamiri/Development/lsi_3/airflow/venv/lib/python3.11/site-packages/airflow/example_dags/example_sensor_decorator.py for tasks to queue
[2024-11-06T10:59:47.909-1100] {logging_mixin.py:190} INFO - [2024-11-06T10:59:47.909-1100] {dagbag.py:588} INFO - Filling up the DagBag from /home/ouaillaamiri/Development/lsi_3/airflow/venv/lib/python3.11/site-packages/airflow/example_dags/example_sensor_decorator.py
[2024-11-06T10:59:47.925-1100] {processor.py:925} INFO - DAG(s) 'example_sensor_decorator' retrieved from /home/ouaillaamiri/Development/lsi_3/airflow/venv/lib/python3.11/site-packages/airflow/example_dags/example_sensor_decorator.py
[2024-11-06T10:59:47.984-1100] {logging_mixin.py:190} INFO - [2024-11-06T10:59:47.984-1100] {dag.py:3239} INFO - Sync 1 DAGs
[2024-11-06T10:59:48.011-1100] {logging_mixin.py:190} INFO - [2024-11-06T10:59:48.011-1100] {dag.py:4180} INFO - Setting next_dagrun for example_sensor_decorator to None, run_after=None
[2024-11-06T10:59:48.046-1100] {processor.py:208} INFO - Processing /home/ouaillaamiri/Development/lsi_3/airflow/venv/lib/python3.11/site-packages/airflow/example_dags/example_sensor_decorator.py took 0.154 seconds
[2024-11-06T11:00:55.491-1100] {processor.py:186} INFO - Started process (PID=228653) to work on /home/ouaillaamiri/Development/lsi_3/airflow/venv/lib/python3.11/site-packages/airflow/example_dags/example_sensor_decorator.py
[2024-11-06T11:00:55.493-1100] {processor.py:914} INFO - Processing file /home/ouaillaamiri/Development/lsi_3/airflow/venv/lib/python3.11/site-packages/airflow/example_dags/example_sensor_decorator.py for tasks to queue
[2024-11-06T11:00:55.497-1100] {logging_mixin.py:190} INFO - [2024-11-06T11:00:55.497-1100] {dagbag.py:588} INFO - Filling up the DagBag from /home/ouaillaamiri/Development/lsi_3/airflow/venv/lib/python3.11/site-packages/airflow/example_dags/example_sensor_decorator.py
[2024-11-06T11:00:55.513-1100] {processor.py:925} INFO - DAG(s) 'example_sensor_decorator' retrieved from /home/ouaillaamiri/Development/lsi_3/airflow/venv/lib/python3.11/site-packages/airflow/example_dags/example_sensor_decorator.py
[2024-11-06T11:00:55.592-1100] {logging_mixin.py:190} INFO - [2024-11-06T11:00:55.592-1100] {dag.py:3239} INFO - Sync 1 DAGs
[2024-11-06T11:00:55.629-1100] {logging_mixin.py:190} INFO - [2024-11-06T11:00:55.628-1100] {dag.py:4180} INFO - Setting next_dagrun for example_sensor_decorator to None, run_after=None
[2024-11-06T11:00:55.672-1100] {processor.py:208} INFO - Processing /home/ouaillaamiri/Development/lsi_3/airflow/venv/lib/python3.11/site-packages/airflow/example_dags/example_sensor_decorator.py took 0.191 seconds
[2024-11-06T11:01:26.170-1100] {processor.py:186} INFO - Started process (PID=229257) to work on /home/ouaillaamiri/Development/lsi_3/airflow/venv/lib/python3.11/site-packages/airflow/example_dags/example_sensor_decorator.py
[2024-11-06T11:01:26.172-1100] {processor.py:914} INFO - Processing file /home/ouaillaamiri/Development/lsi_3/airflow/venv/lib/python3.11/site-packages/airflow/example_dags/example_sensor_decorator.py for tasks to queue
[2024-11-06T11:01:26.177-1100] {logging_mixin.py:190} INFO - [2024-11-06T11:01:26.176-1100] {dagbag.py:588} INFO - Filling up the DagBag from /home/ouaillaamiri/Development/lsi_3/airflow/venv/lib/python3.11/site-packages/airflow/example_dags/example_sensor_decorator.py
[2024-11-06T11:01:26.194-1100] {processor.py:925} INFO - DAG(s) 'example_sensor_decorator' retrieved from /home/ouaillaamiri/Development/lsi_3/airflow/venv/lib/python3.11/site-packages/airflow/example_dags/example_sensor_decorator.py
[2024-11-06T11:01:26.260-1100] {logging_mixin.py:190} INFO - [2024-11-06T11:01:26.260-1100] {dag.py:3239} INFO - Sync 1 DAGs
[2024-11-06T11:01:26.284-1100] {logging_mixin.py:190} INFO - [2024-11-06T11:01:26.284-1100] {dag.py:4180} INFO - Setting next_dagrun for example_sensor_decorator to None, run_after=None
[2024-11-06T11:01:26.322-1100] {processor.py:208} INFO - Processing /home/ouaillaamiri/Development/lsi_3/airflow/venv/lib/python3.11/site-packages/airflow/example_dags/example_sensor_decorator.py took 0.163 seconds
[2024-11-06T11:01:56.503-1100] {processor.py:186} INFO - Started process (PID=229629) to work on /home/ouaillaamiri/Development/lsi_3/airflow/venv/lib/python3.11/site-packages/airflow/example_dags/example_sensor_decorator.py
[2024-11-06T11:01:56.505-1100] {processor.py:914} INFO - Processing file /home/ouaillaamiri/Development/lsi_3/airflow/venv/lib/python3.11/site-packages/airflow/example_dags/example_sensor_decorator.py for tasks to queue
[2024-11-06T11:01:56.510-1100] {logging_mixin.py:190} INFO - [2024-11-06T11:01:56.509-1100] {dagbag.py:588} INFO - Filling up the DagBag from /home/ouaillaamiri/Development/lsi_3/airflow/venv/lib/python3.11/site-packages/airflow/example_dags/example_sensor_decorator.py
[2024-11-06T11:01:56.530-1100] {processor.py:925} INFO - DAG(s) 'example_sensor_decorator' retrieved from /home/ouaillaamiri/Development/lsi_3/airflow/venv/lib/python3.11/site-packages/airflow/example_dags/example_sensor_decorator.py
[2024-11-06T11:01:56.602-1100] {logging_mixin.py:190} INFO - [2024-11-06T11:01:56.601-1100] {dag.py:3239} INFO - Sync 1 DAGs
[2024-11-06T11:01:56.639-1100] {logging_mixin.py:190} INFO - [2024-11-06T11:01:56.638-1100] {dag.py:4180} INFO - Setting next_dagrun for example_sensor_decorator to None, run_after=None
[2024-11-06T11:01:56.687-1100] {processor.py:208} INFO - Processing /home/ouaillaamiri/Development/lsi_3/airflow/venv/lib/python3.11/site-packages/airflow/example_dags/example_sensor_decorator.py took 0.198 seconds
[2024-11-06T11:02:27.188-1100] {processor.py:186} INFO - Started process (PID=230222) to work on /home/ouaillaamiri/Development/lsi_3/airflow/venv/lib/python3.11/site-packages/airflow/example_dags/example_sensor_decorator.py
[2024-11-06T11:02:27.190-1100] {processor.py:914} INFO - Processing file /home/ouaillaamiri/Development/lsi_3/airflow/venv/lib/python3.11/site-packages/airflow/example_dags/example_sensor_decorator.py for tasks to queue
[2024-11-06T11:02:27.195-1100] {logging_mixin.py:190} INFO - [2024-11-06T11:02:27.194-1100] {dagbag.py:588} INFO - Filling up the DagBag from /home/ouaillaamiri/Development/lsi_3/airflow/venv/lib/python3.11/site-packages/airflow/example_dags/example_sensor_decorator.py
[2024-11-06T11:02:27.213-1100] {processor.py:925} INFO - DAG(s) 'example_sensor_decorator' retrieved from /home/ouaillaamiri/Development/lsi_3/airflow/venv/lib/python3.11/site-packages/airflow/example_dags/example_sensor_decorator.py
[2024-11-06T11:02:27.291-1100] {logging_mixin.py:190} INFO - [2024-11-06T11:02:27.291-1100] {dag.py:3239} INFO - Sync 1 DAGs
[2024-11-06T11:02:27.325-1100] {logging_mixin.py:190} INFO - [2024-11-06T11:02:27.324-1100] {dag.py:4180} INFO - Setting next_dagrun for example_sensor_decorator to None, run_after=None
[2024-11-06T11:02:27.366-1100] {processor.py:208} INFO - Processing /home/ouaillaamiri/Development/lsi_3/airflow/venv/lib/python3.11/site-packages/airflow/example_dags/example_sensor_decorator.py took 0.189 seconds
[2024-11-06T11:02:57.944-1100] {processor.py:186} INFO - Started process (PID=231209) to work on /home/ouaillaamiri/Development/lsi_3/airflow/venv/lib/python3.11/site-packages/airflow/example_dags/example_sensor_decorator.py
[2024-11-06T11:02:57.946-1100] {processor.py:914} INFO - Processing file /home/ouaillaamiri/Development/lsi_3/airflow/venv/lib/python3.11/site-packages/airflow/example_dags/example_sensor_decorator.py for tasks to queue
[2024-11-06T11:02:57.949-1100] {logging_mixin.py:190} INFO - [2024-11-06T11:02:57.949-1100] {dagbag.py:588} INFO - Filling up the DagBag from /home/ouaillaamiri/Development/lsi_3/airflow/venv/lib/python3.11/site-packages/airflow/example_dags/example_sensor_decorator.py
[2024-11-06T11:02:57.965-1100] {processor.py:925} INFO - DAG(s) 'example_sensor_decorator' retrieved from /home/ouaillaamiri/Development/lsi_3/airflow/venv/lib/python3.11/site-packages/airflow/example_dags/example_sensor_decorator.py
[2024-11-06T11:02:58.042-1100] {logging_mixin.py:190} INFO - [2024-11-06T11:02:58.042-1100] {dag.py:3239} INFO - Sync 1 DAGs
[2024-11-06T11:02:58.073-1100] {logging_mixin.py:190} INFO - [2024-11-06T11:02:58.073-1100] {dag.py:4180} INFO - Setting next_dagrun for example_sensor_decorator to None, run_after=None
[2024-11-06T11:02:58.117-1100] {processor.py:208} INFO - Processing /home/ouaillaamiri/Development/lsi_3/airflow/venv/lib/python3.11/site-packages/airflow/example_dags/example_sensor_decorator.py took 0.184 seconds
[2024-11-06T11:03:28.522-1100] {processor.py:186} INFO - Started process (PID=231569) to work on /home/ouaillaamiri/Development/lsi_3/airflow/venv/lib/python3.11/site-packages/airflow/example_dags/example_sensor_decorator.py
[2024-11-06T11:03:28.524-1100] {processor.py:914} INFO - Processing file /home/ouaillaamiri/Development/lsi_3/airflow/venv/lib/python3.11/site-packages/airflow/example_dags/example_sensor_decorator.py for tasks to queue
[2024-11-06T11:03:28.529-1100] {logging_mixin.py:190} INFO - [2024-11-06T11:03:28.528-1100] {dagbag.py:588} INFO - Filling up the DagBag from /home/ouaillaamiri/Development/lsi_3/airflow/venv/lib/python3.11/site-packages/airflow/example_dags/example_sensor_decorator.py
[2024-11-06T11:03:28.547-1100] {processor.py:925} INFO - DAG(s) 'example_sensor_decorator' retrieved from /home/ouaillaamiri/Development/lsi_3/airflow/venv/lib/python3.11/site-packages/airflow/example_dags/example_sensor_decorator.py
[2024-11-06T11:03:28.624-1100] {logging_mixin.py:190} INFO - [2024-11-06T11:03:28.623-1100] {dag.py:3239} INFO - Sync 1 DAGs
[2024-11-06T11:03:28.663-1100] {logging_mixin.py:190} INFO - [2024-11-06T11:03:28.663-1100] {dag.py:4180} INFO - Setting next_dagrun for example_sensor_decorator to None, run_after=None
[2024-11-06T11:03:28.727-1100] {processor.py:208} INFO - Processing /home/ouaillaamiri/Development/lsi_3/airflow/venv/lib/python3.11/site-packages/airflow/example_dags/example_sensor_decorator.py took 0.222 seconds
[2024-11-06T11:03:59.173-1100] {processor.py:186} INFO - Started process (PID=232246) to work on /home/ouaillaamiri/Development/lsi_3/airflow/venv/lib/python3.11/site-packages/airflow/example_dags/example_sensor_decorator.py
[2024-11-06T11:03:59.175-1100] {processor.py:914} INFO - Processing file /home/ouaillaamiri/Development/lsi_3/airflow/venv/lib/python3.11/site-packages/airflow/example_dags/example_sensor_decorator.py for tasks to queue
[2024-11-06T11:03:59.179-1100] {logging_mixin.py:190} INFO - [2024-11-06T11:03:59.178-1100] {dagbag.py:588} INFO - Filling up the DagBag from /home/ouaillaamiri/Development/lsi_3/airflow/venv/lib/python3.11/site-packages/airflow/example_dags/example_sensor_decorator.py
[2024-11-06T11:03:59.196-1100] {processor.py:925} INFO - DAG(s) 'example_sensor_decorator' retrieved from /home/ouaillaamiri/Development/lsi_3/airflow/venv/lib/python3.11/site-packages/airflow/example_dags/example_sensor_decorator.py
[2024-11-06T11:03:59.257-1100] {logging_mixin.py:190} INFO - [2024-11-06T11:03:59.257-1100] {dag.py:3239} INFO - Sync 1 DAGs
[2024-11-06T11:03:59.283-1100] {logging_mixin.py:190} INFO - [2024-11-06T11:03:59.283-1100] {dag.py:4180} INFO - Setting next_dagrun for example_sensor_decorator to None, run_after=None
[2024-11-06T11:03:59.320-1100] {processor.py:208} INFO - Processing /home/ouaillaamiri/Development/lsi_3/airflow/venv/lib/python3.11/site-packages/airflow/example_dags/example_sensor_decorator.py took 0.158 seconds
[2024-11-06T11:04:29.858-1100] {processor.py:186} INFO - Started process (PID=232618) to work on /home/ouaillaamiri/Development/lsi_3/airflow/venv/lib/python3.11/site-packages/airflow/example_dags/example_sensor_decorator.py
[2024-11-06T11:04:29.860-1100] {processor.py:914} INFO - Processing file /home/ouaillaamiri/Development/lsi_3/airflow/venv/lib/python3.11/site-packages/airflow/example_dags/example_sensor_decorator.py for tasks to queue
[2024-11-06T11:04:29.865-1100] {logging_mixin.py:190} INFO - [2024-11-06T11:04:29.864-1100] {dagbag.py:588} INFO - Filling up the DagBag from /home/ouaillaamiri/Development/lsi_3/airflow/venv/lib/python3.11/site-packages/airflow/example_dags/example_sensor_decorator.py
[2024-11-06T11:04:29.881-1100] {processor.py:925} INFO - DAG(s) 'example_sensor_decorator' retrieved from /home/ouaillaamiri/Development/lsi_3/airflow/venv/lib/python3.11/site-packages/airflow/example_dags/example_sensor_decorator.py
[2024-11-06T11:04:29.940-1100] {logging_mixin.py:190} INFO - [2024-11-06T11:04:29.939-1100] {dag.py:3239} INFO - Sync 1 DAGs
[2024-11-06T11:04:29.968-1100] {logging_mixin.py:190} INFO - [2024-11-06T11:04:29.968-1100] {dag.py:4180} INFO - Setting next_dagrun for example_sensor_decorator to None, run_after=None
[2024-11-06T11:04:30.008-1100] {processor.py:208} INFO - Processing /home/ouaillaamiri/Development/lsi_3/airflow/venv/lib/python3.11/site-packages/airflow/example_dags/example_sensor_decorator.py took 0.162 seconds
