[2024-11-06T10:53:33.155-1100] {processor.py:186} INFO - Started process (PID=219382) to work on /home/ouaillaamiri/Development/lsi_3/airflow/venv/lib/python3.11/site-packages/airflow/example_dags/example_python_operator.py
[2024-11-06T10:53:33.157-1100] {processor.py:914} INFO - Processing file /home/ouaillaamiri/Development/lsi_3/airflow/venv/lib/python3.11/site-packages/airflow/example_dags/example_python_operator.py for tasks to queue
[2024-11-06T10:53:33.161-1100] {logging_mixin.py:190} INFO - [2024-11-06T10:53:33.161-1100] {dagbag.py:588} INFO - Filling up the DagBag from /home/ouaillaamiri/Development/lsi_3/airflow/venv/lib/python3.11/site-packages/airflow/example_dags/example_python_operator.py
[2024-11-06T10:53:33.177-1100] {logging_mixin.py:190} INFO - [2024-11-06T10:53:33.176-1100] {example_python_operator.py:93} WARNING - The virtalenv_python example task requires virtualenv, please install it.
[2024-11-06T10:53:33.183-1100] {processor.py:925} INFO - DAG(s) 'example_python_operator' retrieved from /home/ouaillaamiri/Development/lsi_3/airflow/venv/lib/python3.11/site-packages/airflow/example_dags/example_python_operator.py
[2024-11-06T10:53:33.404-1100] {logging_mixin.py:190} INFO - [2024-11-06T10:53:33.402-1100] {override.py:1911} INFO - Created Permission View: can edit on DAG:example_python_operator
[2024-11-06T10:53:33.423-1100] {logging_mixin.py:190} INFO - [2024-11-06T10:53:33.422-1100] {override.py:1911} INFO - Created Permission View: can delete on DAG:example_python_operator
[2024-11-06T10:53:33.437-1100] {logging_mixin.py:190} INFO - [2024-11-06T10:53:33.437-1100] {override.py:1911} INFO - Created Permission View: can read on DAG:example_python_operator
[2024-11-06T10:53:33.452-1100] {logging_mixin.py:190} INFO - [2024-11-06T10:53:33.451-1100] {override.py:1911} INFO - Created Permission View: can delete on DAG Run:example_python_operator
[2024-11-06T10:53:33.467-1100] {logging_mixin.py:190} INFO - [2024-11-06T10:53:33.466-1100] {override.py:1911} INFO - Created Permission View: can create on DAG Run:example_python_operator
[2024-11-06T10:53:33.482-1100] {logging_mixin.py:190} INFO - [2024-11-06T10:53:33.481-1100] {override.py:1911} INFO - Created Permission View: menu access on DAG Run:example_python_operator
[2024-11-06T10:53:33.494-1100] {logging_mixin.py:190} INFO - [2024-11-06T10:53:33.494-1100] {override.py:1911} INFO - Created Permission View: can read on DAG Run:example_python_operator
[2024-11-06T10:53:33.496-1100] {logging_mixin.py:190} INFO - [2024-11-06T10:53:33.496-1100] {dag.py:3239} INFO - Sync 1 DAGs
[2024-11-06T10:53:33.521-1100] {logging_mixin.py:190} INFO - [2024-11-06T10:53:33.520-1100] {dag.py:3262} INFO - Creating ORM DAG for example_python_operator
[2024-11-06T10:53:33.522-1100] {logging_mixin.py:190} INFO - [2024-11-06T10:53:33.522-1100] {dag.py:4180} INFO - Setting next_dagrun for example_python_operator to None, run_after=None
[2024-11-06T10:53:33.561-1100] {processor.py:208} INFO - Processing /home/ouaillaamiri/Development/lsi_3/airflow/venv/lib/python3.11/site-packages/airflow/example_dags/example_python_operator.py took 0.417 seconds
[2024-11-06T10:54:04.311-1100] {processor.py:186} INFO - Started process (PID=220159) to work on /home/ouaillaamiri/Development/lsi_3/airflow/venv/lib/python3.11/site-packages/airflow/example_dags/example_python_operator.py
[2024-11-06T10:54:04.313-1100] {processor.py:914} INFO - Processing file /home/ouaillaamiri/Development/lsi_3/airflow/venv/lib/python3.11/site-packages/airflow/example_dags/example_python_operator.py for tasks to queue
[2024-11-06T10:54:04.318-1100] {logging_mixin.py:190} INFO - [2024-11-06T10:54:04.317-1100] {dagbag.py:588} INFO - Filling up the DagBag from /home/ouaillaamiri/Development/lsi_3/airflow/venv/lib/python3.11/site-packages/airflow/example_dags/example_python_operator.py
[2024-11-06T10:54:04.333-1100] {logging_mixin.py:190} INFO - [2024-11-06T10:54:04.332-1100] {example_python_operator.py:93} WARNING - The virtalenv_python example task requires virtualenv, please install it.
[2024-11-06T10:54:04.338-1100] {processor.py:925} INFO - DAG(s) 'example_python_operator' retrieved from /home/ouaillaamiri/Development/lsi_3/airflow/venv/lib/python3.11/site-packages/airflow/example_dags/example_python_operator.py
[2024-11-06T10:54:04.402-1100] {logging_mixin.py:190} INFO - [2024-11-06T10:54:04.402-1100] {dag.py:3239} INFO - Sync 1 DAGs
[2024-11-06T10:54:04.431-1100] {logging_mixin.py:190} INFO - [2024-11-06T10:54:04.430-1100] {dag.py:4180} INFO - Setting next_dagrun for example_python_operator to None, run_after=None
[2024-11-06T10:54:04.475-1100] {processor.py:208} INFO - Processing /home/ouaillaamiri/Development/lsi_3/airflow/venv/lib/python3.11/site-packages/airflow/example_dags/example_python_operator.py took 0.174 seconds
[2024-11-06T10:54:34.881-1100] {processor.py:186} INFO - Started process (PID=220625) to work on /home/ouaillaamiri/Development/lsi_3/airflow/venv/lib/python3.11/site-packages/airflow/example_dags/example_python_operator.py
[2024-11-06T10:54:34.883-1100] {processor.py:914} INFO - Processing file /home/ouaillaamiri/Development/lsi_3/airflow/venv/lib/python3.11/site-packages/airflow/example_dags/example_python_operator.py for tasks to queue
[2024-11-06T10:54:34.888-1100] {logging_mixin.py:190} INFO - [2024-11-06T10:54:34.887-1100] {dagbag.py:588} INFO - Filling up the DagBag from /home/ouaillaamiri/Development/lsi_3/airflow/venv/lib/python3.11/site-packages/airflow/example_dags/example_python_operator.py
[2024-11-06T10:54:34.901-1100] {logging_mixin.py:190} INFO - [2024-11-06T10:54:34.900-1100] {example_python_operator.py:93} WARNING - The virtalenv_python example task requires virtualenv, please install it.
[2024-11-06T10:54:34.906-1100] {processor.py:925} INFO - DAG(s) 'example_python_operator' retrieved from /home/ouaillaamiri/Development/lsi_3/airflow/venv/lib/python3.11/site-packages/airflow/example_dags/example_python_operator.py
[2024-11-06T10:54:34.969-1100] {logging_mixin.py:190} INFO - [2024-11-06T10:54:34.969-1100] {dag.py:3239} INFO - Sync 1 DAGs
[2024-11-06T10:54:34.996-1100] {logging_mixin.py:190} INFO - [2024-11-06T10:54:34.996-1100] {dag.py:4180} INFO - Setting next_dagrun for example_python_operator to None, run_after=None
[2024-11-06T10:54:35.038-1100] {processor.py:208} INFO - Processing /home/ouaillaamiri/Development/lsi_3/airflow/venv/lib/python3.11/site-packages/airflow/example_dags/example_python_operator.py took 0.168 seconds
[2024-11-06T10:55:05.904-1100] {processor.py:186} INFO - Started process (PID=221165) to work on /home/ouaillaamiri/Development/lsi_3/airflow/venv/lib/python3.11/site-packages/airflow/example_dags/example_python_operator.py
[2024-11-06T10:55:05.906-1100] {processor.py:914} INFO - Processing file /home/ouaillaamiri/Development/lsi_3/airflow/venv/lib/python3.11/site-packages/airflow/example_dags/example_python_operator.py for tasks to queue
[2024-11-06T10:55:05.910-1100] {logging_mixin.py:190} INFO - [2024-11-06T10:55:05.909-1100] {dagbag.py:588} INFO - Filling up the DagBag from /home/ouaillaamiri/Development/lsi_3/airflow/venv/lib/python3.11/site-packages/airflow/example_dags/example_python_operator.py
[2024-11-06T10:55:05.923-1100] {logging_mixin.py:190} INFO - [2024-11-06T10:55:05.922-1100] {example_python_operator.py:93} WARNING - The virtalenv_python example task requires virtualenv, please install it.
[2024-11-06T10:55:05.928-1100] {processor.py:925} INFO - DAG(s) 'example_python_operator' retrieved from /home/ouaillaamiri/Development/lsi_3/airflow/venv/lib/python3.11/site-packages/airflow/example_dags/example_python_operator.py
[2024-11-06T10:55:05.989-1100] {logging_mixin.py:190} INFO - [2024-11-06T10:55:05.988-1100] {dag.py:3239} INFO - Sync 1 DAGs
[2024-11-06T10:55:06.022-1100] {logging_mixin.py:190} INFO - [2024-11-06T10:55:06.022-1100] {dag.py:4180} INFO - Setting next_dagrun for example_python_operator to None, run_after=None
[2024-11-06T10:55:06.063-1100] {processor.py:208} INFO - Processing /home/ouaillaamiri/Development/lsi_3/airflow/venv/lib/python3.11/site-packages/airflow/example_dags/example_python_operator.py took 0.171 seconds
[2024-11-06T10:55:36.457-1100] {processor.py:186} INFO - Started process (PID=221691) to work on /home/ouaillaamiri/Development/lsi_3/airflow/venv/lib/python3.11/site-packages/airflow/example_dags/example_python_operator.py
[2024-11-06T10:55:36.458-1100] {processor.py:914} INFO - Processing file /home/ouaillaamiri/Development/lsi_3/airflow/venv/lib/python3.11/site-packages/airflow/example_dags/example_python_operator.py for tasks to queue
[2024-11-06T10:55:36.462-1100] {logging_mixin.py:190} INFO - [2024-11-06T10:55:36.462-1100] {dagbag.py:588} INFO - Filling up the DagBag from /home/ouaillaamiri/Development/lsi_3/airflow/venv/lib/python3.11/site-packages/airflow/example_dags/example_python_operator.py
[2024-11-06T10:55:36.474-1100] {logging_mixin.py:190} INFO - [2024-11-06T10:55:36.474-1100] {example_python_operator.py:93} WARNING - The virtalenv_python example task requires virtualenv, please install it.
[2024-11-06T10:55:36.479-1100] {processor.py:925} INFO - DAG(s) 'example_python_operator' retrieved from /home/ouaillaamiri/Development/lsi_3/airflow/venv/lib/python3.11/site-packages/airflow/example_dags/example_python_operator.py
[2024-11-06T10:55:36.542-1100] {logging_mixin.py:190} INFO - [2024-11-06T10:55:36.542-1100] {dag.py:3239} INFO - Sync 1 DAGs
[2024-11-06T10:55:36.570-1100] {logging_mixin.py:190} INFO - [2024-11-06T10:55:36.570-1100] {dag.py:4180} INFO - Setting next_dagrun for example_python_operator to None, run_after=None
[2024-11-06T10:55:36.609-1100] {processor.py:208} INFO - Processing /home/ouaillaamiri/Development/lsi_3/airflow/venv/lib/python3.11/site-packages/airflow/example_dags/example_python_operator.py took 0.163 seconds
[2024-11-06T10:56:06.938-1100] {processor.py:186} INFO - Started process (PID=222073) to work on /home/ouaillaamiri/Development/lsi_3/airflow/venv/lib/python3.11/site-packages/airflow/example_dags/example_python_operator.py
[2024-11-06T10:56:06.940-1100] {processor.py:914} INFO - Processing file /home/ouaillaamiri/Development/lsi_3/airflow/venv/lib/python3.11/site-packages/airflow/example_dags/example_python_operator.py for tasks to queue
[2024-11-06T10:56:06.944-1100] {logging_mixin.py:190} INFO - [2024-11-06T10:56:06.944-1100] {dagbag.py:588} INFO - Filling up the DagBag from /home/ouaillaamiri/Development/lsi_3/airflow/venv/lib/python3.11/site-packages/airflow/example_dags/example_python_operator.py
[2024-11-06T10:56:06.957-1100] {logging_mixin.py:190} INFO - [2024-11-06T10:56:06.957-1100] {example_python_operator.py:93} WARNING - The virtalenv_python example task requires virtualenv, please install it.
[2024-11-06T10:56:06.963-1100] {processor.py:925} INFO - DAG(s) 'example_python_operator' retrieved from /home/ouaillaamiri/Development/lsi_3/airflow/venv/lib/python3.11/site-packages/airflow/example_dags/example_python_operator.py
[2024-11-06T10:56:07.037-1100] {logging_mixin.py:190} INFO - [2024-11-06T10:56:07.036-1100] {dag.py:3239} INFO - Sync 1 DAGs
[2024-11-06T10:56:07.070-1100] {logging_mixin.py:190} INFO - [2024-11-06T10:56:07.069-1100] {dag.py:4180} INFO - Setting next_dagrun for example_python_operator to None, run_after=None
[2024-11-06T10:56:07.107-1100] {processor.py:208} INFO - Processing /home/ouaillaamiri/Development/lsi_3/airflow/venv/lib/python3.11/site-packages/airflow/example_dags/example_python_operator.py took 0.180 seconds
[2024-11-06T10:56:45.295-1100] {processor.py:186} INFO - Started process (PID=223185) to work on /home/ouaillaamiri/Development/lsi_3/airflow/venv/lib/python3.11/site-packages/airflow/example_dags/example_python_operator.py
[2024-11-06T10:56:45.297-1100] {processor.py:914} INFO - Processing file /home/ouaillaamiri/Development/lsi_3/airflow/venv/lib/python3.11/site-packages/airflow/example_dags/example_python_operator.py for tasks to queue
[2024-11-06T10:56:45.300-1100] {logging_mixin.py:190} INFO - [2024-11-06T10:56:45.300-1100] {dagbag.py:588} INFO - Filling up the DagBag from /home/ouaillaamiri/Development/lsi_3/airflow/venv/lib/python3.11/site-packages/airflow/example_dags/example_python_operator.py
[2024-11-06T10:56:45.312-1100] {logging_mixin.py:190} INFO - [2024-11-06T10:56:45.312-1100] {example_python_operator.py:93} WARNING - The virtalenv_python example task requires virtualenv, please install it.
[2024-11-06T10:56:45.317-1100] {processor.py:925} INFO - DAG(s) 'example_python_operator' retrieved from /home/ouaillaamiri/Development/lsi_3/airflow/venv/lib/python3.11/site-packages/airflow/example_dags/example_python_operator.py
[2024-11-06T10:56:45.379-1100] {logging_mixin.py:190} INFO - [2024-11-06T10:56:45.378-1100] {dag.py:3239} INFO - Sync 1 DAGs
[2024-11-06T10:56:45.403-1100] {logging_mixin.py:190} INFO - [2024-11-06T10:56:45.402-1100] {dag.py:4180} INFO - Setting next_dagrun for example_python_operator to None, run_after=None
[2024-11-06T10:56:45.443-1100] {processor.py:208} INFO - Processing /home/ouaillaamiri/Development/lsi_3/airflow/venv/lib/python3.11/site-packages/airflow/example_dags/example_python_operator.py took 0.158 seconds
[2024-11-06T10:57:16.201-1100] {processor.py:186} INFO - Started process (PID=224305) to work on /home/ouaillaamiri/Development/lsi_3/airflow/venv/lib/python3.11/site-packages/airflow/example_dags/example_python_operator.py
[2024-11-06T10:57:16.203-1100] {processor.py:914} INFO - Processing file /home/ouaillaamiri/Development/lsi_3/airflow/venv/lib/python3.11/site-packages/airflow/example_dags/example_python_operator.py for tasks to queue
[2024-11-06T10:57:16.208-1100] {logging_mixin.py:190} INFO - [2024-11-06T10:57:16.207-1100] {dagbag.py:588} INFO - Filling up the DagBag from /home/ouaillaamiri/Development/lsi_3/airflow/venv/lib/python3.11/site-packages/airflow/example_dags/example_python_operator.py
[2024-11-06T10:57:16.227-1100] {logging_mixin.py:190} INFO - [2024-11-06T10:57:16.226-1100] {example_python_operator.py:93} WARNING - The virtalenv_python example task requires virtualenv, please install it.
[2024-11-06T10:57:16.232-1100] {processor.py:925} INFO - DAG(s) 'example_python_operator' retrieved from /home/ouaillaamiri/Development/lsi_3/airflow/venv/lib/python3.11/site-packages/airflow/example_dags/example_python_operator.py
[2024-11-06T10:57:16.320-1100] {logging_mixin.py:190} INFO - [2024-11-06T10:57:16.319-1100] {dag.py:3239} INFO - Sync 1 DAGs
[2024-11-06T10:57:16.354-1100] {logging_mixin.py:190} INFO - [2024-11-06T10:57:16.354-1100] {dag.py:4180} INFO - Setting next_dagrun for example_python_operator to None, run_after=None
[2024-11-06T10:57:16.400-1100] {processor.py:208} INFO - Processing /home/ouaillaamiri/Development/lsi_3/airflow/venv/lib/python3.11/site-packages/airflow/example_dags/example_python_operator.py took 0.210 seconds
[2024-11-06T10:57:46.980-1100] {processor.py:186} INFO - Started process (PID=225075) to work on /home/ouaillaamiri/Development/lsi_3/airflow/venv/lib/python3.11/site-packages/airflow/example_dags/example_python_operator.py
[2024-11-06T10:57:46.982-1100] {processor.py:914} INFO - Processing file /home/ouaillaamiri/Development/lsi_3/airflow/venv/lib/python3.11/site-packages/airflow/example_dags/example_python_operator.py for tasks to queue
[2024-11-06T10:57:46.985-1100] {logging_mixin.py:190} INFO - [2024-11-06T10:57:46.985-1100] {dagbag.py:588} INFO - Filling up the DagBag from /home/ouaillaamiri/Development/lsi_3/airflow/venv/lib/python3.11/site-packages/airflow/example_dags/example_python_operator.py
[2024-11-06T10:57:46.998-1100] {logging_mixin.py:190} INFO - [2024-11-06T10:57:46.998-1100] {example_python_operator.py:93} WARNING - The virtalenv_python example task requires virtualenv, please install it.
[2024-11-06T10:57:47.003-1100] {processor.py:925} INFO - DAG(s) 'example_python_operator' retrieved from /home/ouaillaamiri/Development/lsi_3/airflow/venv/lib/python3.11/site-packages/airflow/example_dags/example_python_operator.py
[2024-11-06T10:57:47.064-1100] {logging_mixin.py:190} INFO - [2024-11-06T10:57:47.063-1100] {dag.py:3239} INFO - Sync 1 DAGs
[2024-11-06T10:57:47.089-1100] {logging_mixin.py:190} INFO - [2024-11-06T10:57:47.089-1100] {dag.py:4180} INFO - Setting next_dagrun for example_python_operator to None, run_after=None
[2024-11-06T10:57:47.133-1100] {processor.py:208} INFO - Processing /home/ouaillaamiri/Development/lsi_3/airflow/venv/lib/python3.11/site-packages/airflow/example_dags/example_python_operator.py took 0.162 seconds
[2024-11-06T10:58:17.929-1100] {processor.py:186} INFO - Started process (PID=225718) to work on /home/ouaillaamiri/Development/lsi_3/airflow/venv/lib/python3.11/site-packages/airflow/example_dags/example_python_operator.py
[2024-11-06T10:58:17.932-1100] {processor.py:914} INFO - Processing file /home/ouaillaamiri/Development/lsi_3/airflow/venv/lib/python3.11/site-packages/airflow/example_dags/example_python_operator.py for tasks to queue
[2024-11-06T10:58:17.937-1100] {logging_mixin.py:190} INFO - [2024-11-06T10:58:17.936-1100] {dagbag.py:588} INFO - Filling up the DagBag from /home/ouaillaamiri/Development/lsi_3/airflow/venv/lib/python3.11/site-packages/airflow/example_dags/example_python_operator.py
[2024-11-06T10:58:17.956-1100] {logging_mixin.py:190} INFO - [2024-11-06T10:58:17.955-1100] {example_python_operator.py:93} WARNING - The virtalenv_python example task requires virtualenv, please install it.
[2024-11-06T10:58:17.961-1100] {processor.py:925} INFO - DAG(s) 'example_python_operator' retrieved from /home/ouaillaamiri/Development/lsi_3/airflow/venv/lib/python3.11/site-packages/airflow/example_dags/example_python_operator.py
[2024-11-06T10:58:18.026-1100] {logging_mixin.py:190} INFO - [2024-11-06T10:58:18.026-1100] {dag.py:3239} INFO - Sync 1 DAGs
[2024-11-06T10:58:18.053-1100] {logging_mixin.py:190} INFO - [2024-11-06T10:58:18.053-1100] {dag.py:4180} INFO - Setting next_dagrun for example_python_operator to None, run_after=None
[2024-11-06T10:58:18.092-1100] {processor.py:208} INFO - Processing /home/ouaillaamiri/Development/lsi_3/airflow/venv/lib/python3.11/site-packages/airflow/example_dags/example_python_operator.py took 0.178 seconds
[2024-11-06T10:58:48.613-1100] {processor.py:186} INFO - Started process (PID=226438) to work on /home/ouaillaamiri/Development/lsi_3/airflow/venv/lib/python3.11/site-packages/airflow/example_dags/example_python_operator.py
[2024-11-06T10:58:48.614-1100] {processor.py:914} INFO - Processing file /home/ouaillaamiri/Development/lsi_3/airflow/venv/lib/python3.11/site-packages/airflow/example_dags/example_python_operator.py for tasks to queue
[2024-11-06T10:58:48.619-1100] {logging_mixin.py:190} INFO - [2024-11-06T10:58:48.618-1100] {dagbag.py:588} INFO - Filling up the DagBag from /home/ouaillaamiri/Development/lsi_3/airflow/venv/lib/python3.11/site-packages/airflow/example_dags/example_python_operator.py
[2024-11-06T10:58:48.635-1100] {logging_mixin.py:190} INFO - [2024-11-06T10:58:48.635-1100] {example_python_operator.py:93} WARNING - The virtalenv_python example task requires virtualenv, please install it.
[2024-11-06T10:58:48.641-1100] {processor.py:925} INFO - DAG(s) 'example_python_operator' retrieved from /home/ouaillaamiri/Development/lsi_3/airflow/venv/lib/python3.11/site-packages/airflow/example_dags/example_python_operator.py
[2024-11-06T10:58:48.699-1100] {logging_mixin.py:190} INFO - [2024-11-06T10:58:48.698-1100] {dag.py:3239} INFO - Sync 1 DAGs
[2024-11-06T10:58:48.726-1100] {logging_mixin.py:190} INFO - [2024-11-06T10:58:48.726-1100] {dag.py:4180} INFO - Setting next_dagrun for example_python_operator to None, run_after=None
[2024-11-06T10:58:48.758-1100] {processor.py:208} INFO - Processing /home/ouaillaamiri/Development/lsi_3/airflow/venv/lib/python3.11/site-packages/airflow/example_dags/example_python_operator.py took 0.158 seconds
[2024-11-06T10:59:19.116-1100] {processor.py:186} INFO - Started process (PID=227143) to work on /home/ouaillaamiri/Development/lsi_3/airflow/venv/lib/python3.11/site-packages/airflow/example_dags/example_python_operator.py
[2024-11-06T10:59:19.118-1100] {processor.py:914} INFO - Processing file /home/ouaillaamiri/Development/lsi_3/airflow/venv/lib/python3.11/site-packages/airflow/example_dags/example_python_operator.py for tasks to queue
[2024-11-06T10:59:19.122-1100] {logging_mixin.py:190} INFO - [2024-11-06T10:59:19.122-1100] {dagbag.py:588} INFO - Filling up the DagBag from /home/ouaillaamiri/Development/lsi_3/airflow/venv/lib/python3.11/site-packages/airflow/example_dags/example_python_operator.py
[2024-11-06T10:59:19.136-1100] {logging_mixin.py:190} INFO - [2024-11-06T10:59:19.136-1100] {example_python_operator.py:93} WARNING - The virtalenv_python example task requires virtualenv, please install it.
[2024-11-06T10:59:19.142-1100] {processor.py:925} INFO - DAG(s) 'example_python_operator' retrieved from /home/ouaillaamiri/Development/lsi_3/airflow/venv/lib/python3.11/site-packages/airflow/example_dags/example_python_operator.py
[2024-11-06T10:59:19.201-1100] {logging_mixin.py:190} INFO - [2024-11-06T10:59:19.201-1100] {dag.py:3239} INFO - Sync 1 DAGs
[2024-11-06T10:59:19.238-1100] {logging_mixin.py:190} INFO - [2024-11-06T10:59:19.237-1100] {dag.py:4180} INFO - Setting next_dagrun for example_python_operator to None, run_after=None
[2024-11-06T10:59:19.280-1100] {processor.py:208} INFO - Processing /home/ouaillaamiri/Development/lsi_3/airflow/venv/lib/python3.11/site-packages/airflow/example_dags/example_python_operator.py took 0.175 seconds
[2024-11-06T10:59:50.377-1100] {processor.py:186} INFO - Started process (PID=227536) to work on /home/ouaillaamiri/Development/lsi_3/airflow/venv/lib/python3.11/site-packages/airflow/example_dags/example_python_operator.py
[2024-11-06T10:59:50.379-1100] {processor.py:914} INFO - Processing file /home/ouaillaamiri/Development/lsi_3/airflow/venv/lib/python3.11/site-packages/airflow/example_dags/example_python_operator.py for tasks to queue
[2024-11-06T10:59:50.382-1100] {logging_mixin.py:190} INFO - [2024-11-06T10:59:50.382-1100] {dagbag.py:588} INFO - Filling up the DagBag from /home/ouaillaamiri/Development/lsi_3/airflow/venv/lib/python3.11/site-packages/airflow/example_dags/example_python_operator.py
[2024-11-06T10:59:50.393-1100] {logging_mixin.py:190} INFO - [2024-11-06T10:59:50.393-1100] {example_python_operator.py:93} WARNING - The virtalenv_python example task requires virtualenv, please install it.
[2024-11-06T10:59:50.397-1100] {processor.py:925} INFO - DAG(s) 'example_python_operator' retrieved from /home/ouaillaamiri/Development/lsi_3/airflow/venv/lib/python3.11/site-packages/airflow/example_dags/example_python_operator.py
[2024-11-06T10:59:50.471-1100] {logging_mixin.py:190} INFO - [2024-11-06T10:59:50.470-1100] {dag.py:3239} INFO - Sync 1 DAGs
[2024-11-06T10:59:50.498-1100] {logging_mixin.py:190} INFO - [2024-11-06T10:59:50.498-1100] {dag.py:4180} INFO - Setting next_dagrun for example_python_operator to None, run_after=None
[2024-11-06T10:59:50.535-1100] {processor.py:208} INFO - Processing /home/ouaillaamiri/Development/lsi_3/airflow/venv/lib/python3.11/site-packages/airflow/example_dags/example_python_operator.py took 0.167 seconds
[2024-11-06T11:00:56.993-1100] {processor.py:186} INFO - Started process (PID=228716) to work on /home/ouaillaamiri/Development/lsi_3/airflow/venv/lib/python3.11/site-packages/airflow/example_dags/example_python_operator.py
[2024-11-06T11:00:56.998-1100] {processor.py:914} INFO - Processing file /home/ouaillaamiri/Development/lsi_3/airflow/venv/lib/python3.11/site-packages/airflow/example_dags/example_python_operator.py for tasks to queue
[2024-11-06T11:00:57.002-1100] {logging_mixin.py:190} INFO - [2024-11-06T11:00:57.001-1100] {dagbag.py:588} INFO - Filling up the DagBag from /home/ouaillaamiri/Development/lsi_3/airflow/venv/lib/python3.11/site-packages/airflow/example_dags/example_python_operator.py
[2024-11-06T11:00:57.019-1100] {logging_mixin.py:190} INFO - [2024-11-06T11:00:57.018-1100] {example_python_operator.py:93} WARNING - The virtalenv_python example task requires virtualenv, please install it.
[2024-11-06T11:00:57.025-1100] {processor.py:925} INFO - DAG(s) 'example_python_operator' retrieved from /home/ouaillaamiri/Development/lsi_3/airflow/venv/lib/python3.11/site-packages/airflow/example_dags/example_python_operator.py
[2024-11-06T11:00:57.106-1100] {logging_mixin.py:190} INFO - [2024-11-06T11:00:57.105-1100] {dag.py:3239} INFO - Sync 1 DAGs
[2024-11-06T11:00:57.141-1100] {logging_mixin.py:190} INFO - [2024-11-06T11:00:57.140-1100] {dag.py:4180} INFO - Setting next_dagrun for example_python_operator to None, run_after=None
[2024-11-06T11:00:57.189-1100] {processor.py:208} INFO - Processing /home/ouaillaamiri/Development/lsi_3/airflow/venv/lib/python3.11/site-packages/airflow/example_dags/example_python_operator.py took 0.210 seconds
[2024-11-06T11:01:27.635-1100] {processor.py:186} INFO - Started process (PID=229318) to work on /home/ouaillaamiri/Development/lsi_3/airflow/venv/lib/python3.11/site-packages/airflow/example_dags/example_python_operator.py
[2024-11-06T11:01:27.638-1100] {processor.py:914} INFO - Processing file /home/ouaillaamiri/Development/lsi_3/airflow/venv/lib/python3.11/site-packages/airflow/example_dags/example_python_operator.py for tasks to queue
[2024-11-06T11:01:27.644-1100] {logging_mixin.py:190} INFO - [2024-11-06T11:01:27.643-1100] {dagbag.py:588} INFO - Filling up the DagBag from /home/ouaillaamiri/Development/lsi_3/airflow/venv/lib/python3.11/site-packages/airflow/example_dags/example_python_operator.py
[2024-11-06T11:01:27.665-1100] {logging_mixin.py:190} INFO - [2024-11-06T11:01:27.664-1100] {example_python_operator.py:93} WARNING - The virtalenv_python example task requires virtualenv, please install it.
[2024-11-06T11:01:27.674-1100] {processor.py:925} INFO - DAG(s) 'example_python_operator' retrieved from /home/ouaillaamiri/Development/lsi_3/airflow/venv/lib/python3.11/site-packages/airflow/example_dags/example_python_operator.py
[2024-11-06T11:01:27.765-1100] {logging_mixin.py:190} INFO - [2024-11-06T11:01:27.764-1100] {dag.py:3239} INFO - Sync 1 DAGs
[2024-11-06T11:01:27.808-1100] {logging_mixin.py:190} INFO - [2024-11-06T11:01:27.806-1100] {dag.py:4180} INFO - Setting next_dagrun for example_python_operator to None, run_after=None
[2024-11-06T11:01:27.862-1100] {processor.py:208} INFO - Processing /home/ouaillaamiri/Development/lsi_3/airflow/venv/lib/python3.11/site-packages/airflow/example_dags/example_python_operator.py took 0.245 seconds
[2024-11-06T11:01:58.443-1100] {processor.py:186} INFO - Started process (PID=229693) to work on /home/ouaillaamiri/Development/lsi_3/airflow/venv/lib/python3.11/site-packages/airflow/example_dags/example_python_operator.py
[2024-11-06T11:01:58.445-1100] {processor.py:914} INFO - Processing file /home/ouaillaamiri/Development/lsi_3/airflow/venv/lib/python3.11/site-packages/airflow/example_dags/example_python_operator.py for tasks to queue
[2024-11-06T11:01:58.450-1100] {logging_mixin.py:190} INFO - [2024-11-06T11:01:58.450-1100] {dagbag.py:588} INFO - Filling up the DagBag from /home/ouaillaamiri/Development/lsi_3/airflow/venv/lib/python3.11/site-packages/airflow/example_dags/example_python_operator.py
[2024-11-06T11:01:58.467-1100] {logging_mixin.py:190} INFO - [2024-11-06T11:01:58.466-1100] {example_python_operator.py:93} WARNING - The virtalenv_python example task requires virtualenv, please install it.
[2024-11-06T11:01:58.474-1100] {processor.py:925} INFO - DAG(s) 'example_python_operator' retrieved from /home/ouaillaamiri/Development/lsi_3/airflow/venv/lib/python3.11/site-packages/airflow/example_dags/example_python_operator.py
[2024-11-06T11:01:58.552-1100] {logging_mixin.py:190} INFO - [2024-11-06T11:01:58.551-1100] {dag.py:3239} INFO - Sync 1 DAGs
[2024-11-06T11:01:58.590-1100] {logging_mixin.py:190} INFO - [2024-11-06T11:01:58.589-1100] {dag.py:4180} INFO - Setting next_dagrun for example_python_operator to None, run_after=None
[2024-11-06T11:01:58.638-1100] {processor.py:208} INFO - Processing /home/ouaillaamiri/Development/lsi_3/airflow/venv/lib/python3.11/site-packages/airflow/example_dags/example_python_operator.py took 0.205 seconds
[2024-11-06T11:02:28.967-1100] {processor.py:186} INFO - Started process (PID=230285) to work on /home/ouaillaamiri/Development/lsi_3/airflow/venv/lib/python3.11/site-packages/airflow/example_dags/example_python_operator.py
[2024-11-06T11:02:28.969-1100] {processor.py:914} INFO - Processing file /home/ouaillaamiri/Development/lsi_3/airflow/venv/lib/python3.11/site-packages/airflow/example_dags/example_python_operator.py for tasks to queue
[2024-11-06T11:02:28.973-1100] {logging_mixin.py:190} INFO - [2024-11-06T11:02:28.972-1100] {dagbag.py:588} INFO - Filling up the DagBag from /home/ouaillaamiri/Development/lsi_3/airflow/venv/lib/python3.11/site-packages/airflow/example_dags/example_python_operator.py
[2024-11-06T11:02:28.985-1100] {logging_mixin.py:190} INFO - [2024-11-06T11:02:28.985-1100] {example_python_operator.py:93} WARNING - The virtalenv_python example task requires virtualenv, please install it.
[2024-11-06T11:02:28.989-1100] {processor.py:925} INFO - DAG(s) 'example_python_operator' retrieved from /home/ouaillaamiri/Development/lsi_3/airflow/venv/lib/python3.11/site-packages/airflow/example_dags/example_python_operator.py
[2024-11-06T11:02:29.054-1100] {logging_mixin.py:190} INFO - [2024-11-06T11:02:29.054-1100] {dag.py:3239} INFO - Sync 1 DAGs
[2024-11-06T11:02:29.079-1100] {logging_mixin.py:190} INFO - [2024-11-06T11:02:29.079-1100] {dag.py:4180} INFO - Setting next_dagrun for example_python_operator to None, run_after=None
[2024-11-06T11:02:29.116-1100] {processor.py:208} INFO - Processing /home/ouaillaamiri/Development/lsi_3/airflow/venv/lib/python3.11/site-packages/airflow/example_dags/example_python_operator.py took 0.165 seconds
[2024-11-06T11:02:59.555-1100] {processor.py:186} INFO - Started process (PID=231272) to work on /home/ouaillaamiri/Development/lsi_3/airflow/venv/lib/python3.11/site-packages/airflow/example_dags/example_python_operator.py
[2024-11-06T11:02:59.557-1100] {processor.py:914} INFO - Processing file /home/ouaillaamiri/Development/lsi_3/airflow/venv/lib/python3.11/site-packages/airflow/example_dags/example_python_operator.py for tasks to queue
[2024-11-06T11:02:59.561-1100] {logging_mixin.py:190} INFO - [2024-11-06T11:02:59.560-1100] {dagbag.py:588} INFO - Filling up the DagBag from /home/ouaillaamiri/Development/lsi_3/airflow/venv/lib/python3.11/site-packages/airflow/example_dags/example_python_operator.py
[2024-11-06T11:02:59.575-1100] {logging_mixin.py:190} INFO - [2024-11-06T11:02:59.575-1100] {example_python_operator.py:93} WARNING - The virtalenv_python example task requires virtualenv, please install it.
[2024-11-06T11:02:59.581-1100] {processor.py:925} INFO - DAG(s) 'example_python_operator' retrieved from /home/ouaillaamiri/Development/lsi_3/airflow/venv/lib/python3.11/site-packages/airflow/example_dags/example_python_operator.py
[2024-11-06T11:02:59.652-1100] {logging_mixin.py:190} INFO - [2024-11-06T11:02:59.652-1100] {dag.py:3239} INFO - Sync 1 DAGs
[2024-11-06T11:02:59.684-1100] {logging_mixin.py:190} INFO - [2024-11-06T11:02:59.683-1100] {dag.py:4180} INFO - Setting next_dagrun for example_python_operator to None, run_after=None
[2024-11-06T11:02:59.728-1100] {processor.py:208} INFO - Processing /home/ouaillaamiri/Development/lsi_3/airflow/venv/lib/python3.11/site-packages/airflow/example_dags/example_python_operator.py took 0.185 seconds
[2024-11-06T11:03:30.632-1100] {processor.py:186} INFO - Started process (PID=231634) to work on /home/ouaillaamiri/Development/lsi_3/airflow/venv/lib/python3.11/site-packages/airflow/example_dags/example_python_operator.py
[2024-11-06T11:03:30.634-1100] {processor.py:914} INFO - Processing file /home/ouaillaamiri/Development/lsi_3/airflow/venv/lib/python3.11/site-packages/airflow/example_dags/example_python_operator.py for tasks to queue
[2024-11-06T11:03:30.642-1100] {logging_mixin.py:190} INFO - [2024-11-06T11:03:30.641-1100] {dagbag.py:588} INFO - Filling up the DagBag from /home/ouaillaamiri/Development/lsi_3/airflow/venv/lib/python3.11/site-packages/airflow/example_dags/example_python_operator.py
[2024-11-06T11:03:30.677-1100] {logging_mixin.py:190} INFO - [2024-11-06T11:03:30.676-1100] {example_python_operator.py:93} WARNING - The virtalenv_python example task requires virtualenv, please install it.
[2024-11-06T11:03:30.685-1100] {processor.py:925} INFO - DAG(s) 'example_python_operator' retrieved from /home/ouaillaamiri/Development/lsi_3/airflow/venv/lib/python3.11/site-packages/airflow/example_dags/example_python_operator.py
[2024-11-06T11:03:30.777-1100] {logging_mixin.py:190} INFO - [2024-11-06T11:03:30.776-1100] {dag.py:3239} INFO - Sync 1 DAGs
[2024-11-06T11:03:30.842-1100] {logging_mixin.py:190} INFO - [2024-11-06T11:03:30.841-1100] {dag.py:4180} INFO - Setting next_dagrun for example_python_operator to None, run_after=None
[2024-11-06T11:03:30.945-1100] {processor.py:208} INFO - Processing /home/ouaillaamiri/Development/lsi_3/airflow/venv/lib/python3.11/site-packages/airflow/example_dags/example_python_operator.py took 0.332 seconds
[2024-11-06T11:04:01.423-1100] {processor.py:186} INFO - Started process (PID=232307) to work on /home/ouaillaamiri/Development/lsi_3/airflow/venv/lib/python3.11/site-packages/airflow/example_dags/example_python_operator.py
[2024-11-06T11:04:01.425-1100] {processor.py:914} INFO - Processing file /home/ouaillaamiri/Development/lsi_3/airflow/venv/lib/python3.11/site-packages/airflow/example_dags/example_python_operator.py for tasks to queue
[2024-11-06T11:04:01.429-1100] {logging_mixin.py:190} INFO - [2024-11-06T11:04:01.428-1100] {dagbag.py:588} INFO - Filling up the DagBag from /home/ouaillaamiri/Development/lsi_3/airflow/venv/lib/python3.11/site-packages/airflow/example_dags/example_python_operator.py
[2024-11-06T11:04:01.440-1100] {logging_mixin.py:190} INFO - [2024-11-06T11:04:01.440-1100] {example_python_operator.py:93} WARNING - The virtalenv_python example task requires virtualenv, please install it.
[2024-11-06T11:04:01.445-1100] {processor.py:925} INFO - DAG(s) 'example_python_operator' retrieved from /home/ouaillaamiri/Development/lsi_3/airflow/venv/lib/python3.11/site-packages/airflow/example_dags/example_python_operator.py
[2024-11-06T11:04:01.500-1100] {logging_mixin.py:190} INFO - [2024-11-06T11:04:01.499-1100] {dag.py:3239} INFO - Sync 1 DAGs
[2024-11-06T11:04:01.526-1100] {logging_mixin.py:190} INFO - [2024-11-06T11:04:01.525-1100] {dag.py:4180} INFO - Setting next_dagrun for example_python_operator to None, run_after=None
[2024-11-06T11:04:01.558-1100] {processor.py:208} INFO - Processing /home/ouaillaamiri/Development/lsi_3/airflow/venv/lib/python3.11/site-packages/airflow/example_dags/example_python_operator.py took 0.151 seconds
[2024-11-06T11:04:32.532-1100] {processor.py:186} INFO - Started process (PID=232682) to work on /home/ouaillaamiri/Development/lsi_3/airflow/venv/lib/python3.11/site-packages/airflow/example_dags/example_python_operator.py
[2024-11-06T11:04:32.535-1100] {processor.py:914} INFO - Processing file /home/ouaillaamiri/Development/lsi_3/airflow/venv/lib/python3.11/site-packages/airflow/example_dags/example_python_operator.py for tasks to queue
[2024-11-06T11:04:32.540-1100] {logging_mixin.py:190} INFO - [2024-11-06T11:04:32.539-1100] {dagbag.py:588} INFO - Filling up the DagBag from /home/ouaillaamiri/Development/lsi_3/airflow/venv/lib/python3.11/site-packages/airflow/example_dags/example_python_operator.py
[2024-11-06T11:04:32.556-1100] {logging_mixin.py:190} INFO - [2024-11-06T11:04:32.555-1100] {example_python_operator.py:93} WARNING - The virtalenv_python example task requires virtualenv, please install it.
[2024-11-06T11:04:32.563-1100] {processor.py:925} INFO - DAG(s) 'example_python_operator' retrieved from /home/ouaillaamiri/Development/lsi_3/airflow/venv/lib/python3.11/site-packages/airflow/example_dags/example_python_operator.py
[2024-11-06T11:04:32.638-1100] {logging_mixin.py:190} INFO - [2024-11-06T11:04:32.637-1100] {dag.py:3239} INFO - Sync 1 DAGs
[2024-11-06T11:04:32.675-1100] {logging_mixin.py:190} INFO - [2024-11-06T11:04:32.674-1100] {dag.py:4180} INFO - Setting next_dagrun for example_python_operator to None, run_after=None
[2024-11-06T11:04:32.723-1100] {processor.py:208} INFO - Processing /home/ouaillaamiri/Development/lsi_3/airflow/venv/lib/python3.11/site-packages/airflow/example_dags/example_python_operator.py took 0.205 seconds
