[2024-11-06T10:53:39.261-1100] {processor.py:186} INFO - Started process (PID=219659) to work on /home/ouaillaamiri/Development/lsi_3/airflow/venv/lib/python3.11/site-packages/airflow/example_dags/example_bash_operator.py
[2024-11-06T10:53:39.263-1100] {processor.py:914} INFO - Processing file /home/ouaillaamiri/Development/lsi_3/airflow/venv/lib/python3.11/site-packages/airflow/example_dags/example_bash_operator.py for tasks to queue
[2024-11-06T10:53:39.267-1100] {logging_mixin.py:190} INFO - [2024-11-06T10:53:39.266-1100] {dagbag.py:588} INFO - Filling up the DagBag from /home/ouaillaamiri/Development/lsi_3/airflow/venv/lib/python3.11/site-packages/airflow/example_dags/example_bash_operator.py
[2024-11-06T10:53:39.292-1100] {processor.py:925} INFO - DAG(s) 'example_bash_operator' retrieved from /home/ouaillaamiri/Development/lsi_3/airflow/venv/lib/python3.11/site-packages/airflow/example_dags/example_bash_operator.py
[2024-11-06T10:53:39.500-1100] {logging_mixin.py:190} INFO - [2024-11-06T10:53:39.499-1100] {override.py:1911} INFO - Created Permission View: can edit on DAG:example_bash_operator
[2024-11-06T10:53:39.521-1100] {logging_mixin.py:190} INFO - [2024-11-06T10:53:39.520-1100] {override.py:1911} INFO - Created Permission View: can delete on DAG:example_bash_operator
[2024-11-06T10:53:39.535-1100] {logging_mixin.py:190} INFO - [2024-11-06T10:53:39.534-1100] {override.py:1911} INFO - Created Permission View: can read on DAG:example_bash_operator
[2024-11-06T10:53:39.547-1100] {logging_mixin.py:190} INFO - [2024-11-06T10:53:39.547-1100] {override.py:1911} INFO - Created Permission View: can delete on DAG Run:example_bash_operator
[2024-11-06T10:53:39.559-1100] {logging_mixin.py:190} INFO - [2024-11-06T10:53:39.558-1100] {override.py:1911} INFO - Created Permission View: can create on DAG Run:example_bash_operator
[2024-11-06T10:53:39.572-1100] {logging_mixin.py:190} INFO - [2024-11-06T10:53:39.572-1100] {override.py:1911} INFO - Created Permission View: menu access on DAG Run:example_bash_operator
[2024-11-06T10:53:39.585-1100] {logging_mixin.py:190} INFO - [2024-11-06T10:53:39.584-1100] {override.py:1911} INFO - Created Permission View: can read on DAG Run:example_bash_operator
[2024-11-06T10:53:39.585-1100] {logging_mixin.py:190} INFO - [2024-11-06T10:53:39.585-1100] {dag.py:3239} INFO - Sync 1 DAGs
[2024-11-06T10:53:39.607-1100] {logging_mixin.py:190} INFO - [2024-11-06T10:53:39.606-1100] {dag.py:3262} INFO - Creating ORM DAG for example_bash_operator
[2024-11-06T10:53:39.627-1100] {logging_mixin.py:190} INFO - [2024-11-06T10:53:39.626-1100] {dag.py:4180} INFO - Setting next_dagrun for example_bash_operator to 2024-11-05 00:00:00+00:00, run_after=2024-11-06 00:00:00+00:00
[2024-11-06T10:53:39.659-1100] {processor.py:208} INFO - Processing /home/ouaillaamiri/Development/lsi_3/airflow/venv/lib/python3.11/site-packages/airflow/example_dags/example_bash_operator.py took 0.410 seconds
[2024-11-06T10:54:10.155-1100] {processor.py:186} INFO - Started process (PID=220387) to work on /home/ouaillaamiri/Development/lsi_3/airflow/venv/lib/python3.11/site-packages/airflow/example_dags/example_bash_operator.py
[2024-11-06T10:54:10.157-1100] {processor.py:914} INFO - Processing file /home/ouaillaamiri/Development/lsi_3/airflow/venv/lib/python3.11/site-packages/airflow/example_dags/example_bash_operator.py for tasks to queue
[2024-11-06T10:54:10.161-1100] {logging_mixin.py:190} INFO - [2024-11-06T10:54:10.160-1100] {dagbag.py:588} INFO - Filling up the DagBag from /home/ouaillaamiri/Development/lsi_3/airflow/venv/lib/python3.11/site-packages/airflow/example_dags/example_bash_operator.py
[2024-11-06T10:54:10.185-1100] {processor.py:925} INFO - DAG(s) 'example_bash_operator' retrieved from /home/ouaillaamiri/Development/lsi_3/airflow/venv/lib/python3.11/site-packages/airflow/example_dags/example_bash_operator.py
[2024-11-06T10:54:10.253-1100] {logging_mixin.py:190} INFO - [2024-11-06T10:54:10.252-1100] {dag.py:3239} INFO - Sync 1 DAGs
[2024-11-06T10:54:10.307-1100] {logging_mixin.py:190} INFO - [2024-11-06T10:54:10.306-1100] {dag.py:4180} INFO - Setting next_dagrun for example_bash_operator to 2024-11-05 00:00:00+00:00, run_after=2024-11-06 00:00:00+00:00
[2024-11-06T10:54:10.345-1100] {processor.py:208} INFO - Processing /home/ouaillaamiri/Development/lsi_3/airflow/venv/lib/python3.11/site-packages/airflow/example_dags/example_bash_operator.py took 0.200 seconds
[2024-11-06T10:54:40.568-1100] {processor.py:186} INFO - Started process (PID=220756) to work on /home/ouaillaamiri/Development/lsi_3/airflow/venv/lib/python3.11/site-packages/airflow/example_dags/example_bash_operator.py
[2024-11-06T10:54:40.570-1100] {processor.py:914} INFO - Processing file /home/ouaillaamiri/Development/lsi_3/airflow/venv/lib/python3.11/site-packages/airflow/example_dags/example_bash_operator.py for tasks to queue
[2024-11-06T10:54:40.574-1100] {logging_mixin.py:190} INFO - [2024-11-06T10:54:40.574-1100] {dagbag.py:588} INFO - Filling up the DagBag from /home/ouaillaamiri/Development/lsi_3/airflow/venv/lib/python3.11/site-packages/airflow/example_dags/example_bash_operator.py
[2024-11-06T10:54:40.601-1100] {processor.py:925} INFO - DAG(s) 'example_bash_operator' retrieved from /home/ouaillaamiri/Development/lsi_3/airflow/venv/lib/python3.11/site-packages/airflow/example_dags/example_bash_operator.py
[2024-11-06T10:54:40.679-1100] {logging_mixin.py:190} INFO - [2024-11-06T10:54:40.678-1100] {dag.py:3239} INFO - Sync 1 DAGs
[2024-11-06T10:54:40.734-1100] {logging_mixin.py:190} INFO - [2024-11-06T10:54:40.733-1100] {dag.py:4180} INFO - Setting next_dagrun for example_bash_operator to 2024-11-05 00:00:00+00:00, run_after=2024-11-06 00:00:00+00:00
[2024-11-06T10:54:40.773-1100] {processor.py:208} INFO - Processing /home/ouaillaamiri/Development/lsi_3/airflow/venv/lib/python3.11/site-packages/airflow/example_dags/example_bash_operator.py took 0.217 seconds
[2024-11-06T10:55:11.111-1100] {processor.py:186} INFO - Started process (PID=221454) to work on /home/ouaillaamiri/Development/lsi_3/airflow/venv/lib/python3.11/site-packages/airflow/example_dags/example_bash_operator.py
[2024-11-06T10:55:11.114-1100] {processor.py:914} INFO - Processing file /home/ouaillaamiri/Development/lsi_3/airflow/venv/lib/python3.11/site-packages/airflow/example_dags/example_bash_operator.py for tasks to queue
[2024-11-06T10:55:11.119-1100] {logging_mixin.py:190} INFO - [2024-11-06T10:55:11.117-1100] {dagbag.py:588} INFO - Filling up the DagBag from /home/ouaillaamiri/Development/lsi_3/airflow/venv/lib/python3.11/site-packages/airflow/example_dags/example_bash_operator.py
[2024-11-06T10:55:11.153-1100] {processor.py:925} INFO - DAG(s) 'example_bash_operator' retrieved from /home/ouaillaamiri/Development/lsi_3/airflow/venv/lib/python3.11/site-packages/airflow/example_dags/example_bash_operator.py
[2024-11-06T10:55:11.267-1100] {logging_mixin.py:190} INFO - [2024-11-06T10:55:11.267-1100] {dag.py:3239} INFO - Sync 1 DAGs
[2024-11-06T10:55:11.322-1100] {logging_mixin.py:190} INFO - [2024-11-06T10:55:11.321-1100] {dag.py:4180} INFO - Setting next_dagrun for example_bash_operator to 2024-11-05 00:00:00+00:00, run_after=2024-11-06 00:00:00+00:00
[2024-11-06T10:55:11.361-1100] {processor.py:208} INFO - Processing /home/ouaillaamiri/Development/lsi_3/airflow/venv/lib/python3.11/site-packages/airflow/example_dags/example_bash_operator.py took 0.264 seconds
[2024-11-06T10:55:41.837-1100] {processor.py:186} INFO - Started process (PID=221823) to work on /home/ouaillaamiri/Development/lsi_3/airflow/venv/lib/python3.11/site-packages/airflow/example_dags/example_bash_operator.py
[2024-11-06T10:55:41.839-1100] {processor.py:914} INFO - Processing file /home/ouaillaamiri/Development/lsi_3/airflow/venv/lib/python3.11/site-packages/airflow/example_dags/example_bash_operator.py for tasks to queue
[2024-11-06T10:55:41.842-1100] {logging_mixin.py:190} INFO - [2024-11-06T10:55:41.842-1100] {dagbag.py:588} INFO - Filling up the DagBag from /home/ouaillaamiri/Development/lsi_3/airflow/venv/lib/python3.11/site-packages/airflow/example_dags/example_bash_operator.py
[2024-11-06T10:55:41.866-1100] {processor.py:925} INFO - DAG(s) 'example_bash_operator' retrieved from /home/ouaillaamiri/Development/lsi_3/airflow/venv/lib/python3.11/site-packages/airflow/example_dags/example_bash_operator.py
[2024-11-06T10:55:41.936-1100] {logging_mixin.py:190} INFO - [2024-11-06T10:55:41.936-1100] {dag.py:3239} INFO - Sync 1 DAGs
[2024-11-06T10:55:41.980-1100] {logging_mixin.py:190} INFO - [2024-11-06T10:55:41.980-1100] {dag.py:4180} INFO - Setting next_dagrun for example_bash_operator to 2024-11-05 00:00:00+00:00, run_after=2024-11-06 00:00:00+00:00
[2024-11-06T10:55:42.025-1100] {processor.py:208} INFO - Processing /home/ouaillaamiri/Development/lsi_3/airflow/venv/lib/python3.11/site-packages/airflow/example_dags/example_bash_operator.py took 0.199 seconds
[2024-11-06T10:56:12.417-1100] {processor.py:186} INFO - Started process (PID=222205) to work on /home/ouaillaamiri/Development/lsi_3/airflow/venv/lib/python3.11/site-packages/airflow/example_dags/example_bash_operator.py
[2024-11-06T10:56:12.419-1100] {processor.py:914} INFO - Processing file /home/ouaillaamiri/Development/lsi_3/airflow/venv/lib/python3.11/site-packages/airflow/example_dags/example_bash_operator.py for tasks to queue
[2024-11-06T10:56:12.424-1100] {logging_mixin.py:190} INFO - [2024-11-06T10:56:12.423-1100] {dagbag.py:588} INFO - Filling up the DagBag from /home/ouaillaamiri/Development/lsi_3/airflow/venv/lib/python3.11/site-packages/airflow/example_dags/example_bash_operator.py
[2024-11-06T10:56:12.455-1100] {processor.py:925} INFO - DAG(s) 'example_bash_operator' retrieved from /home/ouaillaamiri/Development/lsi_3/airflow/venv/lib/python3.11/site-packages/airflow/example_dags/example_bash_operator.py
[2024-11-06T10:56:12.527-1100] {logging_mixin.py:190} INFO - [2024-11-06T10:56:12.526-1100] {dag.py:3239} INFO - Sync 1 DAGs
[2024-11-06T10:56:12.572-1100] {logging_mixin.py:190} INFO - [2024-11-06T10:56:12.572-1100] {dag.py:4180} INFO - Setting next_dagrun for example_bash_operator to 2024-11-05 00:00:00+00:00, run_after=2024-11-06 00:00:00+00:00
[2024-11-06T10:56:12.612-1100] {processor.py:208} INFO - Processing /home/ouaillaamiri/Development/lsi_3/airflow/venv/lib/python3.11/site-packages/airflow/example_dags/example_bash_operator.py took 0.208 seconds
[2024-11-06T10:56:48.318-1100] {processor.py:186} INFO - Started process (PID=223399) to work on /home/ouaillaamiri/Development/lsi_3/airflow/venv/lib/python3.11/site-packages/airflow/example_dags/example_bash_operator.py
[2024-11-06T10:56:48.320-1100] {processor.py:914} INFO - Processing file /home/ouaillaamiri/Development/lsi_3/airflow/venv/lib/python3.11/site-packages/airflow/example_dags/example_bash_operator.py for tasks to queue
[2024-11-06T10:56:48.324-1100] {logging_mixin.py:190} INFO - [2024-11-06T10:56:48.324-1100] {dagbag.py:588} INFO - Filling up the DagBag from /home/ouaillaamiri/Development/lsi_3/airflow/venv/lib/python3.11/site-packages/airflow/example_dags/example_bash_operator.py
[2024-11-06T10:56:48.348-1100] {processor.py:925} INFO - DAG(s) 'example_bash_operator' retrieved from /home/ouaillaamiri/Development/lsi_3/airflow/venv/lib/python3.11/site-packages/airflow/example_dags/example_bash_operator.py
[2024-11-06T10:56:48.422-1100] {logging_mixin.py:190} INFO - [2024-11-06T10:56:48.422-1100] {dag.py:3239} INFO - Sync 1 DAGs
[2024-11-06T10:56:48.468-1100] {logging_mixin.py:190} INFO - [2024-11-06T10:56:48.467-1100] {dag.py:4180} INFO - Setting next_dagrun for example_bash_operator to 2024-11-05 00:00:00+00:00, run_after=2024-11-06 00:00:00+00:00
[2024-11-06T10:56:48.504-1100] {processor.py:208} INFO - Processing /home/ouaillaamiri/Development/lsi_3/airflow/venv/lib/python3.11/site-packages/airflow/example_dags/example_bash_operator.py took 0.196 seconds
[2024-11-06T10:57:19.308-1100] {processor.py:186} INFO - Started process (PID=224602) to work on /home/ouaillaamiri/Development/lsi_3/airflow/venv/lib/python3.11/site-packages/airflow/example_dags/example_bash_operator.py
[2024-11-06T10:57:19.309-1100] {processor.py:914} INFO - Processing file /home/ouaillaamiri/Development/lsi_3/airflow/venv/lib/python3.11/site-packages/airflow/example_dags/example_bash_operator.py for tasks to queue
[2024-11-06T10:57:19.314-1100] {logging_mixin.py:190} INFO - [2024-11-06T10:57:19.313-1100] {dagbag.py:588} INFO - Filling up the DagBag from /home/ouaillaamiri/Development/lsi_3/airflow/venv/lib/python3.11/site-packages/airflow/example_dags/example_bash_operator.py
[2024-11-06T10:57:19.343-1100] {processor.py:925} INFO - DAG(s) 'example_bash_operator' retrieved from /home/ouaillaamiri/Development/lsi_3/airflow/venv/lib/python3.11/site-packages/airflow/example_dags/example_bash_operator.py
[2024-11-06T10:57:19.431-1100] {logging_mixin.py:190} INFO - [2024-11-06T10:57:19.430-1100] {dag.py:3239} INFO - Sync 1 DAGs
[2024-11-06T10:57:19.490-1100] {logging_mixin.py:190} INFO - [2024-11-06T10:57:19.489-1100] {dag.py:4180} INFO - Setting next_dagrun for example_bash_operator to 2024-11-05 00:00:00+00:00, run_after=2024-11-06 00:00:00+00:00
[2024-11-06T10:57:19.532-1100] {processor.py:208} INFO - Processing /home/ouaillaamiri/Development/lsi_3/airflow/venv/lib/python3.11/site-packages/airflow/example_dags/example_bash_operator.py took 0.234 seconds
[2024-11-06T10:57:49.700-1100] {processor.py:186} INFO - Started process (PID=225295) to work on /home/ouaillaamiri/Development/lsi_3/airflow/venv/lib/python3.11/site-packages/airflow/example_dags/example_bash_operator.py
[2024-11-06T10:57:49.702-1100] {processor.py:914} INFO - Processing file /home/ouaillaamiri/Development/lsi_3/airflow/venv/lib/python3.11/site-packages/airflow/example_dags/example_bash_operator.py for tasks to queue
[2024-11-06T10:57:49.705-1100] {logging_mixin.py:190} INFO - [2024-11-06T10:57:49.705-1100] {dagbag.py:588} INFO - Filling up the DagBag from /home/ouaillaamiri/Development/lsi_3/airflow/venv/lib/python3.11/site-packages/airflow/example_dags/example_bash_operator.py
[2024-11-06T10:57:49.728-1100] {processor.py:925} INFO - DAG(s) 'example_bash_operator' retrieved from /home/ouaillaamiri/Development/lsi_3/airflow/venv/lib/python3.11/site-packages/airflow/example_dags/example_bash_operator.py
[2024-11-06T10:57:49.798-1100] {logging_mixin.py:190} INFO - [2024-11-06T10:57:49.797-1100] {dag.py:3239} INFO - Sync 1 DAGs
[2024-11-06T10:57:49.843-1100] {logging_mixin.py:190} INFO - [2024-11-06T10:57:49.842-1100] {dag.py:4180} INFO - Setting next_dagrun for example_bash_operator to 2024-11-05 00:00:00+00:00, run_after=2024-11-06 00:00:00+00:00
[2024-11-06T10:57:49.881-1100] {processor.py:208} INFO - Processing /home/ouaillaamiri/Development/lsi_3/airflow/venv/lib/python3.11/site-packages/airflow/example_dags/example_bash_operator.py took 0.191 seconds
[2024-11-06T10:58:21.191-1100] {processor.py:186} INFO - Started process (PID=225844) to work on /home/ouaillaamiri/Development/lsi_3/airflow/venv/lib/python3.11/site-packages/airflow/example_dags/example_bash_operator.py
[2024-11-06T10:58:21.192-1100] {processor.py:914} INFO - Processing file /home/ouaillaamiri/Development/lsi_3/airflow/venv/lib/python3.11/site-packages/airflow/example_dags/example_bash_operator.py for tasks to queue
[2024-11-06T10:58:21.196-1100] {logging_mixin.py:190} INFO - [2024-11-06T10:58:21.195-1100] {dagbag.py:588} INFO - Filling up the DagBag from /home/ouaillaamiri/Development/lsi_3/airflow/venv/lib/python3.11/site-packages/airflow/example_dags/example_bash_operator.py
[2024-11-06T10:58:21.222-1100] {processor.py:925} INFO - DAG(s) 'example_bash_operator' retrieved from /home/ouaillaamiri/Development/lsi_3/airflow/venv/lib/python3.11/site-packages/airflow/example_dags/example_bash_operator.py
[2024-11-06T10:58:21.307-1100] {logging_mixin.py:190} INFO - [2024-11-06T10:58:21.307-1100] {dag.py:3239} INFO - Sync 1 DAGs
[2024-11-06T10:58:21.358-1100] {logging_mixin.py:190} INFO - [2024-11-06T10:58:21.357-1100] {dag.py:4180} INFO - Setting next_dagrun for example_bash_operator to 2024-11-05 00:00:00+00:00, run_after=2024-11-06 00:00:00+00:00
[2024-11-06T10:58:21.415-1100] {processor.py:208} INFO - Processing /home/ouaillaamiri/Development/lsi_3/airflow/venv/lib/python3.11/site-packages/airflow/example_dags/example_bash_operator.py took 0.235 seconds
[2024-11-06T10:58:52.495-1100] {processor.py:186} INFO - Started process (PID=226582) to work on /home/ouaillaamiri/Development/lsi_3/airflow/venv/lib/python3.11/site-packages/airflow/example_dags/example_bash_operator.py
[2024-11-06T10:58:52.498-1100] {processor.py:914} INFO - Processing file /home/ouaillaamiri/Development/lsi_3/airflow/venv/lib/python3.11/site-packages/airflow/example_dags/example_bash_operator.py for tasks to queue
[2024-11-06T10:58:52.503-1100] {logging_mixin.py:190} INFO - [2024-11-06T10:58:52.502-1100] {dagbag.py:588} INFO - Filling up the DagBag from /home/ouaillaamiri/Development/lsi_3/airflow/venv/lib/python3.11/site-packages/airflow/example_dags/example_bash_operator.py
[2024-11-06T10:58:52.532-1100] {processor.py:925} INFO - DAG(s) 'example_bash_operator' retrieved from /home/ouaillaamiri/Development/lsi_3/airflow/venv/lib/python3.11/site-packages/airflow/example_dags/example_bash_operator.py
[2024-11-06T10:58:52.602-1100] {logging_mixin.py:190} INFO - [2024-11-06T10:58:52.601-1100] {dag.py:3239} INFO - Sync 1 DAGs
[2024-11-06T10:58:52.647-1100] {logging_mixin.py:190} INFO - [2024-11-06T10:58:52.647-1100] {dag.py:4180} INFO - Setting next_dagrun for example_bash_operator to 2024-11-05 00:00:00+00:00, run_after=2024-11-06 00:00:00+00:00
[2024-11-06T10:58:52.685-1100] {processor.py:208} INFO - Processing /home/ouaillaamiri/Development/lsi_3/airflow/venv/lib/python3.11/site-packages/airflow/example_dags/example_bash_operator.py took 0.206 seconds
[2024-11-06T10:59:23.072-1100] {processor.py:186} INFO - Started process (PID=227271) to work on /home/ouaillaamiri/Development/lsi_3/airflow/venv/lib/python3.11/site-packages/airflow/example_dags/example_bash_operator.py
[2024-11-06T10:59:23.075-1100] {processor.py:914} INFO - Processing file /home/ouaillaamiri/Development/lsi_3/airflow/venv/lib/python3.11/site-packages/airflow/example_dags/example_bash_operator.py for tasks to queue
[2024-11-06T10:59:23.080-1100] {logging_mixin.py:190} INFO - [2024-11-06T10:59:23.079-1100] {dagbag.py:588} INFO - Filling up the DagBag from /home/ouaillaamiri/Development/lsi_3/airflow/venv/lib/python3.11/site-packages/airflow/example_dags/example_bash_operator.py
[2024-11-06T10:59:23.111-1100] {processor.py:925} INFO - DAG(s) 'example_bash_operator' retrieved from /home/ouaillaamiri/Development/lsi_3/airflow/venv/lib/python3.11/site-packages/airflow/example_dags/example_bash_operator.py
[2024-11-06T10:59:23.189-1100] {logging_mixin.py:190} INFO - [2024-11-06T10:59:23.189-1100] {dag.py:3239} INFO - Sync 1 DAGs
[2024-11-06T10:59:23.237-1100] {logging_mixin.py:190} INFO - [2024-11-06T10:59:23.236-1100] {dag.py:4180} INFO - Setting next_dagrun for example_bash_operator to 2024-11-05 00:00:00+00:00, run_after=2024-11-06 00:00:00+00:00
[2024-11-06T10:59:23.274-1100] {processor.py:208} INFO - Processing /home/ouaillaamiri/Development/lsi_3/airflow/venv/lib/python3.11/site-packages/airflow/example_dags/example_bash_operator.py took 0.217 seconds
[2024-11-06T10:59:53.409-1100] {processor.py:186} INFO - Started process (PID=227662) to work on /home/ouaillaamiri/Development/lsi_3/airflow/venv/lib/python3.11/site-packages/airflow/example_dags/example_bash_operator.py
[2024-11-06T10:59:53.410-1100] {processor.py:914} INFO - Processing file /home/ouaillaamiri/Development/lsi_3/airflow/venv/lib/python3.11/site-packages/airflow/example_dags/example_bash_operator.py for tasks to queue
[2024-11-06T10:59:53.414-1100] {logging_mixin.py:190} INFO - [2024-11-06T10:59:53.413-1100] {dagbag.py:588} INFO - Filling up the DagBag from /home/ouaillaamiri/Development/lsi_3/airflow/venv/lib/python3.11/site-packages/airflow/example_dags/example_bash_operator.py
[2024-11-06T10:59:53.441-1100] {processor.py:925} INFO - DAG(s) 'example_bash_operator' retrieved from /home/ouaillaamiri/Development/lsi_3/airflow/venv/lib/python3.11/site-packages/airflow/example_dags/example_bash_operator.py
[2024-11-06T10:59:53.509-1100] {logging_mixin.py:190} INFO - [2024-11-06T10:59:53.509-1100] {dag.py:3239} INFO - Sync 1 DAGs
[2024-11-06T10:59:53.550-1100] {logging_mixin.py:190} INFO - [2024-11-06T10:59:53.550-1100] {dag.py:4180} INFO - Setting next_dagrun for example_bash_operator to 2024-11-05 00:00:00+00:00, run_after=2024-11-06 00:00:00+00:00
[2024-11-06T10:59:53.586-1100] {processor.py:208} INFO - Processing /home/ouaillaamiri/Development/lsi_3/airflow/venv/lib/python3.11/site-packages/airflow/example_dags/example_bash_operator.py took 0.189 seconds
[2024-11-06T11:01:00.194-1100] {processor.py:186} INFO - Started process (PID=228999) to work on /home/ouaillaamiri/Development/lsi_3/airflow/venv/lib/python3.11/site-packages/airflow/example_dags/example_bash_operator.py
[2024-11-06T11:01:00.197-1100] {processor.py:914} INFO - Processing file /home/ouaillaamiri/Development/lsi_3/airflow/venv/lib/python3.11/site-packages/airflow/example_dags/example_bash_operator.py for tasks to queue
[2024-11-06T11:01:00.205-1100] {logging_mixin.py:190} INFO - [2024-11-06T11:01:00.204-1100] {dagbag.py:588} INFO - Filling up the DagBag from /home/ouaillaamiri/Development/lsi_3/airflow/venv/lib/python3.11/site-packages/airflow/example_dags/example_bash_operator.py
[2024-11-06T11:01:00.242-1100] {processor.py:925} INFO - DAG(s) 'example_bash_operator' retrieved from /home/ouaillaamiri/Development/lsi_3/airflow/venv/lib/python3.11/site-packages/airflow/example_dags/example_bash_operator.py
[2024-11-06T11:01:00.365-1100] {logging_mixin.py:190} INFO - [2024-11-06T11:01:00.364-1100] {dag.py:3239} INFO - Sync 1 DAGs
[2024-11-06T11:01:00.454-1100] {logging_mixin.py:190} INFO - [2024-11-06T11:01:00.453-1100] {dag.py:4180} INFO - Setting next_dagrun for example_bash_operator to 2024-11-05 00:00:00+00:00, run_after=2024-11-06 00:00:00+00:00
[2024-11-06T11:01:00.506-1100] {processor.py:208} INFO - Processing /home/ouaillaamiri/Development/lsi_3/airflow/venv/lib/python3.11/site-packages/airflow/example_dags/example_bash_operator.py took 0.328 seconds
[2024-11-06T11:01:31.053-1100] {processor.py:186} INFO - Started process (PID=229446) to work on /home/ouaillaamiri/Development/lsi_3/airflow/venv/lib/python3.11/site-packages/airflow/example_dags/example_bash_operator.py
[2024-11-06T11:01:31.054-1100] {processor.py:914} INFO - Processing file /home/ouaillaamiri/Development/lsi_3/airflow/venv/lib/python3.11/site-packages/airflow/example_dags/example_bash_operator.py for tasks to queue
[2024-11-06T11:01:31.059-1100] {logging_mixin.py:190} INFO - [2024-11-06T11:01:31.058-1100] {dagbag.py:588} INFO - Filling up the DagBag from /home/ouaillaamiri/Development/lsi_3/airflow/venv/lib/python3.11/site-packages/airflow/example_dags/example_bash_operator.py
[2024-11-06T11:01:31.090-1100] {processor.py:925} INFO - DAG(s) 'example_bash_operator' retrieved from /home/ouaillaamiri/Development/lsi_3/airflow/venv/lib/python3.11/site-packages/airflow/example_dags/example_bash_operator.py
[2024-11-06T11:01:31.162-1100] {logging_mixin.py:190} INFO - [2024-11-06T11:01:31.162-1100] {dag.py:3239} INFO - Sync 1 DAGs
[2024-11-06T11:01:31.204-1100] {logging_mixin.py:190} INFO - [2024-11-06T11:01:31.204-1100] {dag.py:4180} INFO - Setting next_dagrun for example_bash_operator to 2024-11-05 00:00:00+00:00, run_after=2024-11-06 00:00:00+00:00
[2024-11-06T11:01:31.252-1100] {processor.py:208} INFO - Processing /home/ouaillaamiri/Development/lsi_3/airflow/venv/lib/python3.11/site-packages/airflow/example_dags/example_bash_operator.py took 0.209 seconds
[2024-11-06T11:02:01.411-1100] {processor.py:186} INFO - Started process (PID=229815) to work on /home/ouaillaamiri/Development/lsi_3/airflow/venv/lib/python3.11/site-packages/airflow/example_dags/example_bash_operator.py
[2024-11-06T11:02:01.412-1100] {processor.py:914} INFO - Processing file /home/ouaillaamiri/Development/lsi_3/airflow/venv/lib/python3.11/site-packages/airflow/example_dags/example_bash_operator.py for tasks to queue
[2024-11-06T11:02:01.417-1100] {logging_mixin.py:190} INFO - [2024-11-06T11:02:01.416-1100] {dagbag.py:588} INFO - Filling up the DagBag from /home/ouaillaamiri/Development/lsi_3/airflow/venv/lib/python3.11/site-packages/airflow/example_dags/example_bash_operator.py
[2024-11-06T11:02:01.447-1100] {processor.py:925} INFO - DAG(s) 'example_bash_operator' retrieved from /home/ouaillaamiri/Development/lsi_3/airflow/venv/lib/python3.11/site-packages/airflow/example_dags/example_bash_operator.py
[2024-11-06T11:02:01.535-1100] {logging_mixin.py:190} INFO - [2024-11-06T11:02:01.534-1100] {dag.py:3239} INFO - Sync 1 DAGs
[2024-11-06T11:02:01.604-1100] {logging_mixin.py:190} INFO - [2024-11-06T11:02:01.604-1100] {dag.py:4180} INFO - Setting next_dagrun for example_bash_operator to 2024-11-05 00:00:00+00:00, run_after=2024-11-06 00:00:00+00:00
[2024-11-06T11:02:01.652-1100] {processor.py:208} INFO - Processing /home/ouaillaamiri/Development/lsi_3/airflow/venv/lib/python3.11/site-packages/airflow/example_dags/example_bash_operator.py took 0.255 seconds
[2024-11-06T11:02:31.904-1100] {processor.py:186} INFO - Started process (PID=230557) to work on /home/ouaillaamiri/Development/lsi_3/airflow/venv/lib/python3.11/site-packages/airflow/example_dags/example_bash_operator.py
[2024-11-06T11:02:31.906-1100] {processor.py:914} INFO - Processing file /home/ouaillaamiri/Development/lsi_3/airflow/venv/lib/python3.11/site-packages/airflow/example_dags/example_bash_operator.py for tasks to queue
[2024-11-06T11:02:31.911-1100] {logging_mixin.py:190} INFO - [2024-11-06T11:02:31.910-1100] {dagbag.py:588} INFO - Filling up the DagBag from /home/ouaillaamiri/Development/lsi_3/airflow/venv/lib/python3.11/site-packages/airflow/example_dags/example_bash_operator.py
[2024-11-06T11:02:31.943-1100] {processor.py:925} INFO - DAG(s) 'example_bash_operator' retrieved from /home/ouaillaamiri/Development/lsi_3/airflow/venv/lib/python3.11/site-packages/airflow/example_dags/example_bash_operator.py
[2024-11-06T11:02:32.024-1100] {logging_mixin.py:190} INFO - [2024-11-06T11:02:32.023-1100] {dag.py:3239} INFO - Sync 1 DAGs
[2024-11-06T11:02:32.071-1100] {logging_mixin.py:190} INFO - [2024-11-06T11:02:32.071-1100] {dag.py:4180} INFO - Setting next_dagrun for example_bash_operator to 2024-11-05 00:00:00+00:00, run_after=2024-11-06 00:00:00+00:00
[2024-11-06T11:02:32.116-1100] {processor.py:208} INFO - Processing /home/ouaillaamiri/Development/lsi_3/airflow/venv/lib/python3.11/site-packages/airflow/example_dags/example_bash_operator.py took 0.225 seconds
[2024-11-06T11:03:03.075-1100] {processor.py:186} INFO - Started process (PID=231396) to work on /home/ouaillaamiri/Development/lsi_3/airflow/venv/lib/python3.11/site-packages/airflow/example_dags/example_bash_operator.py
[2024-11-06T11:03:03.079-1100] {processor.py:914} INFO - Processing file /home/ouaillaamiri/Development/lsi_3/airflow/venv/lib/python3.11/site-packages/airflow/example_dags/example_bash_operator.py for tasks to queue
[2024-11-06T11:03:03.084-1100] {logging_mixin.py:190} INFO - [2024-11-06T11:03:03.083-1100] {dagbag.py:588} INFO - Filling up the DagBag from /home/ouaillaamiri/Development/lsi_3/airflow/venv/lib/python3.11/site-packages/airflow/example_dags/example_bash_operator.py
[2024-11-06T11:03:03.113-1100] {processor.py:925} INFO - DAG(s) 'example_bash_operator' retrieved from /home/ouaillaamiri/Development/lsi_3/airflow/venv/lib/python3.11/site-packages/airflow/example_dags/example_bash_operator.py
[2024-11-06T11:03:03.184-1100] {logging_mixin.py:190} INFO - [2024-11-06T11:03:03.183-1100] {dag.py:3239} INFO - Sync 1 DAGs
[2024-11-06T11:03:03.250-1100] {logging_mixin.py:190} INFO - [2024-11-06T11:03:03.249-1100] {dag.py:4180} INFO - Setting next_dagrun for example_bash_operator to 2024-11-05 00:00:00+00:00, run_after=2024-11-06 00:00:00+00:00
[2024-11-06T11:03:03.319-1100] {processor.py:208} INFO - Processing /home/ouaillaamiri/Development/lsi_3/airflow/venv/lib/python3.11/site-packages/airflow/example_dags/example_bash_operator.py took 0.257 seconds
[2024-11-06T11:03:34.839-1100] {processor.py:186} INFO - Started process (PID=231913) to work on /home/ouaillaamiri/Development/lsi_3/airflow/venv/lib/python3.11/site-packages/airflow/example_dags/example_bash_operator.py
[2024-11-06T11:03:34.842-1100] {processor.py:914} INFO - Processing file /home/ouaillaamiri/Development/lsi_3/airflow/venv/lib/python3.11/site-packages/airflow/example_dags/example_bash_operator.py for tasks to queue
[2024-11-06T11:03:34.846-1100] {logging_mixin.py:190} INFO - [2024-11-06T11:03:34.846-1100] {dagbag.py:588} INFO - Filling up the DagBag from /home/ouaillaamiri/Development/lsi_3/airflow/venv/lib/python3.11/site-packages/airflow/example_dags/example_bash_operator.py
[2024-11-06T11:03:34.882-1100] {processor.py:925} INFO - DAG(s) 'example_bash_operator' retrieved from /home/ouaillaamiri/Development/lsi_3/airflow/venv/lib/python3.11/site-packages/airflow/example_dags/example_bash_operator.py
[2024-11-06T11:03:34.965-1100] {logging_mixin.py:190} INFO - [2024-11-06T11:03:34.965-1100] {dag.py:3239} INFO - Sync 1 DAGs
[2024-11-06T11:03:35.034-1100] {logging_mixin.py:190} INFO - [2024-11-06T11:03:35.033-1100] {dag.py:4180} INFO - Setting next_dagrun for example_bash_operator to 2024-11-05 00:00:00+00:00, run_after=2024-11-06 00:00:00+00:00
[2024-11-06T11:03:35.091-1100] {processor.py:208} INFO - Processing /home/ouaillaamiri/Development/lsi_3/airflow/venv/lib/python3.11/site-packages/airflow/example_dags/example_bash_operator.py took 0.265 seconds
[2024-11-06T11:04:05.207-1100] {processor.py:186} INFO - Started process (PID=232433) to work on /home/ouaillaamiri/Development/lsi_3/airflow/venv/lib/python3.11/site-packages/airflow/example_dags/example_bash_operator.py
[2024-11-06T11:04:05.210-1100] {processor.py:914} INFO - Processing file /home/ouaillaamiri/Development/lsi_3/airflow/venv/lib/python3.11/site-packages/airflow/example_dags/example_bash_operator.py for tasks to queue
[2024-11-06T11:04:05.214-1100] {logging_mixin.py:190} INFO - [2024-11-06T11:04:05.214-1100] {dagbag.py:588} INFO - Filling up the DagBag from /home/ouaillaamiri/Development/lsi_3/airflow/venv/lib/python3.11/site-packages/airflow/example_dags/example_bash_operator.py
[2024-11-06T11:04:05.242-1100] {processor.py:925} INFO - DAG(s) 'example_bash_operator' retrieved from /home/ouaillaamiri/Development/lsi_3/airflow/venv/lib/python3.11/site-packages/airflow/example_dags/example_bash_operator.py
[2024-11-06T11:04:05.303-1100] {logging_mixin.py:190} INFO - [2024-11-06T11:04:05.303-1100] {dag.py:3239} INFO - Sync 1 DAGs
[2024-11-06T11:04:05.345-1100] {logging_mixin.py:190} INFO - [2024-11-06T11:04:05.345-1100] {dag.py:4180} INFO - Setting next_dagrun for example_bash_operator to 2024-11-05 00:00:00+00:00, run_after=2024-11-06 00:00:00+00:00
[2024-11-06T11:04:05.380-1100] {processor.py:208} INFO - Processing /home/ouaillaamiri/Development/lsi_3/airflow/venv/lib/python3.11/site-packages/airflow/example_dags/example_bash_operator.py took 0.188 seconds
[2024-11-06T11:04:35.560-1100] {processor.py:186} INFO - Started process (PID=232808) to work on /home/ouaillaamiri/Development/lsi_3/airflow/venv/lib/python3.11/site-packages/airflow/example_dags/example_bash_operator.py
[2024-11-06T11:04:35.562-1100] {processor.py:914} INFO - Processing file /home/ouaillaamiri/Development/lsi_3/airflow/venv/lib/python3.11/site-packages/airflow/example_dags/example_bash_operator.py for tasks to queue
[2024-11-06T11:04:35.565-1100] {logging_mixin.py:190} INFO - [2024-11-06T11:04:35.564-1100] {dagbag.py:588} INFO - Filling up the DagBag from /home/ouaillaamiri/Development/lsi_3/airflow/venv/lib/python3.11/site-packages/airflow/example_dags/example_bash_operator.py
[2024-11-06T11:04:35.589-1100] {processor.py:925} INFO - DAG(s) 'example_bash_operator' retrieved from /home/ouaillaamiri/Development/lsi_3/airflow/venv/lib/python3.11/site-packages/airflow/example_dags/example_bash_operator.py
[2024-11-06T11:04:35.661-1100] {logging_mixin.py:190} INFO - [2024-11-06T11:04:35.660-1100] {dag.py:3239} INFO - Sync 1 DAGs
[2024-11-06T11:04:35.706-1100] {logging_mixin.py:190} INFO - [2024-11-06T11:04:35.705-1100] {dag.py:4180} INFO - Setting next_dagrun for example_bash_operator to 2024-11-05 00:00:00+00:00, run_after=2024-11-06 00:00:00+00:00
[2024-11-06T11:04:35.740-1100] {processor.py:208} INFO - Processing /home/ouaillaamiri/Development/lsi_3/airflow/venv/lib/python3.11/site-packages/airflow/example_dags/example_bash_operator.py took 0.191 seconds
