[2024-11-06T10:53:37.085-1100] {processor.py:186} INFO - Started process (PID=219604) to work on /home/ouaillaamiri/Development/lsi_3/airflow/venv/lib/python3.11/site-packages/airflow/example_dags/example_kubernetes_executor.py
[2024-11-06T10:53:37.087-1100] {processor.py:914} INFO - Processing file /home/ouaillaamiri/Development/lsi_3/airflow/venv/lib/python3.11/site-packages/airflow/example_dags/example_kubernetes_executor.py for tasks to queue
[2024-11-06T10:53:37.091-1100] {logging_mixin.py:190} INFO - [2024-11-06T10:53:37.090-1100] {dagbag.py:588} INFO - Filling up the DagBag from /home/ouaillaamiri/Development/lsi_3/airflow/venv/lib/python3.11/site-packages/airflow/example_dags/example_kubernetes_executor.py
[2024-11-06T10:53:37.097-1100] {logging_mixin.py:190} INFO - [2024-11-06T10:53:37.096-1100] {example_kubernetes_executor.py:39} WARNING - The example_kubernetes_executor example DAG requires the kubernetes provider. Please install it with: pip install apache-airflow[cncf.kubernetes]
[2024-11-06T10:53:37.098-1100] {processor.py:927} WARNING - No viable dags retrieved from /home/ouaillaamiri/Development/lsi_3/airflow/venv/lib/python3.11/site-packages/airflow/example_dags/example_kubernetes_executor.py
[2024-11-06T10:53:37.153-1100] {processor.py:208} INFO - Processing /home/ouaillaamiri/Development/lsi_3/airflow/venv/lib/python3.11/site-packages/airflow/example_dags/example_kubernetes_executor.py took 0.080 seconds
[2024-11-06T10:54:08.149-1100] {processor.py:186} INFO - Started process (PID=220333) to work on /home/ouaillaamiri/Development/lsi_3/airflow/venv/lib/python3.11/site-packages/airflow/example_dags/example_kubernetes_executor.py
[2024-11-06T10:54:08.151-1100] {processor.py:914} INFO - Processing file /home/ouaillaamiri/Development/lsi_3/airflow/venv/lib/python3.11/site-packages/airflow/example_dags/example_kubernetes_executor.py for tasks to queue
[2024-11-06T10:54:08.155-1100] {logging_mixin.py:190} INFO - [2024-11-06T10:54:08.154-1100] {dagbag.py:588} INFO - Filling up the DagBag from /home/ouaillaamiri/Development/lsi_3/airflow/venv/lib/python3.11/site-packages/airflow/example_dags/example_kubernetes_executor.py
[2024-11-06T10:54:08.160-1100] {logging_mixin.py:190} INFO - [2024-11-06T10:54:08.159-1100] {example_kubernetes_executor.py:39} WARNING - The example_kubernetes_executor example DAG requires the kubernetes provider. Please install it with: pip install apache-airflow[cncf.kubernetes]
[2024-11-06T10:54:08.160-1100] {processor.py:927} WARNING - No viable dags retrieved from /home/ouaillaamiri/Development/lsi_3/airflow/venv/lib/python3.11/site-packages/airflow/example_dags/example_kubernetes_executor.py
[2024-11-06T10:54:08.201-1100] {processor.py:208} INFO - Processing /home/ouaillaamiri/Development/lsi_3/airflow/venv/lib/python3.11/site-packages/airflow/example_dags/example_kubernetes_executor.py took 0.062 seconds
[2024-11-06T10:54:38.595-1100] {processor.py:186} INFO - Started process (PID=220702) to work on /home/ouaillaamiri/Development/lsi_3/airflow/venv/lib/python3.11/site-packages/airflow/example_dags/example_kubernetes_executor.py
[2024-11-06T10:54:38.597-1100] {processor.py:914} INFO - Processing file /home/ouaillaamiri/Development/lsi_3/airflow/venv/lib/python3.11/site-packages/airflow/example_dags/example_kubernetes_executor.py for tasks to queue
[2024-11-06T10:54:38.600-1100] {logging_mixin.py:190} INFO - [2024-11-06T10:54:38.600-1100] {dagbag.py:588} INFO - Filling up the DagBag from /home/ouaillaamiri/Development/lsi_3/airflow/venv/lib/python3.11/site-packages/airflow/example_dags/example_kubernetes_executor.py
[2024-11-06T10:54:38.605-1100] {logging_mixin.py:190} INFO - [2024-11-06T10:54:38.604-1100] {example_kubernetes_executor.py:39} WARNING - The example_kubernetes_executor example DAG requires the kubernetes provider. Please install it with: pip install apache-airflow[cncf.kubernetes]
[2024-11-06T10:54:38.605-1100] {processor.py:927} WARNING - No viable dags retrieved from /home/ouaillaamiri/Development/lsi_3/airflow/venv/lib/python3.11/site-packages/airflow/example_dags/example_kubernetes_executor.py
[2024-11-06T10:54:38.656-1100] {processor.py:208} INFO - Processing /home/ouaillaamiri/Development/lsi_3/airflow/venv/lib/python3.11/site-packages/airflow/example_dags/example_kubernetes_executor.py took 0.071 seconds
[2024-11-06T10:55:09.006-1100] {processor.py:186} INFO - Started process (PID=221357) to work on /home/ouaillaamiri/Development/lsi_3/airflow/venv/lib/python3.11/site-packages/airflow/example_dags/example_kubernetes_executor.py
[2024-11-06T10:55:09.010-1100] {processor.py:914} INFO - Processing file /home/ouaillaamiri/Development/lsi_3/airflow/venv/lib/python3.11/site-packages/airflow/example_dags/example_kubernetes_executor.py for tasks to queue
[2024-11-06T10:55:09.014-1100] {logging_mixin.py:190} INFO - [2024-11-06T10:55:09.013-1100] {dagbag.py:588} INFO - Filling up the DagBag from /home/ouaillaamiri/Development/lsi_3/airflow/venv/lib/python3.11/site-packages/airflow/example_dags/example_kubernetes_executor.py
[2024-11-06T10:55:09.021-1100] {logging_mixin.py:190} INFO - [2024-11-06T10:55:09.021-1100] {example_kubernetes_executor.py:39} WARNING - The example_kubernetes_executor example DAG requires the kubernetes provider. Please install it with: pip install apache-airflow[cncf.kubernetes]
[2024-11-06T10:55:09.022-1100] {processor.py:927} WARNING - No viable dags retrieved from /home/ouaillaamiri/Development/lsi_3/airflow/venv/lib/python3.11/site-packages/airflow/example_dags/example_kubernetes_executor.py
[2024-11-06T10:55:09.080-1100] {processor.py:208} INFO - Processing /home/ouaillaamiri/Development/lsi_3/airflow/venv/lib/python3.11/site-packages/airflow/example_dags/example_kubernetes_executor.py took 0.086 seconds
[2024-11-06T10:55:39.632-1100] {processor.py:186} INFO - Started process (PID=221769) to work on /home/ouaillaamiri/Development/lsi_3/airflow/venv/lib/python3.11/site-packages/airflow/example_dags/example_kubernetes_executor.py
[2024-11-06T10:55:39.633-1100] {processor.py:914} INFO - Processing file /home/ouaillaamiri/Development/lsi_3/airflow/venv/lib/python3.11/site-packages/airflow/example_dags/example_kubernetes_executor.py for tasks to queue
[2024-11-06T10:55:39.637-1100] {logging_mixin.py:190} INFO - [2024-11-06T10:55:39.637-1100] {dagbag.py:588} INFO - Filling up the DagBag from /home/ouaillaamiri/Development/lsi_3/airflow/venv/lib/python3.11/site-packages/airflow/example_dags/example_kubernetes_executor.py
[2024-11-06T10:55:39.642-1100] {logging_mixin.py:190} INFO - [2024-11-06T10:55:39.642-1100] {example_kubernetes_executor.py:39} WARNING - The example_kubernetes_executor example DAG requires the kubernetes provider. Please install it with: pip install apache-airflow[cncf.kubernetes]
[2024-11-06T10:55:39.643-1100] {processor.py:927} WARNING - No viable dags retrieved from /home/ouaillaamiri/Development/lsi_3/airflow/venv/lib/python3.11/site-packages/airflow/example_dags/example_kubernetes_executor.py
[2024-11-06T10:55:39.691-1100] {processor.py:208} INFO - Processing /home/ouaillaamiri/Development/lsi_3/airflow/venv/lib/python3.11/site-packages/airflow/example_dags/example_kubernetes_executor.py took 0.071 seconds
[2024-11-06T10:56:10.244-1100] {processor.py:186} INFO - Started process (PID=222152) to work on /home/ouaillaamiri/Development/lsi_3/airflow/venv/lib/python3.11/site-packages/airflow/example_dags/example_kubernetes_executor.py
[2024-11-06T10:56:10.246-1100] {processor.py:914} INFO - Processing file /home/ouaillaamiri/Development/lsi_3/airflow/venv/lib/python3.11/site-packages/airflow/example_dags/example_kubernetes_executor.py for tasks to queue
[2024-11-06T10:56:10.250-1100] {logging_mixin.py:190} INFO - [2024-11-06T10:56:10.249-1100] {dagbag.py:588} INFO - Filling up the DagBag from /home/ouaillaamiri/Development/lsi_3/airflow/venv/lib/python3.11/site-packages/airflow/example_dags/example_kubernetes_executor.py
[2024-11-06T10:56:10.257-1100] {logging_mixin.py:190} INFO - [2024-11-06T10:56:10.256-1100] {example_kubernetes_executor.py:39} WARNING - The example_kubernetes_executor example DAG requires the kubernetes provider. Please install it with: pip install apache-airflow[cncf.kubernetes]
[2024-11-06T10:56:10.257-1100] {processor.py:927} WARNING - No viable dags retrieved from /home/ouaillaamiri/Development/lsi_3/airflow/venv/lib/python3.11/site-packages/airflow/example_dags/example_kubernetes_executor.py
[2024-11-06T10:56:10.304-1100] {processor.py:208} INFO - Processing /home/ouaillaamiri/Development/lsi_3/airflow/venv/lib/python3.11/site-packages/airflow/example_dags/example_kubernetes_executor.py took 0.072 seconds
[2024-11-06T10:56:47.261-1100] {processor.py:186} INFO - Started process (PID=223344) to work on /home/ouaillaamiri/Development/lsi_3/airflow/venv/lib/python3.11/site-packages/airflow/example_dags/example_kubernetes_executor.py
[2024-11-06T10:56:47.263-1100] {processor.py:914} INFO - Processing file /home/ouaillaamiri/Development/lsi_3/airflow/venv/lib/python3.11/site-packages/airflow/example_dags/example_kubernetes_executor.py for tasks to queue
[2024-11-06T10:56:47.267-1100] {logging_mixin.py:190} INFO - [2024-11-06T10:56:47.266-1100] {dagbag.py:588} INFO - Filling up the DagBag from /home/ouaillaamiri/Development/lsi_3/airflow/venv/lib/python3.11/site-packages/airflow/example_dags/example_kubernetes_executor.py
[2024-11-06T10:56:47.272-1100] {logging_mixin.py:190} INFO - [2024-11-06T10:56:47.272-1100] {example_kubernetes_executor.py:39} WARNING - The example_kubernetes_executor example DAG requires the kubernetes provider. Please install it with: pip install apache-airflow[cncf.kubernetes]
[2024-11-06T10:56:47.273-1100] {processor.py:927} WARNING - No viable dags retrieved from /home/ouaillaamiri/Development/lsi_3/airflow/venv/lib/python3.11/site-packages/airflow/example_dags/example_kubernetes_executor.py
[2024-11-06T10:56:47.322-1100] {processor.py:208} INFO - Processing /home/ouaillaamiri/Development/lsi_3/airflow/venv/lib/python3.11/site-packages/airflow/example_dags/example_kubernetes_executor.py took 0.072 seconds
[2024-11-06T10:57:17.888-1100] {processor.py:186} INFO - Started process (PID=224435) to work on /home/ouaillaamiri/Development/lsi_3/airflow/venv/lib/python3.11/site-packages/airflow/example_dags/example_kubernetes_executor.py
[2024-11-06T10:57:17.890-1100] {processor.py:914} INFO - Processing file /home/ouaillaamiri/Development/lsi_3/airflow/venv/lib/python3.11/site-packages/airflow/example_dags/example_kubernetes_executor.py for tasks to queue
[2024-11-06T10:57:17.894-1100] {logging_mixin.py:190} INFO - [2024-11-06T10:57:17.893-1100] {dagbag.py:588} INFO - Filling up the DagBag from /home/ouaillaamiri/Development/lsi_3/airflow/venv/lib/python3.11/site-packages/airflow/example_dags/example_kubernetes_executor.py
[2024-11-06T10:57:17.899-1100] {logging_mixin.py:190} INFO - [2024-11-06T10:57:17.899-1100] {example_kubernetes_executor.py:39} WARNING - The example_kubernetes_executor example DAG requires the kubernetes provider. Please install it with: pip install apache-airflow[cncf.kubernetes]
[2024-11-06T10:57:17.900-1100] {processor.py:927} WARNING - No viable dags retrieved from /home/ouaillaamiri/Development/lsi_3/airflow/venv/lib/python3.11/site-packages/airflow/example_dags/example_kubernetes_executor.py
[2024-11-06T10:57:17.947-1100] {processor.py:208} INFO - Processing /home/ouaillaamiri/Development/lsi_3/airflow/venv/lib/python3.11/site-packages/airflow/example_dags/example_kubernetes_executor.py took 0.070 seconds
[2024-11-06T10:57:48.301-1100] {processor.py:186} INFO - Started process (PID=225229) to work on /home/ouaillaamiri/Development/lsi_3/airflow/venv/lib/python3.11/site-packages/airflow/example_dags/example_kubernetes_executor.py
[2024-11-06T10:57:48.303-1100] {processor.py:914} INFO - Processing file /home/ouaillaamiri/Development/lsi_3/airflow/venv/lib/python3.11/site-packages/airflow/example_dags/example_kubernetes_executor.py for tasks to queue
[2024-11-06T10:57:48.309-1100] {logging_mixin.py:190} INFO - [2024-11-06T10:57:48.308-1100] {dagbag.py:588} INFO - Filling up the DagBag from /home/ouaillaamiri/Development/lsi_3/airflow/venv/lib/python3.11/site-packages/airflow/example_dags/example_kubernetes_executor.py
[2024-11-06T10:57:48.317-1100] {logging_mixin.py:190} INFO - [2024-11-06T10:57:48.316-1100] {example_kubernetes_executor.py:39} WARNING - The example_kubernetes_executor example DAG requires the kubernetes provider. Please install it with: pip install apache-airflow[cncf.kubernetes]
[2024-11-06T10:57:48.318-1100] {processor.py:927} WARNING - No viable dags retrieved from /home/ouaillaamiri/Development/lsi_3/airflow/venv/lib/python3.11/site-packages/airflow/example_dags/example_kubernetes_executor.py
[2024-11-06T10:57:48.368-1100] {processor.py:208} INFO - Processing /home/ouaillaamiri/Development/lsi_3/airflow/venv/lib/python3.11/site-packages/airflow/example_dags/example_kubernetes_executor.py took 0.082 seconds
[2024-11-06T10:58:19.855-1100] {processor.py:186} INFO - Started process (PID=225789) to work on /home/ouaillaamiri/Development/lsi_3/airflow/venv/lib/python3.11/site-packages/airflow/example_dags/example_kubernetes_executor.py
[2024-11-06T10:58:19.857-1100] {processor.py:914} INFO - Processing file /home/ouaillaamiri/Development/lsi_3/airflow/venv/lib/python3.11/site-packages/airflow/example_dags/example_kubernetes_executor.py for tasks to queue
[2024-11-06T10:58:19.862-1100] {logging_mixin.py:190} INFO - [2024-11-06T10:58:19.862-1100] {dagbag.py:588} INFO - Filling up the DagBag from /home/ouaillaamiri/Development/lsi_3/airflow/venv/lib/python3.11/site-packages/airflow/example_dags/example_kubernetes_executor.py
[2024-11-06T10:58:19.870-1100] {logging_mixin.py:190} INFO - [2024-11-06T10:58:19.869-1100] {example_kubernetes_executor.py:39} WARNING - The example_kubernetes_executor example DAG requires the kubernetes provider. Please install it with: pip install apache-airflow[cncf.kubernetes]
[2024-11-06T10:58:19.870-1100] {processor.py:927} WARNING - No viable dags retrieved from /home/ouaillaamiri/Development/lsi_3/airflow/venv/lib/python3.11/site-packages/airflow/example_dags/example_kubernetes_executor.py
[2024-11-06T10:58:19.934-1100] {processor.py:208} INFO - Processing /home/ouaillaamiri/Development/lsi_3/airflow/venv/lib/python3.11/site-packages/airflow/example_dags/example_kubernetes_executor.py took 0.094 seconds
[2024-11-06T10:58:50.155-1100] {processor.py:186} INFO - Started process (PID=226518) to work on /home/ouaillaamiri/Development/lsi_3/airflow/venv/lib/python3.11/site-packages/airflow/example_dags/example_kubernetes_executor.py
[2024-11-06T10:58:50.157-1100] {processor.py:914} INFO - Processing file /home/ouaillaamiri/Development/lsi_3/airflow/venv/lib/python3.11/site-packages/airflow/example_dags/example_kubernetes_executor.py for tasks to queue
[2024-11-06T10:58:50.161-1100] {logging_mixin.py:190} INFO - [2024-11-06T10:58:50.160-1100] {dagbag.py:588} INFO - Filling up the DagBag from /home/ouaillaamiri/Development/lsi_3/airflow/venv/lib/python3.11/site-packages/airflow/example_dags/example_kubernetes_executor.py
[2024-11-06T10:58:50.166-1100] {logging_mixin.py:190} INFO - [2024-11-06T10:58:50.166-1100] {example_kubernetes_executor.py:39} WARNING - The example_kubernetes_executor example DAG requires the kubernetes provider. Please install it with: pip install apache-airflow[cncf.kubernetes]
[2024-11-06T10:58:50.167-1100] {processor.py:927} WARNING - No viable dags retrieved from /home/ouaillaamiri/Development/lsi_3/airflow/venv/lib/python3.11/site-packages/airflow/example_dags/example_kubernetes_executor.py
[2024-11-06T10:58:50.212-1100] {processor.py:208} INFO - Processing /home/ouaillaamiri/Development/lsi_3/airflow/venv/lib/python3.11/site-packages/airflow/example_dags/example_kubernetes_executor.py took 0.070 seconds
[2024-11-06T10:59:20.972-1100] {processor.py:186} INFO - Started process (PID=227209) to work on /home/ouaillaamiri/Development/lsi_3/airflow/venv/lib/python3.11/site-packages/airflow/example_dags/example_kubernetes_executor.py
[2024-11-06T10:59:20.974-1100] {processor.py:914} INFO - Processing file /home/ouaillaamiri/Development/lsi_3/airflow/venv/lib/python3.11/site-packages/airflow/example_dags/example_kubernetes_executor.py for tasks to queue
[2024-11-06T10:59:20.977-1100] {logging_mixin.py:190} INFO - [2024-11-06T10:59:20.977-1100] {dagbag.py:588} INFO - Filling up the DagBag from /home/ouaillaamiri/Development/lsi_3/airflow/venv/lib/python3.11/site-packages/airflow/example_dags/example_kubernetes_executor.py
[2024-11-06T10:59:20.982-1100] {logging_mixin.py:190} INFO - [2024-11-06T10:59:20.982-1100] {example_kubernetes_executor.py:39} WARNING - The example_kubernetes_executor example DAG requires the kubernetes provider. Please install it with: pip install apache-airflow[cncf.kubernetes]
[2024-11-06T10:59:20.982-1100] {processor.py:927} WARNING - No viable dags retrieved from /home/ouaillaamiri/Development/lsi_3/airflow/venv/lib/python3.11/site-packages/airflow/example_dags/example_kubernetes_executor.py
[2024-11-06T10:59:21.031-1100] {processor.py:208} INFO - Processing /home/ouaillaamiri/Development/lsi_3/airflow/venv/lib/python3.11/site-packages/airflow/example_dags/example_kubernetes_executor.py took 0.070 seconds
[2024-11-06T10:59:52.436-1100] {processor.py:186} INFO - Started process (PID=227611) to work on /home/ouaillaamiri/Development/lsi_3/airflow/venv/lib/python3.11/site-packages/airflow/example_dags/example_kubernetes_executor.py
[2024-11-06T10:59:52.438-1100] {processor.py:914} INFO - Processing file /home/ouaillaamiri/Development/lsi_3/airflow/venv/lib/python3.11/site-packages/airflow/example_dags/example_kubernetes_executor.py for tasks to queue
[2024-11-06T10:59:52.441-1100] {logging_mixin.py:190} INFO - [2024-11-06T10:59:52.441-1100] {dagbag.py:588} INFO - Filling up the DagBag from /home/ouaillaamiri/Development/lsi_3/airflow/venv/lib/python3.11/site-packages/airflow/example_dags/example_kubernetes_executor.py
[2024-11-06T10:59:52.447-1100] {logging_mixin.py:190} INFO - [2024-11-06T10:59:52.446-1100] {example_kubernetes_executor.py:39} WARNING - The example_kubernetes_executor example DAG requires the kubernetes provider. Please install it with: pip install apache-airflow[cncf.kubernetes]
[2024-11-06T10:59:52.447-1100] {processor.py:927} WARNING - No viable dags retrieved from /home/ouaillaamiri/Development/lsi_3/airflow/venv/lib/python3.11/site-packages/airflow/example_dags/example_kubernetes_executor.py
[2024-11-06T10:59:52.500-1100] {processor.py:208} INFO - Processing /home/ouaillaamiri/Development/lsi_3/airflow/venv/lib/python3.11/site-packages/airflow/example_dags/example_kubernetes_executor.py took 0.074 seconds
[2024-11-06T11:00:58.871-1100] {processor.py:186} INFO - Started process (PID=228850) to work on /home/ouaillaamiri/Development/lsi_3/airflow/venv/lib/python3.11/site-packages/airflow/example_dags/example_kubernetes_executor.py
[2024-11-06T11:00:58.873-1100] {processor.py:914} INFO - Processing file /home/ouaillaamiri/Development/lsi_3/airflow/venv/lib/python3.11/site-packages/airflow/example_dags/example_kubernetes_executor.py for tasks to queue
[2024-11-06T11:00:58.877-1100] {logging_mixin.py:190} INFO - [2024-11-06T11:00:58.876-1100] {dagbag.py:588} INFO - Filling up the DagBag from /home/ouaillaamiri/Development/lsi_3/airflow/venv/lib/python3.11/site-packages/airflow/example_dags/example_kubernetes_executor.py
[2024-11-06T11:00:58.883-1100] {logging_mixin.py:190} INFO - [2024-11-06T11:00:58.883-1100] {example_kubernetes_executor.py:39} WARNING - The example_kubernetes_executor example DAG requires the kubernetes provider. Please install it with: pip install apache-airflow[cncf.kubernetes]
[2024-11-06T11:00:58.884-1100] {processor.py:927} WARNING - No viable dags retrieved from /home/ouaillaamiri/Development/lsi_3/airflow/venv/lib/python3.11/site-packages/airflow/example_dags/example_kubernetes_executor.py
[2024-11-06T11:00:58.947-1100] {processor.py:208} INFO - Processing /home/ouaillaamiri/Development/lsi_3/airflow/venv/lib/python3.11/site-packages/airflow/example_dags/example_kubernetes_executor.py took 0.089 seconds
[2024-11-06T11:01:29.783-1100] {processor.py:186} INFO - Started process (PID=229391) to work on /home/ouaillaamiri/Development/lsi_3/airflow/venv/lib/python3.11/site-packages/airflow/example_dags/example_kubernetes_executor.py
[2024-11-06T11:01:29.785-1100] {processor.py:914} INFO - Processing file /home/ouaillaamiri/Development/lsi_3/airflow/venv/lib/python3.11/site-packages/airflow/example_dags/example_kubernetes_executor.py for tasks to queue
[2024-11-06T11:01:29.789-1100] {logging_mixin.py:190} INFO - [2024-11-06T11:01:29.789-1100] {dagbag.py:588} INFO - Filling up the DagBag from /home/ouaillaamiri/Development/lsi_3/airflow/venv/lib/python3.11/site-packages/airflow/example_dags/example_kubernetes_executor.py
[2024-11-06T11:01:29.795-1100] {logging_mixin.py:190} INFO - [2024-11-06T11:01:29.794-1100] {example_kubernetes_executor.py:39} WARNING - The example_kubernetes_executor example DAG requires the kubernetes provider. Please install it with: pip install apache-airflow[cncf.kubernetes]
[2024-11-06T11:01:29.795-1100] {processor.py:927} WARNING - No viable dags retrieved from /home/ouaillaamiri/Development/lsi_3/airflow/venv/lib/python3.11/site-packages/airflow/example_dags/example_kubernetes_executor.py
[2024-11-06T11:01:29.839-1100] {processor.py:208} INFO - Processing /home/ouaillaamiri/Development/lsi_3/airflow/venv/lib/python3.11/site-packages/airflow/example_dags/example_kubernetes_executor.py took 0.068 seconds
[2024-11-06T11:02:00.184-1100] {processor.py:186} INFO - Started process (PID=229765) to work on /home/ouaillaamiri/Development/lsi_3/airflow/venv/lib/python3.11/site-packages/airflow/example_dags/example_kubernetes_executor.py
[2024-11-06T11:02:00.185-1100] {processor.py:914} INFO - Processing file /home/ouaillaamiri/Development/lsi_3/airflow/venv/lib/python3.11/site-packages/airflow/example_dags/example_kubernetes_executor.py for tasks to queue
[2024-11-06T11:02:00.190-1100] {logging_mixin.py:190} INFO - [2024-11-06T11:02:00.189-1100] {dagbag.py:588} INFO - Filling up the DagBag from /home/ouaillaamiri/Development/lsi_3/airflow/venv/lib/python3.11/site-packages/airflow/example_dags/example_kubernetes_executor.py
[2024-11-06T11:02:00.195-1100] {logging_mixin.py:190} INFO - [2024-11-06T11:02:00.195-1100] {example_kubernetes_executor.py:39} WARNING - The example_kubernetes_executor example DAG requires the kubernetes provider. Please install it with: pip install apache-airflow[cncf.kubernetes]
[2024-11-06T11:02:00.196-1100] {processor.py:927} WARNING - No viable dags retrieved from /home/ouaillaamiri/Development/lsi_3/airflow/venv/lib/python3.11/site-packages/airflow/example_dags/example_kubernetes_executor.py
[2024-11-06T11:02:00.258-1100] {processor.py:208} INFO - Processing /home/ouaillaamiri/Development/lsi_3/airflow/venv/lib/python3.11/site-packages/airflow/example_dags/example_kubernetes_executor.py took 0.089 seconds
[2024-11-06T11:02:30.489-1100] {processor.py:186} INFO - Started process (PID=230406) to work on /home/ouaillaamiri/Development/lsi_3/airflow/venv/lib/python3.11/site-packages/airflow/example_dags/example_kubernetes_executor.py
[2024-11-06T11:02:30.491-1100] {processor.py:914} INFO - Processing file /home/ouaillaamiri/Development/lsi_3/airflow/venv/lib/python3.11/site-packages/airflow/example_dags/example_kubernetes_executor.py for tasks to queue
[2024-11-06T11:02:30.494-1100] {logging_mixin.py:190} INFO - [2024-11-06T11:02:30.493-1100] {dagbag.py:588} INFO - Filling up the DagBag from /home/ouaillaamiri/Development/lsi_3/airflow/venv/lib/python3.11/site-packages/airflow/example_dags/example_kubernetes_executor.py
[2024-11-06T11:02:30.498-1100] {logging_mixin.py:190} INFO - [2024-11-06T11:02:30.498-1100] {example_kubernetes_executor.py:39} WARNING - The example_kubernetes_executor example DAG requires the kubernetes provider. Please install it with: pip install apache-airflow[cncf.kubernetes]
[2024-11-06T11:02:30.498-1100] {processor.py:927} WARNING - No viable dags retrieved from /home/ouaillaamiri/Development/lsi_3/airflow/venv/lib/python3.11/site-packages/airflow/example_dags/example_kubernetes_executor.py
[2024-11-06T11:02:30.561-1100] {processor.py:208} INFO - Processing /home/ouaillaamiri/Development/lsi_3/airflow/venv/lib/python3.11/site-packages/airflow/example_dags/example_kubernetes_executor.py took 0.082 seconds
[2024-11-06T11:03:01.577-1100] {processor.py:186} INFO - Started process (PID=231342) to work on /home/ouaillaamiri/Development/lsi_3/airflow/venv/lib/python3.11/site-packages/airflow/example_dags/example_kubernetes_executor.py
[2024-11-06T11:03:01.580-1100] {processor.py:914} INFO - Processing file /home/ouaillaamiri/Development/lsi_3/airflow/venv/lib/python3.11/site-packages/airflow/example_dags/example_kubernetes_executor.py for tasks to queue
[2024-11-06T11:03:01.584-1100] {logging_mixin.py:190} INFO - [2024-11-06T11:03:01.583-1100] {dagbag.py:588} INFO - Filling up the DagBag from /home/ouaillaamiri/Development/lsi_3/airflow/venv/lib/python3.11/site-packages/airflow/example_dags/example_kubernetes_executor.py
[2024-11-06T11:03:01.590-1100] {logging_mixin.py:190} INFO - [2024-11-06T11:03:01.590-1100] {example_kubernetes_executor.py:39} WARNING - The example_kubernetes_executor example DAG requires the kubernetes provider. Please install it with: pip install apache-airflow[cncf.kubernetes]
[2024-11-06T11:03:01.591-1100] {processor.py:927} WARNING - No viable dags retrieved from /home/ouaillaamiri/Development/lsi_3/airflow/venv/lib/python3.11/site-packages/airflow/example_dags/example_kubernetes_executor.py
[2024-11-06T11:03:01.641-1100] {processor.py:208} INFO - Processing /home/ouaillaamiri/Development/lsi_3/airflow/venv/lib/python3.11/site-packages/airflow/example_dags/example_kubernetes_executor.py took 0.077 seconds
[2024-11-06T11:03:33.288-1100] {processor.py:186} INFO - Started process (PID=231858) to work on /home/ouaillaamiri/Development/lsi_3/airflow/venv/lib/python3.11/site-packages/airflow/example_dags/example_kubernetes_executor.py
[2024-11-06T11:03:33.290-1100] {processor.py:914} INFO - Processing file /home/ouaillaamiri/Development/lsi_3/airflow/venv/lib/python3.11/site-packages/airflow/example_dags/example_kubernetes_executor.py for tasks to queue
[2024-11-06T11:03:33.297-1100] {logging_mixin.py:190} INFO - [2024-11-06T11:03:33.296-1100] {dagbag.py:588} INFO - Filling up the DagBag from /home/ouaillaamiri/Development/lsi_3/airflow/venv/lib/python3.11/site-packages/airflow/example_dags/example_kubernetes_executor.py
[2024-11-06T11:03:33.306-1100] {logging_mixin.py:190} INFO - [2024-11-06T11:03:33.305-1100] {example_kubernetes_executor.py:39} WARNING - The example_kubernetes_executor example DAG requires the kubernetes provider. Please install it with: pip install apache-airflow[cncf.kubernetes]
[2024-11-06T11:03:33.307-1100] {processor.py:927} WARNING - No viable dags retrieved from /home/ouaillaamiri/Development/lsi_3/airflow/venv/lib/python3.11/site-packages/airflow/example_dags/example_kubernetes_executor.py
[2024-11-06T11:03:33.395-1100] {processor.py:208} INFO - Processing /home/ouaillaamiri/Development/lsi_3/airflow/venv/lib/python3.11/site-packages/airflow/example_dags/example_kubernetes_executor.py took 0.128 seconds
[2024-11-06T11:04:04.155-1100] {processor.py:186} INFO - Started process (PID=232384) to work on /home/ouaillaamiri/Development/lsi_3/airflow/venv/lib/python3.11/site-packages/airflow/example_dags/example_kubernetes_executor.py
[2024-11-06T11:04:04.157-1100] {processor.py:914} INFO - Processing file /home/ouaillaamiri/Development/lsi_3/airflow/venv/lib/python3.11/site-packages/airflow/example_dags/example_kubernetes_executor.py for tasks to queue
[2024-11-06T11:04:04.160-1100] {logging_mixin.py:190} INFO - [2024-11-06T11:04:04.159-1100] {dagbag.py:588} INFO - Filling up the DagBag from /home/ouaillaamiri/Development/lsi_3/airflow/venv/lib/python3.11/site-packages/airflow/example_dags/example_kubernetes_executor.py
[2024-11-06T11:04:04.164-1100] {logging_mixin.py:190} INFO - [2024-11-06T11:04:04.164-1100] {example_kubernetes_executor.py:39} WARNING - The example_kubernetes_executor example DAG requires the kubernetes provider. Please install it with: pip install apache-airflow[cncf.kubernetes]
[2024-11-06T11:04:04.164-1100] {processor.py:927} WARNING - No viable dags retrieved from /home/ouaillaamiri/Development/lsi_3/airflow/venv/lib/python3.11/site-packages/airflow/example_dags/example_kubernetes_executor.py
[2024-11-06T11:04:04.207-1100] {processor.py:208} INFO - Processing /home/ouaillaamiri/Development/lsi_3/airflow/venv/lib/python3.11/site-packages/airflow/example_dags/example_kubernetes_executor.py took 0.062 seconds
[2024-11-06T11:04:34.599-1100] {processor.py:186} INFO - Started process (PID=232763) to work on /home/ouaillaamiri/Development/lsi_3/airflow/venv/lib/python3.11/site-packages/airflow/example_dags/example_kubernetes_executor.py
[2024-11-06T11:04:34.601-1100] {processor.py:914} INFO - Processing file /home/ouaillaamiri/Development/lsi_3/airflow/venv/lib/python3.11/site-packages/airflow/example_dags/example_kubernetes_executor.py for tasks to queue
[2024-11-06T11:04:34.605-1100] {logging_mixin.py:190} INFO - [2024-11-06T11:04:34.605-1100] {dagbag.py:588} INFO - Filling up the DagBag from /home/ouaillaamiri/Development/lsi_3/airflow/venv/lib/python3.11/site-packages/airflow/example_dags/example_kubernetes_executor.py
[2024-11-06T11:04:34.610-1100] {logging_mixin.py:190} INFO - [2024-11-06T11:04:34.610-1100] {example_kubernetes_executor.py:39} WARNING - The example_kubernetes_executor example DAG requires the kubernetes provider. Please install it with: pip install apache-airflow[cncf.kubernetes]
[2024-11-06T11:04:34.611-1100] {processor.py:927} WARNING - No viable dags retrieved from /home/ouaillaamiri/Development/lsi_3/airflow/venv/lib/python3.11/site-packages/airflow/example_dags/example_kubernetes_executor.py
[2024-11-06T11:04:34.657-1100] {processor.py:208} INFO - Processing /home/ouaillaamiri/Development/lsi_3/airflow/venv/lib/python3.11/site-packages/airflow/example_dags/example_kubernetes_executor.py took 0.069 seconds
