[2024-11-06T10:53:34.823-1100] {processor.py:186} INFO - Started process (PID=219479) to work on /home/ouaillaamiri/Development/lsi_3/airflow/venv/lib/python3.11/site-packages/airflow/example_dags/example_complex.py
[2024-11-06T10:53:34.824-1100] {processor.py:914} INFO - Processing file /home/ouaillaamiri/Development/lsi_3/airflow/venv/lib/python3.11/site-packages/airflow/example_dags/example_complex.py for tasks to queue
[2024-11-06T10:53:34.829-1100] {logging_mixin.py:190} INFO - [2024-11-06T10:53:34.828-1100] {dagbag.py:588} INFO - Filling up the DagBag from /home/ouaillaamiri/Development/lsi_3/airflow/venv/lib/python3.11/site-packages/airflow/example_dags/example_complex.py
[2024-11-06T10:53:34.852-1100] {processor.py:925} INFO - DAG(s) 'example_complex' retrieved from /home/ouaillaamiri/Development/lsi_3/airflow/venv/lib/python3.11/site-packages/airflow/example_dags/example_complex.py
[2024-11-06T10:53:35.081-1100] {logging_mixin.py:190} INFO - [2024-11-06T10:53:35.079-1100] {override.py:1911} INFO - Created Permission View: can edit on DAG:example_complex
[2024-11-06T10:53:35.100-1100] {logging_mixin.py:190} INFO - [2024-11-06T10:53:35.099-1100] {override.py:1911} INFO - Created Permission View: can delete on DAG:example_complex
[2024-11-06T10:53:35.112-1100] {logging_mixin.py:190} INFO - [2024-11-06T10:53:35.112-1100] {override.py:1911} INFO - Created Permission View: can read on DAG:example_complex
[2024-11-06T10:53:35.127-1100] {logging_mixin.py:190} INFO - [2024-11-06T10:53:35.126-1100] {override.py:1911} INFO - Created Permission View: can delete on DAG Run:example_complex
[2024-11-06T10:53:35.141-1100] {logging_mixin.py:190} INFO - [2024-11-06T10:53:35.140-1100] {override.py:1911} INFO - Created Permission View: can create on DAG Run:example_complex
[2024-11-06T10:53:35.154-1100] {logging_mixin.py:190} INFO - [2024-11-06T10:53:35.153-1100] {override.py:1911} INFO - Created Permission View: menu access on DAG Run:example_complex
[2024-11-06T10:53:35.166-1100] {logging_mixin.py:190} INFO - [2024-11-06T10:53:35.166-1100] {override.py:1911} INFO - Created Permission View: can read on DAG Run:example_complex
[2024-11-06T10:53:35.167-1100] {logging_mixin.py:190} INFO - [2024-11-06T10:53:35.167-1100] {dag.py:3239} INFO - Sync 1 DAGs
[2024-11-06T10:53:35.192-1100] {logging_mixin.py:190} INFO - [2024-11-06T10:53:35.191-1100] {dag.py:3262} INFO - Creating ORM DAG for example_complex
[2024-11-06T10:53:35.193-1100] {logging_mixin.py:190} INFO - [2024-11-06T10:53:35.193-1100] {dag.py:4180} INFO - Setting next_dagrun for example_complex to None, run_after=None
[2024-11-06T10:53:35.227-1100] {processor.py:208} INFO - Processing /home/ouaillaamiri/Development/lsi_3/airflow/venv/lib/python3.11/site-packages/airflow/example_dags/example_complex.py took 0.414 seconds
[2024-11-06T10:54:05.357-1100] {processor.py:186} INFO - Started process (PID=220292) to work on /home/ouaillaamiri/Development/lsi_3/airflow/venv/lib/python3.11/site-packages/airflow/example_dags/example_complex.py
[2024-11-06T10:54:05.359-1100] {processor.py:914} INFO - Processing file /home/ouaillaamiri/Development/lsi_3/airflow/venv/lib/python3.11/site-packages/airflow/example_dags/example_complex.py for tasks to queue
[2024-11-06T10:54:05.364-1100] {logging_mixin.py:190} INFO - [2024-11-06T10:54:05.363-1100] {dagbag.py:588} INFO - Filling up the DagBag from /home/ouaillaamiri/Development/lsi_3/airflow/venv/lib/python3.11/site-packages/airflow/example_dags/example_complex.py
[2024-11-06T10:54:05.388-1100] {processor.py:925} INFO - DAG(s) 'example_complex' retrieved from /home/ouaillaamiri/Development/lsi_3/airflow/venv/lib/python3.11/site-packages/airflow/example_dags/example_complex.py
[2024-11-06T10:54:05.467-1100] {logging_mixin.py:190} INFO - [2024-11-06T10:54:05.467-1100] {dag.py:3239} INFO - Sync 1 DAGs
[2024-11-06T10:54:05.496-1100] {logging_mixin.py:190} INFO - [2024-11-06T10:54:05.496-1100] {dag.py:4180} INFO - Setting next_dagrun for example_complex to None, run_after=None
[2024-11-06T10:54:05.546-1100] {processor.py:208} INFO - Processing /home/ouaillaamiri/Development/lsi_3/airflow/venv/lib/python3.11/site-packages/airflow/example_dags/example_complex.py took 0.202 seconds
[2024-11-06T10:54:35.761-1100] {processor.py:186} INFO - Started process (PID=220661) to work on /home/ouaillaamiri/Development/lsi_3/airflow/venv/lib/python3.11/site-packages/airflow/example_dags/example_complex.py
[2024-11-06T10:54:35.762-1100] {processor.py:914} INFO - Processing file /home/ouaillaamiri/Development/lsi_3/airflow/venv/lib/python3.11/site-packages/airflow/example_dags/example_complex.py for tasks to queue
[2024-11-06T10:54:35.766-1100] {logging_mixin.py:190} INFO - [2024-11-06T10:54:35.765-1100] {dagbag.py:588} INFO - Filling up the DagBag from /home/ouaillaamiri/Development/lsi_3/airflow/venv/lib/python3.11/site-packages/airflow/example_dags/example_complex.py
[2024-11-06T10:54:35.785-1100] {processor.py:925} INFO - DAG(s) 'example_complex' retrieved from /home/ouaillaamiri/Development/lsi_3/airflow/venv/lib/python3.11/site-packages/airflow/example_dags/example_complex.py
[2024-11-06T10:54:35.853-1100] {logging_mixin.py:190} INFO - [2024-11-06T10:54:35.853-1100] {dag.py:3239} INFO - Sync 1 DAGs
[2024-11-06T10:54:35.877-1100] {logging_mixin.py:190} INFO - [2024-11-06T10:54:35.876-1100] {dag.py:4180} INFO - Setting next_dagrun for example_complex to None, run_after=None
[2024-11-06T10:54:35.912-1100] {processor.py:208} INFO - Processing /home/ouaillaamiri/Development/lsi_3/airflow/venv/lib/python3.11/site-packages/airflow/example_dags/example_complex.py took 0.161 seconds
[2024-11-06T10:55:06.863-1100] {processor.py:186} INFO - Started process (PID=221201) to work on /home/ouaillaamiri/Development/lsi_3/airflow/venv/lib/python3.11/site-packages/airflow/example_dags/example_complex.py
[2024-11-06T10:55:06.865-1100] {processor.py:914} INFO - Processing file /home/ouaillaamiri/Development/lsi_3/airflow/venv/lib/python3.11/site-packages/airflow/example_dags/example_complex.py for tasks to queue
[2024-11-06T10:55:06.868-1100] {logging_mixin.py:190} INFO - [2024-11-06T10:55:06.868-1100] {dagbag.py:588} INFO - Filling up the DagBag from /home/ouaillaamiri/Development/lsi_3/airflow/venv/lib/python3.11/site-packages/airflow/example_dags/example_complex.py
[2024-11-06T10:55:06.892-1100] {processor.py:925} INFO - DAG(s) 'example_complex' retrieved from /home/ouaillaamiri/Development/lsi_3/airflow/venv/lib/python3.11/site-packages/airflow/example_dags/example_complex.py
[2024-11-06T10:55:06.971-1100] {logging_mixin.py:190} INFO - [2024-11-06T10:55:06.970-1100] {dag.py:3239} INFO - Sync 1 DAGs
[2024-11-06T10:55:07.003-1100] {logging_mixin.py:190} INFO - [2024-11-06T10:55:07.003-1100] {dag.py:4180} INFO - Setting next_dagrun for example_complex to None, run_after=None
[2024-11-06T10:55:07.041-1100] {processor.py:208} INFO - Processing /home/ouaillaamiri/Development/lsi_3/airflow/venv/lib/python3.11/site-packages/airflow/example_dags/example_complex.py took 0.190 seconds
[2024-11-06T10:55:37.184-1100] {processor.py:186} INFO - Started process (PID=221729) to work on /home/ouaillaamiri/Development/lsi_3/airflow/venv/lib/python3.11/site-packages/airflow/example_dags/example_complex.py
[2024-11-06T10:55:37.186-1100] {processor.py:914} INFO - Processing file /home/ouaillaamiri/Development/lsi_3/airflow/venv/lib/python3.11/site-packages/airflow/example_dags/example_complex.py for tasks to queue
[2024-11-06T10:55:37.190-1100] {logging_mixin.py:190} INFO - [2024-11-06T10:55:37.190-1100] {dagbag.py:588} INFO - Filling up the DagBag from /home/ouaillaamiri/Development/lsi_3/airflow/venv/lib/python3.11/site-packages/airflow/example_dags/example_complex.py
[2024-11-06T10:55:37.212-1100] {processor.py:925} INFO - DAG(s) 'example_complex' retrieved from /home/ouaillaamiri/Development/lsi_3/airflow/venv/lib/python3.11/site-packages/airflow/example_dags/example_complex.py
[2024-11-06T10:55:37.279-1100] {logging_mixin.py:190} INFO - [2024-11-06T10:55:37.278-1100] {dag.py:3239} INFO - Sync 1 DAGs
[2024-11-06T10:55:37.301-1100] {logging_mixin.py:190} INFO - [2024-11-06T10:55:37.301-1100] {dag.py:4180} INFO - Setting next_dagrun for example_complex to None, run_after=None
[2024-11-06T10:55:37.337-1100] {processor.py:208} INFO - Processing /home/ouaillaamiri/Development/lsi_3/airflow/venv/lib/python3.11/site-packages/airflow/example_dags/example_complex.py took 0.165 seconds
[2024-11-06T10:56:07.900-1100] {processor.py:186} INFO - Started process (PID=222114) to work on /home/ouaillaamiri/Development/lsi_3/airflow/venv/lib/python3.11/site-packages/airflow/example_dags/example_complex.py
[2024-11-06T10:56:07.901-1100] {processor.py:914} INFO - Processing file /home/ouaillaamiri/Development/lsi_3/airflow/venv/lib/python3.11/site-packages/airflow/example_dags/example_complex.py for tasks to queue
[2024-11-06T10:56:07.906-1100] {logging_mixin.py:190} INFO - [2024-11-06T10:56:07.906-1100] {dagbag.py:588} INFO - Filling up the DagBag from /home/ouaillaamiri/Development/lsi_3/airflow/venv/lib/python3.11/site-packages/airflow/example_dags/example_complex.py
[2024-11-06T10:56:07.930-1100] {processor.py:925} INFO - DAG(s) 'example_complex' retrieved from /home/ouaillaamiri/Development/lsi_3/airflow/venv/lib/python3.11/site-packages/airflow/example_dags/example_complex.py
[2024-11-06T10:56:08.002-1100] {logging_mixin.py:190} INFO - [2024-11-06T10:56:08.001-1100] {dag.py:3239} INFO - Sync 1 DAGs
[2024-11-06T10:56:08.031-1100] {logging_mixin.py:190} INFO - [2024-11-06T10:56:08.030-1100] {dag.py:4180} INFO - Setting next_dagrun for example_complex to None, run_after=None
[2024-11-06T10:56:08.080-1100] {processor.py:208} INFO - Processing /home/ouaillaamiri/Development/lsi_3/airflow/venv/lib/python3.11/site-packages/airflow/example_dags/example_complex.py took 0.193 seconds
[2024-11-06T10:56:46.377-1100] {processor.py:186} INFO - Started process (PID=223310) to work on /home/ouaillaamiri/Development/lsi_3/airflow/venv/lib/python3.11/site-packages/airflow/example_dags/example_complex.py
[2024-11-06T10:56:46.381-1100] {processor.py:914} INFO - Processing file /home/ouaillaamiri/Development/lsi_3/airflow/venv/lib/python3.11/site-packages/airflow/example_dags/example_complex.py for tasks to queue
[2024-11-06T10:56:46.384-1100] {logging_mixin.py:190} INFO - [2024-11-06T10:56:46.384-1100] {dagbag.py:588} INFO - Filling up the DagBag from /home/ouaillaamiri/Development/lsi_3/airflow/venv/lib/python3.11/site-packages/airflow/example_dags/example_complex.py
[2024-11-06T10:56:46.403-1100] {processor.py:925} INFO - DAG(s) 'example_complex' retrieved from /home/ouaillaamiri/Development/lsi_3/airflow/venv/lib/python3.11/site-packages/airflow/example_dags/example_complex.py
[2024-11-06T10:56:46.474-1100] {logging_mixin.py:190} INFO - [2024-11-06T10:56:46.474-1100] {dag.py:3239} INFO - Sync 1 DAGs
[2024-11-06T10:56:46.499-1100] {logging_mixin.py:190} INFO - [2024-11-06T10:56:46.499-1100] {dag.py:4180} INFO - Setting next_dagrun for example_complex to None, run_after=None
[2024-11-06T10:56:46.534-1100] {processor.py:208} INFO - Processing /home/ouaillaamiri/Development/lsi_3/airflow/venv/lib/python3.11/site-packages/airflow/example_dags/example_complex.py took 0.165 seconds
[2024-11-06T10:57:17.266-1100] {processor.py:186} INFO - Started process (PID=224355) to work on /home/ouaillaamiri/Development/lsi_3/airflow/venv/lib/python3.11/site-packages/airflow/example_dags/example_complex.py
[2024-11-06T10:57:17.268-1100] {processor.py:914} INFO - Processing file /home/ouaillaamiri/Development/lsi_3/airflow/venv/lib/python3.11/site-packages/airflow/example_dags/example_complex.py for tasks to queue
[2024-11-06T10:57:17.272-1100] {logging_mixin.py:190} INFO - [2024-11-06T10:57:17.271-1100] {dagbag.py:588} INFO - Filling up the DagBag from /home/ouaillaamiri/Development/lsi_3/airflow/venv/lib/python3.11/site-packages/airflow/example_dags/example_complex.py
[2024-11-06T10:57:17.301-1100] {processor.py:925} INFO - DAG(s) 'example_complex' retrieved from /home/ouaillaamiri/Development/lsi_3/airflow/venv/lib/python3.11/site-packages/airflow/example_dags/example_complex.py
[2024-11-06T10:57:17.412-1100] {logging_mixin.py:190} INFO - [2024-11-06T10:57:17.412-1100] {dag.py:3239} INFO - Sync 1 DAGs
[2024-11-06T10:57:17.455-1100] {logging_mixin.py:190} INFO - [2024-11-06T10:57:17.455-1100] {dag.py:4180} INFO - Setting next_dagrun for example_complex to None, run_after=None
[2024-11-06T10:57:17.507-1100] {processor.py:208} INFO - Processing /home/ouaillaamiri/Development/lsi_3/airflow/venv/lib/python3.11/site-packages/airflow/example_dags/example_complex.py took 0.255 seconds
[2024-11-06T10:57:47.782-1100] {processor.py:186} INFO - Started process (PID=225195) to work on /home/ouaillaamiri/Development/lsi_3/airflow/venv/lib/python3.11/site-packages/airflow/example_dags/example_complex.py
[2024-11-06T10:57:47.784-1100] {processor.py:914} INFO - Processing file /home/ouaillaamiri/Development/lsi_3/airflow/venv/lib/python3.11/site-packages/airflow/example_dags/example_complex.py for tasks to queue
[2024-11-06T10:57:47.788-1100] {logging_mixin.py:190} INFO - [2024-11-06T10:57:47.788-1100] {dagbag.py:588} INFO - Filling up the DagBag from /home/ouaillaamiri/Development/lsi_3/airflow/venv/lib/python3.11/site-packages/airflow/example_dags/example_complex.py
[2024-11-06T10:57:47.812-1100] {processor.py:925} INFO - DAG(s) 'example_complex' retrieved from /home/ouaillaamiri/Development/lsi_3/airflow/venv/lib/python3.11/site-packages/airflow/example_dags/example_complex.py
[2024-11-06T10:57:47.885-1100] {logging_mixin.py:190} INFO - [2024-11-06T10:57:47.885-1100] {dag.py:3239} INFO - Sync 1 DAGs
[2024-11-06T10:57:47.910-1100] {logging_mixin.py:190} INFO - [2024-11-06T10:57:47.910-1100] {dag.py:4180} INFO - Setting next_dagrun for example_complex to None, run_after=None
[2024-11-06T10:57:47.952-1100] {processor.py:208} INFO - Processing /home/ouaillaamiri/Development/lsi_3/airflow/venv/lib/python3.11/site-packages/airflow/example_dags/example_complex.py took 0.181 seconds
[2024-11-06T10:58:19.033-1100] {processor.py:186} INFO - Started process (PID=225762) to work on /home/ouaillaamiri/Development/lsi_3/airflow/venv/lib/python3.11/site-packages/airflow/example_dags/example_complex.py
[2024-11-06T10:58:19.035-1100] {processor.py:914} INFO - Processing file /home/ouaillaamiri/Development/lsi_3/airflow/venv/lib/python3.11/site-packages/airflow/example_dags/example_complex.py for tasks to queue
[2024-11-06T10:58:19.039-1100] {logging_mixin.py:190} INFO - [2024-11-06T10:58:19.038-1100] {dagbag.py:588} INFO - Filling up the DagBag from /home/ouaillaamiri/Development/lsi_3/airflow/venv/lib/python3.11/site-packages/airflow/example_dags/example_complex.py
[2024-11-06T10:58:19.063-1100] {processor.py:925} INFO - DAG(s) 'example_complex' retrieved from /home/ouaillaamiri/Development/lsi_3/airflow/venv/lib/python3.11/site-packages/airflow/example_dags/example_complex.py
[2024-11-06T10:58:19.157-1100] {logging_mixin.py:190} INFO - [2024-11-06T10:58:19.157-1100] {dag.py:3239} INFO - Sync 1 DAGs
[2024-11-06T10:58:19.186-1100] {logging_mixin.py:190} INFO - [2024-11-06T10:58:19.185-1100] {dag.py:4180} INFO - Setting next_dagrun for example_complex to None, run_after=None
[2024-11-06T10:58:19.219-1100] {processor.py:208} INFO - Processing /home/ouaillaamiri/Development/lsi_3/airflow/venv/lib/python3.11/site-packages/airflow/example_dags/example_complex.py took 0.196 seconds
[2024-11-06T10:58:49.450-1100] {processor.py:186} INFO - Started process (PID=226487) to work on /home/ouaillaamiri/Development/lsi_3/airflow/venv/lib/python3.11/site-packages/airflow/example_dags/example_complex.py
[2024-11-06T10:58:49.453-1100] {processor.py:914} INFO - Processing file /home/ouaillaamiri/Development/lsi_3/airflow/venv/lib/python3.11/site-packages/airflow/example_dags/example_complex.py for tasks to queue
[2024-11-06T10:58:49.457-1100] {logging_mixin.py:190} INFO - [2024-11-06T10:58:49.456-1100] {dagbag.py:588} INFO - Filling up the DagBag from /home/ouaillaamiri/Development/lsi_3/airflow/venv/lib/python3.11/site-packages/airflow/example_dags/example_complex.py
[2024-11-06T10:58:49.477-1100] {processor.py:925} INFO - DAG(s) 'example_complex' retrieved from /home/ouaillaamiri/Development/lsi_3/airflow/venv/lib/python3.11/site-packages/airflow/example_dags/example_complex.py
[2024-11-06T10:58:49.569-1100] {logging_mixin.py:190} INFO - [2024-11-06T10:58:49.568-1100] {dag.py:3239} INFO - Sync 1 DAGs
[2024-11-06T10:58:49.595-1100] {logging_mixin.py:190} INFO - [2024-11-06T10:58:49.594-1100] {dag.py:4180} INFO - Setting next_dagrun for example_complex to None, run_after=None
[2024-11-06T10:58:49.636-1100] {processor.py:208} INFO - Processing /home/ouaillaamiri/Development/lsi_3/airflow/venv/lib/python3.11/site-packages/airflow/example_dags/example_complex.py took 0.196 seconds
[2024-11-06T10:59:20.455-1100] {processor.py:186} INFO - Started process (PID=227184) to work on /home/ouaillaamiri/Development/lsi_3/airflow/venv/lib/python3.11/site-packages/airflow/example_dags/example_complex.py
[2024-11-06T10:59:20.457-1100] {processor.py:914} INFO - Processing file /home/ouaillaamiri/Development/lsi_3/airflow/venv/lib/python3.11/site-packages/airflow/example_dags/example_complex.py for tasks to queue
[2024-11-06T10:59:20.462-1100] {logging_mixin.py:190} INFO - [2024-11-06T10:59:20.461-1100] {dagbag.py:588} INFO - Filling up the DagBag from /home/ouaillaamiri/Development/lsi_3/airflow/venv/lib/python3.11/site-packages/airflow/example_dags/example_complex.py
[2024-11-06T10:59:20.488-1100] {processor.py:925} INFO - DAG(s) 'example_complex' retrieved from /home/ouaillaamiri/Development/lsi_3/airflow/venv/lib/python3.11/site-packages/airflow/example_dags/example_complex.py
[2024-11-06T10:59:20.573-1100] {logging_mixin.py:190} INFO - [2024-11-06T10:59:20.572-1100] {dag.py:3239} INFO - Sync 1 DAGs
[2024-11-06T10:59:20.601-1100] {logging_mixin.py:190} INFO - [2024-11-06T10:59:20.600-1100] {dag.py:4180} INFO - Setting next_dagrun for example_complex to None, run_after=None
[2024-11-06T10:59:20.639-1100] {processor.py:208} INFO - Processing /home/ouaillaamiri/Development/lsi_3/airflow/venv/lib/python3.11/site-packages/airflow/example_dags/example_complex.py took 0.195 seconds
[2024-11-06T10:59:51.652-1100] {processor.py:186} INFO - Started process (PID=227581) to work on /home/ouaillaamiri/Development/lsi_3/airflow/venv/lib/python3.11/site-packages/airflow/example_dags/example_complex.py
[2024-11-06T10:59:51.656-1100] {processor.py:914} INFO - Processing file /home/ouaillaamiri/Development/lsi_3/airflow/venv/lib/python3.11/site-packages/airflow/example_dags/example_complex.py for tasks to queue
[2024-11-06T10:59:51.659-1100] {logging_mixin.py:190} INFO - [2024-11-06T10:59:51.658-1100] {dagbag.py:588} INFO - Filling up the DagBag from /home/ouaillaamiri/Development/lsi_3/airflow/venv/lib/python3.11/site-packages/airflow/example_dags/example_complex.py
[2024-11-06T10:59:51.682-1100] {processor.py:925} INFO - DAG(s) 'example_complex' retrieved from /home/ouaillaamiri/Development/lsi_3/airflow/venv/lib/python3.11/site-packages/airflow/example_dags/example_complex.py
[2024-11-06T10:59:51.757-1100] {logging_mixin.py:190} INFO - [2024-11-06T10:59:51.757-1100] {dag.py:3239} INFO - Sync 1 DAGs
[2024-11-06T10:59:51.786-1100] {logging_mixin.py:190} INFO - [2024-11-06T10:59:51.785-1100] {dag.py:4180} INFO - Setting next_dagrun for example_complex to None, run_after=None
[2024-11-06T10:59:51.824-1100] {processor.py:208} INFO - Processing /home/ouaillaamiri/Development/lsi_3/airflow/venv/lib/python3.11/site-packages/airflow/example_dags/example_complex.py took 0.181 seconds
[2024-11-06T11:00:58.037-1100] {processor.py:186} INFO - Started process (PID=228764) to work on /home/ouaillaamiri/Development/lsi_3/airflow/venv/lib/python3.11/site-packages/airflow/example_dags/example_complex.py
[2024-11-06T11:00:58.041-1100] {processor.py:914} INFO - Processing file /home/ouaillaamiri/Development/lsi_3/airflow/venv/lib/python3.11/site-packages/airflow/example_dags/example_complex.py for tasks to queue
[2024-11-06T11:00:58.045-1100] {logging_mixin.py:190} INFO - [2024-11-06T11:00:58.044-1100] {dagbag.py:588} INFO - Filling up the DagBag from /home/ouaillaamiri/Development/lsi_3/airflow/venv/lib/python3.11/site-packages/airflow/example_dags/example_complex.py
[2024-11-06T11:00:58.066-1100] {processor.py:925} INFO - DAG(s) 'example_complex' retrieved from /home/ouaillaamiri/Development/lsi_3/airflow/venv/lib/python3.11/site-packages/airflow/example_dags/example_complex.py
[2024-11-06T11:00:58.144-1100] {logging_mixin.py:190} INFO - [2024-11-06T11:00:58.143-1100] {dag.py:3239} INFO - Sync 1 DAGs
[2024-11-06T11:00:58.184-1100] {logging_mixin.py:190} INFO - [2024-11-06T11:00:58.184-1100] {dag.py:4180} INFO - Setting next_dagrun for example_complex to None, run_after=None
[2024-11-06T11:00:58.234-1100] {processor.py:208} INFO - Processing /home/ouaillaamiri/Development/lsi_3/airflow/venv/lib/python3.11/site-packages/airflow/example_dags/example_complex.py took 0.208 seconds
[2024-11-06T11:01:28.914-1100] {processor.py:186} INFO - Started process (PID=229362) to work on /home/ouaillaamiri/Development/lsi_3/airflow/venv/lib/python3.11/site-packages/airflow/example_dags/example_complex.py
[2024-11-06T11:01:28.916-1100] {processor.py:914} INFO - Processing file /home/ouaillaamiri/Development/lsi_3/airflow/venv/lib/python3.11/site-packages/airflow/example_dags/example_complex.py for tasks to queue
[2024-11-06T11:01:28.921-1100] {logging_mixin.py:190} INFO - [2024-11-06T11:01:28.920-1100] {dagbag.py:588} INFO - Filling up the DagBag from /home/ouaillaamiri/Development/lsi_3/airflow/venv/lib/python3.11/site-packages/airflow/example_dags/example_complex.py
[2024-11-06T11:01:28.951-1100] {processor.py:925} INFO - DAG(s) 'example_complex' retrieved from /home/ouaillaamiri/Development/lsi_3/airflow/venv/lib/python3.11/site-packages/airflow/example_dags/example_complex.py
[2024-11-06T11:01:29.039-1100] {logging_mixin.py:190} INFO - [2024-11-06T11:01:29.039-1100] {dag.py:3239} INFO - Sync 1 DAGs
[2024-11-06T11:01:29.067-1100] {logging_mixin.py:190} INFO - [2024-11-06T11:01:29.066-1100] {dag.py:4180} INFO - Setting next_dagrun for example_complex to None, run_after=None
[2024-11-06T11:01:29.112-1100] {processor.py:208} INFO - Processing /home/ouaillaamiri/Development/lsi_3/airflow/venv/lib/python3.11/site-packages/airflow/example_dags/example_complex.py took 0.212 seconds
[2024-11-06T11:01:59.336-1100] {processor.py:186} INFO - Started process (PID=229736) to work on /home/ouaillaamiri/Development/lsi_3/airflow/venv/lib/python3.11/site-packages/airflow/example_dags/example_complex.py
[2024-11-06T11:01:59.338-1100] {processor.py:914} INFO - Processing file /home/ouaillaamiri/Development/lsi_3/airflow/venv/lib/python3.11/site-packages/airflow/example_dags/example_complex.py for tasks to queue
[2024-11-06T11:01:59.343-1100] {logging_mixin.py:190} INFO - [2024-11-06T11:01:59.342-1100] {dagbag.py:588} INFO - Filling up the DagBag from /home/ouaillaamiri/Development/lsi_3/airflow/venv/lib/python3.11/site-packages/airflow/example_dags/example_complex.py
[2024-11-06T11:01:59.365-1100] {processor.py:925} INFO - DAG(s) 'example_complex' retrieved from /home/ouaillaamiri/Development/lsi_3/airflow/venv/lib/python3.11/site-packages/airflow/example_dags/example_complex.py
[2024-11-06T11:01:59.432-1100] {logging_mixin.py:190} INFO - [2024-11-06T11:01:59.432-1100] {dag.py:3239} INFO - Sync 1 DAGs
[2024-11-06T11:01:59.457-1100] {logging_mixin.py:190} INFO - [2024-11-06T11:01:59.456-1100] {dag.py:4180} INFO - Setting next_dagrun for example_complex to None, run_after=None
[2024-11-06T11:01:59.488-1100] {processor.py:208} INFO - Processing /home/ouaillaamiri/Development/lsi_3/airflow/venv/lib/python3.11/site-packages/airflow/example_dags/example_complex.py took 0.166 seconds
[2024-11-06T11:02:29.807-1100] {processor.py:186} INFO - Started process (PID=230373) to work on /home/ouaillaamiri/Development/lsi_3/airflow/venv/lib/python3.11/site-packages/airflow/example_dags/example_complex.py
[2024-11-06T11:02:29.809-1100] {processor.py:914} INFO - Processing file /home/ouaillaamiri/Development/lsi_3/airflow/venv/lib/python3.11/site-packages/airflow/example_dags/example_complex.py for tasks to queue
[2024-11-06T11:02:29.813-1100] {logging_mixin.py:190} INFO - [2024-11-06T11:02:29.812-1100] {dagbag.py:588} INFO - Filling up the DagBag from /home/ouaillaamiri/Development/lsi_3/airflow/venv/lib/python3.11/site-packages/airflow/example_dags/example_complex.py
[2024-11-06T11:02:29.835-1100] {processor.py:925} INFO - DAG(s) 'example_complex' retrieved from /home/ouaillaamiri/Development/lsi_3/airflow/venv/lib/python3.11/site-packages/airflow/example_dags/example_complex.py
[2024-11-06T11:02:29.906-1100] {logging_mixin.py:190} INFO - [2024-11-06T11:02:29.905-1100] {dag.py:3239} INFO - Sync 1 DAGs
[2024-11-06T11:02:29.933-1100] {logging_mixin.py:190} INFO - [2024-11-06T11:02:29.933-1100] {dag.py:4180} INFO - Setting next_dagrun for example_complex to None, run_after=None
[2024-11-06T11:02:29.969-1100] {processor.py:208} INFO - Processing /home/ouaillaamiri/Development/lsi_3/airflow/venv/lib/python3.11/site-packages/airflow/example_dags/example_complex.py took 0.174 seconds
[2024-11-06T11:03:00.643-1100] {processor.py:186} INFO - Started process (PID=231313) to work on /home/ouaillaamiri/Development/lsi_3/airflow/venv/lib/python3.11/site-packages/airflow/example_dags/example_complex.py
[2024-11-06T11:03:00.648-1100] {processor.py:914} INFO - Processing file /home/ouaillaamiri/Development/lsi_3/airflow/venv/lib/python3.11/site-packages/airflow/example_dags/example_complex.py for tasks to queue
[2024-11-06T11:03:00.652-1100] {logging_mixin.py:190} INFO - [2024-11-06T11:03:00.652-1100] {dagbag.py:588} INFO - Filling up the DagBag from /home/ouaillaamiri/Development/lsi_3/airflow/venv/lib/python3.11/site-packages/airflow/example_dags/example_complex.py
[2024-11-06T11:03:00.679-1100] {processor.py:925} INFO - DAG(s) 'example_complex' retrieved from /home/ouaillaamiri/Development/lsi_3/airflow/venv/lib/python3.11/site-packages/airflow/example_dags/example_complex.py
[2024-11-06T11:03:00.765-1100] {logging_mixin.py:190} INFO - [2024-11-06T11:03:00.764-1100] {dag.py:3239} INFO - Sync 1 DAGs
[2024-11-06T11:03:00.795-1100] {logging_mixin.py:190} INFO - [2024-11-06T11:03:00.794-1100] {dag.py:4180} INFO - Setting next_dagrun for example_complex to None, run_after=None
[2024-11-06T11:03:00.851-1100] {processor.py:208} INFO - Processing /home/ouaillaamiri/Development/lsi_3/airflow/venv/lib/python3.11/site-packages/airflow/example_dags/example_complex.py took 0.222 seconds
[2024-11-06T11:03:31.913-1100] {processor.py:186} INFO - Started process (PID=231731) to work on /home/ouaillaamiri/Development/lsi_3/airflow/venv/lib/python3.11/site-packages/airflow/example_dags/example_complex.py
[2024-11-06T11:03:31.916-1100] {processor.py:914} INFO - Processing file /home/ouaillaamiri/Development/lsi_3/airflow/venv/lib/python3.11/site-packages/airflow/example_dags/example_complex.py for tasks to queue
[2024-11-06T11:03:31.921-1100] {logging_mixin.py:190} INFO - [2024-11-06T11:03:31.920-1100] {dagbag.py:588} INFO - Filling up the DagBag from /home/ouaillaamiri/Development/lsi_3/airflow/venv/lib/python3.11/site-packages/airflow/example_dags/example_complex.py
[2024-11-06T11:03:31.950-1100] {processor.py:925} INFO - DAG(s) 'example_complex' retrieved from /home/ouaillaamiri/Development/lsi_3/airflow/venv/lib/python3.11/site-packages/airflow/example_dags/example_complex.py
[2024-11-06T11:03:32.054-1100] {logging_mixin.py:190} INFO - [2024-11-06T11:03:32.052-1100] {dag.py:3239} INFO - Sync 1 DAGs
[2024-11-06T11:03:32.090-1100] {logging_mixin.py:190} INFO - [2024-11-06T11:03:32.089-1100] {dag.py:4180} INFO - Setting next_dagrun for example_complex to None, run_after=None
[2024-11-06T11:03:32.137-1100] {processor.py:208} INFO - Processing /home/ouaillaamiri/Development/lsi_3/airflow/venv/lib/python3.11/site-packages/airflow/example_dags/example_complex.py took 0.245 seconds
[2024-11-06T11:04:02.583-1100] {processor.py:186} INFO - Started process (PID=232353) to work on /home/ouaillaamiri/Development/lsi_3/airflow/venv/lib/python3.11/site-packages/airflow/example_dags/example_complex.py
[2024-11-06T11:04:02.587-1100] {processor.py:914} INFO - Processing file /home/ouaillaamiri/Development/lsi_3/airflow/venv/lib/python3.11/site-packages/airflow/example_dags/example_complex.py for tasks to queue
[2024-11-06T11:04:02.592-1100] {logging_mixin.py:190} INFO - [2024-11-06T11:04:02.591-1100] {dagbag.py:588} INFO - Filling up the DagBag from /home/ouaillaamiri/Development/lsi_3/airflow/venv/lib/python3.11/site-packages/airflow/example_dags/example_complex.py
[2024-11-06T11:04:02.616-1100] {processor.py:925} INFO - DAG(s) 'example_complex' retrieved from /home/ouaillaamiri/Development/lsi_3/airflow/venv/lib/python3.11/site-packages/airflow/example_dags/example_complex.py
[2024-11-06T11:04:02.692-1100] {logging_mixin.py:190} INFO - [2024-11-06T11:04:02.692-1100] {dag.py:3239} INFO - Sync 1 DAGs
[2024-11-06T11:04:02.717-1100] {logging_mixin.py:190} INFO - [2024-11-06T11:04:02.717-1100] {dag.py:4180} INFO - Setting next_dagrun for example_complex to None, run_after=None
[2024-11-06T11:04:02.751-1100] {processor.py:208} INFO - Processing /home/ouaillaamiri/Development/lsi_3/airflow/venv/lib/python3.11/site-packages/airflow/example_dags/example_complex.py took 0.184 seconds
[2024-11-06T11:04:33.810-1100] {processor.py:186} INFO - Started process (PID=232729) to work on /home/ouaillaamiri/Development/lsi_3/airflow/venv/lib/python3.11/site-packages/airflow/example_dags/example_complex.py
[2024-11-06T11:04:33.814-1100] {processor.py:914} INFO - Processing file /home/ouaillaamiri/Development/lsi_3/airflow/venv/lib/python3.11/site-packages/airflow/example_dags/example_complex.py for tasks to queue
[2024-11-06T11:04:33.818-1100] {logging_mixin.py:190} INFO - [2024-11-06T11:04:33.817-1100] {dagbag.py:588} INFO - Filling up the DagBag from /home/ouaillaamiri/Development/lsi_3/airflow/venv/lib/python3.11/site-packages/airflow/example_dags/example_complex.py
[2024-11-06T11:04:33.842-1100] {processor.py:925} INFO - DAG(s) 'example_complex' retrieved from /home/ouaillaamiri/Development/lsi_3/airflow/venv/lib/python3.11/site-packages/airflow/example_dags/example_complex.py
[2024-11-06T11:04:33.932-1100] {logging_mixin.py:190} INFO - [2024-11-06T11:04:33.931-1100] {dag.py:3239} INFO - Sync 1 DAGs
[2024-11-06T11:04:33.962-1100] {logging_mixin.py:190} INFO - [2024-11-06T11:04:33.962-1100] {dag.py:4180} INFO - Setting next_dagrun for example_complex to None, run_after=None
[2024-11-06T11:04:34.015-1100] {processor.py:208} INFO - Processing /home/ouaillaamiri/Development/lsi_3/airflow/venv/lib/python3.11/site-packages/airflow/example_dags/example_complex.py took 0.216 seconds
