[2024-11-06T10:53:38.289-1100] {processor.py:186} INFO - Started process (PID=219637) to work on /home/ouaillaamiri/Development/lsi_3/airflow/venv/lib/python3.11/site-packages/airflow/example_dags/example_latest_only.py
[2024-11-06T10:53:38.291-1100] {processor.py:914} INFO - Processing file /home/ouaillaamiri/Development/lsi_3/airflow/venv/lib/python3.11/site-packages/airflow/example_dags/example_latest_only.py for tasks to queue
[2024-11-06T10:53:38.296-1100] {logging_mixin.py:190} INFO - [2024-11-06T10:53:38.296-1100] {dagbag.py:588} INFO - Filling up the DagBag from /home/ouaillaamiri/Development/lsi_3/airflow/venv/lib/python3.11/site-packages/airflow/example_dags/example_latest_only.py
[2024-11-06T10:53:38.314-1100] {processor.py:925} INFO - DAG(s) 'latest_only' retrieved from /home/ouaillaamiri/Development/lsi_3/airflow/venv/lib/python3.11/site-packages/airflow/example_dags/example_latest_only.py
[2024-11-06T10:53:38.560-1100] {logging_mixin.py:190} INFO - [2024-11-06T10:53:38.559-1100] {override.py:1911} INFO - Created Permission View: can edit on DAG:latest_only
[2024-11-06T10:53:38.578-1100] {logging_mixin.py:190} INFO - [2024-11-06T10:53:38.577-1100] {override.py:1911} INFO - Created Permission View: can delete on DAG:latest_only
[2024-11-06T10:53:38.590-1100] {logging_mixin.py:190} INFO - [2024-11-06T10:53:38.589-1100] {override.py:1911} INFO - Created Permission View: can read on DAG:latest_only
[2024-11-06T10:53:38.604-1100] {logging_mixin.py:190} INFO - [2024-11-06T10:53:38.604-1100] {override.py:1911} INFO - Created Permission View: can delete on DAG Run:latest_only
[2024-11-06T10:53:38.617-1100] {logging_mixin.py:190} INFO - [2024-11-06T10:53:38.616-1100] {override.py:1911} INFO - Created Permission View: can create on DAG Run:latest_only
[2024-11-06T10:53:38.630-1100] {logging_mixin.py:190} INFO - [2024-11-06T10:53:38.629-1100] {override.py:1911} INFO - Created Permission View: menu access on DAG Run:latest_only
[2024-11-06T10:53:38.644-1100] {logging_mixin.py:190} INFO - [2024-11-06T10:53:38.644-1100] {override.py:1911} INFO - Created Permission View: can read on DAG Run:latest_only
[2024-11-06T10:53:38.645-1100] {logging_mixin.py:190} INFO - [2024-11-06T10:53:38.645-1100] {dag.py:3239} INFO - Sync 1 DAGs
[2024-11-06T10:53:38.666-1100] {logging_mixin.py:190} INFO - [2024-11-06T10:53:38.666-1100] {dag.py:3262} INFO - Creating ORM DAG for latest_only
[2024-11-06T10:53:38.684-1100] {logging_mixin.py:190} INFO - [2024-11-06T10:53:38.684-1100] {dag.py:4180} INFO - Setting next_dagrun for latest_only to 2024-11-06 16:00:00+00:00, run_after=2024-11-06 20:00:00+00:00
[2024-11-06T10:53:38.718-1100] {processor.py:208} INFO - Processing /home/ouaillaamiri/Development/lsi_3/airflow/venv/lib/python3.11/site-packages/airflow/example_dags/example_latest_only.py took 0.444 seconds
[2024-11-06T10:54:08.847-1100] {processor.py:186} INFO - Started process (PID=220363) to work on /home/ouaillaamiri/Development/lsi_3/airflow/venv/lib/python3.11/site-packages/airflow/example_dags/example_latest_only.py
[2024-11-06T10:54:08.849-1100] {processor.py:914} INFO - Processing file /home/ouaillaamiri/Development/lsi_3/airflow/venv/lib/python3.11/site-packages/airflow/example_dags/example_latest_only.py for tasks to queue
[2024-11-06T10:54:08.854-1100] {logging_mixin.py:190} INFO - [2024-11-06T10:54:08.853-1100] {dagbag.py:588} INFO - Filling up the DagBag from /home/ouaillaamiri/Development/lsi_3/airflow/venv/lib/python3.11/site-packages/airflow/example_dags/example_latest_only.py
[2024-11-06T10:54:08.866-1100] {processor.py:925} INFO - DAG(s) 'latest_only' retrieved from /home/ouaillaamiri/Development/lsi_3/airflow/venv/lib/python3.11/site-packages/airflow/example_dags/example_latest_only.py
[2024-11-06T10:54:08.926-1100] {logging_mixin.py:190} INFO - [2024-11-06T10:54:08.925-1100] {dag.py:3239} INFO - Sync 1 DAGs
[2024-11-06T10:54:08.966-1100] {logging_mixin.py:190} INFO - [2024-11-06T10:54:08.966-1100] {dag.py:4180} INFO - Setting next_dagrun for latest_only to 2024-11-06 16:00:00+00:00, run_after=2024-11-06 20:00:00+00:00
[2024-11-06T10:54:09.005-1100] {processor.py:208} INFO - Processing /home/ouaillaamiri/Development/lsi_3/airflow/venv/lib/python3.11/site-packages/airflow/example_dags/example_latest_only.py took 0.172 seconds
[2024-11-06T10:54:39.073-1100] {processor.py:186} INFO - Started process (PID=220730) to work on /home/ouaillaamiri/Development/lsi_3/airflow/venv/lib/python3.11/site-packages/airflow/example_dags/example_latest_only.py
[2024-11-06T10:54:39.074-1100] {processor.py:914} INFO - Processing file /home/ouaillaamiri/Development/lsi_3/airflow/venv/lib/python3.11/site-packages/airflow/example_dags/example_latest_only.py for tasks to queue
[2024-11-06T10:54:39.078-1100] {logging_mixin.py:190} INFO - [2024-11-06T10:54:39.078-1100] {dagbag.py:588} INFO - Filling up the DagBag from /home/ouaillaamiri/Development/lsi_3/airflow/venv/lib/python3.11/site-packages/airflow/example_dags/example_latest_only.py
[2024-11-06T10:54:39.091-1100] {processor.py:925} INFO - DAG(s) 'latest_only' retrieved from /home/ouaillaamiri/Development/lsi_3/airflow/venv/lib/python3.11/site-packages/airflow/example_dags/example_latest_only.py
[2024-11-06T10:54:39.160-1100] {logging_mixin.py:190} INFO - [2024-11-06T10:54:39.159-1100] {dag.py:3239} INFO - Sync 1 DAGs
[2024-11-06T10:54:39.202-1100] {logging_mixin.py:190} INFO - [2024-11-06T10:54:39.201-1100] {dag.py:4180} INFO - Setting next_dagrun for latest_only to 2024-11-06 16:00:00+00:00, run_after=2024-11-06 20:00:00+00:00
[2024-11-06T10:54:39.232-1100] {processor.py:208} INFO - Processing /home/ouaillaamiri/Development/lsi_3/airflow/venv/lib/python3.11/site-packages/airflow/example_dags/example_latest_only.py took 0.170 seconds
[2024-11-06T10:55:09.565-1100] {processor.py:186} INFO - Started process (PID=221428) to work on /home/ouaillaamiri/Development/lsi_3/airflow/venv/lib/python3.11/site-packages/airflow/example_dags/example_latest_only.py
[2024-11-06T10:55:09.567-1100] {processor.py:914} INFO - Processing file /home/ouaillaamiri/Development/lsi_3/airflow/venv/lib/python3.11/site-packages/airflow/example_dags/example_latest_only.py for tasks to queue
[2024-11-06T10:55:09.573-1100] {logging_mixin.py:190} INFO - [2024-11-06T10:55:09.571-1100] {dagbag.py:588} INFO - Filling up the DagBag from /home/ouaillaamiri/Development/lsi_3/airflow/venv/lib/python3.11/site-packages/airflow/example_dags/example_latest_only.py
[2024-11-06T10:55:09.589-1100] {processor.py:925} INFO - DAG(s) 'latest_only' retrieved from /home/ouaillaamiri/Development/lsi_3/airflow/venv/lib/python3.11/site-packages/airflow/example_dags/example_latest_only.py
[2024-11-06T10:55:09.650-1100] {logging_mixin.py:190} INFO - [2024-11-06T10:55:09.649-1100] {dag.py:3239} INFO - Sync 1 DAGs
[2024-11-06T10:55:09.697-1100] {logging_mixin.py:190} INFO - [2024-11-06T10:55:09.696-1100] {dag.py:4180} INFO - Setting next_dagrun for latest_only to 2024-11-06 16:00:00+00:00, run_after=2024-11-06 20:00:00+00:00
[2024-11-06T10:55:09.740-1100] {processor.py:208} INFO - Processing /home/ouaillaamiri/Development/lsi_3/airflow/venv/lib/python3.11/site-packages/airflow/example_dags/example_latest_only.py took 0.190 seconds
[2024-11-06T10:55:40.201-1100] {processor.py:186} INFO - Started process (PID=221796) to work on /home/ouaillaamiri/Development/lsi_3/airflow/venv/lib/python3.11/site-packages/airflow/example_dags/example_latest_only.py
[2024-11-06T10:55:40.208-1100] {processor.py:914} INFO - Processing file /home/ouaillaamiri/Development/lsi_3/airflow/venv/lib/python3.11/site-packages/airflow/example_dags/example_latest_only.py for tasks to queue
[2024-11-06T10:55:40.214-1100] {logging_mixin.py:190} INFO - [2024-11-06T10:55:40.213-1100] {dagbag.py:588} INFO - Filling up the DagBag from /home/ouaillaamiri/Development/lsi_3/airflow/venv/lib/python3.11/site-packages/airflow/example_dags/example_latest_only.py
[2024-11-06T10:55:40.244-1100] {processor.py:925} INFO - DAG(s) 'latest_only' retrieved from /home/ouaillaamiri/Development/lsi_3/airflow/venv/lib/python3.11/site-packages/airflow/example_dags/example_latest_only.py
[2024-11-06T10:55:40.350-1100] {logging_mixin.py:190} INFO - [2024-11-06T10:55:40.348-1100] {dag.py:3239} INFO - Sync 1 DAGs
[2024-11-06T10:55:40.423-1100] {logging_mixin.py:190} INFO - [2024-11-06T10:55:40.422-1100] {dag.py:4180} INFO - Setting next_dagrun for latest_only to 2024-11-06 16:00:00+00:00, run_after=2024-11-06 20:00:00+00:00
[2024-11-06T10:55:40.490-1100] {processor.py:208} INFO - Processing /home/ouaillaamiri/Development/lsi_3/airflow/venv/lib/python3.11/site-packages/airflow/example_dags/example_latest_only.py took 0.310 seconds
[2024-11-06T10:56:10.825-1100] {processor.py:186} INFO - Started process (PID=222180) to work on /home/ouaillaamiri/Development/lsi_3/airflow/venv/lib/python3.11/site-packages/airflow/example_dags/example_latest_only.py
[2024-11-06T10:56:10.828-1100] {processor.py:914} INFO - Processing file /home/ouaillaamiri/Development/lsi_3/airflow/venv/lib/python3.11/site-packages/airflow/example_dags/example_latest_only.py for tasks to queue
[2024-11-06T10:56:10.834-1100] {logging_mixin.py:190} INFO - [2024-11-06T10:56:10.833-1100] {dagbag.py:588} INFO - Filling up the DagBag from /home/ouaillaamiri/Development/lsi_3/airflow/venv/lib/python3.11/site-packages/airflow/example_dags/example_latest_only.py
[2024-11-06T10:56:10.858-1100] {processor.py:925} INFO - DAG(s) 'latest_only' retrieved from /home/ouaillaamiri/Development/lsi_3/airflow/venv/lib/python3.11/site-packages/airflow/example_dags/example_latest_only.py
[2024-11-06T10:56:10.943-1100] {logging_mixin.py:190} INFO - [2024-11-06T10:56:10.942-1100] {dag.py:3239} INFO - Sync 1 DAGs
[2024-11-06T10:56:10.995-1100] {logging_mixin.py:190} INFO - [2024-11-06T10:56:10.995-1100] {dag.py:4180} INFO - Setting next_dagrun for latest_only to 2024-11-06 16:00:00+00:00, run_after=2024-11-06 20:00:00+00:00
[2024-11-06T10:56:11.040-1100] {processor.py:208} INFO - Processing /home/ouaillaamiri/Development/lsi_3/airflow/venv/lib/python3.11/site-packages/airflow/example_dags/example_latest_only.py took 0.233 seconds
[2024-11-06T10:56:47.827-1100] {processor.py:186} INFO - Started process (PID=223375) to work on /home/ouaillaamiri/Development/lsi_3/airflow/venv/lib/python3.11/site-packages/airflow/example_dags/example_latest_only.py
[2024-11-06T10:56:47.830-1100] {processor.py:914} INFO - Processing file /home/ouaillaamiri/Development/lsi_3/airflow/venv/lib/python3.11/site-packages/airflow/example_dags/example_latest_only.py for tasks to queue
[2024-11-06T10:56:47.834-1100] {logging_mixin.py:190} INFO - [2024-11-06T10:56:47.833-1100] {dagbag.py:588} INFO - Filling up the DagBag from /home/ouaillaamiri/Development/lsi_3/airflow/venv/lib/python3.11/site-packages/airflow/example_dags/example_latest_only.py
[2024-11-06T10:56:47.848-1100] {processor.py:925} INFO - DAG(s) 'latest_only' retrieved from /home/ouaillaamiri/Development/lsi_3/airflow/venv/lib/python3.11/site-packages/airflow/example_dags/example_latest_only.py
[2024-11-06T10:56:47.906-1100] {logging_mixin.py:190} INFO - [2024-11-06T10:56:47.906-1100] {dag.py:3239} INFO - Sync 1 DAGs
[2024-11-06T10:56:47.950-1100] {logging_mixin.py:190} INFO - [2024-11-06T10:56:47.950-1100] {dag.py:4180} INFO - Setting next_dagrun for latest_only to 2024-11-06 16:00:00+00:00, run_after=2024-11-06 20:00:00+00:00
[2024-11-06T10:56:47.989-1100] {processor.py:208} INFO - Processing /home/ouaillaamiri/Development/lsi_3/airflow/venv/lib/python3.11/site-packages/airflow/example_dags/example_latest_only.py took 0.173 seconds
[2024-11-06T10:57:18.785-1100] {processor.py:186} INFO - Started process (PID=224578) to work on /home/ouaillaamiri/Development/lsi_3/airflow/venv/lib/python3.11/site-packages/airflow/example_dags/example_latest_only.py
[2024-11-06T10:57:18.787-1100] {processor.py:914} INFO - Processing file /home/ouaillaamiri/Development/lsi_3/airflow/venv/lib/python3.11/site-packages/airflow/example_dags/example_latest_only.py for tasks to queue
[2024-11-06T10:57:18.791-1100] {logging_mixin.py:190} INFO - [2024-11-06T10:57:18.790-1100] {dagbag.py:588} INFO - Filling up the DagBag from /home/ouaillaamiri/Development/lsi_3/airflow/venv/lib/python3.11/site-packages/airflow/example_dags/example_latest_only.py
[2024-11-06T10:57:18.806-1100] {processor.py:925} INFO - DAG(s) 'latest_only' retrieved from /home/ouaillaamiri/Development/lsi_3/airflow/venv/lib/python3.11/site-packages/airflow/example_dags/example_latest_only.py
[2024-11-06T10:57:18.872-1100] {logging_mixin.py:190} INFO - [2024-11-06T10:57:18.871-1100] {dag.py:3239} INFO - Sync 1 DAGs
[2024-11-06T10:57:18.937-1100] {logging_mixin.py:190} INFO - [2024-11-06T10:57:18.936-1100] {dag.py:4180} INFO - Setting next_dagrun for latest_only to 2024-11-06 16:00:00+00:00, run_after=2024-11-06 20:00:00+00:00
[2024-11-06T10:57:18.983-1100] {processor.py:208} INFO - Processing /home/ouaillaamiri/Development/lsi_3/airflow/venv/lib/python3.11/site-packages/airflow/example_dags/example_latest_only.py took 0.210 seconds
[2024-11-06T10:57:49.226-1100] {processor.py:186} INFO - Started process (PID=225273) to work on /home/ouaillaamiri/Development/lsi_3/airflow/venv/lib/python3.11/site-packages/airflow/example_dags/example_latest_only.py
[2024-11-06T10:57:49.228-1100] {processor.py:914} INFO - Processing file /home/ouaillaamiri/Development/lsi_3/airflow/venv/lib/python3.11/site-packages/airflow/example_dags/example_latest_only.py for tasks to queue
[2024-11-06T10:57:49.234-1100] {logging_mixin.py:190} INFO - [2024-11-06T10:57:49.233-1100] {dagbag.py:588} INFO - Filling up the DagBag from /home/ouaillaamiri/Development/lsi_3/airflow/venv/lib/python3.11/site-packages/airflow/example_dags/example_latest_only.py
[2024-11-06T10:57:49.251-1100] {processor.py:925} INFO - DAG(s) 'latest_only' retrieved from /home/ouaillaamiri/Development/lsi_3/airflow/venv/lib/python3.11/site-packages/airflow/example_dags/example_latest_only.py
[2024-11-06T10:57:49.304-1100] {logging_mixin.py:190} INFO - [2024-11-06T10:57:49.304-1100] {dag.py:3239} INFO - Sync 1 DAGs
[2024-11-06T10:57:49.348-1100] {logging_mixin.py:190} INFO - [2024-11-06T10:57:49.348-1100] {dag.py:4180} INFO - Setting next_dagrun for latest_only to 2024-11-06 16:00:00+00:00, run_after=2024-11-06 20:00:00+00:00
[2024-11-06T10:57:49.383-1100] {processor.py:208} INFO - Processing /home/ouaillaamiri/Development/lsi_3/airflow/venv/lib/python3.11/site-packages/airflow/example_dags/example_latest_only.py took 0.174 seconds
[2024-11-06T10:58:20.655-1100] {processor.py:186} INFO - Started process (PID=225823) to work on /home/ouaillaamiri/Development/lsi_3/airflow/venv/lib/python3.11/site-packages/airflow/example_dags/example_latest_only.py
[2024-11-06T10:58:20.658-1100] {processor.py:914} INFO - Processing file /home/ouaillaamiri/Development/lsi_3/airflow/venv/lib/python3.11/site-packages/airflow/example_dags/example_latest_only.py for tasks to queue
[2024-11-06T10:58:20.663-1100] {logging_mixin.py:190} INFO - [2024-11-06T10:58:20.662-1100] {dagbag.py:588} INFO - Filling up the DagBag from /home/ouaillaamiri/Development/lsi_3/airflow/venv/lib/python3.11/site-packages/airflow/example_dags/example_latest_only.py
[2024-11-06T10:58:20.683-1100] {processor.py:925} INFO - DAG(s) 'latest_only' retrieved from /home/ouaillaamiri/Development/lsi_3/airflow/venv/lib/python3.11/site-packages/airflow/example_dags/example_latest_only.py
[2024-11-06T10:58:20.750-1100] {logging_mixin.py:190} INFO - [2024-11-06T10:58:20.749-1100] {dag.py:3239} INFO - Sync 1 DAGs
[2024-11-06T10:58:20.801-1100] {logging_mixin.py:190} INFO - [2024-11-06T10:58:20.801-1100] {dag.py:4180} INFO - Setting next_dagrun for latest_only to 2024-11-06 16:00:00+00:00, run_after=2024-11-06 20:00:00+00:00
[2024-11-06T10:58:20.849-1100] {processor.py:208} INFO - Processing /home/ouaillaamiri/Development/lsi_3/airflow/venv/lib/python3.11/site-packages/airflow/example_dags/example_latest_only.py took 0.210 seconds
[2024-11-06T10:58:50.937-1100] {processor.py:186} INFO - Started process (PID=226554) to work on /home/ouaillaamiri/Development/lsi_3/airflow/venv/lib/python3.11/site-packages/airflow/example_dags/example_latest_only.py
[2024-11-06T10:58:50.939-1100] {processor.py:914} INFO - Processing file /home/ouaillaamiri/Development/lsi_3/airflow/venv/lib/python3.11/site-packages/airflow/example_dags/example_latest_only.py for tasks to queue
[2024-11-06T10:58:50.942-1100] {logging_mixin.py:190} INFO - [2024-11-06T10:58:50.942-1100] {dagbag.py:588} INFO - Filling up the DagBag from /home/ouaillaamiri/Development/lsi_3/airflow/venv/lib/python3.11/site-packages/airflow/example_dags/example_latest_only.py
[2024-11-06T10:58:50.954-1100] {processor.py:925} INFO - DAG(s) 'latest_only' retrieved from /home/ouaillaamiri/Development/lsi_3/airflow/venv/lib/python3.11/site-packages/airflow/example_dags/example_latest_only.py
[2024-11-06T10:58:51.013-1100] {logging_mixin.py:190} INFO - [2024-11-06T10:58:51.013-1100] {dag.py:3239} INFO - Sync 1 DAGs
[2024-11-06T10:58:51.051-1100] {logging_mixin.py:190} INFO - [2024-11-06T10:58:51.051-1100] {dag.py:4180} INFO - Setting next_dagrun for latest_only to 2024-11-06 16:00:00+00:00, run_after=2024-11-06 20:00:00+00:00
[2024-11-06T10:58:51.093-1100] {processor.py:208} INFO - Processing /home/ouaillaamiri/Development/lsi_3/airflow/venv/lib/python3.11/site-packages/airflow/example_dags/example_latest_only.py took 0.166 seconds
[2024-11-06T10:59:21.637-1100] {processor.py:186} INFO - Started process (PID=227247) to work on /home/ouaillaamiri/Development/lsi_3/airflow/venv/lib/python3.11/site-packages/airflow/example_dags/example_latest_only.py
[2024-11-06T10:59:21.639-1100] {processor.py:914} INFO - Processing file /home/ouaillaamiri/Development/lsi_3/airflow/venv/lib/python3.11/site-packages/airflow/example_dags/example_latest_only.py for tasks to queue
[2024-11-06T10:59:21.643-1100] {logging_mixin.py:190} INFO - [2024-11-06T10:59:21.643-1100] {dagbag.py:588} INFO - Filling up the DagBag from /home/ouaillaamiri/Development/lsi_3/airflow/venv/lib/python3.11/site-packages/airflow/example_dags/example_latest_only.py
[2024-11-06T10:59:21.658-1100] {processor.py:925} INFO - DAG(s) 'latest_only' retrieved from /home/ouaillaamiri/Development/lsi_3/airflow/venv/lib/python3.11/site-packages/airflow/example_dags/example_latest_only.py
[2024-11-06T10:59:21.735-1100] {logging_mixin.py:190} INFO - [2024-11-06T10:59:21.734-1100] {dag.py:3239} INFO - Sync 1 DAGs
[2024-11-06T10:59:21.784-1100] {logging_mixin.py:190} INFO - [2024-11-06T10:59:21.784-1100] {dag.py:4180} INFO - Setting next_dagrun for latest_only to 2024-11-06 16:00:00+00:00, run_after=2024-11-06 20:00:00+00:00
[2024-11-06T10:59:21.824-1100] {processor.py:208} INFO - Processing /home/ouaillaamiri/Development/lsi_3/airflow/venv/lib/python3.11/site-packages/airflow/example_dags/example_latest_only.py took 0.199 seconds
[2024-11-06T10:59:52.950-1100] {processor.py:186} INFO - Started process (PID=227642) to work on /home/ouaillaamiri/Development/lsi_3/airflow/venv/lib/python3.11/site-packages/airflow/example_dags/example_latest_only.py
[2024-11-06T10:59:52.952-1100] {processor.py:914} INFO - Processing file /home/ouaillaamiri/Development/lsi_3/airflow/venv/lib/python3.11/site-packages/airflow/example_dags/example_latest_only.py for tasks to queue
[2024-11-06T10:59:52.956-1100] {logging_mixin.py:190} INFO - [2024-11-06T10:59:52.955-1100] {dagbag.py:588} INFO - Filling up the DagBag from /home/ouaillaamiri/Development/lsi_3/airflow/venv/lib/python3.11/site-packages/airflow/example_dags/example_latest_only.py
[2024-11-06T10:59:52.969-1100] {processor.py:925} INFO - DAG(s) 'latest_only' retrieved from /home/ouaillaamiri/Development/lsi_3/airflow/venv/lib/python3.11/site-packages/airflow/example_dags/example_latest_only.py
[2024-11-06T10:59:53.023-1100] {logging_mixin.py:190} INFO - [2024-11-06T10:59:53.022-1100] {dag.py:3239} INFO - Sync 1 DAGs
[2024-11-06T10:59:53.065-1100] {logging_mixin.py:190} INFO - [2024-11-06T10:59:53.064-1100] {dag.py:4180} INFO - Setting next_dagrun for latest_only to 2024-11-06 16:00:00+00:00, run_after=2024-11-06 20:00:00+00:00
[2024-11-06T10:59:53.099-1100] {processor.py:208} INFO - Processing /home/ouaillaamiri/Development/lsi_3/airflow/venv/lib/python3.11/site-packages/airflow/example_dags/example_latest_only.py took 0.162 seconds
[2024-11-06T11:00:59.386-1100] {processor.py:186} INFO - Started process (PID=228880) to work on /home/ouaillaamiri/Development/lsi_3/airflow/venv/lib/python3.11/site-packages/airflow/example_dags/example_latest_only.py
[2024-11-06T11:00:59.389-1100] {processor.py:914} INFO - Processing file /home/ouaillaamiri/Development/lsi_3/airflow/venv/lib/python3.11/site-packages/airflow/example_dags/example_latest_only.py for tasks to queue
[2024-11-06T11:00:59.395-1100] {logging_mixin.py:190} INFO - [2024-11-06T11:00:59.394-1100] {dagbag.py:588} INFO - Filling up the DagBag from /home/ouaillaamiri/Development/lsi_3/airflow/venv/lib/python3.11/site-packages/airflow/example_dags/example_latest_only.py
[2024-11-06T11:00:59.415-1100] {processor.py:925} INFO - DAG(s) 'latest_only' retrieved from /home/ouaillaamiri/Development/lsi_3/airflow/venv/lib/python3.11/site-packages/airflow/example_dags/example_latest_only.py
[2024-11-06T11:00:59.505-1100] {logging_mixin.py:190} INFO - [2024-11-06T11:00:59.504-1100] {dag.py:3239} INFO - Sync 1 DAGs
[2024-11-06T11:00:59.584-1100] {logging_mixin.py:190} INFO - [2024-11-06T11:00:59.583-1100] {dag.py:4180} INFO - Setting next_dagrun for latest_only to 2024-11-06 16:00:00+00:00, run_after=2024-11-06 20:00:00+00:00
[2024-11-06T11:00:59.644-1100] {processor.py:208} INFO - Processing /home/ouaillaamiri/Development/lsi_3/airflow/venv/lib/python3.11/site-packages/airflow/example_dags/example_latest_only.py took 0.278 seconds
[2024-11-06T11:01:30.494-1100] {processor.py:186} INFO - Started process (PID=229424) to work on /home/ouaillaamiri/Development/lsi_3/airflow/venv/lib/python3.11/site-packages/airflow/example_dags/example_latest_only.py
[2024-11-06T11:01:30.495-1100] {processor.py:914} INFO - Processing file /home/ouaillaamiri/Development/lsi_3/airflow/venv/lib/python3.11/site-packages/airflow/example_dags/example_latest_only.py for tasks to queue
[2024-11-06T11:01:30.500-1100] {logging_mixin.py:190} INFO - [2024-11-06T11:01:30.499-1100] {dagbag.py:588} INFO - Filling up the DagBag from /home/ouaillaamiri/Development/lsi_3/airflow/venv/lib/python3.11/site-packages/airflow/example_dags/example_latest_only.py
[2024-11-06T11:01:30.515-1100] {processor.py:925} INFO - DAG(s) 'latest_only' retrieved from /home/ouaillaamiri/Development/lsi_3/airflow/venv/lib/python3.11/site-packages/airflow/example_dags/example_latest_only.py
[2024-11-06T11:01:30.575-1100] {logging_mixin.py:190} INFO - [2024-11-06T11:01:30.574-1100] {dag.py:3239} INFO - Sync 1 DAGs
[2024-11-06T11:01:30.619-1100] {logging_mixin.py:190} INFO - [2024-11-06T11:01:30.618-1100] {dag.py:4180} INFO - Setting next_dagrun for latest_only to 2024-11-06 16:00:00+00:00, run_after=2024-11-06 20:00:00+00:00
[2024-11-06T11:01:30.653-1100] {processor.py:208} INFO - Processing /home/ouaillaamiri/Development/lsi_3/airflow/venv/lib/python3.11/site-packages/airflow/example_dags/example_latest_only.py took 0.173 seconds
[2024-11-06T11:02:01.044-1100] {processor.py:186} INFO - Started process (PID=229799) to work on /home/ouaillaamiri/Development/lsi_3/airflow/venv/lib/python3.11/site-packages/airflow/example_dags/example_latest_only.py
[2024-11-06T11:02:01.049-1100] {processor.py:914} INFO - Processing file /home/ouaillaamiri/Development/lsi_3/airflow/venv/lib/python3.11/site-packages/airflow/example_dags/example_latest_only.py for tasks to queue
[2024-11-06T11:02:01.054-1100] {logging_mixin.py:190} INFO - [2024-11-06T11:02:01.053-1100] {dagbag.py:588} INFO - Filling up the DagBag from /home/ouaillaamiri/Development/lsi_3/airflow/venv/lib/python3.11/site-packages/airflow/example_dags/example_latest_only.py
[2024-11-06T11:02:01.070-1100] {processor.py:925} INFO - DAG(s) 'latest_only' retrieved from /home/ouaillaamiri/Development/lsi_3/airflow/venv/lib/python3.11/site-packages/airflow/example_dags/example_latest_only.py
[2024-11-06T11:02:01.144-1100] {logging_mixin.py:190} INFO - [2024-11-06T11:02:01.143-1100] {dag.py:3239} INFO - Sync 1 DAGs
[2024-11-06T11:02:01.196-1100] {logging_mixin.py:190} INFO - [2024-11-06T11:02:01.195-1100] {dag.py:4180} INFO - Setting next_dagrun for latest_only to 2024-11-06 16:00:00+00:00, run_after=2024-11-06 20:00:00+00:00
[2024-11-06T11:02:01.250-1100] {processor.py:208} INFO - Processing /home/ouaillaamiri/Development/lsi_3/airflow/venv/lib/python3.11/site-packages/airflow/example_dags/example_latest_only.py took 0.218 seconds
[2024-11-06T11:02:31.339-1100] {processor.py:186} INFO - Started process (PID=230535) to work on /home/ouaillaamiri/Development/lsi_3/airflow/venv/lib/python3.11/site-packages/airflow/example_dags/example_latest_only.py
[2024-11-06T11:02:31.340-1100] {processor.py:914} INFO - Processing file /home/ouaillaamiri/Development/lsi_3/airflow/venv/lib/python3.11/site-packages/airflow/example_dags/example_latest_only.py for tasks to queue
[2024-11-06T11:02:31.344-1100] {logging_mixin.py:190} INFO - [2024-11-06T11:02:31.343-1100] {dagbag.py:588} INFO - Filling up the DagBag from /home/ouaillaamiri/Development/lsi_3/airflow/venv/lib/python3.11/site-packages/airflow/example_dags/example_latest_only.py
[2024-11-06T11:02:31.356-1100] {processor.py:925} INFO - DAG(s) 'latest_only' retrieved from /home/ouaillaamiri/Development/lsi_3/airflow/venv/lib/python3.11/site-packages/airflow/example_dags/example_latest_only.py
[2024-11-06T11:02:31.414-1100] {logging_mixin.py:190} INFO - [2024-11-06T11:02:31.414-1100] {dag.py:3239} INFO - Sync 1 DAGs
[2024-11-06T11:02:31.455-1100] {logging_mixin.py:190} INFO - [2024-11-06T11:02:31.455-1100] {dag.py:4180} INFO - Setting next_dagrun for latest_only to 2024-11-06 16:00:00+00:00, run_after=2024-11-06 20:00:00+00:00
[2024-11-06T11:02:31.493-1100] {processor.py:208} INFO - Processing /home/ouaillaamiri/Development/lsi_3/airflow/venv/lib/python3.11/site-packages/airflow/example_dags/example_latest_only.py took 0.164 seconds
[2024-11-06T11:03:02.396-1100] {processor.py:186} INFO - Started process (PID=231377) to work on /home/ouaillaamiri/Development/lsi_3/airflow/venv/lib/python3.11/site-packages/airflow/example_dags/example_latest_only.py
[2024-11-06T11:03:02.398-1100] {processor.py:914} INFO - Processing file /home/ouaillaamiri/Development/lsi_3/airflow/venv/lib/python3.11/site-packages/airflow/example_dags/example_latest_only.py for tasks to queue
[2024-11-06T11:03:02.402-1100] {logging_mixin.py:190} INFO - [2024-11-06T11:03:02.402-1100] {dagbag.py:588} INFO - Filling up the DagBag from /home/ouaillaamiri/Development/lsi_3/airflow/venv/lib/python3.11/site-packages/airflow/example_dags/example_latest_only.py
[2024-11-06T11:03:02.420-1100] {processor.py:925} INFO - DAG(s) 'latest_only' retrieved from /home/ouaillaamiri/Development/lsi_3/airflow/venv/lib/python3.11/site-packages/airflow/example_dags/example_latest_only.py
[2024-11-06T11:03:02.495-1100] {logging_mixin.py:190} INFO - [2024-11-06T11:03:02.494-1100] {dag.py:3239} INFO - Sync 1 DAGs
[2024-11-06T11:03:02.558-1100] {logging_mixin.py:190} INFO - [2024-11-06T11:03:02.557-1100] {dag.py:4180} INFO - Setting next_dagrun for latest_only to 2024-11-06 16:00:00+00:00, run_after=2024-11-06 20:00:00+00:00
[2024-11-06T11:03:02.627-1100] {processor.py:208} INFO - Processing /home/ouaillaamiri/Development/lsi_3/airflow/venv/lib/python3.11/site-packages/airflow/example_dags/example_latest_only.py took 0.244 seconds
[2024-11-06T11:03:34.124-1100] {processor.py:186} INFO - Started process (PID=231886) to work on /home/ouaillaamiri/Development/lsi_3/airflow/venv/lib/python3.11/site-packages/airflow/example_dags/example_latest_only.py
[2024-11-06T11:03:34.126-1100] {processor.py:914} INFO - Processing file /home/ouaillaamiri/Development/lsi_3/airflow/venv/lib/python3.11/site-packages/airflow/example_dags/example_latest_only.py for tasks to queue
[2024-11-06T11:03:34.136-1100] {logging_mixin.py:190} INFO - [2024-11-06T11:03:34.132-1100] {dagbag.py:588} INFO - Filling up the DagBag from /home/ouaillaamiri/Development/lsi_3/airflow/venv/lib/python3.11/site-packages/airflow/example_dags/example_latest_only.py
[2024-11-06T11:03:34.159-1100] {processor.py:925} INFO - DAG(s) 'latest_only' retrieved from /home/ouaillaamiri/Development/lsi_3/airflow/venv/lib/python3.11/site-packages/airflow/example_dags/example_latest_only.py
[2024-11-06T11:03:34.262-1100] {logging_mixin.py:190} INFO - [2024-11-06T11:03:34.262-1100] {dag.py:3239} INFO - Sync 1 DAGs
[2024-11-06T11:03:34.322-1100] {logging_mixin.py:190} INFO - [2024-11-06T11:03:34.321-1100] {dag.py:4180} INFO - Setting next_dagrun for latest_only to 2024-11-06 16:00:00+00:00, run_after=2024-11-06 20:00:00+00:00
[2024-11-06T11:03:34.364-1100] {processor.py:208} INFO - Processing /home/ouaillaamiri/Development/lsi_3/airflow/venv/lib/python3.11/site-packages/airflow/example_dags/example_latest_only.py took 0.261 seconds
[2024-11-06T11:04:04.726-1100] {processor.py:186} INFO - Started process (PID=232412) to work on /home/ouaillaamiri/Development/lsi_3/airflow/venv/lib/python3.11/site-packages/airflow/example_dags/example_latest_only.py
[2024-11-06T11:04:04.729-1100] {processor.py:914} INFO - Processing file /home/ouaillaamiri/Development/lsi_3/airflow/venv/lib/python3.11/site-packages/airflow/example_dags/example_latest_only.py for tasks to queue
[2024-11-06T11:04:04.735-1100] {logging_mixin.py:190} INFO - [2024-11-06T11:04:04.734-1100] {dagbag.py:588} INFO - Filling up the DagBag from /home/ouaillaamiri/Development/lsi_3/airflow/venv/lib/python3.11/site-packages/airflow/example_dags/example_latest_only.py
[2024-11-06T11:04:04.751-1100] {processor.py:925} INFO - DAG(s) 'latest_only' retrieved from /home/ouaillaamiri/Development/lsi_3/airflow/venv/lib/python3.11/site-packages/airflow/example_dags/example_latest_only.py
[2024-11-06T11:04:04.806-1100] {logging_mixin.py:190} INFO - [2024-11-06T11:04:04.805-1100] {dag.py:3239} INFO - Sync 1 DAGs
[2024-11-06T11:04:04.846-1100] {logging_mixin.py:190} INFO - [2024-11-06T11:04:04.846-1100] {dag.py:4180} INFO - Setting next_dagrun for latest_only to 2024-11-06 16:00:00+00:00, run_after=2024-11-06 20:00:00+00:00
[2024-11-06T11:04:04.881-1100] {processor.py:208} INFO - Processing /home/ouaillaamiri/Development/lsi_3/airflow/venv/lib/python3.11/site-packages/airflow/example_dags/example_latest_only.py took 0.172 seconds
[2024-11-06T11:04:35.296-1100] {processor.py:186} INFO - Started process (PID=232793) to work on /home/ouaillaamiri/Development/lsi_3/airflow/venv/lib/python3.11/site-packages/airflow/example_dags/example_latest_only.py
[2024-11-06T11:04:35.299-1100] {processor.py:914} INFO - Processing file /home/ouaillaamiri/Development/lsi_3/airflow/venv/lib/python3.11/site-packages/airflow/example_dags/example_latest_only.py for tasks to queue
[2024-11-06T11:04:35.303-1100] {logging_mixin.py:190} INFO - [2024-11-06T11:04:35.302-1100] {dagbag.py:588} INFO - Filling up the DagBag from /home/ouaillaamiri/Development/lsi_3/airflow/venv/lib/python3.11/site-packages/airflow/example_dags/example_latest_only.py
[2024-11-06T11:04:35.317-1100] {processor.py:925} INFO - DAG(s) 'latest_only' retrieved from /home/ouaillaamiri/Development/lsi_3/airflow/venv/lib/python3.11/site-packages/airflow/example_dags/example_latest_only.py
[2024-11-06T11:04:35.373-1100] {logging_mixin.py:190} INFO - [2024-11-06T11:04:35.372-1100] {dag.py:3239} INFO - Sync 1 DAGs
[2024-11-06T11:04:35.418-1100] {logging_mixin.py:190} INFO - [2024-11-06T11:04:35.417-1100] {dag.py:4180} INFO - Setting next_dagrun for latest_only to 2024-11-06 16:00:00+00:00, run_after=2024-11-06 20:00:00+00:00
[2024-11-06T11:04:35.460-1100] {processor.py:208} INFO - Processing /home/ouaillaamiri/Development/lsi_3/airflow/venv/lib/python3.11/site-packages/airflow/example_dags/example_latest_only.py took 0.175 seconds
