[2024-11-06T10:53:32.074-1100] {processor.py:186} INFO - Started process (PID=219353) to work on /home/ouaillaamiri/Development/lsi_3/airflow/venv/lib/python3.11/site-packages/airflow/example_dags/example_sla_dag.py
[2024-11-06T10:53:32.076-1100] {processor.py:914} INFO - Processing file /home/ouaillaamiri/Development/lsi_3/airflow/venv/lib/python3.11/site-packages/airflow/example_dags/example_sla_dag.py for tasks to queue
[2024-11-06T10:53:32.081-1100] {logging_mixin.py:190} INFO - [2024-11-06T10:53:32.080-1100] {dagbag.py:588} INFO - Filling up the DagBag from /home/ouaillaamiri/Development/lsi_3/airflow/venv/lib/python3.11/site-packages/airflow/example_dags/example_sla_dag.py
[2024-11-06T10:53:32.102-1100] {processor.py:925} INFO - DAG(s) 'example_sla_dag' retrieved from /home/ouaillaamiri/Development/lsi_3/airflow/venv/lib/python3.11/site-packages/airflow/example_dags/example_sla_dag.py
[2024-11-06T10:53:32.292-1100] {logging_mixin.py:190} INFO - [2024-11-06T10:53:32.291-1100] {override.py:1911} INFO - Created Permission View: can edit on DAG:example_sla_dag
[2024-11-06T10:53:32.312-1100] {logging_mixin.py:190} INFO - [2024-11-06T10:53:32.311-1100] {override.py:1911} INFO - Created Permission View: can delete on DAG:example_sla_dag
[2024-11-06T10:53:32.323-1100] {logging_mixin.py:190} INFO - [2024-11-06T10:53:32.322-1100] {override.py:1911} INFO - Created Permission View: can read on DAG:example_sla_dag
[2024-11-06T10:53:32.342-1100] {logging_mixin.py:190} INFO - [2024-11-06T10:53:32.341-1100] {override.py:1911} INFO - Created Permission View: can delete on DAG Run:example_sla_dag
[2024-11-06T10:53:32.360-1100] {logging_mixin.py:190} INFO - [2024-11-06T10:53:32.359-1100] {override.py:1911} INFO - Created Permission View: can create on DAG Run:example_sla_dag
[2024-11-06T10:53:32.380-1100] {logging_mixin.py:190} INFO - [2024-11-06T10:53:32.379-1100] {override.py:1911} INFO - Created Permission View: menu access on DAG Run:example_sla_dag
[2024-11-06T10:53:32.393-1100] {logging_mixin.py:190} INFO - [2024-11-06T10:53:32.392-1100] {override.py:1911} INFO - Created Permission View: can read on DAG Run:example_sla_dag
[2024-11-06T10:53:32.394-1100] {logging_mixin.py:190} INFO - [2024-11-06T10:53:32.393-1100] {dag.py:3239} INFO - Sync 1 DAGs
[2024-11-06T10:53:32.422-1100] {logging_mixin.py:190} INFO - [2024-11-06T10:53:32.422-1100] {dag.py:3262} INFO - Creating ORM DAG for example_sla_dag
[2024-11-06T10:53:32.452-1100] {logging_mixin.py:190} INFO - [2024-11-06T10:53:32.451-1100] {dag.py:4180} INFO - Setting next_dagrun for example_sla_dag to 2024-11-06 21:50:00+00:00, run_after=2024-11-06 21:52:00+00:00
[2024-11-06T10:53:32.493-1100] {processor.py:208} INFO - Processing /home/ouaillaamiri/Development/lsi_3/airflow/venv/lib/python3.11/site-packages/airflow/example_dags/example_sla_dag.py took 0.434 seconds
[2024-11-06T10:54:02.988-1100] {processor.py:186} INFO - Started process (PID=220081) to work on /home/ouaillaamiri/Development/lsi_3/airflow/venv/lib/python3.11/site-packages/airflow/example_dags/example_sla_dag.py
[2024-11-06T10:54:02.990-1100] {processor.py:914} INFO - Processing file /home/ouaillaamiri/Development/lsi_3/airflow/venv/lib/python3.11/site-packages/airflow/example_dags/example_sla_dag.py for tasks to queue
[2024-11-06T10:54:02.995-1100] {logging_mixin.py:190} INFO - [2024-11-06T10:54:02.994-1100] {dagbag.py:588} INFO - Filling up the DagBag from /home/ouaillaamiri/Development/lsi_3/airflow/venv/lib/python3.11/site-packages/airflow/example_dags/example_sla_dag.py
[2024-11-06T10:54:03.016-1100] {processor.py:925} INFO - DAG(s) 'example_sla_dag' retrieved from /home/ouaillaamiri/Development/lsi_3/airflow/venv/lib/python3.11/site-packages/airflow/example_dags/example_sla_dag.py
[2024-11-06T10:54:03.077-1100] {logging_mixin.py:190} INFO - [2024-11-06T10:54:03.077-1100] {dag.py:3239} INFO - Sync 1 DAGs
[2024-11-06T10:54:03.123-1100] {logging_mixin.py:190} INFO - [2024-11-06T10:54:03.123-1100] {dag.py:4180} INFO - Setting next_dagrun for example_sla_dag to 2024-11-06 21:52:00+00:00, run_after=2024-11-06 21:54:00+00:00
[2024-11-06T10:54:03.158-1100] {processor.py:208} INFO - Processing /home/ouaillaamiri/Development/lsi_3/airflow/venv/lib/python3.11/site-packages/airflow/example_dags/example_sla_dag.py took 0.182 seconds
[2024-11-06T10:54:33.566-1100] {processor.py:186} INFO - Started process (PID=220603) to work on /home/ouaillaamiri/Development/lsi_3/airflow/venv/lib/python3.11/site-packages/airflow/example_dags/example_sla_dag.py
[2024-11-06T10:54:33.568-1100] {processor.py:914} INFO - Processing file /home/ouaillaamiri/Development/lsi_3/airflow/venv/lib/python3.11/site-packages/airflow/example_dags/example_sla_dag.py for tasks to queue
[2024-11-06T10:54:33.573-1100] {logging_mixin.py:190} INFO - [2024-11-06T10:54:33.572-1100] {dagbag.py:588} INFO - Filling up the DagBag from /home/ouaillaamiri/Development/lsi_3/airflow/venv/lib/python3.11/site-packages/airflow/example_dags/example_sla_dag.py
[2024-11-06T10:54:33.589-1100] {processor.py:925} INFO - DAG(s) 'example_sla_dag' retrieved from /home/ouaillaamiri/Development/lsi_3/airflow/venv/lib/python3.11/site-packages/airflow/example_dags/example_sla_dag.py
[2024-11-06T10:54:33.644-1100] {logging_mixin.py:190} INFO - [2024-11-06T10:54:33.643-1100] {dag.py:3239} INFO - Sync 1 DAGs
[2024-11-06T10:54:33.688-1100] {logging_mixin.py:190} INFO - [2024-11-06T10:54:33.688-1100] {dag.py:4180} INFO - Setting next_dagrun for example_sla_dag to 2024-11-06 21:52:00+00:00, run_after=2024-11-06 21:54:00+00:00
[2024-11-06T10:54:33.721-1100] {processor.py:208} INFO - Processing /home/ouaillaamiri/Development/lsi_3/airflow/venv/lib/python3.11/site-packages/airflow/example_dags/example_sla_dag.py took 0.167 seconds
[2024-11-06T10:55:04.470-1100] {processor.py:186} INFO - Started process (PID=221140) to work on /home/ouaillaamiri/Development/lsi_3/airflow/venv/lib/python3.11/site-packages/airflow/example_dags/example_sla_dag.py
[2024-11-06T10:55:04.472-1100] {processor.py:914} INFO - Processing file /home/ouaillaamiri/Development/lsi_3/airflow/venv/lib/python3.11/site-packages/airflow/example_dags/example_sla_dag.py for tasks to queue
[2024-11-06T10:55:04.478-1100] {logging_mixin.py:190} INFO - [2024-11-06T10:55:04.477-1100] {dagbag.py:588} INFO - Filling up the DagBag from /home/ouaillaamiri/Development/lsi_3/airflow/venv/lib/python3.11/site-packages/airflow/example_dags/example_sla_dag.py
[2024-11-06T10:55:04.501-1100] {processor.py:925} INFO - DAG(s) 'example_sla_dag' retrieved from /home/ouaillaamiri/Development/lsi_3/airflow/venv/lib/python3.11/site-packages/airflow/example_dags/example_sla_dag.py
[2024-11-06T10:55:04.583-1100] {logging_mixin.py:190} INFO - [2024-11-06T10:55:04.583-1100] {dag.py:3239} INFO - Sync 1 DAGs
[2024-11-06T10:55:04.641-1100] {logging_mixin.py:190} INFO - [2024-11-06T10:55:04.641-1100] {dag.py:4180} INFO - Setting next_dagrun for example_sla_dag to 2024-11-06 21:52:00+00:00, run_after=2024-11-06 21:54:00+00:00
[2024-11-06T10:55:04.684-1100] {processor.py:208} INFO - Processing /home/ouaillaamiri/Development/lsi_3/airflow/venv/lib/python3.11/site-packages/airflow/example_dags/example_sla_dag.py took 0.226 seconds
[2024-11-06T10:55:35.166-1100] {processor.py:186} INFO - Started process (PID=221669) to work on /home/ouaillaamiri/Development/lsi_3/airflow/venv/lib/python3.11/site-packages/airflow/example_dags/example_sla_dag.py
[2024-11-06T10:55:35.168-1100] {processor.py:914} INFO - Processing file /home/ouaillaamiri/Development/lsi_3/airflow/venv/lib/python3.11/site-packages/airflow/example_dags/example_sla_dag.py for tasks to queue
[2024-11-06T10:55:35.172-1100] {logging_mixin.py:190} INFO - [2024-11-06T10:55:35.171-1100] {dagbag.py:588} INFO - Filling up the DagBag from /home/ouaillaamiri/Development/lsi_3/airflow/venv/lib/python3.11/site-packages/airflow/example_dags/example_sla_dag.py
[2024-11-06T10:55:35.197-1100] {processor.py:925} INFO - DAG(s) 'example_sla_dag' retrieved from /home/ouaillaamiri/Development/lsi_3/airflow/venv/lib/python3.11/site-packages/airflow/example_dags/example_sla_dag.py
[2024-11-06T10:55:35.248-1100] {logging_mixin.py:190} INFO - [2024-11-06T10:55:35.247-1100] {dag.py:3239} INFO - Sync 1 DAGs
[2024-11-06T10:55:35.290-1100] {logging_mixin.py:190} INFO - [2024-11-06T10:55:35.290-1100] {dag.py:4180} INFO - Setting next_dagrun for example_sla_dag to 2024-11-06 21:52:00+00:00, run_after=2024-11-06 21:54:00+00:00
[2024-11-06T10:55:35.322-1100] {processor.py:208} INFO - Processing /home/ouaillaamiri/Development/lsi_3/airflow/venv/lib/python3.11/site-packages/airflow/example_dags/example_sla_dag.py took 0.165 seconds
[2024-11-06T10:56:05.546-1100] {processor.py:186} INFO - Started process (PID=222046) to work on /home/ouaillaamiri/Development/lsi_3/airflow/venv/lib/python3.11/site-packages/airflow/example_dags/example_sla_dag.py
[2024-11-06T10:56:05.549-1100] {processor.py:914} INFO - Processing file /home/ouaillaamiri/Development/lsi_3/airflow/venv/lib/python3.11/site-packages/airflow/example_dags/example_sla_dag.py for tasks to queue
[2024-11-06T10:56:05.556-1100] {logging_mixin.py:190} INFO - [2024-11-06T10:56:05.555-1100] {dagbag.py:588} INFO - Filling up the DagBag from /home/ouaillaamiri/Development/lsi_3/airflow/venv/lib/python3.11/site-packages/airflow/example_dags/example_sla_dag.py
[2024-11-06T10:56:05.582-1100] {processor.py:925} INFO - DAG(s) 'example_sla_dag' retrieved from /home/ouaillaamiri/Development/lsi_3/airflow/venv/lib/python3.11/site-packages/airflow/example_dags/example_sla_dag.py
[2024-11-06T10:56:05.649-1100] {logging_mixin.py:190} INFO - [2024-11-06T10:56:05.648-1100] {dag.py:3239} INFO - Sync 1 DAGs
[2024-11-06T10:56:05.706-1100] {logging_mixin.py:190} INFO - [2024-11-06T10:56:05.705-1100] {dag.py:4180} INFO - Setting next_dagrun for example_sla_dag to 2024-11-06 21:54:00+00:00, run_after=2024-11-06 21:56:00+00:00
[2024-11-06T10:56:05.747-1100] {processor.py:208} INFO - Processing /home/ouaillaamiri/Development/lsi_3/airflow/venv/lib/python3.11/site-packages/airflow/example_dags/example_sla_dag.py took 0.218 seconds
[2024-11-06T10:56:44.771-1100] {processor.py:186} INFO - Started process (PID=223160) to work on /home/ouaillaamiri/Development/lsi_3/airflow/venv/lib/python3.11/site-packages/airflow/example_dags/example_sla_dag.py
[2024-11-06T10:56:44.774-1100] {processor.py:914} INFO - Processing file /home/ouaillaamiri/Development/lsi_3/airflow/venv/lib/python3.11/site-packages/airflow/example_dags/example_sla_dag.py for tasks to queue
[2024-11-06T10:56:44.781-1100] {logging_mixin.py:190} INFO - [2024-11-06T10:56:44.780-1100] {dagbag.py:588} INFO - Filling up the DagBag from /home/ouaillaamiri/Development/lsi_3/airflow/venv/lib/python3.11/site-packages/airflow/example_dags/example_sla_dag.py
[2024-11-06T10:56:44.807-1100] {processor.py:925} INFO - DAG(s) 'example_sla_dag' retrieved from /home/ouaillaamiri/Development/lsi_3/airflow/venv/lib/python3.11/site-packages/airflow/example_dags/example_sla_dag.py
[2024-11-06T10:56:44.869-1100] {logging_mixin.py:190} INFO - [2024-11-06T10:56:44.868-1100] {dag.py:3239} INFO - Sync 1 DAGs
[2024-11-06T10:56:44.917-1100] {logging_mixin.py:190} INFO - [2024-11-06T10:56:44.916-1100] {dag.py:4180} INFO - Setting next_dagrun for example_sla_dag to 2024-11-06 21:54:00+00:00, run_after=2024-11-06 21:56:00+00:00
[2024-11-06T10:56:44.951-1100] {processor.py:208} INFO - Processing /home/ouaillaamiri/Development/lsi_3/airflow/venv/lib/python3.11/site-packages/airflow/example_dags/example_sla_dag.py took 0.198 seconds
[2024-11-06T10:57:15.653-1100] {processor.py:186} INFO - Started process (PID=224281) to work on /home/ouaillaamiri/Development/lsi_3/airflow/venv/lib/python3.11/site-packages/airflow/example_dags/example_sla_dag.py
[2024-11-06T10:57:15.654-1100] {processor.py:914} INFO - Processing file /home/ouaillaamiri/Development/lsi_3/airflow/venv/lib/python3.11/site-packages/airflow/example_dags/example_sla_dag.py for tasks to queue
[2024-11-06T10:57:15.659-1100] {logging_mixin.py:190} INFO - [2024-11-06T10:57:15.658-1100] {dagbag.py:588} INFO - Filling up the DagBag from /home/ouaillaamiri/Development/lsi_3/airflow/venv/lib/python3.11/site-packages/airflow/example_dags/example_sla_dag.py
[2024-11-06T10:57:15.679-1100] {processor.py:925} INFO - DAG(s) 'example_sla_dag' retrieved from /home/ouaillaamiri/Development/lsi_3/airflow/venv/lib/python3.11/site-packages/airflow/example_dags/example_sla_dag.py
[2024-11-06T10:57:15.737-1100] {logging_mixin.py:190} INFO - [2024-11-06T10:57:15.737-1100] {dag.py:3239} INFO - Sync 1 DAGs
[2024-11-06T10:57:15.788-1100] {logging_mixin.py:190} INFO - [2024-11-06T10:57:15.788-1100] {dag.py:4180} INFO - Setting next_dagrun for example_sla_dag to 2024-11-06 21:54:00+00:00, run_after=2024-11-06 21:56:00+00:00
[2024-11-06T10:57:15.830-1100] {processor.py:208} INFO - Processing /home/ouaillaamiri/Development/lsi_3/airflow/venv/lib/python3.11/site-packages/airflow/example_dags/example_sla_dag.py took 0.189 seconds
[2024-11-06T10:57:46.353-1100] {processor.py:186} INFO - Started process (PID=224994) to work on /home/ouaillaamiri/Development/lsi_3/airflow/venv/lib/python3.11/site-packages/airflow/example_dags/example_sla_dag.py
[2024-11-06T10:57:46.356-1100] {processor.py:914} INFO - Processing file /home/ouaillaamiri/Development/lsi_3/airflow/venv/lib/python3.11/site-packages/airflow/example_dags/example_sla_dag.py for tasks to queue
[2024-11-06T10:57:46.362-1100] {logging_mixin.py:190} INFO - [2024-11-06T10:57:46.361-1100] {dagbag.py:588} INFO - Filling up the DagBag from /home/ouaillaamiri/Development/lsi_3/airflow/venv/lib/python3.11/site-packages/airflow/example_dags/example_sla_dag.py
[2024-11-06T10:57:46.389-1100] {processor.py:925} INFO - DAG(s) 'example_sla_dag' retrieved from /home/ouaillaamiri/Development/lsi_3/airflow/venv/lib/python3.11/site-packages/airflow/example_dags/example_sla_dag.py
[2024-11-06T10:57:46.463-1100] {logging_mixin.py:190} INFO - [2024-11-06T10:57:46.462-1100] {dag.py:3239} INFO - Sync 1 DAGs
[2024-11-06T10:57:46.546-1100] {logging_mixin.py:190} INFO - [2024-11-06T10:57:46.546-1100] {dag.py:4180} INFO - Setting next_dagrun for example_sla_dag to 2024-11-06 21:54:00+00:00, run_after=2024-11-06 21:56:00+00:00
[2024-11-06T10:57:46.596-1100] {processor.py:208} INFO - Processing /home/ouaillaamiri/Development/lsi_3/airflow/venv/lib/python3.11/site-packages/airflow/example_dags/example_sla_dag.py took 0.262 seconds
[2024-11-06T10:58:17.350-1100] {processor.py:186} INFO - Started process (PID=225696) to work on /home/ouaillaamiri/Development/lsi_3/airflow/venv/lib/python3.11/site-packages/airflow/example_dags/example_sla_dag.py
[2024-11-06T10:58:17.352-1100] {processor.py:914} INFO - Processing file /home/ouaillaamiri/Development/lsi_3/airflow/venv/lib/python3.11/site-packages/airflow/example_dags/example_sla_dag.py for tasks to queue
[2024-11-06T10:58:17.355-1100] {logging_mixin.py:190} INFO - [2024-11-06T10:58:17.355-1100] {dagbag.py:588} INFO - Filling up the DagBag from /home/ouaillaamiri/Development/lsi_3/airflow/venv/lib/python3.11/site-packages/airflow/example_dags/example_sla_dag.py
[2024-11-06T10:58:17.374-1100] {processor.py:925} INFO - DAG(s) 'example_sla_dag' retrieved from /home/ouaillaamiri/Development/lsi_3/airflow/venv/lib/python3.11/site-packages/airflow/example_dags/example_sla_dag.py
[2024-11-06T10:58:17.441-1100] {logging_mixin.py:190} INFO - [2024-11-06T10:58:17.440-1100] {dag.py:3239} INFO - Sync 1 DAGs
[2024-11-06T10:58:17.486-1100] {logging_mixin.py:190} INFO - [2024-11-06T10:58:17.486-1100] {dag.py:4180} INFO - Setting next_dagrun for example_sla_dag to 2024-11-06 21:56:00+00:00, run_after=2024-11-06 21:58:00+00:00
[2024-11-06T10:58:17.521-1100] {processor.py:208} INFO - Processing /home/ouaillaamiri/Development/lsi_3/airflow/venv/lib/python3.11/site-packages/airflow/example_dags/example_sla_dag.py took 0.183 seconds
[2024-11-06T10:58:48.073-1100] {processor.py:186} INFO - Started process (PID=226413) to work on /home/ouaillaamiri/Development/lsi_3/airflow/venv/lib/python3.11/site-packages/airflow/example_dags/example_sla_dag.py
[2024-11-06T10:58:48.076-1100] {processor.py:914} INFO - Processing file /home/ouaillaamiri/Development/lsi_3/airflow/venv/lib/python3.11/site-packages/airflow/example_dags/example_sla_dag.py for tasks to queue
[2024-11-06T10:58:48.080-1100] {logging_mixin.py:190} INFO - [2024-11-06T10:58:48.079-1100] {dagbag.py:588} INFO - Filling up the DagBag from /home/ouaillaamiri/Development/lsi_3/airflow/venv/lib/python3.11/site-packages/airflow/example_dags/example_sla_dag.py
[2024-11-06T10:58:48.104-1100] {processor.py:925} INFO - DAG(s) 'example_sla_dag' retrieved from /home/ouaillaamiri/Development/lsi_3/airflow/venv/lib/python3.11/site-packages/airflow/example_dags/example_sla_dag.py
[2024-11-06T10:58:48.169-1100] {logging_mixin.py:190} INFO - [2024-11-06T10:58:48.168-1100] {dag.py:3239} INFO - Sync 1 DAGs
[2024-11-06T10:58:48.213-1100] {logging_mixin.py:190} INFO - [2024-11-06T10:58:48.213-1100] {dag.py:4180} INFO - Setting next_dagrun for example_sla_dag to 2024-11-06 21:56:00+00:00, run_after=2024-11-06 21:58:00+00:00
[2024-11-06T10:58:48.243-1100] {processor.py:208} INFO - Processing /home/ouaillaamiri/Development/lsi_3/airflow/venv/lib/python3.11/site-packages/airflow/example_dags/example_sla_dag.py took 0.182 seconds
[2024-11-06T10:59:18.549-1100] {processor.py:186} INFO - Started process (PID=227116) to work on /home/ouaillaamiri/Development/lsi_3/airflow/venv/lib/python3.11/site-packages/airflow/example_dags/example_sla_dag.py
[2024-11-06T10:59:18.550-1100] {processor.py:914} INFO - Processing file /home/ouaillaamiri/Development/lsi_3/airflow/venv/lib/python3.11/site-packages/airflow/example_dags/example_sla_dag.py for tasks to queue
[2024-11-06T10:59:18.554-1100] {logging_mixin.py:190} INFO - [2024-11-06T10:59:18.553-1100] {dagbag.py:588} INFO - Filling up the DagBag from /home/ouaillaamiri/Development/lsi_3/airflow/venv/lib/python3.11/site-packages/airflow/example_dags/example_sla_dag.py
[2024-11-06T10:59:18.573-1100] {processor.py:925} INFO - DAG(s) 'example_sla_dag' retrieved from /home/ouaillaamiri/Development/lsi_3/airflow/venv/lib/python3.11/site-packages/airflow/example_dags/example_sla_dag.py
[2024-11-06T10:59:18.631-1100] {logging_mixin.py:190} INFO - [2024-11-06T10:59:18.631-1100] {dag.py:3239} INFO - Sync 1 DAGs
[2024-11-06T10:59:18.688-1100] {logging_mixin.py:190} INFO - [2024-11-06T10:59:18.687-1100] {dag.py:4180} INFO - Setting next_dagrun for example_sla_dag to 2024-11-06 21:56:00+00:00, run_after=2024-11-06 21:58:00+00:00
[2024-11-06T10:59:18.727-1100] {processor.py:208} INFO - Processing /home/ouaillaamiri/Development/lsi_3/airflow/venv/lib/python3.11/site-packages/airflow/example_dags/example_sla_dag.py took 0.188 seconds
[2024-11-06T10:59:49.645-1100] {processor.py:186} INFO - Started process (PID=227509) to work on /home/ouaillaamiri/Development/lsi_3/airflow/venv/lib/python3.11/site-packages/airflow/example_dags/example_sla_dag.py
[2024-11-06T10:59:49.647-1100] {processor.py:914} INFO - Processing file /home/ouaillaamiri/Development/lsi_3/airflow/venv/lib/python3.11/site-packages/airflow/example_dags/example_sla_dag.py for tasks to queue
[2024-11-06T10:59:49.653-1100] {logging_mixin.py:190} INFO - [2024-11-06T10:59:49.652-1100] {dagbag.py:588} INFO - Filling up the DagBag from /home/ouaillaamiri/Development/lsi_3/airflow/venv/lib/python3.11/site-packages/airflow/example_dags/example_sla_dag.py
[2024-11-06T10:59:49.675-1100] {processor.py:925} INFO - DAG(s) 'example_sla_dag' retrieved from /home/ouaillaamiri/Development/lsi_3/airflow/venv/lib/python3.11/site-packages/airflow/example_dags/example_sla_dag.py
[2024-11-06T10:59:49.731-1100] {logging_mixin.py:190} INFO - [2024-11-06T10:59:49.730-1100] {dag.py:3239} INFO - Sync 1 DAGs
[2024-11-06T10:59:49.773-1100] {logging_mixin.py:190} INFO - [2024-11-06T10:59:49.773-1100] {dag.py:4180} INFO - Setting next_dagrun for example_sla_dag to 2024-11-06 21:56:00+00:00, run_after=2024-11-06 21:58:00+00:00
[2024-11-06T10:59:49.805-1100] {processor.py:208} INFO - Processing /home/ouaillaamiri/Development/lsi_3/airflow/venv/lib/python3.11/site-packages/airflow/example_dags/example_sla_dag.py took 0.172 seconds
[2024-11-06T11:00:56.368-1100] {processor.py:186} INFO - Started process (PID=228692) to work on /home/ouaillaamiri/Development/lsi_3/airflow/venv/lib/python3.11/site-packages/airflow/example_dags/example_sla_dag.py
[2024-11-06T11:00:56.371-1100] {processor.py:914} INFO - Processing file /home/ouaillaamiri/Development/lsi_3/airflow/venv/lib/python3.11/site-packages/airflow/example_dags/example_sla_dag.py for tasks to queue
[2024-11-06T11:00:56.377-1100] {logging_mixin.py:190} INFO - [2024-11-06T11:00:56.376-1100] {dagbag.py:588} INFO - Filling up the DagBag from /home/ouaillaamiri/Development/lsi_3/airflow/venv/lib/python3.11/site-packages/airflow/example_dags/example_sla_dag.py
[2024-11-06T11:00:56.405-1100] {processor.py:925} INFO - DAG(s) 'example_sla_dag' retrieved from /home/ouaillaamiri/Development/lsi_3/airflow/venv/lib/python3.11/site-packages/airflow/example_dags/example_sla_dag.py
[2024-11-06T11:00:56.476-1100] {logging_mixin.py:190} INFO - [2024-11-06T11:00:56.475-1100] {dag.py:3239} INFO - Sync 1 DAGs
[2024-11-06T11:00:56.535-1100] {logging_mixin.py:190} INFO - [2024-11-06T11:00:56.535-1100] {dag.py:4180} INFO - Setting next_dagrun for example_sla_dag to 2024-11-06 21:58:00+00:00, run_after=2024-11-06 22:00:00+00:00
[2024-11-06T11:00:56.571-1100] {processor.py:208} INFO - Processing /home/ouaillaamiri/Development/lsi_3/airflow/venv/lib/python3.11/site-packages/airflow/example_dags/example_sla_dag.py took 0.218 seconds
[2024-11-06T11:01:26.983-1100] {processor.py:186} INFO - Started process (PID=229293) to work on /home/ouaillaamiri/Development/lsi_3/airflow/venv/lib/python3.11/site-packages/airflow/example_dags/example_sla_dag.py
[2024-11-06T11:01:26.985-1100] {processor.py:914} INFO - Processing file /home/ouaillaamiri/Development/lsi_3/airflow/venv/lib/python3.11/site-packages/airflow/example_dags/example_sla_dag.py for tasks to queue
[2024-11-06T11:01:26.990-1100] {logging_mixin.py:190} INFO - [2024-11-06T11:01:26.989-1100] {dagbag.py:588} INFO - Filling up the DagBag from /home/ouaillaamiri/Development/lsi_3/airflow/venv/lib/python3.11/site-packages/airflow/example_dags/example_sla_dag.py
[2024-11-06T11:01:27.013-1100] {processor.py:925} INFO - DAG(s) 'example_sla_dag' retrieved from /home/ouaillaamiri/Development/lsi_3/airflow/venv/lib/python3.11/site-packages/airflow/example_dags/example_sla_dag.py
[2024-11-06T11:01:27.075-1100] {logging_mixin.py:190} INFO - [2024-11-06T11:01:27.074-1100] {dag.py:3239} INFO - Sync 1 DAGs
[2024-11-06T11:01:27.134-1100] {logging_mixin.py:190} INFO - [2024-11-06T11:01:27.133-1100] {dag.py:4180} INFO - Setting next_dagrun for example_sla_dag to 2024-11-06 21:58:00+00:00, run_after=2024-11-06 22:00:00+00:00
[2024-11-06T11:01:27.182-1100] {processor.py:208} INFO - Processing /home/ouaillaamiri/Development/lsi_3/airflow/venv/lib/python3.11/site-packages/airflow/example_dags/example_sla_dag.py took 0.211 seconds
[2024-11-06T11:01:57.602-1100] {processor.py:186} INFO - Started process (PID=229668) to work on /home/ouaillaamiri/Development/lsi_3/airflow/venv/lib/python3.11/site-packages/airflow/example_dags/example_sla_dag.py
[2024-11-06T11:01:57.604-1100] {processor.py:914} INFO - Processing file /home/ouaillaamiri/Development/lsi_3/airflow/venv/lib/python3.11/site-packages/airflow/example_dags/example_sla_dag.py for tasks to queue
[2024-11-06T11:01:57.608-1100] {logging_mixin.py:190} INFO - [2024-11-06T11:01:57.608-1100] {dagbag.py:588} INFO - Filling up the DagBag from /home/ouaillaamiri/Development/lsi_3/airflow/venv/lib/python3.11/site-packages/airflow/example_dags/example_sla_dag.py
[2024-11-06T11:01:57.628-1100] {processor.py:925} INFO - DAG(s) 'example_sla_dag' retrieved from /home/ouaillaamiri/Development/lsi_3/airflow/venv/lib/python3.11/site-packages/airflow/example_dags/example_sla_dag.py
[2024-11-06T11:01:57.681-1100] {logging_mixin.py:190} INFO - [2024-11-06T11:01:57.681-1100] {dag.py:3239} INFO - Sync 1 DAGs
[2024-11-06T11:01:57.725-1100] {logging_mixin.py:190} INFO - [2024-11-06T11:01:57.724-1100] {dag.py:4180} INFO - Setting next_dagrun for example_sla_dag to 2024-11-06 21:58:00+00:00, run_after=2024-11-06 22:00:00+00:00
[2024-11-06T11:01:57.758-1100] {processor.py:208} INFO - Processing /home/ouaillaamiri/Development/lsi_3/airflow/venv/lib/python3.11/site-packages/airflow/example_dags/example_sla_dag.py took 0.167 seconds
[2024-11-06T11:02:27.940-1100] {processor.py:186} INFO - Started process (PID=230258) to work on /home/ouaillaamiri/Development/lsi_3/airflow/venv/lib/python3.11/site-packages/airflow/example_dags/example_sla_dag.py
[2024-11-06T11:02:27.942-1100] {processor.py:914} INFO - Processing file /home/ouaillaamiri/Development/lsi_3/airflow/venv/lib/python3.11/site-packages/airflow/example_dags/example_sla_dag.py for tasks to queue
[2024-11-06T11:02:27.946-1100] {logging_mixin.py:190} INFO - [2024-11-06T11:02:27.945-1100] {dagbag.py:588} INFO - Filling up the DagBag from /home/ouaillaamiri/Development/lsi_3/airflow/venv/lib/python3.11/site-packages/airflow/example_dags/example_sla_dag.py
[2024-11-06T11:02:27.966-1100] {processor.py:925} INFO - DAG(s) 'example_sla_dag' retrieved from /home/ouaillaamiri/Development/lsi_3/airflow/venv/lib/python3.11/site-packages/airflow/example_dags/example_sla_dag.py
[2024-11-06T11:02:28.026-1100] {logging_mixin.py:190} INFO - [2024-11-06T11:02:28.026-1100] {dag.py:3239} INFO - Sync 1 DAGs
[2024-11-06T11:02:28.076-1100] {logging_mixin.py:190} INFO - [2024-11-06T11:02:28.075-1100] {dag.py:4180} INFO - Setting next_dagrun for example_sla_dag to 2024-11-06 22:00:00+00:00, run_after=2024-11-06 22:02:00+00:00
[2024-11-06T11:02:28.113-1100] {processor.py:208} INFO - Processing /home/ouaillaamiri/Development/lsi_3/airflow/venv/lib/python3.11/site-packages/airflow/example_dags/example_sla_dag.py took 0.185 seconds
[2024-11-06T11:02:58.756-1100] {processor.py:186} INFO - Started process (PID=231245) to work on /home/ouaillaamiri/Development/lsi_3/airflow/venv/lib/python3.11/site-packages/airflow/example_dags/example_sla_dag.py
[2024-11-06T11:02:58.758-1100] {processor.py:914} INFO - Processing file /home/ouaillaamiri/Development/lsi_3/airflow/venv/lib/python3.11/site-packages/airflow/example_dags/example_sla_dag.py for tasks to queue
[2024-11-06T11:02:58.763-1100] {logging_mixin.py:190} INFO - [2024-11-06T11:02:58.762-1100] {dagbag.py:588} INFO - Filling up the DagBag from /home/ouaillaamiri/Development/lsi_3/airflow/venv/lib/python3.11/site-packages/airflow/example_dags/example_sla_dag.py
[2024-11-06T11:02:58.785-1100] {processor.py:925} INFO - DAG(s) 'example_sla_dag' retrieved from /home/ouaillaamiri/Development/lsi_3/airflow/venv/lib/python3.11/site-packages/airflow/example_dags/example_sla_dag.py
[2024-11-06T11:02:58.843-1100] {logging_mixin.py:190} INFO - [2024-11-06T11:02:58.842-1100] {dag.py:3239} INFO - Sync 1 DAGs
[2024-11-06T11:02:58.894-1100] {logging_mixin.py:190} INFO - [2024-11-06T11:02:58.894-1100] {dag.py:4180} INFO - Setting next_dagrun for example_sla_dag to 2024-11-06 22:00:00+00:00, run_after=2024-11-06 22:02:00+00:00
[2024-11-06T11:02:58.929-1100] {processor.py:208} INFO - Processing /home/ouaillaamiri/Development/lsi_3/airflow/venv/lib/python3.11/site-packages/airflow/example_dags/example_sla_dag.py took 0.188 seconds
[2024-11-06T11:03:29.480-1100] {processor.py:186} INFO - Started process (PID=231605) to work on /home/ouaillaamiri/Development/lsi_3/airflow/venv/lib/python3.11/site-packages/airflow/example_dags/example_sla_dag.py
[2024-11-06T11:03:29.483-1100] {processor.py:914} INFO - Processing file /home/ouaillaamiri/Development/lsi_3/airflow/venv/lib/python3.11/site-packages/airflow/example_dags/example_sla_dag.py for tasks to queue
[2024-11-06T11:03:29.488-1100] {logging_mixin.py:190} INFO - [2024-11-06T11:03:29.487-1100] {dagbag.py:588} INFO - Filling up the DagBag from /home/ouaillaamiri/Development/lsi_3/airflow/venv/lib/python3.11/site-packages/airflow/example_dags/example_sla_dag.py
[2024-11-06T11:03:29.522-1100] {processor.py:925} INFO - DAG(s) 'example_sla_dag' retrieved from /home/ouaillaamiri/Development/lsi_3/airflow/venv/lib/python3.11/site-packages/airflow/example_dags/example_sla_dag.py
[2024-11-06T11:03:29.603-1100] {logging_mixin.py:190} INFO - [2024-11-06T11:03:29.603-1100] {dag.py:3239} INFO - Sync 1 DAGs
[2024-11-06T11:03:29.684-1100] {logging_mixin.py:190} INFO - [2024-11-06T11:03:29.683-1100] {dag.py:4180} INFO - Setting next_dagrun for example_sla_dag to 2024-11-06 22:00:00+00:00, run_after=2024-11-06 22:02:00+00:00
[2024-11-06T11:03:29.730-1100] {processor.py:208} INFO - Processing /home/ouaillaamiri/Development/lsi_3/airflow/venv/lib/python3.11/site-packages/airflow/example_dags/example_sla_dag.py took 0.269 seconds
[2024-11-06T11:03:59.879-1100] {processor.py:186} INFO - Started process (PID=232281) to work on /home/ouaillaamiri/Development/lsi_3/airflow/venv/lib/python3.11/site-packages/airflow/example_dags/example_sla_dag.py
[2024-11-06T11:03:59.881-1100] {processor.py:914} INFO - Processing file /home/ouaillaamiri/Development/lsi_3/airflow/venv/lib/python3.11/site-packages/airflow/example_dags/example_sla_dag.py for tasks to queue
[2024-11-06T11:03:59.884-1100] {logging_mixin.py:190} INFO - [2024-11-06T11:03:59.884-1100] {dagbag.py:588} INFO - Filling up the DagBag from /home/ouaillaamiri/Development/lsi_3/airflow/venv/lib/python3.11/site-packages/airflow/example_dags/example_sla_dag.py
[2024-11-06T11:03:59.910-1100] {processor.py:925} INFO - DAG(s) 'example_sla_dag' retrieved from /home/ouaillaamiri/Development/lsi_3/airflow/venv/lib/python3.11/site-packages/airflow/example_dags/example_sla_dag.py
[2024-11-06T11:03:59.966-1100] {logging_mixin.py:190} INFO - [2024-11-06T11:03:59.965-1100] {dag.py:3239} INFO - Sync 1 DAGs
[2024-11-06T11:04:00.019-1100] {logging_mixin.py:190} INFO - [2024-11-06T11:04:00.018-1100] {dag.py:4180} INFO - Setting next_dagrun for example_sla_dag to 2024-11-06 22:02:00+00:00, run_after=2024-11-06 22:04:00+00:00
[2024-11-06T11:04:00.052-1100] {processor.py:208} INFO - Processing /home/ouaillaamiri/Development/lsi_3/airflow/venv/lib/python3.11/site-packages/airflow/example_dags/example_sla_dag.py took 0.183 seconds
[2024-11-06T11:04:30.806-1100] {processor.py:186} INFO - Started process (PID=232655) to work on /home/ouaillaamiri/Development/lsi_3/airflow/venv/lib/python3.11/site-packages/airflow/example_dags/example_sla_dag.py
[2024-11-06T11:04:30.808-1100] {processor.py:914} INFO - Processing file /home/ouaillaamiri/Development/lsi_3/airflow/venv/lib/python3.11/site-packages/airflow/example_dags/example_sla_dag.py for tasks to queue
[2024-11-06T11:04:30.814-1100] {logging_mixin.py:190} INFO - [2024-11-06T11:04:30.813-1100] {dagbag.py:588} INFO - Filling up the DagBag from /home/ouaillaamiri/Development/lsi_3/airflow/venv/lib/python3.11/site-packages/airflow/example_dags/example_sla_dag.py
[2024-11-06T11:04:30.850-1100] {processor.py:925} INFO - DAG(s) 'example_sla_dag' retrieved from /home/ouaillaamiri/Development/lsi_3/airflow/venv/lib/python3.11/site-packages/airflow/example_dags/example_sla_dag.py
[2024-11-06T11:04:30.925-1100] {logging_mixin.py:190} INFO - [2024-11-06T11:04:30.924-1100] {dag.py:3239} INFO - Sync 1 DAGs
[2024-11-06T11:04:30.990-1100] {logging_mixin.py:190} INFO - [2024-11-06T11:04:30.990-1100] {dag.py:4180} INFO - Setting next_dagrun for example_sla_dag to 2024-11-06 22:02:00+00:00, run_after=2024-11-06 22:04:00+00:00
[2024-11-06T11:04:31.034-1100] {processor.py:208} INFO - Processing /home/ouaillaamiri/Development/lsi_3/airflow/venv/lib/python3.11/site-packages/airflow/example_dags/example_sla_dag.py took 0.244 seconds
