[2024-11-06T10:53:30.046-1100] {processor.py:186} INFO - Started process (PID=219227) to work on /home/ouaillaamiri/Development/lsi_3/airflow/venv/lib/python3.11/site-packages/airflow/example_dags/example_task_group.py
[2024-11-06T10:53:30.051-1100] {processor.py:914} INFO - Processing file /home/ouaillaamiri/Development/lsi_3/airflow/venv/lib/python3.11/site-packages/airflow/example_dags/example_task_group.py for tasks to queue
[2024-11-06T10:53:30.060-1100] {logging_mixin.py:190} INFO - [2024-11-06T10:53:30.059-1100] {dagbag.py:588} INFO - Filling up the DagBag from /home/ouaillaamiri/Development/lsi_3/airflow/venv/lib/python3.11/site-packages/airflow/example_dags/example_task_group.py
[2024-11-06T10:53:30.102-1100] {processor.py:925} INFO - DAG(s) 'example_task_group' retrieved from /home/ouaillaamiri/Development/lsi_3/airflow/venv/lib/python3.11/site-packages/airflow/example_dags/example_task_group.py
[2024-11-06T10:53:30.586-1100] {logging_mixin.py:190} INFO - [2024-11-06T10:53:30.582-1100] {override.py:1911} INFO - Created Permission View: can edit on DAG:example_task_group
[2024-11-06T10:53:30.633-1100] {logging_mixin.py:190} INFO - [2024-11-06T10:53:30.631-1100] {override.py:1911} INFO - Created Permission View: can delete on DAG:example_task_group
[2024-11-06T10:53:30.669-1100] {logging_mixin.py:190} INFO - [2024-11-06T10:53:30.668-1100] {override.py:1911} INFO - Created Permission View: can read on DAG:example_task_group
[2024-11-06T10:53:30.707-1100] {logging_mixin.py:190} INFO - [2024-11-06T10:53:30.706-1100] {override.py:1911} INFO - Created Permission View: can delete on DAG Run:example_task_group
[2024-11-06T10:53:30.744-1100] {logging_mixin.py:190} INFO - [2024-11-06T10:53:30.743-1100] {override.py:1911} INFO - Created Permission View: can create on DAG Run:example_task_group
[2024-11-06T10:53:30.775-1100] {logging_mixin.py:190} INFO - [2024-11-06T10:53:30.774-1100] {override.py:1911} INFO - Created Permission View: menu access on DAG Run:example_task_group
[2024-11-06T10:53:30.830-1100] {logging_mixin.py:190} INFO - [2024-11-06T10:53:30.829-1100] {override.py:1911} INFO - Created Permission View: can read on DAG Run:example_task_group
[2024-11-06T10:53:30.832-1100] {logging_mixin.py:190} INFO - [2024-11-06T10:53:30.831-1100] {dag.py:3239} INFO - Sync 1 DAGs
[2024-11-06T10:53:30.893-1100] {logging_mixin.py:190} INFO - [2024-11-06T10:53:30.892-1100] {dag.py:3262} INFO - Creating ORM DAG for example_task_group
[2024-11-06T10:53:30.895-1100] {logging_mixin.py:190} INFO - [2024-11-06T10:53:30.895-1100] {dag.py:4180} INFO - Setting next_dagrun for example_task_group to None, run_after=None
[2024-11-06T10:53:30.960-1100] {processor.py:208} INFO - Processing /home/ouaillaamiri/Development/lsi_3/airflow/venv/lib/python3.11/site-packages/airflow/example_dags/example_task_group.py took 0.932 seconds
[2024-11-06T10:54:01.356-1100] {processor.py:186} INFO - Started process (PID=220047) to work on /home/ouaillaamiri/Development/lsi_3/airflow/venv/lib/python3.11/site-packages/airflow/example_dags/example_task_group.py
[2024-11-06T10:54:01.358-1100] {processor.py:914} INFO - Processing file /home/ouaillaamiri/Development/lsi_3/airflow/venv/lib/python3.11/site-packages/airflow/example_dags/example_task_group.py for tasks to queue
[2024-11-06T10:54:01.362-1100] {logging_mixin.py:190} INFO - [2024-11-06T10:54:01.361-1100] {dagbag.py:588} INFO - Filling up the DagBag from /home/ouaillaamiri/Development/lsi_3/airflow/venv/lib/python3.11/site-packages/airflow/example_dags/example_task_group.py
[2024-11-06T10:54:01.379-1100] {processor.py:925} INFO - DAG(s) 'example_task_group' retrieved from /home/ouaillaamiri/Development/lsi_3/airflow/venv/lib/python3.11/site-packages/airflow/example_dags/example_task_group.py
[2024-11-06T10:54:01.443-1100] {logging_mixin.py:190} INFO - [2024-11-06T10:54:01.442-1100] {dag.py:3239} INFO - Sync 1 DAGs
[2024-11-06T10:54:01.469-1100] {logging_mixin.py:190} INFO - [2024-11-06T10:54:01.469-1100] {dag.py:4180} INFO - Setting next_dagrun for example_task_group to None, run_after=None
[2024-11-06T10:54:01.506-1100] {processor.py:208} INFO - Processing /home/ouaillaamiri/Development/lsi_3/airflow/venv/lib/python3.11/site-packages/airflow/example_dags/example_task_group.py took 0.160 seconds
[2024-11-06T10:54:31.866-1100] {processor.py:186} INFO - Started process (PID=220569) to work on /home/ouaillaamiri/Development/lsi_3/airflow/venv/lib/python3.11/site-packages/airflow/example_dags/example_task_group.py
[2024-11-06T10:54:31.869-1100] {processor.py:914} INFO - Processing file /home/ouaillaamiri/Development/lsi_3/airflow/venv/lib/python3.11/site-packages/airflow/example_dags/example_task_group.py for tasks to queue
[2024-11-06T10:54:31.872-1100] {logging_mixin.py:190} INFO - [2024-11-06T10:54:31.872-1100] {dagbag.py:588} INFO - Filling up the DagBag from /home/ouaillaamiri/Development/lsi_3/airflow/venv/lib/python3.11/site-packages/airflow/example_dags/example_task_group.py
[2024-11-06T10:54:31.889-1100] {processor.py:925} INFO - DAG(s) 'example_task_group' retrieved from /home/ouaillaamiri/Development/lsi_3/airflow/venv/lib/python3.11/site-packages/airflow/example_dags/example_task_group.py
[2024-11-06T10:54:31.956-1100] {logging_mixin.py:190} INFO - [2024-11-06T10:54:31.955-1100] {dag.py:3239} INFO - Sync 1 DAGs
[2024-11-06T10:54:31.993-1100] {logging_mixin.py:190} INFO - [2024-11-06T10:54:31.992-1100] {dag.py:4180} INFO - Setting next_dagrun for example_task_group to None, run_after=None
[2024-11-06T10:54:32.033-1100] {processor.py:208} INFO - Processing /home/ouaillaamiri/Development/lsi_3/airflow/venv/lib/python3.11/site-packages/airflow/example_dags/example_task_group.py took 0.177 seconds
[2024-11-06T10:55:02.747-1100] {processor.py:186} INFO - Started process (PID=220957) to work on /home/ouaillaamiri/Development/lsi_3/airflow/venv/lib/python3.11/site-packages/airflow/example_dags/example_task_group.py
[2024-11-06T10:55:02.750-1100] {processor.py:914} INFO - Processing file /home/ouaillaamiri/Development/lsi_3/airflow/venv/lib/python3.11/site-packages/airflow/example_dags/example_task_group.py for tasks to queue
[2024-11-06T10:55:02.758-1100] {logging_mixin.py:190} INFO - [2024-11-06T10:55:02.756-1100] {dagbag.py:588} INFO - Filling up the DagBag from /home/ouaillaamiri/Development/lsi_3/airflow/venv/lib/python3.11/site-packages/airflow/example_dags/example_task_group.py
[2024-11-06T10:55:02.793-1100] {processor.py:925} INFO - DAG(s) 'example_task_group' retrieved from /home/ouaillaamiri/Development/lsi_3/airflow/venv/lib/python3.11/site-packages/airflow/example_dags/example_task_group.py
[2024-11-06T10:55:02.891-1100] {logging_mixin.py:190} INFO - [2024-11-06T10:55:02.890-1100] {dag.py:3239} INFO - Sync 1 DAGs
[2024-11-06T10:55:02.926-1100] {logging_mixin.py:190} INFO - [2024-11-06T10:55:02.925-1100] {dag.py:4180} INFO - Setting next_dagrun for example_task_group to None, run_after=None
[2024-11-06T10:55:02.983-1100] {processor.py:208} INFO - Processing /home/ouaillaamiri/Development/lsi_3/airflow/venv/lib/python3.11/site-packages/airflow/example_dags/example_task_group.py took 0.255 seconds
[2024-11-06T10:55:33.356-1100] {processor.py:186} INFO - Started process (PID=221635) to work on /home/ouaillaamiri/Development/lsi_3/airflow/venv/lib/python3.11/site-packages/airflow/example_dags/example_task_group.py
[2024-11-06T10:55:33.358-1100] {processor.py:914} INFO - Processing file /home/ouaillaamiri/Development/lsi_3/airflow/venv/lib/python3.11/site-packages/airflow/example_dags/example_task_group.py for tasks to queue
[2024-11-06T10:55:33.361-1100] {logging_mixin.py:190} INFO - [2024-11-06T10:55:33.361-1100] {dagbag.py:588} INFO - Filling up the DagBag from /home/ouaillaamiri/Development/lsi_3/airflow/venv/lib/python3.11/site-packages/airflow/example_dags/example_task_group.py
[2024-11-06T10:55:33.377-1100] {processor.py:925} INFO - DAG(s) 'example_task_group' retrieved from /home/ouaillaamiri/Development/lsi_3/airflow/venv/lib/python3.11/site-packages/airflow/example_dags/example_task_group.py
[2024-11-06T10:55:33.437-1100] {logging_mixin.py:190} INFO - [2024-11-06T10:55:33.437-1100] {dag.py:3239} INFO - Sync 1 DAGs
[2024-11-06T10:55:33.465-1100] {logging_mixin.py:190} INFO - [2024-11-06T10:55:33.464-1100] {dag.py:4180} INFO - Setting next_dagrun for example_task_group to None, run_after=None
[2024-11-06T10:55:33.512-1100] {processor.py:208} INFO - Processing /home/ouaillaamiri/Development/lsi_3/airflow/venv/lib/python3.11/site-packages/airflow/example_dags/example_task_group.py took 0.168 seconds
[2024-11-06T10:56:03.600-1100] {processor.py:186} INFO - Started process (PID=222008) to work on /home/ouaillaamiri/Development/lsi_3/airflow/venv/lib/python3.11/site-packages/airflow/example_dags/example_task_group.py
[2024-11-06T10:56:03.603-1100] {processor.py:914} INFO - Processing file /home/ouaillaamiri/Development/lsi_3/airflow/venv/lib/python3.11/site-packages/airflow/example_dags/example_task_group.py for tasks to queue
[2024-11-06T10:56:03.607-1100] {logging_mixin.py:190} INFO - [2024-11-06T10:56:03.607-1100] {dagbag.py:588} INFO - Filling up the DagBag from /home/ouaillaamiri/Development/lsi_3/airflow/venv/lib/python3.11/site-packages/airflow/example_dags/example_task_group.py
[2024-11-06T10:56:03.623-1100] {processor.py:925} INFO - DAG(s) 'example_task_group' retrieved from /home/ouaillaamiri/Development/lsi_3/airflow/venv/lib/python3.11/site-packages/airflow/example_dags/example_task_group.py
[2024-11-06T10:56:03.685-1100] {logging_mixin.py:190} INFO - [2024-11-06T10:56:03.684-1100] {dag.py:3239} INFO - Sync 1 DAGs
[2024-11-06T10:56:03.713-1100] {logging_mixin.py:190} INFO - [2024-11-06T10:56:03.712-1100] {dag.py:4180} INFO - Setting next_dagrun for example_task_group to None, run_after=None
[2024-11-06T10:56:03.749-1100] {processor.py:208} INFO - Processing /home/ouaillaamiri/Development/lsi_3/airflow/venv/lib/python3.11/site-packages/airflow/example_dags/example_task_group.py took 0.160 seconds
[2024-11-06T10:56:44.133-1100] {processor.py:186} INFO - Started process (PID=223079) to work on /home/ouaillaamiri/Development/lsi_3/airflow/venv/lib/python3.11/site-packages/airflow/example_dags/example_task_group.py
[2024-11-06T10:56:44.135-1100] {processor.py:914} INFO - Processing file /home/ouaillaamiri/Development/lsi_3/airflow/venv/lib/python3.11/site-packages/airflow/example_dags/example_task_group.py for tasks to queue
[2024-11-06T10:56:44.140-1100] {logging_mixin.py:190} INFO - [2024-11-06T10:56:44.139-1100] {dagbag.py:588} INFO - Filling up the DagBag from /home/ouaillaamiri/Development/lsi_3/airflow/venv/lib/python3.11/site-packages/airflow/example_dags/example_task_group.py
[2024-11-06T10:56:44.162-1100] {processor.py:925} INFO - DAG(s) 'example_task_group' retrieved from /home/ouaillaamiri/Development/lsi_3/airflow/venv/lib/python3.11/site-packages/airflow/example_dags/example_task_group.py
[2024-11-06T10:56:44.222-1100] {logging_mixin.py:190} INFO - [2024-11-06T10:56:44.222-1100] {dag.py:3239} INFO - Sync 1 DAGs
[2024-11-06T10:56:44.247-1100] {logging_mixin.py:190} INFO - [2024-11-06T10:56:44.246-1100] {dag.py:4180} INFO - Setting next_dagrun for example_task_group to None, run_after=None
[2024-11-06T10:56:44.286-1100] {processor.py:208} INFO - Processing /home/ouaillaamiri/Development/lsi_3/airflow/venv/lib/python3.11/site-packages/airflow/example_dags/example_task_group.py took 0.166 seconds
[2024-11-06T10:57:15.135-1100] {processor.py:186} INFO - Started process (PID=224253) to work on /home/ouaillaamiri/Development/lsi_3/airflow/venv/lib/python3.11/site-packages/airflow/example_dags/example_task_group.py
[2024-11-06T10:57:15.139-1100] {processor.py:914} INFO - Processing file /home/ouaillaamiri/Development/lsi_3/airflow/venv/lib/python3.11/site-packages/airflow/example_dags/example_task_group.py for tasks to queue
[2024-11-06T10:57:15.145-1100] {logging_mixin.py:190} INFO - [2024-11-06T10:57:15.144-1100] {dagbag.py:588} INFO - Filling up the DagBag from /home/ouaillaamiri/Development/lsi_3/airflow/venv/lib/python3.11/site-packages/airflow/example_dags/example_task_group.py
[2024-11-06T10:57:15.169-1100] {processor.py:925} INFO - DAG(s) 'example_task_group' retrieved from /home/ouaillaamiri/Development/lsi_3/airflow/venv/lib/python3.11/site-packages/airflow/example_dags/example_task_group.py
[2024-11-06T10:57:15.231-1100] {logging_mixin.py:190} INFO - [2024-11-06T10:57:15.231-1100] {dag.py:3239} INFO - Sync 1 DAGs
[2024-11-06T10:57:15.259-1100] {logging_mixin.py:190} INFO - [2024-11-06T10:57:15.259-1100] {dag.py:4180} INFO - Setting next_dagrun for example_task_group to None, run_after=None
[2024-11-06T10:57:15.297-1100] {processor.py:208} INFO - Processing /home/ouaillaamiri/Development/lsi_3/airflow/venv/lib/python3.11/site-packages/airflow/example_dags/example_task_group.py took 0.179 seconds
[2024-11-06T10:57:45.480-1100] {processor.py:186} INFO - Started process (PID=224957) to work on /home/ouaillaamiri/Development/lsi_3/airflow/venv/lib/python3.11/site-packages/airflow/example_dags/example_task_group.py
[2024-11-06T10:57:45.483-1100] {processor.py:914} INFO - Processing file /home/ouaillaamiri/Development/lsi_3/airflow/venv/lib/python3.11/site-packages/airflow/example_dags/example_task_group.py for tasks to queue
[2024-11-06T10:57:45.487-1100] {logging_mixin.py:190} INFO - [2024-11-06T10:57:45.487-1100] {dagbag.py:588} INFO - Filling up the DagBag from /home/ouaillaamiri/Development/lsi_3/airflow/venv/lib/python3.11/site-packages/airflow/example_dags/example_task_group.py
[2024-11-06T10:57:45.508-1100] {processor.py:925} INFO - DAG(s) 'example_task_group' retrieved from /home/ouaillaamiri/Development/lsi_3/airflow/venv/lib/python3.11/site-packages/airflow/example_dags/example_task_group.py
[2024-11-06T10:57:45.584-1100] {logging_mixin.py:190} INFO - [2024-11-06T10:57:45.584-1100] {dag.py:3239} INFO - Sync 1 DAGs
[2024-11-06T10:57:45.613-1100] {logging_mixin.py:190} INFO - [2024-11-06T10:57:45.612-1100] {dag.py:4180} INFO - Setting next_dagrun for example_task_group to None, run_after=None
[2024-11-06T10:57:45.696-1100] {processor.py:208} INFO - Processing /home/ouaillaamiri/Development/lsi_3/airflow/venv/lib/python3.11/site-packages/airflow/example_dags/example_task_group.py took 0.228 seconds
[2024-11-06T10:58:16.730-1100] {processor.py:186} INFO - Started process (PID=225663) to work on /home/ouaillaamiri/Development/lsi_3/airflow/venv/lib/python3.11/site-packages/airflow/example_dags/example_task_group.py
[2024-11-06T10:58:16.732-1100] {processor.py:914} INFO - Processing file /home/ouaillaamiri/Development/lsi_3/airflow/venv/lib/python3.11/site-packages/airflow/example_dags/example_task_group.py for tasks to queue
[2024-11-06T10:58:16.736-1100] {logging_mixin.py:190} INFO - [2024-11-06T10:58:16.736-1100] {dagbag.py:588} INFO - Filling up the DagBag from /home/ouaillaamiri/Development/lsi_3/airflow/venv/lib/python3.11/site-packages/airflow/example_dags/example_task_group.py
[2024-11-06T10:58:16.761-1100] {processor.py:925} INFO - DAG(s) 'example_task_group' retrieved from /home/ouaillaamiri/Development/lsi_3/airflow/venv/lib/python3.11/site-packages/airflow/example_dags/example_task_group.py
[2024-11-06T10:58:16.825-1100] {logging_mixin.py:190} INFO - [2024-11-06T10:58:16.824-1100] {dag.py:3239} INFO - Sync 1 DAGs
[2024-11-06T10:58:16.854-1100] {logging_mixin.py:190} INFO - [2024-11-06T10:58:16.853-1100] {dag.py:4180} INFO - Setting next_dagrun for example_task_group to None, run_after=None
[2024-11-06T10:58:16.891-1100] {processor.py:208} INFO - Processing /home/ouaillaamiri/Development/lsi_3/airflow/venv/lib/python3.11/site-packages/airflow/example_dags/example_task_group.py took 0.174 seconds
[2024-11-06T10:58:47.361-1100] {processor.py:186} INFO - Started process (PID=226381) to work on /home/ouaillaamiri/Development/lsi_3/airflow/venv/lib/python3.11/site-packages/airflow/example_dags/example_task_group.py
[2024-11-06T10:58:47.365-1100] {processor.py:914} INFO - Processing file /home/ouaillaamiri/Development/lsi_3/airflow/venv/lib/python3.11/site-packages/airflow/example_dags/example_task_group.py for tasks to queue
[2024-11-06T10:58:47.370-1100] {logging_mixin.py:190} INFO - [2024-11-06T10:58:47.369-1100] {dagbag.py:588} INFO - Filling up the DagBag from /home/ouaillaamiri/Development/lsi_3/airflow/venv/lib/python3.11/site-packages/airflow/example_dags/example_task_group.py
[2024-11-06T10:58:47.388-1100] {processor.py:925} INFO - DAG(s) 'example_task_group' retrieved from /home/ouaillaamiri/Development/lsi_3/airflow/venv/lib/python3.11/site-packages/airflow/example_dags/example_task_group.py
[2024-11-06T10:58:47.495-1100] {logging_mixin.py:190} INFO - [2024-11-06T10:58:47.494-1100] {dag.py:3239} INFO - Sync 1 DAGs
[2024-11-06T10:58:47.555-1100] {logging_mixin.py:190} INFO - [2024-11-06T10:58:47.554-1100] {dag.py:4180} INFO - Setting next_dagrun for example_task_group to None, run_after=None
[2024-11-06T10:58:47.622-1100] {processor.py:208} INFO - Processing /home/ouaillaamiri/Development/lsi_3/airflow/venv/lib/python3.11/site-packages/airflow/example_dags/example_task_group.py took 0.272 seconds
[2024-11-06T10:59:17.849-1100] {processor.py:186} INFO - Started process (PID=227089) to work on /home/ouaillaamiri/Development/lsi_3/airflow/venv/lib/python3.11/site-packages/airflow/example_dags/example_task_group.py
[2024-11-06T10:59:17.852-1100] {processor.py:914} INFO - Processing file /home/ouaillaamiri/Development/lsi_3/airflow/venv/lib/python3.11/site-packages/airflow/example_dags/example_task_group.py for tasks to queue
[2024-11-06T10:59:17.857-1100] {logging_mixin.py:190} INFO - [2024-11-06T10:59:17.856-1100] {dagbag.py:588} INFO - Filling up the DagBag from /home/ouaillaamiri/Development/lsi_3/airflow/venv/lib/python3.11/site-packages/airflow/example_dags/example_task_group.py
[2024-11-06T10:59:17.885-1100] {processor.py:925} INFO - DAG(s) 'example_task_group' retrieved from /home/ouaillaamiri/Development/lsi_3/airflow/venv/lib/python3.11/site-packages/airflow/example_dags/example_task_group.py
[2024-11-06T10:59:17.961-1100] {logging_mixin.py:190} INFO - [2024-11-06T10:59:17.961-1100] {dag.py:3239} INFO - Sync 1 DAGs
[2024-11-06T10:59:17.989-1100] {logging_mixin.py:190} INFO - [2024-11-06T10:59:17.988-1100] {dag.py:4180} INFO - Setting next_dagrun for example_task_group to None, run_after=None
[2024-11-06T10:59:18.030-1100] {processor.py:208} INFO - Processing /home/ouaillaamiri/Development/lsi_3/airflow/venv/lib/python3.11/site-packages/airflow/example_dags/example_task_group.py took 0.196 seconds
[2024-11-06T10:59:48.125-1100] {processor.py:186} INFO - Started process (PID=227480) to work on /home/ouaillaamiri/Development/lsi_3/airflow/venv/lib/python3.11/site-packages/airflow/example_dags/example_task_group.py
[2024-11-06T10:59:48.127-1100] {processor.py:914} INFO - Processing file /home/ouaillaamiri/Development/lsi_3/airflow/venv/lib/python3.11/site-packages/airflow/example_dags/example_task_group.py for tasks to queue
[2024-11-06T10:59:48.132-1100] {logging_mixin.py:190} INFO - [2024-11-06T10:59:48.131-1100] {dagbag.py:588} INFO - Filling up the DagBag from /home/ouaillaamiri/Development/lsi_3/airflow/venv/lib/python3.11/site-packages/airflow/example_dags/example_task_group.py
[2024-11-06T10:59:48.150-1100] {processor.py:925} INFO - DAG(s) 'example_task_group' retrieved from /home/ouaillaamiri/Development/lsi_3/airflow/venv/lib/python3.11/site-packages/airflow/example_dags/example_task_group.py
[2024-11-06T10:59:48.215-1100] {logging_mixin.py:190} INFO - [2024-11-06T10:59:48.214-1100] {dag.py:3239} INFO - Sync 1 DAGs
[2024-11-06T10:59:48.239-1100] {logging_mixin.py:190} INFO - [2024-11-06T10:59:48.238-1100] {dag.py:4180} INFO - Setting next_dagrun for example_task_group to None, run_after=None
[2024-11-06T10:59:48.275-1100] {processor.py:208} INFO - Processing /home/ouaillaamiri/Development/lsi_3/airflow/venv/lib/python3.11/site-packages/airflow/example_dags/example_task_group.py took 0.164 seconds
[2024-11-06T11:00:55.709-1100] {processor.py:186} INFO - Started process (PID=228664) to work on /home/ouaillaamiri/Development/lsi_3/airflow/venv/lib/python3.11/site-packages/airflow/example_dags/example_task_group.py
[2024-11-06T11:00:55.710-1100] {processor.py:914} INFO - Processing file /home/ouaillaamiri/Development/lsi_3/airflow/venv/lib/python3.11/site-packages/airflow/example_dags/example_task_group.py for tasks to queue
[2024-11-06T11:00:55.715-1100] {logging_mixin.py:190} INFO - [2024-11-06T11:00:55.715-1100] {dagbag.py:588} INFO - Filling up the DagBag from /home/ouaillaamiri/Development/lsi_3/airflow/venv/lib/python3.11/site-packages/airflow/example_dags/example_task_group.py
[2024-11-06T11:00:55.736-1100] {processor.py:925} INFO - DAG(s) 'example_task_group' retrieved from /home/ouaillaamiri/Development/lsi_3/airflow/venv/lib/python3.11/site-packages/airflow/example_dags/example_task_group.py
[2024-11-06T11:00:55.820-1100] {logging_mixin.py:190} INFO - [2024-11-06T11:00:55.819-1100] {dag.py:3239} INFO - Sync 1 DAGs
[2024-11-06T11:00:55.858-1100] {logging_mixin.py:190} INFO - [2024-11-06T11:00:55.857-1100] {dag.py:4180} INFO - Setting next_dagrun for example_task_group to None, run_after=None
[2024-11-06T11:00:55.915-1100] {processor.py:208} INFO - Processing /home/ouaillaamiri/Development/lsi_3/airflow/venv/lib/python3.11/site-packages/airflow/example_dags/example_task_group.py took 0.219 seconds
[2024-11-06T11:01:26.293-1100] {processor.py:186} INFO - Started process (PID=229263) to work on /home/ouaillaamiri/Development/lsi_3/airflow/venv/lib/python3.11/site-packages/airflow/example_dags/example_task_group.py
[2024-11-06T11:01:26.294-1100] {processor.py:914} INFO - Processing file /home/ouaillaamiri/Development/lsi_3/airflow/venv/lib/python3.11/site-packages/airflow/example_dags/example_task_group.py for tasks to queue
[2024-11-06T11:01:26.298-1100] {logging_mixin.py:190} INFO - [2024-11-06T11:01:26.298-1100] {dagbag.py:588} INFO - Filling up the DagBag from /home/ouaillaamiri/Development/lsi_3/airflow/venv/lib/python3.11/site-packages/airflow/example_dags/example_task_group.py
[2024-11-06T11:01:26.317-1100] {processor.py:925} INFO - DAG(s) 'example_task_group' retrieved from /home/ouaillaamiri/Development/lsi_3/airflow/venv/lib/python3.11/site-packages/airflow/example_dags/example_task_group.py
[2024-11-06T11:01:26.385-1100] {logging_mixin.py:190} INFO - [2024-11-06T11:01:26.385-1100] {dag.py:3239} INFO - Sync 1 DAGs
[2024-11-06T11:01:26.414-1100] {logging_mixin.py:190} INFO - [2024-11-06T11:01:26.413-1100] {dag.py:4180} INFO - Setting next_dagrun for example_task_group to None, run_after=None
[2024-11-06T11:01:26.461-1100] {processor.py:208} INFO - Processing /home/ouaillaamiri/Development/lsi_3/airflow/venv/lib/python3.11/site-packages/airflow/example_dags/example_task_group.py took 0.180 seconds
[2024-11-06T11:01:56.656-1100] {processor.py:186} INFO - Started process (PID=229636) to work on /home/ouaillaamiri/Development/lsi_3/airflow/venv/lib/python3.11/site-packages/airflow/example_dags/example_task_group.py
[2024-11-06T11:01:56.658-1100] {processor.py:914} INFO - Processing file /home/ouaillaamiri/Development/lsi_3/airflow/venv/lib/python3.11/site-packages/airflow/example_dags/example_task_group.py for tasks to queue
[2024-11-06T11:01:56.664-1100] {logging_mixin.py:190} INFO - [2024-11-06T11:01:56.663-1100] {dagbag.py:588} INFO - Filling up the DagBag from /home/ouaillaamiri/Development/lsi_3/airflow/venv/lib/python3.11/site-packages/airflow/example_dags/example_task_group.py
[2024-11-06T11:01:56.685-1100] {processor.py:925} INFO - DAG(s) 'example_task_group' retrieved from /home/ouaillaamiri/Development/lsi_3/airflow/venv/lib/python3.11/site-packages/airflow/example_dags/example_task_group.py
[2024-11-06T11:01:56.751-1100] {logging_mixin.py:190} INFO - [2024-11-06T11:01:56.751-1100] {dag.py:3239} INFO - Sync 1 DAGs
[2024-11-06T11:01:56.781-1100] {logging_mixin.py:190} INFO - [2024-11-06T11:01:56.781-1100] {dag.py:4180} INFO - Setting next_dagrun for example_task_group to None, run_after=None
[2024-11-06T11:01:56.820-1100] {processor.py:208} INFO - Processing /home/ouaillaamiri/Development/lsi_3/airflow/venv/lib/python3.11/site-packages/airflow/example_dags/example_task_group.py took 0.175 seconds
[2024-11-06T11:02:27.375-1100] {processor.py:186} INFO - Started process (PID=230228) to work on /home/ouaillaamiri/Development/lsi_3/airflow/venv/lib/python3.11/site-packages/airflow/example_dags/example_task_group.py
[2024-11-06T11:02:27.377-1100] {processor.py:914} INFO - Processing file /home/ouaillaamiri/Development/lsi_3/airflow/venv/lib/python3.11/site-packages/airflow/example_dags/example_task_group.py for tasks to queue
[2024-11-06T11:02:27.381-1100] {logging_mixin.py:190} INFO - [2024-11-06T11:02:27.380-1100] {dagbag.py:588} INFO - Filling up the DagBag from /home/ouaillaamiri/Development/lsi_3/airflow/venv/lib/python3.11/site-packages/airflow/example_dags/example_task_group.py
[2024-11-06T11:02:27.399-1100] {processor.py:925} INFO - DAG(s) 'example_task_group' retrieved from /home/ouaillaamiri/Development/lsi_3/airflow/venv/lib/python3.11/site-packages/airflow/example_dags/example_task_group.py
[2024-11-06T11:02:27.461-1100] {logging_mixin.py:190} INFO - [2024-11-06T11:02:27.461-1100] {dag.py:3239} INFO - Sync 1 DAGs
[2024-11-06T11:02:27.488-1100] {logging_mixin.py:190} INFO - [2024-11-06T11:02:27.488-1100] {dag.py:4180} INFO - Setting next_dagrun for example_task_group to None, run_after=None
[2024-11-06T11:02:27.524-1100] {processor.py:208} INFO - Processing /home/ouaillaamiri/Development/lsi_3/airflow/venv/lib/python3.11/site-packages/airflow/example_dags/example_task_group.py took 0.159 seconds
[2024-11-06T11:02:58.139-1100] {processor.py:186} INFO - Started process (PID=231215) to work on /home/ouaillaamiri/Development/lsi_3/airflow/venv/lib/python3.11/site-packages/airflow/example_dags/example_task_group.py
[2024-11-06T11:02:58.141-1100] {processor.py:914} INFO - Processing file /home/ouaillaamiri/Development/lsi_3/airflow/venv/lib/python3.11/site-packages/airflow/example_dags/example_task_group.py for tasks to queue
[2024-11-06T11:02:58.145-1100] {logging_mixin.py:190} INFO - [2024-11-06T11:02:58.144-1100] {dagbag.py:588} INFO - Filling up the DagBag from /home/ouaillaamiri/Development/lsi_3/airflow/venv/lib/python3.11/site-packages/airflow/example_dags/example_task_group.py
[2024-11-06T11:02:58.165-1100] {processor.py:925} INFO - DAG(s) 'example_task_group' retrieved from /home/ouaillaamiri/Development/lsi_3/airflow/venv/lib/python3.11/site-packages/airflow/example_dags/example_task_group.py
[2024-11-06T11:02:58.233-1100] {logging_mixin.py:190} INFO - [2024-11-06T11:02:58.232-1100] {dag.py:3239} INFO - Sync 1 DAGs
[2024-11-06T11:02:58.263-1100] {logging_mixin.py:190} INFO - [2024-11-06T11:02:58.262-1100] {dag.py:4180} INFO - Setting next_dagrun for example_task_group to None, run_after=None
[2024-11-06T11:02:58.300-1100] {processor.py:208} INFO - Processing /home/ouaillaamiri/Development/lsi_3/airflow/venv/lib/python3.11/site-packages/airflow/example_dags/example_task_group.py took 0.174 seconds
[2024-11-06T11:03:28.690-1100] {processor.py:186} INFO - Started process (PID=231575) to work on /home/ouaillaamiri/Development/lsi_3/airflow/venv/lib/python3.11/site-packages/airflow/example_dags/example_task_group.py
[2024-11-06T11:03:28.692-1100] {processor.py:914} INFO - Processing file /home/ouaillaamiri/Development/lsi_3/airflow/venv/lib/python3.11/site-packages/airflow/example_dags/example_task_group.py for tasks to queue
[2024-11-06T11:03:28.700-1100] {logging_mixin.py:190} INFO - [2024-11-06T11:03:28.699-1100] {dagbag.py:588} INFO - Filling up the DagBag from /home/ouaillaamiri/Development/lsi_3/airflow/venv/lib/python3.11/site-packages/airflow/example_dags/example_task_group.py
[2024-11-06T11:03:28.730-1100] {processor.py:925} INFO - DAG(s) 'example_task_group' retrieved from /home/ouaillaamiri/Development/lsi_3/airflow/venv/lib/python3.11/site-packages/airflow/example_dags/example_task_group.py
[2024-11-06T11:03:28.810-1100] {logging_mixin.py:190} INFO - [2024-11-06T11:03:28.810-1100] {dag.py:3239} INFO - Sync 1 DAGs
[2024-11-06T11:03:28.848-1100] {logging_mixin.py:190} INFO - [2024-11-06T11:03:28.848-1100] {dag.py:4180} INFO - Setting next_dagrun for example_task_group to None, run_after=None
[2024-11-06T11:03:28.895-1100] {processor.py:208} INFO - Processing /home/ouaillaamiri/Development/lsi_3/airflow/venv/lib/python3.11/site-packages/airflow/example_dags/example_task_group.py took 0.222 seconds
[2024-11-06T11:03:59.281-1100] {processor.py:186} INFO - Started process (PID=232252) to work on /home/ouaillaamiri/Development/lsi_3/airflow/venv/lib/python3.11/site-packages/airflow/example_dags/example_task_group.py
[2024-11-06T11:03:59.283-1100] {processor.py:914} INFO - Processing file /home/ouaillaamiri/Development/lsi_3/airflow/venv/lib/python3.11/site-packages/airflow/example_dags/example_task_group.py for tasks to queue
[2024-11-06T11:03:59.287-1100] {logging_mixin.py:190} INFO - [2024-11-06T11:03:59.286-1100] {dagbag.py:588} INFO - Filling up the DagBag from /home/ouaillaamiri/Development/lsi_3/airflow/venv/lib/python3.11/site-packages/airflow/example_dags/example_task_group.py
[2024-11-06T11:03:59.304-1100] {processor.py:925} INFO - DAG(s) 'example_task_group' retrieved from /home/ouaillaamiri/Development/lsi_3/airflow/venv/lib/python3.11/site-packages/airflow/example_dags/example_task_group.py
[2024-11-06T11:03:59.364-1100] {logging_mixin.py:190} INFO - [2024-11-06T11:03:59.364-1100] {dag.py:3239} INFO - Sync 1 DAGs
[2024-11-06T11:03:59.393-1100] {logging_mixin.py:190} INFO - [2024-11-06T11:03:59.392-1100] {dag.py:4180} INFO - Setting next_dagrun for example_task_group to None, run_after=None
[2024-11-06T11:03:59.433-1100] {processor.py:208} INFO - Processing /home/ouaillaamiri/Development/lsi_3/airflow/venv/lib/python3.11/site-packages/airflow/example_dags/example_task_group.py took 0.163 seconds
[2024-11-06T11:04:29.996-1100] {processor.py:186} INFO - Started process (PID=232624) to work on /home/ouaillaamiri/Development/lsi_3/airflow/venv/lib/python3.11/site-packages/airflow/example_dags/example_task_group.py
[2024-11-06T11:04:29.998-1100] {processor.py:914} INFO - Processing file /home/ouaillaamiri/Development/lsi_3/airflow/venv/lib/python3.11/site-packages/airflow/example_dags/example_task_group.py for tasks to queue
[2024-11-06T11:04:30.003-1100] {logging_mixin.py:190} INFO - [2024-11-06T11:04:30.002-1100] {dagbag.py:588} INFO - Filling up the DagBag from /home/ouaillaamiri/Development/lsi_3/airflow/venv/lib/python3.11/site-packages/airflow/example_dags/example_task_group.py
[2024-11-06T11:04:30.022-1100] {processor.py:925} INFO - DAG(s) 'example_task_group' retrieved from /home/ouaillaamiri/Development/lsi_3/airflow/venv/lib/python3.11/site-packages/airflow/example_dags/example_task_group.py
[2024-11-06T11:04:30.090-1100] {logging_mixin.py:190} INFO - [2024-11-06T11:04:30.090-1100] {dag.py:3239} INFO - Sync 1 DAGs
[2024-11-06T11:04:30.127-1100] {logging_mixin.py:190} INFO - [2024-11-06T11:04:30.126-1100] {dag.py:4180} INFO - Setting next_dagrun for example_task_group to None, run_after=None
[2024-11-06T11:04:30.170-1100] {processor.py:208} INFO - Processing /home/ouaillaamiri/Development/lsi_3/airflow/venv/lib/python3.11/site-packages/airflow/example_dags/example_task_group.py took 0.185 seconds
