[2024-11-06T10:53:22.254-1100] {processor.py:186} INFO - Started process (PID=218912) to work on /home/ouaillaamiri/Development/lsi_3/airflow/venv/lib/python3.11/site-packages/airflow/example_dags/tutorial_dag.py
[2024-11-06T10:53:22.258-1100] {processor.py:914} INFO - Processing file /home/ouaillaamiri/Development/lsi_3/airflow/venv/lib/python3.11/site-packages/airflow/example_dags/tutorial_dag.py for tasks to queue
[2024-11-06T10:53:22.276-1100] {logging_mixin.py:190} INFO - [2024-11-06T10:53:22.275-1100] {dagbag.py:588} INFO - Filling up the DagBag from /home/ouaillaamiri/Development/lsi_3/airflow/venv/lib/python3.11/site-packages/airflow/example_dags/tutorial_dag.py
[2024-11-06T10:53:22.297-1100] {processor.py:925} INFO - DAG(s) 'tutorial_dag' retrieved from /home/ouaillaamiri/Development/lsi_3/airflow/venv/lib/python3.11/site-packages/airflow/example_dags/tutorial_dag.py
[2024-11-06T10:53:23.116-1100] {logging_mixin.py:190} INFO - [2024-11-06T10:53:23.114-1100] {override.py:1911} INFO - Created Permission View: can edit on DAG:tutorial_dag
[2024-11-06T10:53:23.143-1100] {logging_mixin.py:190} INFO - [2024-11-06T10:53:23.141-1100] {override.py:1911} INFO - Created Permission View: can delete on DAG:tutorial_dag
[2024-11-06T10:53:23.167-1100] {logging_mixin.py:190} INFO - [2024-11-06T10:53:23.166-1100] {override.py:1911} INFO - Created Permission View: can read on DAG:tutorial_dag
[2024-11-06T10:53:23.193-1100] {logging_mixin.py:190} INFO - [2024-11-06T10:53:23.192-1100] {override.py:1911} INFO - Created Permission View: can delete on DAG Run:tutorial_dag
[2024-11-06T10:53:23.215-1100] {logging_mixin.py:190} INFO - [2024-11-06T10:53:23.214-1100] {override.py:1911} INFO - Created Permission View: can create on DAG Run:tutorial_dag
[2024-11-06T10:53:23.232-1100] {logging_mixin.py:190} INFO - [2024-11-06T10:53:23.231-1100] {override.py:1911} INFO - Created Permission View: menu access on DAG Run:tutorial_dag
[2024-11-06T10:53:23.254-1100] {logging_mixin.py:190} INFO - [2024-11-06T10:53:23.253-1100] {override.py:1911} INFO - Created Permission View: can read on DAG Run:tutorial_dag
[2024-11-06T10:53:23.255-1100] {logging_mixin.py:190} INFO - [2024-11-06T10:53:23.254-1100] {dag.py:3239} INFO - Sync 1 DAGs
[2024-11-06T10:53:23.289-1100] {logging_mixin.py:190} INFO - [2024-11-06T10:53:23.287-1100] {dag.py:3262} INFO - Creating ORM DAG for tutorial_dag
[2024-11-06T10:53:23.291-1100] {logging_mixin.py:190} INFO - [2024-11-06T10:53:23.290-1100] {dag.py:4180} INFO - Setting next_dagrun for tutorial_dag to None, run_after=None
[2024-11-06T10:53:23.342-1100] {processor.py:208} INFO - Processing /home/ouaillaamiri/Development/lsi_3/airflow/venv/lib/python3.11/site-packages/airflow/example_dags/tutorial_dag.py took 1.106 seconds
[2024-11-06T10:53:53.601-1100] {processor.py:186} INFO - Started process (PID=219765) to work on /home/ouaillaamiri/Development/lsi_3/airflow/venv/lib/python3.11/site-packages/airflow/example_dags/tutorial_dag.py
[2024-11-06T10:53:53.605-1100] {processor.py:914} INFO - Processing file /home/ouaillaamiri/Development/lsi_3/airflow/venv/lib/python3.11/site-packages/airflow/example_dags/tutorial_dag.py for tasks to queue
[2024-11-06T10:53:53.610-1100] {logging_mixin.py:190} INFO - [2024-11-06T10:53:53.609-1100] {dagbag.py:588} INFO - Filling up the DagBag from /home/ouaillaamiri/Development/lsi_3/airflow/venv/lib/python3.11/site-packages/airflow/example_dags/tutorial_dag.py
[2024-11-06T10:53:53.627-1100] {processor.py:925} INFO - DAG(s) 'tutorial_dag' retrieved from /home/ouaillaamiri/Development/lsi_3/airflow/venv/lib/python3.11/site-packages/airflow/example_dags/tutorial_dag.py
[2024-11-06T10:53:53.694-1100] {logging_mixin.py:190} INFO - [2024-11-06T10:53:53.694-1100] {dag.py:3239} INFO - Sync 1 DAGs
[2024-11-06T10:53:53.730-1100] {logging_mixin.py:190} INFO - [2024-11-06T10:53:53.729-1100] {dag.py:4180} INFO - Setting next_dagrun for tutorial_dag to None, run_after=None
[2024-11-06T10:53:53.779-1100] {processor.py:208} INFO - Processing /home/ouaillaamiri/Development/lsi_3/airflow/venv/lib/python3.11/site-packages/airflow/example_dags/tutorial_dag.py took 0.191 seconds
[2024-11-06T10:54:24.352-1100] {processor.py:186} INFO - Started process (PID=220480) to work on /home/ouaillaamiri/Development/lsi_3/airflow/venv/lib/python3.11/site-packages/airflow/example_dags/tutorial_dag.py
[2024-11-06T10:54:24.356-1100] {processor.py:914} INFO - Processing file /home/ouaillaamiri/Development/lsi_3/airflow/venv/lib/python3.11/site-packages/airflow/example_dags/tutorial_dag.py for tasks to queue
[2024-11-06T10:54:24.360-1100] {logging_mixin.py:190} INFO - [2024-11-06T10:54:24.359-1100] {dagbag.py:588} INFO - Filling up the DagBag from /home/ouaillaamiri/Development/lsi_3/airflow/venv/lib/python3.11/site-packages/airflow/example_dags/tutorial_dag.py
[2024-11-06T10:54:24.373-1100] {processor.py:925} INFO - DAG(s) 'tutorial_dag' retrieved from /home/ouaillaamiri/Development/lsi_3/airflow/venv/lib/python3.11/site-packages/airflow/example_dags/tutorial_dag.py
[2024-11-06T10:54:24.425-1100] {logging_mixin.py:190} INFO - [2024-11-06T10:54:24.425-1100] {dag.py:3239} INFO - Sync 1 DAGs
[2024-11-06T10:54:24.451-1100] {logging_mixin.py:190} INFO - [2024-11-06T10:54:24.451-1100] {dag.py:4180} INFO - Setting next_dagrun for tutorial_dag to None, run_after=None
[2024-11-06T10:54:24.485-1100] {processor.py:208} INFO - Processing /home/ouaillaamiri/Development/lsi_3/airflow/venv/lib/python3.11/site-packages/airflow/example_dags/tutorial_dag.py took 0.142 seconds
[2024-11-06T10:54:55.078-1100] {processor.py:186} INFO - Started process (PID=220842) to work on /home/ouaillaamiri/Development/lsi_3/airflow/venv/lib/python3.11/site-packages/airflow/example_dags/tutorial_dag.py
[2024-11-06T10:54:55.082-1100] {processor.py:914} INFO - Processing file /home/ouaillaamiri/Development/lsi_3/airflow/venv/lib/python3.11/site-packages/airflow/example_dags/tutorial_dag.py for tasks to queue
[2024-11-06T10:54:55.087-1100] {logging_mixin.py:190} INFO - [2024-11-06T10:54:55.086-1100] {dagbag.py:588} INFO - Filling up the DagBag from /home/ouaillaamiri/Development/lsi_3/airflow/venv/lib/python3.11/site-packages/airflow/example_dags/tutorial_dag.py
[2024-11-06T10:54:55.104-1100] {processor.py:925} INFO - DAG(s) 'tutorial_dag' retrieved from /home/ouaillaamiri/Development/lsi_3/airflow/venv/lib/python3.11/site-packages/airflow/example_dags/tutorial_dag.py
[2024-11-06T10:54:55.171-1100] {logging_mixin.py:190} INFO - [2024-11-06T10:54:55.171-1100] {dag.py:3239} INFO - Sync 1 DAGs
[2024-11-06T10:54:55.204-1100] {logging_mixin.py:190} INFO - [2024-11-06T10:54:55.204-1100] {dag.py:4180} INFO - Setting next_dagrun for tutorial_dag to None, run_after=None
[2024-11-06T10:54:55.249-1100] {processor.py:208} INFO - Processing /home/ouaillaamiri/Development/lsi_3/airflow/venv/lib/python3.11/site-packages/airflow/example_dags/tutorial_dag.py took 0.184 seconds
[2024-11-06T10:55:25.515-1100] {processor.py:186} INFO - Started process (PID=221540) to work on /home/ouaillaamiri/Development/lsi_3/airflow/venv/lib/python3.11/site-packages/airflow/example_dags/tutorial_dag.py
[2024-11-06T10:55:25.520-1100] {processor.py:914} INFO - Processing file /home/ouaillaamiri/Development/lsi_3/airflow/venv/lib/python3.11/site-packages/airflow/example_dags/tutorial_dag.py for tasks to queue
[2024-11-06T10:55:25.525-1100] {logging_mixin.py:190} INFO - [2024-11-06T10:55:25.524-1100] {dagbag.py:588} INFO - Filling up the DagBag from /home/ouaillaamiri/Development/lsi_3/airflow/venv/lib/python3.11/site-packages/airflow/example_dags/tutorial_dag.py
[2024-11-06T10:55:25.546-1100] {processor.py:925} INFO - DAG(s) 'tutorial_dag' retrieved from /home/ouaillaamiri/Development/lsi_3/airflow/venv/lib/python3.11/site-packages/airflow/example_dags/tutorial_dag.py
[2024-11-06T10:55:25.627-1100] {logging_mixin.py:190} INFO - [2024-11-06T10:55:25.626-1100] {dag.py:3239} INFO - Sync 1 DAGs
[2024-11-06T10:55:25.666-1100] {logging_mixin.py:190} INFO - [2024-11-06T10:55:25.665-1100] {dag.py:4180} INFO - Setting next_dagrun for tutorial_dag to None, run_after=None
[2024-11-06T10:55:25.703-1100] {processor.py:208} INFO - Processing /home/ouaillaamiri/Development/lsi_3/airflow/venv/lib/python3.11/site-packages/airflow/example_dags/tutorial_dag.py took 0.204 seconds
[2024-11-06T10:55:56.127-1100] {processor.py:186} INFO - Started process (PID=221908) to work on /home/ouaillaamiri/Development/lsi_3/airflow/venv/lib/python3.11/site-packages/airflow/example_dags/tutorial_dag.py
[2024-11-06T10:55:56.130-1100] {processor.py:914} INFO - Processing file /home/ouaillaamiri/Development/lsi_3/airflow/venv/lib/python3.11/site-packages/airflow/example_dags/tutorial_dag.py for tasks to queue
[2024-11-06T10:55:56.135-1100] {logging_mixin.py:190} INFO - [2024-11-06T10:55:56.134-1100] {dagbag.py:588} INFO - Filling up the DagBag from /home/ouaillaamiri/Development/lsi_3/airflow/venv/lib/python3.11/site-packages/airflow/example_dags/tutorial_dag.py
[2024-11-06T10:55:56.152-1100] {processor.py:925} INFO - DAG(s) 'tutorial_dag' retrieved from /home/ouaillaamiri/Development/lsi_3/airflow/venv/lib/python3.11/site-packages/airflow/example_dags/tutorial_dag.py
[2024-11-06T10:55:56.208-1100] {logging_mixin.py:190} INFO - [2024-11-06T10:55:56.207-1100] {dag.py:3239} INFO - Sync 1 DAGs
[2024-11-06T10:55:56.234-1100] {logging_mixin.py:190} INFO - [2024-11-06T10:55:56.233-1100] {dag.py:4180} INFO - Setting next_dagrun for tutorial_dag to None, run_after=None
[2024-11-06T10:55:56.271-1100] {processor.py:208} INFO - Processing /home/ouaillaamiri/Development/lsi_3/airflow/venv/lib/python3.11/site-packages/airflow/example_dags/tutorial_dag.py took 0.161 seconds
[2024-11-06T10:56:41.496-1100] {processor.py:186} INFO - Started process (PID=222985) to work on /home/ouaillaamiri/Development/lsi_3/airflow/venv/lib/python3.11/site-packages/airflow/example_dags/tutorial_dag.py
[2024-11-06T10:56:41.498-1100] {processor.py:914} INFO - Processing file /home/ouaillaamiri/Development/lsi_3/airflow/venv/lib/python3.11/site-packages/airflow/example_dags/tutorial_dag.py for tasks to queue
[2024-11-06T10:56:41.502-1100] {logging_mixin.py:190} INFO - [2024-11-06T10:56:41.502-1100] {dagbag.py:588} INFO - Filling up the DagBag from /home/ouaillaamiri/Development/lsi_3/airflow/venv/lib/python3.11/site-packages/airflow/example_dags/tutorial_dag.py
[2024-11-06T10:56:41.864-1100] {processor.py:925} INFO - DAG(s) 'tutorial_dag' retrieved from /home/ouaillaamiri/Development/lsi_3/airflow/venv/lib/python3.11/site-packages/airflow/example_dags/tutorial_dag.py
[2024-11-06T10:56:41.930-1100] {logging_mixin.py:190} INFO - [2024-11-06T10:56:41.929-1100] {dag.py:3239} INFO - Sync 1 DAGs
[2024-11-06T10:56:41.952-1100] {logging_mixin.py:190} INFO - [2024-11-06T10:56:41.952-1100] {dag.py:4180} INFO - Setting next_dagrun for tutorial_dag to None, run_after=None
[2024-11-06T10:56:41.991-1100] {processor.py:208} INFO - Processing /home/ouaillaamiri/Development/lsi_3/airflow/venv/lib/python3.11/site-packages/airflow/example_dags/tutorial_dag.py took 0.508 seconds
[2024-11-06T10:57:12.893-1100] {processor.py:186} INFO - Started process (PID=224127) to work on /home/ouaillaamiri/Development/lsi_3/airflow/venv/lib/python3.11/site-packages/airflow/example_dags/tutorial_dag.py
[2024-11-06T10:57:12.895-1100] {processor.py:914} INFO - Processing file /home/ouaillaamiri/Development/lsi_3/airflow/venv/lib/python3.11/site-packages/airflow/example_dags/tutorial_dag.py for tasks to queue
[2024-11-06T10:57:12.901-1100] {logging_mixin.py:190} INFO - [2024-11-06T10:57:12.900-1100] {dagbag.py:588} INFO - Filling up the DagBag from /home/ouaillaamiri/Development/lsi_3/airflow/venv/lib/python3.11/site-packages/airflow/example_dags/tutorial_dag.py
[2024-11-06T10:57:12.919-1100] {processor.py:925} INFO - DAG(s) 'tutorial_dag' retrieved from /home/ouaillaamiri/Development/lsi_3/airflow/venv/lib/python3.11/site-packages/airflow/example_dags/tutorial_dag.py
[2024-11-06T10:57:12.983-1100] {logging_mixin.py:190} INFO - [2024-11-06T10:57:12.982-1100] {dag.py:3239} INFO - Sync 1 DAGs
[2024-11-06T10:57:13.015-1100] {logging_mixin.py:190} INFO - [2024-11-06T10:57:13.015-1100] {dag.py:4180} INFO - Setting next_dagrun for tutorial_dag to None, run_after=None
[2024-11-06T10:57:13.065-1100] {processor.py:208} INFO - Processing /home/ouaillaamiri/Development/lsi_3/airflow/venv/lib/python3.11/site-packages/airflow/example_dags/tutorial_dag.py took 0.188 seconds
[2024-11-06T10:57:43.149-1100] {processor.py:186} INFO - Started process (PID=224864) to work on /home/ouaillaamiri/Development/lsi_3/airflow/venv/lib/python3.11/site-packages/airflow/example_dags/tutorial_dag.py
[2024-11-06T10:57:43.153-1100] {processor.py:914} INFO - Processing file /home/ouaillaamiri/Development/lsi_3/airflow/venv/lib/python3.11/site-packages/airflow/example_dags/tutorial_dag.py for tasks to queue
[2024-11-06T10:57:43.158-1100] {logging_mixin.py:190} INFO - [2024-11-06T10:57:43.157-1100] {dagbag.py:588} INFO - Filling up the DagBag from /home/ouaillaamiri/Development/lsi_3/airflow/venv/lib/python3.11/site-packages/airflow/example_dags/tutorial_dag.py
[2024-11-06T10:57:43.175-1100] {processor.py:925} INFO - DAG(s) 'tutorial_dag' retrieved from /home/ouaillaamiri/Development/lsi_3/airflow/venv/lib/python3.11/site-packages/airflow/example_dags/tutorial_dag.py
[2024-11-06T10:57:43.246-1100] {logging_mixin.py:190} INFO - [2024-11-06T10:57:43.246-1100] {dag.py:3239} INFO - Sync 1 DAGs
[2024-11-06T10:57:43.273-1100] {logging_mixin.py:190} INFO - [2024-11-06T10:57:43.273-1100] {dag.py:4180} INFO - Setting next_dagrun for tutorial_dag to None, run_after=None
[2024-11-06T10:57:43.315-1100] {processor.py:208} INFO - Processing /home/ouaillaamiri/Development/lsi_3/airflow/venv/lib/python3.11/site-packages/airflow/example_dags/tutorial_dag.py took 0.179 seconds
[2024-11-06T10:58:13.623-1100] {processor.py:186} INFO - Started process (PID=225569) to work on /home/ouaillaamiri/Development/lsi_3/airflow/venv/lib/python3.11/site-packages/airflow/example_dags/tutorial_dag.py
[2024-11-06T10:58:13.628-1100] {processor.py:914} INFO - Processing file /home/ouaillaamiri/Development/lsi_3/airflow/venv/lib/python3.11/site-packages/airflow/example_dags/tutorial_dag.py for tasks to queue
[2024-11-06T10:58:13.633-1100] {logging_mixin.py:190} INFO - [2024-11-06T10:58:13.632-1100] {dagbag.py:588} INFO - Filling up the DagBag from /home/ouaillaamiri/Development/lsi_3/airflow/venv/lib/python3.11/site-packages/airflow/example_dags/tutorial_dag.py
[2024-11-06T10:58:13.651-1100] {processor.py:925} INFO - DAG(s) 'tutorial_dag' retrieved from /home/ouaillaamiri/Development/lsi_3/airflow/venv/lib/python3.11/site-packages/airflow/example_dags/tutorial_dag.py
[2024-11-06T10:58:13.706-1100] {logging_mixin.py:190} INFO - [2024-11-06T10:58:13.706-1100] {dag.py:3239} INFO - Sync 1 DAGs
[2024-11-06T10:58:13.734-1100] {logging_mixin.py:190} INFO - [2024-11-06T10:58:13.733-1100] {dag.py:4180} INFO - Setting next_dagrun for tutorial_dag to None, run_after=None
[2024-11-06T10:58:13.774-1100] {processor.py:208} INFO - Processing /home/ouaillaamiri/Development/lsi_3/airflow/venv/lib/python3.11/site-packages/airflow/example_dags/tutorial_dag.py took 0.168 seconds
[2024-11-06T10:58:43.985-1100] {processor.py:186} INFO - Started process (PID=226284) to work on /home/ouaillaamiri/Development/lsi_3/airflow/venv/lib/python3.11/site-packages/airflow/example_dags/tutorial_dag.py
[2024-11-06T10:58:43.988-1100] {processor.py:914} INFO - Processing file /home/ouaillaamiri/Development/lsi_3/airflow/venv/lib/python3.11/site-packages/airflow/example_dags/tutorial_dag.py for tasks to queue
[2024-11-06T10:58:43.993-1100] {logging_mixin.py:190} INFO - [2024-11-06T10:58:43.992-1100] {dagbag.py:588} INFO - Filling up the DagBag from /home/ouaillaamiri/Development/lsi_3/airflow/venv/lib/python3.11/site-packages/airflow/example_dags/tutorial_dag.py
[2024-11-06T10:58:44.017-1100] {processor.py:925} INFO - DAG(s) 'tutorial_dag' retrieved from /home/ouaillaamiri/Development/lsi_3/airflow/venv/lib/python3.11/site-packages/airflow/example_dags/tutorial_dag.py
[2024-11-06T10:58:44.112-1100] {logging_mixin.py:190} INFO - [2024-11-06T10:58:44.112-1100] {dag.py:3239} INFO - Sync 1 DAGs
[2024-11-06T10:58:44.147-1100] {logging_mixin.py:190} INFO - [2024-11-06T10:58:44.146-1100] {dag.py:4180} INFO - Setting next_dagrun for tutorial_dag to None, run_after=None
[2024-11-06T10:58:44.204-1100] {processor.py:208} INFO - Processing /home/ouaillaamiri/Development/lsi_3/airflow/venv/lib/python3.11/site-packages/airflow/example_dags/tutorial_dag.py took 0.233 seconds
[2024-11-06T10:59:14.326-1100] {processor.py:186} INFO - Started process (PID=226995) to work on /home/ouaillaamiri/Development/lsi_3/airflow/venv/lib/python3.11/site-packages/airflow/example_dags/tutorial_dag.py
[2024-11-06T10:59:14.330-1100] {processor.py:914} INFO - Processing file /home/ouaillaamiri/Development/lsi_3/airflow/venv/lib/python3.11/site-packages/airflow/example_dags/tutorial_dag.py for tasks to queue
[2024-11-06T10:59:14.336-1100] {logging_mixin.py:190} INFO - [2024-11-06T10:59:14.335-1100] {dagbag.py:588} INFO - Filling up the DagBag from /home/ouaillaamiri/Development/lsi_3/airflow/venv/lib/python3.11/site-packages/airflow/example_dags/tutorial_dag.py
[2024-11-06T10:59:14.355-1100] {processor.py:925} INFO - DAG(s) 'tutorial_dag' retrieved from /home/ouaillaamiri/Development/lsi_3/airflow/venv/lib/python3.11/site-packages/airflow/example_dags/tutorial_dag.py
[2024-11-06T10:59:14.416-1100] {logging_mixin.py:190} INFO - [2024-11-06T10:59:14.416-1100] {dag.py:3239} INFO - Sync 1 DAGs
[2024-11-06T10:59:14.442-1100] {logging_mixin.py:190} INFO - [2024-11-06T10:59:14.442-1100] {dag.py:4180} INFO - Setting next_dagrun for tutorial_dag to None, run_after=None
[2024-11-06T10:59:14.481-1100] {processor.py:208} INFO - Processing /home/ouaillaamiri/Development/lsi_3/airflow/venv/lib/python3.11/site-packages/airflow/example_dags/tutorial_dag.py took 0.172 seconds
[2024-11-06T10:59:44.711-1100] {processor.py:186} INFO - Started process (PID=227383) to work on /home/ouaillaamiri/Development/lsi_3/airflow/venv/lib/python3.11/site-packages/airflow/example_dags/tutorial_dag.py
[2024-11-06T10:59:44.712-1100] {processor.py:914} INFO - Processing file /home/ouaillaamiri/Development/lsi_3/airflow/venv/lib/python3.11/site-packages/airflow/example_dags/tutorial_dag.py for tasks to queue
[2024-11-06T10:59:44.716-1100] {logging_mixin.py:190} INFO - [2024-11-06T10:59:44.715-1100] {dagbag.py:588} INFO - Filling up the DagBag from /home/ouaillaamiri/Development/lsi_3/airflow/venv/lib/python3.11/site-packages/airflow/example_dags/tutorial_dag.py
[2024-11-06T10:59:44.728-1100] {processor.py:925} INFO - DAG(s) 'tutorial_dag' retrieved from /home/ouaillaamiri/Development/lsi_3/airflow/venv/lib/python3.11/site-packages/airflow/example_dags/tutorial_dag.py
[2024-11-06T10:59:44.776-1100] {logging_mixin.py:190} INFO - [2024-11-06T10:59:44.776-1100] {dag.py:3239} INFO - Sync 1 DAGs
[2024-11-06T10:59:44.801-1100] {logging_mixin.py:190} INFO - [2024-11-06T10:59:44.800-1100] {dag.py:4180} INFO - Setting next_dagrun for tutorial_dag to None, run_after=None
[2024-11-06T10:59:44.833-1100] {processor.py:208} INFO - Processing /home/ouaillaamiri/Development/lsi_3/airflow/venv/lib/python3.11/site-packages/airflow/example_dags/tutorial_dag.py took 0.132 seconds
[2024-11-06T11:00:15.083-1100] {processor.py:186} INFO - Started process (PID=227794) to work on /home/ouaillaamiri/Development/lsi_3/airflow/venv/lib/python3.11/site-packages/airflow/example_dags/tutorial_dag.py
[2024-11-06T11:00:15.085-1100] {processor.py:914} INFO - Processing file /home/ouaillaamiri/Development/lsi_3/airflow/venv/lib/python3.11/site-packages/airflow/example_dags/tutorial_dag.py for tasks to queue
[2024-11-06T11:00:15.088-1100] {logging_mixin.py:190} INFO - [2024-11-06T11:00:15.088-1100] {dagbag.py:588} INFO - Filling up the DagBag from /home/ouaillaamiri/Development/lsi_3/airflow/venv/lib/python3.11/site-packages/airflow/example_dags/tutorial_dag.py
[2024-11-06T11:00:15.102-1100] {processor.py:925} INFO - DAG(s) 'tutorial_dag' retrieved from /home/ouaillaamiri/Development/lsi_3/airflow/venv/lib/python3.11/site-packages/airflow/example_dags/tutorial_dag.py
[2024-11-06T11:00:15.166-1100] {logging_mixin.py:190} INFO - [2024-11-06T11:00:15.166-1100] {dag.py:3239} INFO - Sync 1 DAGs
[2024-11-06T11:00:15.194-1100] {logging_mixin.py:190} INFO - [2024-11-06T11:00:15.194-1100] {dag.py:4180} INFO - Setting next_dagrun for tutorial_dag to None, run_after=None
[2024-11-06T11:00:15.231-1100] {processor.py:208} INFO - Processing /home/ouaillaamiri/Development/lsi_3/airflow/venv/lib/python3.11/site-packages/airflow/example_dags/tutorial_dag.py took 0.159 seconds
[2024-11-06T11:00:52.394-1100] {processor.py:186} INFO - Started process (PID=228433) to work on /home/ouaillaamiri/Development/lsi_3/airflow/venv/lib/python3.11/site-packages/airflow/example_dags/tutorial_dag.py
[2024-11-06T11:00:52.397-1100] {processor.py:914} INFO - Processing file /home/ouaillaamiri/Development/lsi_3/airflow/venv/lib/python3.11/site-packages/airflow/example_dags/tutorial_dag.py for tasks to queue
[2024-11-06T11:00:52.402-1100] {logging_mixin.py:190} INFO - [2024-11-06T11:00:52.401-1100] {dagbag.py:588} INFO - Filling up the DagBag from /home/ouaillaamiri/Development/lsi_3/airflow/venv/lib/python3.11/site-packages/airflow/example_dags/tutorial_dag.py
[2024-11-06T11:00:52.753-1100] {processor.py:925} INFO - DAG(s) 'tutorial_dag' retrieved from /home/ouaillaamiri/Development/lsi_3/airflow/venv/lib/python3.11/site-packages/airflow/example_dags/tutorial_dag.py
[2024-11-06T11:00:52.834-1100] {logging_mixin.py:190} INFO - [2024-11-06T11:00:52.833-1100] {dag.py:3239} INFO - Sync 1 DAGs
[2024-11-06T11:00:52.868-1100] {logging_mixin.py:190} INFO - [2024-11-06T11:00:52.868-1100] {dag.py:4180} INFO - Setting next_dagrun for tutorial_dag to None, run_after=None
[2024-11-06T11:00:52.916-1100] {processor.py:208} INFO - Processing /home/ouaillaamiri/Development/lsi_3/airflow/venv/lib/python3.11/site-packages/airflow/example_dags/tutorial_dag.py took 0.535 seconds
[2024-11-06T11:01:23.448-1100] {processor.py:186} INFO - Started process (PID=229174) to work on /home/ouaillaamiri/Development/lsi_3/airflow/venv/lib/python3.11/site-packages/airflow/example_dags/tutorial_dag.py
[2024-11-06T11:01:23.449-1100] {processor.py:914} INFO - Processing file /home/ouaillaamiri/Development/lsi_3/airflow/venv/lib/python3.11/site-packages/airflow/example_dags/tutorial_dag.py for tasks to queue
[2024-11-06T11:01:23.453-1100] {logging_mixin.py:190} INFO - [2024-11-06T11:01:23.453-1100] {dagbag.py:588} INFO - Filling up the DagBag from /home/ouaillaamiri/Development/lsi_3/airflow/venv/lib/python3.11/site-packages/airflow/example_dags/tutorial_dag.py
[2024-11-06T11:01:23.468-1100] {processor.py:925} INFO - DAG(s) 'tutorial_dag' retrieved from /home/ouaillaamiri/Development/lsi_3/airflow/venv/lib/python3.11/site-packages/airflow/example_dags/tutorial_dag.py
[2024-11-06T11:01:23.521-1100] {logging_mixin.py:190} INFO - [2024-11-06T11:01:23.520-1100] {dag.py:3239} INFO - Sync 1 DAGs
[2024-11-06T11:01:23.546-1100] {logging_mixin.py:190} INFO - [2024-11-06T11:01:23.546-1100] {dag.py:4180} INFO - Setting next_dagrun for tutorial_dag to None, run_after=None
[2024-11-06T11:01:23.583-1100] {processor.py:208} INFO - Processing /home/ouaillaamiri/Development/lsi_3/airflow/venv/lib/python3.11/site-packages/airflow/example_dags/tutorial_dag.py took 0.148 seconds
[2024-11-06T11:01:53.680-1100] {processor.py:186} INFO - Started process (PID=229546) to work on /home/ouaillaamiri/Development/lsi_3/airflow/venv/lib/python3.11/site-packages/airflow/example_dags/tutorial_dag.py
[2024-11-06T11:01:53.682-1100] {processor.py:914} INFO - Processing file /home/ouaillaamiri/Development/lsi_3/airflow/venv/lib/python3.11/site-packages/airflow/example_dags/tutorial_dag.py for tasks to queue
[2024-11-06T11:01:53.687-1100] {logging_mixin.py:190} INFO - [2024-11-06T11:01:53.686-1100] {dagbag.py:588} INFO - Filling up the DagBag from /home/ouaillaamiri/Development/lsi_3/airflow/venv/lib/python3.11/site-packages/airflow/example_dags/tutorial_dag.py
[2024-11-06T11:01:53.705-1100] {processor.py:925} INFO - DAG(s) 'tutorial_dag' retrieved from /home/ouaillaamiri/Development/lsi_3/airflow/venv/lib/python3.11/site-packages/airflow/example_dags/tutorial_dag.py
[2024-11-06T11:01:53.780-1100] {logging_mixin.py:190} INFO - [2024-11-06T11:01:53.779-1100] {dag.py:3239} INFO - Sync 1 DAGs
[2024-11-06T11:01:53.809-1100] {logging_mixin.py:190} INFO - [2024-11-06T11:01:53.809-1100] {dag.py:4180} INFO - Setting next_dagrun for tutorial_dag to None, run_after=None
[2024-11-06T11:01:53.846-1100] {processor.py:208} INFO - Processing /home/ouaillaamiri/Development/lsi_3/airflow/venv/lib/python3.11/site-packages/airflow/example_dags/tutorial_dag.py took 0.180 seconds
[2024-11-06T11:02:24.216-1100] {processor.py:186} INFO - Started process (PID=229979) to work on /home/ouaillaamiri/Development/lsi_3/airflow/venv/lib/python3.11/site-packages/airflow/example_dags/tutorial_dag.py
[2024-11-06T11:02:24.218-1100] {processor.py:914} INFO - Processing file /home/ouaillaamiri/Development/lsi_3/airflow/venv/lib/python3.11/site-packages/airflow/example_dags/tutorial_dag.py for tasks to queue
[2024-11-06T11:02:24.223-1100] {logging_mixin.py:190} INFO - [2024-11-06T11:02:24.222-1100] {dagbag.py:588} INFO - Filling up the DagBag from /home/ouaillaamiri/Development/lsi_3/airflow/venv/lib/python3.11/site-packages/airflow/example_dags/tutorial_dag.py
[2024-11-06T11:02:24.239-1100] {processor.py:925} INFO - DAG(s) 'tutorial_dag' retrieved from /home/ouaillaamiri/Development/lsi_3/airflow/venv/lib/python3.11/site-packages/airflow/example_dags/tutorial_dag.py
[2024-11-06T11:02:24.305-1100] {logging_mixin.py:190} INFO - [2024-11-06T11:02:24.304-1100] {dag.py:3239} INFO - Sync 1 DAGs
[2024-11-06T11:02:24.335-1100] {logging_mixin.py:190} INFO - [2024-11-06T11:02:24.334-1100] {dag.py:4180} INFO - Setting next_dagrun for tutorial_dag to None, run_after=None
[2024-11-06T11:02:24.376-1100] {processor.py:208} INFO - Processing /home/ouaillaamiri/Development/lsi_3/airflow/venv/lib/python3.11/site-packages/airflow/example_dags/tutorial_dag.py took 0.172 seconds
[2024-11-06T11:02:54.912-1100] {processor.py:186} INFO - Started process (PID=231121) to work on /home/ouaillaamiri/Development/lsi_3/airflow/venv/lib/python3.11/site-packages/airflow/example_dags/tutorial_dag.py
[2024-11-06T11:02:54.916-1100] {processor.py:914} INFO - Processing file /home/ouaillaamiri/Development/lsi_3/airflow/venv/lib/python3.11/site-packages/airflow/example_dags/tutorial_dag.py for tasks to queue
[2024-11-06T11:02:54.923-1100] {logging_mixin.py:190} INFO - [2024-11-06T11:02:54.922-1100] {dagbag.py:588} INFO - Filling up the DagBag from /home/ouaillaamiri/Development/lsi_3/airflow/venv/lib/python3.11/site-packages/airflow/example_dags/tutorial_dag.py
[2024-11-06T11:02:54.944-1100] {processor.py:925} INFO - DAG(s) 'tutorial_dag' retrieved from /home/ouaillaamiri/Development/lsi_3/airflow/venv/lib/python3.11/site-packages/airflow/example_dags/tutorial_dag.py
[2024-11-06T11:02:55.020-1100] {logging_mixin.py:190} INFO - [2024-11-06T11:02:55.019-1100] {dag.py:3239} INFO - Sync 1 DAGs
[2024-11-06T11:02:55.054-1100] {logging_mixin.py:190} INFO - [2024-11-06T11:02:55.053-1100] {dag.py:4180} INFO - Setting next_dagrun for tutorial_dag to None, run_after=None
[2024-11-06T11:02:55.094-1100] {processor.py:208} INFO - Processing /home/ouaillaamiri/Development/lsi_3/airflow/venv/lib/python3.11/site-packages/airflow/example_dags/tutorial_dag.py took 0.197 seconds
[2024-11-06T11:03:26.214-1100] {processor.py:186} INFO - Started process (PID=231487) to work on /home/ouaillaamiri/Development/lsi_3/airflow/venv/lib/python3.11/site-packages/airflow/example_dags/tutorial_dag.py
[2024-11-06T11:03:26.216-1100] {processor.py:914} INFO - Processing file /home/ouaillaamiri/Development/lsi_3/airflow/venv/lib/python3.11/site-packages/airflow/example_dags/tutorial_dag.py for tasks to queue
[2024-11-06T11:03:26.221-1100] {logging_mixin.py:190} INFO - [2024-11-06T11:03:26.220-1100] {dagbag.py:588} INFO - Filling up the DagBag from /home/ouaillaamiri/Development/lsi_3/airflow/venv/lib/python3.11/site-packages/airflow/example_dags/tutorial_dag.py
[2024-11-06T11:03:26.237-1100] {processor.py:925} INFO - DAG(s) 'tutorial_dag' retrieved from /home/ouaillaamiri/Development/lsi_3/airflow/venv/lib/python3.11/site-packages/airflow/example_dags/tutorial_dag.py
[2024-11-06T11:03:26.308-1100] {logging_mixin.py:190} INFO - [2024-11-06T11:03:26.307-1100] {dag.py:3239} INFO - Sync 1 DAGs
[2024-11-06T11:03:26.343-1100] {logging_mixin.py:190} INFO - [2024-11-06T11:03:26.342-1100] {dag.py:4180} INFO - Setting next_dagrun for tutorial_dag to None, run_after=None
[2024-11-06T11:03:26.388-1100] {processor.py:208} INFO - Processing /home/ouaillaamiri/Development/lsi_3/airflow/venv/lib/python3.11/site-packages/airflow/example_dags/tutorial_dag.py took 0.191 seconds
[2024-11-06T11:03:56.578-1100] {processor.py:186} INFO - Started process (PID=232163) to work on /home/ouaillaamiri/Development/lsi_3/airflow/venv/lib/python3.11/site-packages/airflow/example_dags/tutorial_dag.py
[2024-11-06T11:03:56.580-1100] {processor.py:914} INFO - Processing file /home/ouaillaamiri/Development/lsi_3/airflow/venv/lib/python3.11/site-packages/airflow/example_dags/tutorial_dag.py for tasks to queue
[2024-11-06T11:03:56.583-1100] {logging_mixin.py:190} INFO - [2024-11-06T11:03:56.583-1100] {dagbag.py:588} INFO - Filling up the DagBag from /home/ouaillaamiri/Development/lsi_3/airflow/venv/lib/python3.11/site-packages/airflow/example_dags/tutorial_dag.py
[2024-11-06T11:03:56.601-1100] {processor.py:925} INFO - DAG(s) 'tutorial_dag' retrieved from /home/ouaillaamiri/Development/lsi_3/airflow/venv/lib/python3.11/site-packages/airflow/example_dags/tutorial_dag.py
[2024-11-06T11:03:56.654-1100] {logging_mixin.py:190} INFO - [2024-11-06T11:03:56.654-1100] {dag.py:3239} INFO - Sync 1 DAGs
[2024-11-06T11:03:56.678-1100] {logging_mixin.py:190} INFO - [2024-11-06T11:03:56.677-1100] {dag.py:4180} INFO - Setting next_dagrun for tutorial_dag to None, run_after=None
[2024-11-06T11:03:56.711-1100] {processor.py:208} INFO - Processing /home/ouaillaamiri/Development/lsi_3/airflow/venv/lib/python3.11/site-packages/airflow/example_dags/tutorial_dag.py took 0.143 seconds
[2024-11-06T11:04:26.964-1100] {processor.py:186} INFO - Started process (PID=232529) to work on /home/ouaillaamiri/Development/lsi_3/airflow/venv/lib/python3.11/site-packages/airflow/example_dags/tutorial_dag.py
[2024-11-06T11:04:26.966-1100] {processor.py:914} INFO - Processing file /home/ouaillaamiri/Development/lsi_3/airflow/venv/lib/python3.11/site-packages/airflow/example_dags/tutorial_dag.py for tasks to queue
[2024-11-06T11:04:26.970-1100] {logging_mixin.py:190} INFO - [2024-11-06T11:04:26.969-1100] {dagbag.py:588} INFO - Filling up the DagBag from /home/ouaillaamiri/Development/lsi_3/airflow/venv/lib/python3.11/site-packages/airflow/example_dags/tutorial_dag.py
[2024-11-06T11:04:26.986-1100] {processor.py:925} INFO - DAG(s) 'tutorial_dag' retrieved from /home/ouaillaamiri/Development/lsi_3/airflow/venv/lib/python3.11/site-packages/airflow/example_dags/tutorial_dag.py
[2024-11-06T11:04:27.041-1100] {logging_mixin.py:190} INFO - [2024-11-06T11:04:27.041-1100] {dag.py:3239} INFO - Sync 1 DAGs
[2024-11-06T11:04:27.066-1100] {logging_mixin.py:190} INFO - [2024-11-06T11:04:27.066-1100] {dag.py:4180} INFO - Setting next_dagrun for tutorial_dag to None, run_after=None
[2024-11-06T11:04:27.106-1100] {processor.py:208} INFO - Processing /home/ouaillaamiri/Development/lsi_3/airflow/venv/lib/python3.11/site-packages/airflow/example_dags/tutorial_dag.py took 0.153 seconds
