[2024-11-06T10:53:23.849-1100] {processor.py:186} INFO - Started process (PID=218984) to work on /home/ouaillaamiri/Development/lsi_3/airflow/venv/lib/python3.11/site-packages/airflow/example_dags/tutorial_taskflow_templates.py
[2024-11-06T10:53:23.852-1100] {processor.py:914} INFO - Processing file /home/ouaillaamiri/Development/lsi_3/airflow/venv/lib/python3.11/site-packages/airflow/example_dags/tutorial_taskflow_templates.py for tasks to queue
[2024-11-06T10:53:24.283-1100] {logging_mixin.py:190} INFO - [2024-11-06T10:53:24.283-1100] {dagbag.py:588} INFO - Filling up the DagBag from /home/ouaillaamiri/Development/lsi_3/airflow/venv/lib/python3.11/site-packages/airflow/example_dags/tutorial_taskflow_templates.py
[2024-11-06T10:53:24.311-1100] {processor.py:925} INFO - DAG(s) 'tutorial_taskflow_templates' retrieved from /home/ouaillaamiri/Development/lsi_3/airflow/venv/lib/python3.11/site-packages/airflow/example_dags/tutorial_taskflow_templates.py
[2024-11-06T10:53:24.612-1100] {logging_mixin.py:190} INFO - [2024-11-06T10:53:24.610-1100] {override.py:1911} INFO - Created Permission View: can edit on DAG:tutorial_taskflow_templates
[2024-11-06T10:53:24.643-1100] {logging_mixin.py:190} INFO - [2024-11-06T10:53:24.642-1100] {override.py:1911} INFO - Created Permission View: can delete on DAG:tutorial_taskflow_templates
[2024-11-06T10:53:24.670-1100] {logging_mixin.py:190} INFO - [2024-11-06T10:53:24.669-1100] {override.py:1911} INFO - Created Permission View: can read on DAG:tutorial_taskflow_templates
[2024-11-06T10:53:24.695-1100] {logging_mixin.py:190} INFO - [2024-11-06T10:53:24.694-1100] {override.py:1911} INFO - Created Permission View: can delete on DAG Run:tutorial_taskflow_templates
[2024-11-06T10:53:24.719-1100] {logging_mixin.py:190} INFO - [2024-11-06T10:53:24.718-1100] {override.py:1911} INFO - Created Permission View: can create on DAG Run:tutorial_taskflow_templates
[2024-11-06T10:53:24.740-1100] {logging_mixin.py:190} INFO - [2024-11-06T10:53:24.739-1100] {override.py:1911} INFO - Created Permission View: menu access on DAG Run:tutorial_taskflow_templates
[2024-11-06T10:53:24.762-1100] {logging_mixin.py:190} INFO - [2024-11-06T10:53:24.761-1100] {override.py:1911} INFO - Created Permission View: can read on DAG Run:tutorial_taskflow_templates
[2024-11-06T10:53:24.763-1100] {logging_mixin.py:190} INFO - [2024-11-06T10:53:24.763-1100] {dag.py:3239} INFO - Sync 1 DAGs
[2024-11-06T10:53:24.788-1100] {logging_mixin.py:190} INFO - [2024-11-06T10:53:24.787-1100] {dag.py:3262} INFO - Creating ORM DAG for tutorial_taskflow_templates
[2024-11-06T10:53:24.817-1100] {logging_mixin.py:190} INFO - [2024-11-06T10:53:24.816-1100] {dag.py:4180} INFO - Setting next_dagrun for tutorial_taskflow_templates to 2024-11-05 00:00:00+00:00, run_after=2024-11-06 00:00:00+00:00
[2024-11-06T10:53:24.871-1100] {processor.py:208} INFO - Processing /home/ouaillaamiri/Development/lsi_3/airflow/venv/lib/python3.11/site-packages/airflow/example_dags/tutorial_taskflow_templates.py took 1.038 seconds
[2024-11-06T10:53:55.166-1100] {processor.py:186} INFO - Started process (PID=219786) to work on /home/ouaillaamiri/Development/lsi_3/airflow/venv/lib/python3.11/site-packages/airflow/example_dags/tutorial_taskflow_templates.py
[2024-11-06T10:53:55.168-1100] {processor.py:914} INFO - Processing file /home/ouaillaamiri/Development/lsi_3/airflow/venv/lib/python3.11/site-packages/airflow/example_dags/tutorial_taskflow_templates.py for tasks to queue
[2024-11-06T10:53:55.172-1100] {logging_mixin.py:190} INFO - [2024-11-06T10:53:55.172-1100] {dagbag.py:588} INFO - Filling up the DagBag from /home/ouaillaamiri/Development/lsi_3/airflow/venv/lib/python3.11/site-packages/airflow/example_dags/tutorial_taskflow_templates.py
[2024-11-06T10:53:55.204-1100] {processor.py:925} INFO - DAG(s) 'tutorial_taskflow_templates' retrieved from /home/ouaillaamiri/Development/lsi_3/airflow/venv/lib/python3.11/site-packages/airflow/example_dags/tutorial_taskflow_templates.py
[2024-11-06T10:53:55.281-1100] {logging_mixin.py:190} INFO - [2024-11-06T10:53:55.280-1100] {dag.py:3239} INFO - Sync 1 DAGs
[2024-11-06T10:53:55.327-1100] {logging_mixin.py:190} INFO - [2024-11-06T10:53:55.326-1100] {dag.py:4180} INFO - Setting next_dagrun for tutorial_taskflow_templates to 2024-11-05 00:00:00+00:00, run_after=2024-11-06 00:00:00+00:00
[2024-11-06T10:53:55.367-1100] {processor.py:208} INFO - Processing /home/ouaillaamiri/Development/lsi_3/airflow/venv/lib/python3.11/site-packages/airflow/example_dags/tutorial_taskflow_templates.py took 0.216 seconds
[2024-11-06T10:54:25.579-1100] {processor.py:186} INFO - Started process (PID=220496) to work on /home/ouaillaamiri/Development/lsi_3/airflow/venv/lib/python3.11/site-packages/airflow/example_dags/tutorial_taskflow_templates.py
[2024-11-06T10:54:25.581-1100] {processor.py:914} INFO - Processing file /home/ouaillaamiri/Development/lsi_3/airflow/venv/lib/python3.11/site-packages/airflow/example_dags/tutorial_taskflow_templates.py for tasks to queue
[2024-11-06T10:54:25.585-1100] {logging_mixin.py:190} INFO - [2024-11-06T10:54:25.585-1100] {dagbag.py:588} INFO - Filling up the DagBag from /home/ouaillaamiri/Development/lsi_3/airflow/venv/lib/python3.11/site-packages/airflow/example_dags/tutorial_taskflow_templates.py
[2024-11-06T10:54:25.607-1100] {processor.py:925} INFO - DAG(s) 'tutorial_taskflow_templates' retrieved from /home/ouaillaamiri/Development/lsi_3/airflow/venv/lib/python3.11/site-packages/airflow/example_dags/tutorial_taskflow_templates.py
[2024-11-06T10:54:25.670-1100] {logging_mixin.py:190} INFO - [2024-11-06T10:54:25.669-1100] {dag.py:3239} INFO - Sync 1 DAGs
[2024-11-06T10:54:25.713-1100] {logging_mixin.py:190} INFO - [2024-11-06T10:54:25.713-1100] {dag.py:4180} INFO - Setting next_dagrun for tutorial_taskflow_templates to 2024-11-05 00:00:00+00:00, run_after=2024-11-06 00:00:00+00:00
[2024-11-06T10:54:25.749-1100] {processor.py:208} INFO - Processing /home/ouaillaamiri/Development/lsi_3/airflow/venv/lib/python3.11/site-packages/airflow/example_dags/tutorial_taskflow_templates.py took 0.181 seconds
[2024-11-06T10:54:56.432-1100] {processor.py:186} INFO - Started process (PID=220860) to work on /home/ouaillaamiri/Development/lsi_3/airflow/venv/lib/python3.11/site-packages/airflow/example_dags/tutorial_taskflow_templates.py
[2024-11-06T10:54:56.446-1100] {processor.py:914} INFO - Processing file /home/ouaillaamiri/Development/lsi_3/airflow/venv/lib/python3.11/site-packages/airflow/example_dags/tutorial_taskflow_templates.py for tasks to queue
[2024-11-06T10:54:56.455-1100] {logging_mixin.py:190} INFO - [2024-11-06T10:54:56.453-1100] {dagbag.py:588} INFO - Filling up the DagBag from /home/ouaillaamiri/Development/lsi_3/airflow/venv/lib/python3.11/site-packages/airflow/example_dags/tutorial_taskflow_templates.py
[2024-11-06T10:54:56.510-1100] {processor.py:925} INFO - DAG(s) 'tutorial_taskflow_templates' retrieved from /home/ouaillaamiri/Development/lsi_3/airflow/venv/lib/python3.11/site-packages/airflow/example_dags/tutorial_taskflow_templates.py
[2024-11-06T10:54:56.617-1100] {logging_mixin.py:190} INFO - [2024-11-06T10:54:56.616-1100] {dag.py:3239} INFO - Sync 1 DAGs
[2024-11-06T10:54:56.700-1100] {logging_mixin.py:190} INFO - [2024-11-06T10:54:56.699-1100] {dag.py:4180} INFO - Setting next_dagrun for tutorial_taskflow_templates to 2024-11-05 00:00:00+00:00, run_after=2024-11-06 00:00:00+00:00
[2024-11-06T10:54:56.757-1100] {processor.py:208} INFO - Processing /home/ouaillaamiri/Development/lsi_3/airflow/venv/lib/python3.11/site-packages/airflow/example_dags/tutorial_taskflow_templates.py took 0.351 seconds
[2024-11-06T10:55:26.911-1100] {processor.py:186} INFO - Started process (PID=221556) to work on /home/ouaillaamiri/Development/lsi_3/airflow/venv/lib/python3.11/site-packages/airflow/example_dags/tutorial_taskflow_templates.py
[2024-11-06T10:55:26.915-1100] {processor.py:914} INFO - Processing file /home/ouaillaamiri/Development/lsi_3/airflow/venv/lib/python3.11/site-packages/airflow/example_dags/tutorial_taskflow_templates.py for tasks to queue
[2024-11-06T10:55:26.920-1100] {logging_mixin.py:190} INFO - [2024-11-06T10:55:26.919-1100] {dagbag.py:588} INFO - Filling up the DagBag from /home/ouaillaamiri/Development/lsi_3/airflow/venv/lib/python3.11/site-packages/airflow/example_dags/tutorial_taskflow_templates.py
[2024-11-06T10:55:26.945-1100] {processor.py:925} INFO - DAG(s) 'tutorial_taskflow_templates' retrieved from /home/ouaillaamiri/Development/lsi_3/airflow/venv/lib/python3.11/site-packages/airflow/example_dags/tutorial_taskflow_templates.py
[2024-11-06T10:55:27.018-1100] {logging_mixin.py:190} INFO - [2024-11-06T10:55:27.017-1100] {dag.py:3239} INFO - Sync 1 DAGs
[2024-11-06T10:55:27.064-1100] {logging_mixin.py:190} INFO - [2024-11-06T10:55:27.063-1100] {dag.py:4180} INFO - Setting next_dagrun for tutorial_taskflow_templates to 2024-11-05 00:00:00+00:00, run_after=2024-11-06 00:00:00+00:00
[2024-11-06T10:55:27.111-1100] {processor.py:208} INFO - Processing /home/ouaillaamiri/Development/lsi_3/airflow/venv/lib/python3.11/site-packages/airflow/example_dags/tutorial_taskflow_templates.py took 0.210 seconds
[2024-11-06T10:55:57.370-1100] {processor.py:186} INFO - Started process (PID=221924) to work on /home/ouaillaamiri/Development/lsi_3/airflow/venv/lib/python3.11/site-packages/airflow/example_dags/tutorial_taskflow_templates.py
[2024-11-06T10:55:57.372-1100] {processor.py:914} INFO - Processing file /home/ouaillaamiri/Development/lsi_3/airflow/venv/lib/python3.11/site-packages/airflow/example_dags/tutorial_taskflow_templates.py for tasks to queue
[2024-11-06T10:55:57.377-1100] {logging_mixin.py:190} INFO - [2024-11-06T10:55:57.377-1100] {dagbag.py:588} INFO - Filling up the DagBag from /home/ouaillaamiri/Development/lsi_3/airflow/venv/lib/python3.11/site-packages/airflow/example_dags/tutorial_taskflow_templates.py
[2024-11-06T10:55:57.402-1100] {processor.py:925} INFO - DAG(s) 'tutorial_taskflow_templates' retrieved from /home/ouaillaamiri/Development/lsi_3/airflow/venv/lib/python3.11/site-packages/airflow/example_dags/tutorial_taskflow_templates.py
[2024-11-06T10:55:57.473-1100] {logging_mixin.py:190} INFO - [2024-11-06T10:55:57.473-1100] {dag.py:3239} INFO - Sync 1 DAGs
[2024-11-06T10:55:57.531-1100] {logging_mixin.py:190} INFO - [2024-11-06T10:55:57.530-1100] {dag.py:4180} INFO - Setting next_dagrun for tutorial_taskflow_templates to 2024-11-05 00:00:00+00:00, run_after=2024-11-06 00:00:00+00:00
[2024-11-06T10:55:57.573-1100] {processor.py:208} INFO - Processing /home/ouaillaamiri/Development/lsi_3/airflow/venv/lib/python3.11/site-packages/airflow/example_dags/tutorial_taskflow_templates.py took 0.214 seconds
[2024-11-06T10:56:42.597-1100] {processor.py:186} INFO - Started process (PID=223003) to work on /home/ouaillaamiri/Development/lsi_3/airflow/venv/lib/python3.11/site-packages/airflow/example_dags/tutorial_taskflow_templates.py
[2024-11-06T10:56:42.599-1100] {processor.py:914} INFO - Processing file /home/ouaillaamiri/Development/lsi_3/airflow/venv/lib/python3.11/site-packages/airflow/example_dags/tutorial_taskflow_templates.py for tasks to queue
[2024-11-06T10:56:42.604-1100] {logging_mixin.py:190} INFO - [2024-11-06T10:56:42.604-1100] {dagbag.py:588} INFO - Filling up the DagBag from /home/ouaillaamiri/Development/lsi_3/airflow/venv/lib/python3.11/site-packages/airflow/example_dags/tutorial_taskflow_templates.py
[2024-11-06T10:56:42.632-1100] {processor.py:925} INFO - DAG(s) 'tutorial_taskflow_templates' retrieved from /home/ouaillaamiri/Development/lsi_3/airflow/venv/lib/python3.11/site-packages/airflow/example_dags/tutorial_taskflow_templates.py
[2024-11-06T10:56:42.711-1100] {logging_mixin.py:190} INFO - [2024-11-06T10:56:42.710-1100] {dag.py:3239} INFO - Sync 1 DAGs
[2024-11-06T10:56:42.766-1100] {logging_mixin.py:190} INFO - [2024-11-06T10:56:42.765-1100] {dag.py:4180} INFO - Setting next_dagrun for tutorial_taskflow_templates to 2024-11-05 00:00:00+00:00, run_after=2024-11-06 00:00:00+00:00
[2024-11-06T10:56:42.808-1100] {processor.py:208} INFO - Processing /home/ouaillaamiri/Development/lsi_3/airflow/venv/lib/python3.11/site-packages/airflow/example_dags/tutorial_taskflow_templates.py took 0.225 seconds
[2024-11-06T10:57:13.252-1100] {processor.py:186} INFO - Started process (PID=224148) to work on /home/ouaillaamiri/Development/lsi_3/airflow/venv/lib/python3.11/site-packages/airflow/example_dags/tutorial_taskflow_templates.py
[2024-11-06T10:57:13.254-1100] {processor.py:914} INFO - Processing file /home/ouaillaamiri/Development/lsi_3/airflow/venv/lib/python3.11/site-packages/airflow/example_dags/tutorial_taskflow_templates.py for tasks to queue
[2024-11-06T10:57:13.258-1100] {logging_mixin.py:190} INFO - [2024-11-06T10:57:13.257-1100] {dagbag.py:588} INFO - Filling up the DagBag from /home/ouaillaamiri/Development/lsi_3/airflow/venv/lib/python3.11/site-packages/airflow/example_dags/tutorial_taskflow_templates.py
[2024-11-06T10:57:13.286-1100] {processor.py:925} INFO - DAG(s) 'tutorial_taskflow_templates' retrieved from /home/ouaillaamiri/Development/lsi_3/airflow/venv/lib/python3.11/site-packages/airflow/example_dags/tutorial_taskflow_templates.py
[2024-11-06T10:57:13.353-1100] {logging_mixin.py:190} INFO - [2024-11-06T10:57:13.352-1100] {dag.py:3239} INFO - Sync 1 DAGs
[2024-11-06T10:57:13.401-1100] {logging_mixin.py:190} INFO - [2024-11-06T10:57:13.401-1100] {dag.py:4180} INFO - Setting next_dagrun for tutorial_taskflow_templates to 2024-11-05 00:00:00+00:00, run_after=2024-11-06 00:00:00+00:00
[2024-11-06T10:57:13.440-1100] {processor.py:208} INFO - Processing /home/ouaillaamiri/Development/lsi_3/airflow/venv/lib/python3.11/site-packages/airflow/example_dags/tutorial_taskflow_templates.py took 0.197 seconds
[2024-11-06T10:57:43.664-1100] {processor.py:186} INFO - Started process (PID=224882) to work on /home/ouaillaamiri/Development/lsi_3/airflow/venv/lib/python3.11/site-packages/airflow/example_dags/tutorial_taskflow_templates.py
[2024-11-06T10:57:43.666-1100] {processor.py:914} INFO - Processing file /home/ouaillaamiri/Development/lsi_3/airflow/venv/lib/python3.11/site-packages/airflow/example_dags/tutorial_taskflow_templates.py for tasks to queue
[2024-11-06T10:57:43.671-1100] {logging_mixin.py:190} INFO - [2024-11-06T10:57:43.669-1100] {dagbag.py:588} INFO - Filling up the DagBag from /home/ouaillaamiri/Development/lsi_3/airflow/venv/lib/python3.11/site-packages/airflow/example_dags/tutorial_taskflow_templates.py
[2024-11-06T10:57:43.697-1100] {processor.py:925} INFO - DAG(s) 'tutorial_taskflow_templates' retrieved from /home/ouaillaamiri/Development/lsi_3/airflow/venv/lib/python3.11/site-packages/airflow/example_dags/tutorial_taskflow_templates.py
[2024-11-06T10:57:43.759-1100] {logging_mixin.py:190} INFO - [2024-11-06T10:57:43.758-1100] {dag.py:3239} INFO - Sync 1 DAGs
[2024-11-06T10:57:43.806-1100] {logging_mixin.py:190} INFO - [2024-11-06T10:57:43.806-1100] {dag.py:4180} INFO - Setting next_dagrun for tutorial_taskflow_templates to 2024-11-05 00:00:00+00:00, run_after=2024-11-06 00:00:00+00:00
[2024-11-06T10:57:43.844-1100] {processor.py:208} INFO - Processing /home/ouaillaamiri/Development/lsi_3/airflow/venv/lib/python3.11/site-packages/airflow/example_dags/tutorial_taskflow_templates.py took 0.194 seconds
[2024-11-06T10:58:14.166-1100] {processor.py:186} INFO - Started process (PID=225589) to work on /home/ouaillaamiri/Development/lsi_3/airflow/venv/lib/python3.11/site-packages/airflow/example_dags/tutorial_taskflow_templates.py
[2024-11-06T10:58:14.168-1100] {processor.py:914} INFO - Processing file /home/ouaillaamiri/Development/lsi_3/airflow/venv/lib/python3.11/site-packages/airflow/example_dags/tutorial_taskflow_templates.py for tasks to queue
[2024-11-06T10:58:14.173-1100] {logging_mixin.py:190} INFO - [2024-11-06T10:58:14.172-1100] {dagbag.py:588} INFO - Filling up the DagBag from /home/ouaillaamiri/Development/lsi_3/airflow/venv/lib/python3.11/site-packages/airflow/example_dags/tutorial_taskflow_templates.py
[2024-11-06T10:58:14.204-1100] {processor.py:925} INFO - DAG(s) 'tutorial_taskflow_templates' retrieved from /home/ouaillaamiri/Development/lsi_3/airflow/venv/lib/python3.11/site-packages/airflow/example_dags/tutorial_taskflow_templates.py
[2024-11-06T10:58:14.272-1100] {logging_mixin.py:190} INFO - [2024-11-06T10:58:14.272-1100] {dag.py:3239} INFO - Sync 1 DAGs
[2024-11-06T10:58:14.325-1100] {logging_mixin.py:190} INFO - [2024-11-06T10:58:14.324-1100] {dag.py:4180} INFO - Setting next_dagrun for tutorial_taskflow_templates to 2024-11-05 00:00:00+00:00, run_after=2024-11-06 00:00:00+00:00
[2024-11-06T10:58:14.364-1100] {processor.py:208} INFO - Processing /home/ouaillaamiri/Development/lsi_3/airflow/venv/lib/python3.11/site-packages/airflow/example_dags/tutorial_taskflow_templates.py took 0.211 seconds
[2024-11-06T10:58:44.515-1100] {processor.py:186} INFO - Started process (PID=226306) to work on /home/ouaillaamiri/Development/lsi_3/airflow/venv/lib/python3.11/site-packages/airflow/example_dags/tutorial_taskflow_templates.py
[2024-11-06T10:58:44.519-1100] {processor.py:914} INFO - Processing file /home/ouaillaamiri/Development/lsi_3/airflow/venv/lib/python3.11/site-packages/airflow/example_dags/tutorial_taskflow_templates.py for tasks to queue
[2024-11-06T10:58:44.525-1100] {logging_mixin.py:190} INFO - [2024-11-06T10:58:44.524-1100] {dagbag.py:588} INFO - Filling up the DagBag from /home/ouaillaamiri/Development/lsi_3/airflow/venv/lib/python3.11/site-packages/airflow/example_dags/tutorial_taskflow_templates.py
[2024-11-06T10:58:44.553-1100] {processor.py:925} INFO - DAG(s) 'tutorial_taskflow_templates' retrieved from /home/ouaillaamiri/Development/lsi_3/airflow/venv/lib/python3.11/site-packages/airflow/example_dags/tutorial_taskflow_templates.py
[2024-11-06T10:58:44.620-1100] {logging_mixin.py:190} INFO - [2024-11-06T10:58:44.619-1100] {dag.py:3239} INFO - Sync 1 DAGs
[2024-11-06T10:58:44.680-1100] {logging_mixin.py:190} INFO - [2024-11-06T10:58:44.678-1100] {dag.py:4180} INFO - Setting next_dagrun for tutorial_taskflow_templates to 2024-11-05 00:00:00+00:00, run_after=2024-11-06 00:00:00+00:00
[2024-11-06T10:58:44.731-1100] {processor.py:208} INFO - Processing /home/ouaillaamiri/Development/lsi_3/airflow/venv/lib/python3.11/site-packages/airflow/example_dags/tutorial_taskflow_templates.py took 0.232 seconds
[2024-11-06T10:59:14.837-1100] {processor.py:186} INFO - Started process (PID=227011) to work on /home/ouaillaamiri/Development/lsi_3/airflow/venv/lib/python3.11/site-packages/airflow/example_dags/tutorial_taskflow_templates.py
[2024-11-06T10:59:14.840-1100] {processor.py:914} INFO - Processing file /home/ouaillaamiri/Development/lsi_3/airflow/venv/lib/python3.11/site-packages/airflow/example_dags/tutorial_taskflow_templates.py for tasks to queue
[2024-11-06T10:59:14.846-1100] {logging_mixin.py:190} INFO - [2024-11-06T10:59:14.845-1100] {dagbag.py:588} INFO - Filling up the DagBag from /home/ouaillaamiri/Development/lsi_3/airflow/venv/lib/python3.11/site-packages/airflow/example_dags/tutorial_taskflow_templates.py
[2024-11-06T10:59:14.870-1100] {processor.py:925} INFO - DAG(s) 'tutorial_taskflow_templates' retrieved from /home/ouaillaamiri/Development/lsi_3/airflow/venv/lib/python3.11/site-packages/airflow/example_dags/tutorial_taskflow_templates.py
[2024-11-06T10:59:14.942-1100] {logging_mixin.py:190} INFO - [2024-11-06T10:59:14.941-1100] {dag.py:3239} INFO - Sync 1 DAGs
[2024-11-06T10:59:14.996-1100] {logging_mixin.py:190} INFO - [2024-11-06T10:59:14.996-1100] {dag.py:4180} INFO - Setting next_dagrun for tutorial_taskflow_templates to 2024-11-05 00:00:00+00:00, run_after=2024-11-06 00:00:00+00:00
[2024-11-06T10:59:15.041-1100] {processor.py:208} INFO - Processing /home/ouaillaamiri/Development/lsi_3/airflow/venv/lib/python3.11/site-packages/airflow/example_dags/tutorial_taskflow_templates.py took 0.220 seconds
[2024-11-06T10:59:45.181-1100] {processor.py:186} INFO - Started process (PID=227398) to work on /home/ouaillaamiri/Development/lsi_3/airflow/venv/lib/python3.11/site-packages/airflow/example_dags/tutorial_taskflow_templates.py
[2024-11-06T10:59:45.184-1100] {processor.py:914} INFO - Processing file /home/ouaillaamiri/Development/lsi_3/airflow/venv/lib/python3.11/site-packages/airflow/example_dags/tutorial_taskflow_templates.py for tasks to queue
[2024-11-06T10:59:45.190-1100] {logging_mixin.py:190} INFO - [2024-11-06T10:59:45.189-1100] {dagbag.py:588} INFO - Filling up the DagBag from /home/ouaillaamiri/Development/lsi_3/airflow/venv/lib/python3.11/site-packages/airflow/example_dags/tutorial_taskflow_templates.py
[2024-11-06T10:59:45.215-1100] {processor.py:925} INFO - DAG(s) 'tutorial_taskflow_templates' retrieved from /home/ouaillaamiri/Development/lsi_3/airflow/venv/lib/python3.11/site-packages/airflow/example_dags/tutorial_taskflow_templates.py
[2024-11-06T10:59:45.291-1100] {logging_mixin.py:190} INFO - [2024-11-06T10:59:45.291-1100] {dag.py:3239} INFO - Sync 1 DAGs
[2024-11-06T10:59:45.343-1100] {logging_mixin.py:190} INFO - [2024-11-06T10:59:45.342-1100] {dag.py:4180} INFO - Setting next_dagrun for tutorial_taskflow_templates to 2024-11-05 00:00:00+00:00, run_after=2024-11-06 00:00:00+00:00
[2024-11-06T10:59:45.390-1100] {processor.py:208} INFO - Processing /home/ouaillaamiri/Development/lsi_3/airflow/venv/lib/python3.11/site-packages/airflow/example_dags/tutorial_taskflow_templates.py took 0.224 seconds
[2024-11-06T11:00:15.490-1100] {processor.py:186} INFO - Started process (PID=227809) to work on /home/ouaillaamiri/Development/lsi_3/airflow/venv/lib/python3.11/site-packages/airflow/example_dags/tutorial_taskflow_templates.py
[2024-11-06T11:00:15.495-1100] {processor.py:914} INFO - Processing file /home/ouaillaamiri/Development/lsi_3/airflow/venv/lib/python3.11/site-packages/airflow/example_dags/tutorial_taskflow_templates.py for tasks to queue
[2024-11-06T11:00:15.502-1100] {logging_mixin.py:190} INFO - [2024-11-06T11:00:15.500-1100] {dagbag.py:588} INFO - Filling up the DagBag from /home/ouaillaamiri/Development/lsi_3/airflow/venv/lib/python3.11/site-packages/airflow/example_dags/tutorial_taskflow_templates.py
[2024-11-06T11:00:15.547-1100] {processor.py:925} INFO - DAG(s) 'tutorial_taskflow_templates' retrieved from /home/ouaillaamiri/Development/lsi_3/airflow/venv/lib/python3.11/site-packages/airflow/example_dags/tutorial_taskflow_templates.py
[2024-11-06T11:00:15.645-1100] {logging_mixin.py:190} INFO - [2024-11-06T11:00:15.644-1100] {dag.py:3239} INFO - Sync 1 DAGs
[2024-11-06T11:00:15.716-1100] {logging_mixin.py:190} INFO - [2024-11-06T11:00:15.716-1100] {dag.py:4180} INFO - Setting next_dagrun for tutorial_taskflow_templates to 2024-11-05 00:00:00+00:00, run_after=2024-11-06 00:00:00+00:00
[2024-11-06T11:00:15.767-1100] {processor.py:208} INFO - Processing /home/ouaillaamiri/Development/lsi_3/airflow/venv/lib/python3.11/site-packages/airflow/example_dags/tutorial_taskflow_templates.py took 0.296 seconds
[2024-11-06T11:00:53.986-1100] {processor.py:186} INFO - Started process (PID=228505) to work on /home/ouaillaamiri/Development/lsi_3/airflow/venv/lib/python3.11/site-packages/airflow/example_dags/tutorial_taskflow_templates.py
[2024-11-06T11:00:53.989-1100] {processor.py:914} INFO - Processing file /home/ouaillaamiri/Development/lsi_3/airflow/venv/lib/python3.11/site-packages/airflow/example_dags/tutorial_taskflow_templates.py for tasks to queue
[2024-11-06T11:00:53.994-1100] {logging_mixin.py:190} INFO - [2024-11-06T11:00:53.993-1100] {dagbag.py:588} INFO - Filling up the DagBag from /home/ouaillaamiri/Development/lsi_3/airflow/venv/lib/python3.11/site-packages/airflow/example_dags/tutorial_taskflow_templates.py
[2024-11-06T11:00:54.021-1100] {processor.py:925} INFO - DAG(s) 'tutorial_taskflow_templates' retrieved from /home/ouaillaamiri/Development/lsi_3/airflow/venv/lib/python3.11/site-packages/airflow/example_dags/tutorial_taskflow_templates.py
[2024-11-06T11:00:54.093-1100] {logging_mixin.py:190} INFO - [2024-11-06T11:00:54.092-1100] {dag.py:3239} INFO - Sync 1 DAGs
[2024-11-06T11:00:54.148-1100] {logging_mixin.py:190} INFO - [2024-11-06T11:00:54.147-1100] {dag.py:4180} INFO - Setting next_dagrun for tutorial_taskflow_templates to 2024-11-05 00:00:00+00:00, run_after=2024-11-06 00:00:00+00:00
[2024-11-06T11:00:54.190-1100] {processor.py:208} INFO - Processing /home/ouaillaamiri/Development/lsi_3/airflow/venv/lib/python3.11/site-packages/airflow/example_dags/tutorial_taskflow_templates.py took 0.215 seconds
[2024-11-06T11:01:24.766-1100] {processor.py:186} INFO - Started process (PID=229191) to work on /home/ouaillaamiri/Development/lsi_3/airflow/venv/lib/python3.11/site-packages/airflow/example_dags/tutorial_taskflow_templates.py
[2024-11-06T11:01:24.767-1100] {processor.py:914} INFO - Processing file /home/ouaillaamiri/Development/lsi_3/airflow/venv/lib/python3.11/site-packages/airflow/example_dags/tutorial_taskflow_templates.py for tasks to queue
[2024-11-06T11:01:24.773-1100] {logging_mixin.py:190} INFO - [2024-11-06T11:01:24.772-1100] {dagbag.py:588} INFO - Filling up the DagBag from /home/ouaillaamiri/Development/lsi_3/airflow/venv/lib/python3.11/site-packages/airflow/example_dags/tutorial_taskflow_templates.py
[2024-11-06T11:01:24.798-1100] {processor.py:925} INFO - DAG(s) 'tutorial_taskflow_templates' retrieved from /home/ouaillaamiri/Development/lsi_3/airflow/venv/lib/python3.11/site-packages/airflow/example_dags/tutorial_taskflow_templates.py
[2024-11-06T11:01:24.854-1100] {logging_mixin.py:190} INFO - [2024-11-06T11:01:24.854-1100] {dag.py:3239} INFO - Sync 1 DAGs
[2024-11-06T11:01:24.903-1100] {logging_mixin.py:190} INFO - [2024-11-06T11:01:24.902-1100] {dag.py:4180} INFO - Setting next_dagrun for tutorial_taskflow_templates to 2024-11-05 00:00:00+00:00, run_after=2024-11-06 00:00:00+00:00
[2024-11-06T11:01:24.944-1100] {processor.py:208} INFO - Processing /home/ouaillaamiri/Development/lsi_3/airflow/venv/lib/python3.11/site-packages/airflow/example_dags/tutorial_taskflow_templates.py took 0.190 seconds
[2024-11-06T11:01:55.170-1100] {processor.py:186} INFO - Started process (PID=229564) to work on /home/ouaillaamiri/Development/lsi_3/airflow/venv/lib/python3.11/site-packages/airflow/example_dags/tutorial_taskflow_templates.py
[2024-11-06T11:01:55.172-1100] {processor.py:914} INFO - Processing file /home/ouaillaamiri/Development/lsi_3/airflow/venv/lib/python3.11/site-packages/airflow/example_dags/tutorial_taskflow_templates.py for tasks to queue
[2024-11-06T11:01:55.177-1100] {logging_mixin.py:190} INFO - [2024-11-06T11:01:55.176-1100] {dagbag.py:588} INFO - Filling up the DagBag from /home/ouaillaamiri/Development/lsi_3/airflow/venv/lib/python3.11/site-packages/airflow/example_dags/tutorial_taskflow_templates.py
[2024-11-06T11:01:55.199-1100] {processor.py:925} INFO - DAG(s) 'tutorial_taskflow_templates' retrieved from /home/ouaillaamiri/Development/lsi_3/airflow/venv/lib/python3.11/site-packages/airflow/example_dags/tutorial_taskflow_templates.py
[2024-11-06T11:01:55.258-1100] {logging_mixin.py:190} INFO - [2024-11-06T11:01:55.258-1100] {dag.py:3239} INFO - Sync 1 DAGs
[2024-11-06T11:01:55.301-1100] {logging_mixin.py:190} INFO - [2024-11-06T11:01:55.300-1100] {dag.py:4180} INFO - Setting next_dagrun for tutorial_taskflow_templates to 2024-11-05 00:00:00+00:00, run_after=2024-11-06 00:00:00+00:00
[2024-11-06T11:01:55.339-1100] {processor.py:208} INFO - Processing /home/ouaillaamiri/Development/lsi_3/airflow/venv/lib/python3.11/site-packages/airflow/example_dags/tutorial_taskflow_templates.py took 0.179 seconds
[2024-11-06T11:02:25.751-1100] {processor.py:186} INFO - Started process (PID=230065) to work on /home/ouaillaamiri/Development/lsi_3/airflow/venv/lib/python3.11/site-packages/airflow/example_dags/tutorial_taskflow_templates.py
[2024-11-06T11:02:25.752-1100] {processor.py:914} INFO - Processing file /home/ouaillaamiri/Development/lsi_3/airflow/venv/lib/python3.11/site-packages/airflow/example_dags/tutorial_taskflow_templates.py for tasks to queue
[2024-11-06T11:02:25.757-1100] {logging_mixin.py:190} INFO - [2024-11-06T11:02:25.756-1100] {dagbag.py:588} INFO - Filling up the DagBag from /home/ouaillaamiri/Development/lsi_3/airflow/venv/lib/python3.11/site-packages/airflow/example_dags/tutorial_taskflow_templates.py
[2024-11-06T11:02:25.781-1100] {processor.py:925} INFO - DAG(s) 'tutorial_taskflow_templates' retrieved from /home/ouaillaamiri/Development/lsi_3/airflow/venv/lib/python3.11/site-packages/airflow/example_dags/tutorial_taskflow_templates.py
[2024-11-06T11:02:25.853-1100] {logging_mixin.py:190} INFO - [2024-11-06T11:02:25.852-1100] {dag.py:3239} INFO - Sync 1 DAGs
[2024-11-06T11:02:25.908-1100] {logging_mixin.py:190} INFO - [2024-11-06T11:02:25.907-1100] {dag.py:4180} INFO - Setting next_dagrun for tutorial_taskflow_templates to 2024-11-05 00:00:00+00:00, run_after=2024-11-06 00:00:00+00:00
[2024-11-06T11:02:25.956-1100] {processor.py:208} INFO - Processing /home/ouaillaamiri/Development/lsi_3/airflow/venv/lib/python3.11/site-packages/airflow/example_dags/tutorial_taskflow_templates.py took 0.217 seconds
[2024-11-06T11:02:56.377-1100] {processor.py:186} INFO - Started process (PID=231140) to work on /home/ouaillaamiri/Development/lsi_3/airflow/venv/lib/python3.11/site-packages/airflow/example_dags/tutorial_taskflow_templates.py
[2024-11-06T11:02:56.385-1100] {processor.py:914} INFO - Processing file /home/ouaillaamiri/Development/lsi_3/airflow/venv/lib/python3.11/site-packages/airflow/example_dags/tutorial_taskflow_templates.py for tasks to queue
[2024-11-06T11:02:56.400-1100] {logging_mixin.py:190} INFO - [2024-11-06T11:02:56.398-1100] {dagbag.py:588} INFO - Filling up the DagBag from /home/ouaillaamiri/Development/lsi_3/airflow/venv/lib/python3.11/site-packages/airflow/example_dags/tutorial_taskflow_templates.py
[2024-11-06T11:02:56.444-1100] {processor.py:925} INFO - DAG(s) 'tutorial_taskflow_templates' retrieved from /home/ouaillaamiri/Development/lsi_3/airflow/venv/lib/python3.11/site-packages/airflow/example_dags/tutorial_taskflow_templates.py
[2024-11-06T11:02:56.537-1100] {logging_mixin.py:190} INFO - [2024-11-06T11:02:56.536-1100] {dag.py:3239} INFO - Sync 1 DAGs
[2024-11-06T11:02:56.616-1100] {logging_mixin.py:190} INFO - [2024-11-06T11:02:56.615-1100] {dag.py:4180} INFO - Setting next_dagrun for tutorial_taskflow_templates to 2024-11-05 00:00:00+00:00, run_after=2024-11-06 00:00:00+00:00
[2024-11-06T11:02:56.669-1100] {processor.py:208} INFO - Processing /home/ouaillaamiri/Development/lsi_3/airflow/venv/lib/python3.11/site-packages/airflow/example_dags/tutorial_taskflow_templates.py took 0.318 seconds
[2024-11-06T11:03:26.805-1100] {processor.py:186} INFO - Started process (PID=231503) to work on /home/ouaillaamiri/Development/lsi_3/airflow/venv/lib/python3.11/site-packages/airflow/example_dags/tutorial_taskflow_templates.py
[2024-11-06T11:03:26.807-1100] {processor.py:914} INFO - Processing file /home/ouaillaamiri/Development/lsi_3/airflow/venv/lib/python3.11/site-packages/airflow/example_dags/tutorial_taskflow_templates.py for tasks to queue
[2024-11-06T11:03:26.812-1100] {logging_mixin.py:190} INFO - [2024-11-06T11:03:26.811-1100] {dagbag.py:588} INFO - Filling up the DagBag from /home/ouaillaamiri/Development/lsi_3/airflow/venv/lib/python3.11/site-packages/airflow/example_dags/tutorial_taskflow_templates.py
[2024-11-06T11:03:26.841-1100] {processor.py:925} INFO - DAG(s) 'tutorial_taskflow_templates' retrieved from /home/ouaillaamiri/Development/lsi_3/airflow/venv/lib/python3.11/site-packages/airflow/example_dags/tutorial_taskflow_templates.py
[2024-11-06T11:03:26.916-1100] {logging_mixin.py:190} INFO - [2024-11-06T11:03:26.915-1100] {dag.py:3239} INFO - Sync 1 DAGs
[2024-11-06T11:03:26.995-1100] {logging_mixin.py:190} INFO - [2024-11-06T11:03:26.993-1100] {dag.py:4180} INFO - Setting next_dagrun for tutorial_taskflow_templates to 2024-11-05 00:00:00+00:00, run_after=2024-11-06 00:00:00+00:00
[2024-11-06T11:03:27.045-1100] {processor.py:208} INFO - Processing /home/ouaillaamiri/Development/lsi_3/airflow/venv/lib/python3.11/site-packages/airflow/example_dags/tutorial_taskflow_templates.py took 0.254 seconds
[2024-11-06T11:03:57.845-1100] {processor.py:186} INFO - Started process (PID=232179) to work on /home/ouaillaamiri/Development/lsi_3/airflow/venv/lib/python3.11/site-packages/airflow/example_dags/tutorial_taskflow_templates.py
[2024-11-06T11:03:57.847-1100] {processor.py:914} INFO - Processing file /home/ouaillaamiri/Development/lsi_3/airflow/venv/lib/python3.11/site-packages/airflow/example_dags/tutorial_taskflow_templates.py for tasks to queue
[2024-11-06T11:03:57.851-1100] {logging_mixin.py:190} INFO - [2024-11-06T11:03:57.850-1100] {dagbag.py:588} INFO - Filling up the DagBag from /home/ouaillaamiri/Development/lsi_3/airflow/venv/lib/python3.11/site-packages/airflow/example_dags/tutorial_taskflow_templates.py
[2024-11-06T11:03:57.871-1100] {processor.py:925} INFO - DAG(s) 'tutorial_taskflow_templates' retrieved from /home/ouaillaamiri/Development/lsi_3/airflow/venv/lib/python3.11/site-packages/airflow/example_dags/tutorial_taskflow_templates.py
[2024-11-06T11:03:57.927-1100] {logging_mixin.py:190} INFO - [2024-11-06T11:03:57.927-1100] {dag.py:3239} INFO - Sync 1 DAGs
[2024-11-06T11:03:57.970-1100] {logging_mixin.py:190} INFO - [2024-11-06T11:03:57.969-1100] {dag.py:4180} INFO - Setting next_dagrun for tutorial_taskflow_templates to 2024-11-05 00:00:00+00:00, run_after=2024-11-06 00:00:00+00:00
[2024-11-06T11:03:58.007-1100] {processor.py:208} INFO - Processing /home/ouaillaamiri/Development/lsi_3/airflow/venv/lib/python3.11/site-packages/airflow/example_dags/tutorial_taskflow_templates.py took 0.174 seconds
[2024-11-06T11:04:28.412-1100] {processor.py:186} INFO - Started process (PID=232548) to work on /home/ouaillaamiri/Development/lsi_3/airflow/venv/lib/python3.11/site-packages/airflow/example_dags/tutorial_taskflow_templates.py
[2024-11-06T11:04:28.413-1100] {processor.py:914} INFO - Processing file /home/ouaillaamiri/Development/lsi_3/airflow/venv/lib/python3.11/site-packages/airflow/example_dags/tutorial_taskflow_templates.py for tasks to queue
[2024-11-06T11:04:28.418-1100] {logging_mixin.py:190} INFO - [2024-11-06T11:04:28.417-1100] {dagbag.py:588} INFO - Filling up the DagBag from /home/ouaillaamiri/Development/lsi_3/airflow/venv/lib/python3.11/site-packages/airflow/example_dags/tutorial_taskflow_templates.py
[2024-11-06T11:04:28.444-1100] {processor.py:925} INFO - DAG(s) 'tutorial_taskflow_templates' retrieved from /home/ouaillaamiri/Development/lsi_3/airflow/venv/lib/python3.11/site-packages/airflow/example_dags/tutorial_taskflow_templates.py
[2024-11-06T11:04:28.508-1100] {logging_mixin.py:190} INFO - [2024-11-06T11:04:28.507-1100] {dag.py:3239} INFO - Sync 1 DAGs
[2024-11-06T11:04:28.551-1100] {logging_mixin.py:190} INFO - [2024-11-06T11:04:28.551-1100] {dag.py:4180} INFO - Setting next_dagrun for tutorial_taskflow_templates to 2024-11-05 00:00:00+00:00, run_after=2024-11-06 00:00:00+00:00
[2024-11-06T11:04:28.589-1100] {processor.py:208} INFO - Processing /home/ouaillaamiri/Development/lsi_3/airflow/venv/lib/python3.11/site-packages/airflow/example_dags/tutorial_taskflow_templates.py took 0.188 seconds
