[2024-11-06T10:53:21.190-1100] {processor.py:186} INFO - Started process (PID=218898) to work on /home/ouaillaamiri/Development/lsi_3/airflow/venv/lib/python3.11/site-packages/airflow/example_dags/tutorial.py
[2024-11-06T10:53:21.192-1100] {processor.py:914} INFO - Processing file /home/ouaillaamiri/Development/lsi_3/airflow/venv/lib/python3.11/site-packages/airflow/example_dags/tutorial.py for tasks to queue
[2024-11-06T10:53:21.197-1100] {logging_mixin.py:190} INFO - [2024-11-06T10:53:21.196-1100] {dagbag.py:588} INFO - Filling up the DagBag from /home/ouaillaamiri/Development/lsi_3/airflow/venv/lib/python3.11/site-packages/airflow/example_dags/tutorial.py
[2024-11-06T10:53:21.220-1100] {processor.py:925} INFO - DAG(s) 'tutorial' retrieved from /home/ouaillaamiri/Development/lsi_3/airflow/venv/lib/python3.11/site-packages/airflow/example_dags/tutorial.py
[2024-11-06T10:53:21.895-1100] {logging_mixin.py:190} INFO - [2024-11-06T10:53:21.893-1100] {override.py:1911} INFO - Created Permission View: can edit on DAG:tutorial
[2024-11-06T10:53:21.927-1100] {logging_mixin.py:190} INFO - [2024-11-06T10:53:21.925-1100] {override.py:1911} INFO - Created Permission View: can delete on DAG:tutorial
[2024-11-06T10:53:21.952-1100] {logging_mixin.py:190} INFO - [2024-11-06T10:53:21.950-1100] {override.py:1911} INFO - Created Permission View: can read on DAG:tutorial
[2024-11-06T10:53:21.967-1100] {logging_mixin.py:190} INFO - [2024-11-06T10:53:21.966-1100] {override.py:1911} INFO - Created Permission View: can delete on DAG Run:tutorial
[2024-11-06T10:53:21.983-1100] {logging_mixin.py:190} INFO - [2024-11-06T10:53:21.982-1100] {override.py:1911} INFO - Created Permission View: can create on DAG Run:tutorial
[2024-11-06T10:53:22.002-1100] {logging_mixin.py:190} INFO - [2024-11-06T10:53:22.001-1100] {override.py:1911} INFO - Created Permission View: menu access on DAG Run:tutorial
[2024-11-06T10:53:22.029-1100] {logging_mixin.py:190} INFO - [2024-11-06T10:53:22.028-1100] {override.py:1911} INFO - Created Permission View: can read on DAG Run:tutorial
[2024-11-06T10:53:22.030-1100] {logging_mixin.py:190} INFO - [2024-11-06T10:53:22.029-1100] {dag.py:3239} INFO - Sync 1 DAGs
[2024-11-06T10:53:22.068-1100] {logging_mixin.py:190} INFO - [2024-11-06T10:53:22.067-1100] {dag.py:3262} INFO - Creating ORM DAG for tutorial
[2024-11-06T10:53:22.095-1100] {logging_mixin.py:190} INFO - [2024-11-06T10:53:22.094-1100] {dag.py:4180} INFO - Setting next_dagrun for tutorial to 2024-11-05 00:00:00+00:00, run_after=2024-11-06 00:00:00+00:00
[2024-11-06T10:53:22.138-1100] {processor.py:208} INFO - Processing /home/ouaillaamiri/Development/lsi_3/airflow/venv/lib/python3.11/site-packages/airflow/example_dags/tutorial.py took 0.962 seconds
[2024-11-06T10:53:52.330-1100] {processor.py:186} INFO - Started process (PID=219748) to work on /home/ouaillaamiri/Development/lsi_3/airflow/venv/lib/python3.11/site-packages/airflow/example_dags/tutorial.py
[2024-11-06T10:53:52.333-1100] {processor.py:914} INFO - Processing file /home/ouaillaamiri/Development/lsi_3/airflow/venv/lib/python3.11/site-packages/airflow/example_dags/tutorial.py for tasks to queue
[2024-11-06T10:53:52.340-1100] {logging_mixin.py:190} INFO - [2024-11-06T10:53:52.339-1100] {dagbag.py:588} INFO - Filling up the DagBag from /home/ouaillaamiri/Development/lsi_3/airflow/venv/lib/python3.11/site-packages/airflow/example_dags/tutorial.py
[2024-11-06T10:53:52.359-1100] {processor.py:925} INFO - DAG(s) 'tutorial' retrieved from /home/ouaillaamiri/Development/lsi_3/airflow/venv/lib/python3.11/site-packages/airflow/example_dags/tutorial.py
[2024-11-06T10:53:52.419-1100] {logging_mixin.py:190} INFO - [2024-11-06T10:53:52.418-1100] {dag.py:3239} INFO - Sync 1 DAGs
[2024-11-06T10:53:52.463-1100] {logging_mixin.py:190} INFO - [2024-11-06T10:53:52.462-1100] {dag.py:4180} INFO - Setting next_dagrun for tutorial to 2024-11-05 00:00:00+00:00, run_after=2024-11-06 00:00:00+00:00
[2024-11-06T10:53:52.500-1100] {processor.py:208} INFO - Processing /home/ouaillaamiri/Development/lsi_3/airflow/venv/lib/python3.11/site-packages/airflow/example_dags/tutorial.py took 0.192 seconds
[2024-11-06T10:54:23.097-1100] {processor.py:186} INFO - Started process (PID=220464) to work on /home/ouaillaamiri/Development/lsi_3/airflow/venv/lib/python3.11/site-packages/airflow/example_dags/tutorial.py
[2024-11-06T10:54:23.101-1100] {processor.py:914} INFO - Processing file /home/ouaillaamiri/Development/lsi_3/airflow/venv/lib/python3.11/site-packages/airflow/example_dags/tutorial.py for tasks to queue
[2024-11-06T10:54:23.106-1100] {logging_mixin.py:190} INFO - [2024-11-06T10:54:23.105-1100] {dagbag.py:588} INFO - Filling up the DagBag from /home/ouaillaamiri/Development/lsi_3/airflow/venv/lib/python3.11/site-packages/airflow/example_dags/tutorial.py
[2024-11-06T10:54:23.124-1100] {processor.py:925} INFO - DAG(s) 'tutorial' retrieved from /home/ouaillaamiri/Development/lsi_3/airflow/venv/lib/python3.11/site-packages/airflow/example_dags/tutorial.py
[2024-11-06T10:54:23.188-1100] {logging_mixin.py:190} INFO - [2024-11-06T10:54:23.188-1100] {dag.py:3239} INFO - Sync 1 DAGs
[2024-11-06T10:54:23.231-1100] {logging_mixin.py:190} INFO - [2024-11-06T10:54:23.231-1100] {dag.py:4180} INFO - Setting next_dagrun for tutorial to 2024-11-05 00:00:00+00:00, run_after=2024-11-06 00:00:00+00:00
[2024-11-06T10:54:23.267-1100] {processor.py:208} INFO - Processing /home/ouaillaamiri/Development/lsi_3/airflow/venv/lib/python3.11/site-packages/airflow/example_dags/tutorial.py took 0.185 seconds
[2024-11-06T10:54:53.804-1100] {processor.py:186} INFO - Started process (PID=220828) to work on /home/ouaillaamiri/Development/lsi_3/airflow/venv/lib/python3.11/site-packages/airflow/example_dags/tutorial.py
[2024-11-06T10:54:53.808-1100] {processor.py:914} INFO - Processing file /home/ouaillaamiri/Development/lsi_3/airflow/venv/lib/python3.11/site-packages/airflow/example_dags/tutorial.py for tasks to queue
[2024-11-06T10:54:53.814-1100] {logging_mixin.py:190} INFO - [2024-11-06T10:54:53.813-1100] {dagbag.py:588} INFO - Filling up the DagBag from /home/ouaillaamiri/Development/lsi_3/airflow/venv/lib/python3.11/site-packages/airflow/example_dags/tutorial.py
[2024-11-06T10:54:53.834-1100] {processor.py:925} INFO - DAG(s) 'tutorial' retrieved from /home/ouaillaamiri/Development/lsi_3/airflow/venv/lib/python3.11/site-packages/airflow/example_dags/tutorial.py
[2024-11-06T10:54:53.899-1100] {logging_mixin.py:190} INFO - [2024-11-06T10:54:53.898-1100] {dag.py:3239} INFO - Sync 1 DAGs
[2024-11-06T10:54:53.948-1100] {logging_mixin.py:190} INFO - [2024-11-06T10:54:53.947-1100] {dag.py:4180} INFO - Setting next_dagrun for tutorial to 2024-11-05 00:00:00+00:00, run_after=2024-11-06 00:00:00+00:00
[2024-11-06T10:54:53.989-1100] {processor.py:208} INFO - Processing /home/ouaillaamiri/Development/lsi_3/airflow/venv/lib/python3.11/site-packages/airflow/example_dags/tutorial.py took 0.198 seconds
[2024-11-06T10:55:24.208-1100] {processor.py:186} INFO - Started process (PID=221528) to work on /home/ouaillaamiri/Development/lsi_3/airflow/venv/lib/python3.11/site-packages/airflow/example_dags/tutorial.py
[2024-11-06T10:55:24.212-1100] {processor.py:914} INFO - Processing file /home/ouaillaamiri/Development/lsi_3/airflow/venv/lib/python3.11/site-packages/airflow/example_dags/tutorial.py for tasks to queue
[2024-11-06T10:55:24.216-1100] {logging_mixin.py:190} INFO - [2024-11-06T10:55:24.215-1100] {dagbag.py:588} INFO - Filling up the DagBag from /home/ouaillaamiri/Development/lsi_3/airflow/venv/lib/python3.11/site-packages/airflow/example_dags/tutorial.py
[2024-11-06T10:55:24.230-1100] {processor.py:925} INFO - DAG(s) 'tutorial' retrieved from /home/ouaillaamiri/Development/lsi_3/airflow/venv/lib/python3.11/site-packages/airflow/example_dags/tutorial.py
[2024-11-06T10:55:24.287-1100] {logging_mixin.py:190} INFO - [2024-11-06T10:55:24.287-1100] {dag.py:3239} INFO - Sync 1 DAGs
[2024-11-06T10:55:24.332-1100] {logging_mixin.py:190} INFO - [2024-11-06T10:55:24.332-1100] {dag.py:4180} INFO - Setting next_dagrun for tutorial to 2024-11-05 00:00:00+00:00, run_after=2024-11-06 00:00:00+00:00
[2024-11-06T10:55:24.371-1100] {processor.py:208} INFO - Processing /home/ouaillaamiri/Development/lsi_3/airflow/venv/lib/python3.11/site-packages/airflow/example_dags/tutorial.py took 0.178 seconds
[2024-11-06T10:55:54.869-1100] {processor.py:186} INFO - Started process (PID=221896) to work on /home/ouaillaamiri/Development/lsi_3/airflow/venv/lib/python3.11/site-packages/airflow/example_dags/tutorial.py
[2024-11-06T10:55:54.873-1100] {processor.py:914} INFO - Processing file /home/ouaillaamiri/Development/lsi_3/airflow/venv/lib/python3.11/site-packages/airflow/example_dags/tutorial.py for tasks to queue
[2024-11-06T10:55:54.878-1100] {logging_mixin.py:190} INFO - [2024-11-06T10:55:54.877-1100] {dagbag.py:588} INFO - Filling up the DagBag from /home/ouaillaamiri/Development/lsi_3/airflow/venv/lib/python3.11/site-packages/airflow/example_dags/tutorial.py
[2024-11-06T10:55:54.896-1100] {processor.py:925} INFO - DAG(s) 'tutorial' retrieved from /home/ouaillaamiri/Development/lsi_3/airflow/venv/lib/python3.11/site-packages/airflow/example_dags/tutorial.py
[2024-11-06T10:55:54.949-1100] {logging_mixin.py:190} INFO - [2024-11-06T10:55:54.948-1100] {dag.py:3239} INFO - Sync 1 DAGs
[2024-11-06T10:55:54.998-1100] {logging_mixin.py:190} INFO - [2024-11-06T10:55:54.998-1100] {dag.py:4180} INFO - Setting next_dagrun for tutorial to 2024-11-05 00:00:00+00:00, run_after=2024-11-06 00:00:00+00:00
[2024-11-06T10:55:55.034-1100] {processor.py:208} INFO - Processing /home/ouaillaamiri/Development/lsi_3/airflow/venv/lib/python3.11/site-packages/airflow/example_dags/tutorial.py took 0.180 seconds
[2024-11-06T10:56:40.822-1100] {processor.py:186} INFO - Started process (PID=222966) to work on /home/ouaillaamiri/Development/lsi_3/airflow/venv/lib/python3.11/site-packages/airflow/example_dags/tutorial.py
[2024-11-06T10:56:40.826-1100] {processor.py:914} INFO - Processing file /home/ouaillaamiri/Development/lsi_3/airflow/venv/lib/python3.11/site-packages/airflow/example_dags/tutorial.py for tasks to queue
[2024-11-06T10:56:40.830-1100] {logging_mixin.py:190} INFO - [2024-11-06T10:56:40.830-1100] {dagbag.py:588} INFO - Filling up the DagBag from /home/ouaillaamiri/Development/lsi_3/airflow/venv/lib/python3.11/site-packages/airflow/example_dags/tutorial.py
[2024-11-06T10:56:41.214-1100] {processor.py:925} INFO - DAG(s) 'tutorial' retrieved from /home/ouaillaamiri/Development/lsi_3/airflow/venv/lib/python3.11/site-packages/airflow/example_dags/tutorial.py
[2024-11-06T10:56:41.303-1100] {logging_mixin.py:190} INFO - [2024-11-06T10:56:41.302-1100] {dag.py:3239} INFO - Sync 1 DAGs
[2024-11-06T10:56:41.356-1100] {logging_mixin.py:190} INFO - [2024-11-06T10:56:41.355-1100] {dag.py:4180} INFO - Setting next_dagrun for tutorial to 2024-11-05 00:00:00+00:00, run_after=2024-11-06 00:00:00+00:00
[2024-11-06T10:56:41.399-1100] {processor.py:208} INFO - Processing /home/ouaillaamiri/Development/lsi_3/airflow/venv/lib/python3.11/site-packages/airflow/example_dags/tutorial.py took 0.589 seconds
[2024-11-06T10:57:11.642-1100] {processor.py:186} INFO - Started process (PID=224112) to work on /home/ouaillaamiri/Development/lsi_3/airflow/venv/lib/python3.11/site-packages/airflow/example_dags/tutorial.py
[2024-11-06T10:57:11.644-1100] {processor.py:914} INFO - Processing file /home/ouaillaamiri/Development/lsi_3/airflow/venv/lib/python3.11/site-packages/airflow/example_dags/tutorial.py for tasks to queue
[2024-11-06T10:57:11.648-1100] {logging_mixin.py:190} INFO - [2024-11-06T10:57:11.647-1100] {dagbag.py:588} INFO - Filling up the DagBag from /home/ouaillaamiri/Development/lsi_3/airflow/venv/lib/python3.11/site-packages/airflow/example_dags/tutorial.py
[2024-11-06T10:57:11.663-1100] {processor.py:925} INFO - DAG(s) 'tutorial' retrieved from /home/ouaillaamiri/Development/lsi_3/airflow/venv/lib/python3.11/site-packages/airflow/example_dags/tutorial.py
[2024-11-06T10:57:11.721-1100] {logging_mixin.py:190} INFO - [2024-11-06T10:57:11.720-1100] {dag.py:3239} INFO - Sync 1 DAGs
[2024-11-06T10:57:11.764-1100] {logging_mixin.py:190} INFO - [2024-11-06T10:57:11.763-1100] {dag.py:4180} INFO - Setting next_dagrun for tutorial to 2024-11-05 00:00:00+00:00, run_after=2024-11-06 00:00:00+00:00
[2024-11-06T10:57:11.804-1100] {processor.py:208} INFO - Processing /home/ouaillaamiri/Development/lsi_3/airflow/venv/lib/python3.11/site-packages/airflow/example_dags/tutorial.py took 0.174 seconds
[2024-11-06T10:57:42.090-1100] {processor.py:186} INFO - Started process (PID=224851) to work on /home/ouaillaamiri/Development/lsi_3/airflow/venv/lib/python3.11/site-packages/airflow/example_dags/tutorial.py
[2024-11-06T10:57:42.092-1100] {processor.py:914} INFO - Processing file /home/ouaillaamiri/Development/lsi_3/airflow/venv/lib/python3.11/site-packages/airflow/example_dags/tutorial.py for tasks to queue
[2024-11-06T10:57:42.096-1100] {logging_mixin.py:190} INFO - [2024-11-06T10:57:42.095-1100] {dagbag.py:588} INFO - Filling up the DagBag from /home/ouaillaamiri/Development/lsi_3/airflow/venv/lib/python3.11/site-packages/airflow/example_dags/tutorial.py
[2024-11-06T10:57:42.111-1100] {processor.py:925} INFO - DAG(s) 'tutorial' retrieved from /home/ouaillaamiri/Development/lsi_3/airflow/venv/lib/python3.11/site-packages/airflow/example_dags/tutorial.py
[2024-11-06T10:57:42.164-1100] {logging_mixin.py:190} INFO - [2024-11-06T10:57:42.164-1100] {dag.py:3239} INFO - Sync 1 DAGs
[2024-11-06T10:57:42.204-1100] {logging_mixin.py:190} INFO - [2024-11-06T10:57:42.204-1100] {dag.py:4180} INFO - Setting next_dagrun for tutorial to 2024-11-05 00:00:00+00:00, run_after=2024-11-06 00:00:00+00:00
[2024-11-06T10:57:42.238-1100] {processor.py:208} INFO - Processing /home/ouaillaamiri/Development/lsi_3/airflow/venv/lib/python3.11/site-packages/airflow/example_dags/tutorial.py took 0.157 seconds
[2024-11-06T10:58:12.339-1100] {processor.py:186} INFO - Started process (PID=225556) to work on /home/ouaillaamiri/Development/lsi_3/airflow/venv/lib/python3.11/site-packages/airflow/example_dags/tutorial.py
[2024-11-06T10:58:12.341-1100] {processor.py:914} INFO - Processing file /home/ouaillaamiri/Development/lsi_3/airflow/venv/lib/python3.11/site-packages/airflow/example_dags/tutorial.py for tasks to queue
[2024-11-06T10:58:12.345-1100] {logging_mixin.py:190} INFO - [2024-11-06T10:58:12.344-1100] {dagbag.py:588} INFO - Filling up the DagBag from /home/ouaillaamiri/Development/lsi_3/airflow/venv/lib/python3.11/site-packages/airflow/example_dags/tutorial.py
[2024-11-06T10:58:12.361-1100] {processor.py:925} INFO - DAG(s) 'tutorial' retrieved from /home/ouaillaamiri/Development/lsi_3/airflow/venv/lib/python3.11/site-packages/airflow/example_dags/tutorial.py
[2024-11-06T10:58:12.422-1100] {logging_mixin.py:190} INFO - [2024-11-06T10:58:12.421-1100] {dag.py:3239} INFO - Sync 1 DAGs
[2024-11-06T10:58:12.470-1100] {logging_mixin.py:190} INFO - [2024-11-06T10:58:12.470-1100] {dag.py:4180} INFO - Setting next_dagrun for tutorial to 2024-11-05 00:00:00+00:00, run_after=2024-11-06 00:00:00+00:00
[2024-11-06T10:58:12.518-1100] {processor.py:208} INFO - Processing /home/ouaillaamiri/Development/lsi_3/airflow/venv/lib/python3.11/site-packages/airflow/example_dags/tutorial.py took 0.188 seconds
[2024-11-06T10:58:42.666-1100] {processor.py:186} INFO - Started process (PID=226267) to work on /home/ouaillaamiri/Development/lsi_3/airflow/venv/lib/python3.11/site-packages/airflow/example_dags/tutorial.py
[2024-11-06T10:58:42.668-1100] {processor.py:914} INFO - Processing file /home/ouaillaamiri/Development/lsi_3/airflow/venv/lib/python3.11/site-packages/airflow/example_dags/tutorial.py for tasks to queue
[2024-11-06T10:58:42.674-1100] {logging_mixin.py:190} INFO - [2024-11-06T10:58:42.673-1100] {dagbag.py:588} INFO - Filling up the DagBag from /home/ouaillaamiri/Development/lsi_3/airflow/venv/lib/python3.11/site-packages/airflow/example_dags/tutorial.py
[2024-11-06T10:58:42.691-1100] {processor.py:925} INFO - DAG(s) 'tutorial' retrieved from /home/ouaillaamiri/Development/lsi_3/airflow/venv/lib/python3.11/site-packages/airflow/example_dags/tutorial.py
[2024-11-06T10:58:42.761-1100] {logging_mixin.py:190} INFO - [2024-11-06T10:58:42.761-1100] {dag.py:3239} INFO - Sync 1 DAGs
[2024-11-06T10:58:42.822-1100] {logging_mixin.py:190} INFO - [2024-11-06T10:58:42.821-1100] {dag.py:4180} INFO - Setting next_dagrun for tutorial to 2024-11-05 00:00:00+00:00, run_after=2024-11-06 00:00:00+00:00
[2024-11-06T10:58:42.871-1100] {processor.py:208} INFO - Processing /home/ouaillaamiri/Development/lsi_3/airflow/venv/lib/python3.11/site-packages/airflow/example_dags/tutorial.py took 0.221 seconds
[2024-11-06T10:59:13.860-1100] {processor.py:186} INFO - Started process (PID=226972) to work on /home/ouaillaamiri/Development/lsi_3/airflow/venv/lib/python3.11/site-packages/airflow/example_dags/tutorial.py
[2024-11-06T10:59:13.862-1100] {processor.py:914} INFO - Processing file /home/ouaillaamiri/Development/lsi_3/airflow/venv/lib/python3.11/site-packages/airflow/example_dags/tutorial.py for tasks to queue
[2024-11-06T10:59:13.866-1100] {logging_mixin.py:190} INFO - [2024-11-06T10:59:13.865-1100] {dagbag.py:588} INFO - Filling up the DagBag from /home/ouaillaamiri/Development/lsi_3/airflow/venv/lib/python3.11/site-packages/airflow/example_dags/tutorial.py
[2024-11-06T10:59:13.888-1100] {processor.py:925} INFO - DAG(s) 'tutorial' retrieved from /home/ouaillaamiri/Development/lsi_3/airflow/venv/lib/python3.11/site-packages/airflow/example_dags/tutorial.py
[2024-11-06T10:59:13.945-1100] {logging_mixin.py:190} INFO - [2024-11-06T10:59:13.944-1100] {dag.py:3239} INFO - Sync 1 DAGs
[2024-11-06T10:59:13.989-1100] {logging_mixin.py:190} INFO - [2024-11-06T10:59:13.988-1100] {dag.py:4180} INFO - Setting next_dagrun for tutorial to 2024-11-05 00:00:00+00:00, run_after=2024-11-06 00:00:00+00:00
[2024-11-06T10:59:14.026-1100] {processor.py:208} INFO - Processing /home/ouaillaamiri/Development/lsi_3/airflow/venv/lib/python3.11/site-packages/airflow/example_dags/tutorial.py took 0.178 seconds
[2024-11-06T10:59:44.288-1100] {processor.py:186} INFO - Started process (PID=227368) to work on /home/ouaillaamiri/Development/lsi_3/airflow/venv/lib/python3.11/site-packages/airflow/example_dags/tutorial.py
[2024-11-06T10:59:44.290-1100] {processor.py:914} INFO - Processing file /home/ouaillaamiri/Development/lsi_3/airflow/venv/lib/python3.11/site-packages/airflow/example_dags/tutorial.py for tasks to queue
[2024-11-06T10:59:44.295-1100] {logging_mixin.py:190} INFO - [2024-11-06T10:59:44.294-1100] {dagbag.py:588} INFO - Filling up the DagBag from /home/ouaillaamiri/Development/lsi_3/airflow/venv/lib/python3.11/site-packages/airflow/example_dags/tutorial.py
[2024-11-06T10:59:44.315-1100] {processor.py:925} INFO - DAG(s) 'tutorial' retrieved from /home/ouaillaamiri/Development/lsi_3/airflow/venv/lib/python3.11/site-packages/airflow/example_dags/tutorial.py
[2024-11-06T10:59:44.367-1100] {logging_mixin.py:190} INFO - [2024-11-06T10:59:44.367-1100] {dag.py:3239} INFO - Sync 1 DAGs
[2024-11-06T10:59:44.408-1100] {logging_mixin.py:190} INFO - [2024-11-06T10:59:44.407-1100] {dag.py:4180} INFO - Setting next_dagrun for tutorial to 2024-11-05 00:00:00+00:00, run_after=2024-11-06 00:00:00+00:00
[2024-11-06T10:59:44.442-1100] {processor.py:208} INFO - Processing /home/ouaillaamiri/Development/lsi_3/airflow/venv/lib/python3.11/site-packages/airflow/example_dags/tutorial.py took 0.168 seconds
[2024-11-06T11:00:14.843-1100] {processor.py:186} INFO - Started process (PID=227782) to work on /home/ouaillaamiri/Development/lsi_3/airflow/venv/lib/python3.11/site-packages/airflow/example_dags/tutorial.py
[2024-11-06T11:00:14.845-1100] {processor.py:914} INFO - Processing file /home/ouaillaamiri/Development/lsi_3/airflow/venv/lib/python3.11/site-packages/airflow/example_dags/tutorial.py for tasks to queue
[2024-11-06T11:00:14.848-1100] {logging_mixin.py:190} INFO - [2024-11-06T11:00:14.847-1100] {dagbag.py:588} INFO - Filling up the DagBag from /home/ouaillaamiri/Development/lsi_3/airflow/venv/lib/python3.11/site-packages/airflow/example_dags/tutorial.py
[2024-11-06T11:00:14.864-1100] {processor.py:925} INFO - DAG(s) 'tutorial' retrieved from /home/ouaillaamiri/Development/lsi_3/airflow/venv/lib/python3.11/site-packages/airflow/example_dags/tutorial.py
[2024-11-06T11:00:14.931-1100] {logging_mixin.py:190} INFO - [2024-11-06T11:00:14.930-1100] {dag.py:3239} INFO - Sync 1 DAGs
[2024-11-06T11:00:14.973-1100] {logging_mixin.py:190} INFO - [2024-11-06T11:00:14.973-1100] {dag.py:4180} INFO - Setting next_dagrun for tutorial to 2024-11-05 00:00:00+00:00, run_after=2024-11-06 00:00:00+00:00
[2024-11-06T11:00:15.009-1100] {processor.py:208} INFO - Processing /home/ouaillaamiri/Development/lsi_3/airflow/venv/lib/python3.11/site-packages/airflow/example_dags/tutorial.py took 0.176 seconds
[2024-11-06T11:00:51.781-1100] {processor.py:186} INFO - Started process (PID=228420) to work on /home/ouaillaamiri/Development/lsi_3/airflow/venv/lib/python3.11/site-packages/airflow/example_dags/tutorial.py
[2024-11-06T11:00:51.783-1100] {processor.py:914} INFO - Processing file /home/ouaillaamiri/Development/lsi_3/airflow/venv/lib/python3.11/site-packages/airflow/example_dags/tutorial.py for tasks to queue
[2024-11-06T11:00:51.788-1100] {logging_mixin.py:190} INFO - [2024-11-06T11:00:51.787-1100] {dagbag.py:588} INFO - Filling up the DagBag from /home/ouaillaamiri/Development/lsi_3/airflow/venv/lib/python3.11/site-packages/airflow/example_dags/tutorial.py
[2024-11-06T11:00:52.133-1100] {processor.py:925} INFO - DAG(s) 'tutorial' retrieved from /home/ouaillaamiri/Development/lsi_3/airflow/venv/lib/python3.11/site-packages/airflow/example_dags/tutorial.py
[2024-11-06T11:00:52.199-1100] {logging_mixin.py:190} INFO - [2024-11-06T11:00:52.198-1100] {dag.py:3239} INFO - Sync 1 DAGs
[2024-11-06T11:00:52.242-1100] {logging_mixin.py:190} INFO - [2024-11-06T11:00:52.241-1100] {dag.py:4180} INFO - Setting next_dagrun for tutorial to 2024-11-05 00:00:00+00:00, run_after=2024-11-06 00:00:00+00:00
[2024-11-06T11:00:52.283-1100] {processor.py:208} INFO - Processing /home/ouaillaamiri/Development/lsi_3/airflow/venv/lib/python3.11/site-packages/airflow/example_dags/tutorial.py took 0.515 seconds
[2024-11-06T11:01:22.949-1100] {processor.py:186} INFO - Started process (PID=229159) to work on /home/ouaillaamiri/Development/lsi_3/airflow/venv/lib/python3.11/site-packages/airflow/example_dags/tutorial.py
[2024-11-06T11:01:22.951-1100] {processor.py:914} INFO - Processing file /home/ouaillaamiri/Development/lsi_3/airflow/venv/lib/python3.11/site-packages/airflow/example_dags/tutorial.py for tasks to queue
[2024-11-06T11:01:22.957-1100] {logging_mixin.py:190} INFO - [2024-11-06T11:01:22.956-1100] {dagbag.py:588} INFO - Filling up the DagBag from /home/ouaillaamiri/Development/lsi_3/airflow/venv/lib/python3.11/site-packages/airflow/example_dags/tutorial.py
[2024-11-06T11:01:22.978-1100] {processor.py:925} INFO - DAG(s) 'tutorial' retrieved from /home/ouaillaamiri/Development/lsi_3/airflow/venv/lib/python3.11/site-packages/airflow/example_dags/tutorial.py
[2024-11-06T11:01:23.043-1100] {logging_mixin.py:190} INFO - [2024-11-06T11:01:23.043-1100] {dag.py:3239} INFO - Sync 1 DAGs
[2024-11-06T11:01:23.094-1100] {logging_mixin.py:190} INFO - [2024-11-06T11:01:23.093-1100] {dag.py:4180} INFO - Setting next_dagrun for tutorial to 2024-11-05 00:00:00+00:00, run_after=2024-11-06 00:00:00+00:00
[2024-11-06T11:01:23.134-1100] {processor.py:208} INFO - Processing /home/ouaillaamiri/Development/lsi_3/airflow/venv/lib/python3.11/site-packages/airflow/example_dags/tutorial.py took 0.198 seconds
[2024-11-06T11:01:53.255-1100] {processor.py:186} INFO - Started process (PID=229530) to work on /home/ouaillaamiri/Development/lsi_3/airflow/venv/lib/python3.11/site-packages/airflow/example_dags/tutorial.py
[2024-11-06T11:01:53.256-1100] {processor.py:914} INFO - Processing file /home/ouaillaamiri/Development/lsi_3/airflow/venv/lib/python3.11/site-packages/airflow/example_dags/tutorial.py for tasks to queue
[2024-11-06T11:01:53.260-1100] {logging_mixin.py:190} INFO - [2024-11-06T11:01:53.260-1100] {dagbag.py:588} INFO - Filling up the DagBag from /home/ouaillaamiri/Development/lsi_3/airflow/venv/lib/python3.11/site-packages/airflow/example_dags/tutorial.py
[2024-11-06T11:01:53.273-1100] {processor.py:925} INFO - DAG(s) 'tutorial' retrieved from /home/ouaillaamiri/Development/lsi_3/airflow/venv/lib/python3.11/site-packages/airflow/example_dags/tutorial.py
[2024-11-06T11:01:53.325-1100] {logging_mixin.py:190} INFO - [2024-11-06T11:01:53.325-1100] {dag.py:3239} INFO - Sync 1 DAGs
[2024-11-06T11:01:53.364-1100] {logging_mixin.py:190} INFO - [2024-11-06T11:01:53.364-1100] {dag.py:4180} INFO - Setting next_dagrun for tutorial to 2024-11-05 00:00:00+00:00, run_after=2024-11-06 00:00:00+00:00
[2024-11-06T11:01:53.398-1100] {processor.py:208} INFO - Processing /home/ouaillaamiri/Development/lsi_3/airflow/venv/lib/python3.11/site-packages/airflow/example_dags/tutorial.py took 0.154 seconds
[2024-11-06T11:02:23.914-1100] {processor.py:186} INFO - Started process (PID=229965) to work on /home/ouaillaamiri/Development/lsi_3/airflow/venv/lib/python3.11/site-packages/airflow/example_dags/tutorial.py
[2024-11-06T11:02:23.916-1100] {processor.py:914} INFO - Processing file /home/ouaillaamiri/Development/lsi_3/airflow/venv/lib/python3.11/site-packages/airflow/example_dags/tutorial.py for tasks to queue
[2024-11-06T11:02:23.921-1100] {logging_mixin.py:190} INFO - [2024-11-06T11:02:23.920-1100] {dagbag.py:588} INFO - Filling up the DagBag from /home/ouaillaamiri/Development/lsi_3/airflow/venv/lib/python3.11/site-packages/airflow/example_dags/tutorial.py
[2024-11-06T11:02:23.945-1100] {processor.py:925} INFO - DAG(s) 'tutorial' retrieved from /home/ouaillaamiri/Development/lsi_3/airflow/venv/lib/python3.11/site-packages/airflow/example_dags/tutorial.py
[2024-11-06T11:02:24.029-1100] {logging_mixin.py:190} INFO - [2024-11-06T11:02:24.028-1100] {dag.py:3239} INFO - Sync 1 DAGs
[2024-11-06T11:02:24.081-1100] {logging_mixin.py:190} INFO - [2024-11-06T11:02:24.081-1100] {dag.py:4180} INFO - Setting next_dagrun for tutorial to 2024-11-05 00:00:00+00:00, run_after=2024-11-06 00:00:00+00:00
[2024-11-06T11:02:24.125-1100] {processor.py:208} INFO - Processing /home/ouaillaamiri/Development/lsi_3/airflow/venv/lib/python3.11/site-packages/airflow/example_dags/tutorial.py took 0.226 seconds
[2024-11-06T11:02:54.374-1100] {processor.py:186} INFO - Started process (PID=231106) to work on /home/ouaillaamiri/Development/lsi_3/airflow/venv/lib/python3.11/site-packages/airflow/example_dags/tutorial.py
[2024-11-06T11:02:54.376-1100] {processor.py:914} INFO - Processing file /home/ouaillaamiri/Development/lsi_3/airflow/venv/lib/python3.11/site-packages/airflow/example_dags/tutorial.py for tasks to queue
[2024-11-06T11:02:54.382-1100] {logging_mixin.py:190} INFO - [2024-11-06T11:02:54.381-1100] {dagbag.py:588} INFO - Filling up the DagBag from /home/ouaillaamiri/Development/lsi_3/airflow/venv/lib/python3.11/site-packages/airflow/example_dags/tutorial.py
[2024-11-06T11:02:54.410-1100] {processor.py:925} INFO - DAG(s) 'tutorial' retrieved from /home/ouaillaamiri/Development/lsi_3/airflow/venv/lib/python3.11/site-packages/airflow/example_dags/tutorial.py
[2024-11-06T11:02:54.485-1100] {logging_mixin.py:190} INFO - [2024-11-06T11:02:54.484-1100] {dag.py:3239} INFO - Sync 1 DAGs
[2024-11-06T11:02:54.545-1100] {logging_mixin.py:190} INFO - [2024-11-06T11:02:54.545-1100] {dag.py:4180} INFO - Setting next_dagrun for tutorial to 2024-11-05 00:00:00+00:00, run_after=2024-11-06 00:00:00+00:00
[2024-11-06T11:02:54.592-1100] {processor.py:208} INFO - Processing /home/ouaillaamiri/Development/lsi_3/airflow/venv/lib/python3.11/site-packages/airflow/example_dags/tutorial.py took 0.234 seconds
[2024-11-06T11:03:25.638-1100] {processor.py:186} INFO - Started process (PID=231472) to work on /home/ouaillaamiri/Development/lsi_3/airflow/venv/lib/python3.11/site-packages/airflow/example_dags/tutorial.py
[2024-11-06T11:03:25.640-1100] {processor.py:914} INFO - Processing file /home/ouaillaamiri/Development/lsi_3/airflow/venv/lib/python3.11/site-packages/airflow/example_dags/tutorial.py for tasks to queue
[2024-11-06T11:03:25.644-1100] {logging_mixin.py:190} INFO - [2024-11-06T11:03:25.643-1100] {dagbag.py:588} INFO - Filling up the DagBag from /home/ouaillaamiri/Development/lsi_3/airflow/venv/lib/python3.11/site-packages/airflow/example_dags/tutorial.py
[2024-11-06T11:03:25.659-1100] {processor.py:925} INFO - DAG(s) 'tutorial' retrieved from /home/ouaillaamiri/Development/lsi_3/airflow/venv/lib/python3.11/site-packages/airflow/example_dags/tutorial.py
[2024-11-06T11:03:25.723-1100] {logging_mixin.py:190} INFO - [2024-11-06T11:03:25.722-1100] {dag.py:3239} INFO - Sync 1 DAGs
[2024-11-06T11:03:25.778-1100] {logging_mixin.py:190} INFO - [2024-11-06T11:03:25.777-1100] {dag.py:4180} INFO - Setting next_dagrun for tutorial to 2024-11-05 00:00:00+00:00, run_after=2024-11-06 00:00:00+00:00
[2024-11-06T11:03:25.826-1100] {processor.py:208} INFO - Processing /home/ouaillaamiri/Development/lsi_3/airflow/venv/lib/python3.11/site-packages/airflow/example_dags/tutorial.py took 0.199 seconds
[2024-11-06T11:03:56.109-1100] {processor.py:186} INFO - Started process (PID=232148) to work on /home/ouaillaamiri/Development/lsi_3/airflow/venv/lib/python3.11/site-packages/airflow/example_dags/tutorial.py
[2024-11-06T11:03:56.111-1100] {processor.py:914} INFO - Processing file /home/ouaillaamiri/Development/lsi_3/airflow/venv/lib/python3.11/site-packages/airflow/example_dags/tutorial.py for tasks to queue
[2024-11-06T11:03:56.116-1100] {logging_mixin.py:190} INFO - [2024-11-06T11:03:56.115-1100] {dagbag.py:588} INFO - Filling up the DagBag from /home/ouaillaamiri/Development/lsi_3/airflow/venv/lib/python3.11/site-packages/airflow/example_dags/tutorial.py
[2024-11-06T11:03:56.132-1100] {processor.py:925} INFO - DAG(s) 'tutorial' retrieved from /home/ouaillaamiri/Development/lsi_3/airflow/venv/lib/python3.11/site-packages/airflow/example_dags/tutorial.py
[2024-11-06T11:03:56.193-1100] {logging_mixin.py:190} INFO - [2024-11-06T11:03:56.192-1100] {dag.py:3239} INFO - Sync 1 DAGs
[2024-11-06T11:03:56.240-1100] {logging_mixin.py:190} INFO - [2024-11-06T11:03:56.239-1100] {dag.py:4180} INFO - Setting next_dagrun for tutorial to 2024-11-05 00:00:00+00:00, run_after=2024-11-06 00:00:00+00:00
[2024-11-06T11:03:56.282-1100] {processor.py:208} INFO - Processing /home/ouaillaamiri/Development/lsi_3/airflow/venv/lib/python3.11/site-packages/airflow/example_dags/tutorial.py took 0.183 seconds
[2024-11-06T11:04:26.722-1100] {processor.py:186} INFO - Started process (PID=232517) to work on /home/ouaillaamiri/Development/lsi_3/airflow/venv/lib/python3.11/site-packages/airflow/example_dags/tutorial.py
[2024-11-06T11:04:26.723-1100] {processor.py:914} INFO - Processing file /home/ouaillaamiri/Development/lsi_3/airflow/venv/lib/python3.11/site-packages/airflow/example_dags/tutorial.py for tasks to queue
[2024-11-06T11:04:26.727-1100] {logging_mixin.py:190} INFO - [2024-11-06T11:04:26.727-1100] {dagbag.py:588} INFO - Filling up the DagBag from /home/ouaillaamiri/Development/lsi_3/airflow/venv/lib/python3.11/site-packages/airflow/example_dags/tutorial.py
[2024-11-06T11:04:26.742-1100] {processor.py:925} INFO - DAG(s) 'tutorial' retrieved from /home/ouaillaamiri/Development/lsi_3/airflow/venv/lib/python3.11/site-packages/airflow/example_dags/tutorial.py
[2024-11-06T11:04:26.798-1100] {logging_mixin.py:190} INFO - [2024-11-06T11:04:26.797-1100] {dag.py:3239} INFO - Sync 1 DAGs
[2024-11-06T11:04:26.842-1100] {logging_mixin.py:190} INFO - [2024-11-06T11:04:26.841-1100] {dag.py:4180} INFO - Setting next_dagrun for tutorial to 2024-11-05 00:00:00+00:00, run_after=2024-11-06 00:00:00+00:00
[2024-11-06T11:04:26.881-1100] {processor.py:208} INFO - Processing /home/ouaillaamiri/Development/lsi_3/airflow/venv/lib/python3.11/site-packages/airflow/example_dags/tutorial.py took 0.176 seconds
