[2024-11-06T10:53:26.081-1100] {processor.py:186} INFO - Started process (PID=219121) to work on /home/ouaillaamiri/Development/lsi_3/airflow/venv/lib/python3.11/site-packages/airflow/example_dags/tutorial_taskflow_api_virtualenv.py
[2024-11-06T10:53:26.552-1100] {processor.py:914} INFO - Processing file /home/ouaillaamiri/Development/lsi_3/airflow/venv/lib/python3.11/site-packages/airflow/example_dags/tutorial_taskflow_api_virtualenv.py for tasks to queue
[2024-11-06T10:53:26.555-1100] {logging_mixin.py:190} INFO - [2024-11-06T10:53:26.554-1100] {dagbag.py:588} INFO - Filling up the DagBag from /home/ouaillaamiri/Development/lsi_3/airflow/venv/lib/python3.11/site-packages/airflow/example_dags/tutorial_taskflow_api_virtualenv.py
[2024-11-06T10:53:26.562-1100] {logging_mixin.py:190} INFO - [2024-11-06T10:53:26.561-1100] {tutorial_taskflow_api_virtualenv.py:29} WARNING - The tutorial_taskflow_api_virtualenv example DAG requires virtualenv, please install it.
[2024-11-06T10:53:26.563-1100] {processor.py:927} WARNING - No viable dags retrieved from /home/ouaillaamiri/Development/lsi_3/airflow/venv/lib/python3.11/site-packages/airflow/example_dags/tutorial_taskflow_api_virtualenv.py
[2024-11-06T10:53:26.630-1100] {processor.py:208} INFO - Processing /home/ouaillaamiri/Development/lsi_3/airflow/venv/lib/python3.11/site-packages/airflow/example_dags/tutorial_taskflow_api_virtualenv.py took 0.566 seconds
[2024-11-06T10:53:57.268-1100] {processor.py:186} INFO - Started process (PID=219808) to work on /home/ouaillaamiri/Development/lsi_3/airflow/venv/lib/python3.11/site-packages/airflow/example_dags/tutorial_taskflow_api_virtualenv.py
[2024-11-06T10:53:57.270-1100] {processor.py:914} INFO - Processing file /home/ouaillaamiri/Development/lsi_3/airflow/venv/lib/python3.11/site-packages/airflow/example_dags/tutorial_taskflow_api_virtualenv.py for tasks to queue
[2024-11-06T10:53:57.275-1100] {logging_mixin.py:190} INFO - [2024-11-06T10:53:57.274-1100] {dagbag.py:588} INFO - Filling up the DagBag from /home/ouaillaamiri/Development/lsi_3/airflow/venv/lib/python3.11/site-packages/airflow/example_dags/tutorial_taskflow_api_virtualenv.py
[2024-11-06T10:53:57.281-1100] {logging_mixin.py:190} INFO - [2024-11-06T10:53:57.281-1100] {tutorial_taskflow_api_virtualenv.py:29} WARNING - The tutorial_taskflow_api_virtualenv example DAG requires virtualenv, please install it.
[2024-11-06T10:53:57.282-1100] {processor.py:927} WARNING - No viable dags retrieved from /home/ouaillaamiri/Development/lsi_3/airflow/venv/lib/python3.11/site-packages/airflow/example_dags/tutorial_taskflow_api_virtualenv.py
[2024-11-06T10:53:57.340-1100] {processor.py:208} INFO - Processing /home/ouaillaamiri/Development/lsi_3/airflow/venv/lib/python3.11/site-packages/airflow/example_dags/tutorial_taskflow_api_virtualenv.py took 0.085 seconds
[2024-11-06T10:54:27.897-1100] {processor.py:186} INFO - Started process (PID=220520) to work on /home/ouaillaamiri/Development/lsi_3/airflow/venv/lib/python3.11/site-packages/airflow/example_dags/tutorial_taskflow_api_virtualenv.py
[2024-11-06T10:54:27.899-1100] {processor.py:914} INFO - Processing file /home/ouaillaamiri/Development/lsi_3/airflow/venv/lib/python3.11/site-packages/airflow/example_dags/tutorial_taskflow_api_virtualenv.py for tasks to queue
[2024-11-06T10:54:27.904-1100] {logging_mixin.py:190} INFO - [2024-11-06T10:54:27.903-1100] {dagbag.py:588} INFO - Filling up the DagBag from /home/ouaillaamiri/Development/lsi_3/airflow/venv/lib/python3.11/site-packages/airflow/example_dags/tutorial_taskflow_api_virtualenv.py
[2024-11-06T10:54:27.912-1100] {logging_mixin.py:190} INFO - [2024-11-06T10:54:27.912-1100] {tutorial_taskflow_api_virtualenv.py:29} WARNING - The tutorial_taskflow_api_virtualenv example DAG requires virtualenv, please install it.
[2024-11-06T10:54:27.913-1100] {processor.py:927} WARNING - No viable dags retrieved from /home/ouaillaamiri/Development/lsi_3/airflow/venv/lib/python3.11/site-packages/airflow/example_dags/tutorial_taskflow_api_virtualenv.py
[2024-11-06T10:54:27.972-1100] {processor.py:208} INFO - Processing /home/ouaillaamiri/Development/lsi_3/airflow/venv/lib/python3.11/site-packages/airflow/example_dags/tutorial_taskflow_api_virtualenv.py took 0.093 seconds
[2024-11-06T10:54:58.903-1100] {processor.py:186} INFO - Started process (PID=220893) to work on /home/ouaillaamiri/Development/lsi_3/airflow/venv/lib/python3.11/site-packages/airflow/example_dags/tutorial_taskflow_api_virtualenv.py
[2024-11-06T10:54:58.905-1100] {processor.py:914} INFO - Processing file /home/ouaillaamiri/Development/lsi_3/airflow/venv/lib/python3.11/site-packages/airflow/example_dags/tutorial_taskflow_api_virtualenv.py for tasks to queue
[2024-11-06T10:54:58.909-1100] {logging_mixin.py:190} INFO - [2024-11-06T10:54:58.909-1100] {dagbag.py:588} INFO - Filling up the DagBag from /home/ouaillaamiri/Development/lsi_3/airflow/venv/lib/python3.11/site-packages/airflow/example_dags/tutorial_taskflow_api_virtualenv.py
[2024-11-06T10:54:58.915-1100] {logging_mixin.py:190} INFO - [2024-11-06T10:54:58.914-1100] {tutorial_taskflow_api_virtualenv.py:29} WARNING - The tutorial_taskflow_api_virtualenv example DAG requires virtualenv, please install it.
[2024-11-06T10:54:58.916-1100] {processor.py:927} WARNING - No viable dags retrieved from /home/ouaillaamiri/Development/lsi_3/airflow/venv/lib/python3.11/site-packages/airflow/example_dags/tutorial_taskflow_api_virtualenv.py
[2024-11-06T10:54:58.979-1100] {processor.py:208} INFO - Processing /home/ouaillaamiri/Development/lsi_3/airflow/venv/lib/python3.11/site-packages/airflow/example_dags/tutorial_taskflow_api_virtualenv.py took 0.087 seconds
[2024-11-06T10:55:29.291-1100] {processor.py:186} INFO - Started process (PID=221583) to work on /home/ouaillaamiri/Development/lsi_3/airflow/venv/lib/python3.11/site-packages/airflow/example_dags/tutorial_taskflow_api_virtualenv.py
[2024-11-06T10:55:29.294-1100] {processor.py:914} INFO - Processing file /home/ouaillaamiri/Development/lsi_3/airflow/venv/lib/python3.11/site-packages/airflow/example_dags/tutorial_taskflow_api_virtualenv.py for tasks to queue
[2024-11-06T10:55:29.300-1100] {logging_mixin.py:190} INFO - [2024-11-06T10:55:29.299-1100] {dagbag.py:588} INFO - Filling up the DagBag from /home/ouaillaamiri/Development/lsi_3/airflow/venv/lib/python3.11/site-packages/airflow/example_dags/tutorial_taskflow_api_virtualenv.py
[2024-11-06T10:55:29.308-1100] {logging_mixin.py:190} INFO - [2024-11-06T10:55:29.308-1100] {tutorial_taskflow_api_virtualenv.py:29} WARNING - The tutorial_taskflow_api_virtualenv example DAG requires virtualenv, please install it.
[2024-11-06T10:55:29.309-1100] {processor.py:927} WARNING - No viable dags retrieved from /home/ouaillaamiri/Development/lsi_3/airflow/venv/lib/python3.11/site-packages/airflow/example_dags/tutorial_taskflow_api_virtualenv.py
[2024-11-06T10:55:29.367-1100] {processor.py:208} INFO - Processing /home/ouaillaamiri/Development/lsi_3/airflow/venv/lib/python3.11/site-packages/airflow/example_dags/tutorial_taskflow_api_virtualenv.py took 0.095 seconds
[2024-11-06T10:55:59.724-1100] {processor.py:186} INFO - Started process (PID=221960) to work on /home/ouaillaamiri/Development/lsi_3/airflow/venv/lib/python3.11/site-packages/airflow/example_dags/tutorial_taskflow_api_virtualenv.py
[2024-11-06T10:55:59.726-1100] {processor.py:914} INFO - Processing file /home/ouaillaamiri/Development/lsi_3/airflow/venv/lib/python3.11/site-packages/airflow/example_dags/tutorial_taskflow_api_virtualenv.py for tasks to queue
[2024-11-06T10:55:59.730-1100] {logging_mixin.py:190} INFO - [2024-11-06T10:55:59.730-1100] {dagbag.py:588} INFO - Filling up the DagBag from /home/ouaillaamiri/Development/lsi_3/airflow/venv/lib/python3.11/site-packages/airflow/example_dags/tutorial_taskflow_api_virtualenv.py
[2024-11-06T10:55:59.735-1100] {logging_mixin.py:190} INFO - [2024-11-06T10:55:59.735-1100] {tutorial_taskflow_api_virtualenv.py:29} WARNING - The tutorial_taskflow_api_virtualenv example DAG requires virtualenv, please install it.
[2024-11-06T10:55:59.736-1100] {processor.py:927} WARNING - No viable dags retrieved from /home/ouaillaamiri/Development/lsi_3/airflow/venv/lib/python3.11/site-packages/airflow/example_dags/tutorial_taskflow_api_virtualenv.py
[2024-11-06T10:55:59.784-1100] {processor.py:208} INFO - Processing /home/ouaillaamiri/Development/lsi_3/airflow/venv/lib/python3.11/site-packages/airflow/example_dags/tutorial_taskflow_api_virtualenv.py took 0.070 seconds
[2024-11-06T10:56:43.098-1100] {processor.py:186} INFO - Started process (PID=223026) to work on /home/ouaillaamiri/Development/lsi_3/airflow/venv/lib/python3.11/site-packages/airflow/example_dags/tutorial_taskflow_api_virtualenv.py
[2024-11-06T10:56:43.099-1100] {processor.py:914} INFO - Processing file /home/ouaillaamiri/Development/lsi_3/airflow/venv/lib/python3.11/site-packages/airflow/example_dags/tutorial_taskflow_api_virtualenv.py for tasks to queue
[2024-11-06T10:56:43.102-1100] {logging_mixin.py:190} INFO - [2024-11-06T10:56:43.102-1100] {dagbag.py:588} INFO - Filling up the DagBag from /home/ouaillaamiri/Development/lsi_3/airflow/venv/lib/python3.11/site-packages/airflow/example_dags/tutorial_taskflow_api_virtualenv.py
[2024-11-06T10:56:43.107-1100] {logging_mixin.py:190} INFO - [2024-11-06T10:56:43.106-1100] {tutorial_taskflow_api_virtualenv.py:29} WARNING - The tutorial_taskflow_api_virtualenv example DAG requires virtualenv, please install it.
[2024-11-06T10:56:43.107-1100] {processor.py:927} WARNING - No viable dags retrieved from /home/ouaillaamiri/Development/lsi_3/airflow/venv/lib/python3.11/site-packages/airflow/example_dags/tutorial_taskflow_api_virtualenv.py
[2024-11-06T10:56:43.160-1100] {processor.py:208} INFO - Processing /home/ouaillaamiri/Development/lsi_3/airflow/venv/lib/python3.11/site-packages/airflow/example_dags/tutorial_taskflow_api_virtualenv.py took 0.072 seconds
[2024-11-06T10:57:13.776-1100] {processor.py:186} INFO - Started process (PID=224174) to work on /home/ouaillaamiri/Development/lsi_3/airflow/venv/lib/python3.11/site-packages/airflow/example_dags/tutorial_taskflow_api_virtualenv.py
[2024-11-06T10:57:13.778-1100] {processor.py:914} INFO - Processing file /home/ouaillaamiri/Development/lsi_3/airflow/venv/lib/python3.11/site-packages/airflow/example_dags/tutorial_taskflow_api_virtualenv.py for tasks to queue
[2024-11-06T10:57:13.784-1100] {logging_mixin.py:190} INFO - [2024-11-06T10:57:13.783-1100] {dagbag.py:588} INFO - Filling up the DagBag from /home/ouaillaamiri/Development/lsi_3/airflow/venv/lib/python3.11/site-packages/airflow/example_dags/tutorial_taskflow_api_virtualenv.py
[2024-11-06T10:57:13.790-1100] {logging_mixin.py:190} INFO - [2024-11-06T10:57:13.790-1100] {tutorial_taskflow_api_virtualenv.py:29} WARNING - The tutorial_taskflow_api_virtualenv example DAG requires virtualenv, please install it.
[2024-11-06T10:57:13.791-1100] {processor.py:927} WARNING - No viable dags retrieved from /home/ouaillaamiri/Development/lsi_3/airflow/venv/lib/python3.11/site-packages/airflow/example_dags/tutorial_taskflow_api_virtualenv.py
[2024-11-06T10:57:13.855-1100] {processor.py:208} INFO - Processing /home/ouaillaamiri/Development/lsi_3/airflow/venv/lib/python3.11/site-packages/airflow/example_dags/tutorial_taskflow_api_virtualenv.py took 0.094 seconds
[2024-11-06T10:57:44.159-1100] {processor.py:186} INFO - Started process (PID=224905) to work on /home/ouaillaamiri/Development/lsi_3/airflow/venv/lib/python3.11/site-packages/airflow/example_dags/tutorial_taskflow_api_virtualenv.py
[2024-11-06T10:57:44.161-1100] {processor.py:914} INFO - Processing file /home/ouaillaamiri/Development/lsi_3/airflow/venv/lib/python3.11/site-packages/airflow/example_dags/tutorial_taskflow_api_virtualenv.py for tasks to queue
[2024-11-06T10:57:44.169-1100] {logging_mixin.py:190} INFO - [2024-11-06T10:57:44.168-1100] {dagbag.py:588} INFO - Filling up the DagBag from /home/ouaillaamiri/Development/lsi_3/airflow/venv/lib/python3.11/site-packages/airflow/example_dags/tutorial_taskflow_api_virtualenv.py
[2024-11-06T10:57:44.180-1100] {logging_mixin.py:190} INFO - [2024-11-06T10:57:44.178-1100] {tutorial_taskflow_api_virtualenv.py:29} WARNING - The tutorial_taskflow_api_virtualenv example DAG requires virtualenv, please install it.
[2024-11-06T10:57:44.181-1100] {processor.py:927} WARNING - No viable dags retrieved from /home/ouaillaamiri/Development/lsi_3/airflow/venv/lib/python3.11/site-packages/airflow/example_dags/tutorial_taskflow_api_virtualenv.py
[2024-11-06T10:57:44.253-1100] {processor.py:208} INFO - Processing /home/ouaillaamiri/Development/lsi_3/airflow/venv/lib/python3.11/site-packages/airflow/example_dags/tutorial_taskflow_api_virtualenv.py took 0.111 seconds
[2024-11-06T10:58:14.683-1100] {processor.py:186} INFO - Started process (PID=225611) to work on /home/ouaillaamiri/Development/lsi_3/airflow/venv/lib/python3.11/site-packages/airflow/example_dags/tutorial_taskflow_api_virtualenv.py
[2024-11-06T10:58:14.685-1100] {processor.py:914} INFO - Processing file /home/ouaillaamiri/Development/lsi_3/airflow/venv/lib/python3.11/site-packages/airflow/example_dags/tutorial_taskflow_api_virtualenv.py for tasks to queue
[2024-11-06T10:58:14.689-1100] {logging_mixin.py:190} INFO - [2024-11-06T10:58:14.688-1100] {dagbag.py:588} INFO - Filling up the DagBag from /home/ouaillaamiri/Development/lsi_3/airflow/venv/lib/python3.11/site-packages/airflow/example_dags/tutorial_taskflow_api_virtualenv.py
[2024-11-06T10:58:14.696-1100] {logging_mixin.py:190} INFO - [2024-11-06T10:58:14.695-1100] {tutorial_taskflow_api_virtualenv.py:29} WARNING - The tutorial_taskflow_api_virtualenv example DAG requires virtualenv, please install it.
[2024-11-06T10:58:14.697-1100] {processor.py:927} WARNING - No viable dags retrieved from /home/ouaillaamiri/Development/lsi_3/airflow/venv/lib/python3.11/site-packages/airflow/example_dags/tutorial_taskflow_api_virtualenv.py
[2024-11-06T10:58:14.747-1100] {processor.py:208} INFO - Processing /home/ouaillaamiri/Development/lsi_3/airflow/venv/lib/python3.11/site-packages/airflow/example_dags/tutorial_taskflow_api_virtualenv.py took 0.075 seconds
[2024-11-06T10:58:44.971-1100] {processor.py:186} INFO - Started process (PID=226324) to work on /home/ouaillaamiri/Development/lsi_3/airflow/venv/lib/python3.11/site-packages/airflow/example_dags/tutorial_taskflow_api_virtualenv.py
[2024-11-06T10:58:44.972-1100] {processor.py:914} INFO - Processing file /home/ouaillaamiri/Development/lsi_3/airflow/venv/lib/python3.11/site-packages/airflow/example_dags/tutorial_taskflow_api_virtualenv.py for tasks to queue
[2024-11-06T10:58:44.977-1100] {logging_mixin.py:190} INFO - [2024-11-06T10:58:44.976-1100] {dagbag.py:588} INFO - Filling up the DagBag from /home/ouaillaamiri/Development/lsi_3/airflow/venv/lib/python3.11/site-packages/airflow/example_dags/tutorial_taskflow_api_virtualenv.py
[2024-11-06T10:58:44.982-1100] {logging_mixin.py:190} INFO - [2024-11-06T10:58:44.982-1100] {tutorial_taskflow_api_virtualenv.py:29} WARNING - The tutorial_taskflow_api_virtualenv example DAG requires virtualenv, please install it.
[2024-11-06T10:58:44.983-1100] {processor.py:927} WARNING - No viable dags retrieved from /home/ouaillaamiri/Development/lsi_3/airflow/venv/lib/python3.11/site-packages/airflow/example_dags/tutorial_taskflow_api_virtualenv.py
[2024-11-06T10:58:45.035-1100] {processor.py:208} INFO - Processing /home/ouaillaamiri/Development/lsi_3/airflow/venv/lib/python3.11/site-packages/airflow/example_dags/tutorial_taskflow_api_virtualenv.py took 0.075 seconds
[2024-11-06T10:59:15.383-1100] {processor.py:186} INFO - Started process (PID=227030) to work on /home/ouaillaamiri/Development/lsi_3/airflow/venv/lib/python3.11/site-packages/airflow/example_dags/tutorial_taskflow_api_virtualenv.py
[2024-11-06T10:59:15.385-1100] {processor.py:914} INFO - Processing file /home/ouaillaamiri/Development/lsi_3/airflow/venv/lib/python3.11/site-packages/airflow/example_dags/tutorial_taskflow_api_virtualenv.py for tasks to queue
[2024-11-06T10:59:15.390-1100] {logging_mixin.py:190} INFO - [2024-11-06T10:59:15.390-1100] {dagbag.py:588} INFO - Filling up the DagBag from /home/ouaillaamiri/Development/lsi_3/airflow/venv/lib/python3.11/site-packages/airflow/example_dags/tutorial_taskflow_api_virtualenv.py
[2024-11-06T10:59:15.396-1100] {logging_mixin.py:190} INFO - [2024-11-06T10:59:15.395-1100] {tutorial_taskflow_api_virtualenv.py:29} WARNING - The tutorial_taskflow_api_virtualenv example DAG requires virtualenv, please install it.
[2024-11-06T10:59:15.396-1100] {processor.py:927} WARNING - No viable dags retrieved from /home/ouaillaamiri/Development/lsi_3/airflow/venv/lib/python3.11/site-packages/airflow/example_dags/tutorial_taskflow_api_virtualenv.py
[2024-11-06T10:59:15.444-1100] {processor.py:208} INFO - Processing /home/ouaillaamiri/Development/lsi_3/airflow/venv/lib/python3.11/site-packages/airflow/example_dags/tutorial_taskflow_api_virtualenv.py took 0.074 seconds
[2024-11-06T10:59:45.689-1100] {processor.py:186} INFO - Started process (PID=227419) to work on /home/ouaillaamiri/Development/lsi_3/airflow/venv/lib/python3.11/site-packages/airflow/example_dags/tutorial_taskflow_api_virtualenv.py
[2024-11-06T10:59:45.691-1100] {processor.py:914} INFO - Processing file /home/ouaillaamiri/Development/lsi_3/airflow/venv/lib/python3.11/site-packages/airflow/example_dags/tutorial_taskflow_api_virtualenv.py for tasks to queue
[2024-11-06T10:59:45.697-1100] {logging_mixin.py:190} INFO - [2024-11-06T10:59:45.696-1100] {dagbag.py:588} INFO - Filling up the DagBag from /home/ouaillaamiri/Development/lsi_3/airflow/venv/lib/python3.11/site-packages/airflow/example_dags/tutorial_taskflow_api_virtualenv.py
[2024-11-06T10:59:45.703-1100] {logging_mixin.py:190} INFO - [2024-11-06T10:59:45.702-1100] {tutorial_taskflow_api_virtualenv.py:29} WARNING - The tutorial_taskflow_api_virtualenv example DAG requires virtualenv, please install it.
[2024-11-06T10:59:45.703-1100] {processor.py:927} WARNING - No viable dags retrieved from /home/ouaillaamiri/Development/lsi_3/airflow/venv/lib/python3.11/site-packages/airflow/example_dags/tutorial_taskflow_api_virtualenv.py
[2024-11-06T10:59:45.760-1100] {processor.py:208} INFO - Processing /home/ouaillaamiri/Development/lsi_3/airflow/venv/lib/python3.11/site-packages/airflow/example_dags/tutorial_taskflow_api_virtualenv.py took 0.082 seconds
[2024-11-06T11:00:16.129-1100] {processor.py:186} INFO - Started process (PID=227830) to work on /home/ouaillaamiri/Development/lsi_3/airflow/venv/lib/python3.11/site-packages/airflow/example_dags/tutorial_taskflow_api_virtualenv.py
[2024-11-06T11:00:16.131-1100] {processor.py:914} INFO - Processing file /home/ouaillaamiri/Development/lsi_3/airflow/venv/lib/python3.11/site-packages/airflow/example_dags/tutorial_taskflow_api_virtualenv.py for tasks to queue
[2024-11-06T11:00:16.136-1100] {logging_mixin.py:190} INFO - [2024-11-06T11:00:16.135-1100] {dagbag.py:588} INFO - Filling up the DagBag from /home/ouaillaamiri/Development/lsi_3/airflow/venv/lib/python3.11/site-packages/airflow/example_dags/tutorial_taskflow_api_virtualenv.py
[2024-11-06T11:00:16.143-1100] {logging_mixin.py:190} INFO - [2024-11-06T11:00:16.143-1100] {tutorial_taskflow_api_virtualenv.py:29} WARNING - The tutorial_taskflow_api_virtualenv example DAG requires virtualenv, please install it.
[2024-11-06T11:00:16.144-1100] {processor.py:927} WARNING - No viable dags retrieved from /home/ouaillaamiri/Development/lsi_3/airflow/venv/lib/python3.11/site-packages/airflow/example_dags/tutorial_taskflow_api_virtualenv.py
[2024-11-06T11:00:16.195-1100] {processor.py:208} INFO - Processing /home/ouaillaamiri/Development/lsi_3/airflow/venv/lib/python3.11/site-packages/airflow/example_dags/tutorial_taskflow_api_virtualenv.py took 0.077 seconds
[2024-11-06T11:00:54.518-1100] {processor.py:186} INFO - Started process (PID=228533) to work on /home/ouaillaamiri/Development/lsi_3/airflow/venv/lib/python3.11/site-packages/airflow/example_dags/tutorial_taskflow_api_virtualenv.py
[2024-11-06T11:00:54.522-1100] {processor.py:914} INFO - Processing file /home/ouaillaamiri/Development/lsi_3/airflow/venv/lib/python3.11/site-packages/airflow/example_dags/tutorial_taskflow_api_virtualenv.py for tasks to queue
[2024-11-06T11:00:54.527-1100] {logging_mixin.py:190} INFO - [2024-11-06T11:00:54.526-1100] {dagbag.py:588} INFO - Filling up the DagBag from /home/ouaillaamiri/Development/lsi_3/airflow/venv/lib/python3.11/site-packages/airflow/example_dags/tutorial_taskflow_api_virtualenv.py
[2024-11-06T11:00:54.532-1100] {logging_mixin.py:190} INFO - [2024-11-06T11:00:54.531-1100] {tutorial_taskflow_api_virtualenv.py:29} WARNING - The tutorial_taskflow_api_virtualenv example DAG requires virtualenv, please install it.
[2024-11-06T11:00:54.532-1100] {processor.py:927} WARNING - No viable dags retrieved from /home/ouaillaamiri/Development/lsi_3/airflow/venv/lib/python3.11/site-packages/airflow/example_dags/tutorial_taskflow_api_virtualenv.py
[2024-11-06T11:00:54.596-1100] {processor.py:208} INFO - Processing /home/ouaillaamiri/Development/lsi_3/airflow/venv/lib/python3.11/site-packages/airflow/example_dags/tutorial_taskflow_api_virtualenv.py took 0.091 seconds
[2024-11-06T11:01:25.306-1100] {processor.py:186} INFO - Started process (PID=229215) to work on /home/ouaillaamiri/Development/lsi_3/airflow/venv/lib/python3.11/site-packages/airflow/example_dags/tutorial_taskflow_api_virtualenv.py
[2024-11-06T11:01:25.307-1100] {processor.py:914} INFO - Processing file /home/ouaillaamiri/Development/lsi_3/airflow/venv/lib/python3.11/site-packages/airflow/example_dags/tutorial_taskflow_api_virtualenv.py for tasks to queue
[2024-11-06T11:01:25.313-1100] {logging_mixin.py:190} INFO - [2024-11-06T11:01:25.312-1100] {dagbag.py:588} INFO - Filling up the DagBag from /home/ouaillaamiri/Development/lsi_3/airflow/venv/lib/python3.11/site-packages/airflow/example_dags/tutorial_taskflow_api_virtualenv.py
[2024-11-06T11:01:25.318-1100] {logging_mixin.py:190} INFO - [2024-11-06T11:01:25.318-1100] {tutorial_taskflow_api_virtualenv.py:29} WARNING - The tutorial_taskflow_api_virtualenv example DAG requires virtualenv, please install it.
[2024-11-06T11:01:25.319-1100] {processor.py:927} WARNING - No viable dags retrieved from /home/ouaillaamiri/Development/lsi_3/airflow/venv/lib/python3.11/site-packages/airflow/example_dags/tutorial_taskflow_api_virtualenv.py
[2024-11-06T11:01:25.376-1100] {processor.py:208} INFO - Processing /home/ouaillaamiri/Development/lsi_3/airflow/venv/lib/python3.11/site-packages/airflow/example_dags/tutorial_taskflow_api_virtualenv.py took 0.086 seconds
[2024-11-06T11:01:55.726-1100] {processor.py:186} INFO - Started process (PID=229586) to work on /home/ouaillaamiri/Development/lsi_3/airflow/venv/lib/python3.11/site-packages/airflow/example_dags/tutorial_taskflow_api_virtualenv.py
[2024-11-06T11:01:55.729-1100] {processor.py:914} INFO - Processing file /home/ouaillaamiri/Development/lsi_3/airflow/venv/lib/python3.11/site-packages/airflow/example_dags/tutorial_taskflow_api_virtualenv.py for tasks to queue
[2024-11-06T11:01:55.735-1100] {logging_mixin.py:190} INFO - [2024-11-06T11:01:55.734-1100] {dagbag.py:588} INFO - Filling up the DagBag from /home/ouaillaamiri/Development/lsi_3/airflow/venv/lib/python3.11/site-packages/airflow/example_dags/tutorial_taskflow_api_virtualenv.py
[2024-11-06T11:01:55.742-1100] {logging_mixin.py:190} INFO - [2024-11-06T11:01:55.742-1100] {tutorial_taskflow_api_virtualenv.py:29} WARNING - The tutorial_taskflow_api_virtualenv example DAG requires virtualenv, please install it.
[2024-11-06T11:01:55.743-1100] {processor.py:927} WARNING - No viable dags retrieved from /home/ouaillaamiri/Development/lsi_3/airflow/venv/lib/python3.11/site-packages/airflow/example_dags/tutorial_taskflow_api_virtualenv.py
[2024-11-06T11:01:55.793-1100] {processor.py:208} INFO - Processing /home/ouaillaamiri/Development/lsi_3/airflow/venv/lib/python3.11/site-packages/airflow/example_dags/tutorial_taskflow_api_virtualenv.py took 0.084 seconds
[2024-11-06T11:02:26.478-1100] {processor.py:186} INFO - Started process (PID=230182) to work on /home/ouaillaamiri/Development/lsi_3/airflow/venv/lib/python3.11/site-packages/airflow/example_dags/tutorial_taskflow_api_virtualenv.py
[2024-11-06T11:02:26.480-1100] {processor.py:914} INFO - Processing file /home/ouaillaamiri/Development/lsi_3/airflow/venv/lib/python3.11/site-packages/airflow/example_dags/tutorial_taskflow_api_virtualenv.py for tasks to queue
[2024-11-06T11:02:26.484-1100] {logging_mixin.py:190} INFO - [2024-11-06T11:02:26.484-1100] {dagbag.py:588} INFO - Filling up the DagBag from /home/ouaillaamiri/Development/lsi_3/airflow/venv/lib/python3.11/site-packages/airflow/example_dags/tutorial_taskflow_api_virtualenv.py
[2024-11-06T11:02:26.488-1100] {logging_mixin.py:190} INFO - [2024-11-06T11:02:26.488-1100] {tutorial_taskflow_api_virtualenv.py:29} WARNING - The tutorial_taskflow_api_virtualenv example DAG requires virtualenv, please install it.
[2024-11-06T11:02:26.489-1100] {processor.py:927} WARNING - No viable dags retrieved from /home/ouaillaamiri/Development/lsi_3/airflow/venv/lib/python3.11/site-packages/airflow/example_dags/tutorial_taskflow_api_virtualenv.py
[2024-11-06T11:02:26.534-1100] {processor.py:208} INFO - Processing /home/ouaillaamiri/Development/lsi_3/airflow/venv/lib/python3.11/site-packages/airflow/example_dags/tutorial_taskflow_api_virtualenv.py took 0.068 seconds
[2024-11-06T11:02:57.035-1100] {processor.py:186} INFO - Started process (PID=231165) to work on /home/ouaillaamiri/Development/lsi_3/airflow/venv/lib/python3.11/site-packages/airflow/example_dags/tutorial_taskflow_api_virtualenv.py
[2024-11-06T11:02:57.038-1100] {processor.py:914} INFO - Processing file /home/ouaillaamiri/Development/lsi_3/airflow/venv/lib/python3.11/site-packages/airflow/example_dags/tutorial_taskflow_api_virtualenv.py for tasks to queue
[2024-11-06T11:02:57.043-1100] {logging_mixin.py:190} INFO - [2024-11-06T11:02:57.043-1100] {dagbag.py:588} INFO - Filling up the DagBag from /home/ouaillaamiri/Development/lsi_3/airflow/venv/lib/python3.11/site-packages/airflow/example_dags/tutorial_taskflow_api_virtualenv.py
[2024-11-06T11:02:57.050-1100] {logging_mixin.py:190} INFO - [2024-11-06T11:02:57.050-1100] {tutorial_taskflow_api_virtualenv.py:29} WARNING - The tutorial_taskflow_api_virtualenv example DAG requires virtualenv, please install it.
[2024-11-06T11:02:57.051-1100] {processor.py:927} WARNING - No viable dags retrieved from /home/ouaillaamiri/Development/lsi_3/airflow/venv/lib/python3.11/site-packages/airflow/example_dags/tutorial_taskflow_api_virtualenv.py
[2024-11-06T11:02:57.102-1100] {processor.py:208} INFO - Processing /home/ouaillaamiri/Development/lsi_3/airflow/venv/lib/python3.11/site-packages/airflow/example_dags/tutorial_taskflow_api_virtualenv.py took 0.082 seconds
[2024-11-06T11:03:27.206-1100] {processor.py:186} INFO - Started process (PID=231521) to work on /home/ouaillaamiri/Development/lsi_3/airflow/venv/lib/python3.11/site-packages/airflow/example_dags/tutorial_taskflow_api_virtualenv.py
[2024-11-06T11:03:27.208-1100] {processor.py:914} INFO - Processing file /home/ouaillaamiri/Development/lsi_3/airflow/venv/lib/python3.11/site-packages/airflow/example_dags/tutorial_taskflow_api_virtualenv.py for tasks to queue
[2024-11-06T11:03:27.215-1100] {logging_mixin.py:190} INFO - [2024-11-06T11:03:27.214-1100] {dagbag.py:588} INFO - Filling up the DagBag from /home/ouaillaamiri/Development/lsi_3/airflow/venv/lib/python3.11/site-packages/airflow/example_dags/tutorial_taskflow_api_virtualenv.py
[2024-11-06T11:03:27.222-1100] {logging_mixin.py:190} INFO - [2024-11-06T11:03:27.221-1100] {tutorial_taskflow_api_virtualenv.py:29} WARNING - The tutorial_taskflow_api_virtualenv example DAG requires virtualenv, please install it.
[2024-11-06T11:03:27.222-1100] {processor.py:927} WARNING - No viable dags retrieved from /home/ouaillaamiri/Development/lsi_3/airflow/venv/lib/python3.11/site-packages/airflow/example_dags/tutorial_taskflow_api_virtualenv.py
[2024-11-06T11:03:27.291-1100] {processor.py:208} INFO - Processing /home/ouaillaamiri/Development/lsi_3/airflow/venv/lib/python3.11/site-packages/airflow/example_dags/tutorial_taskflow_api_virtualenv.py took 0.099 seconds
[2024-11-06T11:03:58.141-1100] {processor.py:186} INFO - Started process (PID=232197) to work on /home/ouaillaamiri/Development/lsi_3/airflow/venv/lib/python3.11/site-packages/airflow/example_dags/tutorial_taskflow_api_virtualenv.py
[2024-11-06T11:03:58.143-1100] {processor.py:914} INFO - Processing file /home/ouaillaamiri/Development/lsi_3/airflow/venv/lib/python3.11/site-packages/airflow/example_dags/tutorial_taskflow_api_virtualenv.py for tasks to queue
[2024-11-06T11:03:58.148-1100] {logging_mixin.py:190} INFO - [2024-11-06T11:03:58.147-1100] {dagbag.py:588} INFO - Filling up the DagBag from /home/ouaillaamiri/Development/lsi_3/airflow/venv/lib/python3.11/site-packages/airflow/example_dags/tutorial_taskflow_api_virtualenv.py
[2024-11-06T11:03:58.152-1100] {logging_mixin.py:190} INFO - [2024-11-06T11:03:58.152-1100] {tutorial_taskflow_api_virtualenv.py:29} WARNING - The tutorial_taskflow_api_virtualenv example DAG requires virtualenv, please install it.
[2024-11-06T11:03:58.153-1100] {processor.py:927} WARNING - No viable dags retrieved from /home/ouaillaamiri/Development/lsi_3/airflow/venv/lib/python3.11/site-packages/airflow/example_dags/tutorial_taskflow_api_virtualenv.py
[2024-11-06T11:03:58.201-1100] {processor.py:208} INFO - Processing /home/ouaillaamiri/Development/lsi_3/airflow/venv/lib/python3.11/site-packages/airflow/example_dags/tutorial_taskflow_api_virtualenv.py took 0.071 seconds
[2024-11-06T11:04:28.889-1100] {processor.py:186} INFO - Started process (PID=232571) to work on /home/ouaillaamiri/Development/lsi_3/airflow/venv/lib/python3.11/site-packages/airflow/example_dags/tutorial_taskflow_api_virtualenv.py
[2024-11-06T11:04:28.892-1100] {processor.py:914} INFO - Processing file /home/ouaillaamiri/Development/lsi_3/airflow/venv/lib/python3.11/site-packages/airflow/example_dags/tutorial_taskflow_api_virtualenv.py for tasks to queue
[2024-11-06T11:04:28.898-1100] {logging_mixin.py:190} INFO - [2024-11-06T11:04:28.897-1100] {dagbag.py:588} INFO - Filling up the DagBag from /home/ouaillaamiri/Development/lsi_3/airflow/venv/lib/python3.11/site-packages/airflow/example_dags/tutorial_taskflow_api_virtualenv.py
[2024-11-06T11:04:28.904-1100] {logging_mixin.py:190} INFO - [2024-11-06T11:04:28.904-1100] {tutorial_taskflow_api_virtualenv.py:29} WARNING - The tutorial_taskflow_api_virtualenv example DAG requires virtualenv, please install it.
[2024-11-06T11:04:28.904-1100] {processor.py:927} WARNING - No viable dags retrieved from /home/ouaillaamiri/Development/lsi_3/airflow/venv/lib/python3.11/site-packages/airflow/example_dags/tutorial_taskflow_api_virtualenv.py
[2024-11-06T11:04:28.959-1100] {processor.py:208} INFO - Processing /home/ouaillaamiri/Development/lsi_3/airflow/venv/lib/python3.11/site-packages/airflow/example_dags/tutorial_taskflow_api_virtualenv.py took 0.087 seconds
