[2024-11-06T10:53:25.059-1100] {processor.py:186} INFO - Started process (PID=219022) to work on /home/ouaillaamiri/Development/lsi_3/airflow/venv/lib/python3.11/site-packages/airflow/example_dags/tutorial_taskflow_api.py
[2024-11-06T10:53:25.063-1100] {processor.py:914} INFO - Processing file /home/ouaillaamiri/Development/lsi_3/airflow/venv/lib/python3.11/site-packages/airflow/example_dags/tutorial_taskflow_api.py for tasks to queue
[2024-11-06T10:53:25.490-1100] {logging_mixin.py:190} INFO - [2024-11-06T10:53:25.490-1100] {dagbag.py:588} INFO - Filling up the DagBag from /home/ouaillaamiri/Development/lsi_3/airflow/venv/lib/python3.11/site-packages/airflow/example_dags/tutorial_taskflow_api.py
[2024-11-06T10:53:25.501-1100] {processor.py:925} INFO - DAG(s) 'tutorial_taskflow_api' retrieved from /home/ouaillaamiri/Development/lsi_3/airflow/venv/lib/python3.11/site-packages/airflow/example_dags/tutorial_taskflow_api.py
[2024-11-06T10:53:25.750-1100] {logging_mixin.py:190} INFO - [2024-11-06T10:53:25.749-1100] {override.py:1911} INFO - Created Permission View: can edit on DAG:tutorial_taskflow_api
[2024-11-06T10:53:25.786-1100] {logging_mixin.py:190} INFO - [2024-11-06T10:53:25.784-1100] {override.py:1911} INFO - Created Permission View: can delete on DAG:tutorial_taskflow_api
[2024-11-06T10:53:25.816-1100] {logging_mixin.py:190} INFO - [2024-11-06T10:53:25.815-1100] {override.py:1911} INFO - Created Permission View: can read on DAG:tutorial_taskflow_api
[2024-11-06T10:53:25.847-1100] {logging_mixin.py:190} INFO - [2024-11-06T10:53:25.846-1100] {override.py:1911} INFO - Created Permission View: can delete on DAG Run:tutorial_taskflow_api
[2024-11-06T10:53:25.868-1100] {logging_mixin.py:190} INFO - [2024-11-06T10:53:25.867-1100] {override.py:1911} INFO - Created Permission View: can create on DAG Run:tutorial_taskflow_api
[2024-11-06T10:53:25.886-1100] {logging_mixin.py:190} INFO - [2024-11-06T10:53:25.885-1100] {override.py:1911} INFO - Created Permission View: menu access on DAG Run:tutorial_taskflow_api
[2024-11-06T10:53:25.905-1100] {logging_mixin.py:190} INFO - [2024-11-06T10:53:25.904-1100] {override.py:1911} INFO - Created Permission View: can read on DAG Run:tutorial_taskflow_api
[2024-11-06T10:53:25.906-1100] {logging_mixin.py:190} INFO - [2024-11-06T10:53:25.906-1100] {dag.py:3239} INFO - Sync 1 DAGs
[2024-11-06T10:53:25.935-1100] {logging_mixin.py:190} INFO - [2024-11-06T10:53:25.935-1100] {dag.py:3262} INFO - Creating ORM DAG for tutorial_taskflow_api
[2024-11-06T10:53:25.938-1100] {logging_mixin.py:190} INFO - [2024-11-06T10:53:25.937-1100] {dag.py:4180} INFO - Setting next_dagrun for tutorial_taskflow_api to None, run_after=None
[2024-11-06T10:53:25.984-1100] {processor.py:208} INFO - Processing /home/ouaillaamiri/Development/lsi_3/airflow/venv/lib/python3.11/site-packages/airflow/example_dags/tutorial_taskflow_api.py took 0.998 seconds
[2024-11-06T10:53:56.210-1100] {processor.py:186} INFO - Started process (PID=219796) to work on /home/ouaillaamiri/Development/lsi_3/airflow/venv/lib/python3.11/site-packages/airflow/example_dags/tutorial_taskflow_api.py
[2024-11-06T10:53:56.211-1100] {processor.py:914} INFO - Processing file /home/ouaillaamiri/Development/lsi_3/airflow/venv/lib/python3.11/site-packages/airflow/example_dags/tutorial_taskflow_api.py for tasks to queue
[2024-11-06T10:53:56.217-1100] {logging_mixin.py:190} INFO - [2024-11-06T10:53:56.216-1100] {dagbag.py:588} INFO - Filling up the DagBag from /home/ouaillaamiri/Development/lsi_3/airflow/venv/lib/python3.11/site-packages/airflow/example_dags/tutorial_taskflow_api.py
[2024-11-06T10:53:56.231-1100] {processor.py:925} INFO - DAG(s) 'tutorial_taskflow_api' retrieved from /home/ouaillaamiri/Development/lsi_3/airflow/venv/lib/python3.11/site-packages/airflow/example_dags/tutorial_taskflow_api.py
[2024-11-06T10:53:56.287-1100] {logging_mixin.py:190} INFO - [2024-11-06T10:53:56.286-1100] {dag.py:3239} INFO - Sync 1 DAGs
[2024-11-06T10:53:56.318-1100] {logging_mixin.py:190} INFO - [2024-11-06T10:53:56.317-1100] {dag.py:4180} INFO - Setting next_dagrun for tutorial_taskflow_api to None, run_after=None
[2024-11-06T10:53:56.358-1100] {processor.py:208} INFO - Processing /home/ouaillaamiri/Development/lsi_3/airflow/venv/lib/python3.11/site-packages/airflow/example_dags/tutorial_taskflow_api.py took 0.159 seconds
[2024-11-06T10:54:26.818-1100] {processor.py:186} INFO - Started process (PID=220508) to work on /home/ouaillaamiri/Development/lsi_3/airflow/venv/lib/python3.11/site-packages/airflow/example_dags/tutorial_taskflow_api.py
[2024-11-06T10:54:26.820-1100] {processor.py:914} INFO - Processing file /home/ouaillaamiri/Development/lsi_3/airflow/venv/lib/python3.11/site-packages/airflow/example_dags/tutorial_taskflow_api.py for tasks to queue
[2024-11-06T10:54:26.825-1100] {logging_mixin.py:190} INFO - [2024-11-06T10:54:26.824-1100] {dagbag.py:588} INFO - Filling up the DagBag from /home/ouaillaamiri/Development/lsi_3/airflow/venv/lib/python3.11/site-packages/airflow/example_dags/tutorial_taskflow_api.py
[2024-11-06T10:54:26.839-1100] {processor.py:925} INFO - DAG(s) 'tutorial_taskflow_api' retrieved from /home/ouaillaamiri/Development/lsi_3/airflow/venv/lib/python3.11/site-packages/airflow/example_dags/tutorial_taskflow_api.py
[2024-11-06T10:54:26.894-1100] {logging_mixin.py:190} INFO - [2024-11-06T10:54:26.893-1100] {dag.py:3239} INFO - Sync 1 DAGs
[2024-11-06T10:54:26.917-1100] {logging_mixin.py:190} INFO - [2024-11-06T10:54:26.917-1100] {dag.py:4180} INFO - Setting next_dagrun for tutorial_taskflow_api to None, run_after=None
[2024-11-06T10:54:26.954-1100] {processor.py:208} INFO - Processing /home/ouaillaamiri/Development/lsi_3/airflow/venv/lib/python3.11/site-packages/airflow/example_dags/tutorial_taskflow_api.py took 0.146 seconds
[2024-11-06T10:54:57.790-1100] {processor.py:186} INFO - Started process (PID=220881) to work on /home/ouaillaamiri/Development/lsi_3/airflow/venv/lib/python3.11/site-packages/airflow/example_dags/tutorial_taskflow_api.py
[2024-11-06T10:54:57.791-1100] {processor.py:914} INFO - Processing file /home/ouaillaamiri/Development/lsi_3/airflow/venv/lib/python3.11/site-packages/airflow/example_dags/tutorial_taskflow_api.py for tasks to queue
[2024-11-06T10:54:57.798-1100] {logging_mixin.py:190} INFO - [2024-11-06T10:54:57.797-1100] {dagbag.py:588} INFO - Filling up the DagBag from /home/ouaillaamiri/Development/lsi_3/airflow/venv/lib/python3.11/site-packages/airflow/example_dags/tutorial_taskflow_api.py
[2024-11-06T10:54:57.821-1100] {processor.py:925} INFO - DAG(s) 'tutorial_taskflow_api' retrieved from /home/ouaillaamiri/Development/lsi_3/airflow/venv/lib/python3.11/site-packages/airflow/example_dags/tutorial_taskflow_api.py
[2024-11-06T10:54:57.884-1100] {logging_mixin.py:190} INFO - [2024-11-06T10:54:57.884-1100] {dag.py:3239} INFO - Sync 1 DAGs
[2024-11-06T10:54:57.916-1100] {logging_mixin.py:190} INFO - [2024-11-06T10:54:57.915-1100] {dag.py:4180} INFO - Setting next_dagrun for tutorial_taskflow_api to None, run_after=None
[2024-11-06T10:54:57.961-1100] {processor.py:208} INFO - Processing /home/ouaillaamiri/Development/lsi_3/airflow/venv/lib/python3.11/site-packages/airflow/example_dags/tutorial_taskflow_api.py took 0.183 seconds
[2024-11-06T10:55:28.204-1100] {processor.py:186} INFO - Started process (PID=221573) to work on /home/ouaillaamiri/Development/lsi_3/airflow/venv/lib/python3.11/site-packages/airflow/example_dags/tutorial_taskflow_api.py
[2024-11-06T10:55:28.206-1100] {processor.py:914} INFO - Processing file /home/ouaillaamiri/Development/lsi_3/airflow/venv/lib/python3.11/site-packages/airflow/example_dags/tutorial_taskflow_api.py for tasks to queue
[2024-11-06T10:55:28.210-1100] {logging_mixin.py:190} INFO - [2024-11-06T10:55:28.210-1100] {dagbag.py:588} INFO - Filling up the DagBag from /home/ouaillaamiri/Development/lsi_3/airflow/venv/lib/python3.11/site-packages/airflow/example_dags/tutorial_taskflow_api.py
[2024-11-06T10:55:28.224-1100] {processor.py:925} INFO - DAG(s) 'tutorial_taskflow_api' retrieved from /home/ouaillaamiri/Development/lsi_3/airflow/venv/lib/python3.11/site-packages/airflow/example_dags/tutorial_taskflow_api.py
[2024-11-06T10:55:28.274-1100] {logging_mixin.py:190} INFO - [2024-11-06T10:55:28.274-1100] {dag.py:3239} INFO - Sync 1 DAGs
[2024-11-06T10:55:28.301-1100] {logging_mixin.py:190} INFO - [2024-11-06T10:55:28.300-1100] {dag.py:4180} INFO - Setting next_dagrun for tutorial_taskflow_api to None, run_after=None
[2024-11-06T10:55:28.333-1100] {processor.py:208} INFO - Processing /home/ouaillaamiri/Development/lsi_3/airflow/venv/lib/python3.11/site-packages/airflow/example_dags/tutorial_taskflow_api.py took 0.140 seconds
[2024-11-06T10:55:58.652-1100] {processor.py:186} INFO - Started process (PID=221944) to work on /home/ouaillaamiri/Development/lsi_3/airflow/venv/lib/python3.11/site-packages/airflow/example_dags/tutorial_taskflow_api.py
[2024-11-06T10:55:58.654-1100] {processor.py:914} INFO - Processing file /home/ouaillaamiri/Development/lsi_3/airflow/venv/lib/python3.11/site-packages/airflow/example_dags/tutorial_taskflow_api.py for tasks to queue
[2024-11-06T10:55:58.659-1100] {logging_mixin.py:190} INFO - [2024-11-06T10:55:58.658-1100] {dagbag.py:588} INFO - Filling up the DagBag from /home/ouaillaamiri/Development/lsi_3/airflow/venv/lib/python3.11/site-packages/airflow/example_dags/tutorial_taskflow_api.py
[2024-11-06T10:55:58.675-1100] {processor.py:925} INFO - DAG(s) 'tutorial_taskflow_api' retrieved from /home/ouaillaamiri/Development/lsi_3/airflow/venv/lib/python3.11/site-packages/airflow/example_dags/tutorial_taskflow_api.py
[2024-11-06T10:55:58.734-1100] {logging_mixin.py:190} INFO - [2024-11-06T10:55:58.733-1100] {dag.py:3239} INFO - Sync 1 DAGs
[2024-11-06T10:55:58.768-1100] {logging_mixin.py:190} INFO - [2024-11-06T10:55:58.767-1100] {dag.py:4180} INFO - Setting next_dagrun for tutorial_taskflow_api to None, run_after=None
[2024-11-06T10:55:58.803-1100] {processor.py:208} INFO - Processing /home/ouaillaamiri/Development/lsi_3/airflow/venv/lib/python3.11/site-packages/airflow/example_dags/tutorial_taskflow_api.py took 0.163 seconds
[2024-11-06T10:56:42.888-1100] {processor.py:186} INFO - Started process (PID=223017) to work on /home/ouaillaamiri/Development/lsi_3/airflow/venv/lib/python3.11/site-packages/airflow/example_dags/tutorial_taskflow_api.py
[2024-11-06T10:56:42.889-1100] {processor.py:914} INFO - Processing file /home/ouaillaamiri/Development/lsi_3/airflow/venv/lib/python3.11/site-packages/airflow/example_dags/tutorial_taskflow_api.py for tasks to queue
[2024-11-06T10:56:42.892-1100] {logging_mixin.py:190} INFO - [2024-11-06T10:56:42.892-1100] {dagbag.py:588} INFO - Filling up the DagBag from /home/ouaillaamiri/Development/lsi_3/airflow/venv/lib/python3.11/site-packages/airflow/example_dags/tutorial_taskflow_api.py
[2024-11-06T10:56:42.905-1100] {processor.py:925} INFO - DAG(s) 'tutorial_taskflow_api' retrieved from /home/ouaillaamiri/Development/lsi_3/airflow/venv/lib/python3.11/site-packages/airflow/example_dags/tutorial_taskflow_api.py
[2024-11-06T10:56:42.958-1100] {logging_mixin.py:190} INFO - [2024-11-06T10:56:42.957-1100] {dag.py:3239} INFO - Sync 1 DAGs
[2024-11-06T10:56:42.979-1100] {logging_mixin.py:190} INFO - [2024-11-06T10:56:42.979-1100] {dag.py:4180} INFO - Setting next_dagrun for tutorial_taskflow_api to None, run_after=None
[2024-11-06T10:56:43.012-1100] {processor.py:208} INFO - Processing /home/ouaillaamiri/Development/lsi_3/airflow/venv/lib/python3.11/site-packages/airflow/example_dags/tutorial_taskflow_api.py took 0.135 seconds
[2024-11-06T10:57:13.515-1100] {processor.py:186} INFO - Started process (PID=224162) to work on /home/ouaillaamiri/Development/lsi_3/airflow/venv/lib/python3.11/site-packages/airflow/example_dags/tutorial_taskflow_api.py
[2024-11-06T10:57:13.517-1100] {processor.py:914} INFO - Processing file /home/ouaillaamiri/Development/lsi_3/airflow/venv/lib/python3.11/site-packages/airflow/example_dags/tutorial_taskflow_api.py for tasks to queue
[2024-11-06T10:57:13.521-1100] {logging_mixin.py:190} INFO - [2024-11-06T10:57:13.520-1100] {dagbag.py:588} INFO - Filling up the DagBag from /home/ouaillaamiri/Development/lsi_3/airflow/venv/lib/python3.11/site-packages/airflow/example_dags/tutorial_taskflow_api.py
[2024-11-06T10:57:13.535-1100] {processor.py:925} INFO - DAG(s) 'tutorial_taskflow_api' retrieved from /home/ouaillaamiri/Development/lsi_3/airflow/venv/lib/python3.11/site-packages/airflow/example_dags/tutorial_taskflow_api.py
[2024-11-06T10:57:13.601-1100] {logging_mixin.py:190} INFO - [2024-11-06T10:57:13.600-1100] {dag.py:3239} INFO - Sync 1 DAGs
[2024-11-06T10:57:13.633-1100] {logging_mixin.py:190} INFO - [2024-11-06T10:57:13.633-1100] {dag.py:4180} INFO - Setting next_dagrun for tutorial_taskflow_api to None, run_after=None
[2024-11-06T10:57:13.674-1100] {processor.py:208} INFO - Processing /home/ouaillaamiri/Development/lsi_3/airflow/venv/lib/python3.11/site-packages/airflow/example_dags/tutorial_taskflow_api.py took 0.169 seconds
[2024-11-06T10:57:43.919-1100] {processor.py:186} INFO - Started process (PID=224895) to work on /home/ouaillaamiri/Development/lsi_3/airflow/venv/lib/python3.11/site-packages/airflow/example_dags/tutorial_taskflow_api.py
[2024-11-06T10:57:43.922-1100] {processor.py:914} INFO - Processing file /home/ouaillaamiri/Development/lsi_3/airflow/venv/lib/python3.11/site-packages/airflow/example_dags/tutorial_taskflow_api.py for tasks to queue
[2024-11-06T10:57:43.926-1100] {logging_mixin.py:190} INFO - [2024-11-06T10:57:43.925-1100] {dagbag.py:588} INFO - Filling up the DagBag from /home/ouaillaamiri/Development/lsi_3/airflow/venv/lib/python3.11/site-packages/airflow/example_dags/tutorial_taskflow_api.py
[2024-11-06T10:57:43.942-1100] {processor.py:925} INFO - DAG(s) 'tutorial_taskflow_api' retrieved from /home/ouaillaamiri/Development/lsi_3/airflow/venv/lib/python3.11/site-packages/airflow/example_dags/tutorial_taskflow_api.py
[2024-11-06T10:57:43.998-1100] {logging_mixin.py:190} INFO - [2024-11-06T10:57:43.997-1100] {dag.py:3239} INFO - Sync 1 DAGs
[2024-11-06T10:57:44.027-1100] {logging_mixin.py:190} INFO - [2024-11-06T10:57:44.026-1100] {dag.py:4180} INFO - Setting next_dagrun for tutorial_taskflow_api to None, run_after=None
[2024-11-06T10:57:44.069-1100] {processor.py:208} INFO - Processing /home/ouaillaamiri/Development/lsi_3/airflow/venv/lib/python3.11/site-packages/airflow/example_dags/tutorial_taskflow_api.py took 0.160 seconds
[2024-11-06T10:58:14.437-1100] {processor.py:186} INFO - Started process (PID=225602) to work on /home/ouaillaamiri/Development/lsi_3/airflow/venv/lib/python3.11/site-packages/airflow/example_dags/tutorial_taskflow_api.py
[2024-11-06T10:58:14.439-1100] {processor.py:914} INFO - Processing file /home/ouaillaamiri/Development/lsi_3/airflow/venv/lib/python3.11/site-packages/airflow/example_dags/tutorial_taskflow_api.py for tasks to queue
[2024-11-06T10:58:14.443-1100] {logging_mixin.py:190} INFO - [2024-11-06T10:58:14.442-1100] {dagbag.py:588} INFO - Filling up the DagBag from /home/ouaillaamiri/Development/lsi_3/airflow/venv/lib/python3.11/site-packages/airflow/example_dags/tutorial_taskflow_api.py
[2024-11-06T10:58:14.458-1100] {processor.py:925} INFO - DAG(s) 'tutorial_taskflow_api' retrieved from /home/ouaillaamiri/Development/lsi_3/airflow/venv/lib/python3.11/site-packages/airflow/example_dags/tutorial_taskflow_api.py
[2024-11-06T10:58:14.522-1100] {logging_mixin.py:190} INFO - [2024-11-06T10:58:14.522-1100] {dag.py:3239} INFO - Sync 1 DAGs
[2024-11-06T10:58:14.548-1100] {logging_mixin.py:190} INFO - [2024-11-06T10:58:14.548-1100] {dag.py:4180} INFO - Setting next_dagrun for tutorial_taskflow_api to None, run_after=None
[2024-11-06T10:58:14.586-1100] {processor.py:208} INFO - Processing /home/ouaillaamiri/Development/lsi_3/airflow/venv/lib/python3.11/site-packages/airflow/example_dags/tutorial_taskflow_api.py took 0.160 seconds
[2024-11-06T10:58:44.831-1100] {processor.py:186} INFO - Started process (PID=226318) to work on /home/ouaillaamiri/Development/lsi_3/airflow/venv/lib/python3.11/site-packages/airflow/example_dags/tutorial_taskflow_api.py
[2024-11-06T10:58:44.834-1100] {processor.py:914} INFO - Processing file /home/ouaillaamiri/Development/lsi_3/airflow/venv/lib/python3.11/site-packages/airflow/example_dags/tutorial_taskflow_api.py for tasks to queue
[2024-11-06T10:58:44.840-1100] {logging_mixin.py:190} INFO - [2024-11-06T10:58:44.839-1100] {dagbag.py:588} INFO - Filling up the DagBag from /home/ouaillaamiri/Development/lsi_3/airflow/venv/lib/python3.11/site-packages/airflow/example_dags/tutorial_taskflow_api.py
[2024-11-06T10:58:44.864-1100] {processor.py:925} INFO - DAG(s) 'tutorial_taskflow_api' retrieved from /home/ouaillaamiri/Development/lsi_3/airflow/venv/lib/python3.11/site-packages/airflow/example_dags/tutorial_taskflow_api.py
[2024-11-06T10:58:44.926-1100] {logging_mixin.py:190} INFO - [2024-11-06T10:58:44.925-1100] {dag.py:3239} INFO - Sync 1 DAGs
[2024-11-06T10:58:44.956-1100] {logging_mixin.py:190} INFO - [2024-11-06T10:58:44.955-1100] {dag.py:4180} INFO - Setting next_dagrun for tutorial_taskflow_api to None, run_after=None
[2024-11-06T10:58:44.998-1100] {processor.py:208} INFO - Processing /home/ouaillaamiri/Development/lsi_3/airflow/venv/lib/python3.11/site-packages/airflow/example_dags/tutorial_taskflow_api.py took 0.184 seconds
[2024-11-06T10:59:15.363-1100] {processor.py:186} INFO - Started process (PID=227027) to work on /home/ouaillaamiri/Development/lsi_3/airflow/venv/lib/python3.11/site-packages/airflow/example_dags/tutorial_taskflow_api.py
[2024-11-06T10:59:15.364-1100] {processor.py:914} INFO - Processing file /home/ouaillaamiri/Development/lsi_3/airflow/venv/lib/python3.11/site-packages/airflow/example_dags/tutorial_taskflow_api.py for tasks to queue
[2024-11-06T10:59:15.369-1100] {logging_mixin.py:190} INFO - [2024-11-06T10:59:15.369-1100] {dagbag.py:588} INFO - Filling up the DagBag from /home/ouaillaamiri/Development/lsi_3/airflow/venv/lib/python3.11/site-packages/airflow/example_dags/tutorial_taskflow_api.py
[2024-11-06T10:59:15.387-1100] {processor.py:925} INFO - DAG(s) 'tutorial_taskflow_api' retrieved from /home/ouaillaamiri/Development/lsi_3/airflow/venv/lib/python3.11/site-packages/airflow/example_dags/tutorial_taskflow_api.py
[2024-11-06T10:59:15.446-1100] {logging_mixin.py:190} INFO - [2024-11-06T10:59:15.445-1100] {dag.py:3239} INFO - Sync 1 DAGs
[2024-11-06T10:59:15.479-1100] {logging_mixin.py:190} INFO - [2024-11-06T10:59:15.478-1100] {dag.py:4180} INFO - Setting next_dagrun for tutorial_taskflow_api to None, run_after=None
[2024-11-06T10:59:15.520-1100] {processor.py:208} INFO - Processing /home/ouaillaamiri/Development/lsi_3/airflow/venv/lib/python3.11/site-packages/airflow/example_dags/tutorial_taskflow_api.py took 0.168 seconds
[2024-11-06T10:59:45.681-1100] {processor.py:186} INFO - Started process (PID=227416) to work on /home/ouaillaamiri/Development/lsi_3/airflow/venv/lib/python3.11/site-packages/airflow/example_dags/tutorial_taskflow_api.py
[2024-11-06T10:59:45.684-1100] {processor.py:914} INFO - Processing file /home/ouaillaamiri/Development/lsi_3/airflow/venv/lib/python3.11/site-packages/airflow/example_dags/tutorial_taskflow_api.py for tasks to queue
[2024-11-06T10:59:45.691-1100] {logging_mixin.py:190} INFO - [2024-11-06T10:59:45.690-1100] {dagbag.py:588} INFO - Filling up the DagBag from /home/ouaillaamiri/Development/lsi_3/airflow/venv/lib/python3.11/site-packages/airflow/example_dags/tutorial_taskflow_api.py
[2024-11-06T10:59:45.712-1100] {processor.py:925} INFO - DAG(s) 'tutorial_taskflow_api' retrieved from /home/ouaillaamiri/Development/lsi_3/airflow/venv/lib/python3.11/site-packages/airflow/example_dags/tutorial_taskflow_api.py
[2024-11-06T10:59:45.781-1100] {logging_mixin.py:190} INFO - [2024-11-06T10:59:45.780-1100] {dag.py:3239} INFO - Sync 1 DAGs
[2024-11-06T10:59:45.814-1100] {logging_mixin.py:190} INFO - [2024-11-06T10:59:45.813-1100] {dag.py:4180} INFO - Setting next_dagrun for tutorial_taskflow_api to None, run_after=None
[2024-11-06T10:59:45.893-1100] {processor.py:208} INFO - Processing /home/ouaillaamiri/Development/lsi_3/airflow/venv/lib/python3.11/site-packages/airflow/example_dags/tutorial_taskflow_api.py took 0.227 seconds
[2024-11-06T11:00:16.210-1100] {processor.py:186} INFO - Started process (PID=227836) to work on /home/ouaillaamiri/Development/lsi_3/airflow/venv/lib/python3.11/site-packages/airflow/example_dags/tutorial_taskflow_api.py
[2024-11-06T11:00:16.212-1100] {processor.py:914} INFO - Processing file /home/ouaillaamiri/Development/lsi_3/airflow/venv/lib/python3.11/site-packages/airflow/example_dags/tutorial_taskflow_api.py for tasks to queue
[2024-11-06T11:00:16.216-1100] {logging_mixin.py:190} INFO - [2024-11-06T11:00:16.216-1100] {dagbag.py:588} INFO - Filling up the DagBag from /home/ouaillaamiri/Development/lsi_3/airflow/venv/lib/python3.11/site-packages/airflow/example_dags/tutorial_taskflow_api.py
[2024-11-06T11:00:16.232-1100] {processor.py:925} INFO - DAG(s) 'tutorial_taskflow_api' retrieved from /home/ouaillaamiri/Development/lsi_3/airflow/venv/lib/python3.11/site-packages/airflow/example_dags/tutorial_taskflow_api.py
[2024-11-06T11:00:16.286-1100] {logging_mixin.py:190} INFO - [2024-11-06T11:00:16.285-1100] {dag.py:3239} INFO - Sync 1 DAGs
[2024-11-06T11:00:16.310-1100] {logging_mixin.py:190} INFO - [2024-11-06T11:00:16.310-1100] {dag.py:4180} INFO - Setting next_dagrun for tutorial_taskflow_api to None, run_after=None
[2024-11-06T11:00:16.343-1100] {processor.py:208} INFO - Processing /home/ouaillaamiri/Development/lsi_3/airflow/venv/lib/python3.11/site-packages/airflow/example_dags/tutorial_taskflow_api.py took 0.144 seconds
[2024-11-06T11:00:54.268-1100] {processor.py:186} INFO - Started process (PID=228517) to work on /home/ouaillaamiri/Development/lsi_3/airflow/venv/lib/python3.11/site-packages/airflow/example_dags/tutorial_taskflow_api.py
[2024-11-06T11:00:54.270-1100] {processor.py:914} INFO - Processing file /home/ouaillaamiri/Development/lsi_3/airflow/venv/lib/python3.11/site-packages/airflow/example_dags/tutorial_taskflow_api.py for tasks to queue
[2024-11-06T11:00:54.275-1100] {logging_mixin.py:190} INFO - [2024-11-06T11:00:54.274-1100] {dagbag.py:588} INFO - Filling up the DagBag from /home/ouaillaamiri/Development/lsi_3/airflow/venv/lib/python3.11/site-packages/airflow/example_dags/tutorial_taskflow_api.py
[2024-11-06T11:00:54.290-1100] {processor.py:925} INFO - DAG(s) 'tutorial_taskflow_api' retrieved from /home/ouaillaamiri/Development/lsi_3/airflow/venv/lib/python3.11/site-packages/airflow/example_dags/tutorial_taskflow_api.py
[2024-11-06T11:00:54.356-1100] {logging_mixin.py:190} INFO - [2024-11-06T11:00:54.355-1100] {dag.py:3239} INFO - Sync 1 DAGs
[2024-11-06T11:00:54.380-1100] {logging_mixin.py:190} INFO - [2024-11-06T11:00:54.380-1100] {dag.py:4180} INFO - Setting next_dagrun for tutorial_taskflow_api to None, run_after=None
[2024-11-06T11:00:54.421-1100] {processor.py:208} INFO - Processing /home/ouaillaamiri/Development/lsi_3/airflow/venv/lib/python3.11/site-packages/airflow/example_dags/tutorial_taskflow_api.py took 0.163 seconds
[2024-11-06T11:01:25.033-1100] {processor.py:186} INFO - Started process (PID=229205) to work on /home/ouaillaamiri/Development/lsi_3/airflow/venv/lib/python3.11/site-packages/airflow/example_dags/tutorial_taskflow_api.py
[2024-11-06T11:01:25.035-1100] {processor.py:914} INFO - Processing file /home/ouaillaamiri/Development/lsi_3/airflow/venv/lib/python3.11/site-packages/airflow/example_dags/tutorial_taskflow_api.py for tasks to queue
[2024-11-06T11:01:25.040-1100] {logging_mixin.py:190} INFO - [2024-11-06T11:01:25.039-1100] {dagbag.py:588} INFO - Filling up the DagBag from /home/ouaillaamiri/Development/lsi_3/airflow/venv/lib/python3.11/site-packages/airflow/example_dags/tutorial_taskflow_api.py
[2024-11-06T11:01:25.056-1100] {processor.py:925} INFO - DAG(s) 'tutorial_taskflow_api' retrieved from /home/ouaillaamiri/Development/lsi_3/airflow/venv/lib/python3.11/site-packages/airflow/example_dags/tutorial_taskflow_api.py
[2024-11-06T11:01:25.127-1100] {logging_mixin.py:190} INFO - [2024-11-06T11:01:25.126-1100] {dag.py:3239} INFO - Sync 1 DAGs
[2024-11-06T11:01:25.162-1100] {logging_mixin.py:190} INFO - [2024-11-06T11:01:25.161-1100] {dag.py:4180} INFO - Setting next_dagrun for tutorial_taskflow_api to None, run_after=None
[2024-11-06T11:01:25.216-1100] {processor.py:208} INFO - Processing /home/ouaillaamiri/Development/lsi_3/airflow/venv/lib/python3.11/site-packages/airflow/example_dags/tutorial_taskflow_api.py took 0.195 seconds
[2024-11-06T11:01:55.419-1100] {processor.py:186} INFO - Started process (PID=229576) to work on /home/ouaillaamiri/Development/lsi_3/airflow/venv/lib/python3.11/site-packages/airflow/example_dags/tutorial_taskflow_api.py
[2024-11-06T11:01:55.421-1100] {processor.py:914} INFO - Processing file /home/ouaillaamiri/Development/lsi_3/airflow/venv/lib/python3.11/site-packages/airflow/example_dags/tutorial_taskflow_api.py for tasks to queue
[2024-11-06T11:01:55.426-1100] {logging_mixin.py:190} INFO - [2024-11-06T11:01:55.426-1100] {dagbag.py:588} INFO - Filling up the DagBag from /home/ouaillaamiri/Development/lsi_3/airflow/venv/lib/python3.11/site-packages/airflow/example_dags/tutorial_taskflow_api.py
[2024-11-06T11:01:55.444-1100] {processor.py:925} INFO - DAG(s) 'tutorial_taskflow_api' retrieved from /home/ouaillaamiri/Development/lsi_3/airflow/venv/lib/python3.11/site-packages/airflow/example_dags/tutorial_taskflow_api.py
[2024-11-06T11:01:55.525-1100] {logging_mixin.py:190} INFO - [2024-11-06T11:01:55.524-1100] {dag.py:3239} INFO - Sync 1 DAGs
[2024-11-06T11:01:55.565-1100] {logging_mixin.py:190} INFO - [2024-11-06T11:01:55.564-1100] {dag.py:4180} INFO - Setting next_dagrun for tutorial_taskflow_api to None, run_after=None
[2024-11-06T11:01:55.622-1100] {processor.py:208} INFO - Processing /home/ouaillaamiri/Development/lsi_3/airflow/venv/lib/python3.11/site-packages/airflow/example_dags/tutorial_taskflow_api.py took 0.216 seconds
[2024-11-06T11:02:26.026-1100] {processor.py:186} INFO - Started process (PID=230170) to work on /home/ouaillaamiri/Development/lsi_3/airflow/venv/lib/python3.11/site-packages/airflow/example_dags/tutorial_taskflow_api.py
[2024-11-06T11:02:26.027-1100] {processor.py:914} INFO - Processing file /home/ouaillaamiri/Development/lsi_3/airflow/venv/lib/python3.11/site-packages/airflow/example_dags/tutorial_taskflow_api.py for tasks to queue
[2024-11-06T11:02:26.032-1100] {logging_mixin.py:190} INFO - [2024-11-06T11:02:26.031-1100] {dagbag.py:588} INFO - Filling up the DagBag from /home/ouaillaamiri/Development/lsi_3/airflow/venv/lib/python3.11/site-packages/airflow/example_dags/tutorial_taskflow_api.py
[2024-11-06T11:02:26.046-1100] {processor.py:925} INFO - DAG(s) 'tutorial_taskflow_api' retrieved from /home/ouaillaamiri/Development/lsi_3/airflow/venv/lib/python3.11/site-packages/airflow/example_dags/tutorial_taskflow_api.py
[2024-11-06T11:02:26.099-1100] {logging_mixin.py:190} INFO - [2024-11-06T11:02:26.098-1100] {dag.py:3239} INFO - Sync 1 DAGs
[2024-11-06T11:02:26.123-1100] {logging_mixin.py:190} INFO - [2024-11-06T11:02:26.123-1100] {dag.py:4180} INFO - Setting next_dagrun for tutorial_taskflow_api to None, run_after=None
[2024-11-06T11:02:26.158-1100] {processor.py:208} INFO - Processing /home/ouaillaamiri/Development/lsi_3/airflow/venv/lib/python3.11/site-packages/airflow/example_dags/tutorial_taskflow_api.py took 0.143 seconds
[2024-11-06T11:02:56.751-1100] {processor.py:186} INFO - Started process (PID=231156) to work on /home/ouaillaamiri/Development/lsi_3/airflow/venv/lib/python3.11/site-packages/airflow/example_dags/tutorial_taskflow_api.py
[2024-11-06T11:02:56.753-1100] {processor.py:914} INFO - Processing file /home/ouaillaamiri/Development/lsi_3/airflow/venv/lib/python3.11/site-packages/airflow/example_dags/tutorial_taskflow_api.py for tasks to queue
[2024-11-06T11:02:56.758-1100] {logging_mixin.py:190} INFO - [2024-11-06T11:02:56.757-1100] {dagbag.py:588} INFO - Filling up the DagBag from /home/ouaillaamiri/Development/lsi_3/airflow/venv/lib/python3.11/site-packages/airflow/example_dags/tutorial_taskflow_api.py
[2024-11-06T11:02:56.780-1100] {processor.py:925} INFO - DAG(s) 'tutorial_taskflow_api' retrieved from /home/ouaillaamiri/Development/lsi_3/airflow/venv/lib/python3.11/site-packages/airflow/example_dags/tutorial_taskflow_api.py
[2024-11-06T11:02:56.843-1100] {logging_mixin.py:190} INFO - [2024-11-06T11:02:56.843-1100] {dag.py:3239} INFO - Sync 1 DAGs
[2024-11-06T11:02:56.875-1100] {logging_mixin.py:190} INFO - [2024-11-06T11:02:56.875-1100] {dag.py:4180} INFO - Setting next_dagrun for tutorial_taskflow_api to None, run_after=None
[2024-11-06T11:02:56.918-1100] {processor.py:208} INFO - Processing /home/ouaillaamiri/Development/lsi_3/airflow/venv/lib/python3.11/site-packages/airflow/example_dags/tutorial_taskflow_api.py took 0.178 seconds
[2024-11-06T11:03:27.135-1100] {processor.py:186} INFO - Started process (PID=231515) to work on /home/ouaillaamiri/Development/lsi_3/airflow/venv/lib/python3.11/site-packages/airflow/example_dags/tutorial_taskflow_api.py
[2024-11-06T11:03:27.137-1100] {processor.py:914} INFO - Processing file /home/ouaillaamiri/Development/lsi_3/airflow/venv/lib/python3.11/site-packages/airflow/example_dags/tutorial_taskflow_api.py for tasks to queue
[2024-11-06T11:03:27.143-1100] {logging_mixin.py:190} INFO - [2024-11-06T11:03:27.143-1100] {dagbag.py:588} INFO - Filling up the DagBag from /home/ouaillaamiri/Development/lsi_3/airflow/venv/lib/python3.11/site-packages/airflow/example_dags/tutorial_taskflow_api.py
[2024-11-06T11:03:27.163-1100] {processor.py:925} INFO - DAG(s) 'tutorial_taskflow_api' retrieved from /home/ouaillaamiri/Development/lsi_3/airflow/venv/lib/python3.11/site-packages/airflow/example_dags/tutorial_taskflow_api.py
[2024-11-06T11:03:27.231-1100] {logging_mixin.py:190} INFO - [2024-11-06T11:03:27.230-1100] {dag.py:3239} INFO - Sync 1 DAGs
[2024-11-06T11:03:27.262-1100] {logging_mixin.py:190} INFO - [2024-11-06T11:03:27.262-1100] {dag.py:4180} INFO - Setting next_dagrun for tutorial_taskflow_api to None, run_after=None
[2024-11-06T11:03:27.312-1100] {processor.py:208} INFO - Processing /home/ouaillaamiri/Development/lsi_3/airflow/venv/lib/python3.11/site-packages/airflow/example_dags/tutorial_taskflow_api.py took 0.191 seconds
[2024-11-06T11:03:58.083-1100] {processor.py:186} INFO - Started process (PID=232191) to work on /home/ouaillaamiri/Development/lsi_3/airflow/venv/lib/python3.11/site-packages/airflow/example_dags/tutorial_taskflow_api.py
[2024-11-06T11:03:58.085-1100] {processor.py:914} INFO - Processing file /home/ouaillaamiri/Development/lsi_3/airflow/venv/lib/python3.11/site-packages/airflow/example_dags/tutorial_taskflow_api.py for tasks to queue
[2024-11-06T11:03:58.091-1100] {logging_mixin.py:190} INFO - [2024-11-06T11:03:58.090-1100] {dagbag.py:588} INFO - Filling up the DagBag from /home/ouaillaamiri/Development/lsi_3/airflow/venv/lib/python3.11/site-packages/airflow/example_dags/tutorial_taskflow_api.py
[2024-11-06T11:03:58.109-1100] {processor.py:925} INFO - DAG(s) 'tutorial_taskflow_api' retrieved from /home/ouaillaamiri/Development/lsi_3/airflow/venv/lib/python3.11/site-packages/airflow/example_dags/tutorial_taskflow_api.py
[2024-11-06T11:03:58.162-1100] {logging_mixin.py:190} INFO - [2024-11-06T11:03:58.162-1100] {dag.py:3239} INFO - Sync 1 DAGs
[2024-11-06T11:03:58.187-1100] {logging_mixin.py:190} INFO - [2024-11-06T11:03:58.187-1100] {dag.py:4180} INFO - Setting next_dagrun for tutorial_taskflow_api to None, run_after=None
[2024-11-06T11:03:58.220-1100] {processor.py:208} INFO - Processing /home/ouaillaamiri/Development/lsi_3/airflow/venv/lib/python3.11/site-packages/airflow/example_dags/tutorial_taskflow_api.py took 0.149 seconds
[2024-11-06T11:04:28.658-1100] {processor.py:186} INFO - Started process (PID=232562) to work on /home/ouaillaamiri/Development/lsi_3/airflow/venv/lib/python3.11/site-packages/airflow/example_dags/tutorial_taskflow_api.py
[2024-11-06T11:04:28.660-1100] {processor.py:914} INFO - Processing file /home/ouaillaamiri/Development/lsi_3/airflow/venv/lib/python3.11/site-packages/airflow/example_dags/tutorial_taskflow_api.py for tasks to queue
[2024-11-06T11:04:28.664-1100] {logging_mixin.py:190} INFO - [2024-11-06T11:04:28.663-1100] {dagbag.py:588} INFO - Filling up the DagBag from /home/ouaillaamiri/Development/lsi_3/airflow/venv/lib/python3.11/site-packages/airflow/example_dags/tutorial_taskflow_api.py
[2024-11-06T11:04:28.676-1100] {processor.py:925} INFO - DAG(s) 'tutorial_taskflow_api' retrieved from /home/ouaillaamiri/Development/lsi_3/airflow/venv/lib/python3.11/site-packages/airflow/example_dags/tutorial_taskflow_api.py
[2024-11-06T11:04:28.737-1100] {logging_mixin.py:190} INFO - [2024-11-06T11:04:28.737-1100] {dag.py:3239} INFO - Sync 1 DAGs
[2024-11-06T11:04:28.761-1100] {logging_mixin.py:190} INFO - [2024-11-06T11:04:28.760-1100] {dag.py:4180} INFO - Setting next_dagrun for tutorial_taskflow_api to None, run_after=None
[2024-11-06T11:04:28.793-1100] {processor.py:208} INFO - Processing /home/ouaillaamiri/Development/lsi_3/airflow/venv/lib/python3.11/site-packages/airflow/example_dags/tutorial_taskflow_api.py took 0.144 seconds
