[2024-11-06T10:53:20.350-1100] {processor.py:186} INFO - Started process (PID=218891) to work on /home/ouaillaamiri/Development/lsi_3/airflow/venv/lib/python3.11/site-packages/airflow/example_dags/tutorial_objectstorage.py
[2024-11-06T10:53:20.352-1100] {processor.py:914} INFO - Processing file /home/ouaillaamiri/Development/lsi_3/airflow/venv/lib/python3.11/site-packages/airflow/example_dags/tutorial_objectstorage.py for tasks to queue
[2024-11-06T10:53:20.358-1100] {logging_mixin.py:190} INFO - [2024-11-06T10:53:20.356-1100] {dagbag.py:588} INFO - Filling up the DagBag from /home/ouaillaamiri/Development/lsi_3/airflow/venv/lib/python3.11/site-packages/airflow/example_dags/tutorial_objectstorage.py
[2024-11-06T10:53:20.392-1100] {processor.py:925} INFO - DAG(s) 'tutorial_objectstorage' retrieved from /home/ouaillaamiri/Development/lsi_3/airflow/venv/lib/python3.11/site-packages/airflow/example_dags/tutorial_objectstorage.py
[2024-11-06T10:53:20.972-1100] {logging_mixin.py:190} INFO - [2024-11-06T10:53:20.971-1100] {override.py:1911} INFO - Created Permission View: can edit on DAG:tutorial_objectstorage
[2024-11-06T10:53:20.997-1100] {logging_mixin.py:190} INFO - [2024-11-06T10:53:20.996-1100] {override.py:1911} INFO - Created Permission View: can delete on DAG:tutorial_objectstorage
[2024-11-06T10:53:21.021-1100] {logging_mixin.py:190} INFO - [2024-11-06T10:53:21.020-1100] {override.py:1911} INFO - Created Permission View: can read on DAG:tutorial_objectstorage
[2024-11-06T10:53:21.041-1100] {logging_mixin.py:190} INFO - [2024-11-06T10:53:21.040-1100] {override.py:1911} INFO - Created Permission View: can delete on DAG Run:tutorial_objectstorage
[2024-11-06T10:53:21.061-1100] {logging_mixin.py:190} INFO - [2024-11-06T10:53:21.061-1100] {override.py:1911} INFO - Created Permission View: can create on DAG Run:tutorial_objectstorage
[2024-11-06T10:53:21.077-1100] {logging_mixin.py:190} INFO - [2024-11-06T10:53:21.076-1100] {override.py:1911} INFO - Created Permission View: menu access on DAG Run:tutorial_objectstorage
[2024-11-06T10:53:21.091-1100] {logging_mixin.py:190} INFO - [2024-11-06T10:53:21.091-1100] {override.py:1911} INFO - Created Permission View: can read on DAG Run:tutorial_objectstorage
[2024-11-06T10:53:21.092-1100] {logging_mixin.py:190} INFO - [2024-11-06T10:53:21.092-1100] {dag.py:3239} INFO - Sync 1 DAGs
[2024-11-06T10:53:21.119-1100] {logging_mixin.py:190} INFO - [2024-11-06T10:53:21.118-1100] {dag.py:3262} INFO - Creating ORM DAG for tutorial_objectstorage
[2024-11-06T10:53:21.120-1100] {logging_mixin.py:190} INFO - [2024-11-06T10:53:21.120-1100] {dag.py:4180} INFO - Setting next_dagrun for tutorial_objectstorage to None, run_after=None
[2024-11-06T10:53:21.155-1100] {processor.py:208} INFO - Processing /home/ouaillaamiri/Development/lsi_3/airflow/venv/lib/python3.11/site-packages/airflow/example_dags/tutorial_objectstorage.py took 0.818 seconds
[2024-11-06T10:53:51.286-1100] {processor.py:186} INFO - Started process (PID=219741) to work on /home/ouaillaamiri/Development/lsi_3/airflow/venv/lib/python3.11/site-packages/airflow/example_dags/tutorial_objectstorage.py
[2024-11-06T10:53:51.290-1100] {processor.py:914} INFO - Processing file /home/ouaillaamiri/Development/lsi_3/airflow/venv/lib/python3.11/site-packages/airflow/example_dags/tutorial_objectstorage.py for tasks to queue
[2024-11-06T10:53:51.294-1100] {logging_mixin.py:190} INFO - [2024-11-06T10:53:51.293-1100] {dagbag.py:588} INFO - Filling up the DagBag from /home/ouaillaamiri/Development/lsi_3/airflow/venv/lib/python3.11/site-packages/airflow/example_dags/tutorial_objectstorage.py
[2024-11-06T10:53:51.314-1100] {processor.py:925} INFO - DAG(s) 'tutorial_objectstorage' retrieved from /home/ouaillaamiri/Development/lsi_3/airflow/venv/lib/python3.11/site-packages/airflow/example_dags/tutorial_objectstorage.py
[2024-11-06T10:53:51.376-1100] {logging_mixin.py:190} INFO - [2024-11-06T10:53:51.375-1100] {dag.py:3239} INFO - Sync 1 DAGs
[2024-11-06T10:53:51.414-1100] {logging_mixin.py:190} INFO - [2024-11-06T10:53:51.413-1100] {dag.py:4180} INFO - Setting next_dagrun for tutorial_objectstorage to None, run_after=None
[2024-11-06T10:53:51.458-1100] {processor.py:208} INFO - Processing /home/ouaillaamiri/Development/lsi_3/airflow/venv/lib/python3.11/site-packages/airflow/example_dags/tutorial_objectstorage.py took 0.184 seconds
[2024-11-06T10:54:22.060-1100] {processor.py:186} INFO - Started process (PID=220457) to work on /home/ouaillaamiri/Development/lsi_3/airflow/venv/lib/python3.11/site-packages/airflow/example_dags/tutorial_objectstorage.py
[2024-11-06T10:54:22.062-1100] {processor.py:914} INFO - Processing file /home/ouaillaamiri/Development/lsi_3/airflow/venv/lib/python3.11/site-packages/airflow/example_dags/tutorial_objectstorage.py for tasks to queue
[2024-11-06T10:54:22.065-1100] {logging_mixin.py:190} INFO - [2024-11-06T10:54:22.065-1100] {dagbag.py:588} INFO - Filling up the DagBag from /home/ouaillaamiri/Development/lsi_3/airflow/venv/lib/python3.11/site-packages/airflow/example_dags/tutorial_objectstorage.py
[2024-11-06T10:54:22.080-1100] {processor.py:925} INFO - DAG(s) 'tutorial_objectstorage' retrieved from /home/ouaillaamiri/Development/lsi_3/airflow/venv/lib/python3.11/site-packages/airflow/example_dags/tutorial_objectstorage.py
[2024-11-06T10:54:22.145-1100] {logging_mixin.py:190} INFO - [2024-11-06T10:54:22.144-1100] {dag.py:3239} INFO - Sync 1 DAGs
[2024-11-06T10:54:22.173-1100] {logging_mixin.py:190} INFO - [2024-11-06T10:54:22.172-1100] {dag.py:4180} INFO - Setting next_dagrun for tutorial_objectstorage to None, run_after=None
[2024-11-06T10:54:22.219-1100] {processor.py:208} INFO - Processing /home/ouaillaamiri/Development/lsi_3/airflow/venv/lib/python3.11/site-packages/airflow/example_dags/tutorial_objectstorage.py took 0.168 seconds
[2024-11-06T10:54:52.762-1100] {processor.py:186} INFO - Started process (PID=220821) to work on /home/ouaillaamiri/Development/lsi_3/airflow/venv/lib/python3.11/site-packages/airflow/example_dags/tutorial_objectstorage.py
[2024-11-06T10:54:52.764-1100] {processor.py:914} INFO - Processing file /home/ouaillaamiri/Development/lsi_3/airflow/venv/lib/python3.11/site-packages/airflow/example_dags/tutorial_objectstorage.py for tasks to queue
[2024-11-06T10:54:52.767-1100] {logging_mixin.py:190} INFO - [2024-11-06T10:54:52.767-1100] {dagbag.py:588} INFO - Filling up the DagBag from /home/ouaillaamiri/Development/lsi_3/airflow/venv/lib/python3.11/site-packages/airflow/example_dags/tutorial_objectstorage.py
[2024-11-06T10:54:52.783-1100] {processor.py:925} INFO - DAG(s) 'tutorial_objectstorage' retrieved from /home/ouaillaamiri/Development/lsi_3/airflow/venv/lib/python3.11/site-packages/airflow/example_dags/tutorial_objectstorage.py
[2024-11-06T10:54:52.832-1100] {logging_mixin.py:190} INFO - [2024-11-06T10:54:52.832-1100] {dag.py:3239} INFO - Sync 1 DAGs
[2024-11-06T10:54:52.856-1100] {logging_mixin.py:190} INFO - [2024-11-06T10:54:52.856-1100] {dag.py:4180} INFO - Setting next_dagrun for tutorial_objectstorage to None, run_after=None
[2024-11-06T10:54:52.894-1100] {processor.py:208} INFO - Processing /home/ouaillaamiri/Development/lsi_3/airflow/venv/lib/python3.11/site-packages/airflow/example_dags/tutorial_objectstorage.py took 0.142 seconds
[2024-11-06T10:55:23.171-1100] {processor.py:186} INFO - Started process (PID=221521) to work on /home/ouaillaamiri/Development/lsi_3/airflow/venv/lib/python3.11/site-packages/airflow/example_dags/tutorial_objectstorage.py
[2024-11-06T10:55:23.175-1100] {processor.py:914} INFO - Processing file /home/ouaillaamiri/Development/lsi_3/airflow/venv/lib/python3.11/site-packages/airflow/example_dags/tutorial_objectstorage.py for tasks to queue
[2024-11-06T10:55:23.178-1100] {logging_mixin.py:190} INFO - [2024-11-06T10:55:23.178-1100] {dagbag.py:588} INFO - Filling up the DagBag from /home/ouaillaamiri/Development/lsi_3/airflow/venv/lib/python3.11/site-packages/airflow/example_dags/tutorial_objectstorage.py
[2024-11-06T10:55:23.197-1100] {processor.py:925} INFO - DAG(s) 'tutorial_objectstorage' retrieved from /home/ouaillaamiri/Development/lsi_3/airflow/venv/lib/python3.11/site-packages/airflow/example_dags/tutorial_objectstorage.py
[2024-11-06T10:55:23.258-1100] {logging_mixin.py:190} INFO - [2024-11-06T10:55:23.258-1100] {dag.py:3239} INFO - Sync 1 DAGs
[2024-11-06T10:55:23.284-1100] {logging_mixin.py:190} INFO - [2024-11-06T10:55:23.283-1100] {dag.py:4180} INFO - Setting next_dagrun for tutorial_objectstorage to None, run_after=None
[2024-11-06T10:55:23.323-1100] {processor.py:208} INFO - Processing /home/ouaillaamiri/Development/lsi_3/airflow/venv/lib/python3.11/site-packages/airflow/example_dags/tutorial_objectstorage.py took 0.163 seconds
[2024-11-06T10:55:53.843-1100] {processor.py:186} INFO - Started process (PID=221887) to work on /home/ouaillaamiri/Development/lsi_3/airflow/venv/lib/python3.11/site-packages/airflow/example_dags/tutorial_objectstorage.py
[2024-11-06T10:55:53.846-1100] {processor.py:914} INFO - Processing file /home/ouaillaamiri/Development/lsi_3/airflow/venv/lib/python3.11/site-packages/airflow/example_dags/tutorial_objectstorage.py for tasks to queue
[2024-11-06T10:55:53.851-1100] {logging_mixin.py:190} INFO - [2024-11-06T10:55:53.850-1100] {dagbag.py:588} INFO - Filling up the DagBag from /home/ouaillaamiri/Development/lsi_3/airflow/venv/lib/python3.11/site-packages/airflow/example_dags/tutorial_objectstorage.py
[2024-11-06T10:55:53.869-1100] {processor.py:925} INFO - DAG(s) 'tutorial_objectstorage' retrieved from /home/ouaillaamiri/Development/lsi_3/airflow/venv/lib/python3.11/site-packages/airflow/example_dags/tutorial_objectstorage.py
[2024-11-06T10:55:53.929-1100] {logging_mixin.py:190} INFO - [2024-11-06T10:55:53.929-1100] {dag.py:3239} INFO - Sync 1 DAGs
[2024-11-06T10:55:53.957-1100] {logging_mixin.py:190} INFO - [2024-11-06T10:55:53.957-1100] {dag.py:4180} INFO - Setting next_dagrun for tutorial_objectstorage to None, run_after=None
[2024-11-06T10:55:53.992-1100] {processor.py:208} INFO - Processing /home/ouaillaamiri/Development/lsi_3/airflow/venv/lib/python3.11/site-packages/airflow/example_dags/tutorial_objectstorage.py took 0.166 seconds
[2024-11-06T10:56:40.339-1100] {processor.py:186} INFO - Started process (PID=222938) to work on /home/ouaillaamiri/Development/lsi_3/airflow/venv/lib/python3.11/site-packages/airflow/example_dags/tutorial_objectstorage.py
[2024-11-06T10:56:40.341-1100] {processor.py:914} INFO - Processing file /home/ouaillaamiri/Development/lsi_3/airflow/venv/lib/python3.11/site-packages/airflow/example_dags/tutorial_objectstorage.py for tasks to queue
[2024-11-06T10:56:40.345-1100] {logging_mixin.py:190} INFO - [2024-11-06T10:56:40.344-1100] {dagbag.py:588} INFO - Filling up the DagBag from /home/ouaillaamiri/Development/lsi_3/airflow/venv/lib/python3.11/site-packages/airflow/example_dags/tutorial_objectstorage.py
[2024-11-06T10:56:40.617-1100] {processor.py:925} INFO - DAG(s) 'tutorial_objectstorage' retrieved from /home/ouaillaamiri/Development/lsi_3/airflow/venv/lib/python3.11/site-packages/airflow/example_dags/tutorial_objectstorage.py
[2024-11-06T10:56:40.679-1100] {logging_mixin.py:190} INFO - [2024-11-06T10:56:40.678-1100] {dag.py:3239} INFO - Sync 1 DAGs
[2024-11-06T10:56:40.701-1100] {logging_mixin.py:190} INFO - [2024-11-06T10:56:40.701-1100] {dag.py:4180} INFO - Setting next_dagrun for tutorial_objectstorage to None, run_after=None
[2024-11-06T10:56:40.737-1100] {processor.py:208} INFO - Processing /home/ouaillaamiri/Development/lsi_3/airflow/venv/lib/python3.11/site-packages/airflow/example_dags/tutorial_objectstorage.py took 0.407 seconds
[2024-11-06T10:57:11.621-1100] {processor.py:186} INFO - Started process (PID=224109) to work on /home/ouaillaamiri/Development/lsi_3/airflow/venv/lib/python3.11/site-packages/airflow/example_dags/tutorial_objectstorage.py
[2024-11-06T10:57:11.623-1100] {processor.py:914} INFO - Processing file /home/ouaillaamiri/Development/lsi_3/airflow/venv/lib/python3.11/site-packages/airflow/example_dags/tutorial_objectstorage.py for tasks to queue
[2024-11-06T10:57:11.629-1100] {logging_mixin.py:190} INFO - [2024-11-06T10:57:11.628-1100] {dagbag.py:588} INFO - Filling up the DagBag from /home/ouaillaamiri/Development/lsi_3/airflow/venv/lib/python3.11/site-packages/airflow/example_dags/tutorial_objectstorage.py
[2024-11-06T10:57:11.648-1100] {processor.py:925} INFO - DAG(s) 'tutorial_objectstorage' retrieved from /home/ouaillaamiri/Development/lsi_3/airflow/venv/lib/python3.11/site-packages/airflow/example_dags/tutorial_objectstorage.py
[2024-11-06T10:57:11.705-1100] {logging_mixin.py:190} INFO - [2024-11-06T10:57:11.704-1100] {dag.py:3239} INFO - Sync 1 DAGs
[2024-11-06T10:57:11.731-1100] {logging_mixin.py:190} INFO - [2024-11-06T10:57:11.731-1100] {dag.py:4180} INFO - Setting next_dagrun for tutorial_objectstorage to None, run_after=None
[2024-11-06T10:57:11.771-1100] {processor.py:208} INFO - Processing /home/ouaillaamiri/Development/lsi_3/airflow/venv/lib/python3.11/site-packages/airflow/example_dags/tutorial_objectstorage.py took 0.169 seconds
[2024-11-06T10:57:41.870-1100] {processor.py:186} INFO - Started process (PID=224845) to work on /home/ouaillaamiri/Development/lsi_3/airflow/venv/lib/python3.11/site-packages/airflow/example_dags/tutorial_objectstorage.py
[2024-11-06T10:57:41.874-1100] {processor.py:914} INFO - Processing file /home/ouaillaamiri/Development/lsi_3/airflow/venv/lib/python3.11/site-packages/airflow/example_dags/tutorial_objectstorage.py for tasks to queue
[2024-11-06T10:57:41.878-1100] {logging_mixin.py:190} INFO - [2024-11-06T10:57:41.877-1100] {dagbag.py:588} INFO - Filling up the DagBag from /home/ouaillaamiri/Development/lsi_3/airflow/venv/lib/python3.11/site-packages/airflow/example_dags/tutorial_objectstorage.py
[2024-11-06T10:57:41.898-1100] {processor.py:925} INFO - DAG(s) 'tutorial_objectstorage' retrieved from /home/ouaillaamiri/Development/lsi_3/airflow/venv/lib/python3.11/site-packages/airflow/example_dags/tutorial_objectstorage.py
[2024-11-06T10:57:41.957-1100] {logging_mixin.py:190} INFO - [2024-11-06T10:57:41.956-1100] {dag.py:3239} INFO - Sync 1 DAGs
[2024-11-06T10:57:41.983-1100] {logging_mixin.py:190} INFO - [2024-11-06T10:57:41.982-1100] {dag.py:4180} INFO - Setting next_dagrun for tutorial_objectstorage to None, run_after=None
[2024-11-06T10:57:42.019-1100] {processor.py:208} INFO - Processing /home/ouaillaamiri/Development/lsi_3/airflow/venv/lib/python3.11/site-packages/airflow/example_dags/tutorial_objectstorage.py took 0.161 seconds
[2024-11-06T10:58:12.114-1100] {processor.py:186} INFO - Started process (PID=225550) to work on /home/ouaillaamiri/Development/lsi_3/airflow/venv/lib/python3.11/site-packages/airflow/example_dags/tutorial_objectstorage.py
[2024-11-06T10:58:12.117-1100] {processor.py:914} INFO - Processing file /home/ouaillaamiri/Development/lsi_3/airflow/venv/lib/python3.11/site-packages/airflow/example_dags/tutorial_objectstorage.py for tasks to queue
[2024-11-06T10:58:12.123-1100] {logging_mixin.py:190} INFO - [2024-11-06T10:58:12.122-1100] {dagbag.py:588} INFO - Filling up the DagBag from /home/ouaillaamiri/Development/lsi_3/airflow/venv/lib/python3.11/site-packages/airflow/example_dags/tutorial_objectstorage.py
[2024-11-06T10:58:12.145-1100] {processor.py:925} INFO - DAG(s) 'tutorial_objectstorage' retrieved from /home/ouaillaamiri/Development/lsi_3/airflow/venv/lib/python3.11/site-packages/airflow/example_dags/tutorial_objectstorage.py
[2024-11-06T10:58:12.205-1100] {logging_mixin.py:190} INFO - [2024-11-06T10:58:12.204-1100] {dag.py:3239} INFO - Sync 1 DAGs
[2024-11-06T10:58:12.229-1100] {logging_mixin.py:190} INFO - [2024-11-06T10:58:12.229-1100] {dag.py:4180} INFO - Setting next_dagrun for tutorial_objectstorage to None, run_after=None
[2024-11-06T10:58:12.267-1100] {processor.py:208} INFO - Processing /home/ouaillaamiri/Development/lsi_3/airflow/venv/lib/python3.11/site-packages/airflow/example_dags/tutorial_objectstorage.py took 0.168 seconds
[2024-11-06T10:58:42.638-1100] {processor.py:186} INFO - Started process (PID=226264) to work on /home/ouaillaamiri/Development/lsi_3/airflow/venv/lib/python3.11/site-packages/airflow/example_dags/tutorial_objectstorage.py
[2024-11-06T10:58:42.643-1100] {processor.py:914} INFO - Processing file /home/ouaillaamiri/Development/lsi_3/airflow/venv/lib/python3.11/site-packages/airflow/example_dags/tutorial_objectstorage.py for tasks to queue
[2024-11-06T10:58:42.648-1100] {logging_mixin.py:190} INFO - [2024-11-06T10:58:42.647-1100] {dagbag.py:588} INFO - Filling up the DagBag from /home/ouaillaamiri/Development/lsi_3/airflow/venv/lib/python3.11/site-packages/airflow/example_dags/tutorial_objectstorage.py
[2024-11-06T10:58:42.675-1100] {processor.py:925} INFO - DAG(s) 'tutorial_objectstorage' retrieved from /home/ouaillaamiri/Development/lsi_3/airflow/venv/lib/python3.11/site-packages/airflow/example_dags/tutorial_objectstorage.py
[2024-11-06T10:58:42.742-1100] {logging_mixin.py:190} INFO - [2024-11-06T10:58:42.741-1100] {dag.py:3239} INFO - Sync 1 DAGs
[2024-11-06T10:58:42.779-1100] {logging_mixin.py:190} INFO - [2024-11-06T10:58:42.779-1100] {dag.py:4180} INFO - Setting next_dagrun for tutorial_objectstorage to None, run_after=None
[2024-11-06T10:58:42.828-1100] {processor.py:208} INFO - Processing /home/ouaillaamiri/Development/lsi_3/airflow/venv/lib/python3.11/site-packages/airflow/example_dags/tutorial_objectstorage.py took 0.205 seconds
[2024-11-06T10:59:13.836-1100] {processor.py:186} INFO - Started process (PID=226969) to work on /home/ouaillaamiri/Development/lsi_3/airflow/venv/lib/python3.11/site-packages/airflow/example_dags/tutorial_objectstorage.py
[2024-11-06T10:59:13.841-1100] {processor.py:914} INFO - Processing file /home/ouaillaamiri/Development/lsi_3/airflow/venv/lib/python3.11/site-packages/airflow/example_dags/tutorial_objectstorage.py for tasks to queue
[2024-11-06T10:59:13.846-1100] {logging_mixin.py:190} INFO - [2024-11-06T10:59:13.845-1100] {dagbag.py:588} INFO - Filling up the DagBag from /home/ouaillaamiri/Development/lsi_3/airflow/venv/lib/python3.11/site-packages/airflow/example_dags/tutorial_objectstorage.py
[2024-11-06T10:59:13.870-1100] {processor.py:925} INFO - DAG(s) 'tutorial_objectstorage' retrieved from /home/ouaillaamiri/Development/lsi_3/airflow/venv/lib/python3.11/site-packages/airflow/example_dags/tutorial_objectstorage.py
[2024-11-06T10:59:13.926-1100] {logging_mixin.py:190} INFO - [2024-11-06T10:59:13.926-1100] {dag.py:3239} INFO - Sync 1 DAGs
[2024-11-06T10:59:13.953-1100] {logging_mixin.py:190} INFO - [2024-11-06T10:59:13.952-1100] {dag.py:4180} INFO - Setting next_dagrun for tutorial_objectstorage to None, run_after=None
[2024-11-06T10:59:13.995-1100] {processor.py:208} INFO - Processing /home/ouaillaamiri/Development/lsi_3/airflow/venv/lib/python3.11/site-packages/airflow/example_dags/tutorial_objectstorage.py took 0.177 seconds
[2024-11-06T10:59:44.267-1100] {processor.py:186} INFO - Started process (PID=227365) to work on /home/ouaillaamiri/Development/lsi_3/airflow/venv/lib/python3.11/site-packages/airflow/example_dags/tutorial_objectstorage.py
[2024-11-06T10:59:44.271-1100] {processor.py:914} INFO - Processing file /home/ouaillaamiri/Development/lsi_3/airflow/venv/lib/python3.11/site-packages/airflow/example_dags/tutorial_objectstorage.py for tasks to queue
[2024-11-06T10:59:44.275-1100] {logging_mixin.py:190} INFO - [2024-11-06T10:59:44.274-1100] {dagbag.py:588} INFO - Filling up the DagBag from /home/ouaillaamiri/Development/lsi_3/airflow/venv/lib/python3.11/site-packages/airflow/example_dags/tutorial_objectstorage.py
[2024-11-06T10:59:44.296-1100] {processor.py:925} INFO - DAG(s) 'tutorial_objectstorage' retrieved from /home/ouaillaamiri/Development/lsi_3/airflow/venv/lib/python3.11/site-packages/airflow/example_dags/tutorial_objectstorage.py
[2024-11-06T10:59:44.358-1100] {logging_mixin.py:190} INFO - [2024-11-06T10:59:44.358-1100] {dag.py:3239} INFO - Sync 1 DAGs
[2024-11-06T10:59:44.383-1100] {logging_mixin.py:190} INFO - [2024-11-06T10:59:44.382-1100] {dag.py:4180} INFO - Setting next_dagrun for tutorial_objectstorage to None, run_after=None
[2024-11-06T10:59:44.420-1100] {processor.py:208} INFO - Processing /home/ouaillaamiri/Development/lsi_3/airflow/venv/lib/python3.11/site-packages/airflow/example_dags/tutorial_objectstorage.py took 0.166 seconds
[2024-11-06T11:00:14.823-1100] {processor.py:186} INFO - Started process (PID=227779) to work on /home/ouaillaamiri/Development/lsi_3/airflow/venv/lib/python3.11/site-packages/airflow/example_dags/tutorial_objectstorage.py
[2024-11-06T11:00:14.825-1100] {processor.py:914} INFO - Processing file /home/ouaillaamiri/Development/lsi_3/airflow/venv/lib/python3.11/site-packages/airflow/example_dags/tutorial_objectstorage.py for tasks to queue
[2024-11-06T11:00:14.829-1100] {logging_mixin.py:190} INFO - [2024-11-06T11:00:14.828-1100] {dagbag.py:588} INFO - Filling up the DagBag from /home/ouaillaamiri/Development/lsi_3/airflow/venv/lib/python3.11/site-packages/airflow/example_dags/tutorial_objectstorage.py
[2024-11-06T11:00:14.847-1100] {processor.py:925} INFO - DAG(s) 'tutorial_objectstorage' retrieved from /home/ouaillaamiri/Development/lsi_3/airflow/venv/lib/python3.11/site-packages/airflow/example_dags/tutorial_objectstorage.py
[2024-11-06T11:00:14.905-1100] {logging_mixin.py:190} INFO - [2024-11-06T11:00:14.904-1100] {dag.py:3239} INFO - Sync 1 DAGs
[2024-11-06T11:00:14.935-1100] {logging_mixin.py:190} INFO - [2024-11-06T11:00:14.935-1100] {dag.py:4180} INFO - Setting next_dagrun for tutorial_objectstorage to None, run_after=None
[2024-11-06T11:00:14.976-1100] {processor.py:208} INFO - Processing /home/ouaillaamiri/Development/lsi_3/airflow/venv/lib/python3.11/site-packages/airflow/example_dags/tutorial_objectstorage.py took 0.163 seconds
[2024-11-06T11:00:51.761-1100] {processor.py:186} INFO - Started process (PID=228417) to work on /home/ouaillaamiri/Development/lsi_3/airflow/venv/lib/python3.11/site-packages/airflow/example_dags/tutorial_objectstorage.py
[2024-11-06T11:00:51.766-1100] {processor.py:914} INFO - Processing file /home/ouaillaamiri/Development/lsi_3/airflow/venv/lib/python3.11/site-packages/airflow/example_dags/tutorial_objectstorage.py for tasks to queue
[2024-11-06T11:00:51.771-1100] {logging_mixin.py:190} INFO - [2024-11-06T11:00:51.770-1100] {dagbag.py:588} INFO - Filling up the DagBag from /home/ouaillaamiri/Development/lsi_3/airflow/venv/lib/python3.11/site-packages/airflow/example_dags/tutorial_objectstorage.py
[2024-11-06T11:00:52.107-1100] {processor.py:925} INFO - DAG(s) 'tutorial_objectstorage' retrieved from /home/ouaillaamiri/Development/lsi_3/airflow/venv/lib/python3.11/site-packages/airflow/example_dags/tutorial_objectstorage.py
[2024-11-06T11:00:52.170-1100] {logging_mixin.py:190} INFO - [2024-11-06T11:00:52.170-1100] {dag.py:3239} INFO - Sync 1 DAGs
[2024-11-06T11:00:52.200-1100] {logging_mixin.py:190} INFO - [2024-11-06T11:00:52.199-1100] {dag.py:4180} INFO - Setting next_dagrun for tutorial_objectstorage to None, run_after=None
[2024-11-06T11:00:52.244-1100] {processor.py:208} INFO - Processing /home/ouaillaamiri/Development/lsi_3/airflow/venv/lib/python3.11/site-packages/airflow/example_dags/tutorial_objectstorage.py took 0.497 seconds
[2024-11-06T11:01:22.924-1100] {processor.py:186} INFO - Started process (PID=229156) to work on /home/ouaillaamiri/Development/lsi_3/airflow/venv/lib/python3.11/site-packages/airflow/example_dags/tutorial_objectstorage.py
[2024-11-06T11:01:22.925-1100] {processor.py:914} INFO - Processing file /home/ouaillaamiri/Development/lsi_3/airflow/venv/lib/python3.11/site-packages/airflow/example_dags/tutorial_objectstorage.py for tasks to queue
[2024-11-06T11:01:22.930-1100] {logging_mixin.py:190} INFO - [2024-11-06T11:01:22.929-1100] {dagbag.py:588} INFO - Filling up the DagBag from /home/ouaillaamiri/Development/lsi_3/airflow/venv/lib/python3.11/site-packages/airflow/example_dags/tutorial_objectstorage.py
[2024-11-06T11:01:22.952-1100] {processor.py:925} INFO - DAG(s) 'tutorial_objectstorage' retrieved from /home/ouaillaamiri/Development/lsi_3/airflow/venv/lib/python3.11/site-packages/airflow/example_dags/tutorial_objectstorage.py
[2024-11-06T11:01:23.031-1100] {logging_mixin.py:190} INFO - [2024-11-06T11:01:23.031-1100] {dag.py:3239} INFO - Sync 1 DAGs
[2024-11-06T11:01:23.070-1100] {logging_mixin.py:190} INFO - [2024-11-06T11:01:23.069-1100] {dag.py:4180} INFO - Setting next_dagrun for tutorial_objectstorage to None, run_after=None
[2024-11-06T11:01:23.113-1100] {processor.py:208} INFO - Processing /home/ouaillaamiri/Development/lsi_3/airflow/venv/lib/python3.11/site-packages/airflow/example_dags/tutorial_objectstorage.py took 0.201 seconds
[2024-11-06T11:01:53.239-1100] {processor.py:186} INFO - Started process (PID=229527) to work on /home/ouaillaamiri/Development/lsi_3/airflow/venv/lib/python3.11/site-packages/airflow/example_dags/tutorial_objectstorage.py
[2024-11-06T11:01:53.243-1100] {processor.py:914} INFO - Processing file /home/ouaillaamiri/Development/lsi_3/airflow/venv/lib/python3.11/site-packages/airflow/example_dags/tutorial_objectstorage.py for tasks to queue
[2024-11-06T11:01:53.248-1100] {logging_mixin.py:190} INFO - [2024-11-06T11:01:53.247-1100] {dagbag.py:588} INFO - Filling up the DagBag from /home/ouaillaamiri/Development/lsi_3/airflow/venv/lib/python3.11/site-packages/airflow/example_dags/tutorial_objectstorage.py
[2024-11-06T11:01:53.273-1100] {processor.py:925} INFO - DAG(s) 'tutorial_objectstorage' retrieved from /home/ouaillaamiri/Development/lsi_3/airflow/venv/lib/python3.11/site-packages/airflow/example_dags/tutorial_objectstorage.py
[2024-11-06T11:01:53.330-1100] {logging_mixin.py:190} INFO - [2024-11-06T11:01:53.329-1100] {dag.py:3239} INFO - Sync 1 DAGs
[2024-11-06T11:01:53.354-1100] {logging_mixin.py:190} INFO - [2024-11-06T11:01:53.354-1100] {dag.py:4180} INFO - Setting next_dagrun for tutorial_objectstorage to None, run_after=None
[2024-11-06T11:01:53.392-1100] {processor.py:208} INFO - Processing /home/ouaillaamiri/Development/lsi_3/airflow/venv/lib/python3.11/site-packages/airflow/example_dags/tutorial_objectstorage.py took 0.166 seconds
[2024-11-06T11:02:23.887-1100] {processor.py:186} INFO - Started process (PID=229962) to work on /home/ouaillaamiri/Development/lsi_3/airflow/venv/lib/python3.11/site-packages/airflow/example_dags/tutorial_objectstorage.py
[2024-11-06T11:02:23.890-1100] {processor.py:914} INFO - Processing file /home/ouaillaamiri/Development/lsi_3/airflow/venv/lib/python3.11/site-packages/airflow/example_dags/tutorial_objectstorage.py for tasks to queue
[2024-11-06T11:02:23.896-1100] {logging_mixin.py:190} INFO - [2024-11-06T11:02:23.894-1100] {dagbag.py:588} INFO - Filling up the DagBag from /home/ouaillaamiri/Development/lsi_3/airflow/venv/lib/python3.11/site-packages/airflow/example_dags/tutorial_objectstorage.py
[2024-11-06T11:02:23.922-1100] {processor.py:925} INFO - DAG(s) 'tutorial_objectstorage' retrieved from /home/ouaillaamiri/Development/lsi_3/airflow/venv/lib/python3.11/site-packages/airflow/example_dags/tutorial_objectstorage.py
[2024-11-06T11:02:24.010-1100] {logging_mixin.py:190} INFO - [2024-11-06T11:02:24.009-1100] {dag.py:3239} INFO - Sync 1 DAGs
[2024-11-06T11:02:24.046-1100] {logging_mixin.py:190} INFO - [2024-11-06T11:02:24.046-1100] {dag.py:4180} INFO - Setting next_dagrun for tutorial_objectstorage to None, run_after=None
[2024-11-06T11:02:24.089-1100] {processor.py:208} INFO - Processing /home/ouaillaamiri/Development/lsi_3/airflow/venv/lib/python3.11/site-packages/airflow/example_dags/tutorial_objectstorage.py took 0.217 seconds
[2024-11-06T11:02:54.359-1100] {processor.py:186} INFO - Started process (PID=231103) to work on /home/ouaillaamiri/Development/lsi_3/airflow/venv/lib/python3.11/site-packages/airflow/example_dags/tutorial_objectstorage.py
[2024-11-06T11:02:54.364-1100] {processor.py:914} INFO - Processing file /home/ouaillaamiri/Development/lsi_3/airflow/venv/lib/python3.11/site-packages/airflow/example_dags/tutorial_objectstorage.py for tasks to queue
[2024-11-06T11:02:54.370-1100] {logging_mixin.py:190} INFO - [2024-11-06T11:02:54.369-1100] {dagbag.py:588} INFO - Filling up the DagBag from /home/ouaillaamiri/Development/lsi_3/airflow/venv/lib/python3.11/site-packages/airflow/example_dags/tutorial_objectstorage.py
[2024-11-06T11:02:54.402-1100] {processor.py:925} INFO - DAG(s) 'tutorial_objectstorage' retrieved from /home/ouaillaamiri/Development/lsi_3/airflow/venv/lib/python3.11/site-packages/airflow/example_dags/tutorial_objectstorage.py
[2024-11-06T11:02:54.478-1100] {logging_mixin.py:190} INFO - [2024-11-06T11:02:54.477-1100] {dag.py:3239} INFO - Sync 1 DAGs
[2024-11-06T11:02:54.517-1100] {logging_mixin.py:190} INFO - [2024-11-06T11:02:54.516-1100] {dag.py:4180} INFO - Setting next_dagrun for tutorial_objectstorage to None, run_after=None
[2024-11-06T11:02:54.572-1100] {processor.py:208} INFO - Processing /home/ouaillaamiri/Development/lsi_3/airflow/venv/lib/python3.11/site-packages/airflow/example_dags/tutorial_objectstorage.py took 0.232 seconds
[2024-11-06T11:03:25.629-1100] {processor.py:186} INFO - Started process (PID=231469) to work on /home/ouaillaamiri/Development/lsi_3/airflow/venv/lib/python3.11/site-packages/airflow/example_dags/tutorial_objectstorage.py
[2024-11-06T11:03:25.631-1100] {processor.py:914} INFO - Processing file /home/ouaillaamiri/Development/lsi_3/airflow/venv/lib/python3.11/site-packages/airflow/example_dags/tutorial_objectstorage.py for tasks to queue
[2024-11-06T11:03:25.636-1100] {logging_mixin.py:190} INFO - [2024-11-06T11:03:25.636-1100] {dagbag.py:588} INFO - Filling up the DagBag from /home/ouaillaamiri/Development/lsi_3/airflow/venv/lib/python3.11/site-packages/airflow/example_dags/tutorial_objectstorage.py
[2024-11-06T11:03:25.654-1100] {processor.py:925} INFO - DAG(s) 'tutorial_objectstorage' retrieved from /home/ouaillaamiri/Development/lsi_3/airflow/venv/lib/python3.11/site-packages/airflow/example_dags/tutorial_objectstorage.py
[2024-11-06T11:03:25.720-1100] {logging_mixin.py:190} INFO - [2024-11-06T11:03:25.719-1100] {dag.py:3239} INFO - Sync 1 DAGs
[2024-11-06T11:03:25.757-1100] {logging_mixin.py:190} INFO - [2024-11-06T11:03:25.757-1100] {dag.py:4180} INFO - Setting next_dagrun for tutorial_objectstorage to None, run_after=None
[2024-11-06T11:03:25.814-1100] {processor.py:208} INFO - Processing /home/ouaillaamiri/Development/lsi_3/airflow/venv/lib/python3.11/site-packages/airflow/example_dags/tutorial_objectstorage.py took 0.207 seconds
[2024-11-06T11:03:56.094-1100] {processor.py:186} INFO - Started process (PID=232145) to work on /home/ouaillaamiri/Development/lsi_3/airflow/venv/lib/python3.11/site-packages/airflow/example_dags/tutorial_objectstorage.py
[2024-11-06T11:03:56.098-1100] {processor.py:914} INFO - Processing file /home/ouaillaamiri/Development/lsi_3/airflow/venv/lib/python3.11/site-packages/airflow/example_dags/tutorial_objectstorage.py for tasks to queue
[2024-11-06T11:03:56.103-1100] {logging_mixin.py:190} INFO - [2024-11-06T11:03:56.102-1100] {dagbag.py:588} INFO - Filling up the DagBag from /home/ouaillaamiri/Development/lsi_3/airflow/venv/lib/python3.11/site-packages/airflow/example_dags/tutorial_objectstorage.py
[2024-11-06T11:03:56.123-1100] {processor.py:925} INFO - DAG(s) 'tutorial_objectstorage' retrieved from /home/ouaillaamiri/Development/lsi_3/airflow/venv/lib/python3.11/site-packages/airflow/example_dags/tutorial_objectstorage.py
[2024-11-06T11:03:56.178-1100] {logging_mixin.py:190} INFO - [2024-11-06T11:03:56.177-1100] {dag.py:3239} INFO - Sync 1 DAGs
[2024-11-06T11:03:56.205-1100] {logging_mixin.py:190} INFO - [2024-11-06T11:03:56.205-1100] {dag.py:4180} INFO - Setting next_dagrun for tutorial_objectstorage to None, run_after=None
[2024-11-06T11:03:56.249-1100] {processor.py:208} INFO - Processing /home/ouaillaamiri/Development/lsi_3/airflow/venv/lib/python3.11/site-packages/airflow/example_dags/tutorial_objectstorage.py took 0.170 seconds
[2024-11-06T11:04:26.692-1100] {processor.py:186} INFO - Started process (PID=232514) to work on /home/ouaillaamiri/Development/lsi_3/airflow/venv/lib/python3.11/site-packages/airflow/example_dags/tutorial_objectstorage.py
[2024-11-06T11:04:26.695-1100] {processor.py:914} INFO - Processing file /home/ouaillaamiri/Development/lsi_3/airflow/venv/lib/python3.11/site-packages/airflow/example_dags/tutorial_objectstorage.py for tasks to queue
[2024-11-06T11:04:26.700-1100] {logging_mixin.py:190} INFO - [2024-11-06T11:04:26.699-1100] {dagbag.py:588} INFO - Filling up the DagBag from /home/ouaillaamiri/Development/lsi_3/airflow/venv/lib/python3.11/site-packages/airflow/example_dags/tutorial_objectstorage.py
[2024-11-06T11:04:26.719-1100] {processor.py:925} INFO - DAG(s) 'tutorial_objectstorage' retrieved from /home/ouaillaamiri/Development/lsi_3/airflow/venv/lib/python3.11/site-packages/airflow/example_dags/tutorial_objectstorage.py
[2024-11-06T11:04:26.776-1100] {logging_mixin.py:190} INFO - [2024-11-06T11:04:26.775-1100] {dag.py:3239} INFO - Sync 1 DAGs
[2024-11-06T11:04:26.801-1100] {logging_mixin.py:190} INFO - [2024-11-06T11:04:26.801-1100] {dag.py:4180} INFO - Setting next_dagrun for tutorial_objectstorage to None, run_after=None
[2024-11-06T11:04:26.838-1100] {processor.py:208} INFO - Processing /home/ouaillaamiri/Development/lsi_3/airflow/venv/lib/python3.11/site-packages/airflow/example_dags/tutorial_objectstorage.py took 0.159 seconds
