[2024-11-07T02:24:19.333-1100] {local_task_job_runner.py:123} INFO - ::group::Pre task execution logs
[2024-11-07T02:24:19.393-1100] {taskinstance.py:2613} INFO - Dependencies all met for dep_context=non-requeueable deps ti=<TaskInstance: load_data_to_couchbase.load_csv_data manual__2024-11-07T13:19:09.943519+00:00 [queued]>
[2024-11-07T02:24:19.415-1100] {taskinstance.py:2613} INFO - Dependencies all met for dep_context=requeueable deps ti=<TaskInstance: load_data_to_couchbase.load_csv_data manual__2024-11-07T13:19:09.943519+00:00 [queued]>
[2024-11-07T02:24:19.416-1100] {taskinstance.py:2866} INFO - Starting attempt 2 of 2
[2024-11-07T02:24:19.449-1100] {taskinstance.py:2889} INFO - Executing <Task(PythonOperator): load_csv_data> on 2024-11-07 13:19:09.943519+00:00
[2024-11-07T02:24:19.470-1100] {standard_task_runner.py:72} INFO - Started process 51361 to run task
[2024-11-07T02:24:19.479-1100] {standard_task_runner.py:104} INFO - Running: ['***', 'tasks', 'run', 'load_data_to_couchbase', 'load_csv_data', 'manual__2024-11-07T13:19:09.943519+00:00', '--job-id', '11', '--raw', '--subdir', 'DAGS_FOLDER/data_ingestion_dag.py', '--cfg-path', '/tmp/tmpz8yrls1z']
[2024-11-07T02:24:19.482-1100] {standard_task_runner.py:105} INFO - Job 11: Subtask load_csv_data
[2024-11-07T02:24:19.537-1100] {standard_task_runner.py:124} ERROR - Failed to execute job 11 for task load_csv_data (invalid interpolation syntax in '[%(asctime)s] {%(filename)s:%(lineno)d} %(levelname)s - %(message)s' at position 5; 51361)
Traceback (most recent call last):
  File "/home/ouaillaamiri/Development/lsi_3/airflow/venv/lib/python3.11/site-packages/airflow/task/task_runner/standard_task_runner.py", line 117, in _start_by_fork
    ret = args.func(args, dag=self.dag)
          ^^^^^^^^^^^^^^^^^^^^^^^^^^^^^
  File "/home/ouaillaamiri/Development/lsi_3/airflow/venv/lib/python3.11/site-packages/airflow/cli/cli_config.py", line 49, in command
    return func(*args, **kwargs)
           ^^^^^^^^^^^^^^^^^^^^^
  File "/home/ouaillaamiri/Development/lsi_3/airflow/venv/lib/python3.11/site-packages/airflow/utils/cli.py", line 116, in wrapper
    return f(*args, **kwargs)
           ^^^^^^^^^^^^^^^^^^
  File "/home/ouaillaamiri/Development/lsi_3/airflow/venv/lib/python3.11/site-packages/airflow/cli/commands/task_command.py", line 447, in task_run
    conf.read_dict(conf_dict, source=args.cfg_path)
  File "/home/ouaillaamiri/Development/lsi_3/airflow/venv/lib/python3.11/site-packages/airflow/configuration.py", line 1317, in read_dict
    super().read_dict(dictionary=dictionary, source=source)
  File "/usr/lib/python3.11/configparser.py", line 770, in read_dict
    self.set(section, key, value)
  File "/home/ouaillaamiri/Development/lsi_3/airflow/venv/lib/python3.11/site-packages/airflow/configuration.py", line 1346, in set
    super().set(section, option, value)
  File "/usr/lib/python3.11/configparser.py", line 1220, in set
    super().set(section, option, value)
  File "/usr/lib/python3.11/configparser.py", line 910, in set
    value = self._interpolation.before_set(self, section, option,
            ^^^^^^^^^^^^^^^^^^^^^^^^^^^^^^^^^^^^^^^^^^^^^^^^^^^^^
  File "/usr/lib/python3.11/configparser.py", line 403, in before_set
    raise ValueError("invalid interpolation syntax in %r at "
ValueError: invalid interpolation syntax in '[%(asctime)s] {%(filename)s:%(lineno)d} %(levelname)s - %(message)s' at position 5
[2024-11-07T02:24:19.573-1100] {local_task_job_runner.py:266} INFO - Task exited with return code 1
[2024-11-07T02:24:19.650-1100] {taskinstance.py:3895} INFO - 0 downstream tasks scheduled from follow-on schedule check
[2024-11-07T02:24:19.653-1100] {local_task_job_runner.py:245} INFO - ::endgroup::
