[2024-11-07T08:59:29.942-1100] {local_task_job_runner.py:123} INFO - ::group::Pre task execution logs
[2024-11-07T08:59:29.960-1100] {taskinstance.py:2613} INFO - Dependencies all met for dep_context=non-requeueable deps ti=<TaskInstance: extract_transform_clean_data.remove_duplicates manual__2024-11-07T19:58:08.280382+00:00 [queued]>
[2024-11-07T08:59:29.973-1100] {taskinstance.py:2613} INFO - Dependencies all met for dep_context=requeueable deps ti=<TaskInstance: extract_transform_clean_data.remove_duplicates manual__2024-11-07T19:58:08.280382+00:00 [queued]>
[2024-11-07T08:59:29.974-1100] {taskinstance.py:2866} INFO - Starting attempt 1 of 2
[2024-11-07T08:59:29.996-1100] {taskinstance.py:2889} INFO - Executing <Task(PythonOperator): remove_duplicates> on 2024-11-07 19:58:08.280382+00:00
[2024-11-07T08:59:30.009-1100] {standard_task_runner.py:72} INFO - Started process 318134 to run task
[2024-11-07T08:59:30.016-1100] {standard_task_runner.py:104} INFO - Running: ['airflow', 'tasks', 'run', 'extract_transform_clean_data', 'remove_duplicates', 'manual__2024-11-07T19:58:08.280382+00:00', '--job-id', '14', '--raw', '--subdir', 'DAGS_FOLDER/extract_transform_clean_data.py', '--cfg-path', '/tmp/tmpbs5yx8ko']
[2024-11-07T08:59:30.017-1100] {standard_task_runner.py:105} INFO - Job 14: Subtask remove_duplicates
[2024-11-07T08:59:30.072-1100] {task_command.py:467} INFO - Running <TaskInstance: extract_transform_clean_data.remove_duplicates manual__2024-11-07T19:58:08.280382+00:00 [running]> on host debian
[2024-11-07T08:59:31.522-1100] {taskinstance.py:3132} INFO - Exporting env vars: AIRFLOW_CTX_DAG_OWNER='airflow' AIRFLOW_CTX_DAG_ID='extract_transform_clean_data' AIRFLOW_CTX_TASK_ID='remove_duplicates' AIRFLOW_CTX_EXECUTION_DATE='2024-11-07T19:58:08.280382+00:00' AIRFLOW_CTX_TRY_NUMBER='1' AIRFLOW_CTX_DAG_RUN_ID='manual__2024-11-07T19:58:08.280382+00:00'
[2024-11-07T08:59:31.523-1100] {logging_mixin.py:190} INFO - Task instance is in running state
[2024-11-07T08:59:31.524-1100] {logging_mixin.py:190} INFO -  Previous state of the Task instance: queued
[2024-11-07T08:59:31.524-1100] {logging_mixin.py:190} INFO - Current task name:remove_duplicates state:running start_date:2024-11-07 19:59:29.961442+00:00
[2024-11-07T08:59:31.524-1100] {logging_mixin.py:190} INFO - Dag name:extract_transform_clean_data and current dag run status:running
[2024-11-07T08:59:31.525-1100] {taskinstance.py:731} INFO - ::endgroup::
[2024-11-07T08:59:31.526-1100] {taskinstance.py:3311} ERROR - Task failed with exception
Traceback (most recent call last):
  File "/home/ouaillaamiri/Development/lsi_3/airflow/venv/lib/python3.11/site-packages/airflow/models/taskinstance.py", line 767, in _execute_task
    result = _execute_callable(context=context, **execute_callable_kwargs)
             ^^^^^^^^^^^^^^^^^^^^^^^^^^^^^^^^^^^^^^^^^^^^^^^^^^^^^^^^^^^^^
  File "/home/ouaillaamiri/Development/lsi_3/airflow/venv/lib/python3.11/site-packages/airflow/models/taskinstance.py", line 733, in _execute_callable
    return ExecutionCallableRunner(
           ^^^^^^^^^^^^^^^^^^^^^^^^
  File "/home/ouaillaamiri/Development/lsi_3/airflow/venv/lib/python3.11/site-packages/airflow/utils/operator_helpers.py", line 252, in run
    return self.func(*args, **kwargs)
           ^^^^^^^^^^^^^^^^^^^^^^^^^^
  File "/home/ouaillaamiri/Development/lsi_3/airflow/venv/lib/python3.11/site-packages/airflow/models/baseoperator.py", line 417, in wrapper
    return func(self, *args, **kwargs)
           ^^^^^^^^^^^^^^^^^^^^^^^^^^^
  File "/home/ouaillaamiri/Development/lsi_3/airflow/venv/lib/python3.11/site-packages/airflow/operators/python.py", line 238, in execute
    return_value = self.execute_callable()
                   ^^^^^^^^^^^^^^^^^^^^^^^
  File "/home/ouaillaamiri/Development/lsi_3/airflow/venv/lib/python3.11/site-packages/airflow/operators/python.py", line 256, in execute_callable
    return runner.run(*self.op_args, **self.op_kwargs)
           ^^^^^^^^^^^^^^^^^^^^^^^^^^^^^^^^^^^^^^^^^^^
  File "/home/ouaillaamiri/Development/lsi_3/airflow/venv/lib/python3.11/site-packages/airflow/utils/operator_helpers.py", line 252, in run
    return self.func(*args, **kwargs)
           ^^^^^^^^^^^^^^^^^^^^^^^^^^
  File "/home/ouaillaamiri/Development/lsi_3/airflow/airflow/dags/extract_transform_clean_data.py", line 77, in remove_duplicates
    df = df.drop_duplicates()  # Remove duplicate rows
         ^^^^^^^^^^^^^^^^^^
AttributeError: 'str' object has no attribute 'drop_duplicates'
[2024-11-07T08:59:31.536-1100] {logging_mixin.py:190} INFO - Task instance in failure state
[2024-11-07T08:59:31.536-1100] {logging_mixin.py:190} INFO - Task start:2024-11-07 19:59:29.961442+00:00 end:2024-11-07 19:59:31.535558+00:00 duration:1.574116
[2024-11-07T08:59:31.537-1100] {logging_mixin.py:190} INFO - Task:<Task(PythonOperator): remove_duplicates> dag:<DAG: extract_transform_clean_data> dagrun:<DagRun extract_transform_clean_data @ 2024-11-07 19:58:08.280382+00:00: manual__2024-11-07T19:58:08.280382+00:00, state:running, queued_at: 2024-11-07 19:58:08.328052+00:00. externally triggered: True>
[2024-11-07T08:59:31.537-1100] {logging_mixin.py:190} INFO - Failure caused by 'str' object has no attribute 'drop_duplicates'
[2024-11-07T08:59:31.537-1100] {taskinstance.py:1225} INFO - Marking task as UP_FOR_RETRY. dag_id=extract_transform_clean_data, task_id=remove_duplicates, run_id=manual__2024-11-07T19:58:08.280382+00:00, execution_date=20241107T195808, start_date=20241107T195929, end_date=20241107T195931
[2024-11-07T08:59:31.557-1100] {taskinstance.py:340} INFO - ::group::Post task execution logs
[2024-11-07T08:59:31.558-1100] {standard_task_runner.py:124} ERROR - Failed to execute job 14 for task remove_duplicates ('str' object has no attribute 'drop_duplicates'; 318134)
Traceback (most recent call last):
  File "/home/ouaillaamiri/Development/lsi_3/airflow/venv/lib/python3.11/site-packages/airflow/task/task_runner/standard_task_runner.py", line 117, in _start_by_fork
    ret = args.func(args, dag=self.dag)
          ^^^^^^^^^^^^^^^^^^^^^^^^^^^^^
  File "/home/ouaillaamiri/Development/lsi_3/airflow/venv/lib/python3.11/site-packages/airflow/cli/cli_config.py", line 49, in command
    return func(*args, **kwargs)
           ^^^^^^^^^^^^^^^^^^^^^
  File "/home/ouaillaamiri/Development/lsi_3/airflow/venv/lib/python3.11/site-packages/airflow/utils/cli.py", line 116, in wrapper
    return f(*args, **kwargs)
           ^^^^^^^^^^^^^^^^^^
  File "/home/ouaillaamiri/Development/lsi_3/airflow/venv/lib/python3.11/site-packages/airflow/cli/commands/task_command.py", line 483, in task_run
    task_return_code = _run_task_by_selected_method(args, _dag, ti)
                       ^^^^^^^^^^^^^^^^^^^^^^^^^^^^^^^^^^^^^^^^^^^^
  File "/home/ouaillaamiri/Development/lsi_3/airflow/venv/lib/python3.11/site-packages/airflow/cli/commands/task_command.py", line 256, in _run_task_by_selected_method
    return _run_raw_task(args, ti)
           ^^^^^^^^^^^^^^^^^^^^^^^
  File "/home/ouaillaamiri/Development/lsi_3/airflow/venv/lib/python3.11/site-packages/airflow/cli/commands/task_command.py", line 341, in _run_raw_task
    return ti._run_raw_task(
           ^^^^^^^^^^^^^^^^^
  File "/home/ouaillaamiri/Development/lsi_3/airflow/venv/lib/python3.11/site-packages/airflow/utils/session.py", line 97, in wrapper
    return func(*args, session=session, **kwargs)
           ^^^^^^^^^^^^^^^^^^^^^^^^^^^^^^^^^^^^^^
  File "/home/ouaillaamiri/Development/lsi_3/airflow/venv/lib/python3.11/site-packages/airflow/models/taskinstance.py", line 3005, in _run_raw_task
    return _run_raw_task(
           ^^^^^^^^^^^^^^
  File "/home/ouaillaamiri/Development/lsi_3/airflow/venv/lib/python3.11/site-packages/airflow/models/taskinstance.py", line 273, in _run_raw_task
    TaskInstance._execute_task_with_callbacks(
  File "/home/ouaillaamiri/Development/lsi_3/airflow/venv/lib/python3.11/site-packages/airflow/models/taskinstance.py", line 3159, in _execute_task_with_callbacks
    result = self._execute_task(context, task_orig)
             ^^^^^^^^^^^^^^^^^^^^^^^^^^^^^^^^^^^^^^
  File "/home/ouaillaamiri/Development/lsi_3/airflow/venv/lib/python3.11/site-packages/airflow/models/taskinstance.py", line 3183, in _execute_task
    return _execute_task(self, context, task_orig)
           ^^^^^^^^^^^^^^^^^^^^^^^^^^^^^^^^^^^^^^^
  File "/home/ouaillaamiri/Development/lsi_3/airflow/venv/lib/python3.11/site-packages/airflow/models/taskinstance.py", line 767, in _execute_task
    result = _execute_callable(context=context, **execute_callable_kwargs)
             ^^^^^^^^^^^^^^^^^^^^^^^^^^^^^^^^^^^^^^^^^^^^^^^^^^^^^^^^^^^^^
  File "/home/ouaillaamiri/Development/lsi_3/airflow/venv/lib/python3.11/site-packages/airflow/models/taskinstance.py", line 733, in _execute_callable
    return ExecutionCallableRunner(
           ^^^^^^^^^^^^^^^^^^^^^^^^
  File "/home/ouaillaamiri/Development/lsi_3/airflow/venv/lib/python3.11/site-packages/airflow/utils/operator_helpers.py", line 252, in run
    return self.func(*args, **kwargs)
           ^^^^^^^^^^^^^^^^^^^^^^^^^^
  File "/home/ouaillaamiri/Development/lsi_3/airflow/venv/lib/python3.11/site-packages/airflow/models/baseoperator.py", line 417, in wrapper
    return func(self, *args, **kwargs)
           ^^^^^^^^^^^^^^^^^^^^^^^^^^^
  File "/home/ouaillaamiri/Development/lsi_3/airflow/venv/lib/python3.11/site-packages/airflow/operators/python.py", line 238, in execute
    return_value = self.execute_callable()
                   ^^^^^^^^^^^^^^^^^^^^^^^
  File "/home/ouaillaamiri/Development/lsi_3/airflow/venv/lib/python3.11/site-packages/airflow/operators/python.py", line 256, in execute_callable
    return runner.run(*self.op_args, **self.op_kwargs)
           ^^^^^^^^^^^^^^^^^^^^^^^^^^^^^^^^^^^^^^^^^^^
  File "/home/ouaillaamiri/Development/lsi_3/airflow/venv/lib/python3.11/site-packages/airflow/utils/operator_helpers.py", line 252, in run
    return self.func(*args, **kwargs)
           ^^^^^^^^^^^^^^^^^^^^^^^^^^
  File "/home/ouaillaamiri/Development/lsi_3/airflow/airflow/dags/extract_transform_clean_data.py", line 77, in remove_duplicates
    df = df.drop_duplicates()  # Remove duplicate rows
         ^^^^^^^^^^^^^^^^^^
AttributeError: 'str' object has no attribute 'drop_duplicates'
[2024-11-07T08:59:31.635-1100] {local_task_job_runner.py:266} INFO - Task exited with return code 1
[2024-11-07T08:59:31.661-1100] {taskinstance.py:3895} INFO - 0 downstream tasks scheduled from follow-on schedule check
[2024-11-07T08:59:31.662-1100] {local_task_job_runner.py:245} INFO - ::endgroup::
